0	1	11	1.459921
0	1	2	1.429478
0	1	8	1.415648
0	1	7	1.348584
0	1	9	1.328541
0	1	1	1.308137
0	1	5	1.305755
0	1	0	1.275711
0	1	19	1.250363
0	1	6	1.232560
0	1	14	1.218936
0	1	3	1.199155
0	1	15	1.199012
0	1	18	1.196571
0	1	12	1.187731
0	1	4	0.947231
0	1	13	0.679314
0	1	10	0.544573
0	1	17	0.479006
0	1	16	0.027581
0	2	2	1.649963
0	2	9	1.630182
0	2	5	1.564116
0	2	15	1.477333
0	2	3	1.465998
0	2	1	1.435675
0	2	0	1.424161
0	2	14	1.384737
0	2	8	1.316265
0	2	12	1.241738
0	2	18	1.208853
0	2	11	1.136983
0	2	4	1.117294
0	2	6	0.818693
0	2	10	0.417328
0	2	13	0.264083
0	2	19	0.182178
0	2	7	0.149528
0	2	17	0.031275
0	2	16	0.007676
0	3	0	1.797419
0	3	12	1.740194
0	3	11	1.719377
0	3	5	1.678762
0	3	15	1.670047
0	3	2	1.667153
0	3	9	1.663660
0	3	4	1.580083
0	3	1	1.571763
0	3	19	1.565740
0	3	8	1.558073
0	3	7	1.551810
0	3	17	1.528789
0	3	6	1.524813
0	3	3	1.415388
0	3	10	1.398422
0	3	14	1.380418
0	3	18	1.093444
0	3	16	0.895459
0	3	13	0.573533
0	14	45	1.493325
0	14	27	1.429690
0	14	28	1.398171
0	14	3	1.354685
0	14	43	1.351238
0	14	26	1.266218
0	14	58	1.234998
0	14	32	1.227539
0	14	31	1.227362
0	14	36	1.223829
0	14	14	1.160010
0	14	56	1.123748
0	14	22	1.101740
0	14	72	1.086186
0	14	63	1.041375
0	14	57	0.981966
0	14	54	0.942444
0	14	52	0.934647
0	14	8	0.911493
0	14	66	0.909512
0	14	85	0.869550
0	14	47	0.798191
0	14	48	0.796982
0	14	61	0.776157
0	14	51	0.754667
0	14	18	0.570441
0	14	30	0.560762
0	14	46	0.531001
0	14	74	0.443251
0	14	79	0.432604
0	14	50	0.408783
0	14	21	0.380778
0	14	29	0.379382
0	14	40	0.361028
0	14	37	0.340928
0	14	20	0.323697
0	14	77	0.302963
0	14	70	0.299441
0	14	41	0.288243
0	14	38	0.286389
0	14	78	0.266776
0	14	44	0.266219
0	14	76	0.255365
0	14	42	0.252912
0	14	33	0.252377
0	14	25	0.238152
0	14	49	0.232262
0	14	55	0.226428
0	14	73	0.221758
0	14	24	0.204754
0	14	53	0.197958
0	14	75	0.196971
0	14	35	0.190460
0	14	65	0.187417
0	14	16	0.185015
0	14	62	0.181669
0	14	11	0.170355
0	14	71	0.160956
0	14	34	0.159945
0	14	69	0.151979
0	14	64	0.136010
0	14	23	0.104194
0	14	39	0.097390
0	15	62	1.313190
0	15	14	1.306843
0	15	58	1.297645
0	15	8	1.293071
0	15	32	1.277324
0	15	36	1.259383
0	15	3	1.256656
0	15	28	1.250608
0	15	43	1.247346
0	15	22	1.245462
0	15	45	1.222959
0	15	50	1.196319
0	15	56	1.160801
0	15	52	1.160388
0	15	72	1.151521
0	15	31	1.150844
0	15	51	1.142810
0	15	63	1.130157
0	15	61	1.126348
0	15	26	1.094296
0	15	74	1.061851
0	15	64	1.004697
0	15	48	0.995556
0	15	57	0.982238
0	15	46	0.903528
0	15	18	0.901904
0	15	27	0.895719
0	15	16	0.878195
0	15	54	0.800235
0	15	37	0.787363
0	15	42	0.764479
0	15	47	0.742654
0	15	79	0.560986
0	15	30	0.527094
0	15	75	0.480357
0	15	66	0.452250
0	15	20	0.425032
0	15	85	0.379792
0	15	25	0.350314
0	15	29	0.333629
0	15	21	0.261712
0	15	11	0.245994
0	15	40	0.193062
0	15	23	0.190283
0	15	35	0.171681
0	15	38	0.125846
0	15	33	0.111171
0	15	77	0.105626
0	15	41	0.094295
0	15	49	0.091700
0	15	73	0.081890
0	15	70	0.077991
0	15	34	0.077611
0	15	71	0.063395
0	15	65	0.062553
0	15	53	0.053769
0	15	69	0.050509
0	15	44	0.047392
0	15	78	0.042873
0	15	76	0.042769
0	15	24	0.008790
0	15	55	-0.029343
0	15	39	-0.055360
0	16	56	1.777328
0	16	32	1.725798
0	16	58	1.654949
0	16	52	1.651790
0	16	26	1.579455
0	16	43	1.532607
0	16	54	1.519591
0	16	3	1.510111
0	16	28	1.487527
0	16	63	1.461908
0	16	51	1.300969
0	16	72	1.267640
0	16	45	1.257520
0	16	22	1.255966
0	16	62	1.207224
0	16	36	1.183654
0	16	48	1.067162
0	16	31	0.995892
0	16	21	0.981345
0	16	27	0.945780
0	16	30	0.849808
0	16	79	0.847915
0	16	61	0.829931
0	16	47	0.723123
0	16	50	0.673684
0	16	25	0.671344
0	16	29	0.551265
0	16	20	0.515938
0	16	14	0.466108
0	16	57	0.385997
0	16	49	0.328385
0	16	8	0.327097
0	16	53	0.319546
0	16	18	0.315048
0	16	38	0.296786
0	16	77	0.278041
0	16	66	0.269585
0	16	78	0.267727
0	16	76	0.252740
0	16	44	0.237269
0	16	40	0.232438
0	16	65	0.231442
0	16	41	0.217804
0	16	70	0.208778
0	16	55	0.190098
0	16	39	0.176545
0	16	24	0.171072
0	16	73	0.170522
0	16	33	0.163949
0	16	71	0.158895
0	16	64	0.145795
0	16	85	0.128677
0	16	42	0.114039
0	16	75	0.113324
0	16	69	0.112889
0	16	11	0.110405
0	16	23	0.101250
0	16	46	0.094723
0	16	37	0.078197
0	16	16	0.072689
0	16	34	0.046418
0	16	74	-0.000787
0	16	35	-0.026906
0	19	3	1.415303
0	19	58	1.272679
0	19	32	1.270017
0	19	26	1.205795
0	19	45	1.188838
0	19	31	1.167996
0	19	43	1.154979
0	19	22	1.130154
0	19	28	1.087274
0	19	61	1.076227
0	19	29	1.075019
0	19	36	1.043216
0	19	56	1.031572
0	19	46	1.024947
0	19	57	1.016435
0	19	40	0.975303
0	19	27	0.968364
0	19	72	0.955279
0	19	63	0.940036
0	19	52	0.910434
0	19	85	0.894333
0	19	25	0.883448
0	19	14	0.874811
0	19	18	0.833593
0	19	48	0.816869
0	19	38	0.805138
0	19	51	0.799501
0	19	47	0.774715
0	19	8	0.764179
0	19	42	0.753742
0	19	20	0.714029
0	19	66	0.695571
0	19	65	0.623240
0	19	54	0.620200
0	19	37	0.619043
0	19	30	0.588824
0	19	62	0.484795
0	19	50	0.341103
0	19	21	0.305134
0	19	77	0.301292
0	19	33	0.299592
0	19	79	0.290724
0	19	44	0.266574
0	19	41	0.261421
0	19	73	0.256585
0	19	76	0.246427
0	19	55	0.233199
0	19	70	0.227856
0	19	78	0.219162
0	19	49	0.200024
0	19	24	0.187917
0	19	69	0.183202
0	19	53	0.180420
0	19	34	0.177802
0	19	11	0.174341
0	19	71	0.168862
0	19	35	0.166152
0	19	16	0.165446
0	19	39	0.160649
0	19	64	0.151448
0	19	74	0.145424
0	19	23	0.144274
0	19	75	0.137110
0	22	52	1.728329
0	22	32	1.727702
0	22	53	1.662776
0	22	26	1.643479
0	22	58	1.626525
0	22	50	1.570189
0	22	43	1.559770
0	22	56	1.531371
0	22	54	1.512900
0	22	42	1.493448
0	22	22	1.487592
0	22	46	1.470087
0	22	28	1.456926
0	22	62	1.352063
0	22	36	1.332938
0	22	14	1.322683
0	22	37	1.269772
0	22	3	1.258414
0	22	61	1.190107
0	22	63	1.178120
0	22	51	1.096791
0	22	8	1.078111
0	22	45	1.075561
0	22	79	1.028948
0	22	30	0.968462
0	22	20	0.961045
0	22	47	0.932568
0	22	48	0.900312
0	22	18	0.853617
0	22	34	0.828654
0	22	29	0.729186
0	22	16	0.629429
0	22	72	0.609214
0	22	74	0.592331
0	22	66	0.572067
0	22	25	0.523512
0	22	23	0.473394
0	22	64	0.471671
0	22	31	0.421065
0	22	49	0.351929
0	22	21	0.296025
0	22	57	0.266760
0	22	27	0.229153
0	22	85	0.198966
0	22	38	0.150792
0	22	40	0.139575
0	22	41	0.137442
0	22	77	0.116808
0	22	33	0.116393
0	22	73	0.072436
0	22	11	0.071197
0	22	24	0.060492
0	22	69	0.059221
0	22	65	0.058412
0	22	44	0.057413
0	22	35	0.046779
0	22	71	0.024928
0	22	55	0.000450
0	22	70	-0.014358
0	22	76	-0.021655
0	22	78	-0.036563
0	22	75	-0.072424
0	22	39	-0.073148
0	43	99	1.712597
0	43	90	1.601969
0	43	92	1.540025
0	43	94	1.516737
0	43	89	1.510176
0	43	15	1.497913
0	43	61	1.497602
0	43	105	1.474291
0	43	8	1.366669
0	43	3	1.365267
0	43	14	1.279091
0	43	58	1.203874
0	43	26	1.174111
0	43	103	1.145198
0	43	88	1.137838
0	43	98	1.130996
0	43	95	1.124040
0	43	18	1.118475
0	43	52	1.040039
0	43	86	1.005456
0	43	63	0.988748
0	43	96	0.860696
0	43	87	0.726953
0	43	85	0.720813
0	43	107	0.636456
0	43	91	0.426047
0	43	97	0.204627
0	43	93	0.192918
0	43	110	0.117451
0	43	69	0.114558
0	43	100	0.111557
0	43	106	0.038694
0	43	13	0.038588
0	43	11	0.020898
0	43	109	-0.010988
0	43	17	-0.101672
0	43	108	-0.176755
0	44	90	1.600018
0	44	95	1.527615
0	44	99	1.500624
0	44	89	1.451915
0	44	15	1.430576
0	44	52	1.426161
0	44	3	1.375782
0	44	58	1.349595
0	44	88	1.211996
0	44	14	1.195262
0	44	63	1.177881
0	44	97	1.160070
0	44	96	1.154147
0	44	107	1.125078
0	44	8	1.106919
0	44	26	1.067054
0	44	92	1.033892
0	44	93	0.983021
0	44	86	0.941541
0	44	61	0.895527
0	44	18	0.879937
0	44	98	0.754193
0	44	17	0.582169
0	44	85	0.561174
0	44	103	0.559833
0	44	94	0.413512
0	44	105	0.350551
0	44	11	0.342284
0	44	91	0.255979
0	44	87	0.132131
0	44	106	0.057192
0	44	100	0.049289
0	44	109	0.021900
0	44	69	0.009369
0	44	110	-0.023237
0	44	13	-0.028127
0	44	108	-0.052821
0	54	8	1.301734
0	54	3	1.260333
0	54	16	1.202338
0	54	14	1.153249
0	54	18	0.793038
0	54	11	0.790185
0	54	111	0.298064
0	54	7	0.207814
0	54	17	0.117294
0	54	13	-0.000229
0	57	8	1.525377
0	57	3	1.474394
0	57	18	1.184460
0	57	14	0.542380
0	57	13	0.351323
0	57	111	0.245021
0	57	16	0.166006
0	57	11	0.117786
0	57	7	0.111073
0	57	17	0.045303
0	58	3	1.170022
0	58	8	0.860962
0	58	18	0.798212
0	58	17	0.290615
0	58	13	0.282771
0	58	111	0.246534
0	58	7	0.224199
0	58	16	0.221653
0	58	14	0.171999
0	58	11	0.085249
0	73	158	1.771056
0	73	132	1.764170
0	73	159	1.676371
0	73	154	1.675406
0	73	8	1.674168
0	73	153	1.669662
0	73	170	1.651203
0	73	163	1.603743
0	73	150	1.588431
0	73	157	1.576152
0	73	152	1.547782
0	73	151	1.543742
0	73	161	1.531869
0	73	148	1.488024
0	73	160	1.441884
0	73	11	1.381045
0	73	149	1.364377
0	73	156	1.362228
0	73	168	1.334134
0	73	137	1.276015
0	73	169	1.262959
0	73	162	1.215117
0	73	3	1.051512
0	73	18	0.933953
0	73	145	0.657976
0	73	14	0.603206
0	73	147	0.431915
0	73	146	0.360013
0	73	155	0.230085
0	73	13	0.190434
0	73	16	0.181201
0	73	17	0.096863
0	74	157	1.850069
0	74	158	1.661502
0	74	150	1.632982
0	74	132	1.605337
0	74	170	1.546080
0	74	151	1.518101
0	74	159	1.465876
0	74	161	1.463099
0	74	154	1.428749
0	74	160	1.406901
0	74	8	1.356776
0	74	14	1.330393
0	74	152	1.318471
0	74	3	1.224740
0	74	153	1.212319
0	74	148	1.206981
0	74	163	1.155720
0	74	145	1.051571
0	74	168	0.999240
0	74	137	0.911862
0	74	18	0.862330
0	74	162	0.728813
0	74	169	0.468754
0	74	147	0.308580
0	74	156	0.206133
0	74	11	0.177460
0	74	155	0.171042
0	74	13	0.169794
0	74	146	0.157450
0	74	149	0.082569
0	74	16	0.071149
0	74	17	-0.067717
0	75	8	1.617419
0	75	137	1.555677
0	75	14	1.529827
0	75	3	1.478276
0	75	145	1.395904
0	75	160	1.377322
0	75	171	1.297858
0	75	165	1.268481
0	75	167	1.257175
0	75	164	1.248624
0	75	18	1.241997
0	75	147	1.230946
0	75	128	1.226316
0	75	11	1.165863
0	75	132	1.048588
0	75	166	0.634215
0	75	13	0.344208
0	75	16	0.251900
0	75	146	0.232126
0	75	17	-0.067021
0	77	147	1.650289
0	77	137	1.565899
0	77	8	1.532943
0	77	18	1.492546
0	77	171	1.485632
0	77	13	1.458551
0	77	14	1.454147
0	77	145	1.377241
0	77	3	1.343921
0	77	160	1.342468
0	77	132	1.337183
0	77	128	1.303863
0	77	165	1.280574
0	77	164	1.265513
0	77	166	1.246506
0	77	11	1.214688
0	77	167	0.973230
0	77	17	0.568021
0	77	146	0.266153
0	77	16	0.107555
0	94	99	1.787207
0	94	188	1.772480
0	94	116	1.753615
0	94	14	1.605894
0	94	205	1.568567
0	94	113	1.562162
0	94	189	1.561392
0	94	8	1.560977
0	94	200	1.530686
0	94	192	1.510838
0	94	15	1.498368
0	94	193	1.463532
0	94	190	1.447808
0	94	210	1.416617
0	94	3	1.414526
0	94	197	1.334861
0	94	194	1.282003
0	94	51	1.270581
0	94	201	1.198621
0	94	204	1.179144
0	94	126	1.086196
0	94	18	1.065578
0	94	202	0.536190
0	94	207	0.495916
0	94	209	0.385592
0	94	195	0.384337
0	94	122	0.382289
0	94	208	0.380250
0	94	198	0.371818
0	94	63	0.366782
0	94	212	0.304675
0	94	13	0.303821
0	94	206	0.284330
0	94	196	0.259551
0	94	199	0.245429
0	94	203	0.219793
0	94	187	0.199881
0	94	17	0.103029
0	94	191	0.084475
0	94	217	0.080826
0	94	16	0.046270
0	94	109	0.042870
0	95	217	1.850453
0	95	17	1.841071
0	95	198	1.688324
0	95	116	1.572135
0	95	208	1.526687
0	95	204	1.508688
0	95	99	1.506207
0	95	14	1.503812
0	95	187	1.487424
0	95	210	1.417319
0	95	203	1.414119
0	95	113	1.396352
0	95	13	1.393533
0	95	122	1.386120
0	95	8	1.386062
0	95	202	1.373889
0	95	190	1.337455
0	95	207	1.296370
0	95	15	1.281956
0	95	194	1.279002
0	95	201	1.267568
0	95	18	1.259470
0	95	3	1.257706
0	95	200	1.250335
0	95	109	1.209119
0	95	199	1.194017
0	95	192	1.159496
0	95	196	1.084437
0	95	16	1.059761
0	95	63	0.949219
0	95	191	0.822880
0	95	205	0.797822
0	95	197	0.787784
0	95	206	0.592423
0	95	188	0.579397
0	95	51	0.488330
0	95	189	0.421425
0	95	126	0.250842
0	95	212	0.224618
0	95	195	0.087857
0	95	193	0.081192
0	95	209	0.079570
0	96	99	1.841741
0	96	116	1.704510
0	96	15	1.679073
0	96	192	1.643540
0	96	188	1.599915
0	96	210	1.552016
0	96	3	1.550757
0	96	113	1.547611
0	96	190	1.450733
0	96	201	1.352125
0	96	193	1.340870
0	96	14	1.281569
0	96	200	1.278538
0	96	204	1.272183
0	96	18	1.252969
0	96	51	1.236168
0	96	8	1.227184
0	96	194	1.216273
0	96	199	1.203201
0	96	197	1.199240
0	96	202	1.199160
0	96	207	1.191168
0	96	205	1.190978
0	96	206	1.144985
0	96	63	1.085148
0	96	196	0.906542
0	96	198	0.661408
0	96	212	0.482114
0	96	203	0.429642
0	96	122	0.407863
0	96	208	0.406982
0	96	189	0.366712
0	96	195	0.349820
0	96	209	0.289872
0	96	187	0.168810
0	96	16	0.151895
0	96	126	0.140394
0	96	13	0.110825
0	96	109	0.061115
0	96	191	0.038259
0	96	17	0.003382
0	96	217	-0.007347
0	99	99	1.575603
0	99	211	1.494884
0	99	113	1.434777
0	99	15	1.379031
0	99	206	1.352870
0	99	193	1.330556
0	99	190	1.299012
0	99	3	1.283710
0	99	192	1.191653
0	99	203	0.946936
0	99	18	0.919567
0	99	212	0.908423
0	99	200	0.834391
0	99	51	0.820723
0	99	201	0.781167
0	99	8	0.771800
0	99	116	0.718998
0	99	202	0.693655
0	99	63	0.594757
0	99	207	0.581778
0	99	194	0.569945
0	99	196	0.539284
0	99	195	0.304869
0	99	209	0.251678
0	99	122	0.250138
0	99	217	0.237920
0	99	199	0.237276
0	99	14	0.234356
0	99	13	0.229423
0	99	109	0.219785
0	99	197	0.195646
0	99	189	0.190987
0	99	126	0.181983
0	99	188	0.168953
0	99	205	0.167206
0	99	191	0.133301
0	99	210	0.119455
0	99	204	0.119200
0	99	198	0.071756
0	99	16	-0.081615
0	100	99	1.468588
0	100	3	1.235158
0	100	190	1.051075
0	100	15	1.030569
0	100	113	0.902900
0	100	51	0.847050
0	100	18	0.636376
0	100	211	0.554586
0	100	194	0.531994
0	100	116	0.500861
0	100	200	0.365547
0	100	122	0.301689
0	100	206	0.285705
0	100	201	0.246526
0	100	188	0.239315
0	100	192	0.237882
0	100	8	0.215431
0	100	217	0.199239
0	100	191	0.199136
0	100	126	0.198491
0	100	63	0.188062
0	100	207	0.186253
0	100	209	0.181841
0	100	14	0.171597
0	100	13	0.168767
0	100	189	0.164253
0	100	210	0.163718
0	100	202	0.150973
0	100	195	0.147436
0	100	109	0.141028
0	100	203	0.136207
0	100	196	0.125471
0	100	212	0.114504
0	100	193	0.100800
0	100	198	0.099314
0	100	205	0.085754
0	100	199	0.084876
0	100	197	0.073284
0	100	16	0.068890
0	100	204	0.057196
0	123	201	1.756146
0	123	224	1.703997
0	123	3	1.619080
0	123	196	1.609676
0	123	243	1.608255
0	123	190	1.602826
0	123	8	1.598813
0	123	207	1.598726
0	123	239	1.598234
0	123	226	1.553691
0	123	245	1.537815
0	123	99	1.527346
0	123	235	1.501607
0	123	242	1.457772
0	123	240	1.446010
0	123	225	1.427586
0	123	227	1.420691
0	123	96	1.406305
0	123	233	1.349724
0	123	246	1.298573
0	123	241	1.297469
0	123	232	1.265619
0	123	228	1.265044
0	123	221	1.253429
0	123	237	1.237993
0	123	51	1.196878
0	123	116	1.179297
0	123	229	1.177303
0	123	18	1.099474
0	123	234	1.099314
0	123	230	1.081112
0	123	188	1.045871
0	123	199	1.025537
0	123	236	0.968295
0	123	244	0.955648
0	123	231	0.936684
0	123	222	0.936323
0	123	197	0.840719
0	123	14	0.789209
0	123	223	0.708860
0	123	198	0.333209
0	123	238	0.321704
0	123	187	0.247415
0	123	210	0.236781
0	123	16	0.223734
0	123	122	0.190087
0	123	11	0.189099
0	123	208	0.170630
0	123	217	0.133839
0	123	191	0.103925
0	123	247	0.030150
0	124	224	1.368321
0	124	8	1.326693
0	124	11	1.296872
0	124	207	1.167851
0	124	227	1.133416
0	124	210	1.119626
0	124	232	1.104124
0	124	236	1.076778
0	124	201	1.054187
0	124	3	1.040344
0	124	18	1.023889
0	124	235	0.987939
0	124	51	0.937518
0	124	240	0.914847
0	124	225	0.897153
0	124	221	0.869927
0	124	14	0.843633
0	124	233	0.789784
0	124	238	0.768847
0	124	208	0.691788
0	124	188	0.648401
0	124	245	0.639527
0	124	231	0.506118
0	124	242	0.504117
0	124	197	0.446356
0	124	228	0.394380
0	124	229	0.371382
0	124	99	0.349893
0	124	226	0.342484
0	124	191	0.334916
0	124	243	0.317729
0	124	237	0.308332
0	124	190	0.295503
0	124	199	0.281852
0	124	234	0.274572
0	124	116	0.269645
0	124	96	0.266418
0	124	244	0.259693
0	124	239	0.231705
0	124	241	0.228694
0	124	246	0.206289
0	124	222	0.204254
0	124	223	0.189878
0	124	187	0.177291
0	124	196	0.166945
0	124	217	0.146817
0	124	198	0.093400
0	124	16	0.089862
0	124	230	0.038530
0	124	247	0.036279
0	124	122	0.017867
0	125	224	1.623986
0	125	210	1.562562
0	125	207	1.517050
0	125	8	1.400998
0	125	3	1.297965
0	125	232	1.257838
0	125	190	1.257309
0	125	240	1.231565
0	125	236	1.221213
0	125	221	1.204062
0	125	201	1.175664
0	125	11	1.152272
0	125	227	1.137987
0	125	14	1.090008
0	125	245	1.079539
0	125	99	1.073287
0	125	18	1.043133
0	125	244	1.035544
0	125	239	1.031944
0	125	51	1.031680
0	125	226	1.029698
0	125	96	0.957284
0	125	233	0.957083
0	125	246	0.928684
0	125	196	0.894195
0	125	243	0.871828
0	125	230	0.859156
0	125	222	0.857649
0	125	228	0.773913
0	125	229	0.736955
0	125	242	0.656536
0	125	237	0.587931
0	125	234	0.568864
0	125	188	0.537225
0	125	198	0.506020
0	125	116	0.494338
0	125	241	0.339868
0	125	199	0.331747
0	125	231	0.299996
0	125	197	0.276837
0	125	122	0.222946
0	125	235	0.221502
0	125	187	0.206480
0	125	238	0.175095
0	125	16	0.158528
0	125	208	0.157088
0	125	223	0.118991
0	125	191	0.079721
0	125	217	0.043580
0	125	225	0.031441
0	125	247	0.023053
0	126	240	1.593797
0	126	226	1.580396
0	126	190	1.566520
0	126	227	1.545238
0	126	188	1.521447
0	126	99	1.518846
0	126	224	1.513269
0	126	207	1.511482
0	126	3	1.497616
0	126	246	1.496323
0	126	245	1.469674
0	126	222	1.449570
0	126	236	1.418518
0	126	239	1.398538
0	126	244	1.393326
0	126	229	1.392684
0	126	116	1.370691
0	126	196	1.348999
0	126	232	1.281673
0	126	14	1.230848
0	126	221	1.229215
0	126	18	1.223104
0	126	51	1.214669
0	126	235	1.196170
0	126	201	1.151099
0	126	96	1.064091
0	126	242	1.035483
0	126	238	1.033632
0	126	231	1.011647
0	126	8	1.005826
0	126	243	0.976377
0	126	225	0.950299
0	126	241	0.904107
0	126	233	0.757882
0	126	198	0.757649
0	126	223	0.750047
0	126	237	0.622201
0	126	11	0.536106
0	126	234	0.483137
0	126	199	0.321800
0	126	230	0.304480
0	126	210	0.301894
0	126	16	0.190384
0	126	122	0.164267
0	126	228	0.131958
0	126	197	0.104765
0	126	217	0.067710
0	126	208	0.067020
0	126	187	0.065920
0	126	191	0.000367
0	126	247	-0.015842
0	127	3	1.333775
0	127	232	1.322229
0	127	99	1.268919
0	127	224	1.238433
0	127	190	1.232643
0	127	242	1.221458
0	127	207	1.218633
0	127	16	1.196404
0	127	230	1.088640
0	127	237	1.007749
0	127	14	0.956179
0	127	238	0.954774
0	127	245	0.941998
0	127	231	0.928902
0	127	229	0.861909
0	127	18	0.857392
0	127	51	0.817006
0	127	8	0.810491
0	127	221	0.765224
0	127	240	0.758501
0	127	188	0.701576
0	127	236	0.699732
0	127	116	0.667042
0	127	210	0.610535
0	127	201	0.560159
0	127	243	0.541205
0	127	197	0.508467
0	127	241	0.471976
0	127	234	0.460513
0	127	244	0.408397
0	127	226	0.379812
0	127	227	0.378996
0	127	222	0.376264
0	127	187	0.325149
0	127	246	0.286813
0	127	199	0.256676
0	127	96	0.242808
0	127	223	0.234836
0	127	233	0.232228
0	127	239	0.229727
0	127	228	0.228675
0	127	247	0.227461
0	127	208	0.209285
0	127	196	0.206979
0	127	191	0.184864
0	127	122	0.170197
0	127	235	0.161926
0	127	217	0.147728
0	127	198	0.110220
0	127	11	0.095077
0	127	225	0.066874
0	144	3	1.355125
0	144	113	1.290165
0	144	14	1.200482
0	144	8	1.147450
0	144	251	1.125763
0	144	18	1.122267
0	144	201	1.102439
0	144	200	1.088348
0	144	199	0.995716
0	144	254	0.970162
0	144	258	0.916588
0	144	248	0.886108
0	144	17	0.777643
0	144	252	0.707249
0	144	253	0.545847
0	144	256	0.242868
0	144	257	0.200350
0	144	187	0.183618
0	144	63	0.171588
0	144	250	0.171011
0	144	255	0.160809
0	144	16	0.105893
0	144	110	0.089823
0	144	249	0.076783
0	144	13	0.063429
0	144	109	0.061756
0	144	191	0.053749
0	144	11	0.028492
0	144	208	0.001734
0	145	8	1.430816
0	145	3	1.292043
0	145	252	1.259625
0	145	251	1.222636
0	145	254	1.217788
0	145	113	1.159336
0	145	253	1.144106
0	145	201	1.128724
0	145	258	1.080100
0	145	18	1.062289
0	145	14	0.867644
0	145	200	0.686189
0	145	109	0.603953
0	145	63	0.479880
0	145	199	0.468616
0	145	255	0.376828
0	145	250	0.372458
0	145	11	0.306410
0	145	257	0.302611
0	145	13	0.292451
0	145	208	0.261510
0	145	249	0.244942
0	145	248	0.231611
0	145	187	0.197933
0	145	110	0.181465
0	145	17	0.181306
0	145	191	0.156891
0	145	256	0.139301
0	145	16	0.133897
0	146	3	1.379913
0	146	257	1.266680
0	146	201	1.218217
0	146	8	1.168082
0	146	251	1.011979
0	146	199	1.007015
0	146	258	0.973873
0	146	63	0.943298
0	146	18	0.932753
0	146	113	0.825217
0	146	11	0.823755
0	146	14	0.713594
0	146	256	0.575899
0	146	253	0.556489
0	146	200	0.492554
0	146	252	0.451155
0	146	250	0.408528
0	146	110	0.353781
0	146	187	0.322985
0	146	191	0.314203
0	146	13	0.285361
0	146	254	0.272556
0	146	249	0.263517
0	146	255	0.257741
0	146	248	0.250364
0	146	17	0.228839
0	146	208	0.228319
0	146	109	0.204252
0	146	16	0.177552
0	147	257	1.782642
0	147	253	1.647006
0	147	254	1.623538
0	147	113	1.557898
0	147	248	1.549827
0	147	3	1.530989
0	147	252	1.497813
0	147	63	1.492301
0	147	258	1.468702
0	147	8	1.459390
0	147	199	1.432158
0	147	200	1.415885
0	147	255	1.332474
0	147	14	1.258626
0	147	251	1.190797
0	147	201	1.160481
0	147	110	1.076516
0	147	18	1.051991
0	147	191	0.944250
0	147	256	0.739184
0	147	11	0.568364
0	147	208	0.522552
0	147	250	0.263766
0	147	109	0.237238
0	147	187	0.231655
0	147	13	0.186198
0	147	16	0.181486
0	147	249	0.141399
0	147	17	0.040581
0	148	257	1.450686
0	148	252	1.391855
0	148	113	1.354139
0	148	3	1.328683
0	148	8	1.282367
0	148	253	1.249759
0	148	199	1.248758
0	148	258	1.206729
0	148	200	1.124989
0	148	201	1.076080
0	148	63	0.969790
0	148	18	0.953133
0	148	254	0.819703
0	148	251	0.456900
0	148	14	0.374968
0	148	187	0.273905
0	148	250	0.243256
0	148	256	0.199712
0	148	11	0.187936
0	148	248	0.167353
0	148	208	0.150741
0	148	191	0.142443
0	148	13	0.129551
0	148	110	0.127653
0	148	255	0.083453
0	148	17	0.083341
0	148	249	0.081063
0	148	109	0.046499
0	148	16	0.036326
0	150	8	1.456093
0	150	201	1.302006
0	150	251	1.300748
0	150	3	1.223219
0	150	253	1.078599
0	150	258	1.077934
0	150	252	1.070143
0	150	257	0.945247
0	150	14	0.902246
0	150	18	0.827124
0	150	113	0.580297
0	150	200	0.544699
0	150	199	0.515840
0	150	63	0.474830
0	150	250	0.249418
0	150	110	0.227855
0	150	255	0.219802
0	150	187	0.216717
0	150	13	0.186948
0	150	16	0.154465
0	150	109	0.154136
0	150	11	0.150791
0	150	254	0.144335
0	150	191	0.140047
0	150	248	0.129391
0	150	249	0.116171
0	150	256	0.082191
0	150	208	0.058421
0	150	17	-0.030052
0	177	183	1.858666
0	177	116	1.738558
0	177	119	1.692472
0	177	264	1.671653
0	177	61	1.663138
0	177	244	1.629530
0	177	267	1.616179
0	177	112	1.606138
0	177	231	1.592675
0	177	3	1.565716
0	177	269	1.544009
0	177	8	1.519121
0	177	113	1.512633
0	177	30	1.489882
0	177	278	1.450125
0	177	280	1.430762
0	177	63	1.393455
0	177	115	1.330621
0	177	272	1.305969
0	177	271	1.296857
0	177	58	1.235423
0	177	51	1.153769
0	177	14	1.149099
0	177	270	1.123727
0	177	18	1.095279
0	177	277	1.029457
0	177	268	0.962355
0	177	263	0.581365
0	177	109	0.353720
0	177	255	0.316377
0	177	13	0.154213
0	177	265	0.105042
0	177	266	0.036890
0	177	11	-0.000814
0	177	16	-0.019950
0	177	17	-0.107657
0	178	183	1.636531
0	178	116	1.617429
0	178	244	1.495130
0	178	264	1.466557
0	178	119	1.435555
0	178	61	1.420131
0	178	3	1.409580
0	178	17	1.363837
0	178	112	1.354304
0	178	30	1.349435
0	178	113	1.334003
0	178	231	1.332877
0	178	8	1.198871
0	178	278	1.184852
0	178	267	1.155938
0	178	63	1.080169
0	178	18	1.063610
0	178	14	1.057521
0	178	115	1.044501
0	178	269	1.041493
0	178	271	0.985310
0	178	270	0.927657
0	178	51	0.921926
0	178	58	0.824255
0	178	263	0.754854
0	178	265	0.703083
0	178	280	0.588986
0	178	272	0.343956
0	178	109	0.272502
0	178	16	0.239605
0	178	268	0.239099
0	178	13	0.230475
0	178	277	0.228236
0	178	255	0.224465
0	178	11	0.222294
0	178	266	0.053447
0	179	3	1.584137
0	179	116	1.532674
0	179	61	1.500188
0	179	112	1.399337
0	179	8	1.372187
0	179	264	1.351820
0	179	244	1.329397
0	179	113	1.268613
0	179	183	1.247280
0	179	231	1.167648
0	179	30	1.145981
0	179	63	1.141631
0	179	267	1.102267
0	179	51	1.054632
0	179	18	0.906733
0	179	263	0.828981
0	179	269	0.819106
0	179	58	0.688013
0	179	255	0.687668
0	179	271	0.392439
0	179	280	0.378327
0	179	278	0.362339
0	179	119	0.358216
0	179	270	0.286951
0	179	14	0.270739
0	179	115	0.252489
0	179	277	0.251021
0	179	16	0.204032
0	179	265	0.198568
0	179	272	0.185767
0	179	11	0.142614
0	179	268	0.120090
0	179	266	0.115579
0	179	13	0.051949
0	179	109	0.003535
0	179	17	-0.067849
0	180	183	1.673537
0	180	264	1.617602
0	180	119	1.548341
0	180	268	1.512588
0	180	115	1.510764
0	180	244	1.485001
0	180	116	1.421745
0	180	263	1.399092
0	180	30	1.395800
0	180	277	1.285317
0	180	3	1.284037
0	180	269	1.277898
0	180	8	1.229596
0	180	231	1.176255
0	180	14	1.121382
0	180	61	1.077236
0	180	280	1.072827
0	180	255	1.067011
0	180	112	0.984710
0	180	272	0.749244
0	180	18	0.547491
0	180	270	0.542323
0	180	271	0.485067
0	180	267	0.466267
0	180	51	0.432540
0	180	278	0.399638
0	180	63	0.391163
0	180	11	0.354397
0	180	109	0.319359
0	180	113	0.252234
0	180	58	0.251083
0	180	17	0.210081
0	180	265	0.188385
0	180	16	0.181415
0	180	13	0.080360
0	180	266	0.077863
0	181	183	1.649543
0	181	116	1.475665
0	181	3	1.350576
0	181	61	1.345639
0	181	119	1.199996
0	181	264	1.196402
0	181	244	1.184134
0	181	112	1.104828
0	181	113	0.897686
0	181	280	0.833796
0	181	51	0.811319
0	181	267	0.792244
0	181	269	0.760875
0	181	58	0.655668
0	181	30	0.548894
0	181	8	0.507623
0	181	18	0.497478
0	181	63	0.490069
0	181	231	0.396799
0	181	115	0.333008
0	181	14	0.284726
0	181	13	0.230240
0	181	255	0.190159
0	181	266	0.185693
0	181	109	0.176697
0	181	263	0.170357
0	181	11	0.169472
0	181	272	0.168129
0	181	270	0.148179
0	181	268	0.111725
0	181	277	0.082064
0	181	271	0.077695
0	181	278	0.056327
0	181	265	0.039601
0	181	16	0.013049
0	181	17	-0.019375
0	182	3	1.436810
0	182	264	1.342391
0	182	112	1.283708
0	182	280	1.269609
0	182	119	1.253344
0	182	61	1.234180
0	182	113	1.135885
0	182	8	1.133634
0	182	17	1.096810
0	182	18	1.039734
0	182	183	1.034309
0	182	244	1.029461
0	182	14	0.983311
0	182	63	0.962893
0	182	51	0.887786
0	182	267	0.864782
0	182	30	0.856831
0	182	268	0.801450
0	182	116	0.750943
0	182	231	0.739606
0	182	115	0.635183
0	182	271	0.603389
0	182	272	0.494325
0	182	11	0.475452
0	182	269	0.470389
0	182	278	0.455151
0	182	109	0.451897
0	182	58	0.436945
0	182	270	0.405140
0	182	277	0.345751
0	182	16	0.246706
0	182	255	0.121392
0	182	263	0.114911
0	182	265	0.104155
0	182	13	0.047471
0	182	266	0.000107
0	183	276	1.957983
0	183	275	1.922016
0	183	282	1.827855
0	183	273	1.794674
0	183	291	1.789616
0	183	116	1.778776
0	183	183	1.773658
0	183	290	1.750919
0	183	267	1.748309
0	183	113	1.746990
0	183	279	1.730292
0	183	264	1.713433
0	183	244	1.707711
0	183	286	1.706651
0	183	288	1.681966
0	183	283	1.678930
0	183	294	1.672629
0	183	289	1.635646
0	183	14	1.634799
0	183	292	1.600410
0	183	274	1.591869
0	183	285	1.586654
0	183	231	1.559964
0	183	295	1.535658
0	183	3	1.525069
0	183	263	1.523978
0	183	287	1.455357
0	183	278	1.411393
0	183	18	1.324147
0	183	30	1.274080
0	183	61	1.265630
0	183	112	1.246979
0	183	58	1.176031
0	183	271	1.103129
0	183	51	0.962645
0	183	63	0.860341
0	183	280	0.608935
0	183	119	0.562108
0	183	268	0.518248
0	183	272	0.258277
0	183	270	0.213030
0	183	115	0.184960
0	183	281	0.132810
0	183	284	0.111502
0	183	293	0.017243
0	184	183	1.578432
0	184	244	1.545325
0	184	119	1.541548
0	184	268	1.507398
0	184	116	1.449383
0	184	115	1.443374
0	184	255	1.400150
0	184	112	1.365285
0	184	3	1.245286
0	184	263	1.225218
0	184	61	1.194402
0	184	277	1.178385
0	184	11	1.171833
0	184	231	1.101089
0	184	266	1.080947
0	184	63	1.047591
0	184	269	1.040393
0	184	18	0.990243
0	184	267	0.943200
0	184	51	0.940736
0	184	264	0.938255
0	184	8	0.782694
0	184	271	0.773611
0	184	30	0.718444
0	184	270	0.565995
0	184	14	0.450344
0	184	280	0.306468
0	184	272	0.220355
0	184	113	0.213030
0	184	58	0.208153
0	184	278	0.204352
0	184	13	0.199400
0	184	265	0.116320
0	184	16	0.105996
0	184	17	0.092973
0	184	109	0.075969
0	185	183	1.726230
0	185	264	1.642775
0	185	30	1.527132
0	185	269	1.471226
0	185	244	1.453574
0	185	8	1.450218
0	185	272	1.409913
0	185	280	1.368888
0	185	265	1.347289
0	185	3	1.338863
0	185	116	1.325446
0	185	231	1.323419
0	185	61	1.267429
0	185	113	1.212102
0	185	119	1.207832
0	185	112	1.160795
0	185	278	1.126684
0	185	267	1.109619
0	185	18	1.045173
0	185	268	1.026563
0	185	51	1.023967
0	185	14	0.908606
0	185	63	0.902070
0	185	255	0.841970
0	185	271	0.810156
0	185	115	0.795561
0	185	11	0.704029
0	185	270	0.655054
0	185	109	0.648971
0	185	263	0.615456
0	185	58	0.462188
0	185	277	0.442966
0	185	16	0.110451
0	185	13	0.041589
0	185	266	-0.036594
0	185	17	-0.058417
0	186	183	1.714586
0	186	269	1.628475
0	186	116	1.572931
0	186	263	1.561152
0	186	61	1.547526
0	186	112	1.446583
0	186	271	1.420361
0	186	244	1.407418
0	186	3	1.376905
0	186	30	1.336852
0	186	113	1.323623
0	186	8	1.308425
0	186	264	1.254862
0	186	119	1.252808
0	186	115	1.165308
0	186	18	1.163763
0	186	267	1.123829
0	186	255	1.118934
0	186	51	1.097099
0	186	268	1.082034
0	186	63	1.070771
0	186	265	1.061009
0	186	280	0.996641
0	186	14	0.827962
0	186	270	0.468967
0	186	58	0.456315
0	186	231	0.371077
0	186	278	0.356835
0	186	11	0.277460
0	186	272	0.250156
0	186	13	0.149519
0	186	277	0.130160
0	186	17	0.066624
0	186	109	0.044333
0	186	266	-0.012564
0	186	16	-0.078592
