0	1	2	16.198442
0	1	1	15.701995
0	1	15	15.436579
0	1	5	15.065166
0	1	9	14.278744
0	1	6	12.651470
0	1	14	12.098925
0	1	10	12.076153
0	1	18	11.789003
0	1	11	11.204561
0	1	4	10.000631
0	1	3	9.612974
0	1	0	9.398382
0	1	19	5.927071
0	1	8	3.689200
0	1	17	0.540687
0	1	13	0.125136
0	1	7	-9.328113
0	1	12	-9.495846
0	1	16	-9.557953
0	2	2	14.581287
0	2	1	14.133326
0	2	5	13.681906
0	2	3	12.466760
0	2	9	11.095381
0	2	15	8.533136
0	2	0	6.229903
0	2	14	4.774327
0	2	11	4.199768
0	2	4	3.383710
0	2	17	2.225460
0	2	8	1.467629
0	2	10	-6.532854
0	2	6	-6.639619
0	2	18	-7.613216
0	2	16	-7.938470
0	2	7	-9.243834
0	2	12	-9.277962
0	2	19	-9.617119
0	2	13	-10.931690
0	3	15	16.067131
0	3	1	15.191807
0	3	2	14.603163
0	3	5	12.993696
0	3	10	12.718536
0	3	0	12.371941
0	3	9	12.033770
0	3	4	11.686357
0	3	6	11.676605
0	3	11	8.788446
0	3	18	7.852614
0	3	14	6.924325
0	3	3	6.129499
0	3	17	2.245255
0	3	8	2.031999
0	3	19	0.927825
0	3	16	-7.071196
0	3	12	-7.804646
0	3	13	-9.072639
0	3	7	-10.228895
0	14	27	9.907856
0	14	51	8.780312
0	14	22	8.593512
0	14	43	6.686704
0	14	42	6.462520
0	14	63	6.443128
0	14	45	6.326835
0	14	21	6.214795
0	14	32	5.876049
0	14	3	5.795001
0	14	56	5.689894
0	14	52	5.440787
0	14	48	5.172261
0	14	14	4.820148
0	14	28	4.671812
0	14	38	4.608722
0	14	20	4.589554
0	14	58	4.072093
0	14	26	3.741756
0	14	65	3.285266
0	14	31	1.190037
0	14	54	1.110007
0	14	61	0.725564
0	14	57	0.343059
0	14	46	0.044406
0	14	11	-0.156357
0	14	8	-0.183049
0	14	39	-0.461674
0	14	40	-0.999522
0	14	79	-1.396429
0	14	37	-2.154508
0	14	36	-2.266091
0	14	23	-2.876506
0	14	74	-2.905030
0	14	25	-3.493111
0	14	41	-4.083734
0	14	62	-4.307989
0	14	47	-4.468436
0	14	49	-5.266606
0	14	85	-5.595681
0	14	29	-5.992622
0	14	71	-6.073768
0	14	33	-6.448010
0	14	16	-6.496758
0	14	30	-6.565363
0	14	24	-6.729742
0	14	72	-7.013961
0	14	66	-7.128717
0	14	73	-7.494536
0	14	64	-7.567515
0	14	69	-7.607203
0	14	35	-7.848062
0	14	50	-8.149256
0	14	18	-8.482286
0	14	75	-8.804477
0	14	77	-8.805096
0	14	76	-9.298401
0	14	53	-9.344582
0	14	78	-9.377466
0	14	55	-9.621632
0	14	70	-9.670570
0	14	34	-9.720123
0	14	44	-10.094654
0	15	37	15.620392
0	15	65	13.409845
0	15	51	12.969423
0	15	42	12.261049
0	15	20	11.943515
0	15	61	11.736649
0	15	23	11.015526
0	15	43	10.392963
0	15	14	9.807782
0	15	21	8.861736
0	15	57	8.342558
0	15	32	8.219687
0	15	27	6.802310
0	15	52	6.622914
0	15	63	6.473200
0	15	22	6.047891
0	15	56	5.950983
0	15	31	5.623979
0	15	48	5.560479
0	15	50	4.638719
0	15	62	4.441407
0	15	54	4.373500
0	15	58	4.352050
0	15	28	3.919409
0	15	46	3.622772
0	15	11	3.445896
0	15	45	2.350693
0	15	38	1.928065
0	15	24	1.743676
0	15	3	1.540731
0	15	25	1.419978
0	15	39	0.551928
0	15	36	0.140376
0	15	8	0.073198
0	15	26	-0.005217
0	15	79	-1.890675
0	15	74	-2.348084
0	15	64	-2.381853
0	15	40	-2.800775
0	15	41	-4.943221
0	15	72	-5.673931
0	15	35	-5.720437
0	15	33	-5.955162
0	15	47	-5.986160
0	15	69	-5.991600
0	15	71	-6.444747
0	15	30	-6.669120
0	15	16	-6.784882
0	15	85	-7.051385
0	15	49	-7.086221
0	15	29	-7.086277
0	15	73	-7.415028
0	15	66	-7.842787
0	15	75	-8.045403
0	15	18	-8.204832
0	15	53	-8.637823
0	15	77	-9.166702
0	15	78	-9.453749
0	15	70	-9.612228
0	15	34	-9.618765
0	15	76	-9.956888
0	15	44	-10.271990
0	15	55	-10.298639
0	16	43	17.663555
0	16	32	17.571486
0	16	58	17.277130
0	16	56	16.944490
0	16	22	16.669962
0	16	54	16.483271
0	16	26	16.410967
0	16	21	16.237949
0	16	63	16.138620
0	16	28	16.112900
0	16	20	15.889305
0	16	52	15.608295
0	16	3	15.339767
0	16	48	14.915979
0	16	42	14.652344
0	16	51	14.369431
0	16	37	12.557779
0	16	27	11.596308
0	16	14	11.041842
0	16	45	10.210636
0	16	61	8.430438
0	16	25	8.280578
0	16	57	7.852707
0	16	62	7.353066
0	16	50	7.010682
0	16	30	4.630407
0	16	38	4.503408
0	16	47	4.126516
0	16	31	3.695050
0	16	35	3.215655
0	16	39	2.487634
0	16	40	2.369296
0	16	8	1.813318
0	16	23	1.749186
0	16	53	1.527456
0	16	65	1.282241
0	16	79	1.166478
0	16	36	0.493417
0	16	49	0.130416
0	16	74	-0.331649
0	16	72	-2.000446
0	16	16	-2.030057
0	16	11	-2.447864
0	16	66	-2.936542
0	16	41	-3.018353
0	16	75	-3.825471
0	16	85	-4.056740
0	16	64	-4.382773
0	16	44	-4.923288
0	16	70	-5.196380
0	16	34	-5.290889
0	16	71	-5.948977
0	16	46	-6.001040
0	16	24	-6.530321
0	16	76	-6.739583
0	16	29	-7.147737
0	16	55	-7.300732
0	16	33	-8.465315
0	16	73	-8.557970
0	16	18	-8.822027
0	16	69	-8.901453
0	16	77	-9.512161
0	16	78	-10.038706
0	19	37	15.168978
0	19	46	14.724606
0	19	20	12.505974
0	19	3	11.961607
0	19	65	11.015158
0	19	42	10.836655
0	19	51	10.815392
0	19	38	10.317310
0	19	61	9.609489
0	19	29	9.467035
0	19	32	9.416006
0	19	63	9.002531
0	19	23	8.423647
0	19	27	8.350304
0	19	56	8.254366
0	19	43	7.410783
0	19	21	7.222652
0	19	26	6.639087
0	19	45	5.025896
0	19	25	4.829062
0	19	40	4.438344
0	19	24	3.773711
0	19	48	3.281953
0	19	28	3.244269
0	19	22	2.816494
0	19	52	2.811355
0	19	57	2.592720
0	19	41	2.007890
0	19	31	1.786014
0	19	62	0.971364
0	19	14	0.716271
0	19	39	0.387915
0	19	8	-0.132433
0	19	11	-0.386760
0	19	85	-1.601124
0	19	54	-1.916395
0	19	69	-2.192102
0	19	33	-2.705883
0	19	79	-2.887654
0	19	36	-3.142396
0	19	74	-3.847957
0	19	58	-3.970813
0	19	50	-4.278429
0	19	30	-4.327312
0	19	47	-4.381216
0	19	72	-5.204633
0	19	16	-5.811935
0	19	49	-6.147744
0	19	71	-6.311195
0	19	66	-6.688142
0	19	75	-6.919878
0	19	73	-7.043887
0	19	64	-7.063151
0	19	35	-7.318871
0	19	77	-8.555676
0	19	18	-8.751858
0	19	34	-9.083941
0	19	53	-9.150796
0	19	70	-9.577051
0	19	78	-9.596397
0	19	76	-9.634546
0	19	55	-10.119291
0	19	44	-10.136431
0	22	32	17.263090
0	22	42	16.971676
0	22	22	16.885052
0	22	58	16.864023
0	22	26	16.722668
0	22	43	16.719580
0	22	37	16.699741
0	22	52	16.552450
0	22	46	16.405823
0	22	54	15.711628
0	22	20	15.596977
0	22	56	15.386189
0	22	51	15.339298
0	22	63	15.127842
0	22	50	14.278476
0	22	21	13.722433
0	22	61	13.084366
0	22	3	12.349436
0	22	23	9.839628
0	22	28	8.974742
0	22	57	8.090438
0	22	53	7.859429
0	22	38	7.756427
0	22	14	7.120321
0	22	62	7.056647
0	22	48	6.020925
0	22	27	5.992293
0	22	25	5.482791
0	22	36	5.333490
0	22	31	5.124367
0	22	73	4.606656
0	22	40	4.396450
0	22	45	3.333239
0	22	65	2.724461
0	22	11	2.610596
0	22	47	2.256942
0	22	33	2.014312
0	22	30	1.340166
0	22	39	0.665267
0	22	24	-0.222630
0	22	49	-0.648606
0	22	8	-0.819873
0	22	85	-0.970827
0	22	74	-2.964067
0	22	79	-3.335618
0	22	35	-3.411943
0	22	34	-3.839551
0	22	66	-3.951670
0	22	41	-4.424937
0	22	64	-5.040423
0	22	16	-5.339949
0	22	72	-6.671313
0	22	75	-7.523346
0	22	69	-7.997137
0	22	18	-8.032082
0	22	71	-8.170189
0	22	29	-8.200550
0	22	77	-9.050928
0	22	55	-9.254133
0	22	70	-9.269963
0	22	78	-9.310311
0	22	76	-9.884380
0	22	44	-10.231558
0	43	90	15.639299
0	43	3	15.227787
0	43	89	13.318800
0	43	94	13.046852
0	43	91	12.894640
0	43	110	12.436274
0	43	61	10.971609
0	43	63	10.700842
0	43	106	10.452948
0	43	103	10.373610
0	43	92	9.776217
0	43	98	8.788927
0	43	11	7.264243
0	43	99	6.176302
0	43	105	5.844340
0	43	87	5.595830
0	43	86	5.242814
0	43	15	4.164664
0	43	100	3.947522
0	43	88	2.940535
0	43	17	1.986115
0	43	14	0.783677
0	43	8	-0.121482
0	43	109	-1.634667
0	43	52	-1.810451
0	43	95	-2.357061
0	43	108	-2.718929
0	43	97	-2.724342
0	43	26	-2.729282
0	43	107	-3.041531
0	43	93	-3.870780
0	43	96	-5.681595
0	43	85	-5.715916
0	43	69	-6.083848
0	43	58	-7.094550
0	43	18	-8.714092
0	43	13	-10.326303
0	44	90	16.822815
0	44	93	13.151569
0	44	63	11.861246
0	44	95	9.987217
0	44	91	6.751354
0	44	110	6.749072
0	44	88	5.495714
0	44	106	5.172082
0	44	17	3.255479
0	44	98	3.108189
0	44	8	2.886405
0	44	97	1.127077
0	44	109	0.996582
0	44	52	0.572854
0	44	15	-0.678647
0	44	92	-1.332498
0	44	86	-2.081614
0	44	26	-2.735833
0	44	94	-3.371790
0	44	61	-3.486264
0	44	87	-4.560536
0	44	69	-4.784923
0	44	96	-5.284145
0	44	100	-5.501208
0	44	108	-6.089137
0	44	58	-6.457699
0	44	14	-6.696138
0	44	107	-7.128458
0	44	85	-7.155524
0	44	3	-7.419809
0	44	99	-7.509894
0	44	89	-7.546054
0	44	103	-7.684758
0	44	11	-8.290751
0	44	18	-8.547748
0	44	105	-8.786723
0	44	13	-9.626921
0	54	8	3.797892
0	54	17	1.129338
0	54	14	-0.128797
0	54	18	-8.547436
0	54	3	-8.638061
0	54	16	-8.765495
0	54	11	-9.132170
0	54	111	-9.762678
0	54	7	-9.893202
0	54	13	-11.218084
0	57	14	10.564316
0	57	3	6.326315
0	57	11	5.273811
0	57	8	1.393630
0	57	13	0.782746
0	57	17	0.607015
0	57	16	-5.526388
0	57	18	-7.952621
0	57	111	-9.929255
0	57	7	-10.088745
0	58	8	1.637851
0	58	17	-1.054106
0	58	14	-1.261131
0	58	3	-2.268950
0	58	11	-5.337222
0	58	18	-5.607569
0	58	13	-6.107355
0	58	16	-8.126596
0	58	111	-9.991325
0	58	7	-10.316410
0	73	158	16.930536
0	73	150	16.868452
0	73	163	16.866617
0	73	153	16.799269
0	73	132	16.721584
0	73	157	16.103352
0	73	170	15.675791
0	73	161	15.635878
0	73	159	15.447489
0	73	152	15.257809
0	73	154	15.203653
0	73	151	14.471867
0	73	149	14.362091
0	73	156	13.903982
0	73	168	12.675394
0	73	169	8.426058
0	73	137	7.780087
0	73	148	3.507298
0	73	160	2.307762
0	73	11	2.053534
0	73	8	1.774460
0	73	17	1.675452
0	73	147	-4.025367
0	73	3	-4.857009
0	73	155	-5.693658
0	73	146	-6.663910
0	73	14	-7.476039
0	73	162	-7.501662
0	73	16	-7.958678
0	73	13	-8.636911
0	73	18	-8.769523
0	73	145	-10.042080
0	74	157	15.480404
0	74	150	14.335732
0	74	132	13.923738
0	74	158	13.647564
0	74	170	13.599813
0	74	161	13.364046
0	74	163	11.937638
0	74	152	10.508597
0	74	151	9.508261
0	74	159	9.430819
0	74	149	9.040346
0	74	153	8.566875
0	74	11	8.163512
0	74	169	7.384605
0	74	137	5.989584
0	74	168	1.643410
0	74	160	1.110225
0	74	17	0.665707
0	74	154	0.430551
0	74	8	-0.163297
0	74	155	-1.623525
0	74	156	-1.769862
0	74	14	-4.221118
0	74	148	-5.262970
0	74	3	-5.577447
0	74	146	-7.083698
0	74	147	-8.251219
0	74	18	-8.678038
0	74	16	-8.701387
0	74	162	-8.740658
0	74	145	-8.999222
0	74	13	-10.770054
0	75	137	13.624413
0	75	164	12.151995
0	75	14	10.871870
0	75	165	10.387552
0	75	132	7.796039
0	75	166	6.990342
0	75	11	6.168335
0	75	167	5.392854
0	75	171	4.292960
0	75	3	3.475601
0	75	147	2.735941
0	75	8	2.421752
0	75	160	2.398148
0	75	17	0.924151
0	75	145	-4.421219
0	75	13	-5.403361
0	75	146	-6.395545
0	75	128	-7.133975
0	75	18	-8.254296
0	75	16	-10.723524
0	77	166	12.813276
0	77	13	11.598607
0	77	164	9.795267
0	77	137	9.765028
0	77	171	9.187346
0	77	165	9.139750
0	77	132	6.165064
0	77	3	6.040541
0	77	147	5.468569
0	77	14	4.432420
0	77	11	3.909066
0	77	160	2.424146
0	77	8	2.165038
0	77	17	1.774095
0	77	167	0.067362
0	77	146	-4.105527
0	77	145	-5.079842
0	77	128	-6.532406
0	77	18	-8.765413
0	77	16	-10.202519
0	94	116	17.020649
0	94	188	14.699324
0	94	190	13.704338
0	94	51	13.063678
0	94	3	12.395540
0	94	200	11.829424
0	94	99	9.808290
0	94	206	9.432470
0	94	196	9.292559
0	94	15	8.656636
0	94	192	8.456964
0	94	63	7.695805
0	94	193	7.011083
0	94	14	6.489406
0	94	113	4.699413
0	94	187	3.046594
0	94	203	2.204241
0	94	17	1.272404
0	94	194	1.128190
0	94	8	0.881415
0	94	109	-0.611944
0	94	210	-1.012180
0	94	201	-1.151208
0	94	217	-2.547636
0	94	204	-3.365643
0	94	205	-3.386575
0	94	189	-3.431539
0	94	202	-4.030919
0	94	18	-4.373007
0	94	207	-5.271022
0	94	16	-5.692255
0	94	195	-5.707656
0	94	122	-6.242405
0	94	198	-7.305825
0	94	209	-7.761229
0	94	197	-8.070686
0	94	126	-8.578907
0	94	199	-8.707821
0	94	13	-9.410698
0	94	212	-9.856527
0	94	191	-10.957506
0	94	208	-11.502355
0	95	15	15.436367
0	95	199	15.316660
0	95	116	14.556980
0	95	190	14.212612
0	95	198	13.611166
0	95	188	12.687935
0	95	201	12.620943
0	95	200	11.890923
0	95	51	11.272785
0	95	194	11.251441
0	95	18	11.192631
0	95	193	10.984352
0	95	210	10.711754
0	95	196	10.511220
0	95	206	9.648349
0	95	3	9.431520
0	95	122	8.836997
0	95	203	8.812725
0	95	187	8.560545
0	95	189	6.530585
0	95	99	6.401762
0	95	63	5.950995
0	95	113	4.820192
0	95	192	4.771983
0	95	204	2.810203
0	95	14	2.584001
0	95	202	1.857237
0	95	13	1.571717
0	95	17	1.312852
0	95	8	0.104818
0	95	195	-0.056284
0	95	207	-1.320865
0	95	217	-1.811632
0	95	109	-1.907272
0	95	205	-2.452560
0	95	16	-2.817093
0	95	208	-2.882198
0	95	209	-2.955292
0	95	197	-3.167041
0	95	191	-4.304789
0	95	212	-6.801440
0	95	126	-6.805028
0	96	116	17.265627
0	96	188	14.707005
0	96	190	14.650488
0	96	210	13.363949
0	96	63	12.884673
0	96	51	12.627119
0	96	3	11.676996
0	96	196	10.850233
0	96	99	10.234625
0	96	206	9.845295
0	96	200	9.645094
0	96	192	9.382946
0	96	15	8.647833
0	96	205	6.125854
0	96	113	5.396586
0	96	201	3.815260
0	96	204	3.523419
0	96	17	2.483360
0	96	203	2.271734
0	96	8	0.260355
0	96	194	0.214491
0	96	193	-0.878454
0	96	109	-1.222229
0	96	217	-2.464945
0	96	202	-4.012489
0	96	122	-4.124506
0	96	16	-4.562784
0	96	207	-4.563525
0	96	199	-5.638785
0	96	14	-6.157068
0	96	18	-6.197321
0	96	195	-6.308162
0	96	187	-6.576431
0	96	189	-6.883957
0	96	198	-7.129916
0	96	209	-8.113470
0	96	197	-8.951255
0	96	212	-9.696345
0	96	126	-10.069283
0	96	13	-10.593660
0	96	191	-10.737196
0	96	208	-11.074035
0	99	211	15.614182
0	99	190	14.682711
0	99	51	13.609650
0	99	196	13.418666
0	99	206	12.407543
0	99	63	11.884052
0	99	192	9.213801
0	99	188	8.337358
0	99	3	7.470311
0	99	15	5.555606
0	99	193	4.260220
0	99	8	1.526405
0	99	122	1.342994
0	99	116	0.162927
0	99	203	-0.019520
0	99	109	-0.353195
0	99	202	-0.490484
0	99	200	-0.530717
0	99	217	-0.970186
0	99	14	-1.756103
0	99	210	-3.096210
0	99	207	-3.419833
0	99	113	-3.704273
0	99	99	-4.553718
0	99	201	-5.214730
0	99	194	-6.041763
0	99	16	-6.144251
0	99	18	-7.163594
0	99	205	-7.516519
0	99	189	-7.786515
0	99	195	-8.311796
0	99	204	-8.599329
0	99	209	-8.670835
0	99	198	-8.741976
0	99	199	-9.011884
0	99	212	-9.315903
0	99	13	-9.594142
0	99	197	-9.790363
0	99	126	-10.075235
0	99	191	-10.873972
0	100	51	14.829172
0	100	190	13.586191
0	100	211	13.268652
0	100	63	12.547302
0	100	196	11.391914
0	100	206	11.026779
0	100	188	9.103115
0	100	192	6.831685
0	100	109	0.733203
0	100	8	0.623926
0	100	15	0.001064
0	100	113	-0.595431
0	100	217	-0.733336
0	100	3	-1.896640
0	100	122	-2.638303
0	100	14	-5.066967
0	100	200	-5.436300
0	100	203	-5.531652
0	100	194	-5.608467
0	100	202	-5.909822
0	100	116	-6.159791
0	100	99	-6.198499
0	100	193	-6.365880
0	100	16	-6.642223
0	100	204	-6.841484
0	100	210	-7.178260
0	100	201	-7.178437
0	100	207	-7.301718
0	100	189	-7.628940
0	100	205	-7.685232
0	100	195	-8.464118
0	100	18	-8.591398
0	100	198	-9.217842
0	100	209	-9.229259
0	100	199	-9.308168
0	100	13	-9.564747
0	100	212	-9.740065
0	100	126	-10.316105
0	100	197	-10.838582
0	100	191	-11.334553
0	123	228	17.118021
0	123	235	16.105728
0	123	232	16.028574
0	123	229	15.757500
0	123	224	15.000944
0	123	190	14.804363
0	123	201	13.920017
0	123	196	13.731052
0	123	243	13.504307
0	123	51	13.138628
0	123	238	11.100895
0	123	239	11.033186
0	123	233	10.438713
0	123	227	9.583506
0	123	3	9.464512
0	123	207	9.169429
0	123	210	6.622389
0	123	96	3.107400
0	123	225	2.409360
0	123	14	2.388435
0	123	8	1.713389
0	123	99	1.392916
0	123	240	1.367636
0	123	122	1.307371
0	123	245	1.045631
0	123	188	0.003119
0	123	198	-0.428518
0	123	217	-1.241313
0	123	246	-1.269555
0	123	221	-2.089519
0	123	223	-2.472878
0	123	241	-3.979210
0	123	222	-3.991325
0	123	16	-4.472193
0	123	237	-4.630474
0	123	187	-4.911049
0	123	247	-5.202275
0	123	116	-5.454832
0	123	236	-5.598553
0	123	234	-5.710653
0	123	244	-5.824312
0	123	231	-6.288250
0	123	18	-6.290425
0	123	242	-6.384653
0	123	226	-6.842605
0	123	230	-6.867263
0	123	199	-7.525031
0	123	11	-7.967175
0	123	197	-9.790276
0	123	208	-11.016788
0	123	191	-11.338409
0	124	232	15.203691
0	124	228	14.808287
0	124	51	13.600824
0	124	224	13.064542
0	124	240	10.881645
0	124	235	9.819727
0	124	196	9.775232
0	124	201	7.428851
0	124	221	7.389773
0	124	233	7.377886
0	124	238	5.615076
0	124	210	3.821106
0	124	8	2.863491
0	124	227	2.254117
0	124	199	1.682563
0	124	239	1.509658
0	124	190	0.678349
0	124	229	0.438884
0	124	243	-0.846830
0	124	225	-0.861010
0	124	14	-1.223425
0	124	217	-1.295223
0	124	207	-2.690731
0	124	122	-3.777331
0	124	245	-4.481777
0	124	246	-4.607700
0	124	236	-6.095211
0	124	16	-6.114769
0	124	188	-6.134633
0	124	99	-6.156439
0	124	198	-6.345903
0	124	231	-6.423466
0	124	244	-6.545299
0	124	3	-6.561497
0	124	18	-7.155332
0	124	237	-7.175354
0	124	247	-7.671764
0	124	234	-7.868440
0	124	223	-7.882649
0	124	11	-7.938790
0	124	96	-7.966308
0	124	116	-8.189064
0	124	222	-8.376307
0	124	230	-8.455853
0	124	242	-8.603346
0	124	241	-8.784666
0	124	226	-9.343040
0	124	187	-9.504246
0	124	208	-9.636160
0	124	197	-10.547557
0	124	191	-10.784321
0	125	224	17.475506
0	125	232	17.074451
0	125	207	15.692041
0	125	229	14.345591
0	125	51	13.147381
0	125	190	11.231441
0	125	210	10.670061
0	125	228	10.398332
0	125	196	9.022569
0	125	233	8.445387
0	125	201	7.312566
0	125	236	4.843314
0	125	221	4.731005
0	125	8	4.469006
0	125	239	4.215690
0	125	234	3.447555
0	125	14	2.681001
0	125	240	1.969605
0	125	235	1.168411
0	125	243	1.147961
0	125	245	-0.989402
0	125	222	-1.408783
0	125	11	-2.009364
0	125	217	-2.714395
0	125	227	-2.793505
0	125	3	-2.822463
0	125	238	-4.024808
0	125	244	-4.161283
0	125	231	-4.223574
0	125	226	-5.349376
0	125	188	-5.409061
0	125	241	-5.788210
0	125	122	-6.249974
0	125	223	-6.490030
0	125	247	-6.769809
0	125	187	-6.938460
0	125	96	-6.976243
0	125	99	-7.066082
0	125	197	-7.149760
0	125	16	-7.171824
0	125	225	-7.305767
0	125	230	-7.506808
0	125	116	-7.594211
0	125	242	-7.842569
0	125	198	-7.858026
0	125	18	-7.965211
0	125	246	-8.036472
0	125	237	-8.316425
0	125	199	-9.218416
0	125	208	-10.344563
0	125	191	-11.197493
0	126	232	15.784206
0	126	229	15.715277
0	126	240	14.787289
0	126	235	14.515793
0	126	222	14.462836
0	126	221	13.806692
0	126	236	13.756637
0	126	188	13.682117
0	126	224	13.582648
0	126	227	13.212778
0	126	14	12.637430
0	126	201	12.547686
0	126	228	12.471472
0	126	3	12.377052
0	126	196	12.327936
0	126	51	11.936228
0	126	244	11.069162
0	126	190	10.997871
0	126	239	10.715258
0	126	116	10.520365
0	126	233	10.411161
0	126	223	8.918894
0	126	231	8.917776
0	126	238	8.450399
0	126	207	7.865742
0	126	226	7.515227
0	126	243	6.060105
0	126	11	6.047184
0	126	187	5.113787
0	126	245	2.666916
0	126	8	1.423530
0	126	246	1.107324
0	126	225	0.164306
0	126	241	-0.084074
0	126	210	-1.591019
0	126	217	-2.832122
0	126	96	-3.210328
0	126	198	-3.858615
0	126	99	-4.996258
0	126	122	-5.267632
0	126	234	-5.904245
0	126	237	-7.512611
0	126	18	-7.544343
0	126	16	-7.675295
0	126	247	-7.924542
0	126	199	-7.953982
0	126	230	-7.975425
0	126	242	-8.033067
0	126	197	-10.132713
0	126	208	-10.990065
0	126	191	-11.102377
0	127	229	15.694412
0	127	232	15.132519
0	127	238	14.882238
0	127	224	13.445074
0	127	51	13.443181
0	127	3	13.296719
0	127	190	12.400365
0	127	228	10.880856
0	127	14	10.303068
0	127	233	10.147427
0	127	196	6.571096
0	127	221	6.103636
0	127	201	5.889715
0	127	245	5.241848
0	127	207	5.139690
0	127	227	4.007928
0	127	235	3.590849
0	127	241	1.648907
0	127	240	1.043454
0	127	116	0.725408
0	127	8	0.181224
0	127	231	-0.979993
0	127	242	-1.557796
0	127	243	-2.138249
0	127	236	-2.258212
0	127	217	-2.267019
0	127	188	-2.600842
0	127	210	-3.084769
0	127	222	-3.125049
0	127	237	-4.174443
0	127	225	-4.261530
0	127	16	-4.721594
0	127	234	-5.417336
0	127	122	-5.901809
0	127	244	-6.019589
0	127	99	-6.230318
0	127	230	-6.382777
0	127	247	-6.672523
0	127	223	-7.224314
0	127	11	-7.254844
0	127	239	-7.859891
0	127	197	-8.060989
0	127	246	-8.285945
0	127	18	-8.760372
0	127	226	-8.767469
0	127	96	-8.937759
0	127	187	-9.410055
0	127	199	-9.541342
0	127	198	-9.942039
0	127	208	-10.900144
0	127	191	-11.299129
0	144	253	14.841583
0	144	252	10.706732
0	144	11	10.293398
0	144	251	9.905186
0	144	3	9.667690
0	144	63	7.689687
0	144	257	7.396327
0	144	248	4.977254
0	144	110	4.307755
0	144	249	4.216655
0	144	250	3.579439
0	144	17	3.027849
0	144	254	1.799803
0	144	8	0.291875
0	144	200	-0.186195
0	144	201	-0.742911
0	144	109	-1.283099
0	144	14	-1.553126
0	144	258	-2.996000
0	144	16	-5.098209
0	144	255	-5.457593
0	144	187	-5.680984
0	144	113	-7.086609
0	144	199	-7.602587
0	144	256	-8.312454
0	144	18	-8.391197
0	144	208	-9.699239
0	144	13	-10.454286
0	144	191	-10.491903
0	145	251	15.839056
0	145	257	15.288391
0	145	110	15.259971
0	145	253	14.133776
0	145	252	13.696179
0	145	187	12.873709
0	145	3	11.524754
0	145	249	10.503100
0	145	63	9.549644
0	145	254	9.128778
0	145	248	8.594464
0	145	250	8.486355
0	145	258	6.585076
0	145	8	5.900432
0	145	17	2.178663
0	145	109	0.090784
0	145	14	-0.413599
0	145	18	-1.102822
0	145	200	-1.250798
0	145	201	-2.214824
0	145	11	-7.429111
0	145	199	-8.064697
0	145	16	-9.093880
0	145	113	-9.258789
0	145	255	-9.316854
0	145	256	-9.483967
0	145	208	-10.258549
0	145	191	-10.465826
0	145	13	-10.842108
0	146	257	13.116550
0	146	110	12.254894
0	146	251	9.567524
0	146	14	8.086991
0	146	250	7.074885
0	146	63	6.614955
0	146	253	5.537376
0	146	187	4.116006
0	146	3	3.354393
0	146	201	2.850502
0	146	8	2.249864
0	146	17	2.017000
0	146	258	1.271929
0	146	249	0.914065
0	146	109	0.454033
0	146	199	-0.135667
0	146	200	-1.324829
0	146	252	-2.802525
0	146	248	-5.412517
0	146	18	-7.794271
0	146	254	-8.176483
0	146	11	-8.236148
0	146	16	-9.118338
0	146	256	-9.220619
0	146	113	-9.508923
0	146	255	-10.121717
0	146	13	-10.424551
0	146	208	-10.860390
0	146	191	-11.133143
0	147	257	17.117214
0	147	254	15.482548
0	147	250	14.602385
0	147	248	14.395746
0	147	251	14.361490
0	147	110	13.674999
0	147	252	13.270967
0	147	253	12.110798
0	147	63	11.691307
0	147	3	9.902664
0	147	249	8.758615
0	147	199	5.432600
0	147	11	5.388458
0	147	200	5.210298
0	147	201	4.472157
0	147	258	4.287414
0	147	187	3.010391
0	147	17	1.206818
0	147	8	1.187773
0	147	113	-0.099081
0	147	109	-0.410278
0	147	14	-2.179317
0	147	256	-3.127902
0	147	16	-4.906380
0	147	18	-7.663434
0	147	255	-8.291107
0	147	191	-10.634232
0	147	13	-10.801630
0	147	208	-10.829595
0	148	257	14.681087
0	148	252	13.768799
0	148	110	13.131552
0	148	3	12.722183
0	148	253	11.473248
0	148	254	11.235445
0	148	63	11.046622
0	148	250	8.852621
0	148	249	7.938934
0	148	258	7.936370
0	148	251	6.870599
0	148	248	6.611396
0	148	200	6.529676
0	148	113	5.779000
0	148	201	5.066949
0	148	8	1.874648
0	148	17	1.851818
0	148	109	0.513387
0	148	16	-2.813097
0	148	14	-3.459734
0	148	11	-6.273754
0	148	199	-6.357089
0	148	187	-6.980215
0	148	18	-8.007044
0	148	256	-8.601658
0	148	13	-9.126097
0	148	255	-9.518957
0	148	208	-10.494377
0	148	191	-11.130241
0	150	251	15.750521
0	150	253	13.445484
0	150	257	9.751795
0	150	63	7.024651
0	150	14	6.644527
0	150	252	4.023811
0	150	249	3.974220
0	150	8	3.967070
0	150	258	2.621110
0	150	17	2.199387
0	150	187	2.017144
0	150	200	1.423567
0	150	109	-0.865322
0	150	201	-1.845909
0	150	250	-2.107227
0	150	248	-3.479753
0	150	110	-4.855462
0	150	3	-4.916303
0	150	11	-7.496059
0	150	16	-7.626307
0	150	254	-7.749399
0	150	18	-7.884309
0	150	113	-8.317085
0	150	199	-8.852777
0	150	256	-9.213181
0	150	13	-9.485687
0	150	255	-10.375954
0	150	208	-11.393539
0	150	191	-11.524568
0	177	264	17.009001
0	177	267	16.743092
0	177	244	16.694092
0	177	116	16.393658
0	177	183	15.765991
0	177	30	12.574961
0	177	270	12.291552
0	177	51	12.006845
0	177	63	10.621651
0	177	3	10.467304
0	177	231	9.907278
0	177	269	8.702513
0	177	119	7.790953
0	177	265	7.784151
0	177	112	6.917867
0	177	263	6.588693
0	177	11	6.458196
0	177	113	6.122621
0	177	58	3.433016
0	177	17	2.266590
0	177	271	1.881983
0	177	61	1.505797
0	177	8	1.101823
0	177	115	0.366003
0	177	109	-0.810229
0	177	14	-1.739386
0	177	266	-3.579408
0	177	272	-3.937683
0	177	268	-5.187568
0	177	16	-5.950589
0	177	18	-8.310270
0	177	278	-8.579214
0	177	280	-9.341990
0	177	255	-9.566686
0	177	13	-10.827562
0	177	277	-11.455473
0	178	116	16.761902
0	178	244	16.464561
0	178	267	15.789993
0	178	264	15.731112
0	178	183	15.307570
0	178	30	13.848747
0	178	51	13.822247
0	178	270	13.048695
0	178	231	11.875025
0	178	3	11.533285
0	178	119	11.256632
0	178	265	10.636187
0	178	63	9.885420
0	178	263	7.882310
0	178	113	7.646718
0	178	61	7.205082
0	178	112	6.516465
0	178	269	3.860090
0	178	271	3.753395
0	178	266	2.850203
0	178	11	2.764540
0	178	115	2.671304
0	178	17	2.503164
0	178	8	-0.003153
0	178	272	-0.340332
0	178	109	-1.699577
0	178	16	-2.422604
0	178	278	-3.253314
0	178	58	-4.005819
0	178	268	-4.095285
0	178	14	-5.378663
0	178	18	-7.588171
0	178	280	-9.081717
0	178	255	-9.136288
0	178	13	-10.495639
0	178	277	-11.481886
0	179	116	15.739969
0	179	244	14.597641
0	179	264	13.748369
0	179	183	12.517733
0	179	267	12.356083
0	179	51	12.057266
0	179	63	11.072157
0	179	3	10.416888
0	179	270	10.407486
0	179	119	10.022240
0	179	112	8.332108
0	179	263	8.302151
0	179	61	7.918837
0	179	265	7.414484
0	179	30	6.298006
0	179	231	3.390493
0	179	269	3.388832
0	179	113	3.152203
0	179	17	2.941727
0	179	271	2.019122
0	179	8	0.815020
0	179	115	-0.700244
0	179	109	-1.381465
0	179	266	-2.769449
0	179	268	-3.517161
0	179	11	-3.761999
0	179	16	-3.897578
0	179	14	-6.757211
0	179	58	-7.338136
0	179	272	-7.720105
0	179	18	-8.566570
0	179	255	-9.262182
0	179	280	-9.643211
0	179	13	-9.645809
0	179	278	-9.663254
0	179	277	-11.088888
0	180	183	15.888220
0	180	264	15.444077
0	180	30	13.622690
0	180	270	12.538265
0	180	116	12.404974
0	180	244	11.328007
0	180	51	8.519608
0	180	263	8.344304
0	180	269	7.558019
0	180	267	6.383948
0	180	63	5.982657
0	180	231	4.465864
0	180	119	4.364880
0	180	266	4.282551
0	180	115	3.570021
0	180	3	3.313352
0	180	8	2.353541
0	180	17	0.575450
0	180	109	-0.004718
0	180	112	-0.365244
0	180	272	-1.167417
0	180	113	-2.241807
0	180	61	-3.342748
0	180	265	-3.456352
0	180	11	-4.490589
0	180	271	-4.669326
0	180	268	-6.480938
0	180	14	-6.771329
0	180	58	-7.643341
0	180	18	-8.461416
0	180	255	-8.621944
0	180	280	-8.863409
0	180	13	-9.469666
0	180	277	-9.538252
0	180	278	-9.644497
0	180	16	-10.181543
0	181	244	16.552952
0	181	116	16.057074
0	181	264	15.721157
0	181	183	14.495357
0	181	267	13.525969
0	181	265	12.209756
0	181	63	11.168056
0	181	270	10.770198
0	181	30	10.731667
0	181	51	10.659723
0	181	119	10.022335
0	181	3	9.791914
0	181	113	8.836224
0	181	263	7.511286
0	181	61	6.545370
0	181	231	6.129937
0	181	269	5.081184
0	181	112	3.881398
0	181	17	3.750246
0	181	8	1.200537
0	181	271	0.996921
0	181	115	-0.313272
0	181	109	-0.835198
0	181	11	-2.473512
0	181	16	-3.181051
0	181	266	-4.480784
0	181	268	-5.975863
0	181	14	-6.247016
0	181	58	-7.339020
0	181	272	-7.370407
0	181	280	-8.193742
0	181	18	-9.001759
0	181	255	-9.287058
0	181	278	-9.315003
0	181	13	-10.351207
0	181	277	-11.439472
0	182	264	15.719595
0	182	267	14.145506
0	182	51	11.560958
0	182	63	11.504495
0	182	61	9.144722
0	182	3	8.434808
0	182	112	7.613900
0	182	30	6.414519
0	182	14	5.653659
0	182	183	4.434262
0	182	269	3.947749
0	182	244	3.889612
0	182	58	3.403412
0	182	116	3.343120
0	182	8	2.570271
0	182	271	1.483336
0	182	109	1.221450
0	182	17	0.639588
0	182	272	-1.423491
0	182	268	-1.592550
0	182	265	-1.848000
0	182	270	-2.151200
0	182	119	-2.363692
0	182	11	-2.815387
0	182	231	-2.971788
0	182	113	-3.302905
0	182	263	-4.428117
0	182	16	-4.433616
0	182	266	-6.179698
0	182	18	-6.454716
0	182	115	-6.810609
0	182	280	-6.968070
0	182	13	-7.604551
0	182	278	-10.453970
0	182	255	-10.502865
0	182	277	-10.762398
0	183	267	17.645164
0	183	116	17.310291
0	183	264	16.963593
0	183	276	16.594141
0	183	288	15.995875
0	183	275	15.743899
0	183	183	15.576701
0	183	291	15.031264
0	183	292	14.947645
0	183	282	14.743719
0	183	287	14.439043
0	183	289	14.047882
0	183	294	13.926487
0	183	273	13.597408
0	183	283	13.561033
0	183	290	13.349453
0	183	285	13.052340
0	183	279	12.914566
0	183	244	12.847141
0	183	274	12.592694
0	183	18	12.328863
0	183	51	12.171830
0	183	113	11.575669
0	183	30	10.898964
0	183	3	10.764165
0	183	231	9.905334
0	183	63	9.594609
0	183	61	7.213107
0	183	112	7.075067
0	183	271	4.504770
0	183	263	3.943084
0	183	295	3.555757
0	183	270	0.722597
0	183	14	-1.365384
0	183	281	-3.500360
0	183	268	-3.989289
0	183	286	-4.013025
0	183	119	-5.613259
0	183	284	-6.241613
0	183	58	-6.890851
0	183	278	-7.292553
0	183	115	-7.664796
0	183	293	-7.779771
0	183	272	-8.150793
0	183	280	-10.377163
0	184	244	17.172541
0	184	183	16.224991
0	184	116	15.275344
0	184	264	14.771116
0	184	270	12.083655
0	184	119	11.868847
0	184	51	11.414055
0	184	267	10.675461
0	184	11	10.512630
0	184	30	10.408197
0	184	63	10.286288
0	184	61	9.275315
0	184	112	8.098054
0	184	3	7.992277
0	184	115	7.924709
0	184	263	7.762848
0	184	231	7.637090
0	184	269	5.182090
0	184	268	5.001285
0	184	8	2.027048
0	184	271	1.774431
0	184	266	0.955289
0	184	17	0.779377
0	184	255	-0.397012
0	184	265	-0.749862
0	184	109	-1.278189
0	184	58	-5.480046
0	184	272	-5.486087
0	184	113	-7.735565
0	184	14	-7.883460
0	184	18	-8.496688
0	184	13	-8.864975
0	184	16	-8.963346
0	184	278	-9.839365
0	184	280	-10.029681
0	184	277	-10.458010
0	185	244	16.554398
0	185	266	16.544161
0	185	30	15.584578
0	185	270	15.471292
0	185	183	15.435814
0	185	264	14.824854
0	185	116	14.456118
0	185	231	13.215954
0	185	267	11.876451
0	185	265	11.294218
0	185	51	10.502230
0	185	272	9.906546
0	185	63	9.103247
0	185	3	6.894039
0	185	112	6.697485
0	185	119	6.137857
0	185	263	5.601875
0	185	269	5.045492
0	185	113	4.735607
0	185	17	3.955168
0	185	8	2.602007
0	185	61	2.435447
0	185	271	1.944571
0	185	115	0.044865
0	185	109	-1.062125
0	185	14	-1.289569
0	185	255	-3.000659
0	185	268	-3.619829
0	185	16	-5.017447
0	185	278	-5.085036
0	185	58	-5.723545
0	185	11	-7.169917
0	185	18	-7.638890
0	185	280	-8.214172
0	185	13	-8.697000
0	185	277	-11.063537
0	186	244	17.439737
0	186	183	17.230297
0	186	264	16.668232
0	186	267	16.605978
0	186	116	16.151266
0	186	265	15.090557
0	186	263	14.565246
0	186	30	14.426254
0	186	270	14.232658
0	186	61	13.816215
0	186	269	12.689411
0	186	63	12.176989
0	186	266	11.788218
0	186	51	11.446497
0	186	3	11.065245
0	186	271	10.579383
0	186	112	8.415573
0	186	119	7.962343
0	186	8	2.379816
0	186	17	1.999650
0	186	113	1.284029
0	186	109	0.493726
0	186	268	-2.173995
0	186	14	-3.521570
0	186	115	-4.489341
0	186	16	-5.118971
0	186	255	-5.433869
0	186	231	-6.209537
0	186	11	-7.452122
0	186	272	-7.673022
0	186	18	-8.098841
0	186	58	-8.424675
0	186	13	-8.569464
0	186	278	-9.566150
0	186	280	-9.728007
0	186	277	-11.440349
