0	1	18	8.217546
0	1	15	7.227424
0	1	2	7.098610
0	1	5	6.976031
0	1	14	6.930533
0	1	1	5.663116
0	1	9	4.423571
0	1	11	4.172571
0	1	19	2.570391
0	1	6	2.112026
0	1	8	1.820049
0	1	4	-1.287757
0	1	10	-2.109052
0	1	0	-3.549139
0	1	3	-4.326388
0	1	13	-4.734783
0	1	7	-5.366311
0	1	16	-6.486172
0	1	12	-8.735720
0	1	17	-9.553991
0	2	2	7.669309
0	2	5	7.306157
0	2	15	7.159365
0	2	9	6.757686
0	2	1	6.362089
0	2	14	3.982659
0	2	4	2.319785
0	2	18	0.999361
0	2	8	0.186303
0	2	3	-4.107774
0	2	7	-4.636127
0	2	11	-6.474179
0	2	10	-6.484624
0	2	0	-6.599035
0	2	13	-7.960155
0	2	6	-8.372874
0	2	19	-10.231901
0	2	12	-10.734064
0	2	16	-11.052781
0	2	17	-12.104988
0	3	5	8.283125
0	3	1	8.235226
0	3	2	8.210125
0	3	18	8.161564
0	3	15	8.110764
0	3	9	6.257957
0	3	4	5.614756
0	3	10	5.508528
0	3	14	5.481748
0	3	11	3.682562
0	3	6	2.783512
0	3	8	0.163716
0	3	0	-0.350457
0	3	12	-3.114393
0	3	7	-3.825211
0	3	19	-4.162655
0	3	16	-4.337866
0	3	3	-4.475350
0	3	13	-8.131906
0	3	17	-10.370773
0	14	63	8.366327
0	14	20	7.203736
0	14	32	7.201592
0	14	27	6.743911
0	14	31	6.436301
0	14	65	6.339252
0	14	52	6.114223
0	14	38	4.407458
0	14	58	4.034562
0	14	57	3.895971
0	14	26	3.848180
0	14	62	3.788933
0	14	28	3.119472
0	14	21	2.813968
0	14	48	2.526533
0	14	56	2.491946
0	14	85	2.228544
0	14	43	2.106576
0	14	47	1.981266
0	14	22	1.232423
0	14	69	0.404674
0	14	29	0.387667
0	14	25	-0.323926
0	14	51	-0.798368
0	14	24	-1.138096
0	14	71	-1.300937
0	14	14	-1.610911
0	14	54	-1.647564
0	14	50	-1.661709
0	14	53	-1.749721
0	14	30	-2.414577
0	14	37	-2.429144
0	14	70	-2.697179
0	14	36	-2.902326
0	14	64	-2.924002
0	14	73	-3.256345
0	14	39	-3.270712
0	14	33	-3.292179
0	14	3	-3.523812
0	14	18	-3.607529
0	14	23	-3.750515
0	14	74	-3.967814
0	14	75	-4.081034
0	14	35	-4.095021
0	14	72	-4.231189
0	14	76	-4.408576
0	14	45	-4.451480
0	14	79	-4.590151
0	14	55	-5.026137
0	14	78	-5.158316
0	14	8	-5.213750
0	14	77	-5.214949
0	14	49	-5.685073
0	14	42	-5.963812
0	14	44	-6.654029
0	14	11	-6.873301
0	14	34	-6.999587
0	14	46	-7.137931
0	14	40	-7.183423
0	14	61	-8.237703
0	14	16	-8.708602
0	14	66	-8.864858
0	14	41	-9.666133
0	15	43	7.811393
0	15	32	6.914286
0	15	52	6.904429
0	15	37	6.820385
0	15	63	6.812061
0	15	21	6.379383
0	15	20	6.091956
0	15	31	5.874707
0	15	65	5.734039
0	15	26	5.128171
0	15	50	5.105408
0	15	38	4.919617
0	15	25	4.680758
0	15	62	4.344090
0	15	27	4.136422
0	15	58	4.001131
0	15	56	2.816200
0	15	48	2.495353
0	15	28	2.193211
0	15	57	1.871516
0	15	22	1.865063
0	15	53	1.396095
0	15	69	1.236947
0	15	14	1.031296
0	15	29	0.698408
0	15	64	-0.152757
0	15	85	-0.606275
0	15	51	-1.066594
0	15	42	-1.527112
0	15	47	-2.070880
0	15	71	-2.142524
0	15	18	-2.325164
0	15	39	-2.411915
0	15	23	-2.565724
0	15	30	-2.681258
0	15	54	-2.696422
0	15	36	-3.736548
0	15	11	-3.797724
0	15	24	-4.167540
0	15	74	-4.213572
0	15	3	-4.279630
0	15	75	-4.405736
0	15	33	-4.608757
0	15	35	-5.057956
0	15	79	-5.309229
0	15	73	-5.347201
0	15	45	-5.526613
0	15	77	-5.531826
0	15	72	-6.071756
0	15	49	-6.145767
0	15	78	-6.483615
0	15	55	-6.541532
0	15	8	-6.735730
0	15	46	-6.812351
0	15	70	-6.851446
0	15	34	-7.336073
0	15	16	-7.418053
0	15	61	-7.844606
0	15	40	-7.880388
0	15	44	-8.522925
0	15	76	-8.801408
0	15	66	-9.369225
0	15	41	-10.022587
0	16	43	9.975632
0	16	56	9.878258
0	16	21	9.436454
0	16	32	9.176048
0	16	63	9.114072
0	16	58	8.740773
0	16	20	8.734680
0	16	52	8.708210
0	16	62	8.517241
0	16	26	8.496227
0	16	28	8.037163
0	16	31	8.029808
0	16	22	7.913570
0	16	25	7.766159
0	16	53	7.626829
0	16	27	7.434064
0	16	65	7.195879
0	16	51	7.162174
0	16	47	6.857012
0	16	50	6.504082
0	16	37	5.879452
0	16	48	5.778174
0	16	38	5.235266
0	16	57	4.638183
0	16	29	4.349086
0	16	42	3.921471
0	16	85	3.784250
0	16	14	2.968164
0	16	54	1.227619
0	16	24	0.954969
0	16	70	0.387334
0	16	71	0.343196
0	16	35	-0.162010
0	16	69	-0.241410
0	16	73	-0.267967
0	16	46	-1.117771
0	16	30	-1.485097
0	16	64	-2.286691
0	16	44	-2.893223
0	16	49	-3.021414
0	16	3	-3.062041
0	16	36	-3.481807
0	16	76	-3.484647
0	16	72	-3.509540
0	16	23	-3.747283
0	16	39	-4.001636
0	16	75	-4.023246
0	16	40	-4.251419
0	16	33	-4.308716
0	16	78	-4.320142
0	16	79	-4.503912
0	16	8	-4.617753
0	16	66	-4.762517
0	16	45	-4.889792
0	16	18	-5.003886
0	16	77	-5.043280
0	16	74	-5.353290
0	16	34	-5.386868
0	16	61	-5.417876
0	16	55	-6.267681
0	16	41	-7.284569
0	16	16	-7.525769
0	16	11	-8.353121
0	19	37	8.481975
0	19	20	8.169575
0	19	63	8.023163
0	19	43	7.965911
0	19	21	7.453475
0	19	32	6.336904
0	19	31	6.315991
0	19	52	5.735262
0	19	65	5.088887
0	19	25	4.997888
0	19	57	4.868752
0	19	38	4.821867
0	19	26	4.662865
0	19	27	4.434788
0	19	28	3.483097
0	19	62	3.385845
0	19	58	3.151611
0	19	85	2.954288
0	19	47	2.416957
0	19	29	2.241244
0	19	22	2.011918
0	19	56	1.647683
0	19	69	1.107731
0	19	50	0.707269
0	19	51	0.506440
0	19	48	0.437025
0	19	53	-0.104941
0	19	24	-0.292595
0	19	3	-0.325871
0	19	46	-0.996474
0	19	71	-1.242563
0	19	54	-1.483665
0	19	42	-1.841128
0	19	39	-2.319759
0	19	64	-2.349769
0	19	30	-2.464816
0	19	33	-2.631260
0	19	70	-2.799628
0	19	14	-2.910784
0	19	36	-3.349546
0	19	8	-3.835482
0	19	40	-3.886776
0	19	23	-3.978673
0	19	45	-4.558922
0	19	75	-4.630980
0	19	72	-5.073230
0	19	76	-5.407810
0	19	74	-5.581646
0	19	73	-5.604358
0	19	44	-5.619007
0	19	79	-5.637239
0	19	35	-5.699246
0	19	34	-5.932629
0	19	55	-5.985881
0	19	78	-6.153193
0	19	18	-6.169902
0	19	77	-6.197539
0	19	49	-6.666437
0	19	61	-6.670767
0	19	66	-7.428387
0	19	41	-7.582560
0	19	11	-7.918631
0	19	16	-9.347131
0	22	58	8.981155
0	22	63	8.848560
0	22	56	8.757974
0	22	62	8.712463
0	22	43	8.273028
0	22	50	8.236734
0	22	32	7.684558
0	22	22	7.582090
0	22	38	7.278222
0	22	42	7.101103
0	22	52	6.345752
0	22	54	6.226526
0	22	31	6.030487
0	22	46	5.856997
0	22	21	5.811152
0	22	14	5.756519
0	22	26	5.697679
0	22	25	5.028322
0	22	51	4.625449
0	22	27	4.309262
0	22	28	3.933153
0	22	57	2.728317
0	22	20	1.887861
0	22	73	1.587756
0	22	48	1.444164
0	22	53	0.766539
0	22	37	-0.902218
0	22	24	-0.924589
0	22	47	-1.571763
0	22	65	-1.846419
0	22	69	-2.343569
0	22	36	-2.346415
0	22	23	-2.850987
0	22	49	-2.896724
0	22	64	-3.107905
0	22	29	-3.110946
0	22	30	-3.170565
0	22	70	-3.227130
0	22	75	-3.383137
0	22	3	-3.510219
0	22	39	-3.677125
0	22	71	-3.890013
0	22	35	-3.968080
0	22	18	-3.970436
0	22	76	-4.149643
0	22	85	-4.279189
0	22	55	-4.370680
0	22	16	-4.409985
0	22	78	-4.765083
0	22	33	-4.794149
0	22	79	-4.920168
0	22	77	-5.015514
0	22	45	-5.190877
0	22	72	-5.214624
0	22	66	-5.241987
0	22	74	-5.385514
0	22	61	-5.487960
0	22	40	-5.602113
0	22	8	-5.649802
0	22	34	-5.972709
0	22	44	-6.738323
0	22	11	-6.895384
0	22	41	-9.321647
0	43	91	8.759684
0	43	63	8.376125
0	43	107	7.275259
0	43	86	6.865147
0	43	89	6.663273
0	43	15	6.611552
0	43	52	5.867602
0	43	58	5.191624
0	43	26	4.689910
0	43	95	4.679807
0	43	90	4.414340
0	43	99	4.009772
0	43	14	3.744830
0	43	88	3.209525
0	43	105	2.525489
0	43	110	2.302381
0	43	108	1.399828
0	43	92	0.815650
0	43	85	0.687852
0	43	93	-0.480154
0	43	106	-0.875225
0	43	98	-1.023957
0	43	3	-1.879218
0	43	94	-1.916915
0	43	87	-2.092181
0	43	103	-2.294680
0	43	97	-3.027460
0	43	69	-3.715256
0	43	61	-3.866408
0	43	100	-5.310133
0	43	11	-6.310717
0	43	8	-6.347043
0	43	13	-7.709605
0	43	18	-7.849934
0	43	109	-8.059711
0	43	96	-8.119313
0	43	17	-12.205379
0	44	63	8.718548
0	44	15	7.753639
0	44	95	6.951121
0	44	52	6.530744
0	44	91	5.833115
0	44	86	5.083629
0	44	89	4.069877
0	44	88	2.905540
0	44	93	2.687511
0	44	26	1.981019
0	44	58	1.762194
0	44	85	1.551185
0	44	90	1.239395
0	44	18	1.201741
0	44	69	0.498220
0	44	107	-0.269702
0	44	99	-0.273226
0	44	14	-0.665573
0	44	97	-0.886031
0	44	8	-0.899314
0	44	92	-0.946578
0	44	106	-1.447604
0	44	108	-2.223779
0	44	94	-2.759369
0	44	87	-2.768135
0	44	110	-3.195471
0	44	109	-3.512105
0	44	3	-3.666677
0	44	103	-3.919178
0	44	100	-4.228285
0	44	105	-4.254615
0	44	98	-5.876238
0	44	11	-6.446224
0	44	61	-7.095407
0	44	13	-7.693340
0	44	96	-8.324334
0	44	17	-12.072665
0	54	14	3.980000
0	54	18	2.122977
0	54	8	0.316466
0	54	3	-4.183354
0	54	11	-4.662908
0	54	7	-4.677291
0	54	111	-5.000175
0	54	13	-8.474681
0	54	16	-12.042049
0	54	17	-12.133636
0	57	18	8.413979
0	57	14	6.171456
0	57	8	0.002948
0	57	3	-2.304500
0	57	7	-3.211504
0	57	111	-4.746211
0	57	13	-4.917056
0	57	11	-7.939323
0	57	17	-10.284794
0	57	16	-11.580415
0	58	18	5.437959
0	58	8	-0.989510
0	58	111	-4.089340
0	58	14	-4.285648
0	58	3	-4.356906
0	58	7	-4.730702
0	58	11	-6.405516
0	58	13	-6.775464
0	58	16	-7.069664
0	58	17	-12.098204
0	73	158	10.667265
0	73	132	9.689699
0	73	154	9.276554
0	73	150	9.255308
0	73	153	9.195135
0	73	157	8.829231
0	73	161	8.693256
0	73	163	7.935111
0	73	152	7.929298
0	73	149	7.133088
0	73	169	6.065867
0	73	156	5.495533
0	73	168	4.738415
0	73	160	4.261804
0	73	170	4.118891
0	73	159	4.056257
0	73	18	3.710737
0	73	162	2.742307
0	73	137	2.557375
0	73	148	1.863881
0	73	151	1.294912
0	73	8	0.617669
0	73	11	-0.387435
0	73	146	-1.704773
0	73	14	-3.057932
0	73	155	-4.913655
0	73	3	-5.022906
0	73	13	-6.326401
0	73	16	-10.032644
0	73	145	-10.989302
0	73	17	-11.159863
0	73	147	-11.493755
0	74	158	10.131678
0	74	132	9.102222
0	74	150	8.647963
0	74	157	8.565384
0	74	154	7.738849
0	74	161	7.530406
0	74	153	6.682174
0	74	152	6.596772
0	74	11	2.761343
0	74	163	1.708960
0	74	169	1.070016
0	74	149	0.945861
0	74	170	0.743253
0	74	160	0.026502
0	74	155	-1.613406
0	74	148	-2.726782
0	74	14	-2.797868
0	74	137	-2.953627
0	74	8	-3.116323
0	74	151	-3.868550
0	74	156	-4.463001
0	74	162	-5.269055
0	74	3	-5.361462
0	74	18	-5.461241
0	74	159	-6.416993
0	74	146	-6.737890
0	74	168	-6.874430
0	74	13	-7.979795
0	74	145	-8.106480
0	74	16	-8.252306
0	74	147	-11.618839
0	74	17	-12.634344
0	75	165	8.930166
0	75	132	8.568573
0	75	18	8.221397
0	75	128	7.577445
0	75	171	7.544086
0	75	14	7.182508
0	75	137	7.146769
0	75	166	6.950942
0	75	167	6.568521
0	75	164	4.464550
0	75	11	3.002721
0	75	160	1.820783
0	75	8	0.738961
0	75	145	-1.621467
0	75	3	-4.247837
0	75	146	-7.137874
0	75	13	-7.345069
0	75	147	-7.900904
0	75	16	-10.540699
0	75	17	-11.796176
0	77	165	8.823777
0	77	166	8.270327
0	77	18	7.999305
0	77	128	7.826614
0	77	171	7.741571
0	77	14	7.358136
0	77	132	4.160210
0	77	137	3.782945
0	77	145	3.562301
0	77	164	2.923340
0	77	13	2.780988
0	77	167	2.597094
0	77	11	1.190552
0	77	8	0.886759
0	77	160	-2.507582
0	77	146	-3.390384
0	77	3	-4.090760
0	77	16	-5.979291
0	77	147	-6.580407
0	77	17	-9.887320
0	94	116	8.886110
0	94	188	8.058590
0	94	15	6.536143
0	94	14	5.777712
0	94	63	4.540298
0	94	99	4.319206
0	94	200	3.843155
0	94	51	3.785708
0	94	113	3.326169
0	94	193	2.851011
0	94	122	2.813186
0	94	196	1.248252
0	94	192	0.960199
0	94	201	-0.560335
0	94	190	-0.661261
0	94	202	-1.307024
0	94	206	-1.625371
0	94	8	-1.952200
0	94	189	-2.694278
0	94	197	-2.723287
0	94	203	-2.816340
0	94	18	-2.843022
0	94	109	-3.015473
0	94	3	-3.601470
0	94	217	-4.047526
0	94	199	-5.367251
0	94	209	-6.449716
0	94	194	-6.513149
0	94	195	-6.705150
0	94	205	-7.172814
0	94	204	-7.530191
0	94	210	-7.914896
0	94	13	-8.452698
0	94	126	-8.746311
0	94	187	-8.779405
0	94	207	-9.182549
0	94	212	-9.309554
0	94	198	-9.671265
0	94	16	-10.349498
0	94	191	-10.498404
0	94	208	-11.738508
0	94	17	-12.562428
0	95	18	6.367856
0	95	14	5.951758
0	95	198	5.901747
0	95	201	5.468285
0	95	116	5.442252
0	95	199	5.169532
0	95	122	4.672599
0	95	15	3.566277
0	95	113	2.237629
0	95	210	2.138988
0	95	193	0.827950
0	95	200	0.719463
0	95	190	0.316361
0	95	99	0.310998
0	95	17	0.303377
0	95	204	0.247141
0	95	194	-0.059028
0	95	203	-0.330745
0	95	206	-0.619628
0	95	187	-0.806069
0	95	209	-0.885999
0	95	195	-1.077392
0	95	8	-1.173018
0	95	207	-1.227906
0	95	188	-1.257803
0	95	63	-1.298207
0	95	192	-1.693231
0	95	197	-1.745984
0	95	13	-2.010553
0	95	205	-2.479262
0	95	202	-2.690213
0	95	196	-3.398466
0	95	217	-3.658988
0	95	191	-4.309812
0	95	189	-4.335771
0	95	3	-4.469521
0	95	208	-4.649961
0	95	51	-5.320856
0	95	16	-5.400249
0	95	212	-5.797944
0	95	126	-7.606486
0	95	109	-8.011243
0	96	63	9.112339
0	96	116	8.993732
0	96	122	7.783954
0	96	188	7.707613
0	96	15	7.504786
0	96	99	4.984343
0	96	190	3.838928
0	96	200	3.552059
0	96	201	1.969787
0	96	192	1.791823
0	96	206	1.215071
0	96	51	0.992987
0	96	193	0.256615
0	96	113	-1.677311
0	96	14	-1.927319
0	96	199	-2.232140
0	96	202	-2.584630
0	96	196	-2.623312
0	96	8	-2.638215
0	96	197	-2.783751
0	96	3	-3.759051
0	96	203	-4.155791
0	96	189	-4.170616
0	96	18	-4.193721
0	96	217	-4.458169
0	96	204	-4.471757
0	96	198	-5.818517
0	96	195	-6.494016
0	96	126	-6.534059
0	96	187	-6.572897
0	96	16	-6.768745
0	96	194	-6.868309
0	96	109	-7.164846
0	96	13	-7.485546
0	96	209	-7.660782
0	96	210	-7.695183
0	96	205	-8.195264
0	96	17	-8.236073
0	96	208	-8.569412
0	96	212	-9.097401
0	96	207	-9.288824
0	96	191	-9.581749
0	99	122	8.390759
0	99	211	7.556088
0	99	15	7.475232
0	99	63	7.317943
0	99	188	5.342879
0	99	190	4.512052
0	99	193	3.803747
0	99	116	2.997828
0	99	200	2.216494
0	99	206	2.049629
0	99	196	1.570768
0	99	113	1.035047
0	99	51	-0.191202
0	99	99	-0.897503
0	99	203	-0.971407
0	99	14	-2.350776
0	99	192	-2.654311
0	99	18	-3.488317
0	99	3	-3.680636
0	99	109	-3.879007
0	99	202	-3.950012
0	99	189	-4.050666
0	99	217	-4.180893
0	99	199	-4.599149
0	99	8	-4.806952
0	99	201	-4.855793
0	99	197	-5.166605
0	99	204	-5.201684
0	99	212	-5.318253
0	99	195	-6.142938
0	99	16	-6.272479
0	99	209	-6.277239
0	99	126	-6.524537
0	99	198	-6.583412
0	99	194	-6.612082
0	99	13	-6.675681
0	99	207	-7.594794
0	99	191	-8.216614
0	99	205	-8.303153
0	99	210	-9.165314
0	100	63	8.947627
0	100	188	8.639409
0	100	15	7.403035
0	100	122	6.784467
0	100	211	5.945010
0	100	190	4.750922
0	100	206	2.901442
0	100	196	2.894037
0	100	200	1.198340
0	100	99	0.793629
0	100	51	-0.109128
0	100	193	-0.277596
0	100	18	-0.301645
0	100	113	-0.343278
0	100	116	-1.142035
0	100	192	-2.422173
0	100	203	-2.607702
0	100	109	-3.269573
0	100	201	-3.719665
0	100	189	-3.812799
0	100	3	-4.367255
0	100	14	-4.476483
0	100	202	-4.569004
0	100	217	-4.807463
0	100	194	-4.866367
0	100	8	-4.973347
0	100	199	-5.398857
0	100	197	-5.491745
0	100	195	-5.685098
0	100	209	-5.834294
0	100	126	-6.044341
0	100	204	-6.092560
0	100	198	-6.294755
0	100	16	-6.666543
0	100	13	-8.122810
0	100	207	-8.165508
0	100	191	-8.848902
0	100	212	-8.961025
0	100	205	-9.073048
0	100	210	-9.335962
0	123	201	8.473819
0	123	228	8.375771
0	123	235	8.072098
0	123	18	7.734234
0	123	122	7.065882
0	123	188	6.893636
0	123	196	6.568753
0	123	229	6.265260
0	123	233	6.202507
0	123	190	5.218806
0	123	239	5.156705
0	123	243	4.808397
0	123	223	4.718126
0	123	238	4.572595
0	123	227	4.458272
0	123	224	2.873439
0	123	232	2.541606
0	123	14	1.711917
0	123	225	1.418952
0	123	230	1.364099
0	123	99	1.208496
0	123	8	1.032151
0	123	237	0.217312
0	123	199	-0.562805
0	123	245	-0.774616
0	123	116	-1.148845
0	123	246	-1.209358
0	123	51	-1.567257
0	123	222	-2.834668
0	123	221	-2.986017
0	123	3	-3.021858
0	123	242	-4.008094
0	123	240	-4.048336
0	123	241	-4.108290
0	123	217	-4.521999
0	123	231	-4.871683
0	123	198	-4.960975
0	123	197	-5.177752
0	123	244	-5.767633
0	123	247	-6.352904
0	123	11	-6.759687
0	123	236	-6.805468
0	123	226	-7.120753
0	123	187	-7.727255
0	123	234	-8.065122
0	123	96	-8.233507
0	123	210	-8.441684
0	123	208	-8.477140
0	123	207	-9.440084
0	123	16	-9.449088
0	123	191	-9.925229
0	124	18	8.842127
0	124	201	8.594951
0	124	122	7.615705
0	124	233	7.242212
0	124	188	6.838310
0	124	14	6.431138
0	124	232	6.340294
0	124	229	5.481055
0	124	228	4.834998
0	124	199	4.398967
0	124	235	3.645905
0	124	221	3.223755
0	124	223	2.952930
0	124	238	2.769000
0	124	225	2.645703
0	124	8	2.518826
0	124	245	1.699413
0	124	51	1.483688
0	124	224	1.423578
0	124	240	-0.099049
0	124	239	-0.164625
0	124	210	-0.614502
0	124	236	-0.729330
0	124	99	-1.103308
0	124	207	-1.471156
0	124	227	-1.488086
0	124	190	-1.498322
0	124	243	-1.550425
0	124	242	-1.811095
0	124	187	-2.589921
0	124	3	-2.902531
0	124	230	-3.125030
0	124	196	-3.267704
0	124	116	-4.387816
0	124	244	-4.464622
0	124	237	-4.606858
0	124	246	-5.078584
0	124	217	-5.693136
0	124	231	-5.851896
0	124	197	-5.928138
0	124	191	-6.415317
0	124	208	-6.712785
0	124	11	-6.944753
0	124	198	-7.485938
0	124	222	-7.672638
0	124	234	-7.917879
0	124	241	-8.300486
0	124	247	-8.782418
0	124	226	-9.386681
0	124	96	-9.678902
0	124	16	-9.990271
0	125	122	8.979330
0	125	18	8.515310
0	125	224	8.325750
0	125	233	7.852668
0	125	229	7.733306
0	125	235	7.678651
0	125	201	7.282470
0	125	232	7.113873
0	125	223	6.540775
0	125	243	6.257834
0	125	228	5.248580
0	125	188	4.962492
0	125	238	4.761106
0	125	239	4.744267
0	125	227	4.376243
0	125	8	4.177130
0	125	116	3.917755
0	125	14	3.756670
0	125	190	3.573521
0	125	244	2.139951
0	125	221	2.127630
0	125	99	1.430856
0	125	236	1.419723
0	125	51	1.050284
0	125	207	0.996430
0	125	230	0.341711
0	125	234	0.134312
0	125	245	-0.498674
0	125	225	-0.781797
0	125	246	-0.836178
0	125	222	-1.152920
0	125	237	-1.247131
0	125	240	-1.980924
0	125	242	-2.354155
0	125	187	-2.372217
0	125	3	-2.473855
0	125	196	-2.668986
0	125	197	-3.338025
0	125	11	-3.678917
0	125	217	-4.163843
0	125	210	-4.276926
0	125	199	-4.719810
0	125	198	-4.924746
0	125	231	-5.875806
0	125	241	-6.113917
0	125	247	-6.208592
0	125	226	-6.458595
0	125	208	-7.346440
0	125	16	-8.199292
0	125	191	-8.956886
0	125	96	-9.769519
0	126	14	8.245978
0	126	188	8.242915
0	126	233	8.178829
0	126	122	7.968690
0	126	116	7.554718
0	126	236	7.391878
0	126	18	7.291902
0	126	229	7.145255
0	126	235	6.314872
0	126	240	6.280217
0	126	201	6.071180
0	126	222	6.041429
0	126	239	6.002737
0	126	221	5.974856
0	126	227	5.900017
0	126	223	5.773688
0	126	244	5.207729
0	126	238	4.798006
0	126	232	4.500954
0	126	190	4.478491
0	126	245	3.835153
0	126	224	3.413260
0	126	243	3.205206
0	126	226	2.297182
0	126	228	1.171326
0	126	99	0.584993
0	126	8	0.197810
0	126	11	-0.190566
0	126	241	-1.064430
0	126	246	-1.339641
0	126	51	-1.424159
0	126	207	-1.477529
0	126	237	-1.665441
0	126	225	-1.832525
0	126	242	-2.739704
0	126	210	-2.963685
0	126	3	-3.251717
0	126	230	-3.313646
0	126	196	-3.462358
0	126	217	-3.888895
0	126	199	-4.187192
0	126	197	-4.254839
0	126	198	-4.733524
0	126	187	-5.050044
0	126	231	-5.971920
0	126	234	-6.157339
0	126	247	-7.479384
0	126	191	-7.678223
0	126	208	-9.285898
0	126	96	-9.717787
0	126	16	-10.997540
0	127	233	9.046513
0	127	229	8.172701
0	127	238	8.170484
0	127	188	8.133162
0	127	122	8.112883
0	127	232	6.609553
0	127	201	6.309203
0	127	190	4.655696
0	127	228	3.976645
0	127	14	3.850537
0	127	223	2.946290
0	127	235	2.539436
0	127	51	2.536113
0	127	18	2.343836
0	127	245	2.000043
0	127	116	1.771267
0	127	243	1.676197
0	127	224	0.835709
0	127	221	0.461527
0	127	242	0.203790
0	127	239	0.102803
0	127	3	-0.727287
0	127	8	-1.023328
0	127	237	-1.715288
0	127	225	-1.879269
0	127	207	-1.960990
0	127	241	-2.791890
0	127	99	-3.217069
0	127	196	-3.567310
0	127	240	-3.592648
0	127	16	-4.024845
0	127	230	-4.054432
0	127	217	-4.207481
0	127	231	-5.183338
0	127	199	-5.302998
0	127	244	-6.215492
0	127	234	-6.623172
0	127	222	-6.952521
0	127	227	-6.964535
0	127	236	-7.040794
0	127	198	-7.096845
0	127	247	-7.266040
0	127	197	-7.314931
0	127	208	-8.110057
0	127	11	-8.543496
0	127	246	-8.812360
0	127	187	-9.262083
0	127	226	-9.302334
0	127	210	-9.677874
0	127	191	-10.061726
0	127	96	-10.176886
0	144	63	7.103758
0	144	248	5.551820
0	144	252	5.314175
0	144	253	3.731736
0	144	251	3.131339
0	144	200	2.720206
0	144	110	-1.052660
0	144	201	-1.675095
0	144	258	-1.764143
0	144	254	-2.060993
0	144	3	-2.084720
0	144	18	-2.207305
0	144	14	-2.244425
0	144	257	-2.447426
0	144	199	-4.521443
0	144	8	-5.283573
0	144	250	-5.719965
0	144	249	-5.741571
0	144	113	-5.936617
0	144	187	-5.985499
0	144	256	-6.161674
0	144	16	-6.261243
0	144	13	-6.321812
0	144	191	-6.711378
0	144	109	-7.826003
0	144	11	-8.558930
0	144	208	-9.799852
0	144	255	-10.242815
0	144	17	-10.373392
0	145	18	8.809416
0	145	63	7.896247
0	145	252	7.799083
0	145	253	7.719751
0	145	251	7.336237
0	145	201	6.483706
0	145	14	4.865794
0	145	248	4.848485
0	145	200	2.507967
0	145	254	2.384115
0	145	258	0.888288
0	145	257	-0.224471
0	145	199	-1.711852
0	145	8	-3.132730
0	145	110	-3.358891
0	145	3	-3.753050
0	145	256	-5.087288
0	145	187	-5.961709
0	145	249	-6.486725
0	145	113	-7.232404
0	145	16	-7.737782
0	145	13	-8.126576
0	145	11	-8.590322
0	145	109	-8.974794
0	145	250	-9.151913
0	145	191	-9.673630
0	145	255	-10.688894
0	145	17	-12.393670
0	145	208	-12.439687
0	146	18	7.184345
0	146	257	6.580130
0	146	14	4.639408
0	146	251	4.614450
0	146	201	4.145452
0	146	199	3.648052
0	146	248	1.156252
0	146	258	0.957807
0	146	63	0.905370
0	146	252	0.388908
0	146	200	0.294966
0	146	8	0.217246
0	146	253	-3.303702
0	146	110	-3.344117
0	146	3	-3.565066
0	146	256	-5.538641
0	146	16	-6.966504
0	146	254	-7.074232
0	146	250	-7.551959
0	146	187	-7.753191
0	146	249	-7.866081
0	146	11	-8.312114
0	146	13	-8.996126
0	146	191	-9.395229
0	146	109	-9.974951
0	146	113	-10.193373
0	146	255	-11.015508
0	146	17	-11.456951
0	146	208	-11.863231
0	147	257	7.905385
0	147	63	7.779980
0	147	248	6.307238
0	147	254	5.533587
0	147	252	4.824567
0	147	14	3.308054
0	147	251	3.018001
0	147	258	1.905431
0	147	253	1.817649
0	147	200	1.430731
0	147	110	0.095967
0	147	199	-0.203664
0	147	8	-1.184319
0	147	201	-1.455572
0	147	3	-3.867858
0	147	250	-4.322742
0	147	11	-4.409157
0	147	249	-5.551953
0	147	109	-5.596406
0	147	18	-6.355185
0	147	187	-7.065237
0	147	13	-7.432924
0	147	16	-8.030953
0	147	256	-8.205637
0	147	191	-8.287871
0	147	113	-9.766014
0	147	255	-10.648348
0	147	208	-11.144943
0	147	17	-12.364165
0	148	63	4.763147
0	148	248	4.347037
0	148	252	3.390832
0	148	257	1.745225
0	148	258	0.985323
0	148	201	0.319857
0	148	200	-0.045759
0	148	253	-1.299413
0	148	254	-2.234394
0	148	199	-2.336315
0	148	3	-2.406826
0	148	8	-2.650456
0	148	110	-3.729995
0	148	113	-5.473630
0	148	14	-5.931034
0	148	249	-6.624739
0	148	18	-7.567459
0	148	251	-7.786506
0	148	13	-7.788947
0	148	11	-8.630576
0	148	250	-9.218420
0	148	109	-9.321936
0	148	256	-9.445017
0	148	191	-10.344788
0	148	187	-10.944736
0	148	208	-10.948158
0	148	16	-10.982612
0	148	255	-11.454262
0	148	17	-12.210667
0	150	251	6.941769
0	150	253	5.832815
0	150	201	4.791870
0	150	248	4.410174
0	150	252	3.926234
0	150	14	3.229220
0	150	200	1.803672
0	150	257	1.465541
0	150	18	1.236332
0	150	8	0.057882
0	150	63	-0.275402
0	150	199	-2.028339
0	150	258	-2.059472
0	150	110	-3.154163
0	150	254	-3.501135
0	150	250	-3.933796
0	150	3	-4.571641
0	150	256	-5.321302
0	150	249	-5.367132
0	150	109	-5.712759
0	150	13	-6.033469
0	150	187	-6.787799
0	150	11	-7.407341
0	150	16	-7.465227
0	150	208	-9.144487
0	150	255	-9.704160
0	150	191	-10.298491
0	150	113	-10.386443
0	150	17	-11.935158
0	177	264	10.378290
0	177	183	9.948687
0	177	116	8.964978
0	177	63	8.465843
0	177	267	7.938778
0	177	244	7.667541
0	177	263	7.185044
0	177	270	6.595814
0	177	269	6.272784
0	177	115	6.256371
0	177	14	3.957880
0	177	268	3.934578
0	177	265	3.328465
0	177	58	3.203343
0	177	271	0.680401
0	177	112	-0.408322
0	177	30	-0.681842
0	177	119	-1.035541
0	177	51	-1.794186
0	177	8	-1.871579
0	177	266	-1.983449
0	177	3	-2.523527
0	177	231	-2.770973
0	177	61	-4.993284
0	177	18	-5.518409
0	177	280	-7.722679
0	177	13	-7.895671
0	177	11	-8.046679
0	177	113	-8.613140
0	177	109	-8.937774
0	177	272	-9.775398
0	177	17	-9.982683
0	177	278	-10.061956
0	177	255	-10.401866
0	177	277	-11.530281
0	177	16	-12.135068
0	178	116	8.630922
0	178	264	7.965729
0	178	183	7.823377
0	178	63	7.545342
0	178	115	7.097921
0	178	267	3.881772
0	178	269	3.701626
0	178	270	3.673506
0	178	268	3.665536
0	178	263	2.987756
0	178	58	2.664458
0	178	14	1.538970
0	178	271	0.546491
0	178	112	0.519202
0	178	244	0.173377
0	178	113	-0.342437
0	178	280	-0.391622
0	178	51	-1.258337
0	178	18	-1.610810
0	178	8	-2.164576
0	178	30	-2.670136
0	178	265	-3.004742
0	178	266	-3.659591
0	178	119	-4.094076
0	178	3	-4.187841
0	178	109	-6.401270
0	178	61	-6.478436
0	178	11	-6.479554
0	178	231	-6.738111
0	178	17	-7.357422
0	178	13	-7.984795
0	178	16	-9.140494
0	178	278	-9.359549
0	178	272	-10.258555
0	178	255	-10.610635
0	178	277	-11.065077
0	179	116	8.230309
0	179	183	8.146832
0	179	264	6.586022
0	179	63	6.346408
0	179	115	5.650475
0	179	269	5.482714
0	179	263	5.427416
0	179	268	4.183614
0	179	267	3.758539
0	179	265	3.662127
0	179	270	3.522416
0	179	244	2.665389
0	179	58	0.579010
0	179	112	0.243272
0	179	30	-0.262988
0	179	271	-0.320152
0	179	8	-2.065461
0	179	266	-2.282470
0	179	51	-2.416920
0	179	3	-4.414167
0	179	119	-5.045581
0	179	61	-5.515489
0	179	109	-6.010632
0	179	18	-6.651981
0	179	231	-7.818278
0	179	13	-7.899487
0	179	14	-7.905509
0	179	11	-7.989517
0	179	255	-9.467028
0	179	113	-9.898294
0	179	280	-9.982442
0	179	272	-10.386465
0	179	16	-10.515694
0	179	277	-10.815486
0	179	278	-10.826399
0	179	17	-12.660664
0	180	183	9.840651
0	180	264	9.460089
0	180	263	8.487923
0	180	116	6.914157
0	180	270	6.655560
0	180	244	6.341289
0	180	115	5.416451
0	180	30	4.432002
0	180	119	4.132121
0	180	14	3.983546
0	180	269	3.926991
0	180	266	3.915565
0	180	267	2.899074
0	180	265	1.190916
0	180	18	-0.825208
0	180	268	-1.022410
0	180	8	-1.385689
0	180	63	-1.534324
0	180	112	-3.533738
0	180	271	-3.587490
0	180	3	-4.094708
0	180	231	-4.610473
0	180	13	-4.710433
0	180	61	-4.996987
0	180	11	-5.000624
0	180	58	-6.680842
0	180	280	-7.450422
0	180	51	-7.654007
0	180	277	-8.936427
0	180	272	-9.252729
0	180	109	-9.326117
0	180	113	-9.366594
0	180	255	-9.479397
0	180	278	-11.050876
0	180	17	-11.492038
0	180	16	-11.617794
0	181	183	10.278002
0	181	116	9.462885
0	181	264	9.159395
0	181	263	7.881975
0	181	115	6.142100
0	181	265	6.006784
0	181	270	5.993224
0	181	269	5.557401
0	181	63	4.760973
0	181	244	3.309905
0	181	268	1.964240
0	181	271	-1.953771
0	181	119	-3.278179
0	181	3	-3.873877
0	181	266	-3.999530
0	181	30	-4.861336
0	181	58	-5.229563
0	181	112	-5.465963
0	181	61	-5.581574
0	181	267	-5.861644
0	181	14	-5.958156
0	181	8	-7.015582
0	181	51	-7.110476
0	181	113	-7.731221
0	181	231	-7.743700
0	181	13	-8.409979
0	181	18	-8.589614
0	181	11	-8.667996
0	181	280	-9.367516
0	181	272	-10.263420
0	181	109	-10.299949
0	181	278	-10.752201
0	181	277	-11.084696
0	181	255	-11.088093
0	181	17	-12.069651
0	181	16	-12.105719
0	182	183	9.394239
0	182	18	8.252893
0	182	264	8.084597
0	182	63	7.971578
0	182	115	6.745256
0	182	270	6.351053
0	182	116	6.040122
0	182	265	5.853491
0	182	269	5.505237
0	182	267	5.375343
0	182	244	5.330819
0	182	268	5.206512
0	182	14	4.920214
0	182	112	2.956071
0	182	58	2.704335
0	182	263	2.643858
0	182	271	1.338216
0	182	8	1.088279
0	182	119	0.893913
0	182	113	0.499351
0	182	30	-0.197647
0	182	51	-0.996739
0	182	3	-2.035651
0	182	280	-2.340741
0	182	266	-2.511080
0	182	109	-3.416311
0	182	61	-4.031561
0	182	16	-4.180946
0	182	231	-4.216228
0	182	13	-6.416422
0	182	17	-7.089299
0	182	277	-7.196516
0	182	11	-8.640667
0	182	255	-9.404427
0	182	278	-9.590481
0	182	272	-10.128643
0	183	116	9.873682
0	183	264	9.705982
0	183	267	9.548577
0	183	183	8.685907
0	183	291	8.156775
0	183	276	7.688912
0	183	275	7.332179
0	183	294	6.700161
0	183	63	6.367185
0	183	113	6.248204
0	183	279	5.705714
0	183	115	4.855246
0	183	263	4.605050
0	183	273	4.362890
0	183	14	4.012933
0	183	268	3.593784
0	183	274	3.082684
0	183	285	3.079788
0	183	288	1.852864
0	183	58	1.669914
0	183	51	1.613362
0	183	112	1.301708
0	183	270	1.057246
0	183	283	0.685121
0	183	18	0.176293
0	183	231	-0.038412
0	183	30	-0.098988
0	183	290	-0.728012
0	183	282	-0.999977
0	183	289	-1.174557
0	183	271	-1.656036
0	183	286	-2.294396
0	183	284	-2.626714
0	183	61	-2.957988
0	183	292	-3.095699
0	183	295	-3.248211
0	183	3	-3.370853
0	183	281	-4.165169
0	183	244	-4.178924
0	183	293	-5.620870
0	183	119	-6.247680
0	183	287	-6.700444
0	183	272	-9.582918
0	183	278	-10.113171
0	183	280	-10.822588
0	184	183	10.348127
0	184	244	8.588581
0	184	263	8.443850
0	184	119	8.431946
0	184	115	8.137234
0	184	266	7.905921
0	184	11	7.442183
0	184	116	7.336194
0	184	63	7.266681
0	184	264	6.387013
0	184	268	6.101333
0	184	270	5.945112
0	184	267	5.108323
0	184	269	4.743290
0	184	265	4.667706
0	184	61	2.769175
0	184	112	1.818809
0	184	271	1.396915
0	184	30	-0.708742
0	184	8	-1.157723
0	184	255	-2.088339
0	184	231	-3.210453
0	184	51	-3.601923
0	184	58	-3.629018
0	184	18	-3.729978
0	184	3	-4.461515
0	184	14	-7.236602
0	184	13	-7.664537
0	184	278	-8.143371
0	184	113	-8.690196
0	184	109	-8.939175
0	184	277	-9.038980
0	184	280	-10.194637
0	184	272	-10.231259
0	184	16	-11.252769
0	184	17	-12.259682
0	185	183	10.291380
0	185	264	10.105205
0	185	270	8.160461
0	185	116	7.515370
0	185	265	7.302371
0	185	244	6.637126
0	185	30	6.461142
0	185	269	5.994647
0	185	115	5.901074
0	185	263	5.047695
0	185	14	2.693887
0	185	8	1.491899
0	185	266	1.211178
0	185	18	0.183997
0	185	271	0.156850
0	185	267	-0.825153
0	185	268	-1.117103
0	185	3	-3.294164
0	185	51	-3.430387
0	185	119	-4.264003
0	185	112	-4.555184
0	185	231	-4.703641
0	185	63	-5.065760
0	185	13	-5.493220
0	185	58	-6.794883
0	185	61	-7.167638
0	185	113	-8.151522
0	185	11	-8.218124
0	185	272	-8.875382
0	185	280	-8.975213
0	185	109	-9.818090
0	185	278	-10.166843
0	185	255	-10.759710
0	185	277	-11.428420
0	185	16	-11.800610
0	185	17	-12.355600
0	186	183	10.279497
0	186	263	9.968479
0	186	116	9.301562
0	186	264	9.131300
0	186	244	7.727926
0	186	265	7.611500
0	186	270	7.074173
0	186	269	6.631792
0	186	267	5.898692
0	186	18	5.717741
0	186	61	5.311686
0	186	63	5.107620
0	186	119	3.825149
0	186	30	3.376495
0	186	115	2.811787
0	186	14	2.090975
0	186	268	1.988274
0	186	112	1.261692
0	186	271	0.639384
0	186	113	0.168087
0	186	8	-0.570800
0	186	266	-1.086473
0	186	51	-2.079740
0	186	3	-3.919655
0	186	13	-7.311498
0	186	58	-7.632771
0	186	11	-8.587194
0	186	231	-8.680433
0	186	255	-9.214400
0	186	280	-10.304490
0	186	109	-10.678010
0	186	272	-10.797894
0	186	278	-10.904965
0	186	277	-11.019043
0	186	16	-12.200867
0	186	17	-12.256713
