0	1	1	10.702313
0	1	6	10.651051
0	1	9	10.587734
0	1	8	10.296100
0	1	15	10.226431
0	1	2	9.813948
0	1	19	9.274179
0	1	5	9.079787
0	1	14	8.557732
0	1	11	8.414494
0	1	3	8.174003
0	1	10	7.703930
0	1	18	6.784928
0	1	0	5.274806
0	1	4	3.159757
0	1	12	1.696108
0	1	16	1.472131
0	1	13	0.704392
0	1	17	-0.008278
0	1	7	-0.328719
0	2	15	12.029928
0	2	9	11.920913
0	2	2	11.865258
0	2	1	11.666044
0	2	5	11.647984
0	2	8	10.927386
0	2	14	10.580866
0	2	3	10.380799
0	2	6	10.212349
0	2	0	9.464605
0	2	12	8.601040
0	2	19	8.411517
0	2	18	8.193719
0	2	11	7.415655
0	2	10	7.033689
0	2	4	6.152794
0	2	17	-0.010115
0	2	7	-0.201722
0	2	13	-0.251561
0	2	16	-0.302148
0	3	1	11.997678
0	3	9	11.783094
0	3	15	11.098489
0	3	5	10.965196
0	3	2	10.604115
0	3	10	10.581665
0	3	6	10.455420
0	3	14	10.440855
0	3	4	9.804039
0	3	19	9.508754
0	3	0	9.309821
0	3	12	9.241632
0	3	8	8.978413
0	3	3	8.849370
0	3	11	6.555759
0	3	17	3.975511
0	3	16	3.765558
0	3	18	2.720592
0	3	7	-0.492349
0	3	13	-0.492790
0	14	27	9.788892
0	14	31	9.439748
0	14	43	8.911981
0	14	28	8.858530
0	14	32	8.458021
0	14	14	8.249866
0	14	21	8.195731
0	14	63	8.123432
0	14	56	8.100403
0	14	45	8.005050
0	14	58	7.782835
0	14	57	7.748188
0	14	51	7.417816
0	14	52	7.323569
0	14	26	7.147405
0	14	3	7.007407
0	14	47	6.855789
0	14	36	6.594777
0	14	22	5.941830
0	14	30	5.892466
0	14	38	5.363995
0	14	85	5.177358
0	14	20	4.122895
0	14	72	3.245512
0	14	46	3.103458
0	14	8	2.839935
0	14	54	2.667494
0	14	40	2.645652
0	14	61	2.601294
0	14	11	2.592383
0	14	37	2.548994
0	14	48	2.392646
0	14	50	2.245269
0	14	74	1.821000
0	14	79	1.520039
0	14	33	1.517313
0	14	42	1.274382
0	14	18	1.168321
0	14	66	1.054005
0	14	25	1.044550
0	14	29	0.920127
0	14	62	0.912781
0	14	49	0.908894
0	14	69	0.823311
0	14	23	0.779464
0	14	71	0.723285
0	14	65	0.675314
0	14	34	0.629097
0	14	41	0.628224
0	14	39	0.610769
0	14	75	0.606014
0	14	73	0.575025
0	14	76	0.516564
0	14	70	0.505360
0	14	24	0.482841
0	14	55	0.442547
0	14	53	0.429370
0	14	44	0.396127
0	14	78	0.275176
0	14	77	0.240643
0	14	64	0.083647
0	14	35	0.073660
0	14	16	-0.360986
0	15	43	8.883266
0	15	14	8.834962
0	15	31	8.363390
0	15	63	8.353604
0	15	28	8.339521
0	15	51	8.253666
0	15	50	8.133409
0	15	57	7.976305
0	15	56	7.545985
0	15	32	7.419338
0	15	27	7.350326
0	15	36	6.989028
0	15	52	6.333090
0	15	58	5.420216
0	15	8	5.069294
0	15	11	4.970510
0	15	37	4.952623
0	15	38	4.580328
0	15	61	4.565854
0	15	21	4.527898
0	15	46	4.262781
0	15	22	4.000573
0	15	3	3.834120
0	15	26	3.823786
0	15	62	3.665438
0	15	23	3.627575
0	15	74	3.626499
0	15	20	3.582630
0	15	45	3.484168
0	15	30	2.757155
0	15	42	2.472387
0	15	54	2.174877
0	15	40	2.137743
0	15	85	2.108818
0	15	25	2.087135
0	15	47	1.997743
0	15	48	1.835552
0	15	79	1.598880
0	15	72	1.498077
0	15	29	1.294663
0	15	33	1.127602
0	15	49	0.956027
0	15	71	0.952525
0	15	53	0.810932
0	15	18	0.787035
0	15	65	0.661797
0	15	66	0.661385
0	15	39	0.539467
0	15	70	0.520712
0	15	73	0.477323
0	15	76	0.469169
0	15	41	0.467025
0	15	24	0.456384
0	15	34	0.367260
0	15	69	0.331276
0	15	44	0.307871
0	15	55	0.294635
0	15	64	0.287867
0	15	78	0.181391
0	15	75	0.149141
0	15	77	0.118787
0	15	35	0.041749
0	15	16	0.026774
0	16	56	12.075780
0	16	51	12.071622
0	16	21	11.846476
0	16	43	11.693339
0	16	58	11.664151
0	16	32	11.566171
0	16	63	11.435071
0	16	52	11.287233
0	16	28	11.213281
0	16	26	11.098975
0	16	54	11.057954
0	16	31	10.932201
0	16	14	10.612587
0	16	20	10.259270
0	16	57	10.236470
0	16	72	10.019020
0	16	3	9.988647
0	16	22	9.957261
0	16	47	9.914854
0	16	30	9.757466
0	16	50	9.300299
0	16	27	9.252917
0	16	62	9.158114
0	16	45	9.119251
0	16	25	9.066064
0	16	53	8.475850
0	16	48	8.264039
0	16	42	6.501090
0	16	37	5.224997
0	16	79	5.171522
0	16	29	3.765557
0	16	18	3.753027
0	16	85	3.670628
0	16	36	2.854722
0	16	74	2.833677
0	16	35	2.634051
0	16	61	2.472801
0	16	8	1.990859
0	16	23	1.744996
0	16	69	1.732057
0	16	46	1.593258
0	16	11	1.498141
0	16	40	1.472189
0	16	38	1.447752
0	16	49	1.306049
0	16	64	1.168429
0	16	70	1.081939
0	16	75	1.069641
0	16	76	0.983065
0	16	65	0.904684
0	16	33	0.873136
0	16	41	0.803448
0	16	24	0.699329
0	16	44	0.697354
0	16	71	0.671208
0	16	66	0.637726
0	16	39	0.607271
0	16	34	0.532472
0	16	16	0.527293
0	16	73	0.510536
0	16	55	0.237865
0	16	77	0.215742
0	16	78	0.102434
0	19	57	10.539683
0	19	3	10.320921
0	19	26	9.550243
0	19	46	9.544430
0	19	31	9.335637
0	19	29	9.293072
0	19	51	9.276433
0	19	37	9.221046
0	19	27	8.912737
0	19	56	8.748085
0	19	43	8.735281
0	19	21	8.527057
0	19	22	8.374181
0	19	32	8.306039
0	19	63	8.199918
0	19	28	8.170587
0	19	20	8.065474
0	19	42	8.037470
0	19	38	7.990345
0	19	85	7.974354
0	19	14	6.786213
0	19	33	6.759423
0	19	48	6.731901
0	19	36	6.725412
0	19	61	6.635076
0	19	45	6.477114
0	19	11	6.373361
0	19	50	6.303417
0	19	58	6.231363
0	19	52	6.135481
0	19	25	6.017221
0	19	40	5.713976
0	19	47	5.588580
0	19	8	4.808396
0	19	72	4.718538
0	19	23	4.568002
0	19	30	4.552146
0	19	62	4.349723
0	19	79	3.797296
0	19	54	2.835548
0	19	18	2.433737
0	19	65	2.096053
0	19	71	1.425523
0	19	24	1.345653
0	19	66	1.289037
0	19	49	0.963422
0	19	39	0.918675
0	19	34	0.861659
0	19	74	0.848904
0	19	69	0.705606
0	19	70	0.597328
0	19	41	0.596686
0	19	73	0.560545
0	19	76	0.549200
0	19	53	0.517505
0	19	75	0.321078
0	19	44	0.311935
0	19	55	0.277905
0	19	78	0.177033
0	19	77	0.127012
0	19	64	0.121726
0	19	35	-0.258142
0	19	16	-0.489171
0	22	58	12.167850
0	22	56	11.604570
0	22	52	11.386560
0	22	21	11.299328
0	22	23	11.273170
0	22	32	11.265191
0	22	46	11.258174
0	22	51	11.249311
0	22	42	11.195045
0	22	43	11.182177
0	22	26	10.921883
0	22	54	10.782839
0	22	36	10.763417
0	22	63	10.730846
0	22	31	10.649431
0	22	28	10.595782
0	22	14	10.583716
0	22	53	10.453379
0	22	50	10.451927
0	22	20	10.212161
0	22	22	10.058489
0	22	57	9.749576
0	22	30	8.978327
0	22	37	8.971345
0	22	8	8.357919
0	22	61	7.904871
0	22	3	7.719324
0	22	47	7.577947
0	22	45	6.869096
0	22	25	6.852319
0	22	62	6.664464
0	22	27	6.447710
0	22	72	5.927220
0	22	29	5.381217
0	22	48	5.008083
0	22	34	4.597136
0	22	40	3.767989
0	22	11	3.612301
0	22	38	2.582908
0	22	71	2.292285
0	22	74	2.272857
0	22	33	2.162301
0	22	18	2.099026
0	22	66	2.092519
0	22	85	1.991996
0	22	79	1.415710
0	22	49	1.236307
0	22	64	1.116493
0	22	24	1.083305
0	22	39	1.069945
0	22	35	0.804888
0	22	41	0.745083
0	22	55	0.675482
0	22	70	0.645129
0	22	65	0.610487
0	22	76	0.593193
0	22	73	0.589134
0	22	44	0.435651
0	22	78	0.317419
0	22	69	0.304300
0	22	77	0.259979
0	22	75	0.211714
0	22	16	-0.221655
0	43	99	12.392958
0	43	89	11.690484
0	43	15	11.629015
0	43	95	11.588185
0	43	8	11.346303
0	43	14	11.154696
0	43	94	11.126156
0	43	26	11.074435
0	43	105	10.976854
0	43	90	10.804146
0	43	86	10.777629
0	43	107	10.698860
0	43	63	10.560798
0	43	3	10.543281
0	43	61	10.295494
0	43	52	9.840384
0	43	91	9.739554
0	43	106	8.725064
0	43	98	8.088117
0	43	108	8.075640
0	43	103	7.808387
0	43	92	6.363201
0	43	58	6.100873
0	43	88	4.982364
0	43	85	3.983730
0	43	11	3.733847
0	43	18	3.603885
0	43	97	3.318025
0	43	96	1.237171
0	43	100	1.012847
0	43	87	0.894373
0	43	93	0.757979
0	43	69	0.608329
0	43	110	0.505298
0	43	17	0.260694
0	43	109	0.205990
0	43	13	-0.452585
0	44	15	11.315122
0	44	99	11.010308
0	44	95	10.929612
0	44	89	10.908410
0	44	63	10.496453
0	44	90	10.315492
0	44	91	10.109890
0	44	8	9.940792
0	44	93	9.559030
0	44	3	9.453347
0	44	52	9.373828
0	44	97	8.508006
0	44	107	8.420104
0	44	94	8.154809
0	44	86	7.984817
0	44	26	7.832591
0	44	14	6.401386
0	44	61	6.322038
0	44	106	5.391488
0	44	18	5.312592
0	44	96	4.600093
0	44	58	4.229655
0	44	11	3.666580
0	44	85	3.195720
0	44	98	2.900700
0	44	88	2.121322
0	44	108	1.741750
0	44	103	1.409207
0	44	105	1.357403
0	44	92	1.298310
0	44	100	0.930887
0	44	69	0.899414
0	44	17	0.728458
0	44	110	0.604060
0	44	87	0.394966
0	44	109	0.162944
0	44	13	-0.427591
0	54	8	11.221004
0	54	3	8.603167
0	54	14	8.233626
0	54	18	2.359934
0	54	11	1.043886
0	54	111	0.226992
0	54	16	0.161292
0	54	7	-0.183090
0	54	17	-0.219658
0	54	13	-0.289356
0	57	8	10.794459
0	57	3	10.152356
0	57	14	8.685883
0	57	18	7.480345
0	57	11	3.978070
0	57	13	0.336500
0	57	111	-0.002798
0	57	7	-0.165105
0	57	17	-0.275330
0	57	16	-0.444660
0	58	8	10.064986
0	58	18	8.182300
0	58	3	7.034490
0	58	14	4.992696
0	58	11	3.609740
0	58	111	0.499105
0	58	7	0.098683
0	58	16	-0.170428
0	58	13	-0.239686
0	58	17	-0.251780
0	73	158	11.953369
0	73	154	11.942056
0	73	150	11.813119
0	73	137	11.688622
0	73	168	11.637706
0	73	132	11.604288
0	73	157	11.594976
0	73	153	11.484544
0	73	163	11.473342
0	73	170	11.200807
0	73	8	11.118739
0	73	159	11.040833
0	73	151	10.838397
0	73	152	10.797554
0	73	161	10.720018
0	73	149	10.540169
0	73	148	10.368626
0	73	169	10.069749
0	73	14	8.814571
0	73	11	7.901374
0	73	18	7.687159
0	73	146	7.503637
0	73	156	6.716780
0	73	3	6.070702
0	73	145	2.907256
0	73	160	2.236469
0	73	155	1.498053
0	73	162	0.653145
0	73	17	0.225470
0	73	147	0.070689
0	73	16	-0.415685
0	73	13	-0.434043
0	74	157	12.196134
0	74	137	11.967436
0	74	150	11.503694
0	74	158	11.453853
0	74	154	11.294908
0	74	163	11.122451
0	74	151	11.094359
0	74	170	11.047126
0	74	132	10.977085
0	74	168	10.972193
0	74	14	10.853351
0	74	153	10.448465
0	74	8	10.355983
0	74	159	10.306244
0	74	152	10.095089
0	74	161	9.695470
0	74	3	9.559810
0	74	149	9.187716
0	74	169	8.518080
0	74	145	8.064318
0	74	148	7.538248
0	74	11	7.323905
0	74	18	4.955630
0	74	146	3.208425
0	74	155	2.579580
0	74	160	1.705086
0	74	156	1.012573
0	74	162	0.478836
0	74	147	0.280688
0	74	17	0.053458
0	74	16	-0.203591
0	74	13	-0.266396
0	75	137	11.856633
0	75	14	11.410958
0	75	8	10.808124
0	75	132	10.013104
0	75	167	9.505869
0	75	171	9.366342
0	75	3	9.217275
0	75	145	8.713708
0	75	165	8.316407
0	75	11	7.824222
0	75	18	7.226796
0	75	164	7.113093
0	75	166	6.826162
0	75	128	4.874007
0	75	160	1.172017
0	75	146	0.863372
0	75	147	0.495118
0	75	17	-0.148844
0	75	13	-0.413044
0	75	16	-0.478539
0	77	137	11.088619
0	77	14	10.398877
0	77	8	10.201456
0	77	145	9.622093
0	77	171	9.463062
0	77	18	8.968121
0	77	132	8.553083
0	77	165	8.425406
0	77	3	7.641150
0	77	166	6.839690
0	77	164	6.397298
0	77	167	5.608012
0	77	11	5.416899
0	77	146	3.839084
0	77	128	2.827182
0	77	13	2.495242
0	77	160	1.003569
0	77	17	0.817979
0	77	16	0.552789
0	77	147	0.227861
0	94	99	11.814272
0	94	116	11.601638
0	94	51	11.091413
0	94	15	10.882547
0	94	113	10.264930
0	94	193	10.089992
0	94	14	10.083097
0	94	190	9.980825
0	94	200	9.606999
0	94	201	9.173757
0	94	8	8.895343
0	94	206	8.653020
0	94	3	8.381477
0	94	188	8.256467
0	94	192	7.890042
0	94	63	7.793176
0	94	197	7.604700
0	94	18	6.376773
0	94	207	5.881152
0	94	199	4.704594
0	94	194	4.196808
0	94	212	4.043889
0	94	205	3.961387
0	94	126	3.796765
0	94	198	1.859683
0	94	196	1.564036
0	94	189	1.294861
0	94	210	1.178782
0	94	203	1.151615
0	94	191	0.876900
0	94	122	0.776895
0	94	195	0.741793
0	94	209	0.740404
0	94	202	0.329602
0	94	208	0.289656
0	94	217	0.277940
0	94	109	0.244953
0	94	204	0.139865
0	94	16	0.094041
0	94	187	-0.125812
0	94	17	-0.220681
0	94	13	-0.429187
0	95	99	11.481618
0	95	199	11.018834
0	95	116	10.277221
0	95	198	9.846446
0	95	193	9.747640
0	95	201	9.575497
0	95	15	9.354683
0	95	14	9.021827
0	95	217	8.525752
0	95	197	8.453546
0	95	190	8.449526
0	95	18	8.172134
0	95	8	8.105178
0	95	207	7.873197
0	95	113	7.792848
0	95	200	7.382195
0	95	194	7.052900
0	95	3	6.896538
0	95	206	6.824201
0	95	63	6.803058
0	95	191	6.579647
0	95	192	6.199944
0	95	196	6.049282
0	95	51	5.944027
0	95	17	5.783585
0	95	204	5.720016
0	95	16	5.268637
0	95	208	4.580275
0	95	188	4.367256
0	95	13	3.988252
0	95	203	3.526073
0	95	122	3.399162
0	95	210	2.056012
0	95	205	1.305115
0	95	187	1.204806
0	95	212	1.005627
0	95	202	0.952538
0	95	109	0.853467
0	95	126	0.700127
0	95	209	0.602534
0	95	195	0.553636
0	95	189	0.510814
0	96	99	12.017354
0	96	116	11.362615
0	96	51	11.198474
0	96	15	11.165697
0	96	188	10.294397
0	96	63	10.267057
0	96	200	10.184450
0	96	190	10.170907
0	96	113	10.084046
0	96	199	9.395479
0	96	201	9.361850
0	96	192	9.341229
0	96	14	8.986659
0	96	3	8.826017
0	96	206	8.620478
0	96	193	8.530674
0	96	122	7.778661
0	96	207	7.281998
0	96	18	6.915795
0	96	8	6.007822
0	96	210	5.931835
0	96	197	2.624075
0	96	198	2.255290
0	96	194	2.251738
0	96	212	2.191752
0	96	205	1.417965
0	96	203	0.971505
0	96	196	0.925168
0	96	126	0.895249
0	96	195	0.810922
0	96	209	0.772794
0	96	191	0.744552
0	96	189	0.682027
0	96	109	0.338611
0	96	208	0.275642
0	96	217	0.274475
0	96	204	0.132385
0	96	202	0.105393
0	96	17	0.054677
0	96	187	0.022974
0	96	16	-0.175777
0	96	13	-0.414864
0	99	211	11.717088
0	99	51	11.698527
0	99	15	11.478224
0	99	193	11.219319
0	99	99	11.160409
0	99	113	11.123333
0	99	206	10.634236
0	99	116	10.231198
0	99	63	10.223722
0	99	190	10.187032
0	99	3	10.103306
0	99	8	10.094807
0	99	192	9.931136
0	99	212	9.429259
0	99	200	9.390538
0	99	207	9.322194
0	99	14	8.971821
0	99	201	8.853812
0	99	196	8.065509
0	99	18	7.769485
0	99	194	7.488647
0	99	199	7.097647
0	99	203	6.449765
0	99	122	4.264978
0	99	198	3.768342
0	99	210	3.369068
0	99	209	1.934221
0	99	202	1.735059
0	99	195	1.734650
0	99	188	1.574686
0	99	217	1.538147
0	99	205	1.175405
0	99	197	1.057147
0	99	126	0.937153
0	99	191	0.816257
0	99	189	0.713210
0	99	109	0.425933
0	99	204	0.257492
0	99	16	0.189334
0	99	13	-0.347032
0	100	51	11.883718
0	100	211	11.570279
0	100	99	11.235420
0	100	15	10.973655
0	100	63	10.111419
0	100	193	9.886347
0	100	113	9.790435
0	100	3	9.700111
0	100	14	9.409721
0	100	190	9.319097
0	100	206	9.294509
0	100	207	8.927636
0	100	116	8.422650
0	100	8	7.951524
0	100	200	7.858768
0	100	201	7.481512
0	100	18	7.144395
0	100	194	6.265716
0	100	192	5.583231
0	100	199	2.932810
0	100	212	2.024894
0	100	188	1.915314
0	100	203	1.810146
0	100	210	1.761109
0	100	122	1.649411
0	100	205	1.161249
0	100	196	1.107987
0	100	189	1.021272
0	100	195	0.991176
0	100	209	0.980810
0	100	197	0.820421
0	100	126	0.617856
0	100	198	0.563730
0	100	191	0.322922
0	100	202	0.312928
0	100	217	0.300145
0	100	109	0.211503
0	100	204	-0.033792
0	100	16	-0.277662
0	100	13	-0.437231
0	123	51	12.174849
0	123	201	11.496487
0	123	207	11.425701
0	123	228	11.312328
0	123	99	11.257420
0	123	227	11.194238
0	123	243	11.152980
0	123	229	11.107046
0	123	190	11.044250
0	123	224	10.758926
0	123	239	10.720722
0	123	3	10.670797
0	123	8	10.600466
0	123	221	10.413798
0	123	235	10.398467
0	123	245	10.361023
0	123	233	10.331239
0	123	199	10.313433
0	123	240	9.934890
0	123	232	9.932508
0	123	116	9.901851
0	123	223	9.573340
0	123	14	9.098270
0	123	226	9.021659
0	123	238	8.704592
0	123	236	8.557324
0	123	246	8.499720
0	123	230	8.447025
0	123	196	8.411386
0	123	18	8.363973
0	123	242	8.118193
0	123	231	7.851663
0	123	222	7.091259
0	123	241	7.025954
0	123	237	6.631703
0	123	96	5.720630
0	123	234	5.535813
0	123	244	4.272622
0	123	198	3.946909
0	123	225	3.607155
0	123	188	2.760610
0	123	11	2.638567
0	123	217	2.584235
0	123	210	2.125058
0	123	197	1.984931
0	123	122	1.284656
0	123	208	0.665624
0	123	191	0.508544
0	123	187	0.048595
0	123	247	-0.169758
0	123	16	-0.325065
0	124	51	11.421318
0	124	207	8.971064
0	124	224	8.727944
0	124	14	8.458860
0	124	99	8.408109
0	124	232	8.340813
0	124	8	8.321612
0	124	238	8.033621
0	124	201	7.688283
0	124	228	7.627688
0	124	190	7.503763
0	124	233	7.101548
0	124	3	6.681767
0	124	235	6.009056
0	124	227	5.262178
0	124	221	4.981030
0	124	236	4.824788
0	124	199	4.237378
0	124	240	4.167029
0	124	18	2.464688
0	124	229	2.135144
0	124	116	2.032017
0	124	243	1.883074
0	124	245	1.524941
0	124	11	1.514362
0	124	244	1.240010
0	124	230	1.167043
0	124	223	1.155736
0	124	96	1.105426
0	124	239	1.096781
0	124	231	1.043893
0	124	222	1.027423
0	124	188	0.923626
0	124	191	0.821174
0	124	226	0.779976
0	124	242	0.745431
0	124	210	0.662879
0	124	197	0.651485
0	124	234	0.649172
0	124	225	0.607541
0	124	246	0.578135
0	124	122	0.545994
0	124	196	0.466442
0	124	237	0.420282
0	124	241	0.380977
0	124	198	0.378666
0	124	208	0.256145
0	124	217	-0.010549
0	124	187	-0.202483
0	124	247	-0.337273
0	124	16	-0.382413
0	125	51	11.510935
0	125	207	11.334534
0	125	99	11.217001
0	125	229	10.937922
0	125	201	10.777935
0	125	243	10.763075
0	125	228	10.700036
0	125	224	10.588050
0	125	190	10.287040
0	125	221	10.264528
0	125	8	10.011881
0	125	233	9.898834
0	125	232	9.656613
0	125	239	9.544202
0	125	210	9.510122
0	125	3	9.331839
0	125	116	9.136084
0	125	227	8.498493
0	125	199	8.479499
0	125	236	8.377560
0	125	245	8.005071
0	125	235	7.797230
0	125	14	7.178565
0	125	198	7.113320
0	125	240	6.890857
0	125	238	6.763749
0	125	223	5.995382
0	125	18	5.301007
0	125	11	4.827778
0	125	234	4.533713
0	125	244	4.441723
0	125	222	4.230075
0	125	242	3.863145
0	125	230	3.639619
0	125	226	3.614509
0	125	231	3.494836
0	125	196	3.484728
0	125	246	2.796400
0	125	188	2.034539
0	125	96	1.749759
0	125	122	1.702320
0	125	197	1.329384
0	125	241	1.154928
0	125	237	0.633951
0	125	191	0.577934
0	125	208	0.072899
0	125	187	0.049901
0	125	225	0.021295
0	125	217	-0.029167
0	125	247	-0.232959
0	125	16	-0.321366
0	126	51	11.625044
0	126	99	11.277496
0	126	227	11.040117
0	126	207	10.936481
0	126	240	10.831196
0	126	221	10.729974
0	126	229	10.604123
0	126	236	10.415072
0	126	243	10.409887
0	126	238	10.301778
0	126	116	10.300838
0	126	222	10.232738
0	126	190	10.197625
0	126	228	10.001257
0	126	224	9.842884
0	126	14	9.662537
0	126	233	9.616386
0	126	226	9.464705
0	126	239	9.447080
0	126	3	9.368332
0	126	201	9.226953
0	126	232	8.963415
0	126	246	8.898950
0	126	245	8.815336
0	126	244	8.810057
0	126	188	8.651961
0	126	8	8.580398
0	126	235	8.453083
0	126	18	7.776707
0	126	196	7.151704
0	126	223	6.386293
0	126	241	5.965251
0	126	199	5.742771
0	126	230	5.540339
0	126	242	5.527746
0	126	11	5.476683
0	126	198	5.189524
0	126	231	3.727527
0	126	96	1.136117
0	126	237	1.126313
0	126	197	1.124759
0	126	234	1.054182
0	126	122	1.034289
0	126	217	0.902017
0	126	210	0.841955
0	126	191	0.762300
0	126	225	0.493271
0	126	208	0.149586
0	126	187	0.033248
0	126	16	-0.093711
0	126	247	-0.282526
0	127	51	11.813220
0	127	99	11.396647
0	127	14	10.469715
0	127	229	10.334495
0	127	238	10.213487
0	127	233	10.043316
0	127	207	10.035398
0	127	221	9.974916
0	127	232	9.819411
0	127	190	9.798592
0	127	224	9.687727
0	127	201	9.684702
0	127	3	9.622782
0	127	243	9.458116
0	127	116	8.835058
0	127	230	8.601187
0	127	228	8.377856
0	127	231	8.294448
0	127	236	7.376911
0	127	240	7.336658
0	127	245	6.913326
0	127	239	5.734021
0	127	18	5.224317
0	127	8	5.171831
0	127	199	4.285270
0	127	222	3.775724
0	127	241	3.656431
0	127	235	3.503176
0	127	11	3.080683
0	127	242	2.916489
0	127	227	2.758440
0	127	208	2.470474
0	127	188	2.077045
0	127	210	1.776834
0	127	196	1.713759
0	127	244	1.674886
0	127	223	1.582542
0	127	226	1.442767
0	127	16	1.419681
0	127	234	1.207657
0	127	122	1.207494
0	127	96	1.029874
0	127	197	1.012579
0	127	237	0.593242
0	127	246	0.529176
0	127	217	0.404232
0	127	191	0.371924
0	127	198	0.356218
0	127	187	0.134118
0	127	225	-0.013727
0	127	247	-0.205513
0	144	201	8.293384
0	144	251	8.095001
0	144	14	8.006733
0	144	253	7.882030
0	144	3	7.767401
0	144	258	6.173019
0	144	199	5.633756
0	144	200	5.392879
0	144	63	4.728611
0	144	8	4.473477
0	144	113	4.141297
0	144	254	2.702759
0	144	257	2.260193
0	144	18	1.845583
0	144	252	1.431392
0	144	11	1.146111
0	144	248	0.451607
0	144	191	0.441993
0	144	256	0.354899
0	144	255	0.189420
0	144	109	0.172225
0	144	208	0.168202
0	144	17	0.162594
0	144	110	0.141945
0	144	249	0.108977
0	144	187	0.045757
0	144	250	0.006970
0	144	16	-0.098059
0	144	13	-0.351014
0	145	8	11.018876
0	145	253	10.397553
0	145	63	9.778711
0	145	257	9.400076
0	145	251	9.314477
0	145	258	9.309969
0	145	199	9.032600
0	145	201	8.228995
0	145	18	8.016429
0	145	14	7.711408
0	145	3	6.522620
0	145	113	5.783764
0	145	252	5.468974
0	145	109	4.744595
0	145	11	3.560566
0	145	255	2.956307
0	145	200	2.910763
0	145	254	2.832825
0	145	187	1.483461
0	145	110	1.063175
0	145	256	0.872654
0	145	191	0.732872
0	145	208	0.370627
0	145	249	0.340545
0	145	248	0.314355
0	145	250	0.129369
0	145	17	-0.061285
0	145	16	-0.121136
0	145	13	-0.244894
0	146	201	10.588161
0	146	8	10.484956
0	146	199	10.137206
0	146	258	9.851223
0	146	257	9.500163
0	146	251	9.165998
0	146	3	9.130828
0	146	63	8.984781
0	146	253	8.822688
0	146	14	8.201461
0	146	113	7.979303
0	146	18	6.819225
0	146	200	6.546541
0	146	11	4.805576
0	146	256	3.001391
0	146	252	2.700585
0	146	254	1.180877
0	146	255	0.634890
0	146	109	0.562349
0	146	110	0.417297
0	146	249	0.331925
0	146	191	0.232837
0	146	208	0.189201
0	146	248	0.043470
0	146	187	0.042648
0	146	250	-0.036484
0	146	17	-0.257845
0	146	13	-0.399573
0	146	16	-0.402825
0	147	257	11.211699
0	147	63	10.328053
0	147	8	9.708098
0	147	253	8.962167
0	147	254	8.943338
0	147	199	8.883574
0	147	258	8.752064
0	147	14	8.605735
0	147	113	8.583642
0	147	252	8.285313
0	147	3	8.256438
0	147	200	7.910584
0	147	11	6.969535
0	147	251	6.664197
0	147	191	6.122602
0	147	201	5.547069
0	147	18	4.004016
0	147	256	3.075295
0	147	248	2.467954
0	147	255	1.896246
0	147	110	1.256320
0	147	109	0.702573
0	147	208	0.548521
0	147	187	0.103837
0	147	250	0.098712
0	147	249	0.053609
0	147	17	-0.067711
0	147	16	-0.239146
0	147	13	-0.279704
0	148	63	9.812242
0	148	113	9.689460
0	148	258	9.301957
0	148	253	9.103625
0	148	8	8.987954
0	148	199	8.622015
0	148	252	8.304118
0	148	3	8.200295
0	148	200	7.647359
0	148	14	6.071263
0	148	257	5.928155
0	148	201	4.751463
0	148	251	3.176686
0	148	11	2.243081
0	148	254	1.527034
0	148	18	1.216901
0	148	256	0.796050
0	148	255	0.387182
0	148	191	0.357007
0	148	248	0.308889
0	148	109	0.200122
0	148	208	0.130593
0	148	249	0.060819
0	148	250	0.060545
0	148	110	0.021900
0	148	187	-0.042978
0	148	17	-0.260499
0	148	16	-0.269333
0	148	13	-0.354513
0	150	253	10.902795
0	150	8	10.509896
0	150	257	10.499582
0	150	251	9.875500
0	150	63	9.622094
0	150	201	9.481799
0	150	199	9.466200
0	150	14	8.228655
0	150	11	7.885273
0	150	258	7.840617
0	150	18	7.209736
0	150	3	6.573725
0	150	252	6.177328
0	150	113	3.554645
0	150	200	2.001976
0	150	254	1.352345
0	150	256	0.801000
0	150	208	0.751339
0	150	191	0.481447
0	150	255	0.462524
0	150	17	0.291564
0	150	109	0.163339
0	150	248	0.060319
0	150	187	0.029743
0	150	249	0.003190
0	150	250	-0.117769
0	150	16	-0.124127
0	150	110	-0.148350
0	150	13	-0.430634
0	177	183	12.600066
0	177	267	11.724167
0	177	264	11.536149
0	177	116	11.526306
0	177	61	11.367222
0	177	51	11.319635
0	177	270	11.307457
0	177	244	11.081903
0	177	113	11.039740
0	177	263	10.860375
0	177	269	10.673450
0	177	30	10.518147
0	177	112	10.275521
0	177	8	10.182552
0	177	278	9.983203
0	177	14	9.900193
0	177	3	9.890654
0	177	63	9.825653
0	177	231	8.761726
0	177	265	8.703046
0	177	271	7.735495
0	177	119	7.114676
0	177	115	7.038117
0	177	268	6.932493
0	177	277	5.970665
0	177	18	5.331208
0	177	58	4.246713
0	177	11	3.509839
0	177	272	3.479083
0	177	280	2.782094
0	177	255	2.338568
0	177	266	1.144033
0	177	109	0.374322
0	177	13	-0.205855
0	177	17	-0.220990
0	177	16	-0.311963
0	178	183	11.358902
0	178	116	10.579238
0	178	244	10.172071
0	178	264	9.951299
0	178	267	9.654957
0	178	113	9.563600
0	178	270	9.458107
0	178	51	9.382201
0	178	30	9.086284
0	178	3	8.976971
0	178	61	8.969123
0	178	112	8.836801
0	178	263	8.710401
0	178	63	8.491069
0	178	271	7.932898
0	178	278	7.709946
0	178	115	7.352695
0	178	119	7.125049
0	178	231	7.109965
0	178	14	6.880748
0	178	11	6.752785
0	178	265	6.106039
0	178	8	6.005071
0	178	18	5.834803
0	178	268	4.876047
0	178	269	4.148193
0	178	17	4.058168
0	178	58	3.510697
0	178	280	2.139228
0	178	272	2.101487
0	178	266	1.748341
0	178	277	0.842415
0	178	109	0.408944
0	178	255	0.307434
0	178	13	-0.229828
0	178	16	-0.348572
0	179	183	11.793654
0	179	51	10.918736
0	179	116	10.583277
0	179	61	10.231720
0	179	112	9.946962
0	179	63	9.659616
0	179	267	9.451097
0	179	263	9.374187
0	179	264	9.288972
0	179	113	9.079999
0	179	3	9.069977
0	179	30	8.869743
0	179	270	8.155672
0	179	14	6.603496
0	179	8	5.976293
0	179	244	5.960813
0	179	271	5.539104
0	179	18	5.071721
0	179	265	4.675339
0	179	11	4.256927
0	179	269	3.661657
0	179	231	3.490906
0	179	119	3.158337
0	179	58	2.887801
0	179	115	2.669753
0	179	268	1.379187
0	179	278	1.237110
0	179	266	0.849472
0	179	280	0.773428
0	179	272	0.641096
0	179	17	0.638644
0	179	255	0.482236
0	179	109	0.252936
0	179	16	0.107364
0	179	277	0.044254
0	179	13	-0.483774
0	180	183	12.298261
0	180	270	10.627303
0	180	264	10.366003
0	180	263	10.324837
0	180	116	10.173348
0	180	244	10.041071
0	180	30	9.874159
0	180	8	9.341100
0	180	269	9.268827
0	180	267	8.713885
0	180	3	8.253448
0	180	115	7.883370
0	180	14	7.469735
0	180	61	7.454603
0	180	271	6.981388
0	180	266	6.873728
0	180	278	6.866723
0	180	51	6.851796
0	180	63	6.660404
0	180	11	6.480073
0	180	231	6.453339
0	180	268	6.351610
0	180	277	5.301864
0	180	119	5.223135
0	180	113	4.738463
0	180	18	3.210942
0	180	112	3.117983
0	180	272	1.973015
0	180	58	1.381109
0	180	280	1.307239
0	180	265	1.291035
0	180	255	0.980058
0	180	109	0.410846
0	180	17	-0.126984
0	180	13	-0.304147
0	180	16	-0.311060
0	181	183	12.299861
0	181	51	11.443979
0	181	116	10.921326
0	181	264	10.317930
0	181	113	9.898009
0	181	63	9.566916
0	181	30	9.326508
0	181	244	9.248450
0	181	3	9.203820
0	181	112	9.127476
0	181	270	9.016609
0	181	263	8.938840
0	181	61	8.553922
0	181	119	7.495403
0	181	269	5.992388
0	181	267	4.743315
0	181	265	4.698672
0	181	14	4.278492
0	181	115	4.212909
0	181	268	3.559586
0	181	18	3.457784
0	181	271	3.411938
0	181	8	2.655283
0	181	231	2.292761
0	181	11	2.180238
0	181	278	1.801420
0	181	58	1.425367
0	181	280	1.329424
0	181	266	1.113880
0	181	272	0.775846
0	181	109	0.443071
0	181	255	0.386590
0	181	277	0.173872
0	181	16	-0.077244
0	181	17	-0.105076
0	181	13	-0.319681
0	182	183	12.067585
0	182	51	11.396491
0	182	113	10.903538
0	182	267	10.796400
0	182	264	10.734136
0	182	116	10.645173
0	182	112	10.446879
0	182	8	10.244353
0	182	61	10.243657
0	182	63	10.102104
0	182	14	10.089314
0	182	270	10.016338
0	182	30	9.927345
0	182	3	9.674029
0	182	271	7.599909
0	182	278	7.387409
0	182	268	7.387267
0	182	18	7.221725
0	182	119	7.163280
0	182	269	5.917421
0	182	263	5.828601
0	182	265	4.553247
0	182	244	3.123725
0	182	11	3.119874
0	182	231	2.418420
0	182	58	2.332030
0	182	115	2.225875
0	182	280	2.131308
0	182	272	1.911765
0	182	266	1.819844
0	182	277	1.516210
0	182	109	1.352877
0	182	17	1.259076
0	182	16	0.812927
0	182	255	0.491063
0	182	13	-0.358872
0	183	183	12.135635
0	183	267	11.950687
0	183	113	11.146195
0	183	264	11.045571
0	183	275	10.899938
0	183	51	10.815398
0	183	116	10.795958
0	183	14	10.766305
0	183	276	10.532045
0	183	273	10.365928
0	183	291	10.315764
0	183	263	10.306823
0	183	286	10.099481
0	183	294	9.881856
0	183	63	9.748874
0	183	279	9.693132
0	183	30	9.614329
0	183	244	9.291897
0	183	112	9.163432
0	183	61	9.057478
0	183	231	8.950238
0	183	3	8.826921
0	183	274	8.804707
0	183	282	8.690940
0	183	283	8.592842
0	183	270	8.540819
0	183	292	8.396513
0	183	285	8.310012
0	183	278	8.155366
0	183	271	7.569996
0	183	290	7.456357
0	183	18	6.658436
0	183	289	5.794847
0	183	268	5.495561
0	183	288	4.482701
0	183	295	3.702027
0	183	58	3.115024
0	183	287	3.082724
0	183	115	1.185247
0	183	119	1.130678
0	183	272	0.686114
0	183	280	0.648147
0	183	284	0.647165
0	183	293	0.424006
0	183	281	0.211735
0	184	183	11.623780
0	184	116	10.768579
0	184	244	10.517363
0	184	270	10.183417
0	184	263	10.035062
0	184	115	9.673085
0	184	51	9.191065
0	184	30	9.100951
0	184	266	9.099269
0	184	8	8.766883
0	184	63	8.717085
0	184	112	8.403030
0	184	264	8.228954
0	184	61	8.210718
0	184	271	8.043610
0	184	119	7.986442
0	184	277	7.890264
0	184	3	7.757124
0	184	268	6.701401
0	184	14	6.640134
0	184	267	6.171440
0	184	11	5.901012
0	184	255	5.244627
0	184	269	3.837085
0	184	18	2.580714
0	184	278	2.464782
0	184	113	2.336406
0	184	231	2.244951
0	184	265	1.201715
0	184	58	1.183579
0	184	272	0.785511
0	184	280	0.757516
0	184	109	0.396039
0	184	16	-0.150499
0	184	13	-0.189292
0	184	17	-0.209223
0	185	183	12.683206
0	185	270	11.578923
0	185	30	11.395028
0	185	264	11.342156
0	185	51	11.275613
0	185	244	10.689081
0	185	116	10.293477
0	185	267	10.114693
0	185	63	9.779832
0	185	8	9.737949
0	185	263	9.600477
0	185	113	9.525491
0	185	3	9.519123
0	185	14	8.581115
0	185	269	8.536059
0	185	272	8.434866
0	185	265	8.341441
0	185	278	8.027517
0	185	112	7.477222
0	185	231	7.300479
0	185	61	6.554206
0	185	271	5.637786
0	185	18	5.625243
0	185	11	3.997090
0	185	268	3.920983
0	185	255	2.779960
0	185	58	1.535236
0	185	115	1.483058
0	185	280	1.280245
0	185	266	1.266057
0	185	119	1.255635
0	185	109	0.664410
0	185	277	0.450961
0	185	17	-0.184372
0	185	13	-0.261913
0	185	16	-0.337958
0	186	183	12.442115
0	186	51	12.281056
0	186	263	12.093744
0	186	30	11.760323
0	186	270	11.706003
0	186	267	11.621131
0	186	244	11.619844
0	186	116	11.415792
0	186	8	11.390404
0	186	61	11.383358
0	186	113	11.259557
0	186	264	11.167573
0	186	63	11.139660
0	186	112	11.102155
0	186	269	10.859700
0	186	265	10.848567
0	186	3	10.434028
0	186	14	9.587618
0	186	271	8.838163
0	186	18	7.807719
0	186	119	6.278489
0	186	268	5.657136
0	186	278	3.579494
0	186	115	3.556411
0	186	255	2.967088
0	186	11	2.411198
0	186	266	2.060285
0	186	231	1.929586
0	186	280	1.600664
0	186	58	1.014433
0	186	272	0.799772
0	186	109	0.750743
0	186	277	0.387110
0	186	16	-0.087877
0	186	17	-0.102644
0	186	13	-0.228219
