0	1	15	12.585101
0	1	1	12.244357
0	1	2	11.753549
0	1	5	11.495077
0	1	14	10.719180
0	1	18	10.470533
0	1	10	10.446899
0	1	6	9.550037
0	1	11	8.885401
0	1	9	8.558030
0	1	3	8.440288
0	1	8	7.798869
0	1	4	6.553185
0	1	19	3.073051
0	1	13	-1.432859
0	1	0	-3.295060
0	1	7	-4.479576
0	1	16	-4.707944
0	1	17	-4.757768
0	1	12	-5.232945
0	2	5	12.765240
0	2	1	11.888741
0	2	14	10.903616
0	2	2	10.723208
0	2	3	9.617907
0	2	15	7.801107
0	2	11	5.280364
0	2	9	5.132202
0	2	4	4.947682
0	2	8	3.445877
0	2	0	-2.929701
0	2	16	-3.978596
0	2	7	-3.996340
0	2	10	-7.027936
0	2	13	-7.275092
0	2	17	-7.374372
0	2	6	-7.646165
0	2	12	-7.860244
0	2	18	-8.927071
0	2	19	-10.253146
0	3	1	13.387544
0	3	2	13.239890
0	3	5	12.957589
0	3	11	12.245142
0	3	15	12.139952
0	3	14	11.717689
0	3	9	11.207530
0	3	18	10.849074
0	3	6	10.288201
0	3	8	9.878662
0	3	4	9.543996
0	3	10	9.235292
0	3	3	6.953623
0	3	19	2.335130
0	3	0	0.206497
0	3	13	-1.658119
0	3	17	-1.870416
0	3	12	-2.975624
0	3	7	-3.032479
0	3	16	-3.339990
0	14	69	11.188980
0	14	43	10.584537
0	14	22	8.709360
0	14	63	8.590961
0	14	21	8.002083
0	14	3	7.287427
0	14	28	6.904302
0	14	37	6.857961
0	14	30	6.597130
0	14	20	6.043336
0	14	39	5.952887
0	14	58	5.547244
0	14	14	5.340732
0	14	25	5.180280
0	14	45	4.902455
0	14	56	3.931798
0	14	51	3.899195
0	14	65	2.925534
0	14	32	2.802270
0	14	26	2.699145
0	14	61	2.028812
0	14	27	0.710789
0	14	23	0.341213
0	14	29	-0.034985
0	14	52	-0.183134
0	14	33	-1.283874
0	14	48	-1.313316
0	14	8	-1.696840
0	14	53	-3.023790
0	14	34	-3.102582
0	14	31	-3.500565
0	14	35	-3.766341
0	14	79	-3.768014
0	14	16	-3.785578
0	14	24	-3.801807
0	14	64	-3.883936
0	14	66	-3.892668
0	14	11	-4.294527
0	14	71	-4.335045
0	14	41	-4.784802
0	14	74	-4.958200
0	14	46	-5.439373
0	14	49	-5.486495
0	14	38	-5.628826
0	14	70	-5.890921
0	14	85	-5.910955
0	14	76	-6.059652
0	14	42	-6.319172
0	14	44	-6.480355
0	14	40	-6.488016
0	14	75	-6.619681
0	14	47	-7.608130
0	14	54	-7.836798
0	14	57	-7.851430
0	14	62	-7.880936
0	14	36	-7.902082
0	14	78	-8.146464
0	14	77	-8.159348
0	14	72	-8.544416
0	14	18	-8.726893
0	14	73	-9.628872
0	14	50	-9.788611
0	14	55	-10.177571
0	15	43	12.137627
0	15	69	12.133277
0	15	37	11.844131
0	15	63	11.655176
0	15	21	10.787044
0	15	20	8.973930
0	15	25	8.894725
0	15	14	8.839156
0	15	58	8.346119
0	15	24	8.305300
0	15	23	8.290059
0	15	51	7.783593
0	15	22	7.710580
0	15	28	7.668045
0	15	39	6.487916
0	15	57	6.290100
0	15	26	5.135399
0	15	61	4.892313
0	15	45	4.604678
0	15	42	4.443196
0	15	29	4.201624
0	15	56	3.892955
0	15	53	3.477790
0	15	31	3.393582
0	15	3	3.392888
0	15	32	3.344226
0	15	33	1.804834
0	15	30	1.439707
0	15	54	1.208455
0	15	65	1.102996
0	15	64	0.471061
0	15	52	0.003006
0	15	36	-0.238696
0	15	8	-0.350112
0	15	34	-0.553257
0	15	48	-0.667221
0	15	62	-0.832606
0	15	46	-1.568826
0	15	71	-2.024868
0	15	77	-2.640181
0	15	79	-2.782368
0	15	35	-3.371871
0	15	27	-3.408877
0	15	76	-3.501662
0	15	74	-3.591859
0	15	66	-3.744298
0	15	16	-3.834527
0	15	49	-3.918973
0	15	70	-4.016347
0	15	11	-4.062669
0	15	75	-4.865160
0	15	72	-5.008048
0	15	44	-5.503399
0	15	78	-5.962850
0	15	50	-6.316403
0	15	41	-6.565153
0	15	85	-7.661529
0	15	55	-7.885389
0	15	40	-7.955349
0	15	18	-8.017524
0	15	73	-8.177244
0	15	38	-8.262035
0	15	47	-8.652401
0	16	58	13.972055
0	16	43	13.243660
0	16	26	12.503481
0	16	22	12.427131
0	16	21	12.140423
0	16	69	10.973007
0	16	25	9.968700
0	16	56	9.723335
0	16	63	9.654335
0	16	20	9.421766
0	16	37	9.382961
0	16	32	9.315305
0	16	28	9.068885
0	16	51	8.362209
0	16	52	8.185336
0	16	3	7.178252
0	16	29	6.521904
0	16	53	5.151340
0	16	39	5.134804
0	16	45	4.742394
0	16	62	-0.674817
0	16	27	-0.963819
0	16	48	-1.172900
0	16	79	-1.498238
0	16	14	-1.707499
0	16	34	-1.773043
0	16	41	-1.798344
0	16	16	-1.828487
0	16	35	-1.913568
0	16	61	-2.033613
0	16	64	-2.507679
0	16	71	-2.862726
0	16	49	-2.958158
0	16	74	-3.024977
0	16	70	-3.493662
0	16	44	-3.698760
0	16	75	-3.840420
0	16	66	-4.030932
0	16	76	-4.229073
0	16	23	-4.664649
0	16	40	-5.336538
0	16	78	-5.404961
0	16	11	-5.638043
0	16	38	-5.662198
0	16	72	-5.936275
0	16	77	-6.577444
0	16	30	-6.965342
0	16	24	-6.999137
0	16	31	-7.134110
0	16	36	-7.173392
0	16	85	-7.229708
0	16	33	-7.978685
0	16	65	-8.065687
0	16	54	-8.234392
0	16	57	-8.245377
0	16	47	-8.361061
0	16	8	-8.539925
0	16	42	-8.548021
0	16	50	-8.949387
0	16	46	-8.950594
0	16	55	-9.693686
0	16	18	-9.742383
0	16	73	-10.100265
0	19	37	11.421602
0	19	43	10.247785
0	19	69	9.386558
0	19	63	8.711704
0	19	3	8.191444
0	19	20	7.922008
0	19	25	7.864218
0	19	21	7.652181
0	19	22	7.546226
0	19	29	7.128571
0	19	14	6.922551
0	19	28	5.867342
0	19	45	5.374436
0	19	42	5.067610
0	19	32	4.580737
0	19	58	4.522886
0	19	30	4.451739
0	19	51	4.126566
0	19	23	2.271832
0	19	56	1.936226
0	19	26	1.175477
0	19	53	0.494603
0	19	61	0.417197
0	19	65	0.353890
0	19	48	0.047019
0	19	39	-0.318695
0	19	27	-0.569117
0	19	33	-1.114869
0	19	64	-1.831894
0	19	8	-1.894565
0	19	34	-2.688422
0	19	41	-2.693663
0	19	54	-2.766125
0	19	35	-3.082299
0	19	79	-3.250776
0	19	52	-3.478838
0	19	16	-3.584179
0	19	31	-4.158640
0	19	24	-4.776359
0	19	85	-5.355785
0	19	66	-5.406436
0	19	46	-5.575730
0	19	49	-5.636975
0	19	74	-5.639158
0	19	47	-5.887596
0	19	71	-6.001795
0	19	11	-6.021508
0	19	38	-6.021775
0	19	44	-6.244966
0	19	70	-6.392283
0	19	76	-7.274559
0	19	40	-7.380883
0	19	77	-7.615253
0	19	72	-7.900948
0	19	57	-7.909856
0	19	75	-8.012758
0	19	36	-8.066631
0	19	62	-8.463079
0	19	50	-8.884703
0	19	78	-8.929267
0	19	18	-9.018177
0	19	73	-9.884553
0	19	55	-10.197978
0	22	58	14.039756
0	22	22	13.948362
0	22	32	13.783417
0	22	63	13.573488
0	22	46	13.194592
0	22	69	12.775283
0	22	37	12.603360
0	22	43	12.520409
0	22	28	12.482840
0	22	42	12.280014
0	22	53	12.222492
0	22	26	12.176097
0	22	51	11.976637
0	22	21	11.941428
0	22	52	11.664137
0	22	20	11.437281
0	22	57	11.095146
0	22	14	10.797213
0	22	24	10.677700
0	22	25	10.385756
0	22	31	10.300839
0	22	56	10.239916
0	22	23	10.218828
0	22	39	10.110576
0	22	54	10.053453
0	22	30	9.250586
0	22	50	9.151176
0	22	47	9.127133
0	22	33	8.260638
0	22	73	7.727224
0	22	45	7.625699
0	22	3	7.558208
0	22	18	7.435512
0	22	61	7.046484
0	22	41	5.480871
0	22	11	5.428348
0	22	36	4.818081
0	22	29	4.611165
0	22	8	3.969259
0	22	27	3.292879
0	22	62	3.008416
0	22	77	2.851325
0	22	71	2.645927
0	22	65	2.321507
0	22	64	2.260143
0	22	66	2.172925
0	22	55	2.041585
0	22	48	1.616334
0	22	85	1.200101
0	22	34	1.119774
0	22	38	1.053309
0	22	70	0.262135
0	22	78	0.020935
0	22	76	-0.355605
0	22	72	-1.614136
0	22	75	-1.938508
0	22	44	-2.033273
0	22	74	-2.384965
0	22	40	-2.599814
0	22	49	-2.667048
0	22	35	-2.891420
0	22	16	-2.910837
0	22	79	-3.065245
0	43	98	11.237265
0	43	69	10.641806
0	43	63	10.442733
0	43	99	10.395315
0	43	3	10.202883
0	43	94	9.075732
0	43	91	8.158259
0	43	103	7.710292
0	43	105	5.051434
0	43	90	4.704552
0	43	58	4.353681
0	43	106	3.286846
0	43	14	2.858437
0	43	108	2.679123
0	43	15	0.992749
0	43	86	-0.079410
0	43	92	-0.152598
0	43	87	-0.507241
0	43	13	-1.446030
0	43	88	-1.459452
0	43	26	-1.619158
0	43	93	-2.211989
0	43	110	-2.413152
0	43	100	-2.708131
0	43	17	-3.354445
0	43	97	-3.605980
0	43	96	-3.626496
0	43	11	-3.788332
0	43	61	-3.977797
0	43	109	-4.239544
0	43	52	-4.340942
0	43	95	-5.126693
0	43	89	-6.049375
0	43	85	-7.506142
0	43	8	-7.850692
0	43	107	-7.902714
0	43	18	-9.499205
0	44	69	13.357056
0	44	95	12.384003
0	44	15	12.366115
0	44	63	11.616888
0	44	98	10.896862
0	44	94	10.553930
0	44	90	10.213619
0	44	14	10.180149
0	44	106	9.507657
0	44	93	9.484486
0	44	99	8.902504
0	44	8	7.067709
0	44	86	6.545286
0	44	91	4.400086
0	44	3	3.547096
0	44	108	1.754254
0	44	61	-1.413168
0	44	92	-2.327894
0	44	97	-2.329327
0	44	87	-2.550145
0	44	103	-3.133293
0	44	58	-3.177075
0	44	18	-3.402077
0	44	109	-3.843029
0	44	110	-4.055847
0	44	100	-4.066540
0	44	17	-4.287600
0	44	88	-4.809200
0	44	89	-4.893787
0	44	96	-5.134324
0	44	85	-5.489177
0	44	13	-5.641424
0	44	52	-5.851852
0	44	26	-6.617066
0	44	11	-7.694243
0	44	105	-7.951055
0	44	107	-7.989717
0	54	14	11.760240
0	54	8	4.577297
0	54	3	4.476862
0	54	16	-3.689031
0	54	7	-4.019646
0	54	17	-4.052268
0	54	13	-7.639194
0	54	11	-7.927174
0	54	111	-8.046311
0	54	18	-8.530966
0	57	14	11.053608
0	57	18	10.786655
0	57	11	9.042069
0	57	3	6.640883
0	57	8	4.011286
0	57	13	2.358454
0	57	111	0.212680
0	57	17	-2.374217
0	57	16	-3.020804
0	57	7	-3.598206
0	58	14	10.684971
0	58	18	8.329337
0	58	3	6.820875
0	58	8	6.417478
0	58	13	-1.131306
0	58	11	-1.418127
0	58	111	-2.277902
0	58	16	-3.307413
0	58	7	-3.966121
0	58	17	-4.100508
0	73	158	15.205932
0	73	132	14.317558
0	73	157	14.050046
0	73	154	13.898163
0	73	150	13.846033
0	73	153	13.733553
0	73	163	13.503973
0	73	161	13.344001
0	73	137	13.107671
0	73	168	11.748317
0	73	155	11.402081
0	73	156	11.104166
0	73	152	9.932480
0	73	14	9.893952
0	73	151	9.499315
0	73	159	9.351991
0	73	3	9.281463
0	73	160	8.376860
0	73	170	8.029752
0	73	148	6.206089
0	73	11	5.839132
0	73	149	5.181054
0	73	8	4.839673
0	73	169	2.269417
0	73	146	2.155480
0	73	13	-2.339629
0	73	147	-2.408427
0	73	16	-2.847890
0	73	17	-4.162427
0	73	162	-5.742726
0	73	18	-9.091447
0	73	145	-10.091699
0	74	158	14.590702
0	74	132	13.225875
0	74	157	12.808470
0	74	150	12.553598
0	74	161	12.328668
0	74	153	11.169834
0	74	14	10.646307
0	74	154	10.204335
0	74	137	9.415439
0	74	163	9.229187
0	74	152	8.945244
0	74	155	8.685986
0	74	168	8.169530
0	74	156	7.723004
0	74	160	7.155073
0	74	170	6.994641
0	74	151	6.903229
0	74	3	6.753037
0	74	11	6.385895
0	74	159	3.523748
0	74	149	1.966871
0	74	169	1.608599
0	74	146	0.090857
0	74	17	-2.540605
0	74	13	-3.046539
0	74	16	-3.408097
0	74	162	-3.566165
0	74	147	-4.932262
0	74	8	-6.839492
0	74	148	-7.552356
0	74	18	-9.398409
0	74	145	-9.762815
0	75	137	14.392466
0	75	164	14.220942
0	75	167	13.999100
0	75	165	13.955826
0	75	14	13.493469
0	75	171	13.226729
0	75	132	13.125828
0	75	166	13.076448
0	75	11	12.282267
0	75	128	12.143944
0	75	8	10.143539
0	75	3	9.529357
0	75	18	8.107599
0	75	160	7.341189
0	75	145	4.533101
0	75	147	0.013021
0	75	146	-0.189320
0	75	13	-0.525729
0	75	17	-3.638572
0	75	16	-3.941907
0	77	166	13.606567
0	77	137	13.552680
0	77	164	13.050653
0	77	171	13.026379
0	77	14	12.520187
0	77	167	12.506740
0	77	165	11.975620
0	77	132	11.757380
0	77	160	7.349036
0	77	3	7.054162
0	77	8	6.719106
0	77	18	6.616813
0	77	11	6.339539
0	77	128	4.013448
0	77	146	3.536315
0	77	147	3.368248
0	77	13	2.074672
0	77	145	-0.657294
0	77	16	-4.080858
0	77	17	-4.409833
0	94	116	14.978312
0	94	15	14.326784
0	94	99	13.353922
0	94	200	13.075873
0	94	193	11.987801
0	94	190	11.687328
0	94	63	11.554234
0	94	188	11.538270
0	94	194	11.429884
0	94	113	11.348314
0	94	18	11.191313
0	94	14	11.081348
0	94	201	10.725416
0	94	51	10.612728
0	94	192	9.563716
0	94	203	9.276937
0	94	204	8.553261
0	94	3	8.195248
0	94	209	8.160124
0	94	198	6.608359
0	94	195	6.259359
0	94	187	5.429958
0	94	206	4.568002
0	94	199	3.929145
0	94	196	3.459482
0	94	210	1.763498
0	94	202	1.437622
0	94	8	0.757508
0	94	189	0.580387
0	94	122	-0.314044
0	94	126	-1.526670
0	94	109	-2.038381
0	94	13	-2.734918
0	94	205	-3.181396
0	94	197	-3.456524
0	94	217	-3.557707
0	94	16	-3.740221
0	94	208	-4.455403
0	94	17	-4.503228
0	94	212	-4.749881
0	94	191	-5.069047
0	94	207	-7.943668
0	95	199	12.409135
0	95	116	11.952446
0	95	18	11.938787
0	95	198	11.279584
0	95	190	10.832325
0	95	201	10.793322
0	95	15	9.955382
0	95	193	9.587751
0	95	207	9.305407
0	95	99	9.166060
0	95	210	8.851552
0	95	14	8.599181
0	95	63	8.212291
0	95	203	7.962471
0	95	113	7.955507
0	95	194	7.944989
0	95	200	7.495470
0	95	192	7.279868
0	95	51	5.711474
0	95	3	5.546399
0	95	188	4.742959
0	95	122	4.639956
0	95	13	4.063848
0	95	187	3.581114
0	95	206	3.099919
0	95	17	2.954141
0	95	189	2.057417
0	95	204	2.017622
0	95	196	1.469468
0	95	195	1.359982
0	95	209	1.089706
0	95	8	0.976406
0	95	205	0.082766
0	95	197	-0.044707
0	95	202	-1.094768
0	95	191	-1.262769
0	95	126	-1.330988
0	95	109	-1.615936
0	95	212	-1.796873
0	95	208	-2.034093
0	95	217	-2.389564
0	95	16	-2.509800
0	96	116	15.281073
0	96	15	13.982525
0	96	99	13.365544
0	96	188	13.006191
0	96	201	12.517799
0	96	63	12.280708
0	96	113	11.335464
0	96	190	10.548342
0	96	200	10.480679
0	96	193	10.310438
0	96	192	9.706015
0	96	203	8.860464
0	96	122	8.540181
0	96	194	8.050615
0	96	3	7.532645
0	96	51	7.248180
0	96	199	6.988625
0	96	14	6.765460
0	96	204	6.596510
0	96	18	5.940422
0	96	198	3.698836
0	96	206	3.685737
0	96	196	2.177020
0	96	187	1.529491
0	96	202	-0.422699
0	96	189	-0.824929
0	96	209	-1.681986
0	96	205	-2.456583
0	96	13	-2.645651
0	96	210	-3.103441
0	96	197	-3.512056
0	96	217	-3.599109
0	96	17	-3.753418
0	96	195	-4.023443
0	96	16	-4.135153
0	96	208	-4.563887
0	96	109	-4.620936
0	96	8	-5.603844
0	96	126	-5.627423
0	96	191	-6.789371
0	96	212	-8.136173
0	96	207	-8.254839
0	99	15	15.218774
0	99	193	14.233746
0	99	211	14.040580
0	99	63	13.564182
0	99	190	11.878914
0	99	206	10.773810
0	99	18	10.582186
0	99	200	9.877842
0	99	51	9.310872
0	99	99	8.714539
0	99	113	7.908934
0	99	14	7.833242
0	99	192	7.027466
0	99	116	6.707408
0	99	188	5.406724
0	99	194	5.379240
0	99	196	4.981673
0	99	203	4.807491
0	99	3	4.384768
0	99	204	3.722086
0	99	8	3.668106
0	99	122	3.556313
0	99	201	1.769296
0	99	202	1.749139
0	99	109	0.061731
0	99	13	-1.520694
0	99	189	-1.954133
0	99	217	-2.132456
0	99	197	-3.184059
0	99	16	-3.513858
0	99	205	-4.767262
0	99	198	-5.898856
0	99	191	-6.673253
0	99	126	-7.075600
0	99	199	-7.156641
0	99	209	-7.815341
0	99	207	-7.815520
0	99	195	-8.302158
0	99	212	-8.575002
0	99	210	-8.625528
0	100	15	14.450659
0	100	211	14.006420
0	100	63	13.581665
0	100	190	12.914639
0	100	200	12.169948
0	100	193	11.930998
0	100	51	11.499493
0	100	188	11.204230
0	100	206	9.899003
0	100	14	9.371021
0	100	192	8.706923
0	100	194	8.606107
0	100	113	8.089062
0	100	201	8.018465
0	100	99	7.250472
0	100	116	7.138422
0	100	196	5.930759
0	100	18	5.468732
0	100	122	4.979440
0	100	3	4.432602
0	100	8	1.991944
0	100	202	1.797158
0	100	204	1.681420
0	100	109	-1.634251
0	100	13	-1.778795
0	100	217	-2.105999
0	100	189	-2.157253
0	100	16	-3.068224
0	100	197	-3.418511
0	100	205	-5.695173
0	100	199	-5.716823
0	100	203	-5.815917
0	100	198	-7.044789
0	100	191	-7.261634
0	100	126	-7.877631
0	100	195	-8.098306
0	100	209	-8.132217
0	100	207	-8.176510
0	100	212	-8.360437
0	100	210	-8.934488
0	123	201	14.689156
0	123	228	14.003414
0	123	232	13.296935
0	123	243	13.286530
0	123	229	13.185888
0	123	51	12.178493
0	123	14	10.500566
0	123	8	10.113595
0	123	188	9.503070
0	123	122	9.111565
0	123	224	8.842023
0	123	190	8.790678
0	123	241	8.762296
0	123	196	8.574199
0	123	235	7.128479
0	123	240	7.036104
0	123	3	6.830936
0	123	239	6.623583
0	123	221	5.826967
0	123	244	5.510813
0	123	198	4.955696
0	123	225	4.656647
0	123	18	4.492841
0	123	99	4.247888
0	123	199	3.869373
0	123	233	3.360120
0	123	238	3.075649
0	123	245	2.695991
0	123	246	0.935181
0	123	237	0.398795
0	123	227	0.111846
0	123	234	-0.379130
0	123	242	-0.465192
0	123	222	-1.256895
0	123	236	-2.901914
0	123	187	-3.125560
0	123	247	-3.143489
0	123	116	-3.171844
0	123	217	-3.220490
0	123	16	-3.500128
0	123	197	-3.590309
0	123	208	-5.107322
0	123	96	-5.323792
0	123	207	-5.497394
0	123	11	-6.172006
0	123	210	-6.462972
0	123	191	-6.638326
0	123	223	-7.063594
0	123	230	-7.371688
0	123	226	-7.448324
0	123	231	-8.066925
0	124	228	13.472964
0	124	232	13.241561
0	124	201	12.727181
0	124	235	12.256717
0	124	14	11.303421
0	124	224	11.162427
0	124	51	11.007793
0	124	229	10.887192
0	124	221	9.492599
0	124	240	8.853389
0	124	233	8.841319
0	124	207	8.580680
0	124	190	8.513844
0	124	244	8.269221
0	124	18	7.670936
0	124	11	7.391808
0	124	225	6.768652
0	124	199	6.616627
0	124	223	6.609077
0	124	99	6.395002
0	124	3	6.089304
0	124	236	5.972946
0	124	8	5.439115
0	124	210	5.213641
0	124	188	4.478946
0	124	241	4.429353
0	124	238	3.753394
0	124	122	2.717719
0	124	231	2.095231
0	124	196	1.133314
0	124	243	0.371422
0	124	227	-0.081718
0	124	234	-1.690192
0	124	187	-2.172919
0	124	237	-2.864401
0	124	197	-3.024549
0	124	247	-3.433495
0	124	217	-3.462526
0	124	242	-3.498784
0	124	16	-3.577681
0	124	208	-4.195109
0	124	191	-4.407659
0	124	198	-4.422794
0	124	239	-5.024238
0	124	222	-5.037685
0	124	246	-5.397220
0	124	116	-5.710128
0	124	96	-5.810492
0	124	245	-6.315932
0	124	230	-7.123224
0	124	226	-8.989415
0	125	229	14.703003
0	125	232	14.698847
0	125	201	13.918581
0	125	228	13.687450
0	125	14	11.908367
0	125	51	11.867653
0	125	190	11.731164
0	125	224	11.324402
0	125	235	11.248632
0	125	11	11.099779
0	125	8	9.849174
0	125	240	8.903710
0	125	207	8.675719
0	125	221	8.474293
0	125	233	8.046367
0	125	18	7.831470
0	125	243	7.794290
0	125	222	7.605296
0	125	3	7.455104
0	125	244	6.760164
0	125	236	6.219185
0	125	241	5.894128
0	125	234	5.832231
0	125	223	5.744135
0	125	99	5.167181
0	125	122	3.744568
0	125	196	3.415204
0	125	238	2.867758
0	125	225	1.008315
0	125	239	0.293528
0	125	210	0.289210
0	125	187	-1.654494
0	125	227	-1.829616
0	125	237	-2.627378
0	125	242	-2.783485
0	125	198	-2.866102
0	125	197	-3.034954
0	125	245	-3.088070
0	125	246	-3.177010
0	125	217	-3.694413
0	125	96	-3.839304
0	125	16	-4.255572
0	125	247	-4.505741
0	125	208	-4.976650
0	125	116	-5.414403
0	125	226	-6.339621
0	125	188	-6.344767
0	125	191	-7.559121
0	125	231	-7.886595
0	125	230	-8.619318
0	125	199	-8.894310
0	126	221	12.884169
0	126	240	12.772296
0	126	235	12.759341
0	126	222	12.670078
0	126	116	12.499698
0	126	228	12.488841
0	126	236	12.403926
0	126	229	12.257548
0	126	14	12.127747
0	126	188	12.099355
0	126	244	11.298526
0	126	232	11.222713
0	126	201	11.096620
0	126	224	10.883933
0	126	223	10.671486
0	126	226	9.890223
0	126	3	9.880847
0	126	190	9.766047
0	126	11	9.720360
0	126	233	9.538414
0	126	241	9.523361
0	126	243	9.282804
0	126	239	8.850121
0	126	51	8.730516
0	126	122	7.798106
0	126	225	7.173211
0	126	18	7.081227
0	126	238	6.547801
0	126	227	6.408445
0	126	187	5.270100
0	126	99	5.223006
0	126	246	4.948480
0	126	210	4.442485
0	126	196	4.410735
0	126	198	3.900811
0	126	8	1.900556
0	126	245	1.855115
0	126	234	-0.001863
0	126	96	-1.633015
0	126	237	-1.683512
0	126	242	-2.520109
0	126	217	-2.831034
0	126	16	-3.757996
0	126	207	-3.806279
0	126	247	-3.831035
0	126	197	-3.902761
0	126	199	-5.009311
0	126	208	-5.142564
0	126	230	-7.138554
0	126	191	-7.484332
0	126	231	-9.069897
0	127	232	13.084465
0	127	229	12.879042
0	127	201	12.040369
0	127	14	12.002100
0	127	228	10.472136
0	127	224	10.120384
0	127	238	10.062757
0	127	221	9.905552
0	127	51	9.588753
0	127	240	8.453491
0	127	3	8.043246
0	127	207	6.961592
0	127	190	6.556773
0	127	241	5.662927
0	127	243	5.194962
0	127	99	4.866741
0	127	116	4.522137
0	127	233	4.445008
0	127	196	3.817129
0	127	244	2.570428
0	127	234	1.482497
0	127	188	1.077215
0	127	11	0.713448
0	127	122	-0.704590
0	127	236	-0.781281
0	127	8	-0.902677
0	127	217	-1.999629
0	127	237	-2.082390
0	127	242	-2.700683
0	127	197	-3.093324
0	127	231	-3.421309
0	127	16	-3.486296
0	127	247	-3.605588
0	127	208	-4.083127
0	127	222	-4.091091
0	127	223	-4.287111
0	127	230	-4.716727
0	127	235	-4.956282
0	127	210	-5.186793
0	127	245	-5.352645
0	127	96	-5.859669
0	127	187	-6.073666
0	127	225	-6.618783
0	127	191	-6.774693
0	127	239	-6.856194
0	127	226	-7.794786
0	127	227	-8.019786
0	127	246	-8.037020
0	127	18	-8.646949
0	127	199	-8.798120
0	127	198	-9.521807
0	144	252	11.370050
0	144	248	10.821167
0	144	200	9.992139
0	144	14	9.770761
0	144	254	9.625704
0	144	253	7.968573
0	144	63	6.311988
0	144	201	5.485064
0	144	3	4.141308
0	144	251	3.959126
0	144	187	3.933991
0	144	113	0.801073
0	144	257	-3.256592
0	144	16	-3.966888
0	144	110	-4.248362
0	144	250	-4.254380
0	144	17	-5.017296
0	144	249	-5.685899
0	144	258	-5.763152
0	144	11	-5.848297
0	144	109	-5.871333
0	144	208	-6.888369
0	144	199	-6.916343
0	144	13	-7.052203
0	144	8	-7.480735
0	144	18	-8.212803
0	144	255	-8.728603
0	144	191	-8.849187
0	144	256	-10.089705
0	145	253	13.136147
0	145	248	13.100229
0	145	63	11.894202
0	145	14	11.303725
0	145	252	10.867098
0	145	254	10.795321
0	145	251	10.794675
0	145	200	10.683106
0	145	201	10.088116
0	145	8	9.625599
0	145	3	7.871927
0	145	257	6.547995
0	145	258	5.301999
0	145	113	4.877454
0	145	187	3.250391
0	145	109	-3.811275
0	145	17	-4.827512
0	145	16	-5.330324
0	145	110	-6.159778
0	145	199	-6.313215
0	145	18	-7.151294
0	145	208	-8.184531
0	145	11	-8.219055
0	145	249	-8.472696
0	145	191	-9.066469
0	145	13	-9.402494
0	145	256	-9.995748
0	145	250	-10.094851
0	145	255	-10.356067
0	146	257	10.287293
0	146	14	9.967043
0	146	251	9.937056
0	146	200	7.891611
0	146	201	7.409706
0	146	63	6.444806
0	146	253	5.897291
0	146	248	5.339736
0	146	18	5.295789
0	146	199	4.765008
0	146	3	4.146172
0	146	187	3.768595
0	146	113	3.460246
0	146	254	3.143282
0	146	258	2.979510
0	146	8	2.442337
0	146	13	-3.366133
0	146	110	-3.605367
0	146	109	-3.885305
0	146	252	-3.988670
0	146	16	-4.444808
0	146	17	-5.680426
0	146	249	-6.393449
0	146	11	-6.564349
0	146	208	-6.747033
0	146	191	-8.313130
0	146	250	-8.567225
0	146	255	-9.169378
0	146	256	-10.094258
0	147	248	12.848022
0	147	257	12.457603
0	147	254	9.004999
0	147	63	8.854252
0	147	14	8.167590
0	147	200	5.905875
0	147	252	5.744052
0	147	251	5.721206
0	147	3	4.265629
0	147	113	0.767548
0	147	8	-0.395581
0	147	258	-0.790034
0	147	253	-1.353285
0	147	201	-1.364725
0	147	199	-3.211854
0	147	110	-3.543631
0	147	187	-3.635006
0	147	109	-4.056083
0	147	249	-4.098771
0	147	16	-4.355795
0	147	17	-5.260623
0	147	208	-5.954132
0	147	13	-7.110868
0	147	11	-7.685264
0	147	250	-7.893301
0	147	191	-8.128063
0	147	18	-8.781885
0	147	255	-9.079099
0	147	256	-9.350475
0	148	257	10.035945
0	148	248	9.572036
0	148	254	7.807505
0	148	14	7.748086
0	148	113	7.471362
0	148	201	6.683186
0	148	200	5.718122
0	148	63	5.126167
0	148	3	4.828407
0	148	253	3.634480
0	148	252	2.444905
0	148	258	-0.761382
0	148	251	-1.021936
0	148	199	-3.310843
0	148	249	-3.359702
0	148	110	-3.400362
0	148	16	-3.435526
0	148	187	-3.611566
0	148	8	-3.914365
0	148	17	-3.918365
0	148	109	-4.553250
0	148	208	-4.674050
0	148	11	-4.690056
0	148	250	-5.348793
0	148	13	-5.797075
0	148	191	-6.916359
0	148	255	-7.315268
0	148	18	-8.435630
0	148	256	-8.974124
0	150	251	12.644794
0	150	63	10.881978
0	150	14	10.599967
0	150	201	10.581730
0	150	200	10.497190
0	150	257	9.651040
0	150	248	9.497975
0	150	253	9.178370
0	150	254	8.503050
0	150	258	7.242464
0	150	8	6.635578
0	150	3	5.823476
0	150	18	5.677422
0	150	113	3.416408
0	150	187	1.732752
0	150	252	1.541278
0	150	199	0.394527
0	150	109	-3.195472
0	150	110	-3.381111
0	150	16	-3.744596
0	150	249	-3.956358
0	150	13	-4.575182
0	150	17	-4.976837
0	150	11	-6.075417
0	150	208	-6.253608
0	150	250	-7.788300
0	150	191	-7.870441
0	150	255	-8.671679
0	150	256	-9.797454
0	177	264	15.976336
0	177	183	15.850813
0	177	267	15.706654
0	177	116	15.492000
0	177	266	14.343149
0	177	30	14.034481
0	177	119	13.068811
0	177	63	12.148808
0	177	112	12.057910
0	177	244	11.913949
0	177	265	11.399902
0	177	3	11.186310
0	177	58	10.064848
0	177	113	9.858522
0	177	14	9.845472
0	177	271	7.954891
0	177	269	7.297108
0	177	263	7.250475
0	177	61	7.233957
0	177	268	7.086181
0	177	51	6.854502
0	177	270	5.908235
0	177	115	1.333380
0	177	11	-1.086922
0	177	16	-4.070041
0	177	231	-4.205091
0	177	109	-5.068153
0	177	13	-5.080256
0	177	17	-5.210596
0	177	8	-5.295447
0	177	280	-7.880817
0	177	255	-8.081758
0	177	277	-8.711396
0	177	18	-9.268003
0	177	272	-10.018116
0	177	278	-10.155418
0	178	264	13.943125
0	178	116	13.865408
0	178	266	13.781654
0	178	183	13.658287
0	178	30	12.123711
0	178	119	11.664929
0	178	267	11.356189
0	178	63	10.845917
0	178	271	10.359465
0	178	265	10.232521
0	178	113	9.756840
0	178	3	9.206092
0	178	112	9.038944
0	178	244	8.832393
0	178	14	8.367236
0	178	270	7.783859
0	178	58	7.722086
0	178	263	7.111882
0	178	269	6.553642
0	178	11	5.219848
0	178	51	5.102223
0	178	268	4.440293
0	178	61	4.191731
0	178	115	3.649195
0	178	17	3.362303
0	178	18	1.519172
0	178	8	0.329114
0	178	13	0.306102
0	178	255	-2.189575
0	178	109	-2.442147
0	178	16	-3.498522
0	178	231	-6.518269
0	178	277	-6.751912
0	178	278	-7.203914
0	178	280	-7.627538
0	178	272	-10.137136
0	179	116	13.539501
0	179	183	12.647293
0	179	266	12.628416
0	179	264	12.207113
0	179	63	10.705626
0	179	267	10.020500
0	179	119	9.408402
0	179	265	8.591502
0	179	112	8.014833
0	179	263	7.716234
0	179	113	7.703763
0	179	3	6.189980
0	179	30	6.160031
0	179	271	5.960690
0	179	244	5.909043
0	179	268	4.680388
0	179	269	4.414038
0	179	270	3.118338
0	179	51	2.942947
0	179	14	2.053321
0	179	115	0.218158
0	179	61	-2.392878
0	179	13	-2.431816
0	179	58	-2.457383
0	179	255	-3.096869
0	179	16	-4.123546
0	179	109	-4.689376
0	179	17	-4.854585
0	179	11	-6.124382
0	179	8	-6.534441
0	179	277	-7.211719
0	179	18	-8.823718
0	179	280	-8.827616
0	179	231	-9.523682
0	179	278	-9.716480
0	179	272	-10.293005
0	180	264	15.494881
0	180	183	15.145908
0	180	30	14.811737
0	180	116	14.538914
0	180	266	13.987987
0	180	119	13.342294
0	180	263	12.596144
0	180	267	12.539330
0	180	244	12.139580
0	180	14	12.018110
0	180	112	11.818413
0	180	113	10.847025
0	180	268	10.819036
0	180	63	10.122531
0	180	269	9.535870
0	180	3	9.170852
0	180	270	7.765591
0	180	271	6.903415
0	180	265	5.746168
0	180	61	5.737925
0	180	11	4.239853
0	180	51	3.807032
0	180	115	2.684819
0	180	8	1.560081
0	180	58	-3.062079
0	180	16	-4.014185
0	180	17	-4.884848
0	180	13	-4.940821
0	180	109	-6.073011
0	180	231	-6.355778
0	180	18	-8.852301
0	180	277	-8.869899
0	180	255	-8.945708
0	180	272	-9.058697
0	180	280	-9.245314
0	180	278	-10.240492
0	181	116	14.197396
0	181	265	13.858290
0	181	183	13.228600
0	181	119	12.858274
0	181	266	12.499266
0	181	264	11.866250
0	181	30	10.683949
0	181	3	10.426734
0	181	113	7.873044
0	181	263	7.037773
0	181	269	6.446528
0	181	244	4.274545
0	181	271	3.707292
0	181	270	3.098872
0	181	268	2.643691
0	181	63	0.999173
0	181	115	0.319680
0	181	112	-0.260580
0	181	61	-0.941267
0	181	267	-0.996008
0	181	16	-3.796521
0	181	51	-4.599872
0	181	58	-4.991580
0	181	14	-6.392047
0	181	17	-6.573013
0	181	109	-7.255661
0	181	11	-7.674766
0	181	8	-7.873765
0	181	13	-8.808208
0	181	280	-9.229576
0	181	277	-9.232851
0	181	18	-9.500740
0	181	255	-9.746656
0	181	231	-9.854912
0	181	272	-10.563997
0	181	278	-10.594908
0	182	183	10.887890
0	182	267	10.506317
0	182	63	10.380990
0	182	14	9.783335
0	182	112	9.004426
0	182	264	8.802629
0	182	61	8.793509
0	182	266	8.608149
0	182	244	8.007663
0	182	270	7.890027
0	182	51	7.700130
0	182	18	7.272353
0	182	58	6.222603
0	182	30	5.549559
0	182	3	5.068736
0	182	113	4.930236
0	182	8	3.511843
0	182	116	3.467336
0	182	271	3.083751
0	182	11	2.981729
0	182	263	1.995206
0	182	119	1.659657
0	182	265	1.137564
0	182	268	0.478728
0	182	115	-0.674853
0	182	269	-1.743914
0	182	109	-1.745688
0	182	13	-2.275593
0	182	255	-2.809761
0	182	17	-3.763326
0	182	16	-3.828087
0	182	231	-4.455708
0	182	272	-4.925129
0	182	280	-5.162016
0	182	278	-5.838434
0	182	277	-7.058111
0	183	267	14.757647
0	183	116	14.504644
0	183	183	14.479839
0	183	264	14.373895
0	183	291	13.465902
0	183	279	13.355547
0	183	275	13.150553
0	183	288	12.143205
0	183	274	11.827620
0	183	113	11.742512
0	183	30	11.285812
0	183	14	10.893877
0	183	294	10.367823
0	183	283	10.285345
0	183	276	9.996723
0	183	119	9.742500
0	183	273	9.544859
0	183	112	9.256745
0	183	231	8.602036
0	183	244	8.467732
0	183	282	8.436152
0	183	63	7.964117
0	183	287	7.958532
0	183	18	7.544031
0	183	292	7.350028
0	183	271	7.157970
0	183	289	7.132665
0	183	263	6.823655
0	183	51	6.427144
0	183	61	6.075129
0	183	58	5.994852
0	183	3	5.210308
0	183	281	5.196852
0	183	268	4.749636
0	183	270	3.442389
0	183	285	2.015031
0	183	115	0.748802
0	183	295	0.534302
0	183	290	-0.098886
0	183	293	-0.745346
0	183	284	-1.818593
0	183	286	-3.117326
0	183	278	-4.026514
0	183	280	-7.346842
0	183	272	-9.959829
0	184	264	15.133553
0	184	183	14.643625
0	184	266	14.525009
0	184	116	14.364304
0	184	119	14.080582
0	184	244	13.863276
0	184	30	13.819974
0	184	63	13.171974
0	184	268	12.830272
0	184	112	11.845003
0	184	267	11.493966
0	184	3	10.937100
0	184	11	10.636559
0	184	271	9.865250
0	184	263	9.137742
0	184	270	8.991488
0	184	113	8.205659
0	184	14	8.129512
0	184	61	7.719271
0	184	51	7.421322
0	184	269	6.343323
0	184	58	6.102810
0	184	265	5.224288
0	184	115	3.179916
0	184	8	0.620564
0	184	13	-2.800235
0	184	16	-3.090770
0	184	109	-3.961811
0	184	17	-4.805320
0	184	277	-5.623945
0	184	255	-5.866074
0	184	280	-8.278631
0	184	231	-8.620713
0	184	18	-9.038675
0	184	278	-10.488722
0	184	272	-10.493507
0	185	183	15.089306
0	185	264	14.099604
0	185	30	13.771919
0	185	266	13.492929
0	185	116	12.250816
0	185	265	11.106855
0	185	119	10.069812
0	185	14	9.697410
0	185	244	8.925273
0	185	270	8.438574
0	185	267	7.905908
0	185	263	7.185371
0	185	113	6.793383
0	185	269	6.383282
0	185	63	5.840536
0	185	51	4.747806
0	185	112	4.742610
0	185	3	4.482745
0	185	271	4.025176
0	185	268	3.037940
0	185	115	0.576615
0	185	61	0.499810
0	185	272	-1.670431
0	185	231	-4.024816
0	185	16	-4.036308
0	185	13	-4.330101
0	185	109	-4.662486
0	185	8	-6.279441
0	185	58	-6.532015
0	185	17	-6.971852
0	185	11	-7.567058
0	185	18	-7.854084
0	185	255	-8.193554
0	185	277	-8.595015
0	185	280	-9.504465
0	185	278	-9.887935
0	186	183	15.634406
0	186	116	15.620926
0	186	264	14.649294
0	186	265	14.182735
0	186	266	13.920641
0	186	30	13.835008
0	186	119	13.146059
0	186	263	11.788498
0	186	61	11.062593
0	186	244	10.425740
0	186	269	10.388027
0	186	3	10.331297
0	186	112	10.158213
0	186	270	9.588610
0	186	63	9.268272
0	186	268	8.955051
0	186	267	8.813493
0	186	271	8.264022
0	186	113	8.129944
0	186	14	3.182780
0	186	51	2.391337
0	186	8	0.221665
0	186	115	0.057174
0	186	16	-3.392318
0	186	109	-3.618936
0	186	13	-5.200328
0	186	17	-6.540905
0	186	58	-6.829741
0	186	11	-7.332749
0	186	277	-9.007788
0	186	280	-9.010760
0	186	18	-9.119938
0	186	255	-9.475739
0	186	231	-9.619247
0	186	272	-10.337891
0	186	278	-10.569334
