0	1	19	12.894915
0	1	11	12.718731
0	1	1	11.787866
0	1	2	11.664618
0	1	15	11.539020
0	1	9	11.506448
0	1	14	11.431084
0	1	8	11.364277
0	1	6	11.317576
0	1	0	10.983122
0	1	4	10.229453
0	1	5	9.720312
0	1	3	8.701960
0	1	18	7.683838
0	1	12	7.120207
0	1	7	2.409579
0	1	13	1.828351
0	1	10	0.021208
0	1	16	-2.195679
0	1	17	-3.397463
0	2	11	13.847946
0	2	5	13.504163
0	2	9	13.434216
0	2	0	12.972210
0	2	4	12.896601
0	2	1	12.772696
0	2	14	12.298089
0	2	2	12.160530
0	2	12	12.090802
0	2	15	12.021054
0	2	8	11.725902
0	2	6	8.846363
0	2	19	8.341905
0	2	3	7.524963
0	2	18	1.989612
0	2	7	1.578895
0	2	10	0.867513
0	2	16	0.130003
0	2	13	-1.665958
0	2	17	-1.844204
0	3	11	14.262553
0	3	9	13.631474
0	3	4	13.564501
0	3	5	13.531895
0	3	1	13.172895
0	3	19	13.150753
0	3	12	12.804248
0	3	0	12.448236
0	3	6	12.301317
0	3	10	12.250669
0	3	14	11.948371
0	3	15	11.865662
0	3	2	11.859177
0	3	8	9.166878
0	3	7	3.839240
0	3	3	2.916120
0	3	16	1.882185
0	3	18	-0.009179
0	3	13	-1.903619
0	3	17	-2.985975
0	4	11	13.005937
0	4	0	12.171999
0	4	12	12.031985
0	4	4	11.979482
0	4	15	11.059537
0	4	9	11.051168
0	4	2	10.597303
0	4	8	10.595131
0	4	5	9.825916
0	4	1	9.677724
0	4	14	8.671507
0	4	18	4.629280
0	4	19	4.194136
0	4	3	3.042713
0	4	7	2.409016
0	4	6	1.771081
0	4	10	0.084152
0	4	16	-1.877930
0	4	13	-2.404933
0	4	17	-3.640487
0	5	2	12.777118
0	5	9	12.680304
0	5	0	12.004941
0	5	15	11.824879
0	5	11	11.815211
0	5	6	11.577296
0	5	1	11.186234
0	5	14	11.103290
0	5	4	10.843616
0	5	19	9.198514
0	5	3	6.445627
0	5	5	5.190784
0	5	8	4.150777
0	5	7	4.015620
0	5	16	3.217836
0	5	12	2.680514
0	5	18	2.089690
0	5	10	1.982311
0	5	17	-1.178867
0	5	13	-2.237831
0	6	14	12.836005
0	6	8	11.948210
0	6	15	10.726236
0	6	1	10.429564
0	6	11	10.287662
0	6	12	9.591581
0	6	13	9.448562
0	6	5	9.344159
0	6	0	9.231949
0	6	18	9.162614
0	6	3	9.081492
0	6	4	8.587233
0	6	19	8.417926
0	6	7	6.318982
0	6	9	6.282769
0	6	10	4.616590
0	6	6	3.711514
0	6	2	2.047380
0	6	16	-1.050891
0	6	17	-2.573408
0	7	19	13.346313
0	7	4	13.224250
0	7	5	12.776497
0	7	15	12.710096
0	7	1	12.267229
0	7	2	12.146109
0	7	9	11.930019
0	7	0	11.855127
0	7	14	11.831062
0	7	12	11.425621
0	7	8	11.243731
0	7	11	10.597980
0	7	10	10.533435
0	7	18	9.843573
0	7	6	8.370486
0	7	3	7.426232
0	7	7	4.172790
0	7	13	0.971218
0	7	16	0.512713
0	7	17	-2.722346
0	8	5	13.925973
0	8	19	13.560131
0	8	10	13.494399
0	8	2	13.160626
0	8	4	12.940585
0	8	9	12.860004
0	8	14	12.570694
0	8	15	12.287843
0	8	13	11.888268
0	8	0	11.528508
0	8	1	11.440580
0	8	6	10.957140
0	8	11	10.586114
0	8	12	10.399508
0	8	18	10.178419
0	8	8	10.161606
0	8	3	9.560098
0	8	16	2.193624
0	8	7	1.010640
0	8	17	-0.974388
0	9	9	14.123902
0	9	5	13.973182
0	9	11	13.867901
0	9	4	13.575105
0	9	0	13.400615
0	9	15	13.021455
0	9	1	12.677029
0	9	12	12.561737
0	9	14	11.915372
0	9	19	11.593587
0	9	2	11.505009
0	9	10	7.621014
0	9	8	6.820395
0	9	7	4.323882
0	9	16	3.845387
0	9	6	2.107181
0	9	3	2.070996
0	9	18	0.589027
0	9	13	-1.556146
0	9	17	-1.899447
0	10	11	13.997373
0	10	4	13.861266
0	10	5	13.787902
0	10	9	13.784407
0	10	1	13.424011
0	10	0	12.998403
0	10	15	12.493104
0	10	8	12.407582
0	10	14	12.003247
0	10	2	11.837269
0	10	19	11.683607
0	10	12	11.410707
0	10	6	11.370101
0	10	7	5.249953
0	10	10	4.405266
0	10	3	4.187943
0	10	18	1.516351
0	10	16	1.101815
0	10	13	0.638081
0	10	17	-2.377906
0	11	5	13.873209
0	11	10	13.702005
0	11	19	13.584257
0	11	2	13.423115
0	11	4	13.159837
0	11	15	13.123876
0	11	11	12.407903
0	11	14	11.404195
0	11	9	11.279756
0	11	12	11.134682
0	11	0	10.725974
0	11	1	10.650011
0	11	8	10.490031
0	11	13	9.529519
0	11	3	8.558997
0	11	18	6.732395
0	11	7	4.208689
0	11	6	3.587234
0	11	16	-1.398074
0	11	17	-1.705519
0	12	5	14.293533
0	12	14	13.924566
0	12	2	12.998104
0	12	15	12.797288
0	12	6	12.535253
0	12	4	12.396616
0	12	19	12.227308
0	12	13	11.793083
0	12	8	11.444458
0	12	1	11.153103
0	12	9	10.294411
0	12	3	9.563571
0	12	10	8.521700
0	12	12	8.170415
0	12	0	6.717175
0	12	18	6.372756
0	12	11	5.795362
0	12	7	2.480896
0	12	16	-0.924212
0	12	17	-1.777812
0	13	5	12.804390
0	13	8	12.687904
0	13	19	12.651419
0	13	2	12.184055
0	13	15	11.874479
0	13	3	11.305316
0	13	14	11.275898
0	13	12	10.469837
0	13	0	10.375093
0	13	1	10.364152
0	13	6	10.104104
0	13	9	10.044708
0	13	10	8.789974
0	13	4	7.779048
0	13	13	5.347320
0	13	11	3.221721
0	13	18	2.811110
0	13	7	2.736574
0	13	16	-0.846758
0	13	17	-1.671684
0	14	30	12.880994
0	14	63	12.542406
0	14	22	11.254684
0	14	27	11.151817
0	14	45	10.795512
0	14	28	10.783999
0	14	29	9.931023
0	14	57	9.916645
0	14	8	9.756956
0	14	26	9.395476
0	14	31	8.999000
0	14	32	8.849751
0	14	20	8.780234
0	14	43	8.128055
0	14	21	8.118121
0	14	36	8.055250
0	14	24	8.041809
0	14	14	7.597398
0	14	51	7.283751
0	14	85	6.390194
0	14	66	5.658854
0	14	56	5.408709
0	14	47	5.378604
0	14	34	5.369072
0	14	25	5.237278
0	14	71	4.853238
0	14	54	4.761713
0	14	48	4.275664
0	14	38	3.995192
0	14	53	3.271852
0	14	72	2.924531
0	14	3	2.791741
0	14	64	2.688342
0	14	74	2.629988
0	14	46	2.361202
0	14	18	2.102863
0	14	11	1.735912
0	14	23	1.636145
0	14	62	1.275268
0	14	33	1.262296
0	14	52	1.129553
0	14	40	1.054532
0	14	70	0.690730
0	14	50	0.667082
0	14	73	0.575534
0	14	79	0.318662
0	14	69	0.245816
0	14	58	-0.094129
0	14	37	-0.473691
0	14	35	-0.482980
0	14	76	-0.536267
0	14	42	-0.646072
0	14	44	-0.917325
0	14	61	-1.106952
0	14	77	-1.156774
0	14	39	-1.183482
0	14	75	-1.351458
0	14	78	-1.551289
0	14	55	-1.618042
0	14	49	-1.649241
0	14	65	-1.751654
0	14	41	-2.040408
0	14	16	-2.786560
0	15	63	12.610580
0	15	30	11.877052
0	15	26	11.345401
0	15	45	11.309924
0	15	14	11.223295
0	15	57	10.708634
0	15	64	10.463125
0	15	32	10.246500
0	15	48	10.184072
0	15	51	10.183918
0	15	22	10.132380
0	15	28	10.122109
0	15	8	9.854523
0	15	31	9.788184
0	15	71	9.772507
0	15	43	9.754292
0	15	50	9.431764
0	15	46	9.207270
0	15	34	9.022611
0	15	27	8.291363
0	15	36	8.051937
0	15	20	7.922596
0	15	72	7.842678
0	15	56	7.172855
0	15	25	7.158593
0	15	53	6.933008
0	15	58	6.506265
0	15	74	6.363852
0	15	47	5.801324
0	15	24	5.455306
0	15	23	5.350693
0	15	21	5.278942
0	15	66	5.085699
0	15	54	4.761756
0	15	11	4.752103
0	15	29	4.523012
0	15	61	4.515754
0	15	52	4.099997
0	15	62	3.584357
0	15	42	3.085612
0	15	35	2.882940
0	15	38	2.661118
0	15	3	2.604220
0	15	37	2.370816
0	15	85	2.291503
0	15	73	1.924948
0	15	18	1.890031
0	15	33	1.740295
0	15	76	1.258878
0	15	49	0.850697
0	15	70	0.546358
0	15	44	0.439152
0	15	79	0.373487
0	15	78	0.314073
0	15	69	-0.243090
0	15	39	-0.616425
0	15	77	-0.740987
0	15	75	-0.905251
0	15	65	-1.339792
0	15	55	-1.398829
0	15	41	-1.718934
0	15	16	-2.206225
0	15	40	-2.800621
0	16	63	14.092146
0	16	53	14.022330
0	16	26	13.739010
0	16	32	13.606431
0	16	56	13.433733
0	16	22	13.089429
0	16	51	13.036736
0	16	52	12.922760
0	16	48	12.808195
0	16	30	12.715232
0	16	25	12.694443
0	16	54	12.678387
0	16	29	12.392240
0	16	58	12.236356
0	16	72	12.122928
0	16	27	12.102850
0	16	14	12.072661
0	16	43	11.712251
0	16	28	11.561825
0	16	34	11.239314
0	16	21	10.904246
0	16	62	10.896887
0	16	49	10.845094
0	16	47	10.826176
0	16	45	10.703969
0	16	20	10.540137
0	16	57	10.290077
0	16	35	10.189882
0	16	24	10.055178
0	16	31	10.024071
0	16	50	9.902781
0	16	66	9.692738
0	16	71	9.671688
0	16	8	9.664139
0	16	36	9.649564
0	16	70	8.632702
0	16	3	7.900731
0	16	85	7.712783
0	16	64	7.689565
0	16	74	7.482467
0	16	33	5.644773
0	16	42	4.803872
0	16	79	4.055524
0	16	23	3.736318
0	16	73	3.227937
0	16	76	3.179142
0	16	77	3.035539
0	16	11	2.998743
0	16	69	2.866321
0	16	39	2.637130
0	16	41	2.238611
0	16	38	2.134272
0	16	55	2.073463
0	16	78	1.898487
0	16	44	1.480701
0	16	75	1.426542
0	16	37	1.401008
0	16	16	1.224071
0	16	18	1.057199
0	16	65	0.978146
0	16	46	0.945878
0	16	61	0.647897
0	16	40	-0.378608
0	17	63	12.602635
0	17	30	12.557528
0	17	51	11.424297
0	17	42	11.120188
0	17	43	10.931135
0	17	32	10.420376
0	17	28	9.992977
0	17	58	9.973449
0	17	67	9.475234
0	17	61	9.469910
0	17	20	9.072970
0	17	38	8.836528
0	17	48	8.669685
0	17	25	8.617209
0	17	62	8.178100
0	17	37	6.971777
0	17	68	6.593244
0	17	23	6.579027
0	17	40	5.735478
0	17	24	5.341648
0	17	22	4.007814
0	17	66	3.343682
0	17	57	3.321553
0	17	27	3.106122
0	17	3	2.774473
0	17	46	2.405277
0	17	60	1.494288
0	17	45	1.124994
0	17	59	0.883970
0	17	41	-1.550843
0	17	13	-2.394463
0	18	63	12.552213
0	18	30	11.420360
0	18	57	11.344481
0	18	43	10.668325
0	18	38	10.585422
0	18	42	10.557272
0	18	20	10.494404
0	18	14	10.385843
0	18	32	9.947227
0	18	28	9.818753
0	18	31	9.636082
0	18	22	7.837630
0	18	40	7.543286
0	18	64	6.425323
0	18	18	6.372180
0	18	66	5.339729
0	18	46	5.336358
0	18	62	4.095572
0	18	3	3.611679
0	18	61	3.278664
0	18	24	2.784376
0	18	69	2.157135
0	18	41	-1.400765
0	18	13	-2.569608
0	19	63	11.046064
0	19	30	10.288457
0	19	29	9.612995
0	19	26	9.212625
0	19	31	8.723970
0	19	43	8.574544
0	19	46	8.142052
0	19	72	8.135788
0	19	57	8.098087
0	19	32	8.010594
0	19	22	7.915215
0	19	51	7.707081
0	19	20	7.469976
0	19	28	7.084391
0	19	45	6.969496
0	19	27	6.921063
0	19	8	6.558954
0	19	56	6.137445
0	19	85	5.659309
0	19	71	5.037988
0	19	36	4.901363
0	19	33	4.280893
0	19	38	4.267719
0	19	11	3.999402
0	19	54	3.884251
0	19	25	3.654231
0	19	14	3.515821
0	19	47	3.377018
0	19	3	3.286523
0	19	66	3.285835
0	19	73	3.164576
0	19	40	2.255513
0	19	21	2.007807
0	19	48	1.787060
0	19	18	1.776531
0	19	34	1.754124
0	19	64	1.615880
0	19	23	1.587777
0	19	61	1.466833
0	19	52	1.220129
0	19	53	1.186058
0	19	39	0.770719
0	19	58	0.725896
0	19	55	0.395768
0	19	62	0.339140
0	19	65	0.263239
0	19	50	0.188918
0	19	42	0.175116
0	19	37	0.172649
0	19	76	-0.089320
0	19	69	-0.222715
0	19	70	-0.300147
0	19	24	-0.357740
0	19	77	-0.426635
0	19	41	-0.451572
0	19	16	-0.573733
0	19	35	-0.708604
0	19	75	-0.838798
0	19	78	-1.065454
0	19	44	-1.144157
0	19	49	-1.182540
0	19	79	-1.318457
0	19	74	-1.444347
0	20	63	13.217818
0	20	51	12.014165
0	20	20	11.949870
0	20	42	11.776711
0	20	43	11.348114
0	20	30	11.290887
0	20	62	10.804355
0	20	32	10.445908
0	20	27	10.208528
0	20	40	9.962114
0	20	37	9.672974
0	20	46	9.549484
0	20	67	9.502810
0	20	48	9.445745
0	20	38	9.344659
0	20	57	9.311810
0	20	23	9.290448
0	20	22	8.950279
0	20	28	8.857379
0	20	25	8.800117
0	20	68	7.851496
0	20	24	5.002419
0	20	45	4.600521
0	20	66	3.812381
0	20	3	3.132572
0	20	60	2.315584
0	20	59	2.181116
0	20	58	0.757695
0	20	61	0.489363
0	20	41	-1.308094
0	20	13	-2.941674
0	21	58	13.829350
0	21	27	13.797479
0	21	63	13.642362
0	21	57	13.511330
0	21	31	13.468357
0	21	72	13.168890
0	21	48	13.148913
0	21	22	13.113658
0	21	28	12.667370
0	21	85	12.608461
0	21	24	12.545704
0	21	51	12.215511
0	21	61	12.056607
0	21	70	11.742062
0	21	45	11.644127
0	21	39	11.600297
0	21	20	10.847662
0	21	40	9.722774
0	21	32	9.647323
0	21	38	9.324130
0	21	3	8.763353
0	21	23	8.588103
0	21	43	7.873713
0	21	25	7.614621
0	21	69	5.217193
0	21	37	2.313014
0	21	41	2.223262
0	22	53	14.454108
0	22	26	13.908132
0	22	63	13.672344
0	22	34	13.537187
0	22	32	13.471955
0	22	22	13.334215
0	22	30	13.293691
0	22	58	13.125237
0	22	50	13.082207
0	22	52	13.058886
0	22	43	12.980041
0	22	51	12.632874
0	22	54	12.384530
0	22	36	12.342893
0	22	56	12.264911
0	22	14	12.193229
0	22	42	11.856997
0	22	46	11.756404
0	22	66	11.534930
0	22	28	11.317902
0	22	25	10.954389
0	22	29	10.866781
0	22	20	10.847959
0	22	8	10.329114
0	22	33	10.230051
0	22	37	9.904880
0	22	45	9.859354
0	22	61	9.707369
0	22	70	9.478445
0	22	78	9.095782
0	22	18	9.024564
0	22	72	8.811115
0	22	27	8.463834
0	22	49	7.982352
0	22	24	7.806483
0	22	21	7.585482
0	22	48	7.525937
0	22	71	7.401927
0	22	3	6.603821
0	22	35	5.626362
0	22	31	5.440771
0	22	64	5.302129
0	22	74	5.194033
0	22	57	5.085962
0	22	38	4.688929
0	22	11	3.529521
0	22	76	3.226623
0	22	62	3.137498
0	22	23	2.639060
0	22	47	2.637563
0	22	73	2.051169
0	22	39	1.871613
0	22	16	0.749125
0	22	40	0.233405
0	22	41	-0.234357
0	22	77	-0.255292
0	22	44	-0.262761
0	22	85	-0.609881
0	22	55	-0.695184
0	22	75	-0.754462
0	22	79	-0.865782
0	22	65	-0.964453
0	22	69	-1.243532
0	23	63	12.257139
0	23	29	11.889822
0	23	8	10.938396
0	23	25	10.571743
0	23	57	9.988238
0	23	30	9.803833
0	23	20	9.410377
0	23	38	9.306509
0	23	43	8.095434
0	23	54	7.928487
0	23	24	7.911462
0	23	85	7.856647
0	23	31	7.696173
0	23	46	7.570522
0	23	72	7.529054
0	23	14	7.511502
0	23	40	7.240584
0	23	21	7.100856
0	23	45	7.037598
0	23	51	7.016960
0	23	36	6.844808
0	23	64	6.735366
0	23	55	6.188447
0	23	50	6.165586
0	23	49	5.828505
0	23	56	5.807783
0	23	27	5.657292
0	23	52	5.394295
0	23	42	5.327519
0	23	58	4.890417
0	23	28	4.499554
0	23	62	4.317236
0	23	23	3.892465
0	23	71	3.782320
0	23	22	3.664251
0	23	47	3.449613
0	23	26	3.436435
0	23	34	3.311292
0	23	3	2.604058
0	23	32	2.551977
0	23	53	2.242274
0	23	48	2.090814
0	23	33	1.916694
0	23	70	1.851715
0	23	66	1.419602
0	23	11	1.336886
0	23	37	1.336152
0	23	35	0.850773
0	23	39	0.761005
0	23	76	0.626258
0	23	77	0.606869
0	23	75	0.541556
0	23	61	0.409606
0	23	78	0.280820
0	23	41	0.268961
0	23	79	0.222074
0	23	18	-0.193483
0	23	44	-0.379738
0	23	69	-0.414755
0	23	65	-0.452930
0	23	73	-0.723165
0	23	16	-0.781597
0	23	74	-2.168854
0	24	53	14.092092
0	24	62	13.607734
0	24	34	13.494531
0	24	30	13.445010
0	24	63	13.411041
0	24	38	13.206558
0	24	76	13.141018
0	24	78	13.029542
0	24	11	12.881585
0	24	25	12.728376
0	24	20	12.535003
0	24	64	12.351324
0	24	23	12.309121
0	24	70	12.173105
0	24	39	12.041710
0	24	24	12.001786
0	24	14	11.973861
0	24	48	11.931007
0	24	46	11.831676
0	24	77	11.763296
0	24	57	11.761293
0	24	49	11.716783
0	24	29	11.649639
0	24	43	11.625041
0	24	35	11.565195
0	24	51	11.309491
0	24	71	11.264753
0	24	73	11.011673
0	24	40	10.916779
0	24	55	10.885772
0	24	44	10.608727
0	24	42	10.136708
0	24	50	10.025456
0	24	8	9.957425
0	24	66	9.938786
0	24	45	9.891122
0	24	65	9.616423
0	24	26	9.480881
0	24	36	9.241714
0	24	75	8.626661
0	24	79	8.143774
0	24	32	7.918282
0	24	69	7.880808
0	24	28	7.674210
0	24	54	7.534418
0	24	3	7.470540
0	24	22	6.805049
0	24	58	6.697685
0	24	33	6.602259
0	24	37	6.241695
0	24	41	6.174347
0	24	74	5.394260
0	24	27	4.710858
0	24	18	4.622746
0	24	47	4.478654
0	24	56	4.243961
0	24	85	3.780548
0	24	61	3.393139
0	24	31	2.585614
0	24	72	2.488530
0	24	21	2.104340
0	24	52	1.354899
0	24	16	-1.653408
0	25	30	13.437306
0	25	63	12.988408
0	25	25	12.986423
0	25	28	12.385839
0	25	23	12.298164
0	25	67	12.275594
0	25	43	12.266394
0	25	20	12.168272
0	25	32	12.045142
0	25	38	11.951257
0	25	42	11.918010
0	25	22	11.411922
0	25	51	11.377772
0	25	46	11.171910
0	25	24	11.104791
0	25	66	11.037335
0	25	45	10.962681
0	25	62	10.841118
0	25	57	10.768468
0	25	48	10.556943
0	25	37	10.201612
0	25	40	9.429057
0	25	68	8.807566
0	25	61	7.576434
0	25	58	6.634952
0	25	3	6.575428
0	25	27	6.537212
0	25	60	5.516045
0	25	59	0.232417
0	25	41	-2.309510
0	25	13	-2.492513
0	26	63	13.347359
0	26	30	13.322609
0	26	34	13.097783
0	26	29	13.077292
0	26	66	12.151235
0	26	25	11.967028
0	26	45	11.701837
0	26	61	11.222695
0	26	70	11.010246
0	26	20	10.989223
0	26	22	10.945690
0	26	8	10.703483
0	26	57	10.695934
0	26	50	10.606790
0	26	64	10.582324
0	26	37	10.377357
0	26	46	10.074565
0	26	3	9.987580
0	26	26	9.894293
0	26	24	9.729447
0	26	51	9.670151
0	26	71	9.581777
0	26	39	9.529672
0	26	38	9.345526
0	26	14	9.031281
0	26	48	8.946934
0	26	27	8.721460
0	26	49	8.652325
0	26	28	8.377523
0	26	35	8.238686
0	26	58	7.461897
0	26	43	7.347052
0	26	53	7.069657
0	26	72	6.952277
0	26	54	6.912846
0	26	31	6.828553
0	26	85	6.237203
0	26	74	6.234179
0	26	42	6.150109
0	26	21	5.831563
0	26	55	5.611604
0	26	44	5.140269
0	26	18	4.922397
0	26	56	4.763517
0	26	36	4.509451
0	26	32	4.465051
0	26	69	4.125245
0	26	78	4.072446
0	26	33	3.922866
0	26	62	3.895494
0	26	11	3.712382
0	26	76	3.296356
0	26	23	2.509442
0	26	65	2.416560
0	26	79	2.257036
0	26	52	0.711453
0	26	47	0.623990
0	26	77	0.449963
0	26	73	0.282026
0	26	75	-0.545638
0	26	16	-1.609888
0	26	41	-1.628623
0	26	40	-1.746928
0	27	63	13.846056
0	27	34	13.175165
0	27	26	13.026682
0	27	53	12.850197
0	27	48	12.541683
0	27	30	12.515416
0	27	14	12.490592
0	27	51	12.341933
0	27	50	12.279418
0	27	54	12.192946
0	27	22	12.091677
0	27	56	11.984979
0	27	32	11.720331
0	27	43	11.703873
0	27	29	11.659795
0	27	66	11.605501
0	27	52	11.218550
0	27	57	11.203587
0	27	27	11.163764
0	27	71	10.926293
0	27	28	10.853254
0	27	64	10.667500
0	27	45	10.646130
0	27	3	10.582527
0	27	72	10.501069
0	27	8	10.351543
0	27	21	10.276937
0	27	20	10.135000
0	27	70	10.122658
0	27	58	9.947451
0	27	24	9.750965
0	27	31	9.632500
0	27	47	9.555143
0	27	78	9.529049
0	27	38	9.337318
0	27	25	8.971325
0	27	62	8.749456
0	27	35	8.550189
0	27	49	8.316293
0	27	36	8.305192
0	27	74	8.062374
0	27	42	7.511123
0	27	65	6.444280
0	27	40	6.339624
0	27	55	6.134929
0	27	76	6.123345
0	27	39	5.664780
0	27	23	5.569692
0	27	11	5.068252
0	27	79	5.043792
0	27	69	4.935597
0	27	33	4.404036
0	27	44	3.986056
0	27	85	3.715874
0	27	61	3.554660
0	27	77	3.412815
0	27	75	3.273517
0	27	46	2.982957
0	27	73	2.852101
0	27	37	2.741918
0	27	41	1.043964
0	27	18	0.408675
0	27	16	-0.966316
0	28	53	14.371164
0	28	63	13.797145
0	28	54	13.015113
0	28	48	12.945479
0	28	30	12.893521
0	28	26	12.816048
0	28	29	12.789239
0	28	56	12.718613
0	28	66	12.698054
0	28	50	12.682037
0	28	28	12.628153
0	28	22	12.530724
0	28	32	12.513419
0	28	34	12.368612
0	28	62	12.293720
0	28	51	12.256988
0	28	45	12.100285
0	28	24	12.016442
0	28	20	11.987643
0	28	14	11.857812
0	28	58	11.829426
0	28	49	11.656136
0	28	47	11.333603
0	28	27	11.330203
0	28	57	11.304583
0	28	21	11.264156
0	28	72	11.191951
0	28	37	11.178408
0	28	43	11.176072
0	28	8	11.003418
0	28	52	10.754353
0	28	25	10.472557
0	28	64	9.408750
0	28	44	8.951610
0	28	38	8.835010
0	28	70	8.484945
0	28	31	8.369754
0	28	3	8.233130
0	28	35	7.952028
0	28	36	7.946316
0	28	39	7.416510
0	28	78	7.412374
0	28	42	7.288067
0	28	23	7.170948
0	28	74	7.044003
0	28	71	7.033175
0	28	79	5.636694
0	28	61	4.822048
0	28	11	3.793810
0	28	76	3.726446
0	28	40	3.639095
0	28	33	3.235795
0	28	69	3.092350
0	28	73	2.817166
0	28	85	2.523576
0	28	55	2.462320
0	28	46	2.145100
0	28	77	1.913486
0	28	75	1.460394
0	28	16	1.414510
0	28	65	1.328030
0	28	18	0.388531
0	28	41	0.102741
0	29	53	14.115501
0	29	63	13.354133
0	29	34	13.235083
0	29	50	13.088026
0	29	56	13.044600
0	29	48	12.787270
0	29	30	12.716866
0	29	22	12.581664
0	29	26	12.330310
0	29	25	12.248934
0	29	54	11.957933
0	29	62	11.923657
0	29	32	11.812184
0	29	43	11.463045
0	29	27	11.451136
0	29	72	11.330773
0	29	14	11.295084
0	29	29	11.256978
0	29	57	11.215378
0	29	8	11.125816
0	29	45	11.112526
0	29	28	10.974861
0	29	75	10.957505
0	29	66	10.882516
0	29	51	10.833791
0	29	64	10.774049
0	29	20	10.669972
0	29	52	10.625447
0	29	71	10.497602
0	29	24	10.459415
0	29	31	10.446437
0	29	58	10.230190
0	29	38	10.212919
0	29	78	9.755800
0	29	37	9.755559
0	29	47	9.678556
0	29	85	9.204386
0	29	36	9.149195
0	29	70	9.093836
0	29	35	8.784401
0	29	3	8.484156
0	29	21	8.423556
0	29	69	7.171234
0	29	23	6.942789
0	29	49	6.693986
0	29	74	6.066656
0	29	79	5.941078
0	29	76	5.805944
0	29	11	5.435584
0	29	40	5.237350
0	29	65	4.607800
0	29	61	4.373482
0	29	42	4.055352
0	29	77	3.172131
0	29	44	2.749083
0	29	18	2.113738
0	29	33	2.107967
0	29	55	1.872601
0	29	46	1.602665
0	29	73	0.654545
0	29	39	0.628240
0	29	41	-0.200569
0	29	16	-1.779675
0	30	30	13.424127
0	30	63	13.279594
0	30	48	12.952925
0	30	36	12.870697
0	30	34	12.450804
0	30	57	12.327178
0	30	72	12.283195
0	30	14	12.173823
0	30	27	11.912113
0	30	31	11.895607
0	30	45	11.719018
0	30	64	11.686246
0	30	8	11.646853
0	30	71	11.515138
0	30	56	11.180450
0	30	22	11.114918
0	30	51	11.013864
0	30	66	11.006243
0	30	29	10.809951
0	30	50	10.221573
0	30	24	10.199311
0	30	43	10.192554
0	30	28	10.094657
0	30	54	9.663910
0	30	26	9.581089
0	30	62	9.175492
0	30	58	9.067760
0	30	20	9.065779
0	30	25	8.352534
0	30	3	8.224242
0	30	33	7.914667
0	30	53	7.840453
0	30	85	7.483071
0	30	47	7.356595
0	30	74	7.089164
0	30	52	7.013484
0	30	21	5.961740
0	30	70	5.936543
0	30	35	5.715545
0	30	23	5.216219
0	30	38	4.895048
0	30	49	4.748498
0	30	32	4.619617
0	30	18	4.496918
0	30	11	4.157027
0	30	55	3.949576
0	30	37	3.682773
0	30	69	3.614324
0	30	42	3.127652
0	30	73	3.025636
0	30	79	2.946490
0	30	76	2.757815
0	30	78	2.552054
0	30	61	2.374728
0	30	75	2.040088
0	30	41	1.691588
0	30	65	1.569276
0	30	77	1.321828
0	30	39	1.173339
0	30	46	0.799162
0	30	44	0.717716
0	30	16	0.412709
0	30	40	-1.169474
0	31	63	12.754887
0	31	30	12.676540
0	31	64	11.708794
0	31	44	11.641555
0	31	57	11.601219
0	31	20	11.460228
0	31	14	11.328850
0	31	72	10.702307
0	31	8	10.689164
0	31	45	10.513910
0	31	39	10.058282
0	31	27	9.737481
0	31	36	9.659809
0	31	70	9.533005
0	31	38	9.204752
0	31	43	9.153397
0	31	37	8.526140
0	31	50	8.263479
0	31	55	7.879529
0	31	18	7.844650
0	31	3	7.776985
0	31	31	7.419843
0	31	24	7.389907
0	31	23	7.291245
0	31	51	7.047968
0	31	69	6.487373
0	31	40	6.351145
0	31	29	6.349114
0	31	85	6.309274
0	31	62	5.873483
0	31	61	4.779165
0	31	71	4.634774
0	31	28	4.037251
0	31	58	3.984970
0	31	54	3.977425
0	31	66	3.861092
0	31	47	3.847676
0	31	48	3.651088
0	31	41	3.603154
0	31	78	3.551235
0	31	53	3.271929
0	31	11	2.702207
0	31	22	2.640510
0	31	34	2.631561
0	31	26	2.515199
0	31	73	2.495136
0	31	32	2.237799
0	31	42	2.037529
0	31	25	1.920484
0	31	76	1.795823
0	31	52	1.707457
0	31	77	1.539984
0	31	46	1.361450
0	31	21	1.167140
0	31	56	0.998244
0	31	33	0.647752
0	31	79	0.429003
0	31	75	-0.276194
0	31	49	-0.384859
0	31	65	-0.778288
0	31	35	-0.819198
0	31	74	-0.911464
0	31	16	-1.672843
0	32	50	12.345435
0	32	30	12.110082
0	32	14	11.902196
0	32	46	11.394013
0	32	63	11.095169
0	32	38	10.743202
0	32	8	10.593209
0	32	62	10.276291
0	32	11	10.134909
0	32	55	10.000700
0	32	72	9.898763
0	32	45	9.672619
0	32	76	9.551924
0	32	34	9.532543
0	32	44	9.356026
0	32	20	9.234537
0	32	33	8.939395
0	32	39	8.927581
0	32	24	8.753811
0	32	57	8.728650
0	32	64	8.084441
0	32	70	7.627787
0	32	25	6.684584
0	32	77	6.539536
0	32	29	5.956310
0	32	43	5.903468
0	32	23	5.903201
0	32	37	5.888768
0	32	36	5.747142
0	32	66	5.742612
0	32	27	5.710947
0	32	69	5.330271
0	32	85	4.980171
0	32	75	4.772795
0	32	53	4.721722
0	32	3	4.697684
0	32	47	4.620934
0	32	22	4.533413
0	32	78	4.355721
0	32	26	4.297462
0	32	54	4.143917
0	32	32	4.075018
0	32	56	4.059858
0	32	48	3.901555
0	32	51	3.855587
0	32	65	3.668890
0	32	73	3.620979
0	32	71	3.470061
0	32	58	3.122470
0	32	31	2.966105
0	32	42	2.825022
0	32	52	2.191082
0	32	35	2.104000
0	32	28	1.913426
0	32	61	1.815158
0	32	74	1.811543
0	32	16	1.663026
0	32	49	1.446541
0	32	21	1.233017
0	32	79	0.643211
0	32	18	0.008730
0	32	41	-0.350695
0	32	40	-0.576621
0	33	63	12.733505
0	33	30	11.886010
0	33	8	11.503295
0	33	29	11.448299
0	33	22	11.075040
0	33	53	11.001249
0	33	57	10.693590
0	33	34	10.639758
0	33	43	10.450732
0	33	58	10.446393
0	33	64	10.255342
0	33	14	10.239827
0	33	26	10.071557
0	33	45	9.840048
0	33	51	9.774323
0	33	27	9.551285
0	33	54	9.379240
0	33	31	9.350612
0	33	3	9.269799
0	33	61	9.185598
0	33	70	9.070121
0	33	62	8.947330
0	33	66	8.673007
0	33	20	8.499442
0	33	42	8.440484
0	33	72	8.376208
0	33	36	8.054453
0	33	52	7.995335
0	33	37	7.862392
0	33	47	7.835693
0	33	50	7.809973
0	33	21	7.766080
0	33	48	7.732821
0	33	28	7.688669
0	33	85	7.440181
0	33	38	7.351710
0	33	71	7.023215
0	33	32	6.919249
0	33	40	6.702241
0	33	46	6.553693
0	33	33	6.244638
0	33	11	6.094653
0	33	24	6.028956
0	33	74	5.776348
0	33	69	4.355190
0	33	56	4.300501
0	33	35	4.233692
0	33	79	4.026448
0	33	25	3.666543
0	33	18	3.049995
0	33	76	2.947746
0	33	23	2.890963
0	33	49	2.437157
0	33	77	2.377071
0	33	39	2.020707
0	33	55	1.668912
0	33	65	1.634973
0	33	41	1.576438
0	33	75	1.463043
0	33	78	0.973294
0	33	73	0.911064
0	33	44	0.251387
0	33	16	-0.456015
0	34	63	13.337893
0	34	51	12.543978
0	34	46	12.273305
0	34	83	12.135909
0	34	62	12.106254
0	34	24	12.065115
0	34	20	12.004605
0	34	37	11.689178
0	34	58	11.583576
0	34	32	11.501239
0	34	38	11.491128
0	34	23	11.440350
0	34	57	11.291932
0	34	42	11.261830
0	34	30	11.081866
0	34	84	11.052160
0	34	66	10.987594
0	34	14	10.947115
0	34	53	10.906133
0	34	22	10.496532
0	34	31	10.104472
0	34	48	9.496798
0	34	61	9.288521
0	34	26	9.281714
0	34	28	8.855618
0	34	3	8.847032
0	34	25	8.732386
0	34	40	8.462126
0	34	65	8.055069
0	34	18	7.845551
0	34	43	7.212671
0	34	52	4.115137
0	34	69	3.890236
0	34	27	3.849435
0	34	80	2.569646
0	34	21	1.657012
0	34	81	1.432264
0	34	56	1.344143
0	34	47	0.420351
0	34	41	-1.712456
0	34	82	-2.039845
0	35	30	12.701061
0	35	63	12.500605
0	35	34	12.428550
0	35	25	12.052837
0	35	32	11.829975
0	35	70	11.749249
0	35	46	11.614161
0	35	11	11.527143
0	35	51	11.419605
0	35	20	11.033758
0	35	14	11.009421
0	35	33	10.902011
0	35	72	10.897916
0	35	76	10.825156
0	35	23	10.773468
0	35	43	10.768117
0	35	42	10.711062
0	35	61	10.679383
0	35	48	10.656957
0	35	28	10.643756
0	35	38	10.606028
0	35	26	10.585202
0	35	71	10.564986
0	35	22	10.289831
0	35	53	10.214197
0	35	8	10.149955
0	35	78	10.146751
0	35	49	10.144638
0	35	50	9.907628
0	35	29	9.802475
0	35	24	9.557525
0	35	62	9.489916
0	35	39	9.464931
0	35	57	9.457937
0	35	74	9.217264
0	35	31	9.048096
0	35	58	8.661115
0	35	35	8.269893
0	35	47	7.311387
0	35	44	6.967164
0	35	45	6.902328
0	35	40	6.791586
0	35	37	6.335830
0	35	79	6.198475
0	35	54	6.163723
0	35	21	5.735511
0	35	66	5.401064
0	35	3	4.648803
0	35	27	4.594322
0	35	69	4.270831
0	35	64	4.191118
0	35	36	4.027675
0	35	56	3.972288
0	35	73	3.512434
0	35	85	3.178581
0	35	65	2.771239
0	35	77	2.036738
0	35	75	1.780078
0	35	16	1.268945
0	35	18	1.009434
0	35	55	0.772159
0	35	52	-0.144068
0	35	41	-0.211244
0	36	53	12.871533
0	36	63	12.624633
0	36	43	12.323760
0	36	26	12.155911
0	36	51	11.872478
0	36	30	11.666256
0	36	54	11.646683
0	36	57	11.612984
0	36	52	11.612293
0	36	20	11.600157
0	36	48	11.462481
0	36	62	11.150071
0	36	14	11.107733
0	36	32	11.102678
0	36	28	10.940212
0	36	34	10.938783
0	36	64	10.718204
0	36	31	10.631109
0	36	25	10.360815
0	36	38	10.317097
0	36	50	10.299623
0	36	21	10.227864
0	36	47	10.201344
0	36	37	9.978063
0	36	77	9.958304
0	36	8	9.752439
0	36	27	9.588800
0	36	22	9.140517
0	36	72	9.046547
0	36	58	8.897300
0	36	23	8.572775
0	36	78	8.551575
0	36	3	8.397826
0	36	70	8.170113
0	36	76	8.132075
0	36	49	7.988256
0	36	29	7.833996
0	36	69	7.283932
0	36	42	7.079072
0	36	71	6.454106
0	36	11	6.379973
0	36	79	6.077238
0	36	65	5.981990
0	36	56	5.253650
0	36	39	5.222169
0	36	75	4.321396
0	36	44	4.235382
0	36	40	4.016537
0	36	24	3.983282
0	36	33	3.278468
0	36	55	2.941986
0	36	85	2.792280
0	36	18	2.691689
0	36	73	2.519780
0	36	66	2.208294
0	36	45	2.146223
0	36	41	1.809075
0	36	46	1.215424
0	36	36	0.413676
0	36	61	0.077255
0	36	35	0.070013
0	36	16	-0.354061
0	36	74	-1.342606
0	37	63	13.575352
0	37	30	13.074957
0	37	53	12.985960
0	37	58	12.721739
0	37	48	12.291811
0	37	51	12.117881
0	37	14	11.983565
0	37	24	11.904380
0	37	43	11.634026
0	37	72	11.619311
0	37	26	11.610096
0	37	20	11.603900
0	37	21	11.108045
0	37	57	10.972635
0	37	34	10.906562
0	37	52	10.841637
0	37	32	10.752817
0	37	25	10.577870
0	37	54	10.548800
0	37	36	10.434480
0	37	71	10.341317
0	37	28	10.262573
0	37	62	9.904350
0	37	56	9.897712
0	37	31	9.587158
0	37	70	9.576222
0	37	27	9.552949
0	37	29	9.307430
0	37	64	9.279737
0	37	47	9.099278
0	37	8	8.967246
0	37	49	8.283930
0	37	35	8.251919
0	37	22	8.059291
0	37	42	7.666820
0	37	74	7.532570
0	37	50	7.349483
0	37	3	7.313429
0	37	45	5.410666
0	37	23	4.977379
0	37	66	4.374101
0	37	37	4.285270
0	37	73	3.413960
0	37	11	3.412772
0	37	38	3.362481
0	37	76	3.356970
0	37	85	3.346452
0	37	77	3.053360
0	37	33	2.927526
0	37	39	2.522663
0	37	78	2.361690
0	37	55	1.922601
0	37	65	1.911403
0	37	16	1.428244
0	37	41	1.426992
0	37	75	1.407102
0	37	69	1.188267
0	37	79	1.076452
0	37	44	0.939377
0	37	61	0.556540
0	37	46	0.457368
0	37	18	0.341347
0	37	40	-0.001741
0	38	62	13.323486
0	38	48	13.043240
0	38	30	12.910729
0	38	63	12.893732
0	38	20	12.704963
0	38	45	12.438010
0	38	57	12.216732
0	38	21	12.192686
0	38	71	12.043713
0	38	54	12.011803
0	38	8	11.801344
0	38	31	11.789973
0	38	3	11.781187
0	38	50	11.669572
0	38	25	11.647590
0	38	37	11.602477
0	38	27	11.477948
0	38	43	11.464243
0	38	72	11.460850
0	38	32	11.359300
0	38	47	11.312820
0	38	22	11.254051
0	38	29	11.168100
0	38	14	11.139921
0	38	78	11.052575
0	38	38	10.946885
0	38	85	10.511539
0	38	34	10.399963
0	38	58	10.240980
0	38	51	9.971264
0	38	46	9.865191
0	38	28	9.453691
0	38	70	9.424858
0	38	74	9.312520
0	38	36	9.287375
0	38	24	9.159254
0	38	64	8.943158
0	38	69	8.206091
0	38	53	8.033797
0	38	56	7.832023
0	38	52	7.820687
0	38	49	7.701371
0	38	26	7.274677
0	38	66	7.123626
0	38	35	7.070370
0	38	61	6.857570
0	38	11	5.087414
0	38	18	5.067440
0	38	65	4.934334
0	38	39	4.927876
0	38	44	4.662820
0	38	23	3.659622
0	38	42	3.410511
0	38	55	2.805934
0	38	75	2.721808
0	38	40	2.509940
0	38	77	2.507193
0	38	33	2.005162
0	38	79	1.956952
0	38	16	1.414835
0	38	73	1.157453
0	38	76	1.135427
0	38	41	-0.850146
0	39	63	11.981798
0	39	62	11.547471
0	39	29	11.069544
0	39	8	10.713860
0	39	20	10.423164
0	39	64	10.411294
0	39	14	10.282742
0	39	30	9.854577
0	39	40	9.649812
0	39	57	9.592155
0	39	43	9.227192
0	39	38	8.652040
0	39	35	7.941552
0	39	44	7.648205
0	39	65	7.461425
0	39	18	7.057872
0	39	79	6.690950
0	39	41	6.632889
0	39	53	6.465219
0	39	34	6.345193
0	39	72	6.280722
0	39	25	6.140362
0	39	36	5.817548
0	39	70	5.628850
0	39	45	5.610316
0	39	37	5.510412
0	39	66	5.507911
0	39	75	5.370057
0	39	22	4.941364
0	39	50	4.935240
0	39	73	4.855674
0	39	46	4.745288
0	39	51	4.734985
0	39	42	4.588488
0	39	55	4.443995
0	39	58	4.152869
0	39	23	4.039096
0	39	3	2.999202
0	39	21	2.538915
0	39	71	2.484012
0	39	56	2.370326
0	39	39	2.322038
0	39	27	1.968672
0	39	26	1.691397
0	39	48	1.599359
0	39	69	1.565382
0	39	54	1.434536
0	39	31	1.381530
0	39	32	1.163839
0	39	11	0.933938
0	39	24	0.668304
0	39	61	0.338616
0	39	76	0.274164
0	39	47	0.017923
0	39	28	-0.258363
0	39	33	-0.401850
0	39	85	-0.444831
0	39	49	-0.572759
0	39	77	-0.622834
0	39	52	-0.771417
0	39	78	-1.393819
0	39	74	-1.553248
0	39	16	-1.705014
0	40	53	14.085939
0	40	63	13.833165
0	40	30	13.670709
0	40	83	13.552450
0	40	22	13.440026
0	40	26	12.944144
0	40	51	12.902508
0	40	32	12.710934
0	40	46	12.669227
0	40	58	12.523606
0	40	14	12.423390
0	40	56	12.032159
0	40	66	11.941227
0	40	62	11.877495
0	40	43	11.503208
0	40	42	11.479691
0	40	3	11.048489
0	40	52	11.041752
0	40	48	11.013853
0	40	37	10.465837
0	40	20	10.035715
0	40	84	10.010512
0	40	47	9.982470
0	40	27	9.766359
0	40	57	9.693592
0	40	24	9.358312
0	40	18	8.378747
0	40	28	8.128497
0	40	25	8.077125
0	40	61	6.941049
0	40	21	6.219949
0	40	23	3.193694
0	40	41	2.961355
0	40	31	2.929894
0	40	82	2.883509
0	40	65	1.825796
0	40	80	1.681932
0	40	38	1.492477
0	40	69	1.189283
0	40	81	1.000414
0	40	40	-2.153436
0	41	53	14.171997
0	41	84	13.912878
0	41	30	13.722651
0	41	83	13.583650
0	41	56	13.392314
0	41	63	13.342868
0	41	22	13.111665
0	41	32	12.816853
0	41	48	12.754977
0	41	26	12.549314
0	41	51	12.396599
0	41	25	12.377643
0	41	58	12.359950
0	41	43	12.170461
0	41	20	12.018399
0	41	28	11.751993
0	41	47	11.712330
0	41	62	11.590332
0	41	14	10.765371
0	41	37	10.617291
0	41	52	10.285470
0	41	21	10.084150
0	41	42	10.025527
0	41	31	9.633009
0	41	57	9.157677
0	41	46	9.076077
0	41	66	8.182812
0	41	3	7.990477
0	41	38	7.431453
0	41	61	7.294456
0	41	80	5.736553
0	41	65	5.022178
0	41	40	4.014892
0	41	23	3.887784
0	41	24	3.461560
0	41	27	3.161742
0	41	18	2.273102
0	41	82	2.224643
0	41	81	1.979246
0	41	41	1.412002
0	41	69	1.183582
0	42	63	14.146755
0	42	50	13.412416
0	42	30	13.234322
0	42	43	13.177444
0	42	53	13.117820
0	42	22	13.108871
0	42	48	13.070006
0	42	28	12.839911
0	42	26	12.822441
0	42	21	12.713119
0	42	52	12.646914
0	42	56	12.619016
0	42	14	12.585477
0	42	72	12.509394
0	42	34	12.457822
0	42	51	12.400094
0	42	32	12.310119
0	42	29	12.287825
0	42	45	12.266537
0	42	54	12.255375
0	42	66	12.002695
0	42	24	11.972591
0	42	20	11.963536
0	42	47	11.950212
0	42	58	11.847351
0	42	27	11.838202
0	42	25	11.532788
0	42	57	11.439787
0	42	70	11.399071
0	42	36	11.000138
0	42	8	10.704110
0	42	31	10.403619
0	42	49	10.138600
0	42	35	10.105287
0	42	71	10.030949
0	42	3	9.915468
0	42	62	9.177332
0	42	38	9.117620
0	42	33	8.713835
0	42	64	8.597283
0	42	78	8.231314
0	42	42	7.943198
0	42	39	7.062605
0	42	37	6.935927
0	42	85	6.438728
0	42	74	6.268346
0	42	23	5.932516
0	42	61	5.121805
0	42	40	4.469070
0	42	69	4.256086
0	42	46	4.111336
0	42	11	3.035924
0	42	73	2.907787
0	42	76	2.624827
0	42	55	2.356481
0	42	18	2.123807
0	42	16	2.122084
0	42	41	1.887711
0	42	77	1.585971
0	42	65	1.147316
0	42	75	0.726603
0	42	79	0.355155
0	42	44	-0.895936
0	43	63	14.012761
0	43	89	13.642848
0	43	87	13.046563
0	43	14	12.761846
0	43	11	12.709539
0	43	100	12.456267
0	43	91	12.441648
0	43	8	12.402396
0	43	108	12.355628
0	43	15	11.979551
0	43	90	11.662644
0	43	110	11.624881
0	43	103	11.560184
0	43	86	11.330629
0	43	105	11.242922
0	43	93	10.724004
0	43	26	10.457542
0	43	92	9.894716
0	43	106	9.476075
0	43	99	8.036251
0	43	94	6.797575
0	43	3	6.065374
0	43	97	5.887802
0	43	52	5.336343
0	43	98	3.265375
0	43	69	2.795388
0	43	109	2.781053
0	43	107	2.396506
0	43	58	2.181338
0	43	61	2.133512
0	43	18	1.046626
0	43	85	0.504525
0	43	95	0.304426
0	43	88	-0.443026
0	43	17	-2.517082
0	43	13	-3.105551
0	43	96	-3.265369
0	44	63	13.334718
0	44	100	12.505594
0	44	89	12.397687
0	44	93	12.308656
0	44	110	12.231608
0	44	90	12.108356
0	44	91	11.766087
0	44	15	11.619810
0	44	97	11.361020
0	44	87	11.252562
0	44	108	11.211720
0	44	8	10.746127
0	44	14	10.454778
0	44	52	9.116835
0	44	103	9.032541
0	44	94	8.905333
0	44	18	8.853510
0	44	95	8.807194
0	44	92	8.225849
0	44	3	8.205635
0	44	26	7.392940
0	44	58	7.289466
0	44	105	7.011212
0	44	86	6.854720
0	44	69	6.684684
0	44	109	6.590446
0	44	11	6.551848
0	44	85	6.166142
0	44	88	4.793658
0	44	107	4.354653
0	44	106	2.195655
0	44	61	2.022439
0	44	98	1.033221
0	44	99	-0.376488
0	44	17	-1.359500
0	44	13	-2.545320
0	44	96	-2.627933
0	45	99	13.648639
0	45	101	13.598113
0	45	86	12.828089
0	45	63	12.453460
0	45	90	12.171480
0	45	3	11.785331
0	45	91	11.602331
0	45	100	11.325946
0	45	102	11.212371
0	45	15	10.701440
0	45	61	10.678979
0	45	14	10.346114
0	45	89	9.682037
0	45	104	9.670232
0	45	26	8.032779
0	45	69	8.017840
0	45	95	7.305084
0	45	97	6.603197
0	45	8	3.692956
0	45	103	3.342292
0	45	85	3.060566
0	45	107	2.539766
0	45	18	2.168509
0	45	58	1.904614
0	45	52	1.500802
0	45	88	1.456211
0	46	89	14.375518
0	46	87	12.735518
0	46	15	12.412271
0	46	63	12.370161
0	46	14	11.965077
0	46	90	11.896204
0	46	3	11.422696
0	46	93	11.038143
0	46	105	10.473632
0	46	26	10.462922
0	46	58	10.238468
0	46	61	9.923540
0	46	18	9.524508
0	46	91	9.316971
0	46	95	9.054678
0	46	94	8.642493
0	46	86	7.716702
0	46	97	7.465366
0	46	107	5.782633
0	46	52	5.767282
0	46	8	4.966114
0	46	69	4.759268
0	46	99	3.981103
0	46	106	3.422566
0	46	98	2.234414
0	46	85	2.159835
0	46	88	-0.938629
1	47	92	29.893068
1	47	89	29.639868
1	47	105	29.251936
1	47	90	28.016972
1	47	61	27.750984
1	47	88	27.717440
1	47	63	23.604656
1	47	86	23.395807
1	47	108	23.295477
1	47	58	22.330305
1	47	87	22.294851
1	47	8	21.369616
1	47	69	18.061655
1	47	91	16.359917
1	47	93	13.632949
1	47	3	11.400149
1	47	15	8.590148
1	47	26	8.553905
1	47	95	7.879776
1	47	109	6.628874
1	47	107	6.300647
1	47	52	6.165077
1	47	94	5.732780
1	47	14	5.566413
1	47	17	4.308855
1	47	98	3.638855
1	47	97	3.304832
1	47	106	2.865661
1	47	85	0.641757
1	47	103	-0.493863
1	47	99	-2.667527
1	47	100	-5.030324
1	47	11	-5.161295
1	47	96	-6.102793
1	47	13	-6.987385
1	47	18	-7.855082
1	47	110	-9.794454
1	48	89	31.558989
1	48	108	31.482126
1	48	18	29.986162
1	48	90	29.750427
1	48	15	29.405970
1	48	69	28.640020
1	48	61	25.249058
1	48	100	24.881859
1	48	110	23.234982
1	48	93	19.634226
1	48	92	18.398830
1	48	95	17.144087
1	48	87	13.163541
1	48	3	12.020437
1	48	88	11.842373
1	48	11	10.238017
1	48	52	9.118670
1	48	99	8.816344
1	48	98	8.401246
1	48	105	7.567963
1	48	86	6.521748
1	48	109	5.981781
1	48	91	4.391562
1	48	8	4.090799
1	48	94	3.582245
1	48	13	3.419063
1	48	17	2.882995
1	48	97	0.794123
1	48	96	-0.526165
1	48	63	-1.630054
1	48	14	-2.592158
1	48	58	-2.593438
1	48	26	-4.056192
1	48	85	-4.071829
1	48	103	-4.610227
1	48	106	-7.147820
1	48	107	-8.546492
1	49	11	28.508413
1	49	89	27.752987
1	49	93	24.540960
1	49	108	23.775076
1	49	15	21.082573
1	49	69	20.268772
1	49	63	16.506464
1	49	90	16.025667
1	49	18	15.673878
1	49	95	14.209987
1	49	17	13.629747
1	49	97	13.460802
1	49	58	8.539355
1	49	8	7.946633
1	49	52	7.624780
1	49	86	7.266204
1	49	61	7.169262
1	49	92	6.532762
1	49	3	6.346252
1	49	91	5.691651
1	49	88	4.982287
1	49	26	4.877334
1	49	109	4.110618
1	49	14	2.430132
1	49	85	0.603674
1	49	105	0.003778
1	49	99	-0.583613
1	49	98	-0.765983
1	49	87	-0.775122
1	49	94	-1.622336
1	49	96	-4.104791
1	49	100	-4.508925
1	49	107	-5.313745
1	49	106	-6.611415
1	49	103	-7.077557
1	49	110	-7.289182
1	49	13	-8.513276
1	50	89	30.575212
1	50	96	28.588427
1	50	95	28.092203
1	50	93	27.272612
1	50	58	27.191502
1	50	61	26.605284
1	50	15	25.604464
1	50	108	25.183706
1	50	97	24.162788
1	50	90	22.524963
1	50	11	15.920394
1	50	86	15.908474
1	50	69	15.748202
1	50	92	15.486368
1	50	99	13.032846
1	50	52	11.096665
1	50	100	11.076241
1	50	87	6.741694
1	50	94	6.125852
1	50	109	5.412495
1	50	88	5.059553
1	50	91	2.267713
1	50	105	1.869098
1	50	98	1.836066
1	50	110	1.041850
1	50	14	0.789919
1	50	63	-0.394300
1	50	8	-2.542843
1	50	107	-2.855492
1	50	3	-3.217609
1	50	17	-3.617049
1	50	26	-4.017326
1	50	106	-4.850333
1	50	13	-5.387709
1	50	18	-5.608661
1	50	103	-5.780556
1	50	85	-7.651420
1	51	69	23.547832
1	51	89	18.352175
1	51	58	17.162056
1	51	108	15.319146
1	51	92	14.322342
1	51	15	14.303237
1	51	17	13.885448
1	51	93	13.448807
1	51	94	11.738487
1	51	87	11.576140
1	51	8	8.293943
1	51	90	8.025424
1	51	86	7.510613
1	51	88	7.508359
1	51	98	7.172419
1	51	11	6.684979
1	51	91	5.069746
1	51	3	4.724370
1	51	95	3.476681
1	51	97	2.990067
1	51	105	2.570121
1	51	63	1.674241
1	51	61	1.650547
1	51	14	1.181636
1	51	18	1.119099
1	51	109	0.023765
1	51	100	-0.112180
1	51	85	-2.785277
1	51	96	-2.818140
1	51	103	-3.211315
1	51	99	-3.462243
1	51	13	-4.100109
1	51	106	-5.638756
1	51	26	-6.191687
1	51	52	-6.502820
1	51	107	-6.866096
1	51	110	-8.482408
1	52	90	27.772823
1	52	95	26.939508
1	52	89	23.813139
1	52	69	22.450659
1	52	93	22.145430
1	52	15	20.862396
1	52	8	20.454218
1	52	3	19.821920
1	52	63	19.302530
1	52	91	18.561871
1	52	88	17.721937
1	52	85	15.841698
1	52	92	13.535449
1	52	97	13.225033
1	52	94	12.877422
1	52	96	12.637356
1	52	17	11.777611
1	52	26	11.644161
1	52	58	11.121746
1	52	52	9.466090
1	52	108	7.344340
1	52	98	6.760181
1	52	18	5.186872
1	52	14	5.073567
1	52	109	4.139808
1	52	11	2.634051
1	52	107	2.046767
1	52	106	1.277504
1	52	99	0.910178
1	52	105	-0.479383
1	52	61	-0.580745
1	52	86	-0.624659
1	52	13	-1.176662
1	52	87	-2.183342
1	52	100	-5.196560
1	52	103	-5.379563
1	52	110	-7.788818
1	53	90	30.896400
1	53	98	30.023403
1	53	108	29.302135
1	53	11	28.239147
1	53	96	27.529411
1	53	8	25.829180
1	53	100	24.818733
1	53	14	24.157021
1	53	15	22.194912
1	53	89	21.833984
1	53	93	21.734707
1	53	110	21.158760
1	53	3	20.082218
1	53	91	19.656977
1	53	69	19.101143
1	53	97	18.775955
1	53	92	18.209534
1	53	17	17.177130
1	53	87	16.552513
1	53	63	14.712948
1	53	99	13.441696
1	53	88	12.209725
1	53	95	12.200457
1	53	61	11.487726
1	53	52	10.820006
1	53	94	9.842589
1	53	109	9.281602
1	53	58	7.316861
1	53	105	6.957784
1	53	86	3.838817
1	53	13	3.837636
1	53	106	1.593861
1	53	103	-0.758097
1	53	18	-2.712643
1	53	85	-3.476161
1	53	26	-7.569232
1	53	107	-8.380129
1	54	11	25.100891
1	54	8	24.007477
1	54	111	18.467064
1	54	13	18.029541
1	54	14	16.489872
1	54	17	12.083222
1	54	3	8.551066
1	54	7	6.972631
1	54	16	4.039095
1	54	18	-1.952152
1	55	13	24.976997
1	55	14	23.985395
1	55	16	23.747999
1	55	111	23.507349
1	55	3	20.976341
1	55	18	17.387188
1	55	17	10.908832
1	55	8	7.806409
1	55	7	3.129418
1	55	11	-7.521752
1	56	111	29.171179
1	56	7	25.924152
1	56	11	25.189085
1	56	8	13.122947
1	56	3	11.014158
1	56	16	10.986558
1	56	17	6.386470
1	56	13	5.873863
1	56	14	4.890100
1	56	18	-1.543829
1	57	3	18.723761
1	57	8	18.228445
1	57	16	11.421399
1	57	14	10.816345
1	57	11	5.629108
1	57	7	4.524601
1	57	17	0.906256
1	57	13	0.827600
1	57	111	-2.705580
1	57	18	-3.914164
1	58	13	1.624339
1	58	16	0.576555
1	58	18	0.463410
1	58	17	0.037251
1	58	14	-2.465651
1	58	11	-3.431342
1	58	3	-3.522609
1	58	8	-3.960962
1	58	111	-7.041811
1	58	7	-8.063525
1	59	8	19.991543
1	59	14	14.052835
1	59	3	10.369178
1	59	11	6.449020
1	59	111	-0.274112
1	59	16	-1.021903
1	59	17	-2.608072
1	59	13	-3.436082
1	59	7	-3.689849
1	59	18	-4.841177
1	60	8	19.420080
1	60	11	7.403677
1	60	14	7.004869
1	60	18	6.074116
1	60	17	4.437978
1	60	16	3.916849
1	60	3	1.532032
1	60	7	-2.604556
1	60	13	-3.372882
1	60	111	-4.812889
1	61	18	12.359083
1	61	14	9.998457
1	61	16	9.854296
1	61	3	9.638230
1	61	8	4.014740
1	61	11	1.242597
1	61	13	-0.274951
1	61	17	-5.093914
1	62	3	-3.832388
1	62	11	-4.147332
1	62	14	-4.523324
1	62	8	-6.373020
1	62	7	-7.257158
1	62	16	-7.288651
1	62	17	-7.533231
1	62	18	-8.586885
1	62	13	-8.936891
1	62	111	-9.969089
1	63	3	16.433603
1	63	14	15.745998
1	63	7	14.774718
1	63	8	13.128479
1	63	17	10.260571
1	63	16	9.075580
1	63	111	6.555284
1	63	11	5.943623
1	63	13	2.110743
1	63	18	0.771576
1	64	3	18.874887
1	64	13	12.286586
1	64	16	8.236222
1	64	18	5.447824
1	64	8	4.938176
1	64	14	3.196343
1	64	17	-1.077145
1	64	11	-5.194045
1	64	111	-7.944683
1	64	7	-8.454502
1	65	14	29.758802
1	65	114	28.339056
1	65	116	26.485229
1	65	13	26.121321
1	65	118	22.089222
1	65	61	21.571781
1	65	8	20.603981
1	65	125	19.517323
1	65	113	18.128048
1	65	46	17.220167
1	65	17	16.678253
1	65	18	15.466181
1	65	112	14.813691
1	65	123	13.863832
1	65	16	13.608582
1	65	122	12.862692
1	65	119	11.194257
1	65	126	9.272919
1	65	117	8.191419
1	65	115	7.691694
1	65	3	7.289296
1	65	51	3.564660
1	65	127	0.635017
1	65	58	-1.808496
1	65	63	-2.277781
1	66	121	30.245338
1	66	124	29.437029
1	66	125	29.316158
1	66	123	27.894220
1	66	127	27.568821
1	66	46	26.994427
1	66	61	25.352327
1	66	116	16.977991
1	66	51	16.500162
1	66	117	14.606100
1	66	112	14.590010
1	66	119	13.563042
1	66	63	9.651474
1	66	115	7.977843
1	66	114	3.765994
1	66	16	0.780645
1	66	8	0.621994
1	66	11	0.295840
1	66	14	-0.939562
1	66	3	-1.359088
1	66	109	-1.579302
1	66	18	-2.622490
1	66	113	-3.450074
1	66	120	-3.747030
1	66	126	-3.752132
1	66	17	-3.863202
1	66	122	-4.074112
1	66	58	-4.862185
1	67	117	32.117306
1	67	46	31.244774
1	67	114	30.088303
1	67	123	29.757410
1	67	116	27.332773
1	67	61	26.940884
1	67	125	25.511530
1	67	119	24.183693
1	67	118	20.095444
1	67	13	13.993450
1	67	113	11.892142
1	67	126	11.867539
1	67	18	10.325392
1	67	127	8.729785
1	67	8	6.464696
1	67	16	3.997698
1	67	112	3.954017
1	67	115	2.429025
1	67	51	1.328421
1	67	14	0.065988
1	67	3	-0.975634
1	67	63	-4.678121
1	67	58	-5.396935
1	67	17	-9.998432
1	67	122	-10.513972
1	68	7	2.403951
1	68	11	-2.122116
1	68	8	-4.919027
1	68	14	-5.440623
1	68	18	-6.940761
1	68	17	-7.015008
1	68	16	-7.362854
1	68	3	-7.614513
1	68	13	-7.968429
1	68	111	-9.775280
1	69	16	11.457829
1	69	14	9.598094
1	69	17	8.114531
1	69	13	2.358647
1	69	3	1.996385
1	69	18	1.863719
1	69	7	1.848254
1	69	8	-1.442296
1	69	111	-4.333203
1	69	11	-5.356178
1	70	14	27.605856
1	70	8	16.124212
1	70	3	9.066633
1	70	16	8.070880
1	70	17	-0.061151
1	70	13	-1.331694
1	70	18	-3.605241
1	70	11	-4.932923
1	70	7	-5.933396
1	70	111	-7.214621
1	71	135	31.984772
1	71	143	31.524731
1	71	130	31.407276
1	71	129	31.290394
1	71	136	30.937649
1	71	142	30.611340
1	71	138	30.593567
1	71	134	29.793455
1	71	141	29.299936
1	71	132	28.748909
1	71	131	28.565462
1	71	140	28.010359
1	71	137	26.630762
1	71	128	24.258221
1	71	14	23.646778
1	71	8	19.010872
1	71	139	17.172848
1	71	144	16.521757
1	71	133	15.198032
1	71	297	13.049845
1	71	3	5.926552
1	71	17	5.109114
1	71	160	0.933115
1	71	298	-1.027480
1	71	145	-1.923585
1	71	296	-2.428374
1	71	18	-8.384473
1	72	137	28.915039
1	72	128	20.592958
1	72	145	20.356470
1	72	132	15.067396
1	72	160	9.295390
1	72	11	5.502972
1	72	8	4.610193
1	72	14	0.649328
1	72	16	-0.358830
1	72	3	-0.732772
1	72	146	-2.352933
1	72	147	-2.531854
1	72	7	-2.657964
1	72	17	-4.144508
1	72	111	-4.172437
1	72	13	-5.068215
1	72	18	-6.186663
1	73	150	32.827534
1	73	153	32.611919
1	73	149	32.453896
1	73	158	32.309803
1	73	152	32.255634
1	73	159	32.181194
1	73	157	32.089352
1	73	151	31.878658
1	73	169	31.824827
1	73	132	31.724524
1	73	161	30.680359
1	73	11	30.456673
1	73	137	30.294632
1	73	163	29.614109
1	73	170	28.643799
1	73	154	27.860798
1	73	8	26.169180
1	73	160	25.959213
1	73	168	24.214083
1	73	148	23.927750
1	73	156	23.675150
1	73	146	20.273863
1	73	162	13.078129
1	73	13	5.265651
1	73	14	3.109345
1	73	16	1.494622
1	73	17	0.197338
1	73	155	0.195611
1	73	3	-2.106159
1	73	145	-4.995544
1	73	18	-5.329373
1	73	147	-7.122867
1	74	150	33.030933
1	74	152	32.442108
1	74	149	31.573158
1	74	158	31.435474
1	74	169	31.157448
1	74	157	31.099737
1	74	151	30.947617
1	74	153	30.916033
1	74	161	30.764893
1	74	159	30.685093
1	74	132	30.475740
1	74	160	29.798637
1	74	11	28.360596
1	74	137	26.797318
1	74	170	20.796995
1	74	8	19.972347
1	74	163	18.402868
1	74	148	15.244776
1	74	14	9.426882
1	74	154	8.203178
1	74	168	6.848298
1	74	162	6.066729
1	74	146	3.889007
1	74	156	2.942058
1	74	3	2.280162
1	74	16	1.097981
1	74	17	0.575565
1	74	155	-0.323614
1	74	145	-0.386380
1	74	13	-0.864919
1	74	147	-5.260872
1	74	18	-6.671663
1	75	137	27.105030
1	75	128	26.707493
1	75	166	26.579838
1	75	164	25.958319
1	75	171	25.050810
1	75	132	24.517105
1	75	167	23.790047
1	75	165	23.773178
1	75	11	22.701178
1	75	14	15.367768
1	75	8	12.473993
1	75	3	7.916402
1	75	160	7.379082
1	75	147	7.171470
1	75	16	5.839437
1	75	17	-0.022196
1	75	146	-0.996823
1	75	13	-3.041606
1	75	18	-3.688844
1	75	145	-4.592776
1	76	150	33.311493
1	76	152	32.736042
1	76	159	32.258064
1	76	161	32.170406
1	76	151	32.153622
1	76	153	32.115185
1	76	149	31.951767
1	76	169	31.567120
1	76	157	31.462456
1	76	158	30.782747
1	76	137	30.324390
1	76	163	30.047472
1	76	132	29.994394
1	76	11	29.619514
1	76	160	28.088800
1	76	148	27.889309
1	76	170	27.451176
1	76	155	24.325474
1	76	168	23.818048
1	76	154	21.170219
1	76	8	19.349567
1	76	162	15.126863
1	76	17	11.602886
1	76	156	10.208230
1	76	146	7.288048
1	76	13	5.297168
1	76	14	4.650915
1	76	16	3.484573
1	76	3	-0.327727
1	76	145	-0.688541
1	76	18	-3.936717
1	76	147	-5.871058
1	77	137	26.977978
1	77	145	26.897753
1	77	128	26.557329
1	77	166	21.450998
1	77	18	19.247763
1	77	14	17.027210
1	77	164	14.498281
1	77	8	13.032756
1	77	160	12.977559
1	77	132	12.260640
1	77	171	11.788301
1	77	13	9.624267
1	77	17	8.735016
1	77	146	7.361111
1	77	147	6.084314
1	77	165	4.361280
1	77	3	3.363715
1	77	16	3.028838
1	77	167	1.155642
1	77	11	-2.299397
1	78	158	32.761944
1	78	150	31.771662
1	78	153	31.620642
1	78	151	31.451132
1	78	159	31.317881
1	78	161	31.184090
1	78	152	31.078735
1	78	157	30.823574
1	78	132	29.638670
1	78	149	29.341053
1	78	11	28.914976
1	78	137	28.137459
1	78	170	27.821989
1	78	169	27.533899
1	78	154	26.815298
1	78	163	25.554377
1	78	168	25.461363
1	78	160	20.802841
1	78	148	15.155883
1	78	162	11.564107
1	78	146	8.868468
1	78	155	5.679833
1	78	16	5.162140
1	78	13	2.953691
1	78	8	2.528248
1	78	14	-0.001802
1	78	145	-1.477232
1	78	3	-2.309457
1	78	156	-5.533062
1	78	18	-6.822254
1	78	17	-8.329694
1	78	147	-9.040687
1	79	150	32.717789
1	79	158	32.145222
1	79	11	32.067051
1	79	161	31.954277
1	79	153	31.619808
1	79	152	31.606514
1	79	149	31.527626
1	79	159	31.296938
1	79	151	31.148449
1	79	157	31.060513
1	79	169	30.695709
1	79	132	30.152908
1	79	163	28.835117
1	79	137	28.189779
1	79	154	24.765640
1	79	160	21.637302
1	79	168	21.182491
1	79	170	20.096527
1	79	156	17.414717
1	79	146	16.305614
1	79	8	15.524357
1	79	148	12.902246
1	79	18	11.342376
1	79	155	7.392874
1	79	162	3.508787
1	79	17	1.529264
1	79	16	-2.181705
1	79	147	-2.969118
1	79	14	-2.976463
1	79	3	-5.431947
1	79	13	-5.920971
1	79	145	-7.036300
1	80	171	31.280640
1	80	132	30.801828
1	80	128	30.476875
1	80	167	30.400852
1	80	164	29.675970
1	80	165	29.589258
1	80	137	29.533585
1	80	166	24.650656
1	80	160	17.903839
1	80	146	15.561528
1	80	17	14.801838
1	80	11	13.198449
1	80	14	12.348849
1	80	8	8.936168
1	80	13	5.111841
1	80	145	3.208463
1	80	16	2.895265
1	80	3	1.158751
1	80	147	-2.707409
1	80	18	-7.647752
1	81	181	24.023739
1	81	177	23.885424
1	81	137	23.482494
1	81	174	23.069506
1	81	160	22.174126
1	81	175	21.752304
1	81	185	21.366230
1	81	183	19.180824
1	81	299	19.047689
1	81	182	18.041536
1	81	8	16.907095
1	81	173	16.038172
1	81	178	15.468359
1	81	179	15.336988
1	81	180	15.298336
1	81	172	15.044062
1	81	132	14.510018
1	81	184	14.317968
1	81	176	10.473081
1	81	14	9.703094
1	81	186	9.490571
1	81	13	7.219439
1	81	17	5.568273
1	81	3	5.342752
1	81	18	-0.516870
1	81	145	-1.150845
1	82	164	23.240253
1	82	137	22.131695
1	82	128	21.704010
1	82	166	20.679098
1	82	160	20.253891
1	82	146	18.622515
1	82	132	17.675854
1	82	171	16.422995
1	82	145	13.846206
1	82	165	12.320196
1	82	167	10.885124
1	82	11	8.189026
1	82	8	5.703624
1	82	18	3.991456
1	82	16	3.214005
1	82	147	0.882852
1	82	14	-0.064908
1	82	3	-1.388010
1	82	13	-1.872227
1	82	17	-3.653448
1	83	132	31.316324
1	83	137	29.715908
1	83	167	27.873861
1	83	164	27.246170
1	83	128	26.783762
1	83	165	26.669662
1	83	171	26.275000
1	83	166	24.133150
1	83	8	23.288631
1	83	160	20.975168
1	83	146	15.385449
1	83	145	14.963558
1	83	13	11.190072
1	83	14	9.855790
1	83	11	9.696271
1	83	17	9.027781
1	83	3	4.060397
1	83	147	1.892081
1	83	16	-0.140769
1	83	18	-6.174284
1	84	132	28.148531
1	84	137	26.610992
1	84	11	25.887562
1	84	128	19.819405
1	84	3	1.153228
1	84	160	0.624925
1	84	8	-0.061600
1	84	16	-1.708130
1	84	7	-2.353451
1	84	14	-2.653406
1	84	17	-6.010980
1	84	146	-6.961325
1	84	18	-7.066939
1	84	145	-7.262852
1	84	147	-7.636652
1	84	111	-7.817385
1	84	13	-8.093127
1	85	158	32.307068
1	85	153	31.645308
1	85	159	31.198168
1	85	157	31.133957
1	85	11	31.007301
1	85	150	30.530172
1	85	149	30.200935
1	85	169	29.766298
1	85	161	29.730227
1	85	163	29.507938
1	85	151	28.310421
1	85	160	28.242449
1	85	132	28.155760
1	85	137	27.594614
1	85	152	27.404182
1	85	156	23.085821
1	85	168	22.492424
1	85	148	20.664528
1	85	8	18.375877
1	85	155	16.016026
1	85	14	9.663659
1	85	3	8.751200
1	85	162	7.557126
1	85	17	6.461844
1	85	170	5.675353
1	85	18	4.733887
1	85	145	3.924625
1	85	16	3.481216
1	85	147	3.161614
1	85	146	1.946443
1	85	13	0.752021
1	85	154	0.675456
1	86	171	32.705643
1	86	167	29.634510
1	86	132	28.908461
1	86	128	28.008917
1	86	137	27.727114
1	86	166	26.321728
1	86	14	25.741821
1	86	165	22.963264
1	86	164	22.646393
1	86	8	20.517532
1	86	146	17.365946
1	86	13	9.132982
1	86	3	6.857281
1	86	160	6.529040
1	86	17	4.670054
1	86	16	3.326282
1	86	147	-2.391057
1	86	145	-2.845775
1	86	11	-3.162039
1	86	18	-6.552427
1	87	150	32.588223
1	87	161	32.111660
1	87	159	31.976053
1	87	152	31.956226
1	87	157	31.850561
1	87	11	31.650370
1	87	158	31.556379
1	87	132	31.289310
1	87	151	31.286913
1	87	149	31.164932
1	87	137	30.095966
1	87	169	29.806900
1	87	163	29.580841
1	87	153	28.627048
1	87	170	25.465582
1	87	168	23.643236
1	87	155	23.224405
1	87	154	19.405043
1	87	8	17.359102
1	87	148	17.085457
1	87	146	10.924927
1	87	160	9.410083
1	87	162	7.011819
1	87	156	6.590177
1	87	14	4.357244
1	87	145	1.402308
1	87	16	0.683837
1	87	3	-0.602463
1	87	13	-1.311805
1	87	18	-3.884189
1	87	147	-5.299822
1	87	17	-5.387046
1	88	150	32.674686
1	88	152	32.064690
1	88	149	32.038609
1	88	153	31.983646
1	88	159	31.887178
1	88	151	31.707771
1	88	169	31.610685
1	88	158	31.477480
1	88	161	31.471523
1	88	157	30.982616
1	88	137	30.007212
1	88	11	29.988279
1	88	132	29.755175
1	88	160	29.390524
1	88	148	27.313253
1	88	163	26.743263
1	88	170	25.521595
1	88	168	23.252190
1	88	156	22.724840
1	88	162	17.783243
1	88	154	17.644457
1	88	13	14.212767
1	88	8	10.370949
1	88	155	9.519521
1	88	14	3.870818
1	88	17	3.502939
1	88	146	2.856153
1	88	16	-1.314450
1	88	3	-2.070076
1	88	147	-2.946932
1	88	18	-4.326995
1	88	145	-8.035943
1	89	11	30.353045
1	89	181	29.673931
1	89	137	27.922659
1	89	132	17.277220
1	89	174	12.636111
1	89	8	0.935353
1	89	128	-3.720234
1	89	3	-4.408244
1	89	7	-6.590286
1	89	160	-6.605194
1	89	146	-6.627647
1	89	14	-7.544438
1	89	16	-7.676340
1	89	13	-7.900816
1	89	17	-8.902132
1	89	18	-9.089032
1	89	147	-9.171293
1	89	111	-9.848908
1	89	145	-10.000433
1	90	132	31.974588
1	90	137	30.805811
1	90	181	30.701614
1	90	128	29.654930
1	90	174	29.361923
1	90	160	18.539898
1	90	11	16.342991
1	90	111	12.391123
1	90	14	11.557117
1	90	146	8.969179
1	90	8	8.649601
1	90	3	3.973302
1	90	7	-1.351657
1	90	145	-1.471473
1	90	13	-2.165809
1	90	16	-3.736130
1	90	17	-6.355840
1	90	147	-8.523182
1	90	18	-8.582672
1	91	128	31.398743
1	91	137	30.513281
1	91	132	30.311914
1	91	160	29.151567
1	91	11	28.397943
1	91	146	25.309542
1	91	13	9.498824
1	91	8	8.657203
1	91	17	4.370618
1	91	14	3.014060
1	91	16	-2.696522
1	91	3	-2.898163
1	91	147	-7.126815
1	91	145	-7.335767
1	91	18	-7.997705
1	92	150	32.862106
1	92	153	32.794838
1	92	159	32.525677
1	92	149	32.273842
1	92	152	32.024853
1	92	151	31.935131
1	92	158	31.649832
1	92	169	31.620243
1	92	161	31.432718
1	92	11	31.378738
1	92	157	31.310617
1	92	163	30.039721
1	92	137	29.318871
1	92	132	29.274977
1	92	170	25.336473
1	92	168	22.644428
1	92	160	22.146210
1	92	154	19.687756
1	92	17	15.786332
1	92	148	13.803946
1	92	8	13.754246
1	92	156	11.572916
1	92	146	10.404899
1	92	162	6.247700
1	92	155	1.046264
1	92	16	0.679528
1	92	14	-0.206675
1	92	13	-1.251889
1	92	3	-1.590829
1	92	145	-2.958915
1	92	18	-5.829638
1	92	147	-8.119988
2	93	137	39.683769
2	93	132	37.085083
2	93	14	25.189232
2	93	146	23.623960
2	93	145	21.913164
2	93	7	20.309126
2	93	3	16.631617
2	93	11	10.839686
2	93	13	7.740257
2	93	128	6.996717
2	93	8	5.534382
2	93	111	4.768174
2	93	147	0.419953
2	93	16	-2.923784
2	93	17	-6.673014
2	93	160	-6.834201
2	93	18	-8.731513
2	94	116	41.911015
2	94	113	37.431644
2	94	99	32.492744
2	94	196	32.428204
2	94	188	32.277115
2	94	200	31.199286
2	94	193	30.201014
2	94	16	29.301970
2	94	15	28.870827
2	94	14	28.773020
2	94	194	28.290936
2	94	203	27.443323
2	94	109	26.483509
2	94	210	26.271486
2	94	204	26.114723
2	94	51	24.223564
2	94	3	23.598017
2	94	197	23.549683
2	94	192	22.748260
2	94	189	22.404245
2	94	63	22.321346
2	94	126	20.809635
2	94	206	20.587931
2	94	8	20.397268
2	94	202	19.882837
2	94	187	13.559041
2	94	190	13.392529
2	94	18	10.958471
2	94	198	9.273086
2	94	205	8.175192
2	94	212	8.054653
2	94	208	7.606451
2	94	217	3.172256
2	94	122	3.143858
2	94	201	-0.011486
2	94	209	-1.996216
2	94	13	-2.240109
2	94	17	-3.032283
2	94	191	-3.338183
2	94	195	-5.962414
2	94	207	-8.413561
2	94	199	-12.250090
2	95	199	38.029922
2	95	198	37.353138
2	95	116	33.796452
2	95	15	33.256115
2	95	188	32.643517
2	95	189	32.405910
2	95	191	31.552422
2	95	197	30.351267
2	95	196	29.891769
2	95	217	29.275906
2	95	200	28.956694
2	95	113	28.739109
2	95	210	28.451832
2	95	203	27.150805
2	95	204	27.100986
2	95	18	26.851896
2	95	187	25.495928
2	95	109	25.346167
2	95	194	24.069250
2	95	13	23.234499
2	95	190	22.806997
2	95	195	22.791559
2	95	16	22.530138
2	95	8	22.387686
2	95	193	22.189928
2	95	99	21.736753
2	95	17	20.727499
2	95	202	20.400322
2	95	206	18.316744
2	95	122	17.916193
2	95	3	15.866992
2	95	205	14.127007
2	95	14	13.699233
2	95	63	13.277726
2	95	201	12.685657
2	95	209	12.608103
2	95	192	12.497297
2	95	51	12.050503
2	95	208	9.351975
2	95	212	-4.588038
2	95	207	-5.260875
2	95	126	-7.959236
2	96	116	39.457420
2	96	193	36.128094
2	96	203	35.796734
2	96	196	34.159969
2	96	198	32.922611
2	96	15	32.154018
2	96	194	32.141621
2	96	202	30.799341
2	96	197	28.819918
2	96	113	28.407631
2	96	210	27.948957
2	96	8	27.780882
2	96	200	26.340168
2	96	16	25.451395
2	96	109	25.187313
2	96	204	24.248255
2	96	188	23.464859
2	96	199	22.572107
2	96	189	22.535564
2	96	51	22.348627
2	96	206	20.956480
2	96	192	19.864819
2	96	99	19.403635
2	96	201	18.193281
2	96	212	17.481516
2	96	187	17.337141
2	96	3	15.918653
2	96	217	15.501825
2	96	126	14.786056
2	96	205	13.378520
2	96	14	8.799421
2	96	63	7.996008
2	96	190	6.210142
2	96	122	5.208639
2	96	208	1.789491
2	96	18	1.278886
2	96	209	-2.490515
2	96	13	-2.768503
2	96	191	-4.431996
2	96	17	-4.634483
2	96	195	-5.009572
2	96	207	-6.340407
2	97	8	32.972698
2	97	116	30.279627
2	97	188	30.139490
2	97	63	29.822102
2	97	190	28.046383
2	97	205	26.806181
2	97	14	25.758339
2	97	122	24.770981
2	97	196	24.220081
2	97	189	24.193735
2	97	197	23.920887
2	97	3	23.905376
2	97	193	23.713573
2	97	18	22.744534
2	97	15	21.117405
2	97	210	20.881607
2	97	51	18.248699
2	97	203	18.158419
2	97	13	17.112976
2	97	199	13.636094
2	97	200	13.227797
2	97	206	13.033549
2	97	99	12.038412
2	97	202	7.870393
2	97	207	6.165655
2	97	208	5.941879
2	97	198	5.030125
2	97	204	3.796057
2	97	194	3.443409
2	97	113	1.864589
2	97	16	1.495803
2	97	192	1.263682
2	97	187	-0.724863
2	97	217	-1.094682
2	97	109	-1.868120
2	97	209	-2.096456
2	97	191	-4.816771
2	97	201	-5.097044
2	97	17	-6.375325
2	97	126	-8.558791
2	97	195	-11.274968
2	97	212	-12.179126
2	98	116	37.335697
2	98	210	32.525043
2	98	196	31.500109
2	98	193	30.300692
2	98	188	29.577866
2	98	113	28.553770
2	98	203	28.061558
2	98	190	27.794340
2	98	8	27.784767
2	98	189	26.288349
2	98	200	26.097273
2	98	194	25.721600
2	98	18	25.006138
2	98	198	24.973749
2	98	15	24.933989
2	98	206	24.428102
2	98	202	23.276978
2	98	197	22.699156
2	98	109	22.604879
2	98	99	22.324343
2	98	199	22.320848
2	98	204	21.419128
2	98	217	21.382254
2	98	205	18.628736
2	98	122	17.028263
2	98	192	16.633503
2	98	51	16.531813
2	98	3	16.361523
2	98	187	16.247330
2	98	16	15.706418
2	98	201	15.162741
2	98	17	13.911689
2	98	14	13.532431
2	98	13	12.491527
2	98	63	10.610523
2	98	208	6.180660
2	98	126	5.762725
2	98	212	4.218360
2	98	207	3.815755
2	98	191	1.068084
2	98	209	-7.705460
2	98	195	-9.517081
2	99	211	41.106083
2	99	15	40.873161
2	99	196	39.095028
2	99	113	36.190647
2	99	206	35.305355
2	99	109	35.039383
2	99	197	33.566822
2	99	194	32.738663
2	99	188	32.708473
2	99	210	32.145767
2	99	99	31.098705
2	99	203	31.010151
2	99	16	30.991734
2	99	200	30.901510
2	99	51	30.682030
2	99	8	27.947994
2	99	192	27.483322
2	99	198	27.238661
2	99	205	26.076824
2	99	3	25.578262
2	99	202	24.846827
2	99	189	24.311150
2	99	204	23.044584
2	99	193	18.850761
2	99	63	17.964062
2	99	190	16.914719
2	99	201	16.195601
2	99	212	14.370346
2	99	199	14.247242
2	99	18	12.238625
2	99	122	11.788754
2	99	191	11.218472
2	99	14	10.499668
2	99	217	9.012550
2	99	116	8.432729
2	99	126	5.444439
2	99	209	-2.319852
2	99	207	-2.995742
2	99	13	-5.649498
2	99	195	-7.913444
2	100	211	40.634483
2	100	15	38.090775
2	100	113	33.784561
2	100	196	33.294468
2	100	99	30.827665
2	100	51	30.670971
2	100	109	27.837593
2	100	203	27.692516
2	100	206	27.218884
2	100	194	25.494654
2	100	3	24.797586
2	100	16	23.771469
2	100	197	21.818939
2	100	192	21.470446
2	100	212	20.181765
2	100	210	19.330324
2	100	8	18.425076
2	100	202	17.319572
2	100	63	16.633495
2	100	200	14.399471
2	100	190	13.373409
2	100	14	12.942788
2	100	116	10.900767
2	100	189	9.826510
2	100	201	8.674429
2	100	204	7.869225
2	100	193	6.034336
2	100	205	4.094880
2	100	188	0.663840
2	100	198	-2.343075
2	100	199	-5.586263
2	100	126	-5.796703
2	100	122	-7.306189
2	100	18	-7.924903
2	100	13	-8.917269
2	100	217	-9.044834
2	100	209	-9.563108
2	100	207	-10.349143
2	100	191	-11.628468
2	100	195	-12.187825
2	101	214	41.964092
2	101	213	41.392807
2	101	216	40.626476
2	101	215	39.960075
2	101	15	38.695667
2	101	113	38.485474
2	101	200	37.423172
2	101	109	33.352497
2	101	194	32.097313
2	101	99	31.894423
2	101	14	29.774172
2	101	196	29.382906
2	101	210	25.172657
2	101	63	24.281071
2	101	51	23.543720
2	101	206	23.466732
2	101	116	22.712891
2	101	16	18.665731
2	101	3	15.519472
2	101	212	15.007588
2	101	193	11.360813
2	101	190	8.699483
2	101	18	6.781503
2	101	188	3.597368
2	101	198	-1.923795
2	101	201	-5.246408
2	101	199	-5.471806
2	101	207	-9.929561
2	102	198	43.158451
2	102	199	42.885899
2	102	193	40.789028
2	102	188	39.239632
2	102	15	38.400776
2	102	210	37.205166
2	102	194	37.134510
2	102	18	34.954304
2	102	113	33.057625
2	102	196	31.516424
2	102	200	30.075598
2	102	197	29.039736
2	102	189	28.421913
2	102	116	27.013025
2	102	187	26.883360
2	102	191	26.581184
2	102	217	25.671780
2	102	201	25.544252
2	102	203	24.901346
2	102	204	24.632334
2	102	99	24.524427
2	102	206	24.448008
2	102	13	23.257864
2	102	63	23.152391
2	102	51	22.074934
2	102	109	19.241613
2	102	208	19.073391
2	102	16	17.821693
2	102	202	15.398580
2	102	192	14.602820
2	102	122	14.052853
2	102	3	11.842417
2	102	190	10.681800
2	102	8	10.421325
2	102	126	7.226214
2	102	205	3.893908
2	102	17	-2.811036
2	102	207	-4.136150
2	102	14	-5.185291
2	102	212	-9.638323
2	102	209	-10.518348
2	102	195	-13.269118
2	103	211	41.913349
2	103	99	35.271786
2	103	113	34.954334
2	103	196	34.521198
2	103	109	32.500107
2	103	206	31.852524
2	103	210	31.326815
2	103	15	30.336998
2	103	200	27.157827
2	103	193	26.934322
2	103	3	26.418682
2	103	203	25.389069
2	103	194	22.724522
2	103	204	22.032843
2	103	16	21.307196
2	103	14	20.834049
2	103	189	18.977634
2	103	202	18.960981
2	103	63	18.808887
2	103	197	17.034182
2	103	198	14.405762
2	103	8	12.999635
2	103	51	12.109987
2	103	192	8.162312
2	103	212	6.941103
2	103	126	6.767459
2	103	201	1.952743
2	103	18	1.864255
2	103	191	0.847411
2	103	209	-3.367031
2	103	190	-4.443682
2	103	205	-6.305807
2	103	116	-7.337677
2	103	122	-7.922795
2	103	13	-8.017125
2	103	217	-8.081026
2	103	195	-8.560164
2	103	207	-8.903421
2	103	188	-9.589385
2	103	199	-10.651961
2	104	188	42.954350
2	104	116	42.369057
2	104	193	37.694016
2	104	199	35.087246
2	104	15	33.390553
2	104	194	31.950998
2	104	63	30.752844
2	104	99	28.934738
2	104	18	28.841675
2	104	113	28.373636
2	104	192	26.606737
2	104	203	25.885189
2	104	51	25.159143
2	104	200	24.428104
2	104	196	24.107782
2	104	197	21.504690
2	104	16	20.207375
2	104	210	20.122953
2	104	3	19.783554
2	104	13	19.573208
2	104	190	18.660610
2	104	14	18.469280
2	104	208	17.022203
2	104	206	16.773142
2	104	189	14.290613
2	104	202	14.173694
2	104	187	13.815489
2	104	204	10.629239
2	104	198	8.718745
2	104	201	8.197043
2	104	205	6.991580
2	104	122	5.174192
2	104	8	3.380440
2	104	109	0.696020
2	104	126	-1.722261
2	104	17	-3.159409
2	104	217	-7.364964
2	104	191	-8.696123
2	104	209	-9.587457
2	104	195	-10.923469
2	104	212	-12.267177
2	104	207	-12.516764
2	105	194	39.200745
2	105	210	38.666084
2	105	199	37.725063
2	105	188	35.394577
2	105	196	35.199745
2	105	116	34.801239
2	105	198	34.481514
2	105	203	32.855217
2	105	15	31.396637
2	105	18	30.460705
2	105	192	30.315926
2	105	189	30.174803
2	105	13	29.944248
2	105	193	29.416811
2	105	113	27.893183
2	105	202	27.492014
2	105	14	25.206993
2	105	208	22.232517
2	105	190	22.087894
2	105	197	21.205317
2	105	200	20.677691
2	105	187	20.481855
2	105	217	19.691202
2	105	3	18.443474
2	105	63	18.429443
2	105	204	18.091370
2	105	109	17.952921
2	105	206	17.822277
2	105	99	17.700125
2	105	16	16.718290
2	105	51	16.039351
2	105	207	10.625182
2	105	8	10.487201
2	105	191	9.655584
2	105	201	8.084747
2	105	212	3.899721
2	105	17	2.442011
2	105	122	1.273138
2	105	205	-2.656469
2	105	209	-3.892233
2	105	195	-5.068614
2	105	126	-7.538617
2	106	188	37.123268
2	106	116	36.097031
2	106	15	30.358250
2	106	193	29.629362
2	106	194	28.420074
2	106	113	26.638275
2	106	99	20.572130
2	106	3	20.403404
2	106	126	20.395426
2	106	192	19.867743
2	106	63	18.864161
2	106	14	18.440887
2	106	203	14.921852
2	106	190	13.886943
2	106	18	12.873701
2	106	51	11.518672
2	106	206	11.399979
2	106	109	10.761696
2	106	210	10.591692
2	106	200	10.037294
2	106	196	9.478767
2	106	197	7.218181
2	106	13	6.722202
2	106	189	3.780600
2	106	202	2.487744
2	106	17	1.905821
2	106	16	0.974274
2	106	201	-1.211293
2	106	212	-1.853200
2	106	208	-2.108608
2	106	8	-2.493046
2	106	187	-3.388249
2	106	205	-4.368579
2	106	204	-4.835052
2	106	122	-6.130948
2	106	207	-7.306602
2	106	199	-8.443941
2	106	209	-9.552859
2	106	198	-10.218107
2	106	217	-10.705373
2	106	195	-10.954168
2	106	191	-12.515591
2	107	199	38.890343
2	107	196	37.615269
2	107	198	36.587044
2	107	193	34.726109
2	107	113	33.779839
2	107	202	33.555695
2	107	201	31.780058
2	107	206	31.365383
2	107	192	29.555298
2	107	204	28.995941
2	107	99	28.496538
2	107	194	28.070818
2	107	200	27.533590
2	107	189	25.380922
2	107	197	24.489626
2	107	51	23.737953
2	107	3	20.509392
2	107	15	19.831236
2	107	190	13.917196
2	107	63	7.150588
2	107	208	2.372224
2	107	11	-0.056205
2	107	116	-2.071247
2	107	209	-3.962359
2	107	207	-4.106103
2	107	18	-8.917293
2	107	195	-9.317540
2	108	211	40.610256
2	108	15	32.896523
2	108	212	28.427956
2	108	194	27.384220
2	108	99	26.863745
2	108	192	26.144421
2	108	206	25.643087
2	108	200	24.117641
2	108	51	22.995996
2	108	196	22.730057
2	108	203	22.226904
2	108	109	21.670994
2	108	3	21.178888
2	108	113	20.557394
2	108	63	19.838829
2	108	202	19.348347
2	108	16	14.157063
2	108	14	12.836391
2	108	8	10.588688
2	108	116	9.110394
2	108	204	5.021962
2	108	190	4.612980
2	108	189	4.233658
2	108	201	3.510187
2	108	210	2.994131
2	108	193	2.456000
2	108	18	0.804686
2	108	197	-2.106609
2	108	205	-4.628073
2	108	126	-5.006279
2	108	209	-5.453085
2	108	198	-6.397543
2	108	122	-7.026893
2	108	13	-7.295085
2	108	207	-7.353824
2	108	217	-7.720847
2	108	188	-8.286865
2	108	191	-8.769168
2	108	195	-9.470225
2	108	199	-10.352523
2	109	15	40.395256
2	109	211	39.784973
2	109	196	35.361431
2	109	200	33.935616
2	109	210	31.162472
2	109	109	30.809437
2	109	113	30.702938
2	109	99	30.021233
2	109	51	29.025311
2	109	194	27.602577
2	109	3	25.654074
2	109	206	23.912748
2	109	203	23.808392
2	109	16	23.213531
2	109	192	20.629459
2	109	197	16.596443
2	109	63	16.517813
2	109	189	16.143066
2	109	193	15.944243
2	109	116	13.455082
2	109	8	12.508487
2	109	205	11.241732
2	109	202	10.382842
2	109	204	4.049623
2	109	188	1.453197
2	109	14	0.335900
2	109	191	-0.181341
2	109	212	-0.540858
2	109	190	-2.754442
2	109	217	-3.433595
2	109	18	-4.609497
2	109	201	-6.514782
2	109	209	-7.181765
2	109	122	-7.711746
2	109	126	-8.402728
2	109	198	-9.880505
2	109	13	-11.003828
2	109	207	-11.091566
2	109	199	-12.563094
2	109	195	-12.745737
2	110	211	41.014839
2	110	15	30.688351
2	110	99	28.045816
2	110	212	27.622478
2	110	194	27.314066
2	110	51	26.097906
2	110	3	25.919737
2	110	200	25.569824
2	110	206	25.553263
2	110	113	22.781096
2	110	63	21.387299
2	110	192	16.623053
2	110	196	14.981678
2	110	16	13.455288
2	110	109	13.002916
2	110	202	11.855814
2	110	14	11.785192
2	110	203	11.620131
2	110	190	10.630993
2	110	189	7.262663
2	110	8	5.452680
2	110	204	3.910106
2	110	209	0.759957
2	110	193	-2.524598
2	110	197	-3.102999
2	110	116	-3.730914
2	110	126	-6.249086
2	110	195	-6.541872
2	110	122	-6.836419
2	110	205	-6.863048
2	110	18	-7.306549
2	110	201	-7.416035
2	110	210	-7.955922
2	110	217	-8.048166
2	110	191	-8.251410
2	110	13	-8.432269
2	110	188	-8.638247
2	110	198	-9.004895
2	110	199	-9.362344
2	110	207	-9.472960
2	111	218	33.393940
2	111	190	31.958788
2	111	200	25.968525
2	111	54	25.771027
2	111	300	24.759718
2	111	3	20.936480
2	111	51	15.358356
2	111	196	14.811665
2	111	63	9.886483
2	111	206	9.580602
2	111	194	2.572485
2	111	8	-2.111658
2	111	212	-2.882377
2	111	201	-4.017367
2	111	99	-5.051204
2	111	116	-6.512450
2	111	113	-7.008735
2	111	193	-7.341884
2	111	14	-8.323563
2	111	13	-9.000351
2	111	18	-9.032090
2	111	15	-9.250520
2	112	116	34.345482
2	112	193	29.454519
2	112	188	11.411269
2	112	16	11.255131
2	112	3	10.105810
2	112	51	8.302581
2	112	190	7.957183
2	112	14	6.747778
2	112	63	4.811211
2	112	8	1.571640
2	112	203	0.265524
2	112	122	0.074817
2	112	192	-1.249584
2	112	18	-1.523485
2	112	194	-2.061464
2	112	197	-3.209654
2	112	204	-3.308504
2	112	200	-4.050268
2	112	99	-4.310441
2	112	113	-5.396816
2	112	196	-5.724231
2	112	187	-6.820844
2	112	199	-6.896488
2	112	15	-8.132934
2	112	189	-8.388021
2	112	201	-9.523369
2	112	207	-9.644146
2	112	11	-10.803365
2	112	206	-10.859317
2	112	198	-10.971017
2	112	210	-12.999505
2	113	15	40.464886
2	113	200	38.320316
2	113	211	38.107616
2	113	196	35.712891
2	113	99	31.424320
2	113	109	30.377359
2	113	3	27.850857
2	113	113	22.204720
2	113	203	21.765539
2	113	16	19.937695
2	113	202	19.907793
2	113	197	16.702913
2	113	190	15.590558
2	113	189	14.785661
2	113	51	13.399898
2	113	8	13.191670
2	113	192	11.317327
2	113	209	7.852963
2	113	63	7.251241
2	113	206	5.181684
2	113	210	3.404958
2	113	217	3.323013
2	113	198	0.803506
2	113	204	-0.001490
2	113	116	-0.707476
2	113	194	-0.716871
2	113	201	-0.786814
2	113	193	-0.862629
2	113	212	-1.014406
2	113	188	-1.230369
2	113	14	-2.768239
2	113	191	-2.846757
2	113	13	-2.904572
2	113	199	-5.445623
2	113	205	-5.446047
2	113	18	-5.488819
2	113	122	-6.244313
2	113	126	-6.809714
2	113	207	-8.758255
2	113	195	-9.913803
2	114	116	42.157814
2	114	199	41.943924
2	114	188	40.233963
2	114	18	39.183033
2	114	210	38.985859
2	114	15	35.513733
2	114	113	33.635616
2	114	193	31.319168
2	114	189	31.056944
2	114	196	30.729364
2	114	13	29.342140
2	114	51	27.697756
2	114	203	26.105907
2	114	197	26.019670
2	114	201	25.433603
2	114	63	25.293020
2	114	3	25.169016
2	114	208	24.554638
2	114	8	24.065884
2	114	200	23.763090
2	114	194	23.692228
2	114	16	23.624514
2	114	187	21.711485
2	114	206	21.253815
2	114	14	19.001545
2	114	192	18.310852
2	114	198	18.223648
2	114	99	17.784370
2	114	202	16.827940
2	114	204	16.227266
2	114	122	15.292027
2	114	190	14.290500
2	114	126	11.729035
2	114	109	10.500135
2	114	191	7.918997
2	114	217	7.168079
2	114	17	6.927350
2	114	205	6.819843
2	114	212	1.733469
2	114	209	-1.237189
2	114	195	-3.198176
2	114	207	-8.016884
2	115	199	41.543518
2	115	193	39.544048
2	115	198	37.247314
2	115	210	36.211830
2	115	194	33.864056
2	115	113	31.249458
2	115	99	31.032497
2	115	196	30.782347
2	115	197	29.995581
2	115	18	29.237228
2	115	188	27.991993
2	115	206	27.714230
2	115	15	27.589857
2	115	203	26.327477
2	115	204	25.451538
2	115	8	20.682034
2	115	16	19.149809
2	115	187	18.301020
2	115	201	16.390339
2	115	190	15.654329
2	115	189	15.295397
2	115	3	13.632417
2	115	51	13.414329
2	115	63	12.433358
2	115	116	12.268536
2	115	14	9.219419
2	115	11	6.257645
2	115	122	4.830410
2	115	207	4.393068
2	115	200	0.344992
2	115	192	-0.833230
2	116	51	26.625937
2	116	193	25.118841
2	116	63	23.804094
2	116	206	22.468740
2	116	8	19.085567
2	116	3	15.961287
2	116	11	15.951035
2	116	196	15.640603
2	116	209	15.230594
2	116	14	13.646890
2	116	192	11.303706
2	116	194	10.187397
2	116	200	8.235246
2	116	116	7.325668
2	116	198	7.210010
2	116	217	6.256013
2	116	122	5.465538
2	116	190	5.243522
2	116	96	4.571663
2	116	197	3.803483
2	116	207	-0.929143
2	116	201	-3.248378
2	116	15	-4.715080
2	116	187	-6.617602
2	116	18	-10.116593
2	116	212	-13.255626
2	117	200	39.010887
2	117	211	37.036324
2	117	15	35.975445
2	117	196	33.984512
2	117	109	29.098042
2	117	51	29.087616
2	117	212	27.903170
2	117	3	24.602232
2	117	99	23.683363
2	117	206	23.538780
2	117	63	22.627525
2	117	189	22.171539
2	117	192	21.448313
2	117	16	13.450316
2	117	191	12.584505
2	117	14	12.248119
2	117	8	11.637668
2	117	190	10.357981
2	117	210	9.032005
2	117	113	8.909389
2	117	203	8.872891
2	117	202	8.620744
2	117	194	6.938396
2	117	116	1.165983
2	117	197	-1.767171
2	117	188	-2.754549
2	117	204	-3.246634
2	117	209	-3.414190
2	117	205	-3.907913
2	117	122	-5.249366
2	117	193	-5.313135
2	117	198	-5.466443
2	117	201	-5.855029
2	117	217	-5.883067
2	117	195	-6.170617
2	117	207	-6.688075
2	117	13	-7.951724
2	117	126	-8.220100
2	117	18	-8.795524
2	117	199	-10.425987
2	118	219	41.885841
2	118	220	36.474792
2	118	197	27.854355
2	118	99	25.165014
2	118	18	22.781738
2	118	122	16.299049
2	118	15	15.993893
2	118	189	14.246937
2	118	187	13.812049
2	118	116	13.061749
2	118	113	12.942005
2	118	188	12.341866
2	118	196	8.789887
2	118	194	8.355519
2	118	3	8.338284
2	118	63	7.223675
2	118	51	3.189185
2	118	200	0.631971
2	118	16	0.221174
2	118	126	-1.432149
2	118	190	-1.967398
2	118	206	-3.620399
2	118	217	-6.593410
2	118	193	-8.088242
2	118	8	-8.610732
2	118	14	-9.022066
2	118	199	-9.867987
2	118	207	-9.902671
2	118	201	-10.028759
2	118	195	-12.178817
2	119	199	40.191067
2	119	198	36.612316
2	119	210	33.558128
2	119	193	33.037724
2	119	197	31.005093
2	119	196	30.609043
2	119	188	29.954689
2	119	203	25.802349
2	119	113	25.782101
2	119	204	23.933414
2	119	217	23.629494
2	119	13	23.208027
2	119	99	22.533333
2	119	194	22.145321
2	119	15	21.902304
2	119	202	21.525030
2	119	189	21.286676
2	119	8	20.980110
2	119	16	20.893400
2	119	126	20.578249
2	119	206	19.974344
2	119	109	19.430799
2	119	187	19.369707
2	119	18	19.260342
2	119	201	18.709038
2	119	116	18.687719
2	119	190	18.671448
2	119	51	14.090367
2	119	205	13.580591
2	119	122	12.510118
2	119	3	11.999339
2	119	207	11.959649
2	119	192	11.681152
2	119	200	9.959765
2	119	208	8.359730
2	119	191	7.800918
2	119	63	7.280037
2	119	17	4.688655
2	119	212	1.532016
2	119	14	-0.269825
2	119	209	-5.376432
2	119	195	-6.861975
2	120	191	41.846653
2	120	189	41.531021
2	120	188	41.489071
2	120	18	40.934933
2	120	15	40.797050
2	120	200	40.573959
2	120	198	39.836502
2	120	193	39.743729
2	120	210	39.392960
2	120	122	38.704048
2	120	196	38.667881
2	120	109	38.031517
2	120	187	37.860580
2	120	197	37.286278
2	120	217	36.959263
2	120	204	36.878445
2	120	116	35.200649
2	120	194	34.382519
2	120	113	33.842045
2	120	203	33.615108
2	120	199	31.889103
2	120	99	31.563858
2	120	16	30.669579
2	120	17	30.019180
2	120	205	29.309753
2	120	208	28.538733
2	120	13	28.066154
2	120	206	27.431265
2	120	202	26.210047
2	120	3	23.591681
2	120	8	23.417582
2	120	63	22.045465
2	120	190	19.399408
2	120	51	18.328070
2	120	201	16.822025
2	120	126	9.672162
2	120	192	6.160166
2	120	209	4.273741
2	120	195	-0.265822
2	120	14	-1.149915
2	120	212	-4.118380
2	120	207	-6.695770
2	121	15	42.758492
2	121	116	42.705326
2	121	193	42.383698
2	121	188	40.829597
2	121	194	39.276855
2	121	113	33.947594
2	121	198	33.468037
2	121	196	33.422508
2	121	199	33.162521
2	121	210	33.100079
2	121	200	32.481979
2	121	203	31.848324
2	121	63	30.578014
2	121	192	27.289366
2	121	99	27.187901
2	121	204	26.910242
2	121	18	26.764711
2	121	51	25.539890
2	121	189	24.060396
2	121	206	22.931940
2	121	187	22.929461
2	121	202	21.410742
2	121	13	21.252169
2	121	190	21.091433
2	121	16	20.568941
2	121	197	20.564817
2	121	3	20.019304
2	121	109	18.022886
2	121	208	16.457987
2	121	14	9.387009
2	121	205	9.079417
2	121	8	8.511074
2	121	122	7.382481
2	121	217	6.108253
2	121	201	5.059681
2	121	191	-2.398924
2	121	126	-4.645882
2	121	207	-5.396597
2	121	17	-5.410665
2	121	209	-8.597522
2	121	195	-10.200848
2	121	212	-11.935494
2	122	193	40.385296
2	122	15	39.815750
2	122	203	38.387115
2	122	196	38.196800
2	122	198	37.456257
2	122	194	37.332554
2	122	212	36.798569
2	122	18	34.964195
2	122	189	31.642359
2	122	197	31.371464
2	122	201	27.766953
2	122	200	27.147781
2	122	204	24.239634
2	122	51	23.639219
2	122	192	23.543991
2	122	188	23.402578
2	122	206	21.380640
2	122	99	15.960904
2	122	122	15.283263
2	122	126	14.338451
2	122	63	12.438759
2	122	3	9.883848
2	122	116	0.968156
2	122	190	-5.310318
2	122	207	-7.493936
2	123	225	40.795795
2	123	227	40.293602
2	123	198	39.098000
2	123	229	38.680347
2	123	235	38.180004
2	123	201	37.504059
2	123	199	36.039207
2	123	224	33.943996
2	123	51	33.836605
2	123	228	33.067093
2	123	226	33.024948
2	123	96	30.796551
2	123	221	29.948885
2	123	14	28.627968
2	123	243	28.234236
2	123	244	25.034328
2	123	210	23.439987
2	123	11	23.402752
2	123	239	23.198906
2	123	196	19.172453
2	123	99	19.037966
2	123	3	17.875210
2	123	208	17.718882
2	123	16	16.490547
2	123	222	15.759555
2	123	246	15.237300
2	123	232	15.104602
2	123	247	14.206948
2	123	8	13.951035
2	123	223	13.351808
2	123	237	13.004619
2	123	234	12.180860
2	123	241	10.715652
2	123	190	9.756497
2	123	240	9.709860
2	123	233	7.471447
2	123	231	5.104446
2	123	242	4.640164
2	123	18	4.566503
2	123	217	4.394074
2	123	187	2.664939
2	123	245	1.457165
2	123	207	-0.410031
2	123	191	-0.819403
2	123	230	-1.487589
2	123	197	-1.632488
2	123	236	-2.695894
2	123	238	-4.157659
2	123	188	-4.201916
2	123	122	-7.262211
2	123	116	-8.123201
2	124	231	37.232048
2	124	210	36.747131
2	124	224	35.530636
2	124	11	34.852779
2	124	230	34.186249
2	124	190	34.109982
2	124	234	32.921898
2	124	18	32.240170
2	124	235	31.582926
2	124	14	30.735218
2	124	244	30.500252
2	124	3	28.432745
2	124	197	28.315100
2	124	233	28.280857
2	124	8	28.184938
2	124	208	27.792208
2	124	232	25.463705
2	124	228	23.622704
2	124	191	23.603506
2	124	207	23.468246
2	124	51	22.628302
2	124	225	22.461660
2	124	238	20.990425
2	124	227	20.237276
2	124	236	18.992102
2	124	196	16.546705
2	124	187	13.760027
2	124	217	10.311342
2	124	223	9.149488
2	124	122	8.131815
2	124	242	5.711174
2	124	221	5.236659
2	124	201	3.886612
2	124	240	2.354323
2	124	199	-0.776346
2	124	246	-0.921875
2	124	247	-1.481687
2	124	229	-2.186217
2	124	96	-2.918207
2	124	243	-3.011455
2	124	222	-3.368186
2	124	237	-4.400999
2	124	16	-4.606515
2	124	239	-5.493804
2	124	245	-5.609543
2	124	116	-6.369710
2	124	99	-7.633588
2	124	188	-7.809289
2	124	241	-8.231870
2	124	198	-10.127689
2	124	226	-10.244313
2	125	224	36.826427
2	125	8	35.723980
2	125	227	34.579082
2	125	207	33.193851
2	125	11	32.143158
2	125	225	27.093435
2	125	232	24.545099
2	125	190	24.292648
2	125	51	22.503439
2	125	233	22.263941
2	125	234	22.112556
2	125	14	21.719902
2	125	222	20.757004
2	125	228	19.419748
2	125	3	18.944597
2	125	217	17.658636
2	125	235	16.943933
2	125	236	9.609304
2	125	229	4.732907
2	125	210	3.524447
2	125	208	2.751703
2	125	246	2.222754
2	125	191	0.037183
2	125	243	-0.110297
2	125	244	-1.633984
2	125	196	-2.116438
2	125	226	-3.230026
2	125	242	-3.415226
2	125	230	-3.679178
2	125	239	-4.726843
2	125	221	-4.739864
2	125	247	-4.983945
2	125	223	-5.062777
2	125	187	-5.281975
2	125	237	-5.395591
2	125	16	-6.206426
2	125	122	-6.769616
2	125	241	-7.261774
2	125	245	-7.569355
2	125	197	-7.593077
2	125	99	-7.716259
2	125	231	-7.723590
2	125	188	-7.912769
2	125	201	-8.027862
2	125	238	-8.140376
2	125	96	-8.164371
2	125	18	-8.368461
2	125	240	-8.385034
2	125	116	-8.978803
2	125	198	-9.357570
2	125	199	-9.610289
2	126	229	32.384602
2	126	239	21.633289
2	126	227	20.896622
2	126	226	20.463165
2	126	217	18.386248
2	126	246	18.104727
2	126	235	16.938690
2	126	232	16.758013
2	126	51	16.259398
2	126	221	15.019070
2	126	233	14.817194
2	126	240	14.475637
2	126	236	13.743432
2	126	196	13.093641
2	126	238	12.444484
2	126	207	12.205082
2	126	3	12.124701
2	126	225	11.793349
2	126	222	11.721125
2	126	228	10.666630
2	126	190	9.267253
2	126	224	7.941520
2	126	198	5.906657
2	126	116	5.900769
2	126	14	5.786032
2	126	241	4.471507
2	126	210	4.256685
2	126	8	3.249964
2	126	16	3.097359
2	126	18	1.877200
2	126	247	1.557313
2	126	245	1.135135
2	126	122	0.874359
2	126	187	0.771158
2	126	96	-0.054549
2	126	191	-0.193331
2	126	243	-0.583517
2	126	208	-0.641309
2	126	223	-0.806292
2	126	237	-0.907269
2	126	197	-1.237160
2	126	244	-1.953146
2	126	242	-2.151478
2	126	11	-2.200193
2	126	99	-4.210110
2	126	234	-4.539693
2	126	201	-6.090283
2	126	231	-6.293780
2	126	188	-7.746889
2	126	199	-8.062422
2	126	230	-8.355973
2	127	227	32.530598
2	127	207	30.404812
2	127	51	28.328161
2	127	229	25.863337
2	127	224	21.645111
2	127	3	19.997623
2	127	8	16.547167
2	127	238	16.243570
2	127	11	13.879154
2	127	232	13.455731
2	127	16	9.404402
2	127	236	8.315777
2	127	231	7.284312
2	127	190	6.803013
2	127	225	6.476940
2	127	233	4.434904
2	127	247	2.680907
2	127	244	2.454880
2	127	99	1.355027
2	127	208	0.305508
2	127	217	0.166220
2	127	197	0.062793
2	127	223	-0.784644
2	127	237	-1.027951
2	127	14	-1.698249
2	127	246	-3.527510
2	127	228	-3.564964
2	127	241	-3.583488
2	127	234	-3.660582
2	127	242	-4.043943
2	127	235	-4.380751
2	127	226	-4.650890
2	127	196	-4.988172
2	127	221	-5.203025
2	127	187	-5.340833
2	127	243	-6.002944
2	127	230	-6.146412
2	127	239	-6.276495
2	127	201	-6.353043
2	127	210	-6.596732
2	127	18	-7.265007
2	127	122	-7.296987
2	127	188	-8.700648
2	127	198	-8.957976
2	127	199	-9.256184
2	127	245	-9.560081
2	127	222	-9.614064
2	127	96	-10.283116
2	127	191	-10.347208
2	127	116	-10.371486
2	127	240	-10.571654
2	128	229	32.352688
2	128	241	29.760317
2	128	198	26.909140
2	128	201	26.667578
2	128	221	26.567394
2	128	240	26.133938
2	128	226	25.286652
2	128	196	23.300777
2	128	233	22.071337
2	128	243	18.760540
2	128	224	18.673815
2	128	3	18.622620
2	128	239	18.555582
2	128	236	18.404928
2	128	223	17.729027
2	128	116	17.131598
2	128	237	16.211613
2	128	246	14.632818
2	128	16	14.462805
2	128	232	14.314970
2	128	51	13.439038
2	128	238	12.974922
2	128	8	12.536182
2	128	242	11.403530
2	128	247	11.129793
2	128	208	10.965670
2	128	245	9.762877
2	128	199	7.853469
2	128	190	7.265316
2	128	14	7.169099
2	128	217	6.329501
2	128	235	6.234176
2	128	122	5.946041
2	128	228	5.690298
2	128	197	5.567780
2	128	225	5.546881
2	128	191	5.061604
2	128	96	4.932846
2	128	187	4.788775
2	128	230	4.681368
2	128	227	3.745725
2	128	244	2.913138
2	128	188	2.609693
2	128	99	2.219213
2	128	234	1.469519
2	128	231	1.241259
2	128	207	0.769469
2	128	210	0.543959
2	128	18	-0.370453
2	128	222	-1.970246
2	128	11	-2.510251
2	129	238	38.648285
2	129	229	36.933247
2	129	51	33.660301
2	129	190	28.130724
2	129	3	25.357286
2	129	196	23.139477
2	129	233	17.421169
2	129	221	17.327465
2	129	208	15.317460
2	129	14	14.077247
2	129	228	12.105631
2	129	224	11.826316
2	129	247	10.126088
2	129	242	8.793239
2	129	232	8.636868
2	129	237	8.614019
2	129	16	6.816311
2	129	241	5.212312
2	129	230	3.927834
2	129	245	1.901039
2	129	226	1.241811
2	129	122	0.955383
2	129	236	0.645252
2	129	116	-0.314787
2	129	243	-1.652485
2	129	240	-2.603531
2	129	246	-4.485933
2	129	191	-5.086963
2	129	8	-5.164634
2	129	187	-6.909397
2	129	234	-7.003999
2	129	223	-7.098202
2	129	18	-7.241535
2	129	235	-8.112264
2	129	207	-8.270730
2	129	225	-8.930631
2	129	99	-9.587738
2	129	222	-9.814722
2	129	201	-9.939044
2	129	239	-10.159518
2	129	188	-10.258354
2	129	199	-10.490299
2	129	231	-10.520119
2	129	227	-10.615461
2	129	244	-10.616868
2	129	217	-10.868216
2	129	11	-11.032750
2	129	197	-11.689969
2	129	210	-11.735979
2	129	96	-11.852061
2	129	198	-12.260257
2	130	196	27.116926
2	130	227	25.935398
2	130	16	25.750738
2	130	8	25.741152
2	130	207	25.207619
2	130	225	23.708858
2	130	224	23.150070
2	130	237	22.802906
2	130	229	21.459860
2	130	247	21.121687
2	130	217	18.476236
2	130	232	17.851404
2	130	197	16.750599
2	130	210	14.710578
2	130	246	13.728387
2	130	51	13.518078
2	130	228	13.450579
2	130	233	13.265734
2	130	3	12.454914
2	130	226	11.672544
2	130	190	11.254420
2	130	239	9.775681
2	130	244	8.439278
2	130	236	7.706791
2	130	234	7.380871
2	130	241	7.020051
2	130	223	6.419633
2	130	198	6.053545
2	130	122	5.716116
2	130	222	3.559798
2	130	199	3.254417
2	130	231	2.171359
2	130	191	1.611808
2	130	242	1.157754
2	130	235	0.759697
2	130	11	0.376117
2	130	96	-0.276737
2	130	221	-1.268667
2	130	201	-3.331576
2	130	208	-3.495279
2	130	187	-3.731504
2	130	245	-3.845612
2	130	243	-4.980620
2	130	14	-5.176940
2	130	116	-5.271991
2	130	238	-5.387446
2	130	188	-6.037918
2	130	230	-6.154350
2	130	99	-6.562389
2	130	18	-7.829991
2	130	240	-9.198143
2	131	238	33.557266
2	131	196	31.947271
2	131	217	31.097752
2	131	237	27.985531
2	131	51	24.705532
2	131	240	24.229942
2	131	3	18.234241
2	131	230	17.963499
2	131	233	16.309227
2	131	16	16.099089
2	131	235	15.877492
2	131	225	15.614416
2	131	247	15.175263
2	131	244	14.994511
2	131	208	12.214109
2	131	199	11.003862
2	131	232	10.893495
2	131	190	10.310553
2	131	241	10.257308
2	131	8	8.490741
2	131	227	4.522433
2	131	242	4.155729
2	131	18	3.448950
2	131	228	2.900623
2	131	229	1.647458
2	131	96	1.210468
2	131	197	0.064535
2	131	239	-0.307975
2	131	221	-0.710091
2	131	246	-1.515375
2	131	14	-1.604448
2	131	191	-1.691937
2	131	188	-2.181138
2	131	223	-2.654944
2	131	122	-2.674440
2	131	187	-2.809831
2	131	210	-3.165121
2	131	11	-3.412843
2	131	207	-4.234804
2	131	236	-4.346069
2	131	234	-4.587770
2	131	231	-4.720154
2	131	243	-4.767203
2	131	224	-6.253809
2	131	245	-6.500363
2	131	226	-7.069021
2	131	198	-8.063852
2	131	116	-8.205374
2	131	99	-8.855313
2	131	201	-9.703022
2	131	222	-11.410152
2	132	244	34.907696
2	132	242	31.668518
2	132	8	30.936909
2	132	230	30.678288
2	132	14	30.269684
2	132	231	29.606684
2	132	229	29.460157
2	132	199	28.985952
2	132	240	27.447330
2	132	18	27.189142
2	132	235	25.450066
2	132	238	25.147415
2	132	196	24.573910
2	132	223	24.247446
2	132	243	24.216642
2	132	217	23.464064
2	132	245	22.989521
2	132	201	20.949587
2	132	197	18.000864
2	132	51	17.711113
2	132	228	17.487707
2	132	224	16.604563
2	132	233	16.346706
2	132	188	15.801801
2	132	226	15.351942
2	132	190	14.835594
2	132	241	14.594069
2	132	232	13.586418
2	132	239	13.395021
2	132	116	12.855275
2	132	3	11.946776
2	132	246	11.744085
2	132	221	11.653351
2	132	222	10.993131
2	132	236	10.560704
2	132	237	10.409116
2	132	16	9.108981
2	132	96	8.895955
2	132	227	8.845541
2	132	191	8.243281
2	132	247	8.241026
2	132	187	8.095898
2	132	198	7.146911
2	132	225	5.758230
2	132	122	3.603110
2	132	99	3.235594
2	132	208	3.065650
2	132	11	0.490929
2	132	210	0.301899
2	132	207	-2.553961
2	132	234	-5.760429
2	133	238	37.036797
2	133	229	33.378185
2	133	228	33.256550
2	133	233	31.804577
2	133	224	29.419180
2	133	201	29.040266
2	133	221	27.989677
2	133	242	27.267658
2	133	190	27.097050
2	133	3	26.834316
2	133	51	26.357805
2	133	14	21.652456
2	133	232	20.196030
2	133	235	18.111717
2	133	208	15.837491
2	133	247	15.322033
2	133	16	13.394279
2	133	196	13.223431
2	133	226	10.973311
2	133	241	10.775007
2	133	239	7.038054
2	133	230	6.964446
2	133	237	5.404191
2	133	8	5.235011
2	133	191	4.108135
2	133	246	2.978466
2	133	199	1.065879
2	133	243	0.282020
2	133	245	0.206476
2	133	207	-0.226618
2	133	198	-4.879219
2	133	225	-5.608051
2	133	217	-5.717028
2	133	227	-5.909519
2	133	122	-6.128088
2	133	187	-6.399257
2	133	116	-6.430007
2	133	99	-6.518062
2	133	96	-6.756587
2	133	223	-7.092583
2	133	11	-7.223387
2	133	210	-7.753566
2	133	240	-8.192748
2	133	188	-8.435171
2	133	197	-8.758717
2	133	231	-8.841515
2	133	18	-9.046435
2	133	244	-9.630802
2	133	236	-9.970014
2	133	234	-11.004766
2	133	222	-12.146773
2	134	51	35.135124
2	134	227	31.139219
2	134	235	28.466507
2	134	196	26.909304
2	134	229	25.800461
2	134	246	25.748793
2	134	198	24.474693
2	134	199	21.255228
2	134	221	20.225000
2	134	16	19.463285
2	134	239	18.928268
2	134	238	18.745754
2	134	3	18.249956
2	134	241	17.952501
2	134	240	17.153637
2	134	247	15.723055
2	134	243	15.655685
2	134	191	15.575536
2	134	217	14.832715
2	134	96	13.740391
2	134	237	13.338802
2	134	225	12.276206
2	134	242	11.455808
2	134	8	11.292575
2	134	226	8.747269
2	134	223	8.639784
2	134	232	8.542592
2	134	228	8.280787
2	134	208	8.095257
2	134	233	6.845442
2	134	14	5.317822
2	134	245	0.824449
2	134	99	0.610041
2	134	210	-0.359702
2	134	116	-1.816512
2	134	230	-2.514877
2	134	201	-2.910397
2	134	190	-3.288011
2	134	236	-3.682963
2	134	188	-3.839835
2	134	222	-3.870288
2	134	234	-4.057395
2	134	224	-4.089327
2	134	187	-4.361480
2	134	197	-4.756316
2	134	18	-5.795270
2	134	207	-6.260276
2	134	122	-7.152697
2	134	244	-8.982725
2	134	11	-10.797715
2	134	231	-11.897853
2	135	238	31.371643
2	135	18	21.120800
2	135	241	20.775799
2	135	196	20.533823
2	135	199	20.498837
2	135	96	16.854591
2	135	51	16.238400
2	135	225	15.832026
2	135	237	15.643614
2	135	201	15.620991
2	135	228	15.416526
2	135	208	15.028050
2	135	230	12.840545
2	135	235	12.770720
2	135	197	10.809072
2	135	247	10.334362
2	135	221	10.233111
2	135	190	9.319351
2	135	198	9.190668
2	135	16	8.767526
2	135	223	8.066367
2	135	8	7.572446
2	135	232	7.177406
2	135	217	7.122604
2	135	229	6.061790
2	135	242	5.447533
2	135	243	5.436786
2	135	188	5.354204
2	135	224	4.873259
2	135	187	4.860844
2	135	3	2.158026
2	135	244	2.057311
2	135	233	1.888446
2	135	239	1.886827
2	135	207	1.743334
2	135	227	0.877905
2	135	226	-0.497757
2	135	246	-0.747688
2	135	14	-0.965808
2	135	11	-1.759671
2	135	116	-1.915683
2	135	122	-3.752727
2	135	99	-4.507181
2	135	240	-4.837549
2	135	236	-4.915593
2	135	234	-4.921687
2	135	210	-5.055377
2	135	245	-5.955781
2	135	231	-6.168729
2	135	222	-8.258779
2	135	191	-8.721130
2	136	198	35.582081
2	136	239	30.149160
2	136	229	28.210125
2	136	201	27.378803
2	136	235	23.803364
2	136	221	20.671162
2	136	242	20.669029
2	136	233	20.217123
2	136	245	17.783245
2	136	208	17.780758
2	136	187	16.923967
2	136	210	15.358215
2	136	191	14.785048
2	136	16	14.605251
2	136	243	14.215677
2	136	14	13.666046
2	136	196	12.982268
2	136	247	12.815681
2	136	232	11.959127
2	136	51	11.590672
2	136	230	11.538471
2	136	223	11.356627
2	136	237	11.191887
2	136	227	7.188556
2	136	199	6.540678
2	136	3	4.880885
2	136	241	4.848932
2	136	246	1.370227
2	136	225	0.687418
2	136	188	0.458171
2	136	228	-0.082238
2	136	18	-0.486515
2	136	99	-0.539791
2	136	217	-1.315667
2	136	226	-2.153831
2	136	224	-2.877293
2	136	240	-4.934888
2	136	122	-5.079113
2	136	8	-5.269576
2	136	11	-5.572972
2	136	197	-5.575869
2	136	236	-5.715464
2	136	238	-6.321072
2	136	207	-6.512382
2	136	190	-7.353585
2	136	116	-7.368525
2	136	231	-7.969039
2	136	222	-8.165815
2	136	96	-8.428938
2	136	234	-9.001388
2	136	244	-9.148969
2	137	229	32.535645
2	137	221	24.779860
2	137	16	24.364145
2	137	226	23.460451
2	137	237	22.266169
2	137	241	21.511723
2	137	233	21.169861
2	137	3	21.133694
2	137	247	20.273548
2	137	51	19.693007
2	137	225	17.916212
2	137	224	17.813614
2	137	14	17.742315
2	137	238	17.612047
2	137	8	17.382853
2	137	240	16.941738
2	137	236	16.617762
2	137	235	15.235215
2	137	227	14.115233
2	137	228	13.503232
2	137	243	13.323435
2	137	196	12.480671
2	137	232	12.208528
2	137	190	11.323235
2	137	246	10.125630
2	137	116	7.698473
2	137	197	6.129533
2	137	208	5.352567
2	137	207	5.265900
2	137	201	5.158978
2	137	198	4.511356
2	137	234	3.394507
2	137	96	3.360270
2	137	191	3.263107
2	137	99	1.556012
2	137	223	0.937274
2	137	11	0.382488
2	137	217	-0.165534
2	137	222	-0.840124
2	137	122	-1.466815
2	137	188	-2.489926
2	137	231	-2.512190
2	137	210	-2.515305
2	137	242	-3.159723
2	137	239	-3.250755
2	137	245	-4.447229
2	137	187	-4.674616
2	137	230	-6.202984
2	137	199	-7.950474
2	137	244	-7.976554
2	137	18	-8.935656
2	138	229	37.040096
2	138	116	34.709557
2	138	196	34.329292
2	138	244	31.586620
2	138	3	28.556334
2	138	16	26.763008
2	138	246	26.553745
2	138	51	25.643114
2	138	247	23.406393
2	138	231	23.278910
2	138	232	20.324339
2	138	224	19.818571
2	138	210	19.760586
2	138	238	19.546484
2	138	233	19.358908
2	138	8	17.871288
2	138	237	17.745270
2	138	99	16.078512
2	138	190	15.801937
2	138	191	15.769718
2	138	239	15.553735
2	138	226	14.823263
2	138	223	14.182848
2	138	228	12.393186
2	138	188	12.024467
2	138	221	11.274578
2	138	235	10.790546
2	138	14	9.547813
2	138	241	8.975175
2	138	234	8.544277
2	138	96	7.865155
2	138	217	4.710578
2	138	197	4.087241
2	138	236	2.330287
2	138	227	2.096093
2	138	225	1.585556
2	138	208	1.211177
2	138	198	0.016327
2	138	122	-1.730716
2	138	243	-2.449347
2	138	187	-2.618724
2	138	242	-2.958556
2	138	240	-3.323766
2	138	245	-3.733801
2	138	18	-5.557729
2	138	201	-5.851109
2	138	199	-7.019486
2	138	207	-7.756844
2	138	222	-8.013624
2	138	230	-8.194118
2	138	11	-8.689088
