0	1	11	20.848175
0	1	1	20.524204
0	1	19	18.731461
0	1	2	17.610138
0	1	6	15.676521
0	1	14	15.529759
0	1	4	13.928858
0	1	5	9.900199
0	1	0	9.827465
0	1	9	9.003007
0	1	15	8.187417
0	1	12	2.347528
0	1	13	1.796552
0	1	16	-0.573760
0	1	18	-5.096495
0	1	8	-5.240657
0	1	7	-6.469599
0	1	3	-6.712164
0	1	10	-6.834871
0	1	17	-6.928440
0	2	11	23.555952
0	2	9	20.963785
0	2	15	20.936380
0	2	14	20.551714
0	2	1	20.489912
0	2	5	19.912361
0	2	2	19.621624
0	2	4	19.364424
0	2	0	15.475245
0	2	3	4.741409
0	2	18	4.698104
0	2	10	4.552011
0	2	13	2.523707
0	2	12	1.369009
0	2	8	1.000935
0	2	16	0.937638
0	2	6	0.764324
0	2	17	-1.776090
0	2	7	-1.942278
0	2	19	-2.682470
0	3	11	24.310957
0	3	4	22.684834
0	3	1	21.297859
0	3	9	20.455402
0	3	10	20.260803
0	3	6	19.914438
0	3	19	19.459526
0	3	15	18.893608
0	3	5	18.821177
0	3	0	17.479275
0	3	14	15.396068
0	3	2	15.353630
0	3	12	7.194341
0	3	16	2.031832
0	3	13	-2.176999
0	3	8	-2.192056
0	3	18	-2.887527
0	3	17	-5.007959
0	3	3	-5.725292
0	3	7	-6.462665
0	4	11	23.161169
0	4	4	18.035673
0	4	14	16.884836
0	4	2	16.601198
0	4	12	13.577364
0	4	15	12.934467
0	4	9	12.821467
0	4	1	9.595778
0	4	7	6.252285
0	4	0	5.994824
0	4	5	3.416635
0	4	13	3.054874
0	4	16	2.469362
0	4	6	1.630828
0	4	10	1.429291
0	4	19	1.224562
0	4	8	-0.246886
0	4	17	-1.900953
0	4	3	-2.153548
0	4	18	-2.758306
0	5	4	19.814373
0	5	2	19.355474
0	5	11	17.921185
0	5	1	13.602087
0	5	15	13.211001
0	5	6	12.519346
0	5	0	11.639503
0	5	14	11.129453
0	5	9	10.735291
0	5	5	4.129956
0	5	16	2.454746
0	5	17	-1.253285
0	5	19	-1.271863
0	5	7	-1.627771
0	5	10	-3.423620
0	5	12	-3.933232
0	5	13	-5.182313
0	5	18	-5.376818
0	5	3	-5.816814
0	5	8	-7.969504
0	6	14	15.957884
0	6	11	14.848997
0	6	13	4.707594
0	6	16	0.707461
0	6	3	-0.170247
0	6	15	-0.623795
0	6	0	-0.741680
0	6	5	-0.937194
0	6	7	-1.285399
0	6	1	-1.627231
0	6	8	-3.117424
0	6	17	-4.272481
0	6	4	-4.383073
0	6	6	-4.685098
0	6	19	-5.772363
0	6	10	-6.227270
0	6	9	-6.638282
0	6	12	-6.740703
0	6	18	-7.032654
0	6	2	-7.128663
0	7	15	20.887587
0	7	19	13.058887
0	7	8	11.425168
0	7	4	10.535952
0	7	2	10.274117
0	7	5	9.938774
0	7	0	9.231405
0	7	18	8.138331
0	7	10	7.851155
0	7	6	7.616982
0	7	9	7.188405
0	7	13	5.213210
0	7	12	4.956891
0	7	11	4.903975
0	7	14	3.744298
0	7	1	3.306234
0	7	16	1.326853
0	7	17	-2.789910
0	7	3	-4.727207
0	7	7	-5.240152
0	8	11	24.030880
0	8	2	22.652500
0	8	9	20.426239
0	8	6	20.005222
0	8	5	19.437395
0	8	10	18.627066
0	8	14	17.598848
0	8	15	17.230577
0	8	4	16.992056
0	8	1	16.857145
0	8	19	16.716793
0	8	0	16.038864
0	8	13	13.533109
0	8	8	8.782720
0	8	3	5.737498
0	8	18	3.548482
0	8	16	1.997573
0	8	7	-1.381027
0	8	17	-1.637810
0	8	12	-2.507671
0	9	11	24.656807
0	9	9	24.398550
0	9	4	23.074102
0	9	15	21.354105
0	9	5	20.571943
0	9	1	20.513580
0	9	14	13.734303
0	9	2	6.919711
0	9	10	6.176078
0	9	7	5.279828
0	9	0	4.922639
0	9	12	4.841379
0	9	16	3.181198
0	9	19	3.159345
0	9	6	0.564608
0	9	17	-0.015188
0	9	13	-2.894680
0	9	8	-5.342785
0	9	3	-5.953096
0	9	18	-7.066946
0	10	11	23.654604
0	10	4	23.275080
0	10	9	22.477514
0	10	1	19.131721
0	10	6	18.872709
0	10	15	18.186539
0	10	14	17.369642
0	10	5	16.848825
0	10	0	6.281542
0	10	18	5.167534
0	10	13	2.982200
0	10	8	2.497206
0	10	16	1.205605
0	10	19	0.842004
0	10	10	0.433145
0	10	2	-2.267773
0	10	7	-2.538230
0	10	12	-2.944407
0	10	17	-4.958689
0	10	3	-6.620665
0	11	15	19.903128
0	11	2	15.461231
0	11	4	14.558263
0	11	10	13.523256
0	11	11	13.297634
0	11	5	13.234764
0	11	14	12.792823
0	11	19	12.304644
0	11	9	9.292995
0	11	13	6.765464
0	11	3	3.425389
0	11	16	2.351891
0	11	12	1.754971
0	11	18	0.918324
0	11	1	0.850292
0	11	0	-0.219616
0	11	8	-3.339947
0	11	17	-3.618158
0	11	6	-3.852610
0	11	7	-6.069959
0	12	5	22.887518
0	12	14	19.940413
0	12	15	17.005972
0	12	13	15.482438
0	12	4	9.951238
0	12	11	6.835755
0	12	2	6.676347
0	12	3	6.261009
0	12	6	5.709497
0	12	10	4.873140
0	12	19	2.474728
0	12	16	1.102323
0	12	9	0.768104
0	12	18	0.234240
0	12	1	0.194118
0	12	0	-0.685295
0	12	17	-0.857558
0	12	7	-2.534159
0	12	8	-3.570620
0	12	12	-5.441820
0	13	11	19.144514
0	13	14	17.228626
0	13	15	16.492228
0	13	3	15.745730
0	13	13	13.408283
0	13	8	13.404819
0	13	2	13.158305
0	13	5	12.342330
0	13	0	11.256435
0	13	1	11.069242
0	13	19	10.701866
0	13	9	7.803357
0	13	6	7.436017
0	13	18	4.925265
0	13	10	3.567155
0	13	16	2.315145
0	13	4	2.242594
0	13	12	0.812236
0	13	7	-1.999016
0	13	17	-2.800229
0	14	45	14.969105
0	14	30	14.713363
0	14	63	14.653223
0	14	14	12.707528
0	14	43	11.571972
0	14	27	9.939046
0	14	8	8.385909
0	14	31	7.915406
0	14	57	7.566633
0	14	36	6.434211
0	14	28	6.081012
0	14	22	6.003547
0	14	11	5.402085
0	14	58	4.830150
0	14	72	4.583648
0	14	32	4.270165
0	14	85	4.118363
0	14	29	4.015494
0	14	56	3.950447
0	14	47	3.578736
0	14	51	3.543998
0	14	54	2.560971
0	14	48	1.759043
0	14	3	1.647492
0	14	25	1.237581
0	14	26	0.655801
0	14	46	0.399481
0	14	71	0.360508
0	14	66	0.295708
0	14	73	-0.556692
0	14	23	-1.511509
0	14	16	-1.656627
0	14	34	-2.341875
0	14	42	-2.384991
0	14	24	-2.618077
0	14	18	-2.882382
0	14	53	-3.066307
0	14	35	-3.227775
0	14	20	-3.367982
0	14	21	-3.723112
0	14	65	-3.862396
0	14	76	-3.924517
0	14	39	-4.143186
0	14	62	-4.180137
0	14	33	-4.477958
0	14	69	-5.133506
0	14	55	-5.169584
0	14	40	-5.775321
0	14	78	-5.942565
0	14	49	-5.963966
0	14	50	-6.014081
0	14	70	-6.017694
0	14	44	-6.050203
0	14	75	-6.096800
0	14	74	-6.591063
0	14	38	-6.729155
0	14	52	-6.794262
0	14	79	-6.905760
0	14	77	-7.171104
0	14	64	-7.182726
0	14	61	-7.639196
0	14	37	-7.798502
0	14	41	-8.331383
0	15	63	22.312943
0	15	43	20.261518
0	15	58	19.276684
0	15	14	15.518118
0	15	11	15.406777
0	15	57	13.133268
0	15	32	12.218775
0	15	51	11.761498
0	15	8	11.554152
0	15	30	11.379943
0	15	50	10.886539
0	15	28	10.556370
0	15	22	10.527900
0	15	36	10.477800
0	15	45	10.374190
0	15	25	9.493736
0	15	47	8.670480
0	15	72	7.873457
0	15	26	7.675542
0	15	48	7.094496
0	15	54	6.929232
0	15	56	6.699542
0	15	31	6.556799
0	15	27	6.305902
0	15	35	6.304696
0	15	18	5.117486
0	15	71	2.088498
0	15	64	2.033513
0	15	66	1.971216
0	15	62	0.802993
0	15	16	0.498313
0	15	34	-0.122619
0	15	52	-0.474423
0	15	53	-0.833237
0	15	24	-1.420795
0	15	46	-2.461750
0	15	49	-2.786572
0	15	29	-2.868889
0	15	70	-3.025872
0	15	3	-3.040904
0	15	73	-3.228171
0	15	23	-3.418598
0	15	37	-3.624178
0	15	85	-4.071245
0	15	21	-4.274873
0	15	76	-4.545412
0	15	79	-4.696424
0	15	44	-4.714279
0	15	78	-4.849813
0	15	20	-5.200189
0	15	55	-5.436457
0	15	74	-5.482415
0	15	61	-5.508022
0	15	39	-5.984710
0	15	75	-6.115586
0	15	33	-6.601833
0	15	38	-6.812952
0	15	77	-6.926614
0	15	40	-7.355738
0	15	69	-7.415011
0	15	65	-7.435353
0	15	41	-7.555754
0	15	42	-7.791656
0	16	54	24.023264
0	16	63	22.953474
0	16	58	21.679939
0	16	56	20.228258
0	16	30	19.316774
0	16	25	18.510920
0	16	22	18.084787
0	16	53	16.526524
0	16	51	16.124977
0	16	14	16.087027
0	16	52	15.868895
0	16	26	15.542785
0	16	45	15.399146
0	16	43	15.373518
0	16	32	14.710422
0	16	28	12.376033
0	16	47	11.440691
0	16	50	10.686635
0	16	27	10.271179
0	16	36	9.297403
0	16	35	8.799691
0	16	57	8.271627
0	16	48	7.797818
0	16	66	7.659398
0	16	49	6.810719
0	16	72	6.647275
0	16	31	6.484029
0	16	21	5.824991
0	16	61	3.439939
0	16	34	2.801823
0	16	29	2.512345
0	16	3	2.397963
0	16	85	2.259729
0	16	18	1.676895
0	16	16	1.410899
0	16	8	1.273850
0	16	11	0.271181
0	16	71	0.188058
0	16	73	-0.064390
0	16	20	-0.226888
0	16	70	-0.766002
0	16	75	-1.802354
0	16	62	-2.028283
0	16	74	-2.114111
0	16	39	-2.475688
0	16	77	-2.609924
0	16	55	-3.083539
0	16	76	-3.338259
0	16	79	-3.820173
0	16	42	-4.039680
0	16	44	-4.164119
0	16	78	-4.263277
0	16	69	-4.339478
0	16	33	-4.393055
0	16	38	-4.733877
0	16	64	-4.827475
0	16	37	-4.864197
0	16	41	-5.145020
0	16	46	-5.310512
0	16	24	-5.382227
0	16	40	-5.486533
0	16	23	-5.935858
0	16	65	-6.325477
0	17	63	20.985126
0	17	61	18.031574
0	17	30	15.946953
0	17	51	15.357880
0	17	58	14.222078
0	17	37	11.988579
0	17	43	11.933784
0	17	28	10.321270
0	17	3	8.095420
0	17	42	7.981297
0	17	40	6.050697
0	17	32	5.959689
0	17	46	4.900969
0	17	25	4.887113
0	17	57	4.368782
0	17	38	3.205776
0	17	66	1.879387
0	17	13	1.540976
0	17	67	0.407549
0	17	68	0.010259
0	17	45	-0.738547
0	17	22	-1.624509
0	17	24	-2.057678
0	17	23	-2.253098
0	17	62	-2.518816
0	17	48	-2.745321
0	17	27	-6.076663
0	17	60	-7.162066
0	17	41	-7.212611
0	17	20	-7.340395
0	17	59	-8.386253
0	18	63	21.374250
0	18	42	17.872477
0	18	43	17.569664
0	18	57	12.550902
0	18	18	12.478040
0	18	30	12.316145
0	18	14	12.108116
0	18	28	11.798373
0	18	32	10.405789
0	18	62	6.143592
0	18	31	5.895285
0	18	20	5.203071
0	18	40	1.767195
0	18	13	0.820440
0	18	61	0.485916
0	18	66	-0.756695
0	18	64	-0.912363
0	18	69	-1.591096
0	18	38	-1.807915
0	18	46	-1.911914
0	18	3	-2.596097
0	18	22	-2.706685
0	18	24	-4.136069
0	18	41	-7.386203
0	19	63	17.795319
0	19	43	14.917995
0	19	29	12.621140
0	19	45	9.961713
0	19	51	9.392425
0	19	72	9.155371
0	19	36	8.878601
0	19	46	7.573133
0	19	31	7.297029
0	19	11	6.864805
0	19	58	6.516445
0	19	8	6.187150
0	19	25	5.128980
0	19	27	4.703935
0	19	30	4.519532
0	19	32	4.207361
0	19	66	3.738226
0	19	56	3.625448
0	19	28	2.253139
0	19	34	1.285760
0	19	64	1.195138
0	19	14	1.120424
0	19	26	1.031413
0	19	57	0.668393
0	19	18	-0.208235
0	19	22	-0.408693
0	19	3	-0.739868
0	19	16	-0.858850
0	19	47	-0.956380
0	19	61	-0.999194
0	19	35	-1.230315
0	19	73	-1.230777
0	19	65	-1.391141
0	19	85	-1.399267
0	19	33	-1.936106
0	19	62	-2.217579
0	19	70	-3.027390
0	19	75	-3.300494
0	19	37	-3.585142
0	19	76	-3.915767
0	19	24	-3.931926
0	19	71	-4.376021
0	19	42	-4.487289
0	19	44	-4.832820
0	19	78	-5.060175
0	19	39	-5.064392
0	19	20	-5.093741
0	19	69	-5.150943
0	19	49	-5.541380
0	19	23	-5.784747
0	19	40	-6.183443
0	19	48	-6.421804
0	19	55	-6.448264
0	19	53	-6.451461
0	19	38	-6.617401
0	19	41	-6.990798
0	19	79	-7.026640
0	19	74	-7.046853
0	19	21	-7.192766
0	19	54	-7.216296
0	19	50	-7.356533
0	19	77	-7.443369
0	19	52	-7.493457
0	20	63	22.218340
0	20	43	20.504129
0	20	42	18.039192
0	20	28	16.278143
0	20	32	14.829177
0	20	58	14.248477
0	20	22	13.684411
0	20	51	13.378804
0	20	57	13.318511
0	20	48	11.863034
0	20	66	10.970693
0	20	27	10.820638
0	20	67	10.739319
0	20	13	9.780786
0	20	61	7.816634
0	20	68	7.101017
0	20	25	4.558318
0	20	46	3.895247
0	20	23	2.429443
0	20	45	1.444854
0	20	3	1.400719
0	20	30	0.889840
0	20	20	0.137645
0	20	37	-0.635649
0	20	38	-2.534822
0	20	62	-3.054088
0	20	24	-3.828555
0	20	40	-4.069912
0	20	60	-5.641314
0	20	59	-6.653964
0	20	41	-6.977926
0	21	58	23.356621
0	21	22	21.651421
0	21	63	19.220406
0	21	27	18.954147
0	21	57	18.604959
0	21	72	18.029821
0	21	31	17.653633
0	21	28	17.490850
0	21	40	13.252574
0	21	23	13.048494
0	21	85	11.261642
0	21	45	10.031393
0	21	51	9.868852
0	21	48	9.426328
0	21	61	9.006845
0	21	32	7.189292
0	21	24	6.808761
0	21	70	2.350375
0	21	39	2.270297
0	21	25	1.380922
0	21	43	0.000985
0	21	38	-0.180123
0	21	20	-3.187971
0	21	3	-3.760976
0	21	69	-4.679440
0	21	37	-5.505479
0	21	41	-6.675789
0	22	58	26.059793
0	22	53	24.322155
0	22	54	23.850216
0	22	63	22.862597
0	22	43	21.684429
0	22	26	20.568998
0	22	56	20.515610
0	22	50	19.122610
0	22	51	18.988338
0	22	32	18.863346
0	22	42	18.548307
0	22	52	18.024317
0	22	22	17.886789
0	22	34	17.189692
0	22	14	17.096779
0	22	49	16.510803
0	22	46	15.986269
0	22	28	15.950883
0	22	36	15.537861
0	22	61	14.140329
0	22	18	13.887381
0	22	30	11.230587
0	22	21	11.102811
0	22	47	9.553697
0	22	35	9.493562
0	22	25	8.926730
0	22	66	7.956077
0	22	31	7.587421
0	22	29	7.565036
0	22	11	4.754102
0	22	73	3.866143
0	22	48	3.685507
0	22	27	2.817821
0	22	85	1.535819
0	22	45	1.507860
0	22	16	1.464706
0	22	3	0.909107
0	22	72	0.811698
0	22	71	0.503589
0	22	70	0.401880
0	22	57	0.283423
0	22	37	0.154068
0	22	62	-0.341477
0	22	76	-1.500917
0	22	78	-1.849063
0	22	74	-1.915645
0	22	20	-2.200937
0	22	44	-3.072334
0	22	79	-3.286042
0	22	55	-3.460443
0	22	8	-3.777363
0	22	24	-4.320893
0	22	75	-4.644100
0	22	23	-4.850383
0	22	40	-5.148823
0	22	69	-5.677531
0	22	39	-5.717535
0	22	64	-5.862737
0	22	33	-5.902904
0	22	38	-5.987440
0	22	77	-6.839301
0	22	41	-6.957114
0	22	65	-7.460624
0	23	63	17.588463
0	23	30	16.159531
0	23	29	14.600132
0	23	14	12.683883
0	23	8	11.915570
0	23	43	11.259644
0	23	57	9.637846
0	23	36	8.484696
0	23	25	8.302587
0	23	46	7.721802
0	23	72	7.699051
0	23	3	7.482955
0	23	85	7.152914
0	23	31	7.046571
0	23	56	6.923781
0	23	54	6.825253
0	23	11	6.627288
0	23	62	6.535199
0	23	50	6.453637
0	23	28	6.021719
0	23	45	5.593105
0	23	27	5.471389
0	23	55	4.710237
0	23	58	4.644821
0	23	37	4.323089
0	23	20	4.238059
0	23	22	3.861619
0	23	49	3.713025
0	23	42	2.464286
0	23	51	2.246302
0	23	32	2.224463
0	23	35	1.117152
0	23	16	0.790386
0	23	65	0.057066
0	23	21	-0.090890
0	23	71	-1.156691
0	23	61	-1.263674
0	23	47	-1.701786
0	23	24	-2.057379
0	23	18	-2.095986
0	23	48	-2.629060
0	23	39	-2.821039
0	23	40	-3.623391
0	23	73	-3.832715
0	23	34	-3.944440
0	23	23	-4.402897
0	23	26	-4.553672
0	23	33	-4.945667
0	23	38	-5.211653
0	23	66	-5.886239
0	23	76	-5.923423
0	23	75	-6.114050
0	23	64	-6.170111
0	23	78	-6.241872
0	23	70	-6.488523
0	23	77	-6.506732
0	23	41	-6.676342
0	23	44	-6.743679
0	23	52	-6.770007
0	23	79	-6.782743
0	23	69	-6.894688
0	23	53	-7.529301
0	23	74	-8.330729
0	24	30	23.930342
0	24	23	22.317501
0	24	53	22.074413
0	24	40	21.777092
0	24	54	20.302538
0	24	39	19.968044
0	24	46	18.281118
0	24	38	17.909428
0	24	70	17.768415
0	24	11	17.143879
0	24	49	17.079479
0	24	63	15.962089
0	24	73	15.756705
0	24	58	15.678575
0	24	76	15.625587
0	24	29	14.937119
0	24	44	14.813091
0	24	75	14.606414
0	24	62	14.195389
0	24	78	13.976051
0	24	77	13.053635
0	24	51	12.291337
0	24	64	11.630831
0	24	55	11.540321
0	24	50	11.018702
0	24	14	10.940125
0	24	24	10.664310
0	24	22	10.564466
0	24	57	10.358054
0	24	69	10.147028
0	24	34	9.916417
0	24	36	9.053545
0	24	42	7.266373
0	24	25	6.863606
0	24	43	6.702492
0	24	48	6.117949
0	24	66	5.710190
0	24	61	5.675480
0	24	32	4.606652
0	24	35	4.521260
0	24	26	4.456461
0	24	71	4.387764
0	24	65	4.080248
0	24	18	2.943369
0	24	16	1.525954
0	24	21	1.377894
0	24	33	0.429489
0	24	31	0.132326
0	24	79	0.096042
0	24	3	-0.788904
0	24	47	-0.810299
0	24	52	-1.437784
0	24	28	-2.316786
0	24	37	-2.323811
0	24	27	-3.066992
0	24	8	-5.335539
0	24	72	-5.702639
0	24	20	-5.791494
0	24	41	-6.512934
0	24	85	-6.720407
0	24	45	-6.919922
0	24	56	-7.629014
0	24	74	-8.208562
0	25	63	22.752798
0	25	30	22.057934
0	25	25	21.244635
0	25	43	19.480131
0	25	46	18.329041
0	25	58	17.651566
0	25	32	17.220436
0	25	67	15.661740
0	25	61	14.668286
0	25	45	14.511253
0	25	42	14.219575
0	25	28	14.086699
0	25	51	14.016487
0	25	22	12.221801
0	25	3	10.920754
0	25	57	10.826462
0	25	20	9.532962
0	25	66	8.829581
0	25	13	4.689174
0	25	23	3.528104
0	25	24	0.140604
0	25	62	-0.342869
0	25	27	-0.378118
0	25	37	-0.468862
0	25	48	-2.835634
0	25	68	-3.472661
0	25	40	-3.524795
0	25	60	-4.851725
0	25	38	-5.094389
0	25	59	-5.785104
0	25	41	-6.437490
0	26	11	18.574322
0	26	55	16.770731
0	26	34	16.696859
0	26	63	16.558893
0	26	54	15.777657
0	26	29	15.169868
0	26	30	14.938720
0	26	3	14.560706
0	26	73	12.814333
0	26	39	12.350601
0	26	14	12.226710
0	26	53	11.820640
0	26	66	11.676237
0	26	85	11.628770
0	26	61	11.510705
0	26	49	11.507874
0	26	24	10.776291
0	26	25	10.709889
0	26	71	10.507792
0	26	42	10.295944
0	26	8	10.278540
0	26	57	10.129497
0	26	70	10.044711
0	26	75	9.848915
0	26	58	9.698765
0	26	72	9.570945
0	26	45	8.526587
0	26	35	8.231071
0	26	50	7.903841
0	26	46	7.872729
0	26	22	7.831535
0	26	37	7.579660
0	26	31	7.298032
0	26	74	6.542352
0	26	28	6.005160
0	26	69	4.302993
0	26	65	4.300065
0	26	36	3.436649
0	26	43	3.301380
0	26	76	3.099213
0	26	77	3.046546
0	26	48	2.952094
0	26	27	2.791387
0	26	18	2.645731
0	26	51	2.562541
0	26	23	2.536674
0	26	33	1.347057
0	26	26	-0.149986
0	26	16	-0.433929
0	26	47	-0.655016
0	26	32	-1.144718
0	26	44	-3.482884
0	26	38	-3.588948
0	26	56	-4.403666
0	26	62	-4.578925
0	26	20	-4.641685
0	26	78	-4.884536
0	26	64	-5.087334
0	26	40	-5.381453
0	26	79	-6.063745
0	26	21	-6.937181
0	26	41	-7.297741
0	26	52	-8.265986
0	27	30	24.435602
0	27	54	24.243187
0	27	63	22.384863
0	27	14	21.367836
0	27	58	20.471216
0	27	43	19.225782
0	27	50	18.033005
0	27	22	16.952271
0	27	51	16.045877
0	27	66	14.728378
0	27	26	14.193434
0	27	47	14.104825
0	27	57	13.700658
0	27	21	13.218115
0	27	32	13.037691
0	27	53	12.437535
0	27	56	12.240133
0	27	34	12.153250
0	27	45	9.328494
0	27	25	8.961942
0	27	61	7.497459
0	27	36	7.325588
0	27	8	7.311725
0	27	35	6.447784
0	27	28	6.337488
0	27	29	6.191237
0	27	72	5.948667
0	27	3	5.601255
0	27	48	5.079515
0	27	52	4.233164
0	27	64	4.083899
0	27	55	3.610339
0	27	49	2.760660
0	27	16	2.680850
0	27	27	2.344717
0	27	46	1.906009
0	27	31	1.632346
0	27	73	1.466070
0	27	40	0.305594
0	27	71	-0.206819
0	27	70	-0.256326
0	27	79	-0.306941
0	27	39	-0.577843
0	27	62	-1.185695
0	27	42	-2.108896
0	27	20	-2.275765
0	27	75	-2.357630
0	27	38	-2.589684
0	27	44	-2.677350
0	27	11	-2.953086
0	27	65	-2.976531
0	27	33	-3.282875
0	27	76	-3.305976
0	27	18	-3.647123
0	27	37	-3.684489
0	27	24	-3.738078
0	27	23	-4.301816
0	27	74	-4.820843
0	27	78	-5.158612
0	27	77	-5.384269
0	27	85	-5.733332
0	27	69	-6.438950
0	27	41	-6.893445
0	28	54	23.283445
0	28	58	23.169672
0	28	63	22.927586
0	28	53	20.567032
0	28	43	20.018253
0	28	56	19.816507
0	28	51	19.681686
0	28	30	18.544601
0	28	22	17.738007
0	28	50	17.013075
0	28	28	16.196758
0	28	29	16.129444
0	28	66	14.724336
0	28	57	14.352517
0	28	45	14.228157
0	28	47	14.169879
0	28	37	12.558145
0	28	48	12.124863
0	28	26	11.848219
0	28	14	11.649106
0	28	32	10.280499
0	28	27	8.939033
0	28	52	7.645001
0	28	34	7.577823
0	28	24	7.242250
0	28	8	6.792591
0	28	25	4.910388
0	28	11	4.860120
0	28	21	2.901883
0	28	49	2.806779
0	28	62	2.267113
0	28	61	2.085413
0	28	16	0.777719
0	28	3	0.672370
0	28	73	-0.332890
0	28	31	-0.842050
0	28	44	-1.343691
0	28	64	-1.380731
0	28	35	-1.535383
0	28	72	-1.836604
0	28	71	-2.777514
0	28	70	-3.216792
0	28	75	-3.227020
0	28	76	-3.291186
0	28	18	-3.574647
0	28	79	-3.829649
0	28	33	-4.232427
0	28	20	-4.544846
0	28	69	-4.600393
0	28	39	-4.915957
0	28	36	-4.954811
0	28	46	-4.964939
0	28	78	-5.117323
0	28	74	-5.130903
0	28	42	-5.498029
0	28	23	-5.567015
0	28	38	-5.841215
0	28	65	-5.918389
0	28	77	-5.919710
0	28	40	-5.921643
0	28	85	-6.206969
0	28	41	-6.793374
0	28	55	-7.356425
0	29	75	22.707100
0	29	54	22.284340
0	29	63	22.005138
0	29	43	21.197660
0	29	58	20.443611
0	29	28	19.018768
0	29	30	19.012859
0	29	56	18.630281
0	29	72	17.927364
0	29	25	17.473204
0	29	48	17.043594
0	29	22	16.964190
0	29	47	16.795221
0	29	50	16.695887
0	29	14	16.655603
0	29	85	16.460724
0	29	57	16.028145
0	29	31	15.921422
0	29	52	14.798258
0	29	27	14.740767
0	29	34	14.501428
0	29	66	14.122673
0	29	8	13.734591
0	29	53	13.499805
0	29	26	12.320662
0	29	45	12.144176
0	29	32	11.489625
0	29	51	9.159752
0	29	36	6.257780
0	29	71	6.207143
0	29	29	5.785759
0	29	62	5.453919
0	29	70	5.203975
0	29	73	4.729112
0	29	20	4.406184
0	29	11	3.776282
0	29	21	3.353880
0	29	74	3.061919
0	29	79	2.668751
0	29	18	2.614248
0	29	49	2.173073
0	29	24	1.272337
0	29	35	0.889979
0	29	3	0.791150
0	29	16	0.495900
0	29	78	-0.059868
0	29	37	-0.415493
0	29	61	-1.253971
0	29	44	-1.440020
0	29	55	-2.360254
0	29	76	-2.368587
0	29	23	-2.892681
0	29	65	-3.096683
0	29	38	-3.496644
0	29	64	-3.515831
0	29	69	-3.815761
0	29	39	-4.513867
0	29	40	-5.376443
0	29	46	-5.462968
0	29	77	-5.774460
0	29	33	-5.885911
0	29	42	-6.621325
0	29	41	-7.369760
0	30	30	23.492270
0	30	63	20.963644
0	30	14	19.889563
0	30	72	19.387772
0	30	45	19.280491
0	30	57	17.699793
0	30	51	17.087685
0	30	36	16.739491
0	30	48	16.063339
0	30	66	16.046846
0	30	71	15.808122
0	30	34	15.573742
0	30	31	15.536696
0	30	27	14.284585
0	30	54	12.729701
0	30	22	12.280999
0	30	50	11.221929
0	30	43	10.910291
0	30	58	10.395844
0	30	61	9.928783
0	30	64	9.456797
0	30	3	9.019540
0	30	8	7.416001
0	30	79	4.516070
0	30	74	3.723293
0	30	28	3.409601
0	30	29	3.059448
0	30	85	1.423363
0	30	73	0.478198
0	30	16	0.417523
0	30	62	0.132336
0	30	35	0.061761
0	30	56	0.056933
0	30	37	-0.716837
0	30	46	-0.780887
0	30	23	-1.179844
0	30	26	-1.220878
0	30	75	-1.224387
0	30	70	-1.298720
0	30	18	-1.805039
0	30	24	-1.931242
0	30	25	-2.220990
0	30	76	-2.469206
0	30	47	-2.996379
0	30	49	-3.126373
0	30	40	-3.336081
0	30	21	-3.347362
0	30	53	-3.594799
0	30	39	-3.627635
0	30	52	-3.628393
0	30	55	-3.954939
0	30	65	-4.052083
0	30	11	-4.442326
0	30	44	-4.480348
0	30	41	-4.651708
0	30	38	-4.751896
0	30	69	-5.024004
0	30	32	-5.202963
0	30	20	-5.251664
0	30	33	-5.327257
0	30	77	-6.033825
0	30	42	-6.062368
0	30	78	-6.351895
0	31	30	23.746897
0	31	62	22.041283
0	31	64	21.985867
0	31	63	20.902027
0	31	44	19.611004
0	31	43	19.304245
0	31	37	18.931471
0	31	14	18.360804
0	31	58	17.038477
0	31	70	16.764330
0	31	54	16.312490
0	31	72	16.091558
0	31	50	14.909626
0	31	24	14.501737
0	31	57	14.159801
0	31	48	14.159505
0	31	78	14.097546
0	31	11	13.967129
0	31	55	13.413612
0	31	42	13.382171
0	31	25	13.151085
0	31	28	12.269239
0	31	36	11.540438
0	31	66	11.513523
0	31	39	11.431790
0	31	3	11.249200
0	31	32	11.028713
0	31	8	10.963581
0	31	31	10.697143
0	31	51	10.468572
0	31	45	10.197648
0	31	47	10.197197
0	31	35	9.833348
0	31	20	9.652749
0	31	27	8.151146
0	31	75	7.950971
0	31	85	7.528077
0	31	65	7.258056
0	31	22	5.840582
0	31	34	5.374876
0	31	73	4.720389
0	31	18	4.698132
0	31	21	4.642650
0	31	41	4.272197
0	31	71	4.183522
0	31	76	3.615994
0	31	52	3.404317
0	31	40	2.706901
0	31	23	2.253808
0	31	26	1.612560
0	31	79	1.435262
0	31	16	0.984586
0	31	53	0.914019
0	31	56	0.146318
0	31	61	-0.214513
0	31	38	-0.807265
0	31	46	-2.186915
0	31	49	-2.553016
0	31	74	-4.539456
0	31	69	-4.674634
0	31	33	-4.825171
0	31	29	-5.251107
0	31	77	-5.575288
0	32	63	15.959118
0	32	11	15.510282
0	32	14	15.008394
0	32	50	14.828843
0	32	8	14.317684
0	32	55	12.195638
0	32	62	12.047999
0	32	72	10.320374
0	32	30	9.326631
0	32	54	7.740512
0	32	45	6.967205
0	32	77	5.554519
0	32	22	3.894410
0	32	46	3.757754
0	32	43	3.011371
0	32	28	2.845109
0	32	65	2.638855
0	32	16	2.522077
0	32	58	1.213032
0	32	27	0.317023
0	32	64	-0.094952
0	32	33	-0.104997
0	32	73	-0.222644
0	32	70	-0.317407
0	32	57	-0.500336
0	32	85	-0.958743
0	32	56	-1.730828
0	32	20	-1.794399
0	32	47	-1.834103
0	32	66	-2.026129
0	32	51	-2.110076
0	32	61	-2.842736
0	32	24	-2.865607
0	32	69	-2.957956
0	32	34	-3.114324
0	32	48	-3.139137
0	32	35	-3.255542
0	32	76	-3.374755
0	32	36	-3.416868
0	32	37	-3.588356
0	32	39	-3.865413
0	32	44	-3.886809
0	32	31	-3.975929
0	32	29	-3.991507
0	32	21	-4.055980
0	32	3	-4.432305
0	32	25	-4.435295
0	32	75	-4.577401
0	32	32	-4.626571
0	32	38	-4.937151
0	32	78	-5.665420
0	32	18	-5.693345
0	32	49	-5.829151
0	32	53	-5.983548
0	32	23	-6.016084
0	32	40	-6.032193
0	32	42	-6.090237
0	32	71	-6.304943
0	32	26	-6.540923
0	32	79	-6.618512
0	32	52	-7.814680
0	32	41	-7.820169
0	32	74	-7.850694
0	33	14	19.431284
0	33	22	19.064959
0	33	63	18.966513
0	33	58	16.995260
0	33	29	16.197374
0	33	8	16.032284
0	33	3	13.052703
0	33	51	12.203700
0	33	45	12.082884
0	33	57	12.027078
0	33	27	11.271999
0	33	43	10.982305
0	33	66	10.686207
0	33	26	10.024720
0	33	61	9.168069
0	33	54	8.574152
0	33	31	8.325748
0	33	36	7.452423
0	33	34	4.018558
0	33	30	2.920930
0	33	18	2.581981
0	33	85	2.024416
0	33	16	0.537275
0	33	46	-0.022961
0	33	50	-0.391548
0	33	47	-0.462883
0	33	42	-0.854317
0	33	11	-1.129434
0	33	48	-1.226442
0	33	73	-2.171930
0	33	49	-2.331677
0	33	72	-2.634592
0	33	21	-3.395505
0	33	28	-3.889700
0	33	37	-3.959692
0	33	64	-4.192099
0	33	56	-4.231231
0	33	53	-4.477798
0	33	52	-4.528028
0	33	25	-4.635673
0	33	71	-4.825710
0	33	76	-4.857260
0	33	70	-5.174641
0	33	20	-5.774052
0	33	35	-6.184584
0	33	24	-6.192613
0	33	23	-6.318102
0	33	38	-6.372936
0	33	55	-6.509227
0	33	33	-6.574123
0	33	40	-6.841399
0	33	74	-6.887366
0	33	62	-6.923625
0	33	32	-7.053019
0	33	41	-7.103962
0	33	78	-7.168070
0	33	65	-7.211488
0	33	39	-7.230155
0	33	44	-7.613876
0	33	75	-7.796050
0	33	77	-7.817013
0	33	69	-8.126863
0	33	79	-8.269475
0	34	63	20.675997
0	34	14	17.216879
0	34	58	13.978254
0	34	57	13.202166
0	34	42	13.081864
0	34	51	12.780069
0	34	61	11.593125
0	34	66	11.056506
0	34	25	9.792970
0	34	31	9.279634
0	34	18	9.031621
0	34	38	8.424425
0	34	24	7.552705
0	34	46	6.787725
0	34	37	6.702946
0	34	84	6.430452
0	34	83	6.367389
0	34	30	5.345188
0	34	40	4.994795
0	34	62	4.951052
0	34	65	4.437246
0	34	53	3.664239
0	34	32	3.275688
0	34	69	3.183226
0	34	22	2.954731
0	34	81	2.475490
0	34	43	2.452795
0	34	3	1.332241
0	34	23	0.360967
0	34	28	0.201727
0	34	26	-0.068138
0	34	48	-0.678477
0	34	82	-1.403240
0	34	27	-2.241264
0	34	20	-2.734557
0	34	56	-3.861047
0	34	47	-4.153343
0	34	80	-4.495152
0	34	21	-4.949301
0	34	52	-5.184165
0	34	41	-5.961582
0	35	11	19.539318
0	35	46	17.900845
0	35	30	17.446169
0	35	42	16.303743
0	35	63	15.262109
0	35	14	12.509421
0	35	33	11.527780
0	35	43	10.770954
0	35	51	10.483577
0	35	61	10.391665
0	35	22	9.293344
0	35	72	8.985202
0	35	50	8.619459
0	35	29	8.429749
0	35	76	7.660232
0	35	58	7.630614
0	35	70	7.102658
0	35	28	6.966010
0	35	31	5.591585
0	35	57	5.216764
0	35	25	4.595081
0	35	49	4.048775
0	35	32	3.989108
0	35	34	3.768073
0	35	71	1.320413
0	35	73	0.890648
0	35	16	0.468226
0	35	66	0.405878
0	35	47	-0.000642
0	35	23	-0.119771
0	35	55	-0.227697
0	35	39	-0.369969
0	35	3	-1.009404
0	35	44	-1.324132
0	35	35	-1.403272
0	35	74	-1.707492
0	35	26	-2.407697
0	35	27	-2.481950
0	35	62	-2.956951
0	35	24	-3.137535
0	35	78	-3.523574
0	35	65	-3.799642
0	35	56	-3.944711
0	35	85	-4.263376
0	35	69	-4.446860
0	35	75	-4.522585
0	35	8	-4.948738
0	35	48	-5.501711
0	35	38	-5.692290
0	35	53	-6.166702
0	35	18	-6.172823
0	35	45	-6.306710
0	35	36	-6.466670
0	35	20	-6.520102
0	35	77	-6.825102
0	35	54	-6.992029
0	35	40	-7.168023
0	35	64	-7.193661
0	35	37	-7.371044
0	35	41	-7.500018
0	35	21	-7.683537
0	35	79	-7.951424
0	35	52	-8.544627
0	36	63	18.399145
0	36	25	17.888975
0	36	57	17.762880
0	36	54	17.522892
0	36	30	17.273071
0	36	11	16.625988
0	36	48	14.816191
0	36	31	14.006989
0	36	28	13.786366
0	36	43	13.438623
0	36	72	13.202299
0	36	51	13.171863
0	36	20	12.485672
0	36	47	11.979000
0	36	27	11.408865
0	36	37	11.069396
0	36	58	10.816679
0	36	34	10.626223
0	36	14	10.613104
0	36	21	10.385615
0	36	32	10.020597
0	36	53	8.622996
0	36	71	8.408025
0	36	62	7.746968
0	36	26	6.710566
0	36	78	6.106947
0	36	73	5.883139
0	36	70	5.879532
0	36	18	5.852654
0	36	52	5.830653
0	36	49	5.763195
0	36	50	5.480546
0	36	77	4.793665
0	36	8	4.531593
0	36	85	3.818466
0	36	38	3.340849
0	36	79	2.896598
0	36	61	2.183995
0	36	16	1.827407
0	36	22	1.400427
0	36	3	1.079465
0	36	46	0.875107
0	36	55	0.620758
0	36	36	0.555210
0	36	44	0.135787
0	36	23	0.117965
0	36	69	-0.149956
0	36	76	-0.170385
0	36	45	-0.924028
0	36	75	-1.131717
0	36	35	-1.611351
0	36	66	-1.771665
0	36	64	-1.790199
0	36	24	-1.825176
0	36	65	-2.725107
0	36	42	-2.888214
0	36	39	-3.621542
0	36	40	-3.798044
0	36	56	-3.899101
0	36	74	-4.519130
0	36	33	-6.154978
0	36	29	-6.973872
0	36	41	-7.390316
0	37	30	21.979271
0	37	63	20.615156
0	37	43	18.888550
0	37	58	18.885851
0	37	14	17.699514
0	37	51	17.467333
0	37	54	16.196230
0	37	72	15.115521
0	37	21	13.432849
0	37	36	12.520205
0	37	28	11.805388
0	37	24	11.801681
0	37	18	10.696063
0	37	57	10.571455
0	37	64	9.793247
0	37	31	9.576124
0	37	35	8.740157
0	37	25	8.350910
0	37	47	8.184677
0	37	26	6.854276
0	37	20	6.348568
0	37	3	5.580642
0	37	22	5.073726
0	37	45	5.069521
0	37	48	4.915809
0	37	27	4.409331
0	37	50	4.055480
0	37	71	3.961705
0	37	32	3.785807
0	37	73	3.597784
0	37	29	3.476930
0	37	61	3.296494
0	37	34	2.695052
0	37	52	1.191414
0	37	16	1.104212
0	37	70	0.882301
0	37	66	0.736819
0	37	49	0.127170
0	37	56	-0.110661
0	37	62	-0.284103
0	37	8	-1.180071
0	37	37	-1.386722
0	37	23	-1.587715
0	37	53	-1.999828
0	37	46	-2.055966
0	37	39	-2.168731
0	37	42	-2.401113
0	37	33	-2.589175
0	37	74	-2.785027
0	37	69	-3.226750
0	37	11	-3.753768
0	37	78	-4.200681
0	37	76	-4.221441
0	37	44	-4.414829
0	37	65	-4.577533
0	37	40	-4.968964
0	37	75	-5.398244
0	37	79	-5.504597
0	37	85	-5.765886
0	37	38	-5.893442
0	37	77	-6.148861
0	37	41	-6.749009
0	37	55	-7.518260
0	38	54	21.701811
0	38	21	21.309429
0	38	63	20.249950
0	38	48	19.337215
0	38	3	18.731930
0	38	30	18.369629
0	38	47	18.253788
0	38	31	17.716993
0	38	57	16.946701
0	38	43	16.727634
0	38	45	16.589146
0	38	28	16.034975
0	38	25	15.304625
0	38	58	15.169314
0	38	20	14.678665
0	38	72	14.678508
0	38	18	14.398800
0	38	8	14.037368
0	38	62	13.546479
0	38	14	12.337983
0	38	32	11.714931
0	38	27	11.624962
0	38	85	11.086580
0	38	51	10.784408
0	38	35	10.677838
0	38	74	8.555500
0	38	11	7.873011
0	38	36	7.175621
0	38	71	6.472417
0	38	37	4.616997
0	38	55	3.565202
0	38	78	3.057690
0	38	50	2.769311
0	38	16	2.588156
0	38	73	2.373538
0	38	34	2.106827
0	38	22	1.776353
0	38	70	0.822952
0	38	46	0.101244
0	38	79	-0.628193
0	38	23	-1.096704
0	38	24	-1.414407
0	38	75	-1.475718
0	38	76	-1.824052
0	38	66	-1.891863
0	38	53	-1.948384
0	38	42	-1.998220
0	38	69	-2.016438
0	38	44	-2.091394
0	38	49	-2.233946
0	38	61	-2.380006
0	38	39	-3.866324
0	38	33	-4.297650
0	38	64	-4.455472
0	38	38	-5.700773
0	38	52	-5.730220
0	38	56	-5.944300
0	38	26	-5.994352
0	38	40	-5.995267
0	38	29	-6.007327
0	38	65	-6.075891
0	38	77	-6.571821
0	38	41	-7.361686
0	39	63	20.695772
0	39	62	19.977072
0	39	43	17.238892
0	39	14	14.644401
0	39	58	14.598743
0	39	8	14.122303
0	39	30	13.779307
0	39	72	13.342664
0	39	65	12.783879
0	39	57	12.732022
0	39	45	12.181875
0	39	64	12.087166
0	39	11	12.059947
0	39	36	11.412543
0	39	51	6.940667
0	39	85	6.701337
0	39	44	6.329567
0	39	22	6.098493
0	39	61	4.286302
0	39	70	4.134459
0	39	40	3.999515
0	39	73	3.530315
0	39	16	3.423286
0	39	18	3.113347
0	39	41	2.947807
0	39	55	2.823363
0	39	35	2.489504
0	39	24	2.447752
0	39	39	1.790407
0	39	31	1.537140
0	39	47	1.245966
0	39	50	1.188679
0	39	46	1.165023
0	39	42	0.710403
0	39	29	0.424902
0	39	34	0.187531
0	39	76	-0.114579
0	39	71	-0.142265
0	39	27	-0.158591
0	39	78	-0.511189
0	39	32	-0.788075
0	39	66	-0.802196
0	39	20	-0.812657
0	39	49	-0.821104
0	39	54	-0.858805
0	39	48	-0.869254
0	39	37	-1.141060
0	39	3	-1.427825
0	39	23	-1.454606
0	39	53	-1.493278
0	39	69	-1.919946
0	39	79	-1.963543
0	39	75	-2.423083
0	39	38	-2.475558
0	39	77	-2.707617
0	39	25	-2.857167
0	39	28	-3.339105
0	39	26	-3.784852
0	39	33	-3.963989
0	39	74	-4.045778
0	39	56	-5.092542
0	39	21	-5.721110
0	39	52	-6.579533
0	40	63	19.528931
0	40	51	18.926601
0	40	83	16.488783
0	40	53	16.086147
0	40	56	15.296241
0	40	22	13.590704
0	40	58	13.546185
0	40	30	12.937941
0	40	43	11.317180
0	40	46	11.127135
0	40	26	10.310261
0	40	32	8.855021
0	40	52	6.976125
0	40	42	6.494299
0	40	14	6.363628
0	40	66	5.495977
0	40	37	4.175483
0	40	62	3.263734
0	40	57	3.107814
0	40	61	2.731326
0	40	27	2.051131
0	40	84	1.648353
0	40	40	0.558322
0	40	47	0.194408
0	40	18	-0.040108
0	40	23	-0.727362
0	40	25	-0.983398
0	40	38	-2.124868
0	40	3	-2.510697
0	40	24	-2.589081
0	40	69	-2.804349
0	40	28	-2.829479
0	40	48	-3.551301
0	40	20	-3.901835
0	40	31	-4.093982
0	40	21	-4.361365
0	40	82	-4.728184
0	40	81	-4.740353
0	40	80	-5.056508
0	40	41	-5.088914
0	40	65	-5.197314
0	41	63	23.953163
0	41	84	23.642946
0	41	83	23.538578
0	41	58	23.279024
0	41	30	23.265352
0	41	43	22.666195
0	41	25	22.156345
0	41	56	21.301579
0	41	47	21.268826
0	41	53	20.873943
0	41	22	18.007067
0	41	51	16.654160
0	41	21	16.422693
0	41	32	16.351250
0	41	46	14.895961
0	41	28	14.793216
0	41	26	12.958222
0	41	52	11.989341
0	41	31	10.834852
0	41	61	10.819821
0	41	48	9.314402
0	41	14	8.283911
0	41	20	6.614507
0	41	24	1.137328
0	41	42	0.872462
0	41	62	0.070983
0	41	27	0.058501
0	41	3	-0.184193
0	41	57	-0.331158
0	41	66	-0.725846
0	41	37	-0.917386
0	41	38	-1.325532
0	41	40	-2.011143
0	41	18	-2.517186
0	41	23	-2.517202
0	41	80	-2.718915
0	41	41	-4.218853
0	41	65	-4.542037
0	41	81	-4.911183
0	41	82	-5.063523
0	41	69	-5.306009
0	42	63	22.098919
0	42	56	20.554602
0	42	43	19.879547
0	42	14	19.587637
0	42	54	19.289358
0	42	30	19.189686
0	42	58	18.000172
0	42	25	17.198023
0	42	22	15.579988
0	42	28	14.716960
0	42	66	14.603192
0	42	47	14.417588
0	42	51	14.230810
0	42	48	13.739407
0	42	50	13.075623
0	42	34	13.067505
0	42	52	12.981221
0	42	21	11.718697
0	42	32	11.588850
0	42	26	11.411175
0	42	53	10.408404
0	42	35	9.100989
0	42	29	8.675926
0	42	20	8.454116
0	42	36	8.140306
0	42	45	7.495355
0	42	70	7.348859
0	42	78	6.014206
0	42	3	5.447272
0	42	18	5.325795
0	42	72	3.416940
0	42	16	3.031919
0	42	46	2.240226
0	42	73	1.834433
0	42	61	1.542197
0	42	49	1.158778
0	42	40	1.050643
0	42	38	0.936014
0	42	11	0.236242
0	42	8	-0.317916
0	42	24	-0.352446
0	42	64	-0.521123
0	42	37	-0.894554
0	42	23	-1.039075
0	42	31	-1.527191
0	42	62	-1.895788
0	42	57	-1.994209
0	42	76	-2.106926
0	42	79	-2.229479
0	42	27	-2.293595
0	42	42	-2.305006
0	42	65	-3.030415
0	42	39	-3.605304
0	42	77	-3.864174
0	42	55	-4.265722
0	42	69	-4.821027
0	42	44	-4.879380
0	42	33	-5.132124
0	42	85	-5.240285
0	42	71	-5.247639
0	42	75	-5.576449
0	42	41	-5.794213
0	42	74	-7.863563
0	43	63	23.120668
0	43	108	23.079510
0	43	15	22.055408
0	43	94	19.577560
0	43	90	19.137028
0	43	14	18.965960
0	43	92	18.705944
0	43	105	18.313524
0	43	99	17.964081
0	43	95	17.866903
0	43	87	17.723766
0	43	89	17.189878
0	43	11	15.021050
0	43	58	12.740954
0	43	61	11.906254
0	43	86	11.645577
0	43	88	10.951922
0	43	3	10.375210
0	43	93	4.501058
0	43	13	4.489385
0	43	26	1.935988
0	43	91	1.357520
0	43	103	-0.890905
0	43	106	-1.084645
0	43	8	-1.406869
0	43	17	-2.199019
0	43	100	-2.988837
0	43	69	-3.768867
0	43	98	-4.105509
0	43	85	-4.862591
0	43	109	-5.329512
0	43	52	-6.005523
0	43	97	-6.160847
0	43	18	-6.170372
0	43	110	-6.356632
0	43	107	-6.755898
0	43	96	-7.342852
0	44	93	23.483252
0	44	11	21.775536
0	44	108	20.466824
0	44	90	20.032778
0	44	95	18.996572
0	44	63	17.812990
0	44	58	14.453720
0	44	110	12.934058
0	44	100	12.887456
0	44	97	12.770043
0	44	15	11.936126
0	44	86	11.660020
0	44	14	11.187549
0	44	89	9.924292
0	44	98	7.910942
0	44	8	7.794590
0	44	18	7.730579
0	44	52	6.867184
0	44	91	6.511580
0	44	92	6.436869
0	44	26	4.815251
0	44	85	4.395001
0	44	13	4.297400
0	44	88	3.823942
0	44	107	2.775082
0	44	99	2.281925
0	44	87	1.754683
0	44	103	1.560961
0	44	94	-1.839080
0	44	96	-1.864648
0	44	17	-2.052405
0	44	3	-3.082490
0	44	69	-3.092909
0	44	106	-3.487312
0	44	61	-4.204511
0	44	109	-5.713145
0	44	105	-7.151938
0	45	101	22.878647
0	45	86	20.749981
0	45	95	19.630114
0	45	63	18.083666
0	45	90	16.952665
0	45	99	16.947891
0	45	3	12.022260
0	45	14	10.499283
0	45	61	10.030715
0	45	18	8.661134
0	45	15	7.530081
0	45	58	7.287712
0	45	102	5.714066
0	45	69	5.425749
0	45	89	4.072532
0	45	88	2.857410
0	45	26	1.358405
0	45	97	-0.284586
0	45	52	-1.646304
0	45	103	-2.730667
0	45	104	-2.964710
0	45	8	-5.377036
0	45	91	-6.633565
0	45	85	-6.736444
0	45	107	-7.072956
0	45	100	-7.083075
0	46	89	21.682302
0	46	93	21.532600
0	46	15	19.555779
0	46	95	19.233507
0	46	90	17.753004
0	46	63	17.603184
0	46	14	13.767755
0	46	58	13.197351
0	46	87	12.148099
0	46	18	10.821480
0	46	86	8.821762
0	46	94	6.212287
0	46	26	3.263565
0	46	105	1.404408
0	46	3	-0.705065
0	46	61	-0.832973
0	46	69	-0.892993
0	46	99	-1.591331
0	46	107	-2.651471
0	46	88	-3.950552
0	46	91	-4.089443
0	46	106	-4.476194
0	46	97	-5.009617
0	46	8	-6.079835
0	46	85	-6.503175
0	46	52	-6.815558
0	46	98	-7.177544
1	47	15	36.261902
1	47	63	33.311378
1	47	89	33.158798
1	47	8	32.075649
1	47	92	31.720602
1	47	61	31.061884
1	47	108	30.128613
1	47	58	28.337614
1	47	88	26.855579
1	47	87	26.297607
1	47	90	24.525309
1	47	52	20.859272
1	47	106	19.701815
1	47	26	19.519405
1	47	3	16.054514
1	47	86	15.030149
1	47	105	14.639679
1	47	14	14.594046
1	47	91	13.408199
1	47	98	9.678517
1	47	94	9.547417
1	47	13	8.420924
1	47	100	7.505068
1	47	110	7.149325
1	47	95	5.667157
1	47	97	4.497471
1	47	103	4.313452
1	47	18	3.466252
1	47	17	2.891415
1	47	96	2.662543
1	47	93	1.441201
1	47	109	-0.613425
1	47	85	-1.728631
1	47	99	-4.037823
1	47	69	-4.042658
1	47	107	-4.106945
1	47	11	-5.726899
1	48	15	36.527496
1	48	90	35.377121
1	48	91	32.124962
1	48	108	32.004047
1	48	95	31.153919
1	48	93	29.857143
1	48	18	28.943947
1	48	89	28.816557
1	48	63	27.757956
1	48	69	27.023726
1	48	92	26.519131
1	48	61	26.399818
1	48	87	24.848024
1	48	86	24.677259
1	48	106	23.576099
1	48	11	22.148367
1	48	3	21.425684
1	48	85	21.315956
1	48	8	21.292446
1	48	88	19.405134
1	48	103	18.864199
1	48	94	18.321892
1	48	14	18.141794
1	48	97	17.727076
1	48	26	16.866163
1	48	13	16.798491
1	48	105	15.117851
1	48	52	11.583777
1	48	109	8.182645
1	48	98	8.082538
1	48	110	7.832423
1	48	58	6.133786
1	48	100	5.853070
1	48	17	1.583623
1	48	107	-0.378142
1	48	99	-1.915612
1	48	96	-3.669906
1	49	15	31.100452
1	49	93	29.268394
1	49	91	28.618349
1	49	63	27.268425
1	49	86	26.246475
1	49	95	25.619505
1	49	89	25.390436
1	49	92	25.337622
1	49	69	24.520317
1	49	90	23.523251
1	49	11	23.389597
1	49	58	20.525673
1	49	87	20.474140
1	49	18	17.741220
1	49	8	16.087170
1	49	3	15.820298
1	49	88	15.393085
1	49	52	10.484834
1	49	98	9.046047
1	49	108	7.730499
1	49	26	7.001501
1	49	109	6.975495
1	49	14	6.173819
1	49	105	6.081977
1	49	17	5.886493
1	49	100	5.374857
1	49	61	4.716523
1	49	110	4.099835
1	49	97	3.850725
1	49	106	3.703116
1	49	13	3.156937
1	49	103	1.155462
1	49	107	0.886847
1	49	94	-1.126810
1	49	96	-1.478140
1	49	85	-2.964163
1	49	99	-5.928579
1	50	96	36.684986
1	50	15	36.606640
1	50	95	36.134438
1	50	89	35.512211
1	50	93	33.504353
1	50	92	29.649395
1	50	108	29.202406
1	50	94	28.525267
1	50	58	27.770206
1	50	90	27.564098
1	50	106	27.283293
1	50	87	27.140285
1	50	63	25.774158
1	50	97	25.292110
1	50	61	25.066393
1	50	88	23.649900
1	50	11	22.658072
1	50	91	18.830240
1	50	99	18.604576
1	50	86	16.905638
1	50	14	14.002375
1	50	105	13.554378
1	50	69	12.450549
1	50	110	11.256399
1	50	18	9.254271
1	50	109	7.052328
1	50	26	6.785452
1	50	3	6.780462
1	50	100	5.940067
1	50	13	-0.065512
1	50	52	-0.642985
1	50	17	-0.762963
1	50	103	-1.101690
1	50	98	-2.839421
1	50	8	-3.144913
1	50	107	-5.468745
1	50	85	-6.092543
1	51	15	37.319740
1	51	8	33.656197
1	51	94	31.062698
1	51	93	28.300087
1	51	63	28.237028
1	51	58	28.159302
1	51	96	27.904169
1	51	108	25.890802
1	51	98	25.659452
1	51	92	24.302359
1	51	91	23.922464
1	51	103	23.510612
1	51	90	23.285767
1	51	95	22.450947
1	51	86	21.721043
1	51	14	19.758537
1	51	87	18.923096
1	51	100	17.794216
1	51	106	16.693176
1	51	18	15.732770
1	51	89	13.784444
1	51	13	13.415697
1	51	11	12.594007
1	51	110	11.847330
1	51	3	7.954072
1	51	109	7.774700
1	51	26	7.413281
1	51	105	7.146987
1	51	17	4.586774
1	51	88	4.186419
1	51	97	0.570910
1	51	52	0.192303
1	51	85	0.007467
1	51	61	-2.483902
1	51	69	-3.288035
1	51	99	-3.313257
1	51	107	-3.553840
1	52	90	34.080643
1	52	15	32.595554
1	52	52	29.791710
1	52	91	28.462234
1	52	95	26.405838
1	52	63	25.528173
1	52	69	24.935125
1	52	89	23.469212
1	52	26	22.480257
1	52	58	22.281986
1	52	93	17.537064
1	52	92	16.229414
1	52	85	9.460052
1	52	88	9.348842
1	52	86	8.154964
1	52	8	5.348983
1	52	107	2.960167
1	52	103	2.220166
1	52	100	2.001281
1	52	110	1.376204
1	52	96	1.287968
1	52	13	1.078996
1	52	18	1.006259
1	52	3	0.909141
1	52	98	0.554866
1	52	106	0.229576
1	52	94	-0.600537
1	52	17	-1.511972
1	52	99	-1.604751
1	52	14	-1.943125
1	52	61	-2.639233
1	52	108	-2.748993
1	52	11	-3.205793
1	52	105	-3.777969
1	52	109	-4.241547
1	52	97	-4.513748
1	52	87	-4.874404
1	53	96	35.273705
1	53	15	34.839725
1	53	90	32.105545
1	53	95	29.338350
1	53	8	29.092220
1	53	63	28.957422
1	53	108	28.955143
1	53	94	28.741989
1	53	92	28.069332
1	53	91	26.491182
1	53	98	26.451656
1	53	103	26.011587
1	53	110	22.368410
1	53	14	21.350809
1	53	93	21.224125
1	53	100	20.544680
1	53	87	20.403267
1	53	106	18.366096
1	53	52	17.841276
1	53	88	17.690582
1	53	86	16.792387
1	53	18	15.163258
1	53	58	14.567774
1	53	17	13.562696
1	53	89	13.417995
1	53	13	13.268056
1	53	97	12.464752
1	53	3	11.404281
1	53	99	11.081948
1	53	105	7.444888
1	53	109	5.689259
1	53	107	0.160633
1	53	85	-0.610019
1	53	69	-2.584502
1	53	11	-2.624766
1	53	26	-3.369974
1	53	61	-4.332405
1	54	3	18.072628
1	54	8	7.113998
1	54	111	6.235164
1	54	7	1.546268
1	54	16	0.620367
1	54	11	-3.040582
1	54	13	-3.913431
1	54	14	-3.924436
1	54	17	-4.328578
1	54	18	-6.429265
1	55	111	33.382351
1	55	18	28.339867
1	55	13	26.329952
1	55	17	25.745409
1	55	16	19.536337
1	55	8	18.039886
1	55	14	14.255351
1	55	7	-3.723706
1	55	3	-4.318585
1	55	11	-4.505057
1	56	111	25.860197
1	56	7	25.406027
1	56	11	24.105766
1	56	18	23.287771
1	56	17	13.543779
1	56	3	7.906187
1	56	13	6.950508
1	56	14	6.703855
1	56	8	-4.383982
1	56	16	-6.518848
1	57	8	28.925875
1	57	14	25.846046
1	57	3	20.089626
1	57	13	12.279409
1	57	18	8.845373
1	57	7	7.743711
1	57	111	4.085123
1	57	17	2.431333
1	57	16	0.907865
1	57	11	-3.605041
1	58	7	28.639565
1	58	11	23.795332
1	58	18	22.682783
1	58	111	19.377035
1	58	14	15.633668
1	58	3	13.782349
1	58	13	3.400077
1	58	8	2.028718
1	58	16	-1.901441
1	58	17	-3.790968
1	59	14	32.861897
1	59	8	27.106482
1	59	13	15.238592
1	59	3	14.377206
1	59	18	14.301809
1	59	11	13.814070
1	59	111	7.052120
1	59	7	1.899927
1	59	17	-1.845502
1	59	16	-3.281235
1	60	8	33.287693
1	60	14	30.368462
1	60	18	19.912956
1	60	13	15.348969
1	60	7	10.002966
1	60	111	8.926995
1	60	17	6.103309
1	60	11	3.708535
1	60	3	1.370565
1	60	16	-2.237814
1	61	18	25.486099
1	61	14	24.457838
1	61	11	24.049322
1	61	3	19.882595
1	61	13	13.268497
1	61	8	6.887262
1	61	17	-2.286479
1	61	16	-6.414548
1	62	111	35.521542
1	62	8	33.221531
1	62	7	30.600330
1	62	14	25.251585
1	62	3	9.954188
1	62	18	0.774879
1	62	13	0.518224
1	62	17	0.167195
1	62	11	-2.864927
1	62	16	-4.780033
1	63	8	28.751387
1	63	14	19.829042
1	63	18	16.649380
1	63	13	13.844725
1	63	3	13.001079
1	63	111	11.971529
1	63	7	1.860738
1	63	16	-3.529541
1	63	11	-3.980414
1	63	17	-4.187515
1	64	18	23.971348
1	64	13	19.266706
1	64	14	17.562937
1	64	3	17.101406
1	64	8	14.709961
1	64	16	11.165874
1	64	17	11.116734
1	64	111	9.985947
1	64	11	5.400648
1	64	7	3.320457
1	65	8	35.289440
1	65	14	29.800863
1	65	114	27.747692
1	65	18	27.328108
1	65	115	26.752928
1	65	112	26.738495
1	65	118	25.680094
1	65	13	24.922159
1	65	16	24.440706
1	65	113	22.815636
1	65	17	22.746944
1	65	63	21.654114
1	65	119	20.583559
1	65	125	16.336721
1	65	122	13.269778
1	65	3	10.963283
1	65	116	10.869695
1	65	58	3.023114
1	65	126	2.979124
1	65	51	0.737671
1	65	61	0.235625
1	65	117	-2.420124
1	65	127	-4.002645
1	65	46	-7.444756
1	65	123	-8.031123
1	66	123	36.225574
1	66	125	35.878738
1	66	121	34.076130
1	66	124	33.239056
1	66	46	31.011057
1	66	117	30.825632
1	66	63	28.196396
1	66	114	25.914434
1	66	112	25.793079
1	66	127	25.677349
1	66	51	24.577366
1	66	122	20.869816
1	66	61	12.968187
1	66	120	12.014455
1	66	11	9.858610
1	66	58	8.877176
1	66	18	7.817168
1	66	109	7.702371
1	66	8	4.506607
1	66	3	2.204197
1	66	115	-0.109053
1	66	14	-1.036815
1	66	126	-2.838766
1	66	17	-3.129965
1	66	116	-3.170615
1	66	119	-3.817753
1	66	16	-7.702165
1	66	113	-8.431334
1	67	117	38.019726
1	67	123	34.523289
1	67	46	33.927940
1	67	127	33.787025
1	67	114	31.455402
1	67	122	30.389513
1	67	125	29.440649
1	67	118	29.323755
1	67	116	27.590914
1	67	18	25.753061
1	67	113	21.508207
1	67	61	19.702663
1	67	119	19.398884
1	67	112	18.922533
1	67	63	18.311136
1	67	13	15.906713
1	67	3	14.436975
1	67	14	14.056960
1	67	126	12.809200
1	67	8	1.713473
1	67	115	-0.603920
1	67	51	-1.986477
1	67	17	-5.388873
1	67	16	-8.406890
1	67	58	-8.935626
1	68	7	24.073221
1	68	11	6.106088
1	68	111	3.847218
1	68	16	3.054190
1	68	14	0.574357
1	68	8	-0.670988
1	68	18	-0.699299
1	68	13	-2.367537
1	68	3	-3.179042
1	68	17	-4.257728
1	69	14	24.016321
1	69	18	21.379173
1	69	13	10.426797
1	69	8	5.814261
1	69	3	5.577392
1	69	7	4.183198
1	69	111	4.089344
1	69	17	-0.994603
1	69	11	-4.394833
1	69	16	-4.769847
1	70	8	32.233521
1	70	14	27.326515
1	70	3	12.423143
1	70	18	10.284702
1	70	7	9.310567
1	70	13	7.372455
1	70	111	4.685461
1	70	17	3.893199
1	70	11	-0.545988
1	70	16	-1.464098
1	71	135	37.220978
1	71	143	35.130577
1	71	141	34.995682
1	71	138	34.964405
1	71	129	34.889542
1	71	8	33.842251
1	71	136	33.721653
1	71	137	33.617813
1	71	142	33.563015
1	71	130	32.540371
1	71	131	31.998480
1	71	134	31.886082
1	71	132	31.533951
1	71	128	31.089643
1	71	139	30.854464
1	71	144	30.512646
1	71	140	27.869253
1	71	160	26.091629
1	71	14	25.893286
1	71	296	20.712967
1	71	18	19.981510
1	71	133	15.187440
1	71	3	8.517159
1	71	298	7.594768
1	71	17	0.302965
1	71	297	0.133968
1	71	145	-9.382685
1	72	137	32.238255
1	72	128	29.530960
1	72	14	21.601198
1	72	145	18.503365
1	72	18	14.009139
1	72	8	13.340648
1	72	11	12.224383
1	72	132	10.069908
1	72	160	3.874095
1	72	13	1.082687
1	72	3	0.923931
1	72	7	0.073164
1	72	147	-0.862868
1	72	17	-1.111000
1	72	16	-2.595164
1	72	111	-3.413568
1	72	146	-5.154850
1	73	153	36.691074
1	73	158	36.501076
1	73	152	35.579571
1	73	150	35.017818
1	73	163	34.633080
1	73	157	34.354340
1	73	151	34.204426
1	73	132	31.734772
1	73	159	31.469896
1	73	137	30.285318
1	73	154	29.959515
1	73	156	27.070570
1	73	168	20.810921
1	73	161	20.328823
1	73	11	18.166409
1	73	149	17.390625
1	73	8	15.542596
1	73	148	14.095491
1	73	169	12.901772
1	73	162	9.956036
1	73	146	6.859285
1	73	160	6.024466
1	73	13	5.970828
1	73	155	3.049355
1	73	14	1.195852
1	73	170	0.244414
1	73	147	-0.527698
1	73	3	-0.674122
1	73	17	-1.774665
1	73	18	-2.176103
1	73	16	-5.238937
1	73	145	-9.111702
1	74	150	34.969158
1	74	152	34.704628
1	74	157	34.184822
1	74	153	33.553474
1	74	158	33.377232
1	74	151	32.489357
1	74	163	30.794851
1	74	132	30.609432
1	74	159	30.487806
1	74	154	27.449682
1	74	137	27.144911
1	74	161	25.728527
1	74	11	21.988796
1	74	14	17.983776
1	74	156	17.086164
1	74	148	15.664827
1	74	160	14.260183
1	74	8	10.544616
1	74	162	9.933784
1	74	18	7.840078
1	74	155	6.534806
1	74	13	5.972364
1	74	17	4.075552
1	74	147	4.044097
1	74	3	2.725402
1	74	168	0.996816
1	74	149	0.106003
1	74	170	-0.304807
1	74	169	-0.315196
1	74	16	-3.173665
1	74	146	-4.033611
1	74	145	-7.802502
1	75	164	28.800982
1	75	165	28.712269
1	75	128	26.548759
1	75	166	26.381950
1	75	14	25.286947
1	75	137	25.136726
1	75	167	23.901375
1	75	147	20.948498
1	75	132	19.987095
1	75	11	19.889555
1	75	171	16.200872
1	75	13	15.799532
1	75	18	13.846916
1	75	8	13.691833
1	75	146	8.943391
1	75	17	1.183444
1	75	3	-3.239222
1	75	160	-4.842114
1	75	16	-6.208217
1	75	145	-9.725705
1	76	150	36.099884
1	76	152	35.501846
1	76	151	34.613083
1	76	153	33.632706
1	76	159	33.294815
1	76	163	33.061012
1	76	157	33.058464
1	76	137	32.772552
1	76	154	32.401260
1	76	148	26.872530
1	76	161	25.363495
1	76	156	24.051079
1	76	158	22.339262
1	76	162	17.042252
1	76	8	16.218876
1	76	168	14.021696
1	76	170	11.984255
1	76	147	11.581938
1	76	13	11.469532
1	76	132	7.761891
1	76	160	3.304181
1	76	155	0.568130
1	76	146	-0.638862
1	76	169	-1.948645
1	76	149	-2.296374
1	76	17	-2.543278
1	76	14	-4.722785
1	76	11	-5.402998
1	76	18	-5.617634
1	76	16	-6.154507
1	76	3	-7.090099
1	76	145	-8.197816
1	77	164	30.269119
1	77	137	28.095716
1	77	128	27.793118
1	77	166	27.786104
1	77	18	26.916832
1	77	8	26.087515
1	77	132	23.750929
1	77	171	22.657162
1	77	146	22.096504
1	77	165	21.681145
1	77	13	20.766558
1	77	14	20.756477
1	77	147	19.959143
1	77	160	18.178497
1	77	145	17.802652
1	77	17	17.077080
1	77	3	14.951276
1	77	11	7.169046
1	77	167	6.818007
1	77	16	6.323834
1	78	158	36.144981
1	78	151	35.911694
1	78	153	35.437862
1	78	152	35.021343
1	78	150	34.947361
1	78	159	33.915375
1	78	163	33.757233
1	78	154	33.628967
1	78	157	32.998047
1	78	137	32.361027
1	78	132	29.510386
1	78	168	28.710768
1	78	161	26.630419
1	78	11	13.923512
1	78	155	12.731061
1	78	14	10.755404
1	78	162	9.064071
1	78	149	8.066630
1	78	13	7.105442
1	78	3	6.789990
1	78	169	5.774520
1	78	170	4.772250
1	78	18	4.182354
1	78	148	2.813179
1	78	146	-0.670518
1	78	17	-0.875950
1	78	147	-1.473505
1	78	156	-2.303382
1	78	160	-2.911440
1	78	8	-3.558006
1	78	16	-5.471654
1	78	145	-9.744142
1	79	158	35.949394
1	79	157	35.624214
1	79	150	35.096863
1	79	152	35.064034
1	79	151	33.980267
1	79	153	33.923100
1	79	163	32.519138
1	79	159	32.295589
1	79	137	32.121128
1	79	154	30.635305
1	79	132	30.575861
1	79	156	26.239759
1	79	168	25.527576
1	79	11	23.729158
1	79	161	23.102587
1	79	149	20.533449
1	79	169	19.517824
1	79	147	16.380136
1	79	155	16.239096
1	79	162	11.779099
1	79	148	11.480190
1	79	14	10.508417
1	79	18	9.784060
1	79	8	8.311830
1	79	170	8.215291
1	79	146	7.537858
1	79	13	7.354772
1	79	3	3.762938
1	79	160	1.666314
1	79	17	0.261897
1	79	16	-4.557833
1	79	145	-6.688778
1	80	165	30.251978
1	80	167	30.001978
1	80	164	29.722609
1	80	166	27.645752
1	80	132	27.346306
1	80	171	26.129814
1	80	128	23.996264
1	80	137	20.273399
1	80	146	18.681488
1	80	11	15.539784
1	80	13	3.027768
1	80	18	2.023438
1	80	14	0.157354
1	80	17	0.026844
1	80	3	-0.307914
1	80	147	-0.367909
1	80	8	-5.190260
1	80	160	-6.542887
1	80	16	-7.067017
1	80	145	-9.507360
1	81	137	30.696850
1	81	177	28.793930
1	81	179	28.743135
1	81	132	27.420090
1	81	180	27.402430
1	81	174	26.512806
1	81	175	26.275404
1	81	184	26.219786
1	81	185	25.897942
1	81	173	25.648209
1	81	299	25.559822
1	81	8	23.001637
1	81	181	22.284342
1	81	176	21.265680
1	81	182	21.036615
1	81	183	20.629375
1	81	160	20.334122
1	81	186	20.021894
1	81	172	19.550085
1	81	13	17.525835
1	81	18	16.888670
1	81	14	11.644647
1	81	178	9.565395
1	81	17	5.626024
1	81	3	-0.229183
1	81	145	-4.524909
1	82	165	25.117189
1	82	166	18.603823
1	82	164	18.275707
1	82	145	17.521347
1	82	128	17.346159
1	82	132	16.978523
1	82	11	16.373468
1	82	167	14.806087
1	82	3	7.336620
1	82	18	6.954844
1	82	13	5.589940
1	82	137	5.230606
1	82	14	4.890273
1	82	147	-1.578894
1	82	146	-2.286896
1	82	17	-2.656751
1	82	8	-4.831923
1	82	160	-5.174708
1	82	171	-5.349826
1	82	16	-7.720323
1	83	167	31.534107
1	83	165	31.293785
1	83	164	29.601938
1	83	166	28.959166
1	83	132	28.327530
1	83	137	26.732092
1	83	171	26.187368
1	83	128	24.370935
1	83	147	21.593294
1	83	8	18.024750
1	83	14	15.235278
1	83	13	8.799058
1	83	18	4.863039
1	83	146	4.739778
1	83	11	4.579140
1	83	17	-1.047752
1	83	160	-1.482197
1	83	16	-7.082956
1	83	3	-7.374700
1	83	145	-9.088584
1	84	14	30.490393
1	84	137	29.881136
1	84	132	24.929094
1	84	128	18.706039
1	84	11	7.548851
1	84	3	7.286366
1	84	111	3.870469
1	84	160	3.357326
1	84	8	2.968897
1	84	147	2.143229
1	84	17	-0.498897
1	84	13	-0.820975
1	84	7	-1.172848
1	84	18	-1.687813
1	84	146	-3.645651
1	84	16	-4.211742
1	84	145	-7.193826
1	85	157	34.541119
1	85	158	29.658241
1	85	156	29.376644
1	85	160	27.266924
1	85	155	25.620556
1	85	8	24.797651
1	85	137	21.808384
1	85	161	21.156860
1	85	14	19.961346
1	85	159	16.475348
1	85	18	16.200022
1	85	168	15.331409
1	85	153	14.767431
1	85	147	13.715993
1	85	163	13.271919
1	85	11	11.263887
1	85	13	8.491382
1	85	3	7.138632
1	85	17	5.786638
1	85	151	5.470944
1	85	150	4.594330
1	85	148	4.487839
1	85	152	3.848088
1	85	132	3.230692
1	85	145	0.940744
1	85	169	0.406977
1	85	162	0.125544
1	85	154	-0.111556
1	85	149	-0.524226
1	85	170	-1.425765
1	85	16	-3.218164
1	85	146	-5.019035
1	86	167	32.414097
1	86	165	32.030045
1	86	166	29.834198
1	86	171	29.262262
1	86	128	28.495779
1	86	132	28.483896
1	86	164	26.010134
1	86	137	25.881525
1	86	146	17.522623
1	86	14	16.804087
1	86	13	7.126846
1	86	3	7.017930
1	86	11	-0.439842
1	86	147	-0.442333
1	86	18	-2.946746
1	86	8	-4.589224
1	86	160	-4.689432
1	86	17	-4.696842
1	86	16	-7.401021
1	86	145	-10.711318
1	87	150	33.237122
1	87	152	33.112045
1	87	158	33.020943
1	87	137	32.001720
1	87	153	31.507666
1	87	163	31.019312
1	87	157	30.778431
1	87	151	30.100269
1	87	168	29.415871
1	87	159	28.662354
1	87	161	26.339298
1	87	156	25.032049
1	87	11	23.751881
1	87	154	23.737362
1	87	132	21.431189
1	87	155	19.847145
1	87	8	19.566460
1	87	14	18.680809
1	87	149	12.942515
1	87	18	12.380159
1	87	13	11.793406
1	87	170	11.031528
1	87	162	10.762953
1	87	148	9.091183
1	87	147	8.600972
1	87	169	7.286404
1	87	160	6.510230
1	87	17	-0.041583
1	87	3	-0.785101
1	87	146	-1.798385
1	87	16	-4.784534
1	87	145	-9.272181
1	88	150	36.381893
1	88	152	35.391853
1	88	158	34.817829
1	88	153	34.585243
1	88	151	34.412285
1	88	154	33.599247
1	88	163	33.379326
1	88	159	33.223701
1	88	137	33.038174
1	88	157	32.665741
1	88	132	29.743670
1	88	161	28.005318
1	88	168	25.366817
1	88	148	24.571260
1	88	156	23.703045
1	88	162	18.787502
1	88	13	14.250024
1	88	149	13.942246
1	88	147	12.336957
1	88	170	11.582653
1	88	169	11.068176
1	88	11	6.521579
1	88	146	5.407400
1	88	18	0.506817
1	88	8	-0.060123
1	88	14	-0.144890
1	88	16	-2.813612
1	88	160	-3.239327
1	88	17	-3.973142
1	88	155	-4.097342
1	88	3	-5.166777
1	88	145	-6.440801
1	89	137	30.834972
1	89	128	28.547731
1	89	181	28.361765
1	89	11	25.032799
1	89	8	24.603640
1	89	174	20.862410
1	89	7	16.291718
1	89	18	14.863560
1	89	14	13.588899
1	89	13	12.911690
1	89	3	10.655066
1	89	147	8.921104
1	89	132	8.022580
1	89	111	4.801968
1	89	160	-0.830649
1	89	17	-0.944331
1	89	146	-2.157131
1	89	16	-3.084472
1	89	145	-8.981516
1	90	137	34.230606
1	90	128	34.108669
1	90	132	31.427197
1	90	181	31.051571
1	90	174	25.775875
1	90	11	18.925579
1	90	111	17.923820
1	90	146	17.289881
1	90	14	16.590506
1	90	7	16.034727
1	90	13	12.196830
1	90	147	8.711698
1	90	18	7.426022
1	90	3	5.297849
1	90	8	-1.117470
1	90	17	-1.689604
1	90	160	-3.916821
1	90	16	-4.911933
1	90	145	-5.991745
1	91	128	30.406910
1	91	132	27.837687
1	91	137	27.377762
1	91	146	24.084772
1	91	13	17.416180
1	91	18	17.316011
1	91	11	14.445706
1	91	14	1.088291
1	91	147	-1.032891
1	91	17	-4.688266
1	91	3	-5.446010
1	91	8	-5.790976
1	91	160	-6.060997
1	91	16	-6.266643
1	91	145	-9.730730
1	92	163	34.027740
1	92	150	33.527046
1	92	158	32.968369
1	92	156	32.806625
1	92	152	32.701527
1	92	153	32.631466
1	92	151	32.195805
1	92	137	32.161583
1	92	132	31.049917
1	92	159	30.846001
1	92	154	30.779594
1	92	157	29.946630
1	92	170	25.381552
1	92	149	23.347603
1	92	8	23.145380
1	92	160	22.982504
1	92	161	22.964371
1	92	148	21.912094
1	92	168	21.788887
1	92	169	21.736115
1	92	18	20.236006
1	92	147	19.461210
1	92	14	19.198883
1	92	17	18.628843
1	92	162	16.602758
1	92	13	14.760824
1	92	11	12.196515
1	92	155	10.769899
1	92	146	7.649407
1	92	16	-1.181174
1	92	3	-2.356522
1	92	145	-7.128848
2	93	137	41.956398
2	93	128	35.998196
2	93	111	32.488342
2	93	7	28.349058
2	93	132	19.850571
2	93	11	16.562557
2	93	3	7.286727
2	93	146	6.270738
2	93	160	-0.746737
2	93	18	-1.337510
2	93	13	-1.571427
2	93	147	-3.708046
2	93	14	-4.766494
2	93	17	-6.875185
2	93	16	-7.305485
2	93	8	-7.914043
2	93	145	-16.128820
2	94	116	32.821751
2	94	188	30.908506
2	94	14	26.552586
2	94	189	26.440102
2	94	196	22.167740
2	94	113	21.608227
2	94	192	20.895153
2	94	200	20.043835
2	94	203	18.633966
2	94	193	18.423624
2	94	99	17.810986
2	94	63	17.780113
2	94	8	17.097416
2	94	206	15.888176
2	94	205	15.282942
2	94	15	15.006137
2	94	18	14.890352
2	94	210	12.679467
2	94	51	12.444019
2	94	3	11.373616
2	94	209	10.805994
2	94	190	10.722397
2	94	126	10.462249
2	94	202	7.635795
2	94	122	6.483747
2	94	13	6.369132
2	94	204	4.566372
2	94	191	4.261207
2	94	187	4.185821
2	94	194	3.897939
2	94	195	3.767237
2	94	109	2.206951
2	94	17	-3.320738
2	94	201	-3.649303
2	94	197	-3.672356
2	94	16	-4.504425
2	94	217	-6.361625
2	94	212	-7.443650
2	94	208	-7.952888
2	94	207	-8.082770
2	94	199	-11.546066
2	94	198	-14.795217
2	95	198	39.960854
2	95	199	32.170246
2	95	15	29.851578
2	95	189	29.667974
2	95	8	25.819916
2	95	196	25.519194
2	95	190	24.143305
2	95	188	23.968151
2	95	197	23.869156
2	95	195	20.868814
2	95	116	20.814207
2	95	13	20.648966
2	95	200	13.137600
2	95	194	12.725956
2	95	203	10.595710
2	95	193	9.175141
2	95	209	8.943727
2	95	206	7.395687
2	95	122	6.427084
2	95	201	5.437053
2	95	204	3.908458
2	95	191	2.635043
2	95	18	2.600953
2	95	217	2.067659
2	95	187	1.840744
2	95	63	1.811961
2	95	14	1.654636
2	95	109	0.100551
2	95	205	-0.073657
2	95	126	-0.577584
2	95	17	-1.527155
2	95	16	-2.901603
2	95	202	-3.438309
2	95	3	-4.991820
2	95	210	-5.089083
2	95	99	-5.224083
2	95	113	-5.355947
2	95	208	-5.727489
2	95	207	-5.809575
2	95	51	-7.355377
2	95	192	-10.907882
2	95	212	-13.719871
2	96	116	34.322712
2	96	188	32.184647
2	96	63	32.031483
2	96	15	30.747747
2	96	203	28.696211
2	96	193	27.964792
2	96	14	26.167528
2	96	202	26.129541
2	96	198	24.766350
2	96	122	23.581512
2	96	8	23.391272
2	96	201	21.675030
2	96	192	20.242304
2	96	51	19.321802
2	96	200	18.267204
2	96	99	16.517765
2	96	113	16.164391
2	96	3	15.839385
2	96	187	15.449324
2	96	18	13.862532
2	96	205	10.647640
2	96	194	10.246575
2	96	126	8.523465
2	96	16	7.976234
2	96	190	7.021091
2	96	199	6.365194
2	96	210	5.242414
2	96	206	4.476478
2	96	204	3.294477
2	96	189	3.123220
2	96	109	2.217944
2	96	197	1.213985
2	96	13	0.389095
2	96	212	0.302904
2	96	196	-0.313949
2	96	207	-2.752973
2	96	217	-3.400670
2	96	195	-4.081425
2	96	208	-6.322989
2	96	209	-6.765158
2	96	191	-9.436396
2	96	17	-10.283736
2	97	63	37.405769
2	97	190	30.992472
2	97	200	29.599573
2	97	15	27.903769
2	97	207	26.089903
2	97	206	24.878433
2	97	99	21.693523
2	97	51	21.247797
2	97	116	18.642681
2	97	192	17.466366
2	97	3	17.020475
2	97	188	16.353064
2	97	14	11.423867
2	97	13	8.860713
2	97	203	5.788864
2	97	8	4.527588
2	97	122	4.273737
2	97	113	2.116553
2	97	196	1.429620
2	97	202	1.068467
2	97	191	-0.823414
2	97	16	-2.670553
2	97	109	-2.722525
2	97	193	-2.870077
2	97	187	-3.499158
2	97	126	-4.395505
2	97	18	-4.906488
2	97	189	-5.028910
2	97	17	-5.324434
2	97	199	-6.426171
2	97	197	-6.873783
2	97	204	-7.222820
2	97	217	-8.739334
2	97	201	-9.700707
2	97	194	-9.948439
2	97	198	-10.456076
2	97	208	-11.260019
2	97	195	-11.746948
2	97	209	-11.788978
2	97	205	-13.880863
2	97	212	-13.925397
2	97	210	-14.754424
2	98	190	36.188042
2	98	196	35.023533
2	98	15	34.259602
2	98	200	34.225460
2	98	202	34.098110
2	98	8	32.880573
2	98	206	32.598133
2	98	193	31.218138
2	98	192	29.377605
2	98	189	27.342279
2	98	199	27.177652
2	98	198	26.611944
2	98	203	26.327696
2	98	116	26.278275
2	98	201	26.200621
2	98	17	24.362776
2	98	109	22.946213
2	98	204	22.864708
2	98	63	22.274696
2	98	99	21.942810
2	98	197	21.228930
2	98	113	19.518017
2	98	18	16.605408
2	98	3	16.219002
2	98	51	15.418189
2	98	13	14.336434
2	98	195	13.712811
2	98	188	13.004138
2	98	14	10.558275
2	98	209	9.809601
2	98	122	3.706726
2	98	16	2.779122
2	98	194	2.686629
2	98	210	2.302945
2	98	126	2.174228
2	98	205	1.815400
2	98	212	1.340245
2	98	187	-1.248609
2	98	207	-4.320679
2	98	191	-6.771866
2	98	217	-9.661713
2	98	208	-11.556284
2	99	15	35.615009
2	99	211	29.264215
2	99	3	24.917286
2	99	206	22.551857
2	99	200	19.223803
2	99	196	18.248343
2	99	63	16.973356
2	99	51	15.527449
2	99	192	15.086070
2	99	99	7.995184
2	99	190	6.973578
2	99	202	6.612223
2	99	203	5.102504
2	99	194	3.106553
2	99	191	1.591210
2	99	18	0.405044
2	99	113	-0.046243
2	99	16	-1.315065
2	99	201	-1.868371
2	99	204	-2.119263
2	99	126	-3.187132
2	99	188	-3.529789
2	99	189	-4.846869
2	99	217	-4.929949
2	99	8	-5.078146
2	99	197	-5.124928
2	99	13	-5.362301
2	99	207	-6.273271
2	99	195	-6.375514
2	99	198	-6.666870
2	99	209	-7.798624
2	99	122	-8.168983
2	99	109	-8.821279
2	99	116	-8.912840
2	99	199	-8.942132
2	99	212	-9.669590
2	99	14	-10.161644
2	99	210	-12.621398
2	99	205	-12.735723
2	99	193	-13.834817
2	100	211	39.678635
2	100	15	37.611893
2	100	192	35.234478
2	100	113	33.633076
2	100	63	33.361103
2	100	51	32.144569
2	100	99	31.461256
2	100	8	22.806740
2	100	3	22.725138
2	100	206	20.764189
2	100	200	20.022980
2	100	202	19.918976
2	100	203	17.133532
2	100	190	15.746570
2	100	201	13.743057
2	100	14	12.445600
2	100	109	9.464221
2	100	16	5.799577
2	100	116	2.951701
2	100	191	0.352981
2	100	18	-1.217282
2	100	217	-1.991416
2	100	126	-2.435702
2	100	196	-2.809039
2	100	13	-4.146037
2	100	194	-4.938090
2	100	188	-5.027635
2	100	212	-6.093010
2	100	189	-8.814606
2	100	204	-8.970270
2	100	207	-9.608384
2	100	122	-11.137037
2	100	199	-11.164395
2	100	193	-12.080775
2	100	198	-13.174088
2	100	209	-13.616945
2	100	195	-13.625017
2	100	210	-15.595267
2	100	205	-15.608903
2	100	197	-15.754766
2	101	200	41.618355
2	101	215	38.050064
2	101	216	37.977726
2	101	214	37.941517
2	101	63	37.444016
2	101	213	36.998539
2	101	15	36.905342
2	101	113	29.180826
2	101	51	26.081882
2	101	99	25.822216
2	101	14	21.847158
2	101	116	14.010946
2	101	190	10.124725
2	101	206	9.543823
2	101	188	6.903990
2	101	109	6.890223
2	101	3	5.965731
2	101	18	2.445256
2	101	193	0.469140
2	101	196	-3.306531
2	101	16	-4.982566
2	101	210	-5.894742
2	101	194	-6.456503
2	101	207	-10.772059
2	101	212	-11.675798
2	101	201	-12.068200
2	101	199	-12.343885
2	101	198	-16.132675
2	102	15	41.789719
2	102	198	40.384422
2	102	207	37.146816
2	102	199	33.677513
2	102	194	32.002483
2	102	193	30.701345
2	102	63	30.084177
2	102	188	29.690168
2	102	201	28.229624
2	102	217	26.384121
2	102	3	21.651241
2	102	18	20.819880
2	102	99	19.694378
2	102	200	19.639736
2	102	210	17.181965
2	102	116	15.114167
2	102	187	14.957612
2	102	122	13.615541
2	102	203	11.821946
2	102	206	9.719686
2	102	126	9.280864
2	102	51	8.252378
2	102	190	5.382529
2	102	113	2.316923
2	102	204	0.906039
2	102	197	0.738637
2	102	16	-2.898711
2	102	8	-3.578455
2	102	192	-4.275146
2	102	189	-4.782155
2	102	196	-5.794860
2	102	191	-7.359499
2	102	14	-7.557547
2	102	202	-8.240781
2	102	109	-8.564868
2	102	13	-9.020231
2	102	17	-11.057297
2	102	209	-11.105409
2	102	195	-11.396047
2	102	208	-11.752555
2	102	205	-13.865134
2	102	212	-14.651753
2	103	211	38.619320
2	103	200	38.451920
2	103	113	28.885788
2	103	15	28.109018
2	103	63	27.409897
2	103	99	23.856184
2	103	193	20.275385
2	103	3	18.609236
2	103	51	18.186022
2	103	206	17.885986
2	103	196	16.482225
2	103	210	13.053642
2	103	192	12.386202
2	103	203	12.306028
2	103	201	12.265139
2	103	116	11.063875
2	103	109	10.975114
2	103	18	10.395453
2	103	14	10.255052
2	103	188	9.627851
2	103	189	3.544373
2	103	122	3.108828
2	103	194	1.754905
2	103	191	1.572126
2	103	202	1.261833
2	103	16	0.987332
2	103	126	0.290863
2	103	190	0.265687
2	103	217	-2.335993
2	103	8	-3.674863
2	103	204	-4.218874
2	103	13	-6.308426
2	103	198	-7.469448
2	103	207	-8.128298
2	103	205	-9.253973
2	103	209	-9.867101
2	103	195	-10.364192
2	103	212	-10.853703
2	103	199	-14.141191
2	103	197	-14.408997
2	104	188	32.083202
2	104	116	31.480352
2	104	63	30.370665
2	104	15	30.329916
2	104	192	29.461779
2	104	190	28.854725
2	104	99	28.228559
2	104	199	25.079842
2	104	14	24.753748
2	104	193	23.713593
2	104	3	20.713680
2	104	51	17.413092
2	104	200	16.979935
2	104	202	12.200528
2	104	113	11.977806
2	104	203	9.517447
2	104	206	9.314905
2	104	194	5.468753
2	104	197	3.664724
2	104	122	1.847992
2	104	18	1.140372
2	104	126	0.432926
2	104	13	-0.738981
2	104	8	-1.792541
2	104	109	-2.446321
2	104	191	-3.545464
2	104	187	-4.250804
2	104	17	-5.422273
2	104	217	-5.705183
2	104	16	-6.143836
2	104	189	-7.759986
2	104	207	-8.330649
2	104	208	-9.218905
2	104	195	-10.601396
2	104	204	-10.807641
2	104	196	-10.914833
2	104	209	-11.194708
2	104	201	-12.685542
2	104	210	-13.382716
2	104	212	-13.858140
2	104	205	-14.232344
2	104	198	-15.552359
2	105	15	35.681736
2	105	199	35.018982
2	105	192	34.051964
2	105	193	33.064415
2	105	194	32.229961
2	105	188	30.324287
2	105	198	30.150013
2	105	206	29.539154
2	105	200	27.362080
2	105	202	27.285286
2	105	116	27.211525
2	105	196	25.806822
2	105	197	25.307974
2	105	189	22.247913
2	105	212	21.754625
2	105	99	21.660828
2	105	113	21.652325
2	105	210	20.305752
2	105	203	18.881121
2	105	190	17.898748
2	105	18	16.202366
2	105	3	13.759862
2	105	13	12.962435
2	105	14	12.305396
2	105	109	12.271729
2	105	63	11.169477
2	105	51	9.057823
2	105	187	8.829783
2	105	122	8.050784
2	105	126	7.576756
2	105	8	6.368394
2	105	204	5.565575
2	105	201	4.910325
2	105	209	1.260447
2	105	195	0.779566
2	105	16	-1.706428
2	105	208	-6.629923
2	105	191	-6.645089
2	105	17	-7.818001
2	105	217	-8.098957
2	105	207	-9.774898
2	105	205	-12.246591
2	106	188	31.440289
2	106	15	27.922966
2	106	192	22.346161
2	106	203	20.304924
2	106	194	18.892859
2	106	63	17.742968
2	106	193	17.072281
2	106	113	17.030153
2	106	99	16.752081
2	106	126	16.405174
2	106	14	15.732679
2	106	200	13.287187
2	106	51	7.653506
2	106	206	6.520059
2	106	197	4.593093
2	106	8	4.492314
2	106	116	4.289908
2	106	202	3.700999
2	106	187	3.214507
2	106	3	2.496847
2	106	109	2.485127
2	106	212	2.209745
2	106	190	0.308630
2	106	196	-1.176967
2	106	189	-3.631982
2	106	199	-4.421993
2	106	16	-6.141380
2	106	201	-7.211568
2	106	17	-9.103786
2	106	191	-9.148901
2	106	18	-9.833055
2	106	210	-9.846494
2	106	207	-10.028275
2	106	217	-10.118017
2	106	204	-10.718067
2	106	13	-11.349964
2	106	208	-11.687310
2	106	122	-11.895649
2	106	205	-12.724545
2	106	198	-13.747658
2	106	195	-14.938732
2	106	209	-15.656122
2	107	196	34.732418
2	107	199	34.644455
2	107	198	32.194782
2	107	201	29.750645
2	107	195	28.164322
2	107	99	26.471125
2	107	202	19.625338
2	107	189	18.375000
2	107	63	17.328634
2	107	192	15.574289
2	107	200	14.151737
2	107	3	13.924967
2	107	51	13.166992
2	107	204	11.002099
2	107	193	10.826221
2	107	208	7.564495
2	107	206	5.502820
2	107	197	4.356224
2	107	11	3.476969
2	107	194	1.750293
2	107	113	0.637296
2	107	190	-0.610015
2	107	15	-1.268435
2	107	207	-5.068238
2	107	18	-6.531737
2	107	209	-7.615115
2	107	116	-9.032099
2	108	211	43.373726
2	108	192	37.694687
2	108	194	28.533180
2	108	206	27.889257
2	108	51	26.800455
2	108	3	26.560673
2	108	63	23.329742
2	108	99	22.847681
2	108	200	21.190702
2	108	15	20.495373
2	108	113	19.154488
2	108	202	17.007250
2	108	109	16.790022
2	108	212	16.553730
2	108	203	15.011474
2	108	196	14.702512
2	108	195	14.199543
2	108	190	13.880410
2	108	14	10.596295
2	108	116	9.032112
2	108	126	6.650186
2	108	8	6.574589
2	108	188	2.116614
2	108	209	2.077667
2	108	189	1.479496
2	108	122	0.705508
2	108	13	0.359426
2	108	18	0.064841
2	108	191	-0.391443
2	108	16	-0.689924
2	108	204	-1.238995
2	108	207	-3.790598
2	108	201	-4.787423
2	108	217	-6.177060
2	108	193	-8.180060
2	108	197	-8.336115
2	108	199	-9.306446
2	108	205	-10.562513
2	108	198	-10.748847
2	108	210	-11.524215
2	109	15	43.969959
2	109	211	38.007675
2	109	63	37.849953
2	109	192	36.217297
2	109	51	31.581873
2	109	3	29.682735
2	109	113	28.220732
2	109	116	26.148821
2	109	200	25.917114
2	109	99	23.545637
2	109	206	22.488781
2	109	203	15.426467
2	109	202	14.133036
2	109	18	8.870671
2	109	8	7.508400
2	109	193	4.943072
2	109	217	4.185492
2	109	14	2.742108
2	109	191	2.491506
2	109	16	1.686576
2	109	196	1.628256
2	109	126	-1.420008
2	109	190	-3.048752
2	109	189	-5.793097
2	109	13	-6.887010
2	109	122	-7.784044
2	109	194	-8.203424
2	109	109	-8.338840
2	109	188	-8.829299
2	109	204	-9.317492
2	109	207	-9.919020
2	109	209	-10.751538
2	109	201	-11.582197
2	109	195	-12.138577
2	109	212	-13.940282
2	109	210	-14.230543
2	109	198	-14.845140
2	109	205	-15.512017
2	109	199	-15.683485
2	109	197	-16.203060
2	110	211	42.730007
2	110	192	32.939770
2	110	200	30.126522
2	110	63	28.672846
2	110	99	26.688595
2	110	51	25.227211
2	110	3	24.807671
2	110	206	23.075813
2	110	198	21.766062
2	110	15	20.210819
2	110	202	18.498720
2	110	190	15.802116
2	110	113	14.455747
2	110	203	12.852525
2	110	201	10.262520
2	110	194	10.154494
2	110	196	5.086954
2	110	191	5.072470
2	110	109	3.768847
2	110	126	3.729904
2	110	212	0.811895
2	110	18	0.052272
2	110	8	-0.934300
2	110	217	-2.673863
2	110	16	-2.924820
2	110	116	-4.058650
2	110	14	-5.310926
2	110	188	-5.408120
2	110	204	-7.392957
2	110	199	-7.891816
2	110	189	-7.997584
2	110	122	-8.226043
2	110	13	-9.020899
2	110	207	-9.644890
2	110	210	-11.191000
2	110	209	-11.611842
2	110	195	-11.889154
2	110	197	-12.087591
2	110	205	-12.509744
2	110	193	-13.666751
2	111	54	42.694790
2	111	218	34.812679
2	111	300	29.969416
2	111	206	27.485901
2	111	200	26.350750
2	111	63	24.417316
2	111	3	24.099026
2	111	196	23.285141
2	111	51	14.774693
2	111	8	6.494193
2	111	190	-2.264661
2	111	13	-3.615363
2	111	99	-4.367617
2	111	116	-4.580065
2	111	201	-4.591045
2	111	18	-5.884066
2	111	14	-5.955405
2	111	193	-8.346565
2	111	15	-9.203359
2	111	113	-9.775496
2	111	212	-11.147537
2	111	194	-12.967511
2	112	193	37.925983
2	112	14	36.710541
2	112	116	27.282333
2	112	63	24.142147
2	112	203	18.047184
2	112	192	17.278418
2	112	3	16.440287
2	112	51	15.769043
2	112	99	10.724276
2	112	188	9.589725
2	112	190	9.368394
2	112	18	9.155472
2	112	200	7.043539
2	112	194	4.034718
2	112	187	3.834679
2	112	16	0.696362
2	112	15	0.009067
2	112	201	-0.509853
2	112	206	-0.601047
2	112	8	-0.942962
2	112	113	-5.339562
2	112	199	-8.446372
2	112	189	-9.058551
2	112	122	-9.385050
2	112	204	-10.065222
2	112	196	-11.628235
2	112	11	-12.440188
2	112	197	-14.400523
2	112	207	-14.567271
2	112	210	-15.230155
2	112	198	-16.464758
2	113	15	40.797810
2	113	200	33.913410
2	113	211	27.789335
2	113	63	25.003077
2	113	192	24.361916
2	113	99	22.446833
2	113	3	21.805166
2	113	51	18.627697
2	113	202	16.039158
2	113	203	8.982836
2	113	109	3.610733
2	113	206	3.518663
2	113	217	1.720792
2	113	191	0.985841
2	113	113	0.479393
2	113	116	0.277119
2	113	16	-0.701103
2	113	193	-1.393896
2	113	196	-1.639477
2	113	190	-2.553075
2	113	8	-3.835386
2	113	13	-3.992860
2	113	126	-4.430064
2	113	14	-4.885816
2	113	209	-5.226539
2	113	195	-5.880116
2	113	188	-6.131003
2	113	207	-6.756626
2	113	204	-7.217353
2	113	189	-7.566503
2	113	210	-8.444731
2	113	18	-9.176921
2	113	201	-9.467928
2	113	199	-9.746252
2	113	122	-10.725520
2	113	194	-11.531540
2	113	205	-12.450739
2	113	212	-13.566565
2	113	198	-14.730826
2	113	197	-15.211838
2	114	199	36.525738
2	114	15	28.123302
2	114	51	23.381254
2	114	116	21.285774
2	114	63	20.278067
2	114	188	19.222343
2	114	113	18.929335
2	114	18	18.404930
2	114	206	17.928675
2	114	200	17.835838
2	114	3	15.743190
2	114	193	14.665795
2	114	210	13.775443
2	114	201	11.854080
2	114	14	11.597779
2	114	203	9.279225
2	114	99	9.042886
2	114	192	7.607298
2	114	196	4.878417
2	114	207	4.728980
2	114	187	4.622887
2	114	217	3.044514
2	114	126	2.744792
2	114	16	2.450029
2	114	202	2.029246
2	114	190	0.499924
2	114	189	0.153738
2	114	122	-0.741095
2	114	204	-1.584809
2	114	194	-1.890384
2	114	191	-1.956551
2	114	8	-2.843079
2	114	13	-6.100031
2	114	109	-6.362658
2	114	197	-6.807083
2	114	208	-7.498420
2	114	205	-7.532110
2	114	212	-8.166468
2	114	198	-9.044789
2	114	195	-9.911042
2	114	17	-10.145024
2	114	209	-10.711572
2	115	8	31.883678
2	115	189	30.609272
2	115	199	29.120173
2	115	193	27.798447
2	115	15	27.327499
2	115	63	24.210289
2	115	198	21.018194
2	115	207	12.576663
2	115	116	11.077802
2	115	18	9.164317
2	115	200	8.948372
2	115	190	8.895460
2	115	14	7.645258
2	115	51	6.501240
2	115	188	6.181813
2	115	210	6.117456
2	115	201	5.461691
2	115	206	3.776498
2	115	11	3.675334
2	115	122	2.203233
2	115	196	1.442505
2	115	194	0.924492
2	115	203	-0.207919
2	115	187	-1.938554
2	115	99	-3.689923
2	115	16	-4.516307
2	115	204	-5.266866
2	115	3	-6.400334
2	115	113	-6.528767
2	115	197	-8.182920
2	115	192	-13.263776
2	116	8	32.359600
2	116	96	28.774868
2	116	11	26.559662
2	116	51	24.588215
2	116	63	22.533922
2	116	201	20.945217
2	116	196	15.897052
2	116	193	13.738381
2	116	3	10.534746
2	116	192	9.100819
2	116	15	4.230512
2	116	190	3.587681
2	116	200	2.353790
2	116	206	2.179063
2	116	116	1.730006
2	116	14	0.825118
2	116	207	-0.957790
2	116	198	-1.149911
2	116	194	-2.385258
2	116	187	-2.702769
2	116	122	-4.193477
2	116	209	-5.991285
2	116	18	-11.537058
2	116	217	-12.382463
2	116	212	-13.684546
2	116	197	-15.528447
2	117	211	40.895195
2	117	15	38.963039
2	117	200	37.877235
2	117	51	32.979527
2	117	192	27.530207
2	117	206	23.971413
2	117	63	23.863113
2	117	196	22.688744
2	117	99	20.434952
2	117	203	17.555140
2	117	202	17.387531
2	117	3	15.682530
2	117	190	14.544556
2	117	212	11.232306
2	117	109	10.657491
2	117	113	1.203681
2	117	189	0.910019
2	117	16	-1.352921
2	117	8	-1.915079
2	117	188	-2.005235
2	117	14	-2.060734
2	117	191	-3.111261
2	117	122	-3.924737
2	117	18	-4.807491
2	117	116	-4.951077
2	117	201	-5.648429
2	117	126	-5.863565
2	117	217	-6.017166
2	117	13	-6.095289
2	117	204	-6.503457
2	117	195	-7.153141
2	117	207	-8.376301
2	117	209	-9.943400
2	117	199	-10.921948
2	117	193	-12.626528
2	117	194	-12.792886
2	117	210	-14.394292
2	117	198	-14.408353
2	117	205	-14.695486
2	117	197	-14.988297
2	118	15	39.275944
2	118	220	31.261497
2	118	63	30.297676
2	118	219	30.145000
2	118	196	27.994150
2	118	206	23.738935
2	118	200	20.780029
2	118	207	18.241768
2	118	189	16.112919
2	118	18	14.909603
2	118	217	14.578248
2	118	199	14.252769
2	118	3	13.623414
2	118	122	12.579151
2	118	190	12.434803
2	118	99	11.754336
2	118	188	11.007531
2	118	187	10.950689
2	118	126	8.604000
2	118	197	7.483281
2	118	51	6.518594
2	118	116	6.420386
2	118	8	1.077175
2	118	201	0.995684
2	118	113	0.812158
2	118	14	-0.003773
2	118	16	-1.874321
2	118	193	-6.875781
2	118	195	-7.448163
2	118	194	-8.831658
2	119	197	42.994957
2	119	198	40.769287
2	119	199	39.827282
2	119	188	36.103065
2	119	193	35.518513
2	119	63	34.751259
2	119	196	34.209904
2	119	201	31.619335
2	119	99	29.180876
2	119	187	26.904694
2	119	208	24.214746
2	119	190	24.122358
2	119	51	20.999424
2	119	204	20.104328
2	119	113	19.538170
2	119	203	18.410963
2	119	192	15.711353
2	119	212	15.167615
2	119	126	13.360409
2	119	15	9.931958
2	119	194	9.704313
2	119	109	8.355620
2	119	3	8.200290
2	119	18	7.250883
2	119	206	6.563138
2	119	207	6.211924
2	119	200	6.034052
2	119	202	-2.132730
2	119	189	-3.328095
2	119	17	-4.305196
2	119	8	-4.368705
2	119	14	-4.711495
2	119	16	-4.915606
2	119	191	-5.251176
2	119	116	-6.158142
2	119	205	-6.791610
2	119	195	-8.411301
2	119	122	-8.869951
2	119	210	-9.146728
2	119	217	-9.534043
2	119	209	-10.692066
2	119	13	-11.569887
2	120	198	38.423519
2	120	188	37.638817
2	120	196	37.526833
2	120	197	37.364655
2	120	15	36.732513
2	120	193	35.797775
2	120	18	35.351921
2	120	199	34.731476
2	120	204	30.765181
2	120	210	29.861216
2	120	63	29.466505
2	120	206	29.266918
2	120	217	28.365980
2	120	187	27.319847
2	120	200	26.941463
2	120	191	23.804564
2	120	194	23.174835
2	120	122	22.572903
2	120	189	22.001856
2	120	116	21.029770
2	120	113	20.942884
2	120	201	19.549170
2	120	192	17.319622
2	120	3	16.707733
2	120	208	15.954950
2	120	17	15.329454
2	120	109	15.214168
2	120	14	13.596577
2	120	99	13.011393
2	120	203	11.573257
2	120	190	9.906472
2	120	51	8.071437
2	120	13	6.533235
2	120	207	5.674340
2	120	202	5.563000
2	120	126	5.009504
2	120	205	4.605671
2	120	8	-3.998536
2	120	16	-4.194774
2	120	195	-8.137731
2	120	212	-9.493648
2	120	209	-9.865659
2	121	15	43.571735
2	121	193	42.750721
2	121	63	40.065178
2	121	194	39.732056
2	121	188	36.344131
2	121	199	34.928806
2	121	198	34.926899
2	121	190	32.707935
2	121	116	31.833788
2	121	192	29.609821
2	121	201	26.832195
2	121	99	24.952606
2	121	197	23.615236
2	121	51	21.803633
2	121	3	21.781059
2	121	204	17.837954
2	121	18	16.608974
2	121	113	15.208236
2	121	14	15.096140
2	121	200	11.728252
2	121	126	10.508685
2	121	210	9.133550
2	121	203	8.976986
2	121	206	8.847120
2	121	196	8.591297
2	121	207	4.460186
2	121	187	0.246226
2	121	16	-4.663954
2	121	191	-4.850671
2	121	122	-4.909925
2	121	109	-6.066217
2	121	189	-6.115667
2	121	202	-6.167206
2	121	17	-6.408962
2	121	8	-8.030086
2	121	209	-8.595600
2	121	13	-9.752664
2	121	195	-10.043288
2	121	208	-11.081488
2	121	217	-11.164062
2	121	212	-15.666241
2	121	205	-16.156736
2	122	193	42.206947
2	122	212	37.658211
2	122	51	36.480377
2	122	63	35.927536
2	122	15	32.986759
2	122	201	32.860313
2	122	198	32.028374
2	122	194	31.585850
2	122	188	29.843679
2	122	203	27.207457
2	122	192	25.560587
2	122	197	24.789843
2	122	204	21.428270
2	122	200	18.733353
2	122	196	16.472208
2	122	18	13.841056
2	122	189	13.399335
2	122	3	12.208419
2	122	126	12.176412
2	122	190	8.662730
2	122	99	4.447101
2	122	122	2.592662
2	122	206	-3.218479
2	122	207	-7.362484
2	122	116	-12.506692
2	123	229	42.166576
2	123	228	39.127052
2	123	224	37.799603
2	123	225	33.141300
2	123	227	32.418404
2	123	239	30.401918
2	123	222	29.174719
2	123	226	28.517214
2	123	51	28.083296
2	123	221	26.634062
2	123	235	26.215054
2	123	3	25.710636
2	123	96	25.422682
2	123	190	21.845228
2	123	188	20.952759
2	123	99	19.549826
2	123	231	17.430155
2	123	241	16.002695
2	123	223	15.791594
2	123	201	15.763389
2	123	238	13.265510
2	123	196	12.927028
2	123	232	12.314212
2	123	198	11.885763
2	123	14	11.615781
2	123	8	9.622665
2	123	199	8.846898
2	123	187	8.698565
2	123	11	6.179791
2	123	240	5.718929
2	123	122	5.321332
2	123	208	4.900918
2	123	243	3.580047
2	123	18	3.142384
2	123	234	2.459732
2	123	246	2.346575
2	123	230	1.168429
2	123	233	0.756071
2	123	242	-0.607793
2	123	244	-1.187681
2	123	245	-2.465209
2	123	197	-4.026308
2	123	16	-4.042426
2	123	191	-4.264616
2	123	236	-5.463647
2	123	116	-5.560678
2	123	247	-5.605368
2	123	237	-5.851803
2	123	207	-9.056487
2	123	217	-9.912613
2	123	210	-14.036457
2	124	224	31.959358
2	124	231	29.813293
2	124	232	29.567808
2	124	8	28.109118
2	124	244	24.480856
2	124	210	22.101009
2	124	14	20.251566
2	124	233	18.178436
2	124	238	16.414839
2	124	225	14.354544
2	124	51	13.653858
2	124	18	12.122646
2	124	230	10.885548
2	124	11	8.701569
2	124	3	6.695605
2	124	234	2.961317
2	124	228	2.944648
2	124	122	2.916217
2	124	229	0.343438
2	124	241	0.156403
2	124	235	0.016399
2	124	187	-0.282374
2	124	223	-0.317383
2	124	207	-1.573883
2	124	237	-1.720390
2	124	201	-1.815003
2	124	190	-2.248833
2	124	247	-2.353036
2	124	116	-2.863309
2	124	16	-3.397476
2	124	191	-3.513025
2	124	188	-3.774794
2	124	242	-4.069592
2	124	227	-4.919847
2	124	240	-5.112404
2	124	208	-5.392344
2	124	221	-6.008131
2	124	239	-6.116843
2	124	196	-6.192470
2	124	243	-7.550436
2	124	217	-7.691110
2	124	246	-8.096111
2	124	236	-8.862945
2	124	99	-9.258737
2	124	197	-9.467144
2	124	96	-9.474165
2	124	226	-9.639298
2	124	199	-9.838110
2	124	222	-10.305431
2	124	245	-11.389462
2	124	198	-13.092365
2	125	8	34.134579
2	125	224	34.055977
2	125	232	33.901348
2	125	225	32.251667
2	125	229	31.282171
2	125	222	31.206657
2	125	234	29.144899
2	125	227	26.809866
2	125	51	24.503736
2	125	233	23.514986
2	125	236	22.897642
2	125	221	21.615679
2	125	11	20.977480
2	125	230	19.793781
2	125	244	19.082109
2	125	231	18.232208
2	125	99	18.169027
2	125	210	17.663235
2	125	228	17.243277
2	125	207	16.201941
2	125	226	14.136896
2	125	241	14.008233
2	125	245	13.488082
2	125	239	13.080050
2	125	238	12.414345
2	125	18	11.873035
2	125	3	11.622464
2	125	235	10.699179
2	125	201	9.406715
2	125	14	9.073116
2	125	122	7.075819
2	125	242	6.660498
2	125	16	6.326631
2	125	96	6.259964
2	125	223	3.629031
2	125	237	2.158350
2	125	247	2.083381
2	125	190	1.966840
2	125	217	0.743519
2	125	240	0.071576
2	125	187	-0.734426
2	125	243	-3.144778
2	125	246	-3.751173
2	125	116	-4.112364
2	125	188	-6.247046
2	125	198	-6.366338
2	125	191	-7.354889
2	125	196	-10.515337
2	125	208	-10.924064
2	125	199	-11.338859
2	125	197	-15.562837
2	126	222	30.870754
2	126	239	30.445873
2	126	229	26.737246
2	126	232	25.711647
2	126	228	25.662796
2	126	233	21.660374
2	126	217	21.528160
2	126	224	20.629698
2	126	235	19.134176
2	126	236	19.050261
2	126	226	18.541988
2	126	227	17.812037
2	126	238	15.695995
2	126	223	12.322772
2	126	3	11.985881
2	126	207	11.291012
2	126	11	10.771494
2	126	190	9.173244
2	126	240	9.067600
2	126	51	9.054965
2	126	230	7.704282
2	126	241	6.686975
2	126	246	6.239174
2	126	196	5.559741
2	126	18	5.216393
2	126	14	2.646053
2	126	187	2.548813
2	126	245	-0.718543
2	126	122	-1.947732
2	126	244	-2.200832
2	126	116	-2.974498
2	126	191	-3.623450
2	126	242	-4.099561
2	126	221	-4.226368
2	126	231	-4.725180
2	126	247	-6.028644
2	126	16	-6.477215
2	126	237	-6.991736
2	126	8	-7.908375
2	126	198	-7.946074
2	126	99	-8.150892
2	126	188	-8.370534
2	126	225	-9.527696
2	126	96	-12.077847
2	126	243	-12.136015
2	126	210	-12.691852
2	126	208	-13.542239
2	126	201	-13.875607
2	126	234	-14.848667
2	126	197	-14.922727
2	126	199	-15.126396
2	127	232	34.541454
2	127	229	33.803093
2	127	207	33.325062
2	127	51	31.213217
2	127	3	29.887663
2	127	99	27.282093
2	127	224	27.254641
2	127	238	27.024588
2	127	227	25.047377
2	127	228	21.878481
2	127	241	19.389116
2	127	231	18.055246
2	127	11	13.989138
2	127	223	13.662173
2	127	16	12.684793
2	127	247	11.038620
2	127	233	10.857683
2	127	190	10.456977
2	127	242	8.732461
2	127	236	8.243942
2	127	234	7.439635
2	127	187	5.181576
2	127	237	5.133408
2	127	14	3.552210
2	127	235	2.789842
2	127	18	2.434562
2	127	122	1.591425
2	127	243	1.204638
2	127	244	0.880654
2	127	222	0.645321
2	127	240	-0.110093
2	127	239	-0.199761
2	127	116	-0.281593
2	127	245	-0.915127
2	127	8	-1.309337
2	127	221	-1.591546
2	127	196	-1.624646
2	127	198	-1.786428
2	127	191	-2.153922
2	127	201	-2.685163
2	127	225	-2.752918
2	127	230	-3.413572
2	127	188	-5.392262
2	127	208	-6.063413
2	127	226	-7.198680
2	127	246	-7.566045
2	127	217	-9.253120
2	127	96	-10.310742
2	127	197	-12.393965
2	127	199	-12.580773
2	127	210	-13.174926
2	128	229	43.138554
2	128	239	38.159683
2	128	241	37.981663
2	128	243	37.188614
2	128	233	36.391109
2	128	232	32.189167
2	128	224	31.629232
2	128	240	30.583805
2	128	201	30.285427
2	128	3	28.342705
2	128	221	28.180981
2	128	226	25.952421
2	128	236	25.214497
2	128	51	25.025589
2	128	223	21.407776
2	128	231	18.263224
2	128	222	17.588007
2	128	230	15.621424
2	128	228	13.022884
2	128	237	12.788549
2	128	190	12.596500
2	128	246	12.127748
2	128	238	12.042157
2	128	245	11.893506
2	128	14	9.375364
2	128	235	7.484383
2	128	242	7.129919
2	128	16	6.590116
2	128	99	3.990649
2	128	247	3.219620
2	128	8	1.990207
2	128	196	1.832654
2	128	116	0.722957
2	128	191	-0.634008
2	128	244	-0.882034
2	128	234	-3.433378
2	128	207	-3.831141
2	128	187	-5.042225
2	128	122	-5.267231
2	128	11	-5.762180
2	128	217	-6.316014
2	128	18	-6.479540
2	128	198	-7.580254
2	128	96	-8.330005
2	128	188	-8.370531
2	128	199	-10.126871
2	128	208	-10.348496
2	128	225	-11.577966
2	128	210	-11.981383
2	128	227	-12.488231
2	128	197	-14.942664
2	129	238	32.397312
2	129	229	32.227688
2	129	3	26.325251
2	129	241	19.706802
2	129	51	19.249598
2	129	232	16.890753
2	129	99	16.129971
2	129	221	15.911160
2	129	224	15.640310
2	129	247	14.570724
2	129	237	14.025078
2	129	223	13.270231
2	129	190	13.052187
2	129	233	12.746828
2	129	16	12.694148
2	129	196	12.408581
2	129	228	11.643766
2	129	243	8.689786
2	129	242	5.885543
2	129	231	4.732085
2	129	245	4.317283
2	129	14	4.083057
2	129	207	3.388937
2	129	217	2.276881
2	129	235	1.202808
2	129	226	-0.222694
2	129	191	-0.543622
2	129	116	-0.586757
2	129	187	-0.939027
2	129	240	-1.127743
2	129	236	-1.499635
2	129	230	-1.822568
2	129	8	-2.505229
2	129	18	-4.211269
2	129	239	-4.620511
2	129	234	-5.898705
2	129	225	-7.730552
2	129	122	-8.205267
2	129	208	-8.303060
2	129	199	-8.436527
2	129	201	-8.499321
2	129	246	-9.056300
2	129	227	-9.361923
2	129	96	-10.372170
2	129	198	-10.663319
2	129	11	-10.721848
2	129	222	-11.150258
2	129	188	-11.503190
2	129	210	-12.273238
2	129	244	-13.239910
2	129	197	-13.394337
2	130	207	30.324507
2	130	232	25.606842
2	130	227	25.060307
2	130	228	22.395071
2	130	3	17.953775
2	130	51	16.107758
2	130	224	15.211799
2	130	238	12.962390
2	130	229	12.661011
2	130	99	12.297832
2	130	223	5.086405
2	130	234	5.008652
2	130	217	4.886785
2	130	241	3.770188
2	130	235	2.421166
2	130	247	1.079140
2	130	196	0.466743
2	130	190	-0.215587
2	130	239	-1.361318
2	130	16	-1.787703
2	130	237	-1.928988
2	130	242	-2.390046
2	130	191	-2.521688
2	130	187	-2.850073
2	130	8	-2.875782
2	130	233	-3.078091
2	130	231	-3.415663
2	130	225	-5.220020
2	130	122	-6.853389
2	130	201	-7.541782
2	130	116	-7.645603
2	130	18	-7.781283
2	130	11	-8.369804
2	130	230	-9.205593
2	130	226	-9.608700
2	130	188	-9.733367
2	130	14	-10.488637
2	130	96	-10.539573
2	130	246	-10.779419
2	130	210	-11.748358
2	130	221	-12.210050
2	130	208	-12.526236
2	130	245	-12.597040
2	130	222	-13.036596
2	130	244	-13.449325
2	130	198	-13.581889
2	130	236	-13.662386
2	130	243	-13.745915
2	130	199	-14.927959
2	130	240	-15.536365
2	130	197	-15.642523
2	131	228	25.442514
2	131	232	20.370882
2	131	3	18.169558
2	131	241	18.157400
2	131	196	18.056774
2	131	238	14.378419
2	131	233	10.711318
2	131	207	7.362494
2	131	242	5.731201
2	131	229	4.195268
2	131	51	3.257203
2	131	191	2.678754
2	131	8	2.459149
2	131	223	2.171415
2	131	190	1.950134
2	131	217	1.578249
2	131	116	1.475123
2	131	239	1.214108
2	131	235	0.797571
2	131	187	0.651629
2	131	96	-0.297493
2	131	244	-0.709830
2	131	210	-1.456472
2	131	237	-1.707890
2	131	247	-1.759981
2	131	201	-1.922391
2	131	240	-1.947973
2	131	230	-2.201466
2	131	226	-2.379848
2	131	221	-2.557289
2	131	225	-2.636600
2	131	16	-2.709200
2	131	246	-3.406662
2	131	231	-3.828237
2	131	236	-3.889609
2	131	245	-3.958648
2	131	224	-4.113322
2	131	99	-4.518502
2	131	122	-4.674363
2	131	14	-4.762272
2	131	18	-5.021313
2	131	188	-5.136723
2	131	222	-5.980932
2	131	11	-6.025132
2	131	243	-6.349922
2	131	227	-6.396283
2	131	234	-8.550010
2	131	208	-9.191386
2	131	197	-9.297310
2	131	199	-9.762712
2	131	198	-9.872755
2	132	8	38.358089
2	132	224	36.911362
2	132	229	35.849583
2	132	231	33.030170
2	132	233	30.770012
2	132	244	30.173487
2	132	232	29.688320
2	132	238	29.324556
2	132	230	25.476709
2	132	14	25.418079
2	132	239	23.405638
2	132	245	23.367458
2	132	241	21.326807
2	132	243	18.576509
2	132	51	18.511566
2	132	228	13.735557
2	132	242	13.156579
2	132	3	11.321889
2	132	236	10.515614
2	132	222	10.181574
2	132	201	8.184093
2	132	116	8.139959
2	132	11	7.607398
2	132	240	6.027721
2	132	221	5.687109
2	132	226	2.710607
2	132	18	2.355294
2	132	196	2.143366
2	132	225	1.734900
2	132	190	1.707456
2	132	207	0.138096
2	132	246	-0.419863
2	132	223	-0.665249
2	132	234	-0.908860
2	132	187	-1.352162
2	132	227	-1.471481
2	132	237	-1.490117
2	132	247	-2.307713
2	132	235	-2.461529
2	132	99	-2.848716
2	132	16	-3.714072
2	132	191	-4.428763
2	132	199	-4.763641
2	132	96	-5.812747
2	132	208	-8.558565
2	132	217	-10.173052
2	132	197	-10.399877
2	132	210	-10.513403
2	132	188	-11.767866
2	132	122	-13.391429
2	132	198	-13.947718
2	133	233	37.840149
2	133	229	37.710213
2	133	221	36.251225
2	133	224	34.766560
2	133	228	34.263432
2	133	232	31.041605
2	133	241	28.576471
2	133	238	27.238466
2	133	3	22.684294
2	133	230	20.056679
2	133	243	16.956614
2	133	201	16.878798
2	133	51	14.211467
2	133	242	12.861282
2	133	223	11.663803
2	133	14	8.556756
2	133	190	7.040755
2	133	247	6.968213
2	133	116	6.613101
2	133	235	6.215666
2	133	16	4.548936
2	133	237	3.702019
2	133	226	3.316000
2	133	231	3.241106
2	133	239	3.221795
2	133	245	1.910083
2	133	99	1.788993
2	133	187	0.439679
2	133	196	-1.014575
2	133	122	-3.328068
2	133	191	-3.970588
2	133	8	-4.585277
2	133	217	-6.603915
2	133	208	-6.711271
2	133	246	-6.970000
2	133	188	-7.530920
2	133	207	-9.032208
2	133	18	-9.293095
2	133	11	-10.847184
2	133	96	-10.905028
2	133	240	-11.764682
2	133	234	-11.776199
2	133	236	-12.112799
2	133	227	-12.139534
2	133	244	-12.751142
2	133	225	-12.884972
2	133	199	-13.197485
2	133	210	-13.714011
2	133	222	-13.808137
2	133	197	-15.254498
2	133	198	-15.409407
2	134	232	28.019514
2	134	51	19.885651
2	134	228	16.425554
2	134	3	11.315874
2	134	229	8.831003
2	134	235	3.141685
2	134	241	2.344296
2	134	223	2.215942
2	134	240	1.653041
2	134	190	-0.563487
2	134	224	-0.593408
2	134	207	-1.473694
2	134	238	-1.601454
2	134	242	-2.318698
2	134	11	-2.388250
2	134	247	-2.673077
2	134	201	-2.773650
2	134	227	-3.267784
2	134	233	-3.496603
2	134	221	-3.791553
2	134	230	-3.987939
2	134	187	-4.569552
2	134	8	-4.865436
2	134	237	-4.964609
2	134	231	-5.024989
2	134	243	-5.431006
2	134	99	-5.503471
2	134	14	-5.547376
2	134	16	-6.379885
2	134	191	-7.199567
2	134	217	-8.593600
2	134	239	-8.771731
2	134	246	-9.224125
2	134	116	-9.552262
2	134	196	-9.594425
2	134	188	-9.662527
2	134	199	-9.678889
2	134	245	-9.740247
2	134	18	-9.972599
2	134	236	-10.246962
2	134	122	-11.347506
2	134	222	-12.885411
2	134	208	-13.468383
2	134	226	-13.505237
2	134	225	-13.784644
2	134	234	-14.015059
2	134	96	-14.103607
2	134	210	-14.455232
2	134	198	-15.255906
2	134	197	-15.308994
2	134	244	-15.378409
2	135	229	28.489046
2	135	99	25.739786
2	135	228	25.727774
2	135	232	23.546921
2	135	201	18.472746
2	135	238	15.842711
2	135	190	15.604833
2	135	241	12.905423
2	135	235	12.729379
2	135	196	12.647477
2	135	221	11.977643
2	135	224	10.947035
2	135	96	10.789455
2	135	223	10.612200
2	135	225	8.956177
2	135	243	8.751905
2	135	51	8.692053
2	135	230	7.556462
2	135	197	7.272488
2	135	199	6.148151
2	135	188	5.461817
2	135	233	4.651358
2	135	3	4.143386
2	135	242	4.046866
2	135	207	3.532453
2	135	187	2.891637
2	135	231	2.749542
2	135	8	0.713558
2	135	198	-1.720321
2	135	16	-2.020827
2	135	116	-2.307085
2	135	247	-2.447916
2	135	239	-2.461729
2	135	244	-2.939241
2	135	226	-2.956807
2	135	191	-2.991713
2	135	217	-4.498254
2	135	14	-4.754707
2	135	208	-5.044812
2	135	237	-6.415430
2	135	122	-6.871254
2	135	246	-8.484803
2	135	234	-8.806970
2	135	210	-8.822480
2	135	18	-9.699548
2	135	240	-10.660390
2	135	245	-10.805774
2	135	227	-11.486023
2	135	236	-13.299639
2	135	11	-13.962595
2	135	222	-14.210146
2	136	198	42.400574
2	136	239	41.236706
2	136	232	41.204365
2	136	201	40.885941
2	136	230	36.214314
2	136	233	33.450020
2	136	14	32.964542
2	136	229	31.885721
2	136	223	29.619345
2	136	224	27.857901
2	136	243	27.698135
2	136	221	24.509209
2	136	242	23.542015
2	136	8	22.207443
2	136	51	22.002605
2	136	245	21.458590
2	136	241	20.960791
2	136	235	17.719246
2	136	3	17.247721
2	136	187	14.197818
2	136	228	13.792708
2	136	246	10.372631
2	136	196	7.997066
2	136	231	7.815986
2	136	18	4.694934
2	136	237	1.048096
2	136	247	0.491658
2	136	116	0.209658
2	136	16	-1.168352
2	136	244	-1.373720
2	136	208	-1.569258
2	136	199	-2.272433
2	136	191	-3.130999
2	136	238	-3.878416
2	136	236	-4.413233
2	136	190	-4.507240
2	136	99	-4.550898
2	136	210	-4.628854
2	136	222	-4.717762
2	136	11	-5.145733
2	136	217	-5.146913
2	136	207	-5.164679
2	136	226	-5.553905
2	136	240	-6.745375
2	136	96	-9.762989
2	136	122	-9.891842
2	136	225	-11.448767
2	136	227	-11.464229
2	136	234	-11.499853
2	136	188	-11.836655
2	136	197	-13.180438
2	137	229	37.928707
2	137	232	32.248283
2	137	228	29.893925
2	137	241	26.365505
2	137	3	26.045610
2	137	224	24.429739
2	137	51	19.896437
2	137	233	19.639967
2	137	226	19.210007
2	137	231	16.220177
2	137	222	15.570239
2	137	238	13.102495
2	137	99	12.632614
2	137	14	11.176168
2	137	235	10.524167
2	137	207	9.112181
2	137	221	8.211741
2	137	243	7.727178
2	137	236	7.661316
2	137	223	6.731320
2	137	227	5.672416
2	137	190	5.394662
2	137	237	5.256216
2	137	201	4.274694
2	137	16	3.275307
2	137	225	1.279044
2	137	116	-1.250257
2	137	245	-1.530227
2	137	11	-1.592163
2	137	187	-1.943595
2	137	242	-2.068186
2	137	240	-2.094530
2	137	247	-2.645177
2	137	230	-4.156155
2	137	234	-4.340515
2	137	191	-4.991445
2	137	8	-5.122611
2	137	239	-5.372385
2	137	18	-5.957937
2	137	244	-6.495140
2	137	188	-6.796930
2	137	208	-8.915443
2	137	122	-9.368188
2	137	196	-10.354552
2	137	246	-10.437857
2	137	217	-11.832171
2	137	96	-13.771282
2	137	210	-15.093158
2	137	197	-15.927539
2	137	198	-16.040241
2	137	199	-16.269381
2	138	232	28.420877
2	138	51	22.960527
2	138	99	18.849604
2	138	229	17.323025
2	138	231	15.050814
2	138	244	14.295287
2	138	3	13.681823
2	138	116	9.278810
2	138	228	6.008579
2	138	224	2.495462
2	138	8	2.353617
2	138	241	1.497341
2	138	238	0.118483
2	138	223	0.002983
2	138	247	-0.475003
2	138	187	-0.661569
2	138	191	-1.127002
2	138	237	-1.309442
2	138	16	-1.347439
2	138	233	-2.355607
2	138	235	-2.724290
2	138	217	-2.881651
2	138	190	-3.154656
2	138	201	-5.914812
2	138	196	-6.073968
2	138	242	-6.543609
2	138	236	-6.609770
2	138	234	-6.755101
2	138	239	-7.204339
2	138	122	-8.329494
2	138	199	-9.103411
2	138	18	-9.230880
2	138	188	-9.549438
2	138	96	-9.634230
2	138	245	-9.803991
2	138	14	-9.834206
2	138	11	-9.891382
2	138	221	-9.898757
2	138	230	-9.916264
2	138	208	-10.117051
2	138	207	-10.164072
2	138	227	-10.363633
2	138	243	-10.391987
2	138	226	-10.507702
2	138	246	-10.757604
2	138	222	-11.276216
2	138	225	-11.357902
2	138	240	-11.751395
2	138	210	-13.384560
2	138	198	-14.521914
2	138	197	-14.616498
