0	1	1	8.602867
0	1	14	8.068460
0	1	15	7.087611
0	1	5	6.347408
0	1	10	4.210011
0	1	4	3.768560
0	1	11	3.036787
0	1	9	1.962514
0	1	2	1.339163
0	1	8	1.232153
0	1	16	-0.084980
0	1	13	-1.339567
0	1	18	-2.633363
0	1	3	-6.080531
0	1	17	-6.309472
0	1	19	-6.814633
0	1	6	-8.142570
0	1	7	-8.781301
0	1	0	-9.107222
0	1	12	-9.340431
0	2	1	9.739418
0	2	9	8.652267
0	2	5	8.482275
0	2	11	6.684153
0	2	14	6.353421
0	2	2	3.917636
0	2	15	3.615545
0	2	10	2.363393
0	2	4	1.985543
0	2	8	1.598155
0	2	16	1.109622
0	2	18	-1.495482
0	2	3	-3.017437
0	2	13	-5.291115
0	2	7	-6.732433
0	2	17	-7.086504
0	2	19	-7.403491
0	2	0	-7.965102
0	2	6	-8.018811
0	2	12	-9.296495
0	3	1	8.884434
0	3	5	7.289706
0	3	9	6.789325
0	3	14	5.975759
0	3	15	5.339742
0	3	11	4.412759
0	3	10	4.160573
0	3	8	2.242191
0	3	4	1.464998
0	3	16	-1.691177
0	3	18	-2.187841
0	3	13	-4.543054
0	3	2	-4.764642
0	3	3	-5.460104
0	3	6	-8.147554
0	3	7	-9.007189
0	3	19	-9.265845
0	3	12	-9.380267
0	3	0	-9.545509
0	3	17	-10.009383
0	14	43	9.547523
0	14	65	9.404768
0	14	37	8.854412
0	14	63	8.793349
0	14	61	8.774774
0	14	22	8.570878
0	14	30	8.561841
0	14	53	7.593236
0	14	54	7.464302
0	14	51	6.827861
0	14	21	6.819734
0	14	46	6.750271
0	14	24	6.661973
0	14	58	6.643007
0	14	57	6.596042
0	14	25	6.537677
0	14	45	6.437917
0	14	56	6.369720
0	14	20	6.221718
0	14	26	6.159973
0	14	28	6.046729
0	14	32	5.694501
0	14	23	5.670475
0	14	62	5.659402
0	14	14	5.081571
0	14	31	5.059557
0	14	11	4.358473
0	14	33	3.772052
0	14	52	3.084646
0	14	27	3.015285
0	14	47	1.482189
0	14	8	0.968778
0	14	64	0.959417
0	14	71	0.515878
0	14	48	-0.190311
0	14	29	-0.337608
0	14	50	-1.540166
0	14	16	-1.809438
0	14	42	-1.944130
0	14	18	-2.680218
0	14	78	-4.081980
0	14	35	-4.282681
0	14	79	-4.368750
0	14	36	-4.856035
0	14	77	-5.161874
0	14	3	-5.550299
0	14	39	-5.671928
0	14	34	-6.296267
0	14	49	-7.387001
0	14	66	-7.671076
0	14	72	-7.985695
0	14	76	-8.194127
0	14	38	-8.274837
0	14	70	-8.295924
0	14	75	-8.515487
0	14	73	-8.721201
0	14	55	-8.808340
0	14	44	-8.816420
0	14	41	-8.841510
0	14	40	-8.930991
0	14	74	-8.987215
0	14	85	-9.013192
0	14	69	-9.014438
0	15	37	9.215855
0	15	43	8.971248
0	15	63	8.805491
0	15	65	8.173889
0	15	22	8.090234
0	15	30	7.741838
0	15	21	7.607725
0	15	54	7.603332
0	15	25	7.359584
0	15	58	7.295408
0	15	51	7.294940
0	15	57	7.207349
0	15	20	7.158496
0	15	61	7.028155
0	15	28	6.865747
0	15	24	6.778535
0	15	23	6.723226
0	15	62	6.622553
0	15	14	6.171917
0	15	26	6.075603
0	15	46	5.952667
0	15	53	5.825800
0	15	56	5.671185
0	15	31	5.647579
0	15	45	5.507480
0	15	11	5.329332
0	15	77	4.872779
0	15	32	4.524737
0	15	33	4.335007
0	15	27	4.023578
0	15	64	2.772699
0	15	16	1.966146
0	15	78	1.785319
0	15	52	1.744070
0	15	42	1.619535
0	15	48	1.486084
0	15	8	1.473568
0	15	47	1.157193
0	15	71	0.734871
0	15	79	-2.373182
0	15	18	-2.456708
0	15	35	-3.036019
0	15	38	-4.297816
0	15	66	-4.730919
0	15	39	-4.977207
0	15	40	-5.016525
0	15	41	-5.427526
0	15	50	-5.475973
0	15	3	-5.524469
0	15	34	-5.745389
0	15	29	-6.179950
0	15	36	-6.474196
0	15	49	-6.697136
0	15	74	-6.894423
0	15	76	-7.725271
0	15	70	-8.132169
0	15	72	-8.627329
0	15	44	-8.683094
0	15	73	-8.764386
0	15	55	-8.796070
0	15	85	-9.023554
0	15	75	-9.191895
0	15	69	-9.246727
0	16	43	10.864841
0	16	21	10.556581
0	16	58	10.117662
0	16	65	10.073359
0	16	54	9.986076
0	16	37	9.823930
0	16	28	9.376935
0	16	53	9.345155
0	16	30	9.324916
0	16	25	9.189473
0	16	22	9.121345
0	16	63	9.021338
0	16	51	9.020087
0	16	20	8.460199
0	16	56	8.344080
0	16	57	8.314072
0	16	61	7.999201
0	16	32	7.862448
0	16	62	7.440595
0	16	26	7.423086
0	16	31	7.296497
0	16	14	6.902566
0	16	45	6.608559
0	16	42	6.261497
0	16	47	6.212792
0	16	46	5.652446
0	16	52	5.446283
0	16	27	5.393192
0	16	11	5.206460
0	16	24	5.083189
0	16	23	4.136671
0	16	33	3.890532
0	16	36	3.422848
0	16	64	3.267995
0	16	8	2.344317
0	16	48	2.320842
0	16	50	1.237983
0	16	16	0.057049
0	16	29	-0.553882
0	16	77	-0.805330
0	16	71	-0.963902
0	16	18	-1.205091
0	16	35	-1.542301
0	16	72	-3.441845
0	16	79	-3.602902
0	16	78	-4.328095
0	16	76	-4.506369
0	16	3	-4.922978
0	16	75	-5.238553
0	16	39	-5.239923
0	16	34	-6.456372
0	16	85	-6.515292
0	16	49	-7.074371
0	16	66	-7.836531
0	16	70	-8.218127
0	16	38	-8.780774
0	16	44	-8.875158
0	16	73	-8.897595
0	16	41	-8.902690
0	16	40	-8.991574
0	16	74	-9.021911
0	16	69	-9.026096
0	16	55	-9.176772
0	19	37	9.544950
0	19	43	9.349709
0	19	65	9.220482
0	19	63	9.137683
0	19	61	8.845289
0	19	30	8.626410
0	19	22	8.396711
0	19	24	8.356407
0	19	51	7.738975
0	19	58	7.534220
0	19	25	7.254572
0	19	21	7.248744
0	19	54	7.181352
0	19	53	7.167238
0	19	28	7.134285
0	19	46	7.060487
0	19	62	6.870481
0	19	23	6.339931
0	19	45	6.326726
0	19	57	6.265936
0	19	20	5.994477
0	19	11	5.825360
0	19	14	5.387399
0	19	56	5.381971
0	19	33	5.168308
0	19	31	5.122365
0	19	32	4.571786
0	19	26	4.091850
0	19	27	3.906497
0	19	64	1.798371
0	19	47	1.741084
0	19	8	1.034149
0	19	48	0.258037
0	19	52	-0.241186
0	19	16	-0.454705
0	19	39	-0.798292
0	19	78	-0.859025
0	19	42	-0.972710
0	19	77	-1.443507
0	19	71	-2.143006
0	19	35	-2.593067
0	19	18	-2.795528
0	19	29	-3.704652
0	19	50	-3.948995
0	19	79	-4.587747
0	19	36	-5.113126
0	19	3	-5.166535
0	19	34	-5.955302
0	19	49	-7.358097
0	19	66	-7.892452
0	19	74	-8.155735
0	19	70	-8.156903
0	19	76	-8.332556
0	19	73	-8.414770
0	19	38	-8.442993
0	19	72	-8.651711
0	19	55	-8.755073
0	19	75	-8.839618
0	19	44	-8.844952
0	19	85	-8.974031
0	19	40	-8.974899
0	19	41	-9.036138
0	19	69	-9.119067
0	22	43	10.199602
0	22	22	10.185795
0	22	63	9.737608
0	22	37	9.736201
0	22	65	9.425005
0	22	53	9.418401
0	22	61	9.243836
0	22	54	9.037203
0	22	51	8.601992
0	22	24	8.413664
0	22	56	8.292292
0	22	25	8.247032
0	22	28	8.113114
0	22	30	7.429422
0	22	62	7.178584
0	22	50	7.064012
0	22	57	6.971505
0	22	21	6.772335
0	22	20	6.760386
0	22	32	6.649776
0	22	14	6.586170
0	22	45	6.324076
0	22	26	6.213542
0	22	11	6.141857
0	22	58	5.904500
0	22	23	5.576275
0	22	42	5.286417
0	22	46	5.275555
0	22	31	4.871672
0	22	52	4.789897
0	22	64	3.931633
0	22	33	2.908853
0	22	27	2.429029
0	22	8	2.228178
0	22	16	2.055591
0	22	48	1.473373
0	22	71	1.340272
0	22	29	-0.561788
0	22	47	-0.672005
0	22	78	-1.379261
0	22	36	-1.412592
0	22	35	-1.675607
0	22	72	-1.729421
0	22	18	-1.880929
0	22	77	-3.354599
0	22	40	-3.637251
0	22	75	-3.876503
0	22	79	-3.882797
0	22	76	-3.973843
0	22	34	-5.622523
0	22	3	-6.031852
0	22	39	-6.751044
0	22	49	-7.542363
0	22	66	-7.990409
0	22	74	-8.053541
0	22	38	-8.316107
0	22	70	-8.423642
0	22	73	-8.717478
0	22	55	-8.774656
0	22	44	-8.863946
0	22	85	-8.864316
0	22	69	-9.020061
0	22	41	-9.067719
0	43	61	9.391300
0	43	63	7.999673
0	43	58	7.096752
0	43	93	6.487457
0	43	94	6.328529
0	43	15	5.859708
0	43	91	5.746149
0	43	90	5.519700
0	43	26	4.751197
0	43	14	4.669968
0	43	86	4.327631
0	43	89	3.110917
0	43	95	2.992314
0	43	106	2.653685
0	43	11	2.204696
0	43	103	2.047184
0	43	105	1.634747
0	43	87	1.220891
0	43	99	1.096383
0	43	8	0.227600
0	43	52	-1.077879
0	43	98	-1.553936
0	43	110	-2.311437
0	43	18	-3.434535
0	43	3	-4.272709
0	43	13	-4.432777
0	43	108	-5.115871
0	43	97	-5.904443
0	43	88	-6.223799
0	43	92	-7.410967
0	43	100	-7.493565
0	43	107	-8.181385
0	43	109	-8.746984
0	43	96	-8.884800
0	43	85	-8.955056
0	43	69	-9.107219
0	43	17	-10.237430
0	44	63	8.482080
0	44	61	7.956514
0	44	58	7.809949
0	44	15	7.234015
0	44	94	6.377059
0	44	26	6.261171
0	44	91	6.207078
0	44	93	5.694407
0	44	86	5.321230
0	44	106	5.317861
0	44	14	4.895180
0	44	11	3.967474
0	44	90	3.848064
0	44	89	3.703923
0	44	105	2.476353
0	44	52	2.445271
0	44	103	1.882572
0	44	8	1.628144
0	44	95	1.552467
0	44	87	0.536772
0	44	98	0.101520
0	44	99	-0.637797
0	44	110	-0.801944
0	44	18	-2.285972
0	44	107	-3.728685
0	44	3	-4.591615
0	44	108	-4.855874
0	44	13	-5.814291
0	44	97	-5.987808
0	44	100	-6.795564
0	44	88	-7.255963
0	44	109	-7.419527
0	44	92	-7.704613
0	44	96	-8.864072
0	44	85	-8.940865
0	44	69	-8.965225
0	44	17	-10.302903
0	54	14	5.475364
0	54	11	4.507452
0	54	8	2.075894
0	54	16	-0.059594
0	54	18	-2.171796
0	54	3	-3.681031
0	54	13	-5.158392
0	54	7	-8.537718
0	54	111	-8.668879
0	54	17	-9.917527
0	57	14	5.797114
0	57	11	3.750356
0	57	16	0.085495
0	57	8	-0.041354
0	57	13	-1.127354
0	57	3	-1.762172
0	57	18	-2.420708
0	57	17	-4.182141
0	57	111	-4.617516
0	57	7	-4.871584
0	58	14	6.239402
0	58	11	4.243919
0	58	8	0.610505
0	58	13	0.136056
0	58	17	0.131600
0	58	16	-0.078616
0	58	3	-1.423254
0	58	18	-1.979984
0	58	111	-2.374660
0	58	7	-4.658648
0	73	158	10.562045
0	73	132	9.958568
0	73	137	9.759140
0	73	157	8.105974
0	73	150	7.933936
0	73	159	7.929416
0	73	163	7.842722
0	73	153	7.720340
0	73	11	6.171833
0	73	155	5.731929
0	73	161	5.445366
0	73	154	4.906047
0	73	14	4.784927
0	73	151	4.052410
0	73	168	4.041781
0	73	152	3.301315
0	73	170	2.698969
0	73	8	1.644820
0	73	156	1.225628
0	73	18	-0.406863
0	73	16	-1.986478
0	73	148	-2.311393
0	73	169	-2.355035
0	73	149	-2.544797
0	73	3	-2.563605
0	73	13	-2.961693
0	73	145	-4.831211
0	73	162	-6.186573
0	73	147	-7.217916
0	73	17	-7.813304
0	73	146	-7.860075
0	73	160	-9.079684
0	74	158	10.332887
0	74	132	9.938287
0	74	137	9.360065
0	74	163	9.033021
0	74	159	8.443234
0	74	157	8.268886
0	74	153	7.973987
0	74	150	7.915588
0	74	11	7.197511
0	74	155	6.487102
0	74	152	6.460631
0	74	161	5.789452
0	74	154	5.748343
0	74	168	5.392014
0	74	151	4.944596
0	74	14	4.527641
0	74	170	3.792772
0	74	156	1.986613
0	74	8	1.542750
0	74	18	1.150371
0	74	148	-0.513783
0	74	169	-0.806936
0	74	149	-1.671970
0	74	3	-1.959136
0	74	16	-2.394117
0	74	13	-3.398730
0	74	145	-3.735762
0	74	162	-6.977547
0	74	147	-8.926443
0	74	160	-8.931103
0	74	146	-9.168074
0	74	17	-9.897340
0	75	132	9.829178
0	75	165	8.643846
0	75	167	8.403510
0	75	137	7.305994
0	75	11	6.839162
0	75	166	6.241486
0	75	128	5.742291
0	75	14	4.520701
0	75	164	4.119131
0	75	171	3.391883
0	75	8	2.095130
0	75	18	-0.341880
0	75	16	-1.972339
0	75	13	-2.542203
0	75	3	-4.454207
0	75	145	-5.008743
0	75	147	-8.909167
0	75	160	-9.000588
0	75	146	-9.144513
0	75	17	-10.090556
0	77	137	9.985297
0	77	132	9.357978
0	77	165	6.276530
0	77	166	6.257428
0	77	14	5.481017
0	77	11	5.354290
0	77	167	5.136522
0	77	128	5.118329
0	77	8	3.790331
0	77	164	2.557897
0	77	171	2.444132
0	77	16	-0.096107
0	77	18	-0.571397
0	77	13	-2.388165
0	77	145	-2.517377
0	77	3	-3.055200
0	77	147	-8.844330
0	77	146	-9.099528
0	77	160	-9.209455
0	77	17	-10.076703
0	94	116	10.515323
0	94	190	9.556706
0	94	193	9.433409
0	94	63	9.250081
0	94	51	8.657701
0	94	200	7.954735
0	94	194	6.255911
0	94	188	6.200974
0	94	206	5.813505
0	94	199	5.357253
0	94	15	5.234063
0	94	14	5.221545
0	94	207	3.894893
0	94	99	2.787539
0	94	198	2.766184
0	94	196	2.727379
0	94	201	1.898930
0	94	122	0.545227
0	94	204	0.037807
0	94	8	-0.399637
0	94	16	-0.473105
0	94	113	-2.115141
0	94	18	-2.708187
0	94	217	-2.988747
0	94	126	-3.396096
0	94	192	-5.063217
0	94	3	-5.196751
0	94	189	-5.865324
0	94	13	-6.540997
0	94	202	-6.602463
0	94	210	-8.281828
0	94	212	-8.379167
0	94	205	-8.641767
0	94	197	-8.923674
0	94	195	-8.940879
0	94	187	-8.997549
0	94	109	-9.056722
0	94	209	-9.141692
0	94	191	-9.429586
0	94	203	-9.447692
0	94	208	-10.011601
0	94	17	-10.290174
0	95	199	10.440385
0	95	116	10.141814
0	95	198	9.799985
0	95	201	9.599209
0	95	193	9.340321
0	95	190	9.300456
0	95	63	9.054063
0	95	15	9.001456
0	95	51	7.571154
0	95	194	7.112847
0	95	14	6.446620
0	95	207	6.224977
0	95	206	6.098200
0	95	200	5.313653
0	95	17	5.114332
0	95	196	4.862016
0	95	217	4.624511
0	95	188	3.774224
0	95	8	3.437840
0	95	192	3.225559
0	95	204	3.130812
0	95	113	1.968169
0	95	16	1.752992
0	95	13	1.739507
0	95	99	0.784104
0	95	189	-1.058828
0	95	18	-1.238033
0	95	122	-1.498945
0	95	3	-3.649776
0	95	126	-5.228312
0	95	187	-5.258804
0	95	202	-6.485555
0	95	109	-8.146099
0	95	210	-8.405697
0	95	205	-8.718562
0	95	212	-8.764761
0	95	195	-9.139962
0	95	197	-9.197795
0	95	209	-9.403640
0	95	203	-9.462131
0	95	191	-9.494763
0	95	208	-9.814731
0	96	116	10.619918
0	96	190	8.910154
0	96	193	8.715888
0	96	63	7.378437
0	96	51	6.388345
0	96	188	5.351828
0	96	207	5.226903
0	96	200	5.132746
0	96	206	5.028251
0	96	14	3.967674
0	96	15	3.756811
0	96	196	3.519640
0	96	194	3.301903
0	96	199	3.023162
0	96	99	2.428940
0	96	8	0.230901
0	96	122	-0.037687
0	96	16	-0.713717
0	96	198	-0.937190
0	96	201	-1.341699
0	96	3	-2.224023
0	96	18	-2.427035
0	96	204	-2.761367
0	96	126	-5.512316
0	96	13	-5.532267
0	96	113	-5.623127
0	96	192	-5.879019
0	96	189	-5.940103
0	96	217	-6.851220
0	96	202	-7.339462
0	96	210	-8.230621
0	96	212	-8.655014
0	96	205	-8.876744
0	96	195	-8.882745
0	96	197	-9.130557
0	96	209	-9.187466
0	96	187	-9.191858
0	96	203	-9.368556
0	96	109	-9.433712
0	96	191	-9.506145
0	96	208	-9.966397
0	96	17	-10.200962
0	99	193	10.489837
0	99	199	9.654594
0	99	190	9.480859
0	99	63	9.311265
0	99	116	8.899959
0	99	194	8.752712
0	99	207	8.702993
0	99	51	8.249522
0	99	211	8.180025
0	99	198	7.198673
0	99	206	6.186459
0	99	14	5.975857
0	99	15	5.670259
0	99	201	5.637950
0	99	99	4.649798
0	99	196	4.125967
0	99	200	3.739121
0	99	8	3.052697
0	99	204	2.559874
0	99	188	2.366142
0	99	18	0.808584
0	99	217	0.454115
0	99	16	-1.040982
0	99	13	-3.849252
0	99	192	-4.017441
0	99	189	-4.354460
0	99	113	-4.422721
0	99	122	-4.475994
0	99	3	-4.799813
0	99	126	-6.351400
0	99	212	-6.572779
0	99	109	-6.775702
0	99	202	-7.177960
0	99	210	-8.217392
0	99	195	-8.729760
0	99	205	-8.894800
0	99	197	-8.972143
0	99	203	-9.046800
0	99	209	-9.083285
0	99	191	-9.276097
0	100	193	9.794210
0	100	190	9.660085
0	100	211	9.629991
0	100	116	9.237737
0	100	63	8.928231
0	100	51	8.337037
0	100	206	7.403925
0	100	194	7.168487
0	100	200	6.922366
0	100	15	6.129394
0	100	14	5.778335
0	100	199	5.253779
0	100	188	4.784776
0	100	196	3.270415
0	100	122	3.218905
0	100	201	3.032467
0	100	207	2.613182
0	100	198	2.381079
0	100	99	2.124145
0	100	8	2.106732
0	100	16	0.651594
0	100	113	0.650053
0	100	18	0.521763
0	100	210	0.390154
0	100	204	-0.770079
0	100	217	-1.069358
0	100	3	-3.802979
0	100	202	-4.692106
0	100	109	-4.692448
0	100	189	-4.746317
0	100	13	-5.169144
0	100	192	-6.343957
0	100	126	-6.767461
0	100	191	-7.435647
0	100	212	-7.783358
0	100	197	-8.494511
0	100	205	-8.530220
0	100	195	-8.682864
0	100	203	-8.893656
0	100	209	-8.928165
0	123	229	9.955844
0	123	190	9.495980
0	123	228	9.465966
0	123	221	9.182773
0	123	116	8.966475
0	123	243	8.952901
0	123	51	7.987689
0	123	232	7.665679
0	123	241	7.610624
0	123	224	7.541482
0	123	199	6.544350
0	123	233	6.345474
0	123	188	6.303804
0	123	244	5.858027
0	123	14	5.783238
0	123	240	5.433262
0	123	201	4.941942
0	123	196	4.449345
0	123	207	4.341632
0	123	238	4.272037
0	123	11	3.473167
0	123	237	3.271745
0	123	239	3.100691
0	123	227	2.547984
0	123	223	1.871693
0	123	222	1.671860
0	123	231	1.470530
0	123	16	0.987436
0	123	8	0.937186
0	123	99	0.878181
0	123	230	0.034437
0	123	122	-0.677428
0	123	236	-1.911894
0	123	198	-2.641445
0	123	247	-3.070194
0	123	18	-3.321278
0	123	242	-4.611197
0	123	3	-5.449958
0	123	235	-5.942462
0	123	217	-6.657729
0	123	246	-7.544098
0	123	245	-7.663766
0	123	225	-8.071677
0	123	210	-8.296363
0	123	226	-8.382832
0	123	96	-8.840964
0	123	197	-9.070543
0	123	234	-9.206014
0	123	187	-9.246188
0	123	191	-9.409698
0	123	208	-9.905455
0	124	221	8.949662
0	124	116	8.868614
0	124	228	8.234096
0	124	190	7.620400
0	124	229	7.554852
0	124	232	6.884407
0	124	244	6.663462
0	124	51	6.202482
0	124	233	6.191287
0	124	243	6.065298
0	124	199	5.899441
0	124	224	5.615272
0	124	241	5.238158
0	124	240	4.846299
0	124	14	4.356084
0	124	207	4.319501
0	124	11	3.521611
0	124	231	1.890658
0	124	223	1.852635
0	124	227	1.281166
0	124	8	1.246032
0	124	201	0.766136
0	124	99	0.503322
0	124	198	0.384365
0	124	237	0.223944
0	124	196	0.135216
0	124	239	-0.213658
0	124	16	-0.277954
0	124	230	-0.280272
0	124	3	-1.091077
0	124	18	-1.644282
0	124	188	-2.084336
0	124	122	-2.866272
0	124	236	-2.901167
0	124	235	-3.205919
0	124	242	-3.832749
0	124	247	-3.916296
0	124	210	-4.248732
0	124	222	-6.162174
0	124	238	-7.155240
0	124	245	-7.306897
0	124	217	-8.231016
0	124	225	-8.385932
0	124	226	-8.542715
0	124	246	-8.663258
0	124	96	-8.992167
0	124	197	-9.042404
0	124	187	-9.144973
0	124	234	-9.178370
0	124	191	-9.411886
0	124	208	-9.929956
0	125	221	9.739051
0	125	229	9.515743
0	125	199	9.357127
0	125	228	9.263317
0	125	190	9.261268
0	125	224	8.867637
0	125	198	8.821857
0	125	116	8.389210
0	125	232	7.657179
0	125	243	7.539330
0	125	14	7.409679
0	125	201	6.583776
0	125	240	6.499441
0	125	207	6.121786
0	125	51	6.094182
0	125	233	5.765256
0	125	241	5.523712
0	125	196	3.751041
0	125	188	3.724081
0	125	222	3.569196
0	125	11	3.513184
0	125	239	1.891287
0	125	244	1.621962
0	125	8	1.569954
0	125	227	1.547374
0	125	237	1.207999
0	125	223	0.578092
0	125	236	0.520356
0	125	230	-0.291991
0	125	16	-1.137154
0	125	217	-1.279001
0	125	247	-2.422573
0	125	246	-3.134068
0	125	18	-3.325097
0	125	99	-3.499207
0	125	122	-3.865469
0	125	242	-4.256790
0	125	238	-4.773098
0	125	225	-6.147033
0	125	3	-6.665686
0	125	231	-6.774760
0	125	245	-7.453357
0	125	235	-7.542359
0	125	210	-8.451615
0	125	226	-8.458188
0	125	96	-8.942245
0	125	197	-9.012545
0	125	234	-9.135043
0	125	187	-9.236074
0	125	191	-9.344272
0	125	208	-9.939595
0	126	221	10.199813
0	126	116	9.776595
0	126	190	9.567803
0	126	229	9.556235
0	126	228	8.819856
0	126	241	8.424795
0	126	240	8.310132
0	126	243	7.645449
0	126	232	7.438919
0	126	51	6.974078
0	126	236	6.965738
0	126	224	6.884543
0	126	188	5.921775
0	126	244	5.882924
0	126	199	5.605060
0	126	223	4.704229
0	126	207	4.662323
0	126	14	4.527656
0	126	233	4.496325
0	126	196	4.458197
0	126	238	2.501388
0	126	222	2.035433
0	126	11	1.686990
0	126	99	1.559477
0	126	237	1.087368
0	126	201	0.769420
0	126	8	0.586120
0	126	16	-0.131383
0	126	198	-0.761631
0	126	18	-1.575817
0	126	122	-1.593943
0	126	239	-1.780499
0	126	247	-2.557019
0	126	246	-2.820410
0	126	230	-2.880864
0	126	227	-4.013928
0	126	3	-4.498372
0	126	242	-5.322738
0	126	231	-5.428864
0	126	245	-5.442985
0	126	217	-6.630479
0	126	235	-7.784283
0	126	226	-7.803612
0	126	210	-8.315495
0	126	225	-8.364725
0	126	96	-8.744034
0	126	197	-8.951804
0	126	234	-8.988676
0	126	187	-9.149060
0	126	191	-9.385552
0	126	208	-9.846475
0	127	229	9.433279
0	127	190	9.194079
0	127	221	8.889583
0	127	51	7.891374
0	127	116	7.876321
0	127	228	7.855218
0	127	232	7.203486
0	127	207	6.375868
0	127	243	5.461253
0	127	241	4.136282
0	127	224	4.105356
0	127	14	4.011761
0	127	188	2.826071
0	127	11	2.807273
0	127	201	2.185256
0	127	196	1.866583
0	127	233	1.684757
0	127	199	1.319014
0	127	244	1.151823
0	127	8	0.769120
0	127	239	0.447677
0	127	99	0.346672
0	127	16	-0.303394
0	127	240	-0.694918
0	127	222	-0.863482
0	127	238	-0.920768
0	127	247	-1.005334
0	127	237	-1.228250
0	127	18	-1.436868
0	127	198	-1.675533
0	127	230	-3.080906
0	127	231	-3.978865
0	127	242	-4.293278
0	127	236	-5.410716
0	127	3	-5.571396
0	127	223	-5.897824
0	127	217	-6.240458
0	127	227	-6.595018
0	127	122	-7.566630
0	127	245	-7.654705
0	127	210	-7.756401
0	127	225	-8.402773
0	127	246	-8.462368
0	127	235	-8.599740
0	127	226	-8.622646
0	127	96	-8.790896
0	127	197	-8.983621
0	127	234	-8.984417
0	127	187	-9.303787
0	127	191	-9.317935
0	127	208	-9.712798
0	144	257	8.979146
0	144	63	8.230750
0	144	253	7.788267
0	144	199	7.433367
0	144	252	6.766750
0	144	248	6.681058
0	144	14	6.484122
0	144	251	5.934272
0	144	250	5.744287
0	144	200	5.603207
0	144	258	5.236589
0	144	201	3.567137
0	144	11	3.250883
0	144	8	1.128724
0	144	110	-0.668782
0	144	18	-0.706335
0	144	16	-1.786609
0	144	13	-2.111404
0	144	3	-3.164779
0	144	113	-3.975440
0	144	249	-4.033722
0	144	187	-6.901858
0	144	256	-7.677111
0	144	254	-7.896895
0	144	109	-8.356162
0	144	255	-8.578554
0	144	17	-9.276543
0	144	191	-9.473778
0	144	208	-9.906959
0	145	63	7.852702
0	145	253	7.703137
0	145	248	6.825152
0	145	252	5.993943
0	145	251	5.865326
0	145	199	5.856350
0	145	257	5.794865
0	145	14	5.617418
0	145	250	4.490580
0	145	200	3.673823
0	145	258	3.570199
0	145	201	3.135798
0	145	11	3.036568
0	145	8	2.284009
0	145	16	1.105675
0	145	110	-3.550939
0	145	18	-3.554705
0	145	3	-5.517312
0	145	13	-6.339964
0	145	113	-6.480068
0	145	249	-6.486392
0	145	254	-7.288456
0	145	187	-8.508094
0	145	256	-8.517909
0	145	109	-8.874604
0	145	255	-9.085337
0	145	191	-9.232080
0	145	208	-9.709269
0	145	17	-9.899944
0	146	257	8.655935
0	146	63	8.443567
0	146	248	7.846923
0	146	253	7.606362
0	146	252	7.604975
0	146	200	5.637316
0	146	14	5.005031
0	146	199	4.541929
0	146	251	4.367488
0	146	250	4.293955
0	146	258	1.751040
0	146	8	1.230120
0	146	11	0.780253
0	146	16	-0.097758
0	146	110	-0.958773
0	146	201	-1.526396
0	146	3	-2.652711
0	146	18	-3.170592
0	146	113	-6.880854
0	146	249	-7.453181
0	146	13	-7.789749
0	146	254	-7.905515
0	146	187	-8.989750
0	146	109	-9.096553
0	146	255	-9.187329
0	146	191	-9.207970
0	146	256	-9.274179
0	146	208	-9.727166
0	146	17	-9.930501
0	147	63	9.896107
0	147	253	9.359345
0	147	199	9.189895
0	147	257	9.157707
0	147	251	7.763191
0	147	248	7.292491
0	147	14	6.745627
0	147	201	6.649284
0	147	252	6.156381
0	147	200	5.461791
0	147	258	5.055815
0	147	11	3.197600
0	147	250	2.362606
0	147	8	2.145687
0	147	110	-0.299078
0	147	18	-0.473924
0	147	16	-1.214331
0	147	256	-1.608516
0	147	3	-4.670249
0	147	113	-5.556667
0	147	13	-6.432338
0	147	249	-7.084619
0	147	254	-7.895803
0	147	187	-9.077184
0	147	109	-9.149738
0	147	191	-9.200148
0	147	255	-9.300772
0	147	208	-9.979167
0	147	17	-10.098619
0	148	252	8.197841
0	148	63	7.976694
0	148	253	7.497614
0	148	257	6.925934
0	148	200	6.491146
0	148	248	6.289176
0	148	199	5.565791
0	148	14	5.507921
0	148	250	5.265519
0	148	258	4.647115
0	148	251	3.851848
0	148	11	3.381749
0	148	8	1.477083
0	148	201	0.764914
0	148	110	-0.264010
0	148	16	-0.280318
0	148	18	-1.048968
0	148	113	-1.985919
0	148	3	-3.163957
0	148	13	-4.980029
0	148	17	-5.596245
0	148	249	-5.773610
0	148	254	-7.129490
0	148	191	-7.830785
0	148	255	-8.733675
0	148	256	-8.924910
0	148	109	-9.158509
0	148	187	-9.164533
0	148	208	-9.771111
0	150	257	9.117620
0	150	199	8.926190
0	150	201	8.587579
0	150	258	8.362165
0	150	253	7.650916
0	150	63	7.387279
0	150	251	6.431392
0	150	14	5.927245
0	150	8	4.951106
0	150	248	4.739833
0	150	252	4.314750
0	150	200	3.923650
0	150	250	3.747422
0	150	18	2.292315
0	150	110	0.419566
0	150	11	-0.687537
0	150	16	-2.826627
0	150	187	-3.433815
0	150	113	-3.715860
0	150	13	-4.275567
0	150	256	-5.091274
0	150	3	-5.244101
0	150	249	-6.104678
0	150	109	-7.378731
0	150	254	-7.804446
0	150	255	-9.111604
0	150	191	-9.211025
0	150	208	-9.786126
0	150	17	-9.921680
0	177	116	10.997678
0	177	244	10.899035
0	177	183	10.651376
0	177	270	9.940939
0	177	30	8.943350
0	177	63	8.003057
0	177	263	7.925857
0	177	264	7.557052
0	177	61	7.473869
0	177	112	7.115224
0	177	51	7.081524
0	177	265	7.030301
0	177	14	6.284121
0	177	267	5.783471
0	177	269	3.665602
0	177	268	2.575095
0	177	8	2.453043
0	177	58	2.215205
0	177	119	2.081991
0	177	11	1.413329
0	177	266	0.940828
0	177	16	0.542857
0	177	113	-0.142928
0	177	18	-1.025956
0	177	3	-1.057218
0	177	271	-2.554543
0	177	272	-2.732594
0	177	13	-2.889135
0	177	231	-3.484059
0	177	278	-5.835742
0	177	115	-6.598895
0	177	109	-6.979233
0	177	255	-8.545211
0	177	280	-8.689388
0	177	277	-9.016821
0	177	17	-10.054741
0	178	183	9.663415
0	178	267	9.430741
0	178	116	9.238524
0	178	14	8.928121
0	178	30	8.890012
0	178	265	8.531146
0	178	61	8.431563
0	178	264	8.126090
0	178	63	7.183214
0	178	263	6.806345
0	178	58	6.484674
0	178	51	6.224244
0	178	244	6.139345
0	178	270	5.961616
0	178	11	5.272179
0	178	112	4.255725
0	178	269	3.161189
0	178	16	1.621509
0	178	231	1.174531
0	178	8	0.636015
0	178	113	-1.608117
0	178	278	-2.305918
0	178	268	-2.993954
0	178	119	-4.038874
0	178	266	-4.779598
0	178	277	-5.023376
0	178	13	-5.268910
0	178	3	-5.428684
0	178	18	-5.720284
0	178	109	-8.179475
0	178	255	-8.286065
0	178	271	-8.352314
0	178	272	-8.383964
0	178	115	-9.110306
0	178	280	-9.155995
0	178	17	-9.672510
0	179	183	10.467262
0	179	116	10.242566
0	179	244	10.155708
0	179	30	9.582803
0	179	263	9.191977
0	179	270	8.588314
0	179	61	8.552668
0	179	265	8.383793
0	179	63	6.523032
0	179	264	6.501071
0	179	51	6.085526
0	179	58	5.773455
0	179	14	3.675822
0	179	267	3.537696
0	179	269	3.211844
0	179	11	2.867141
0	179	112	2.474727
0	179	8	-0.196946
0	179	3	-0.377684
0	179	16	-0.590962
0	179	231	-0.642250
0	179	268	-1.665697
0	179	266	-1.781662
0	179	119	-2.111764
0	179	18	-2.257297
0	179	113	-5.860690
0	179	13	-6.063104
0	179	271	-6.612292
0	179	115	-8.193867
0	179	255	-8.355862
0	179	278	-8.580682
0	179	272	-8.778286
0	179	109	-8.930787
0	179	280	-9.060246
0	179	277	-9.355881
0	179	17	-10.069695
0	180	183	10.473728
0	180	30	9.748488
0	180	116	9.682058
0	180	263	9.090549
0	180	270	9.012916
0	180	264	8.770187
0	180	244	8.712421
0	180	61	8.521142
0	180	265	7.549527
0	180	63	7.349118
0	180	58	6.405320
0	180	51	5.584414
0	180	11	5.352273
0	180	14	5.033798
0	180	267	4.222250
0	180	112	3.112762
0	180	269	2.292762
0	180	8	1.448518
0	180	268	0.744680
0	180	18	-0.849849
0	180	16	-1.579757
0	180	266	-1.869266
0	180	3	-1.927281
0	180	231	-4.306659
0	180	119	-4.790025
0	180	13	-6.478625
0	180	113	-6.872955
0	180	271	-7.444091
0	180	272	-8.165908
0	180	109	-8.389172
0	180	115	-8.490067
0	180	278	-8.809198
0	180	255	-9.103248
0	180	280	-9.113758
0	180	277	-9.320853
0	180	17	-10.121155
0	181	183	10.935396
0	181	116	10.675386
0	181	244	10.601561
0	181	264	9.784109
0	181	61	9.441346
0	181	30	9.361125
0	181	270	8.787616
0	181	263	8.695037
0	181	265	8.200673
0	181	63	6.101326
0	181	51	5.602106
0	181	58	4.262281
0	181	14	3.471847
0	181	112	2.977268
0	181	267	1.760189
0	181	269	1.587326
0	181	11	1.248370
0	181	8	0.149748
0	181	3	-0.930893
0	181	16	-1.569549
0	181	119	-2.422373
0	181	266	-2.471690
0	181	18	-2.938270
0	181	268	-3.181239
0	181	231	-4.066846
0	181	113	-5.390985
0	181	13	-6.790177
0	181	271	-7.615636
0	181	115	-8.283632
0	181	278	-8.745222
0	181	255	-8.833501
0	181	272	-8.843683
0	181	280	-9.045342
0	181	109	-9.278889
0	181	277	-9.300694
0	181	17	-10.103571
0	182	63	9.752748
0	182	264	9.524239
0	182	183	9.510445
0	182	61	8.988576
0	182	267	8.583401
0	182	270	8.541074
0	182	265	8.094395
0	182	51	7.498628
0	182	30	7.178826
0	182	58	6.486320
0	182	14	5.774686
0	182	112	5.675687
0	182	244	5.265049
0	182	11	5.123373
0	182	116	3.928260
0	182	263	3.872260
0	182	269	2.263387
0	182	8	1.306895
0	182	268	-0.127959
0	182	16	-0.312244
0	182	109	-1.110861
0	182	18	-2.562760
0	182	13	-3.102900
0	182	119	-3.723626
0	182	266	-4.063575
0	182	231	-4.134311
0	182	3	-5.017186
0	182	113	-5.555148
0	182	271	-7.241736
0	182	255	-8.352977
0	182	115	-8.715531
0	182	278	-8.751771
0	182	272	-8.929932
0	182	280	-8.966821
0	182	277	-9.287912
0	182	17	-9.908902
0	183	183	11.241824
0	183	267	11.161745
0	183	273	10.654004
0	183	283	10.518758
0	183	282	10.097668
0	183	290	9.962248
0	183	289	9.952349
0	183	116	9.932169
0	183	263	9.263047
0	183	264	9.090308
0	183	51	8.712676
0	183	270	8.532506
0	183	244	8.473603
0	183	112	8.426524
0	183	30	8.310836
0	183	63	7.870661
0	183	61	7.591063
0	183	14	7.562295
0	183	275	7.173853
0	183	291	6.924018
0	183	58	6.858181
0	183	276	6.122571
0	183	274	5.979792
0	183	294	5.598493
0	183	231	4.052532
0	183	279	3.705407
0	183	281	3.322326
0	183	287	2.218837
0	183	285	1.820889
0	183	18	1.805531
0	183	268	1.533945
0	183	293	1.274078
0	183	292	1.068305
0	183	113	0.771290
0	183	119	-0.066298
0	183	295	-0.074996
0	183	288	-1.033038
0	183	271	-1.119944
0	183	286	-1.195722
0	183	284	-1.712493
0	183	3	-1.856349
0	183	272	-3.691711
0	183	115	-4.480558
0	183	278	-4.787771
0	183	280	-8.835034
0	184	183	10.390927
0	184	244	9.635859
0	184	116	9.450733
0	184	30	9.181248
0	184	270	8.819652
0	184	61	8.469201
0	184	265	8.177868
0	184	263	8.091197
0	184	63	7.928961
0	184	264	7.919155
0	184	51	6.291021
0	184	11	5.647951
0	184	58	5.056283
0	184	267	4.930372
0	184	14	4.553945
0	184	112	4.025180
0	184	269	1.802490
0	184	8	1.277847
0	184	266	0.660978
0	184	268	0.568521
0	184	16	-0.849377
0	184	18	-1.166339
0	184	3	-2.217864
0	184	119	-3.470923
0	184	231	-4.953066
0	184	13	-5.628427
0	184	113	-6.707508
0	184	271	-7.043026
0	184	115	-8.160246
0	184	109	-8.507564
0	184	272	-8.662461
0	184	278	-8.667933
0	184	255	-8.706999
0	184	280	-8.914285
0	184	277	-9.167629
0	184	17	-9.980824
0	185	30	10.458721
0	185	183	10.419722
0	185	116	10.385460
0	185	244	10.283338
0	185	263	9.676756
0	185	264	9.408598
0	185	270	9.309767
0	185	61	8.448394
0	185	265	7.528063
0	185	63	7.023603
0	185	51	6.482938
0	185	58	6.077521
0	185	14	4.176899
0	185	11	3.892801
0	185	267	3.753294
0	185	112	3.225082
0	185	269	2.483859
0	185	266	1.266340
0	185	8	0.012057
0	185	16	-0.111755
0	185	268	-1.056021
0	185	3	-1.673642
0	185	231	-1.675782
0	185	18	-2.113029
0	185	119	-3.616880
0	185	113	-6.043195
0	185	13	-6.827460
0	185	271	-7.521700
0	185	278	-7.563892
0	185	255	-7.977639
0	185	115	-8.243357
0	185	272	-8.619804
0	185	109	-8.758088
0	185	280	-9.094014
0	185	277	-9.368558
0	185	17	-10.096490
0	186	183	11.210402
0	186	116	11.010553
0	186	244	10.956988
0	186	263	10.225543
0	186	270	9.778410
0	186	61	9.488941
0	186	30	9.476117
0	186	264	9.341231
0	186	63	8.703857
0	186	265	7.683344
0	186	267	6.781386
0	186	51	6.418622
0	186	14	5.648561
0	186	11	5.119491
0	186	58	4.031271
0	186	269	3.907952
0	186	112	3.793650
0	186	268	2.702510
0	186	8	2.409626
0	186	266	2.086339
0	186	119	0.173826
0	186	18	0.040078
0	186	16	-0.873853
0	186	3	-1.481601
0	186	231	-4.410551
0	186	113	-5.065847
0	186	271	-5.217020
0	186	13	-5.222566
0	186	115	-6.919038
0	186	278	-8.339451
0	186	272	-8.371945
0	186	255	-8.565902
0	186	109	-8.705540
0	186	280	-8.716352
0	186	277	-8.869385
0	186	17	-9.832507
