0	1	18	0.231784
0	1	8	0.153710
0	1	14	0.142293
0	1	5	0.098309
0	1	15	0.061337
0	1	19	0.050743
0	1	2	0.044965
0	1	9	0.043054
0	1	0	0.041264
0	1	3	0.035762
0	1	6	0.021695
0	1	1	0.016445
0	1	7	-0.006540
0	1	12	-0.012475
0	1	10	-0.015105
0	1	17	-0.098658
0	1	4	-0.116707
0	1	13	-0.142370
0	1	11	-0.180424
0	1	16	-0.250790
0	2	8	0.239619
0	2	15	0.171705
0	2	18	0.152213
0	2	5	0.132967
0	2	3	0.112898
0	2	14	0.105746
0	2	19	0.102531
0	2	0	0.019907
0	2	6	0.018116
0	2	12	0.013578
0	2	1	0.010946
0	2	10	0.006098
0	2	9	0.000391
0	2	2	-0.016727
0	2	7	-0.045751
0	2	17	-0.135489
0	2	4	-0.180484
0	2	13	-0.243811
0	2	11	-0.306606
0	2	16	-0.320817
0	3	18	0.333761
0	3	8	0.209372
0	3	15	0.171767
0	3	6	0.162894
0	3	19	0.162504
0	3	5	0.156230
0	3	3	0.155902
0	3	14	0.129823
0	3	12	0.125130
0	3	1	0.123790
0	3	9	0.110217
0	3	10	0.101517
0	3	0	0.084967
0	3	17	0.035801
0	3	2	0.007881
0	3	7	-0.015944
0	3	13	-0.016159
0	3	4	-0.016397
0	3	16	-0.099614
0	3	11	-0.127773
0	14	18	0.219105
0	14	14	0.201443
0	14	45	0.181414
0	14	78	0.156437
0	14	61	0.155465
0	14	39	0.150010
0	14	51	0.137857
0	14	50	0.135973
0	14	8	0.129267
0	14	42	0.128962
0	14	54	0.112323
0	14	21	0.101917
0	14	43	0.100547
0	14	30	0.098931
0	14	23	0.097859
0	14	66	0.090670
0	14	31	0.090042
0	14	55	0.089491
0	14	57	0.089338
0	14	65	0.085361
0	14	52	0.083843
0	14	58	0.083626
0	14	34	0.069261
0	14	28	0.065814
0	14	74	0.063779
0	14	72	0.053530
0	14	53	0.048561
0	14	22	0.045175
0	14	3	0.036598
0	14	63	0.035407
0	14	64	0.034413
0	14	71	0.032778
0	14	41	0.025465
0	14	46	0.016675
0	14	70	0.013782
0	14	76	0.011973
0	14	27	0.010680
0	14	26	0.005748
0	14	56	0.004336
0	14	62	-0.005940
0	14	40	-0.007509
0	14	29	-0.016970
0	14	36	-0.019780
0	14	32	-0.022745
0	14	44	-0.024803
0	14	77	-0.030917
0	14	24	-0.031442
0	14	75	-0.037607
0	14	79	-0.041003
0	14	37	-0.041586
0	14	20	-0.045907
0	14	48	-0.049545
0	14	38	-0.059555
0	14	73	-0.068871
0	14	47	-0.075754
0	14	33	-0.081480
0	14	25	-0.092177
0	14	69	-0.092541
0	14	49	-0.093703
0	14	35	-0.103850
0	14	85	-0.113308
0	14	11	-0.152296
0	14	16	-0.265695
0	15	61	0.217262
0	15	8	0.210586
0	15	45	0.196552
0	15	50	0.191832
0	15	18	0.181885
0	15	39	0.179606
0	15	52	0.177475
0	15	28	0.175202
0	15	51	0.172397
0	15	78	0.166220
0	15	23	0.156918
0	15	43	0.154166
0	15	55	0.143752
0	15	21	0.143616
0	15	74	0.142712
0	15	22	0.135711
0	15	66	0.125435
0	15	30	0.124356
0	15	46	0.115314
0	15	63	0.108872
0	15	42	0.105040
0	15	58	0.099283
0	15	54	0.095742
0	15	26	0.095423
0	15	27	0.092569
0	15	57	0.087748
0	15	62	0.086780
0	15	56	0.080925
0	15	34	0.076141
0	15	20	0.073169
0	15	65	0.072687
0	15	32	0.068417
0	15	3	0.056453
0	15	31	0.056074
0	15	53	0.052681
0	15	77	0.047893
0	15	14	0.040427
0	15	37	0.035458
0	15	72	0.017067
0	15	35	-0.000974
0	15	71	-0.003567
0	15	48	-0.009900
0	15	64	-0.017381
0	15	40	-0.028920
0	15	25	-0.035150
0	15	24	-0.046069
0	15	76	-0.058363
0	15	47	-0.060510
0	15	36	-0.077736
0	15	70	-0.082307
0	15	73	-0.104279
0	15	38	-0.121424
0	15	85	-0.123547
0	15	44	-0.131127
0	15	49	-0.134347
0	15	41	-0.135920
0	15	33	-0.139741
0	15	79	-0.143988
0	15	29	-0.173429
0	15	75	-0.176876
0	15	69	-0.180257
0	15	16	-0.256528
0	15	11	-0.282002
0	16	61	0.253128
0	16	39	0.204596
0	16	45	0.204596
0	16	14	0.202480
0	16	51	0.201641
0	16	18	0.200623
0	16	50	0.192732
0	16	78	0.186815
0	16	30	0.180378
0	16	8	0.175226
0	16	23	0.164893
0	16	42	0.155023
0	16	74	0.152464
0	16	31	0.148362
0	16	58	0.147849
0	16	57	0.147014
0	16	55	0.134079
0	16	34	0.120751
0	16	3	0.120080
0	16	66	0.115258
0	16	21	0.111257
0	16	65	0.110396
0	16	22	0.102037
0	16	27	0.098152
0	16	52	0.097941
0	16	63	0.092846
0	16	43	0.085506
0	16	54	0.084057
0	16	46	0.079151
0	16	28	0.073282
0	16	71	0.072555
0	16	62	0.072322
0	16	53	0.068521
0	16	32	0.067797
0	16	72	0.067176
0	16	56	0.061753
0	16	26	0.051811
0	16	47	0.030249
0	16	76	0.028531
0	16	36	0.020095
0	16	77	0.011853
0	16	40	0.011651
0	16	37	0.010867
0	16	38	0.009651
0	16	64	0.001962
0	16	41	-0.004674
0	16	24	-0.007174
0	16	20	-0.007449
0	16	70	-0.012167
0	16	73	-0.012419
0	16	85	-0.022828
0	16	48	-0.028690
0	16	69	-0.033321
0	16	44	-0.043521
0	16	33	-0.047078
0	16	49	-0.063896
0	16	29	-0.065069
0	16	75	-0.066355
0	16	11	-0.075046
0	16	25	-0.082265
0	16	35	-0.096358
0	16	79	-0.121102
0	16	16	-0.184873
0	19	14	0.183824
0	19	78	0.167105
0	19	58	0.156066
0	19	55	0.137516
0	19	39	0.127938
0	19	23	0.123374
0	19	50	0.120202
0	19	51	0.117923
0	19	45	0.117796
0	19	21	0.105658
0	19	42	0.102708
0	19	8	0.096712
0	19	66	0.095629
0	19	61	0.094438
0	19	74	0.093419
0	19	3	0.092574
0	19	34	0.090937
0	19	62	0.085910
0	19	30	0.084624
0	19	43	0.084535
0	19	65	0.082754
0	19	54	0.081625
0	19	31	0.070706
0	19	63	0.066497
0	19	18	0.064244
0	19	22	0.061291
0	19	76	0.059772
0	19	57	0.058149
0	19	27	0.054091
0	19	26	0.050343
0	19	52	0.047136
0	19	36	0.043338
0	19	53	0.042002
0	19	56	0.041254
0	19	70	0.039962
0	19	72	0.035876
0	19	32	0.031381
0	19	44	0.028146
0	19	71	0.020658
0	19	28	0.019766
0	19	46	0.018682
0	19	37	0.015770
0	19	33	0.012618
0	19	73	0.010236
0	19	20	0.008180
0	19	64	0.004959
0	19	24	-0.002187
0	19	25	-0.002592
0	19	40	-0.006824
0	19	48	-0.012310
0	19	77	-0.014291
0	19	47	-0.016688
0	19	75	-0.019633
0	19	29	-0.026865
0	19	41	-0.029983
0	19	85	-0.038847
0	19	35	-0.043487
0	19	49	-0.046291
0	19	38	-0.046613
0	19	11	-0.056154
0	19	79	-0.069568
0	19	69	-0.072187
0	19	16	-0.095040
0	22	78	0.231827
0	22	55	0.225241
0	22	8	0.205588
0	22	14	0.198165
0	22	58	0.179130
0	22	50	0.171529
0	22	51	0.157719
0	22	18	0.157591
0	22	3	0.135116
0	22	61	0.134790
0	22	30	0.129229
0	22	21	0.127777
0	22	43	0.125190
0	22	45	0.124943
0	22	52	0.121229
0	22	54	0.112485
0	22	31	0.109088
0	22	39	0.105193
0	22	74	0.100570
0	22	22	0.096953
0	22	23	0.095549
0	22	66	0.094651
0	22	42	0.093800
0	22	27	0.071269
0	22	28	0.070959
0	22	63	0.067656
0	22	62	0.063203
0	22	46	0.063113
0	22	64	0.056218
0	22	53	0.052353
0	22	34	0.046366
0	22	57	0.041308
0	22	32	0.035297
0	22	72	0.032261
0	22	20	0.017096
0	22	26	-0.001305
0	22	56	-0.002739
0	22	65	-0.003112
0	22	36	-0.010226
0	22	40	-0.012764
0	22	47	-0.015144
0	22	41	-0.021634
0	22	24	-0.023870
0	22	25	-0.026950
0	22	71	-0.033037
0	22	37	-0.034979
0	22	38	-0.062269
0	22	76	-0.076289
0	22	48	-0.076805
0	22	29	-0.080809
0	22	70	-0.088488
0	22	35	-0.091422
0	22	77	-0.092062
0	22	44	-0.098567
0	22	49	-0.112724
0	22	73	-0.123844
0	22	85	-0.123915
0	22	33	-0.126393
0	22	79	-0.158251
0	22	11	-0.187644
0	22	69	-0.189690
0	22	75	-0.192088
0	22	16	-0.214785
0	43	107	0.166687
0	43	8	0.165135
0	43	14	0.150531
0	43	15	0.144728
0	43	106	0.129691
0	43	18	0.126146
0	43	3	0.122568
0	43	95	0.114921
0	43	86	0.110288
0	43	99	0.107107
0	43	108	0.103173
0	43	61	0.096892
0	43	91	0.089310
0	43	94	0.072671
0	43	52	0.070910
0	43	97	0.064664
0	43	105	0.058624
0	43	58	0.057930
0	43	96	0.057520
0	43	98	0.030381
0	43	110	0.019763
0	43	63	0.014409
0	43	26	0.014376
0	43	87	-0.003352
0	43	100	-0.014680
0	43	93	-0.023123
0	43	69	-0.025657
0	43	17	-0.038632
0	43	103	-0.041338
0	43	90	-0.041352
0	43	92	-0.052562
0	43	89	-0.060719
0	43	11	-0.063443
0	43	85	-0.087610
0	43	13	-0.092504
0	43	88	-0.095533
0	43	109	-0.108404
0	44	61	0.194139
0	44	15	0.169799
0	44	95	0.168012
0	44	14	0.164861
0	44	18	0.136659
0	44	94	0.104256
0	44	86	0.095413
0	44	58	0.091629
0	44	108	0.088213
0	44	106	0.087491
0	44	3	0.062870
0	44	99	0.058027
0	44	63	0.056376
0	44	8	0.054469
0	44	52	0.052809
0	44	107	0.050359
0	44	97	0.049568
0	44	110	0.047512
0	44	105	0.040036
0	44	89	0.020374
0	44	26	0.011450
0	44	93	0.003105
0	44	92	0.002656
0	44	98	0.001964
0	44	96	0.001258
0	44	91	-0.001381
0	44	69	-0.004097
0	44	100	-0.026192
0	44	109	-0.029990
0	44	17	-0.030969
0	44	90	-0.031775
0	44	88	-0.040646
0	44	87	-0.043183
0	44	11	-0.061540
0	44	103	-0.075092
0	44	85	-0.090813
0	44	13	-0.135129
0	54	18	0.283174
0	54	8	0.225605
0	54	14	0.177693
0	54	3	0.031860
0	54	7	-0.074834
0	54	17	-0.123859
0	54	111	-0.164690
0	54	11	-0.347160
0	54	13	-0.398542
0	54	16	-0.451612
0	57	14	0.424627
0	57	18	0.389950
0	57	8	0.191809
0	57	3	0.123778
0	57	111	0.014960
0	57	7	-0.038263
0	57	11	-0.094944
0	57	17	-0.141760
0	57	13	-0.179118
0	57	16	-0.354046
0	58	18	0.324137
0	58	8	0.239960
0	58	14	0.192562
0	58	3	0.134557
0	58	17	-0.012106
0	58	7	-0.129927
0	58	111	-0.191243
0	58	13	-0.295862
0	58	16	-0.333256
0	58	11	-0.334929
0	73	132	0.228994
0	73	8	0.218218
0	73	18	0.217317
0	73	14	0.205564
0	73	159	0.155644
0	73	169	0.149522
0	73	137	0.142334
0	73	154	0.112874
0	73	145	0.086660
0	73	162	0.085519
0	73	160	0.074459
0	73	3	0.069999
0	73	149	0.056782
0	73	157	0.034112
0	73	151	0.027450
0	73	153	0.026767
0	73	155	0.026506
0	73	161	0.022516
0	73	158	0.012576
0	73	163	-0.024476
0	73	168	-0.050499
0	73	152	-0.065392
0	73	150	-0.078465
0	73	17	-0.130075
0	73	147	-0.134692
0	73	170	-0.181408
0	73	156	-0.200126
0	73	146	-0.213130
0	73	148	-0.258499
0	73	11	-0.281691
0	73	13	-0.301681
0	73	16	-0.427492
0	74	145	0.213108
0	74	14	0.212585
0	74	137	0.197175
0	74	154	0.184555
0	74	18	0.162731
0	74	8	0.152895
0	74	153	0.135700
0	74	132	0.127318
0	74	157	0.100975
0	74	162	0.083824
0	74	160	0.058133
0	74	3	0.042693
0	74	155	0.031056
0	74	159	0.020344
0	74	168	-0.016090
0	74	169	-0.017472
0	74	158	-0.028749
0	74	161	-0.081221
0	74	149	-0.085767
0	74	17	-0.092109
0	74	151	-0.110480
0	74	150	-0.136872
0	74	147	-0.146656
0	74	163	-0.192719
0	74	170	-0.237222
0	74	152	-0.240691
0	74	146	-0.262398
0	74	148	-0.306305
0	74	156	-0.310535
0	74	11	-0.419140
0	74	13	-0.507863
0	74	16	-0.563524
0	75	8	0.212348
0	75	145	0.170895
0	75	18	0.164132
0	75	137	0.151263
0	75	132	0.099878
0	75	14	0.098469
0	75	160	0.087327
0	75	164	0.070529
0	75	3	0.041004
0	75	167	-0.060694
0	75	171	-0.096537
0	75	17	-0.105546
0	75	165	-0.109668
0	75	147	-0.177866
0	75	146	-0.198639
0	75	13	-0.200363
0	75	166	-0.208891
0	75	128	-0.210581
0	75	11	-0.249014
0	75	16	-0.278764
0	77	132	0.148421
0	77	8	0.146085
0	77	18	0.143099
0	77	145	0.121217
0	77	14	0.119108
0	77	137	0.109048
0	77	164	0.104146
0	77	160	0.089469
0	77	3	0.077798
0	77	17	0.042667
0	77	147	0.008933
0	77	171	0.001839
0	77	167	-0.017907
0	77	166	-0.019703
0	77	13	-0.032040
0	77	165	-0.033522
0	77	128	-0.053061
0	77	146	-0.066509
0	77	11	-0.073117
0	77	16	-0.113878
0	94	113	0.209828
0	94	196	0.184414
0	94	188	0.176474
0	94	15	0.171211
0	94	14	0.163226
0	94	206	0.158830
0	94	51	0.157770
0	94	192	0.144468
0	94	99	0.143289
0	94	207	0.130131
0	94	63	0.120004
0	94	200	0.118616
0	94	194	0.114075
0	94	116	0.110543
0	94	3	0.100157
0	94	198	0.091130
0	94	8	0.081432
0	94	193	0.077430
0	94	190	0.070361
0	94	18	0.061993
0	94	126	0.052073
0	94	201	0.046843
0	94	191	0.042983
0	94	212	0.038546
0	94	208	0.025419
0	94	122	0.003873
0	94	204	-0.016109
0	94	189	-0.021139
0	94	203	-0.042098
0	94	209	-0.042308
0	94	17	-0.042398
0	94	197	-0.057401
0	94	205	-0.064432
0	94	210	-0.064816
0	94	202	-0.091032
0	94	199	-0.094218
0	94	187	-0.096693
0	94	195	-0.109991
0	94	217	-0.119153
0	94	109	-0.129743
0	94	16	-0.144097
0	94	13	-0.161822
0	95	200	0.294214
0	95	15	0.280215
0	95	188	0.243054
0	95	192	0.230466
0	95	206	0.217973
0	95	113	0.211877
0	95	196	0.209131
0	95	8	0.206243
0	95	194	0.203069
0	95	99	0.194904
0	95	207	0.182827
0	95	14	0.178146
0	95	18	0.132010
0	95	51	0.120010
0	95	193	0.074739
0	95	3	0.064501
0	95	190	0.043693
0	95	63	0.042385
0	95	198	0.041268
0	95	116	0.034816
0	95	122	0.029366
0	95	201	-0.029443
0	95	212	-0.038625
0	95	189	-0.040536
0	95	199	-0.050501
0	95	126	-0.070861
0	95	208	-0.077525
0	95	209	-0.128855
0	95	203	-0.160211
0	95	17	-0.161928
0	95	210	-0.165567
0	95	187	-0.178273
0	95	191	-0.192784
0	95	204	-0.199660
0	95	195	-0.218998
0	95	197	-0.241533
0	95	202	-0.259195
0	95	205	-0.295094
0	95	217	-0.322347
0	95	109	-0.441185
0	95	16	-0.536736
0	95	13	-0.604909
0	96	196	0.241845
0	96	188	0.229195
0	96	206	0.224476
0	96	15	0.222270
0	96	192	0.219902
0	96	207	0.219410
0	96	113	0.181232
0	96	200	0.170636
0	96	14	0.162931
0	96	190	0.144689
0	96	3	0.133900
0	96	99	0.133539
0	96	198	0.109654
0	96	194	0.107505
0	96	63	0.094119
0	96	18	0.071640
0	96	212	0.063758
0	96	51	0.053801
0	96	203	0.024853
0	96	116	0.023576
0	96	208	0.022759
0	96	122	0.018874
0	96	193	0.014191
0	96	8	0.002566
0	96	204	0.001096
0	96	191	-0.000600
0	96	201	-0.000879
0	96	209	-0.015413
0	96	17	-0.018923
0	96	126	-0.029418
0	96	189	-0.035376
0	96	199	-0.043952
0	96	210	-0.055263
0	96	187	-0.071724
0	96	202	-0.085254
0	96	197	-0.086560
0	96	205	-0.120072
0	96	195	-0.121911
0	96	217	-0.145918
0	96	109	-0.230187
0	96	16	-0.291698
0	96	13	-0.352509
0	99	188	0.259679
0	99	14	0.241299
0	99	196	0.237799
0	99	15	0.215594
0	99	207	0.208179
0	99	192	0.203276
0	99	200	0.193251
0	99	18	0.177720
0	99	194	0.171617
0	99	113	0.163300
0	99	206	0.162869
0	99	116	0.150439
0	99	8	0.150326
0	99	3	0.135364
0	99	198	0.134866
0	99	190	0.121784
0	99	99	0.116520
0	99	211	0.091702
0	99	63	0.067403
0	99	191	0.058698
0	99	51	0.056989
0	99	189	0.040079
0	99	212	0.034581
0	99	193	0.020395
0	99	201	0.006969
0	99	126	-0.000753
0	99	203	-0.004200
0	99	122	-0.017245
0	99	199	-0.021789
0	99	209	-0.031814
0	99	204	-0.032095
0	99	210	-0.072964
0	99	197	-0.104883
0	99	202	-0.107643
0	99	205	-0.117087
0	99	217	-0.119902
0	99	195	-0.131285
0	99	13	-0.215268
0	99	109	-0.242284
0	99	16	-0.295708
0	100	113	0.265027
0	100	196	0.224151
0	100	14	0.196758
0	100	15	0.185578
0	100	188	0.181088
0	100	206	0.147610
0	100	200	0.143328
0	100	192	0.130627
0	100	3	0.125869
0	100	18	0.122504
0	100	99	0.117371
0	100	207	0.107051
0	100	194	0.095066
0	100	198	0.093690
0	100	211	0.093512
0	100	212	0.092947
0	100	8	0.080815
0	100	190	0.077873
0	100	193	0.072998
0	100	201	0.064998
0	100	199	0.048476
0	100	63	0.047357
0	100	116	0.046334
0	100	122	0.045553
0	100	51	0.041073
0	100	126	0.023081
0	100	209	0.011726
0	100	204	0.004635
0	100	189	0.002853
0	100	191	-0.009000
0	100	210	-0.018049
0	100	217	-0.037968
0	100	203	-0.038046
0	100	195	-0.039952
0	100	202	-0.046959
0	100	197	-0.054734
0	100	109	-0.092447
0	100	205	-0.114273
0	100	16	-0.137581
0	100	13	-0.207728
0	123	228	0.289270
0	123	235	0.206504
0	123	224	0.203120
0	123	14	0.199280
0	123	232	0.191035
0	123	116	0.188332
0	123	221	0.167147
0	123	8	0.161753
0	123	207	0.154361
0	123	223	0.148704
0	123	196	0.129335
0	123	237	0.124658
0	123	225	0.122300
0	123	190	0.112173
0	123	188	0.109244
0	123	18	0.105314
0	123	187	0.095637
0	123	222	0.094979
0	123	3	0.092743
0	123	229	0.089079
0	123	244	0.081309
0	123	246	0.066168
0	123	198	0.063048
0	123	51	0.061578
0	123	231	0.058702
0	123	227	0.054187
0	123	238	0.037724
0	123	201	0.037547
0	123	99	0.033898
0	123	236	0.029653
0	123	243	0.027913
0	123	191	0.027253
0	123	241	0.024475
0	123	233	0.023426
0	123	234	-0.000879
0	123	96	-0.022303
0	123	226	-0.032591
0	123	122	-0.033298
0	123	239	-0.036171
0	123	199	-0.039513
0	123	208	-0.064365
0	123	230	-0.065623
0	123	210	-0.070154
0	123	247	-0.087369
0	123	217	-0.096942
0	123	11	-0.097605
0	123	240	-0.107713
0	123	197	-0.127418
0	123	245	-0.134903
0	123	242	-0.163605
0	123	16	-0.195649
0	124	228	0.296083
0	124	14	0.276322
0	124	207	0.263412
0	124	196	0.252847
0	124	188	0.231567
0	124	224	0.228403
0	124	232	0.205454
0	124	190	0.143369
0	124	235	0.139045
0	124	116	0.134156
0	124	8	0.127572
0	124	3	0.127401
0	124	231	0.117073
0	124	99	0.107505
0	124	223	0.103832
0	124	18	0.099676
0	124	244	0.098172
0	124	51	0.098085
0	124	225	0.090797
0	124	198	0.085169
0	124	191	0.076135
0	124	221	0.070058
0	124	237	0.069403
0	124	201	0.060133
0	124	243	0.059034
0	124	222	0.057149
0	124	238	0.024576
0	124	227	0.022576
0	124	246	0.009096
0	124	122	0.002222
0	124	226	-0.007955
0	124	233	-0.018403
0	124	236	-0.025699
0	124	96	-0.031657
0	124	229	-0.032153
0	124	239	-0.034554
0	124	241	-0.041591
0	124	208	-0.067311
0	124	210	-0.092536
0	124	234	-0.105336
0	124	187	-0.106240
0	124	247	-0.117714
0	124	199	-0.130351
0	124	230	-0.131647
0	124	197	-0.135920
0	124	245	-0.136596
0	124	240	-0.172043
0	124	242	-0.179994
0	124	11	-0.218785
0	124	217	-0.243648
0	124	16	-0.261035
0	125	196	0.236717
0	125	207	0.217777
0	125	188	0.180499
0	125	228	0.157311
0	125	99	0.151353
0	125	14	0.147953
0	125	223	0.144965
0	125	244	0.133587
0	125	231	0.124943
0	125	8	0.117891
0	125	18	0.112625
0	125	116	0.094026
0	125	3	0.088597
0	125	226	0.082251
0	125	222	0.081415
0	125	232	0.073710
0	125	190	0.063150
0	125	225	0.062926
0	125	235	0.062793
0	125	243	0.060429
0	125	96	0.059925
0	125	51	0.058368
0	125	238	0.054818
0	125	224	0.046798
0	125	227	0.035179
0	125	237	0.024265
0	125	122	0.021535
0	125	198	0.021092
0	125	201	0.016478
0	125	208	0.007254
0	125	233	-0.002606
0	125	191	-0.011656
0	125	221	-0.013200
0	125	234	-0.030718
0	125	229	-0.034714
0	125	236	-0.042313
0	125	245	-0.048724
0	125	239	-0.056295
0	125	240	-0.056916
0	125	246	-0.059475
0	125	197	-0.059823
0	125	199	-0.063978
0	125	230	-0.072556
0	125	187	-0.087960
0	125	242	-0.091736
0	125	210	-0.101439
0	125	241	-0.131944
0	125	247	-0.155407
0	125	217	-0.194212
0	125	16	-0.253742
0	125	11	-0.253798
0	126	196	0.174549
0	126	207	0.123169
0	126	18	0.121187
0	126	231	0.112282
0	126	3	0.109057
0	126	188	0.103741
0	126	226	0.099231
0	126	238	0.096989
0	126	14	0.096036
0	126	8	0.095891
0	126	230	0.085517
0	126	243	0.085495
0	126	221	0.077960
0	126	199	0.075082
0	126	223	0.070172
0	126	222	0.068853
0	126	201	0.066007
0	126	96	0.062843
0	126	233	0.062509
0	126	235	0.062432
0	126	122	0.062061
0	126	229	0.058722
0	126	240	0.056032
0	126	198	0.054528
0	126	244	0.053422
0	126	245	0.051455
0	126	227	0.049102
0	126	208	0.048891
0	126	237	0.047721
0	126	236	0.047041
0	126	99	0.042364
0	126	228	0.033592
0	126	190	0.028850
0	126	224	0.023992
0	126	232	0.020909
0	126	242	0.018590
0	126	246	0.008923
0	126	225	0.007573
0	126	217	0.007331
0	126	51	-0.000311
0	126	241	-0.008844
0	126	116	-0.010956
0	126	234	-0.016812
0	126	191	-0.020981
0	126	239	-0.021451
0	126	210	-0.037266
0	126	197	-0.042900
0	126	16	-0.050737
0	126	187	-0.059593
0	126	11	-0.079096
0	126	247	-0.091762
0	127	228	0.432143
0	127	235	0.333597
0	127	8	0.321955
0	127	18	0.261275
0	127	207	0.249256
0	127	51	0.248818
0	127	221	0.228102
0	127	188	0.193760
0	127	116	0.189385
0	127	224	0.183175
0	127	243	0.180299
0	127	223	0.147673
0	127	232	0.146972
0	127	225	0.139786
0	127	99	0.137218
0	127	190	0.132274
0	127	3	0.115439
0	127	196	0.104246
0	127	14	0.095858
0	127	201	0.088489
0	127	227	0.082222
0	127	244	0.066998
0	127	226	0.066193
0	127	198	0.058322
0	127	229	0.057488
0	127	238	0.053643
0	127	237	0.045188
0	127	234	0.042623
0	127	231	0.029172
0	127	122	0.023459
0	127	96	0.021666
0	127	233	0.020983
0	127	222	0.016713
0	127	245	0.000172
0	127	199	-0.013806
0	127	236	-0.021721
0	127	187	-0.026225
0	127	230	-0.041072
0	127	246	-0.041338
0	127	240	-0.046112
0	127	239	-0.061248
0	127	191	-0.086962
0	127	210	-0.091414
0	127	247	-0.117637
0	127	208	-0.134928
0	127	11	-0.163914
0	127	197	-0.172484
0	127	217	-0.192172
0	127	242	-0.198466
0	127	241	-0.285216
0	127	16	-0.311316
0	144	253	0.292556
0	144	113	0.269965
0	144	14	0.255997
0	144	18	0.209684
0	144	258	0.174943
0	144	200	0.158971
0	144	3	0.148401
0	144	251	0.105633
0	144	8	0.105311
0	144	63	0.099385
0	144	201	0.054253
0	144	199	0.018351
0	144	249	0.011945
0	144	110	0.003724
0	144	254	-0.037100
0	144	208	-0.041041
0	144	191	-0.054066
0	144	252	-0.055529
0	144	17	-0.082839
0	144	250	-0.105675
0	144	257	-0.107160
0	144	256	-0.115964
0	144	187	-0.155494
0	144	109	-0.241539
0	144	248	-0.249273
0	144	11	-0.263559
0	144	255	-0.300492
0	144	16	-0.341689
0	144	13	-0.348903
0	145	253	0.359369
0	145	113	0.326513
0	145	14	0.313839
0	145	258	0.312061
0	145	18	0.300975
0	145	249	0.222498
0	145	251	0.207877
0	145	200	0.183446
0	145	3	0.181320
0	145	8	0.131468
0	145	63	0.098371
0	145	199	0.069879
0	145	201	0.049591
0	145	254	0.049213
0	145	191	0.004744
0	145	17	-0.007793
0	145	110	-0.037570
0	145	208	-0.044965
0	145	252	-0.062097
0	145	250	-0.081319
0	145	257	-0.094395
0	145	256	-0.130379
0	145	187	-0.177379
0	145	248	-0.207518
0	145	109	-0.257662
0	145	11	-0.314573
0	145	255	-0.323370
0	145	13	-0.393663
0	145	16	-0.407478
0	146	18	0.435579
0	146	113	0.328476
0	146	8	0.303903
0	146	253	0.281097
0	146	14	0.273820
0	146	258	0.236264
0	146	200	0.224136
0	146	3	0.198486
0	146	201	0.187678
0	146	251	0.181783
0	146	249	0.151355
0	146	17	0.128931
0	146	63	0.106928
0	146	199	0.037722
0	146	191	0.025506
0	146	250	-0.010772
0	146	208	-0.015328
0	146	110	-0.028745
0	146	252	-0.033368
0	146	257	-0.093981
0	146	254	-0.105790
0	146	256	-0.144122
0	146	109	-0.147482
0	146	255	-0.159523
0	146	248	-0.169794
0	146	187	-0.214448
0	146	11	-0.217676
0	146	13	-0.236819
0	146	16	-0.279751
0	147	113	0.402148
0	147	14	0.300887
0	147	253	0.284533
0	147	18	0.275738
0	147	258	0.222771
0	147	251	0.217502
0	147	8	0.153030
0	147	63	0.125539
0	147	200	0.124869
0	147	249	0.085810
0	147	191	0.069310
0	147	3	0.056013
0	147	199	0.048504
0	147	201	0.018424
0	147	110	0.005139
0	147	254	0.004469
0	147	17	-0.027422
0	147	252	-0.055615
0	147	208	-0.062820
0	147	250	-0.071139
0	147	257	-0.084837
0	147	187	-0.119930
0	147	256	-0.132780
0	147	109	-0.200435
0	147	248	-0.206826
0	147	11	-0.240022
0	147	255	-0.305062
0	147	13	-0.341042
0	147	16	-0.401772
0	148	8	0.191152
0	148	18	0.188381
0	148	3	0.149859
0	148	253	0.141409
0	148	200	0.139468
0	148	201	0.119287
0	148	113	0.100534
0	148	14	0.098656
0	148	17	0.092327
0	148	251	0.076841
0	148	110	0.064636
0	148	63	0.058368
0	148	249	0.052232
0	148	191	0.038670
0	148	258	0.037110
0	148	208	0.022995
0	148	256	0.006116
0	148	250	-0.011109
0	148	252	-0.011468
0	148	257	-0.022879
0	148	254	-0.029558
0	148	255	-0.036709
0	148	248	-0.056749
0	148	199	-0.056824
0	148	13	-0.079996
0	148	16	-0.141166
0	148	11	-0.194856
0	148	109	-0.207767
0	148	187	-0.219980
0	150	18	0.425524
0	150	14	0.303942
0	150	253	0.299476
0	150	251	0.297492
0	150	113	0.258238
0	150	8	0.249165
0	150	3	0.242780
0	150	200	0.222069
0	150	258	0.210509
0	150	249	0.184827
0	150	201	0.169803
0	150	17	0.069313
0	150	199	0.038619
0	150	110	0.001052
0	150	250	-0.011526
0	150	63	-0.018147
0	150	208	-0.022315
0	150	252	-0.025807
0	150	191	-0.038642
0	150	254	-0.089031
0	150	257	-0.092193
0	150	256	-0.109645
0	150	248	-0.176015
0	150	187	-0.204842
0	150	109	-0.295543
0	150	255	-0.312878
0	150	13	-0.314600
0	150	11	-0.368690
0	150	16	-0.411927
0	177	244	0.312164
0	177	113	0.292587
0	177	14	0.241073
0	177	231	0.216910
0	177	18	0.196762
0	177	183	0.195791
0	177	278	0.179371
0	177	280	0.157663
0	177	265	0.143398
0	177	267	0.142521
0	177	264	0.137527
0	177	30	0.133185
0	177	61	0.133041
0	177	8	0.127740
0	177	116	0.120070
0	177	63	0.107431
0	177	51	0.098101
0	177	58	0.078468
0	177	272	0.069727
0	177	263	0.064709
0	177	119	0.060705
0	177	270	0.048471
0	177	3	0.039350
0	177	112	0.037868
0	177	266	0.013404
0	177	277	-0.006291
0	177	17	-0.071040
0	177	269	-0.120934
0	177	115	-0.137180
0	177	268	-0.150985
0	177	11	-0.192903
0	177	255	-0.200088
0	177	13	-0.202765
0	177	271	-0.209352
0	177	109	-0.223587
0	177	16	-0.303349
0	178	244	0.290104
0	178	113	0.280388
0	178	183	0.214011
0	178	231	0.206033
0	178	14	0.197571
0	178	18	0.172950
0	178	265	0.159184
0	178	267	0.137389
0	178	61	0.133562
0	178	280	0.131029
0	178	116	0.117898
0	178	30	0.104389
0	178	278	0.102004
0	178	8	0.071373
0	178	112	0.067562
0	178	270	0.067385
0	178	264	0.067040
0	178	51	0.064216
0	178	119	0.062360
0	178	3	0.055681
0	178	63	0.052368
0	178	266	0.045468
0	178	263	0.042434
0	178	58	0.034349
0	178	272	0.027689
0	178	277	0.006058
0	178	17	-0.049225
0	178	269	-0.076619
0	178	268	-0.121505
0	178	115	-0.128356
0	178	11	-0.129376
0	178	109	-0.130262
0	178	271	-0.131619
0	178	13	-0.193983
0	178	255	-0.221781
0	178	16	-0.242473
0	179	244	0.241199
0	179	231	0.218162
0	179	18	0.213944
0	179	14	0.195088
0	179	183	0.185931
0	179	265	0.173396
0	179	61	0.126829
0	179	267	0.120887
0	179	270	0.115511
0	179	113	0.111819
0	179	8	0.108458
0	179	30	0.104759
0	179	278	0.093521
0	179	263	0.092613
0	179	272	0.079236
0	179	266	0.072394
0	179	280	0.069059
0	179	112	0.050405
0	179	264	0.041880
0	179	3	0.037913
0	179	58	0.037517
0	179	116	0.024445
0	179	277	0.017321
0	179	119	0.015138
0	179	51	-0.013352
0	179	63	-0.026653
0	179	17	-0.031176
0	179	271	-0.104708
0	179	115	-0.105042
0	179	269	-0.111917
0	179	268	-0.132215
0	179	109	-0.159897
0	179	11	-0.181062
0	179	13	-0.218460
0	179	255	-0.228672
0	179	16	-0.295685
0	180	244	0.237683
0	180	183	0.235172
0	180	280	0.233922
0	180	267	0.225902
0	180	265	0.221005
0	180	113	0.207581
0	180	231	0.193258
0	180	14	0.193131
0	180	270	0.188754
0	180	263	0.143477
0	180	58	0.136598
0	180	61	0.135781
0	180	8	0.131770
0	180	116	0.129852
0	180	278	0.122886
0	180	30	0.119270
0	180	18	0.112994
0	180	3	0.096280
0	180	264	0.086544
0	180	266	0.079488
0	180	272	0.065319
0	180	119	0.064887
0	180	112	0.062954
0	180	277	0.039449
0	180	63	0.035330
0	180	51	0.033403
0	180	17	0.009732
0	180	115	-0.092772
0	180	269	-0.110251
0	180	268	-0.113524
0	180	271	-0.152345
0	180	11	-0.233366
0	180	109	-0.247234
0	180	255	-0.266836
0	180	13	-0.287751
0	180	16	-0.363681
0	181	113	0.274025
0	181	183	0.195075
0	181	14	0.193366
0	181	280	0.174958
0	181	244	0.170355
0	181	18	0.157979
0	181	51	0.155414
0	181	265	0.139374
0	181	267	0.138593
0	181	3	0.137595
0	181	264	0.133764
0	181	231	0.132463
0	181	61	0.131237
0	181	30	0.126760
0	181	58	0.123193
0	181	278	0.119582
0	181	116	0.115228
0	181	266	0.102189
0	181	8	0.099531
0	181	119	0.085406
0	181	112	0.074760
0	181	270	0.071561
0	181	63	0.067514
0	181	263	0.057702
0	181	17	0.014569
0	181	277	0.010453
0	181	272	-0.020168
0	181	268	-0.096247
0	181	115	-0.138717
0	181	16	-0.149871
0	181	109	-0.150223
0	181	269	-0.161912
0	181	271	-0.174303
0	181	11	-0.181215
0	181	255	-0.229810
0	181	13	-0.230020
0	182	113	0.328321
0	182	183	0.273233
0	182	244	0.259291
0	182	14	0.247435
0	182	231	0.197648
0	182	18	0.195239
0	182	3	0.184160
0	182	278	0.169691
0	182	30	0.169107
0	182	8	0.147726
0	182	58	0.129831
0	182	267	0.125696
0	182	264	0.118831
0	182	280	0.110662
0	182	51	0.095521
0	182	112	0.091198
0	182	63	0.072437
0	182	266	0.066470
0	182	61	0.060554
0	182	116	0.051139
0	182	265	0.044559
0	182	272	0.031966
0	182	263	0.024203
0	182	270	0.013457
0	182	119	-0.011290
0	182	17	-0.074195
0	182	277	-0.107543
0	182	268	-0.127870
0	182	115	-0.187448
0	182	271	-0.192636
0	182	269	-0.235106
0	182	16	-0.304573
0	182	11	-0.322874
0	182	109	-0.323020
0	182	255	-0.348977
0	182	13	-0.392454
0	183	183	0.326173
0	183	30	0.255029
0	183	267	0.246106
0	183	61	0.222123
0	183	244	0.211506
0	183	274	0.188504
0	183	291	0.164723
0	183	280	0.164143
0	183	270	0.160165
0	183	288	0.157469
0	183	113	0.156635
0	183	293	0.155134
0	183	231	0.152653
0	183	116	0.145621
0	183	63	0.135131
0	183	282	0.132698
0	183	284	0.122134
0	183	295	0.113464
0	183	278	0.104847
0	183	276	0.103062
0	183	279	0.100643
0	183	14	0.090042
0	183	3	0.086048
0	183	286	0.082938
0	183	292	0.082653
0	183	294	0.073350
0	183	272	0.066603
0	183	263	0.059168
0	183	264	0.057386
0	183	51	0.051892
0	183	273	0.046638
0	183	287	0.044976
0	183	18	0.042298
0	183	275	0.036352
0	183	289	0.027890
0	183	58	0.019946
0	183	112	0.017292
0	183	119	0.005898
0	183	283	-0.001201
0	183	281	-0.034459
0	183	285	-0.047455
0	183	290	-0.047923
0	183	268	-0.111451
0	183	271	-0.161620
0	183	115	-0.209895
0	184	244	0.406752
0	184	183	0.336778
0	184	14	0.294446
0	184	265	0.283188
0	184	18	0.268925
0	184	231	0.258484
0	184	113	0.247698
0	184	267	0.227265
0	184	61	0.220767
0	184	280	0.210256
0	184	8	0.180661
0	184	116	0.171502
0	184	30	0.156871
0	184	270	0.130073
0	184	51	0.089022
0	184	277	0.079634
0	184	3	0.078461
0	184	264	0.068203
0	184	119	0.056599
0	184	266	0.053497
0	184	278	0.049423
0	184	63	0.046485
0	184	58	0.034320
0	184	112	0.021677
0	184	272	0.021518
0	184	263	0.008634
0	184	17	-0.186263
0	184	269	-0.245037
0	184	271	-0.266491
0	184	115	-0.298579
0	184	11	-0.319846
0	184	268	-0.321967
0	184	109	-0.331487
0	184	255	-0.451766
0	184	13	-0.471218
0	184	16	-0.514185
0	185	113	0.305636
0	185	244	0.288379
0	185	183	0.255992
0	185	61	0.213540
0	185	265	0.208850
0	185	280	0.188126
0	185	231	0.186245
0	185	267	0.185686
0	185	18	0.166467
0	185	14	0.154466
0	185	8	0.144644
0	185	116	0.142870
0	185	30	0.133670
0	185	278	0.108147
0	185	51	0.103176
0	185	58	0.081955
0	185	264	0.079368
0	185	3	0.072652
0	185	270	0.064209
0	185	63	0.062845
0	185	272	0.049425
0	185	112	0.046103
0	185	263	0.045202
0	185	266	0.045113
0	185	119	0.029976
0	185	277	-0.006477
0	185	17	-0.021610
0	185	268	-0.119429
0	185	271	-0.156707
0	185	269	-0.159395
0	185	115	-0.170837
0	185	109	-0.241052
0	185	11	-0.263745
0	185	13	-0.325187
0	185	255	-0.340564
0	185	16	-0.345713
0	186	244	0.313972
0	186	265	0.297790
0	186	183	0.253167
0	186	267	0.201721
0	186	113	0.201663
0	186	14	0.172077
0	186	231	0.166093
0	186	8	0.159712
0	186	18	0.157453
0	186	61	0.152364
0	186	30	0.145538
0	186	280	0.131395
0	186	270	0.127652
0	186	116	0.108686
0	186	3	0.095555
0	186	272	0.090468
0	186	278	0.084806
0	186	277	0.062257
0	186	263	0.057053
0	186	63	0.053990
0	186	58	0.052061
0	186	266	0.023720
0	186	264	0.020384
0	186	119	0.016802
0	186	112	-0.008317
0	186	17	-0.036197
0	186	51	-0.038400
0	186	269	-0.120516
0	186	268	-0.179210
0	186	271	-0.189540
0	186	115	-0.197283
0	186	109	-0.252340
0	186	11	-0.290597
0	186	255	-0.298558
0	186	13	-0.347022
0	186	16	-0.375356
