0	1	9	3.519020
0	1	6	3.431049
0	1	11	3.412285
0	1	2	3.218853
0	1	10	3.004884
0	1	1	2.936045
0	1	8	2.626271
0	1	5	2.387311
0	1	19	1.646481
0	1	14	1.523424
0	1	15	1.250829
0	1	18	0.616244
0	1	4	0.528330
0	1	3	0.487177
0	1	0	0.135005
0	1	12	-4.254541
0	1	13	-6.323598
0	1	7	-6.326468
0	1	17	-6.578433
0	1	16	-6.702950
0	2	9	3.851379
0	2	11	3.474835
0	2	2	3.066265
0	2	5	2.836798
0	2	8	2.609311
0	2	1	2.334503
0	2	10	1.617167
0	2	14	1.386050
0	2	3	1.168710
0	2	15	0.445905
0	2	6	-0.486322
0	2	0	-0.998119
0	2	19	-2.083248
0	2	4	-2.101680
0	2	18	-3.020416
0	2	12	-6.112334
0	2	16	-6.153584
0	2	13	-6.271477
0	2	17	-6.285396
0	2	7	-6.443699
0	3	9	3.870595
0	3	11	3.405776
0	3	5	3.283193
0	3	10	2.877875
0	3	2	2.827178
0	3	1	2.720564
0	3	14	2.108846
0	3	8	2.103078
0	3	6	1.976873
0	3	15	1.937050
0	3	0	1.221119
0	3	4	1.088081
0	3	19	0.955292
0	3	3	0.897164
0	3	18	-1.303685
0	3	12	-5.680342
0	3	17	-6.212798
0	3	7	-6.248463
0	3	13	-6.550861
0	3	16	-6.652265
0	14	58	3.233747
0	14	43	3.125396
0	14	31	2.966820
0	14	85	2.898327
0	14	21	2.789713
0	14	32	2.769902
0	14	28	2.742145
0	14	26	2.658695
0	14	51	2.590940
0	14	52	2.440750
0	14	48	2.332788
0	14	27	2.285068
0	14	57	1.890159
0	14	47	1.766913
0	14	25	1.698262
0	14	72	1.672643
0	14	61	1.542964
0	14	56	1.477917
0	14	63	1.341487
0	14	54	1.051470
0	14	45	0.990250
0	14	65	0.580567
0	14	22	0.474757
0	14	20	0.417255
0	14	14	0.394318
0	14	42	0.198795
0	14	36	0.086356
0	14	3	0.025226
0	14	30	-0.245211
0	14	62	-0.763091
0	14	8	-0.878096
0	14	46	-1.351489
0	14	40	-1.569920
0	14	50	-1.709801
0	14	23	-2.204485
0	14	37	-2.260769
0	14	53	-2.397757
0	14	79	-2.527000
0	14	64	-2.561691
0	14	66	-3.097693
0	14	35	-3.530157
0	14	73	-4.231243
0	14	71	-4.348359
0	14	24	-4.461380
0	14	38	-4.513443
0	14	34	-4.793332
0	14	29	-4.921823
0	14	33	-5.119620
0	14	69	-5.200222
0	14	11	-5.274681
0	14	39	-5.367432
0	14	18	-5.527988
0	14	77	-5.769872
0	14	70	-5.814754
0	14	49	-5.869441
0	14	76	-6.036981
0	14	44	-6.058279
0	14	41	-6.151556
0	14	74	-6.172546
0	14	55	-6.232017
0	14	78	-6.277749
0	14	16	-6.353999
0	14	75	-6.390602
0	15	58	3.897242
0	15	56	3.441548
0	15	52	3.382277
0	15	32	3.360432
0	15	26	3.320290
0	15	21	2.928789
0	15	22	2.755658
0	15	54	2.735841
0	15	51	2.668025
0	15	43	2.516491
0	15	62	2.485272
0	15	61	2.194070
0	15	57	2.107592
0	15	63	2.054327
0	15	48	1.933934
0	15	31	1.891293
0	15	45	1.518252
0	15	30	1.214239
0	15	25	1.062443
0	15	42	1.060328
0	15	14	0.645916
0	15	3	0.572829
0	15	28	0.545487
0	15	50	0.465999
0	15	20	0.228005
0	15	27	-0.880469
0	15	72	-1.071041
0	15	8	-1.646384
0	15	53	-1.721416
0	15	64	-1.823064
0	15	36	-2.005578
0	15	65	-2.131933
0	15	40	-2.325700
0	15	23	-2.372008
0	15	85	-2.742235
0	15	47	-3.125324
0	15	46	-3.169098
0	15	37	-3.204397
0	15	38	-3.893742
0	15	29	-4.543910
0	15	35	-4.624693
0	15	66	-4.821199
0	15	34	-5.192018
0	15	11	-5.205225
0	15	24	-5.218373
0	15	33	-5.256194
0	15	79	-5.303986
0	15	71	-5.407803
0	15	73	-5.573642
0	15	18	-5.641462
0	15	69	-5.827722
0	15	39	-5.896519
0	15	77	-5.931828
0	15	70	-6.023932
0	15	49	-6.158770
0	15	76	-6.166910
0	15	44	-6.236942
0	15	16	-6.335776
0	15	74	-6.338918
0	15	78	-6.409392
0	15	41	-6.468771
0	15	55	-6.560375
0	15	75	-6.585048
0	16	56	4.135582
0	16	58	4.054769
0	16	26	3.696326
0	16	32	3.661626
0	16	52	3.497078
0	16	51	3.083012
0	16	61	3.081060
0	16	22	2.991942
0	16	21	2.915769
0	16	43	2.907524
0	16	62	2.790154
0	16	54	2.636351
0	16	63	2.117578
0	16	30	1.748886
0	16	50	1.664755
0	16	28	1.517225
0	16	42	1.507889
0	16	45	1.427348
0	16	25	1.258125
0	16	31	1.197697
0	16	3	0.911233
0	16	14	0.215362
0	16	20	-0.334837
0	16	57	-0.659012
0	16	36	-0.889187
0	16	48	-1.064479
0	16	53	-1.547245
0	16	27	-1.869487
0	16	65	-2.126782
0	16	46	-2.317499
0	16	23	-2.683415
0	16	40	-2.762286
0	16	47	-2.960466
0	16	85	-2.966017
0	16	72	-3.266518
0	16	8	-3.435184
0	16	29	-3.776031
0	16	38	-3.866928
0	16	64	-4.379023
0	16	37	-4.460007
0	16	66	-5.231468
0	16	34	-5.239528
0	16	33	-5.240198
0	16	35	-5.358438
0	16	24	-5.458123
0	16	79	-5.648164
0	16	71	-5.653656
0	16	11	-5.679348
0	16	39	-5.763290
0	16	18	-5.814883
0	16	70	-5.916049
0	16	69	-5.921594
0	16	73	-5.948825
0	16	76	-6.046894
0	16	77	-6.108897
0	16	44	-6.152158
0	16	16	-6.221723
0	16	49	-6.287700
0	16	74	-6.299160
0	16	78	-6.307754
0	16	41	-6.348211
0	16	55	-6.395574
0	16	75	-6.494719
0	19	58	4.159892
0	19	56	4.009999
0	19	26	3.934379
0	19	32	3.782952
0	19	52	3.753100
0	19	21	3.604755
0	19	43	3.346914
0	19	22	3.064556
0	19	28	2.869014
0	19	31	2.840148
0	19	51	2.676249
0	19	61	2.517243
0	19	54	2.477551
0	19	57	2.311496
0	19	63	2.174855
0	19	3	2.138279
0	19	42	2.100144
0	19	14	1.925164
0	19	45	1.735029
0	19	62	1.642395
0	19	85	1.619537
0	19	72	1.564728
0	19	20	1.498259
0	19	47	0.999482
0	19	65	0.730783
0	19	25	0.426108
0	19	27	0.006622
0	19	30	-0.104667
0	19	50	-0.261539
0	19	36	-1.029068
0	19	48	-2.402559
0	19	46	-2.657807
0	19	8	-2.990923
0	19	53	-3.064062
0	19	40	-3.531622
0	19	23	-3.951109
0	19	66	-4.480501
0	19	37	-4.748961
0	19	33	-4.850650
0	19	24	-4.984458
0	19	38	-5.363740
0	19	29	-5.449297
0	19	64	-5.471263
0	19	39	-5.539047
0	19	11	-5.551997
0	19	35	-5.563416
0	19	71	-5.613218
0	19	18	-5.663525
0	19	34	-5.711773
0	19	73	-5.711775
0	19	70	-5.740345
0	19	79	-5.782435
0	19	77	-5.863572
0	19	69	-5.907728
0	19	44	-5.914731
0	19	76	-5.941369
0	19	49	-6.149533
0	19	78	-6.157539
0	19	41	-6.210214
0	19	74	-6.210895
0	19	16	-6.214822
0	19	75	-6.267975
0	19	55	-6.366908
0	22	58	3.997812
0	22	56	3.944628
0	22	26	3.581733
0	22	32	3.568767
0	22	52	3.480318
0	22	22	3.460904
0	22	54	3.197727
0	22	62	3.015150
0	22	61	2.986657
0	22	43	2.939929
0	22	25	2.634716
0	22	21	2.602685
0	22	42	2.590069
0	22	51	2.555848
0	22	53	2.381512
0	22	63	2.302501
0	22	50	2.075298
0	22	30	1.939441
0	22	45	1.642057
0	22	28	1.421213
0	22	31	1.325497
0	22	20	0.647082
0	22	57	0.368822
0	22	36	0.009529
0	22	3	-0.264578
0	22	48	-0.445609
0	22	14	-0.650004
0	22	23	-1.678872
0	22	72	-1.930195
0	22	46	-2.585694
0	22	27	-2.591186
0	22	65	-2.857943
0	22	40	-2.916298
0	22	47	-3.760508
0	22	37	-3.887791
0	22	8	-4.192981
0	22	85	-4.623629
0	22	38	-5.046051
0	22	33	-5.176739
0	22	66	-5.364503
0	22	64	-5.386901
0	22	11	-5.450041
0	22	24	-5.521036
0	22	35	-5.644265
0	22	29	-5.706590
0	22	34	-5.815731
0	22	71	-5.847404
0	22	18	-5.865154
0	22	70	-5.905908
0	22	73	-5.959172
0	22	76	-6.057831
0	22	44	-6.071114
0	22	49	-6.083096
0	22	39	-6.103180
0	22	77	-6.123605
0	22	79	-6.223441
0	22	69	-6.229736
0	22	74	-6.268728
0	22	78	-6.274049
0	22	75	-6.350182
0	22	16	-6.365990
0	22	41	-6.370277
0	22	55	-6.554012
0	43	89	4.113801
0	43	3	3.386616
0	43	61	3.233742
0	43	95	3.177851
0	43	99	2.603348
0	43	8	2.209419
0	43	58	1.986114
0	43	14	1.968715
0	43	90	1.953396
0	43	86	1.950579
0	43	94	1.769369
0	43	15	1.463967
0	43	63	-0.130489
0	43	105	-0.325320
0	43	96	-1.101893
0	43	103	-1.560663
0	43	26	-2.281225
0	43	91	-2.287482
0	43	52	-3.044080
0	43	11	-3.516087
0	43	107	-3.529253
0	43	93	-4.562719
0	43	18	-4.720111
0	43	85	-4.779492
0	43	97	-4.807674
0	43	69	-5.760856
0	43	106	-5.822556
0	43	98	-5.833370
0	43	100	-5.852977
0	43	87	-5.882632
0	43	92	-5.963220
0	43	88	-6.033026
0	43	110	-6.052333
0	43	13	-6.384226
0	43	17	-6.405220
0	43	108	-6.465711
0	43	109	-6.739060
0	44	89	3.087328
0	44	94	2.850027
0	44	90	1.535706
0	44	15	1.337592
0	44	14	0.050681
0	44	93	-0.147627
0	44	63	-1.686021
0	44	8	-1.738472
0	44	3	-1.829785
0	44	95	-1.875979
0	44	58	-2.241024
0	44	91	-2.573274
0	44	96	-2.979765
0	44	99	-3.746934
0	44	52	-3.786963
0	44	61	-3.838996
0	44	97	-3.865759
0	44	86	-4.260681
0	44	26	-4.302611
0	44	98	-4.764450
0	44	11	-4.809965
0	44	107	-4.878257
0	44	85	-4.920990
0	44	106	-4.982291
0	44	105	-5.203753
0	44	18	-5.225579
0	44	100	-5.348091
0	44	103	-5.442140
0	44	110	-5.726295
0	44	69	-5.766563
0	44	87	-5.798113
0	44	92	-5.803739
0	44	88	-5.871419
0	44	108	-6.163095
0	44	17	-6.250623
0	44	13	-6.346056
0	44	109	-6.420959
0	54	11	3.656030
0	54	8	3.199746
0	54	3	2.675142
0	54	14	2.049865
0	54	18	-4.494109
0	54	111	-5.845209
0	54	16	-6.478706
0	54	17	-6.489773
0	54	7	-6.536232
0	54	13	-6.714780
0	57	8	3.250802
0	57	11	3.035250
0	57	14	2.648986
0	57	3	2.350927
0	57	18	2.228949
0	57	13	-0.648285
0	57	111	-5.655810
0	57	17	-5.743294
0	57	7	-6.010520
0	57	16	-6.839507
0	58	8	1.653093
0	58	11	-2.524712
0	58	3	-3.476806
0	58	14	-3.663550
0	58	18	-5.156317
0	58	111	-5.429081
0	58	16	-6.160089
0	58	17	-6.540936
0	58	7	-6.568408
0	58	13	-6.630073
0	73	132	4.237987
0	73	150	4.093505
0	73	152	4.028969
0	73	158	3.971039
0	73	159	3.963533
0	73	154	3.959011
0	73	148	3.946825
0	73	161	3.938133
0	73	163	3.917497
0	73	157	3.832281
0	73	151	3.689613
0	73	153	3.527128
0	73	160	3.467398
0	73	137	3.415338
0	73	170	3.345551
0	73	11	3.293788
0	73	168	3.000166
0	73	169	2.675393
0	73	8	2.645909
0	73	149	2.577483
0	73	162	2.369246
0	73	3	1.892227
0	73	155	1.802680
0	73	14	1.732054
0	73	156	1.453147
0	73	13	-1.985015
0	73	146	-3.804756
0	73	18	-4.823733
0	73	147	-5.524935
0	73	17	-6.050930
0	73	16	-6.175450
0	73	145	-6.203902
0	74	158	4.137478
0	74	132	3.919389
0	74	150	3.860709
0	74	157	3.832378
0	74	152	3.614774
0	74	161	3.406221
0	74	154	3.351115
0	74	151	3.343235
0	74	163	3.243678
0	74	159	3.127981
0	74	148	3.069466
0	74	137	2.973445
0	74	8	2.929399
0	74	160	2.822921
0	74	153	2.792257
0	74	170	2.730288
0	74	11	2.656698
0	74	14	1.925408
0	74	3	1.317764
0	74	169	-0.544105
0	74	168	-0.551014
0	74	155	-1.579506
0	74	149	-2.961755
0	74	156	-3.903086
0	74	146	-4.285921
0	74	18	-5.028592
0	74	162	-5.488282
0	74	147	-5.580565
0	74	145	-5.993291
0	74	16	-6.418762
0	74	17	-6.465667
0	74	13	-6.548666
0	75	137	2.546653
0	75	167	2.457386
0	75	3	2.454416
0	75	165	2.227358
0	75	8	1.860411
0	75	132	1.782806
0	75	164	1.482385
0	75	14	1.309209
0	75	160	1.205767
0	75	11	0.212375
0	75	171	-0.426364
0	75	146	-2.551586
0	75	166	-2.865952
0	75	128	-3.956306
0	75	147	-4.337369
0	75	18	-4.666451
0	75	13	-4.856030
0	75	16	-5.095222
0	75	145	-5.373982
0	75	17	-5.637015
0	77	164	3.411125
0	77	147	3.146341
0	77	18	3.112725
0	77	8	3.054589
0	77	132	2.965031
0	77	171	2.883185
0	77	165	2.881061
0	77	11	2.787209
0	77	166	2.624927
0	77	14	2.398353
0	77	137	2.119864
0	77	160	1.611215
0	77	167	1.578817
0	77	3	1.530127
0	77	145	1.517303
0	77	128	1.091202
0	77	13	-1.974902
0	77	146	-4.758109
0	77	17	-5.999274
0	77	16	-6.451445
0	94	99	3.196289
0	94	116	3.101871
0	94	113	2.642205
0	94	188	2.552289
0	94	202	2.496236
0	94	192	2.294903
0	94	14	2.291912
0	94	207	2.222950
0	94	51	2.201571
0	94	3	2.107289
0	94	200	2.031369
0	94	189	2.003263
0	94	15	1.987228
0	94	209	1.856131
0	94	196	1.798969
0	94	8	1.790153
0	94	210	1.747493
0	94	193	1.656990
0	94	203	1.585397
0	94	126	1.576356
0	94	206	1.521046
0	94	190	1.513725
0	94	194	1.402537
0	94	195	1.309462
0	94	63	1.268604
0	94	197	0.767813
0	94	204	0.409923
0	94	205	0.180173
0	94	212	-0.217387
0	94	198	-0.384418
0	94	201	-2.096123
0	94	109	-2.329190
0	94	199	-2.415120
0	94	13	-2.415706
0	94	17	-2.735740
0	94	18	-2.769423
0	94	217	-3.209029
0	94	191	-3.428163
0	94	122	-3.572054
0	94	208	-5.883510
0	94	16	-5.901392
0	94	187	-5.904241
0	95	116	3.155615
0	95	203	3.060585
0	95	190	3.003739
0	95	192	2.987186
0	95	207	2.876059
0	95	99	2.817851
0	95	113	2.691452
0	95	202	2.547331
0	95	194	2.393435
0	95	3	2.214819
0	95	206	2.167347
0	95	15	2.159688
0	95	198	2.102844
0	95	196	1.847739
0	95	193	1.739574
0	95	217	1.639184
0	95	200	1.546910
0	95	14	1.543221
0	95	122	1.421848
0	95	188	1.184117
0	95	51	1.149881
0	95	63	0.994848
0	95	205	0.894492
0	95	17	0.776361
0	95	210	0.352714
0	95	187	-0.209636
0	95	204	-0.368103
0	95	109	-0.482325
0	95	199	-0.868570
0	95	208	-1.349439
0	95	8	-1.407861
0	95	212	-2.345732
0	95	13	-2.387068
0	95	189	-2.661228
0	95	197	-2.670007
0	95	18	-2.772959
0	95	201	-3.146807
0	95	209	-3.154938
0	95	191	-3.854463
0	95	195	-4.847183
0	95	126	-5.602575
0	95	16	-6.583491
0	96	116	3.836824
0	96	99	3.562010
0	96	192	3.481499
0	96	190	3.468290
0	96	202	3.124326
0	96	203	3.086628
0	96	196	2.844989
0	96	200	2.821106
0	96	188	2.803841
0	96	3	2.767149
0	96	194	2.754190
0	96	15	2.722176
0	96	206	2.650037
0	96	210	2.403190
0	96	51	2.376717
0	96	113	2.354961
0	96	207	2.268783
0	96	193	2.187117
0	96	195	1.920494
0	96	209	1.526998
0	96	14	1.151361
0	96	189	0.997648
0	96	63	0.984593
0	96	8	0.946490
0	96	204	-0.986786
0	96	205	-2.262565
0	96	191	-2.349930
0	96	199	-2.616874
0	96	126	-2.694681
0	96	197	-2.698417
0	96	212	-2.749327
0	96	201	-3.179605
0	96	122	-3.755287
0	96	198	-4.115984
0	96	18	-5.306278
0	96	109	-5.837877
0	96	217	-6.038438
0	96	187	-6.206740
0	96	208	-6.466055
0	96	17	-6.537888
0	96	16	-6.622546
0	96	13	-6.627780
0	99	206	2.378994
0	99	15	2.092659
0	99	211	2.024679
0	99	99	1.995712
0	99	113	1.711753
0	99	196	0.223699
0	99	190	-0.177819
0	99	116	-0.405160
0	99	212	-0.921143
0	99	200	-1.183615
0	99	193	-1.508604
0	99	192	-1.595930
0	99	51	-1.629014
0	99	63	-1.819237
0	99	207	-1.906955
0	99	14	-2.265871
0	99	3	-2.426929
0	99	202	-3.188204
0	99	194	-3.784204
0	99	210	-3.845408
0	99	203	-4.019765
0	99	8	-4.187096
0	99	201	-5.030547
0	99	205	-5.142188
0	99	189	-5.176581
0	99	126	-5.287677
0	99	199	-5.399348
0	99	188	-5.617318
0	99	18	-5.640377
0	99	197	-5.876165
0	99	209	-5.897013
0	99	195	-5.931194
0	99	122	-6.001901
0	99	191	-6.071438
0	99	198	-6.105393
0	99	204	-6.280988
0	99	16	-6.382764
0	99	217	-6.422761
0	99	109	-6.628049
0	99	13	-6.826970
0	100	206	2.346930
0	100	15	2.290585
0	100	99	1.956216
0	100	113	1.485340
0	100	211	1.217122
0	100	51	0.792299
0	100	192	0.332519
0	100	196	0.198143
0	100	190	-0.742349
0	100	3	-1.417889
0	100	200	-2.039041
0	100	63	-2.069649
0	100	203	-2.097776
0	100	194	-2.109083
0	100	14	-2.292861
0	100	116	-2.760202
0	100	207	-3.066445
0	100	193	-3.474914
0	100	212	-3.917999
0	100	210	-4.007383
0	100	202	-4.572651
0	100	8	-4.656353
0	100	205	-4.895350
0	100	201	-5.090415
0	100	189	-5.291139
0	100	126	-5.402302
0	100	199	-5.405724
0	100	188	-5.600230
0	100	18	-5.698756
0	100	197	-5.904128
0	100	195	-5.977213
0	100	209	-5.984414
0	100	191	-6.206604
0	100	122	-6.327168
0	100	16	-6.378515
0	100	198	-6.398163
0	100	217	-6.566718
0	100	204	-6.635119
0	100	109	-6.665532
0	100	13	-6.828503
0	123	243	3.646029
0	123	201	3.471569
0	123	227	3.053845
0	123	230	2.706559
0	123	235	2.461428
0	123	228	2.081449
0	123	190	1.938448
0	123	196	1.912308
0	123	8	1.754830
0	123	51	1.747661
0	123	224	1.661561
0	123	233	1.573993
0	123	246	1.568696
0	123	241	1.473811
0	123	3	1.330717
0	123	14	1.267711
0	123	229	1.241018
0	123	245	0.642082
0	123	234	0.444495
0	123	207	0.301935
0	123	240	0.165023
0	123	96	-1.239735
0	123	232	-1.566586
0	123	199	-1.639882
0	123	99	-2.268734
0	123	226	-2.313206
0	123	221	-2.613827
0	123	223	-2.631716
0	123	210	-2.705784
0	123	239	-2.938620
0	123	116	-3.008060
0	123	222	-3.033576
0	123	238	-3.186787
0	123	236	-3.188693
0	123	231	-4.472321
0	123	244	-4.673750
0	123	237	-4.741744
0	123	11	-4.793506
0	123	188	-5.449443
0	123	242	-5.585332
0	123	18	-5.656755
0	123	197	-5.680640
0	123	198	-5.764672
0	123	191	-5.999250
0	123	225	-6.071105
0	123	122	-6.206865
0	123	187	-6.215039
0	123	16	-6.236985
0	123	247	-6.340840
0	123	217	-6.349166
0	123	208	-6.380930
0	124	227	3.275751
0	124	224	3.131252
0	124	51	3.076283
0	124	235	3.071556
0	124	3	3.013025
0	124	11	2.909472
0	124	233	2.887921
0	124	243	2.870065
0	124	230	2.717379
0	124	99	2.634641
0	124	246	2.419740
0	124	245	2.410970
0	124	228	2.396410
0	124	229	2.330114
0	124	8	2.275259
0	124	14	2.070941
0	124	207	2.009648
0	124	199	1.612704
0	124	196	1.517932
0	124	190	1.403088
0	124	238	1.317875
0	124	236	1.074741
0	124	223	1.043531
0	124	232	1.039590
0	124	210	0.691872
0	124	239	0.369715
0	124	116	-0.540927
0	124	240	-0.728179
0	124	201	-1.189593
0	124	221	-1.459896
0	124	234	-1.604139
0	124	241	-1.759571
0	124	244	-2.466161
0	124	96	-2.727597
0	124	197	-3.404485
0	124	231	-3.535378
0	124	237	-3.597404
0	124	226	-4.116748
0	124	222	-4.410888
0	124	18	-4.419894
0	124	242	-4.546232
0	124	122	-4.552977
0	124	198	-5.024972
0	124	191	-5.186693
0	124	188	-5.390276
0	124	225	-5.457235
0	124	208	-5.694191
0	124	187	-5.934347
0	124	217	-6.095469
0	124	16	-6.333222
0	124	247	-6.464176
0	125	224	3.659868
0	125	233	3.234095
0	125	210	3.063266
0	125	8	2.718911
0	125	207	2.573470
0	125	3	2.532255
0	125	243	2.187461
0	125	14	1.806019
0	125	246	1.644517
0	125	190	1.624515
0	125	227	1.616808
0	125	51	1.321726
0	125	236	1.311564
0	125	228	1.158241
0	125	196	1.124643
0	125	245	0.947088
0	125	229	0.910396
0	125	238	0.836942
0	125	18	0.723324
0	125	240	0.691859
0	125	237	0.377764
0	125	241	0.252246
0	125	244	-0.238997
0	125	96	-0.255485
0	125	201	-0.419162
0	125	99	-0.527606
0	125	11	-0.551510
0	125	234	-0.905084
0	125	232	-1.024198
0	125	230	-1.149926
0	125	116	-1.199914
0	125	199	-1.645884
0	125	221	-1.709823
0	125	222	-2.184536
0	125	226	-2.358948
0	125	231	-2.576542
0	125	223	-2.812810
0	125	239	-2.941952
0	125	197	-3.211408
0	125	235	-3.601097
0	125	198	-4.403686
0	125	191	-5.539738
0	125	188	-5.581219
0	125	242	-5.816093
0	125	225	-5.908526
0	125	208	-5.925346
0	125	122	-6.190566
0	125	217	-6.258985
0	125	187	-6.330938
0	125	247	-6.731688
0	125	16	-6.750383
0	126	226	3.350727
0	126	229	3.254502
0	126	224	3.215340
0	126	245	3.038025
0	126	227	2.986433
0	126	190	2.934167
0	126	207	2.901250
0	126	236	2.783923
0	126	243	2.724526
0	126	240	2.683797
0	126	196	2.565225
0	126	51	2.534613
0	126	238	2.440147
0	126	233	2.163319
0	126	235	2.022773
0	126	241	1.999002
0	126	3	1.950653
0	126	188	1.873355
0	126	228	1.844805
0	126	116	1.695627
0	126	14	1.642601
0	126	221	1.607913
0	126	244	1.597247
0	126	99	1.585924
0	126	246	1.416007
0	126	96	1.271499
0	126	222	1.055233
0	126	223	0.969479
0	126	239	0.670579
0	126	232	0.414013
0	126	8	0.364495
0	126	231	-0.013054
0	126	210	-0.229888
0	126	198	-1.541373
0	126	234	-2.333401
0	126	11	-2.358858
0	126	230	-2.670846
0	126	199	-2.774586
0	126	201	-3.412488
0	126	237	-4.019732
0	126	18	-4.576454
0	126	197	-4.590656
0	126	122	-5.108127
0	126	242	-5.141179
0	126	225	-5.406593
0	126	16	-5.781240
0	126	191	-5.854827
0	126	217	-6.135196
0	126	187	-6.250469
0	126	208	-6.450518
0	126	247	-6.696479
0	127	14	3.000521
0	127	51	2.703715
0	127	238	2.128407
0	127	230	2.098985
0	127	3	1.891171
0	127	236	1.710841
0	127	245	1.668002
0	127	116	1.559989
0	127	228	1.423715
0	127	196	1.379999
0	127	233	0.952986
0	127	232	0.921856
0	127	99	0.693588
0	127	207	0.323619
0	127	227	0.285595
0	127	190	0.211113
0	127	240	0.092315
0	127	242	0.049876
0	127	188	-0.336431
0	127	229	-0.717463
0	127	224	-1.035455
0	127	221	-1.128525
0	127	210	-1.137074
0	127	234	-1.237243
0	127	8	-1.241530
0	127	244	-1.685586
0	127	235	-2.935995
0	127	239	-3.153990
0	127	222	-3.430025
0	127	223	-3.516475
0	127	11	-3.849893
0	127	241	-3.883678
0	127	197	-4.303692
0	127	243	-4.657315
0	127	96	-4.760390
0	127	246	-4.858452
0	127	231	-5.222526
0	127	226	-5.285820
0	127	18	-5.299032
0	127	201	-5.308220
0	127	199	-5.368693
0	127	237	-5.546354
0	127	16	-5.566168
0	127	225	-5.922222
0	127	198	-6.031212
0	127	122	-6.039034
0	127	191	-6.128857
0	127	187	-6.239499
0	127	217	-6.288921
0	127	208	-6.339403
0	127	247	-6.356028
0	144	252	3.218450
0	144	3	2.850056
0	144	251	2.491967
0	144	8	1.703194
0	144	199	1.528545
0	144	258	1.411718
0	144	201	0.907977
0	144	257	0.786110
0	144	200	0.754169
0	144	253	0.589410
0	144	248	0.161437
0	144	113	-0.311051
0	144	63	-3.321463
0	144	14	-3.406018
0	144	11	-4.497922
0	144	254	-4.787335
0	144	18	-5.442717
0	144	110	-5.897412
0	144	256	-6.036618
0	144	191	-6.064860
0	144	255	-6.114616
0	144	250	-6.203773
0	144	249	-6.314127
0	144	187	-6.332004
0	144	17	-6.415343
0	144	16	-6.418724
0	144	13	-6.440219
0	144	109	-6.452589
0	144	208	-6.516626
0	145	253	2.521646
0	145	252	2.440733
0	145	3	2.352689
0	145	258	2.247959
0	145	201	2.046848
0	145	251	1.836520
0	145	200	1.692952
0	145	8	1.672606
0	145	11	1.090508
0	145	199	0.323824
0	145	63	-0.029653
0	145	14	-0.446877
0	145	257	-1.117585
0	145	248	-3.567974
0	145	254	-4.409581
0	145	113	-4.749193
0	145	18	-5.423339
0	145	110	-5.569507
0	145	191	-5.941616
0	145	256	-6.105385
0	145	255	-6.195078
0	145	249	-6.228732
0	145	187	-6.246018
0	145	17	-6.313853
0	145	109	-6.336852
0	145	13	-6.434376
0	145	208	-6.439916
0	145	16	-6.448942
0	145	250	-6.470535
0	146	251	2.469528
0	146	257	1.791369
0	146	3	1.736612
0	146	258	1.704532
0	146	8	1.332680
0	146	201	1.221080
0	146	253	0.622646
0	146	252	0.435501
0	146	63	0.381736
0	146	199	-0.095861
0	146	14	-0.936627
0	146	11	-1.504267
0	146	248	-1.862252
0	146	200	-1.966819
0	146	254	-4.788160
0	146	113	-5.090612
0	146	18	-5.198416
0	146	110	-5.731595
0	146	191	-5.806756
0	146	255	-6.002429
0	146	187	-6.005724
0	146	17	-6.030668
0	146	256	-6.095503
0	146	249	-6.160223
0	146	250	-6.235382
0	146	109	-6.250033
0	146	16	-6.369582
0	146	13	-6.388720
0	146	208	-6.526144
0	147	253	3.053129
0	147	257	2.894920
0	147	3	2.793666
0	147	252	2.660263
0	147	199	2.361660
0	147	251	2.213820
0	147	201	1.766715
0	147	258	1.562065
0	147	200	1.332338
0	147	248	1.316016
0	147	8	1.119838
0	147	14	-1.240769
0	147	63	-1.263849
0	147	11	-1.522018
0	147	254	-2.096449
0	147	113	-2.299616
0	147	18	-5.523529
0	147	110	-5.881522
0	147	191	-5.930539
0	147	256	-6.004275
0	147	255	-6.146504
0	147	187	-6.262264
0	147	250	-6.272722
0	147	249	-6.296789
0	147	16	-6.350736
0	147	109	-6.454813
0	147	208	-6.461451
0	147	17	-6.512907
0	147	13	-6.525946
0	148	252	3.350286
0	148	200	2.159537
0	148	258	1.908544
0	148	253	1.698828
0	148	251	1.553997
0	148	248	1.399653
0	148	8	1.164987
0	148	257	0.829600
0	148	3	0.425139
0	148	201	-0.118040
0	148	199	-0.282091
0	148	63	-0.723720
0	148	254	-1.152926
0	148	113	-1.422871
0	148	14	-3.552656
0	148	11	-4.371357
0	148	18	-5.727836
0	148	191	-6.010257
0	148	110	-6.014657
0	148	256	-6.058228
0	148	255	-6.231467
0	148	250	-6.236718
0	148	187	-6.289472
0	148	249	-6.319951
0	148	208	-6.391250
0	148	109	-6.399522
0	148	16	-6.502952
0	148	17	-6.554962
0	148	13	-6.669098
0	150	251	3.171958
0	150	258	2.579055
0	150	201	2.495344
0	150	8	2.337934
0	150	253	2.027697
0	150	3	1.796617
0	150	252	1.553005
0	150	199	1.420503
0	150	14	1.341125
0	150	257	1.001945
0	150	200	-0.314472
0	150	63	-0.371865
0	150	113	-3.701255
0	150	11	-5.018928
0	150	248	-5.228096
0	150	18	-5.532813
0	150	254	-5.570543
0	150	110	-5.945390
0	150	191	-6.078717
0	150	256	-6.124554
0	150	250	-6.234720
0	150	255	-6.236745
0	150	249	-6.251326
0	150	187	-6.329395
0	150	17	-6.348524
0	150	16	-6.368173
0	150	109	-6.469258
0	150	208	-6.506960
0	150	13	-6.628858
0	177	183	4.153542
0	177	270	4.003232
0	177	116	3.767033
0	177	61	3.738593
0	177	112	3.540825
0	177	244	3.455666
0	177	30	3.389137
0	177	3	3.271657
0	177	8	3.268427
0	177	231	3.101400
0	177	264	3.086939
0	177	267	3.006894
0	177	263	2.843533
0	177	265	2.790919
0	177	63	2.689347
0	177	269	2.401944
0	177	11	1.578046
0	177	278	1.483204
0	177	51	1.200533
0	177	115	1.178596
0	177	58	1.115462
0	177	113	0.941685
0	177	14	0.548846
0	177	271	0.445927
0	177	272	0.394232
0	177	119	0.264303
0	177	280	-1.308632
0	177	268	-3.261610
0	177	266	-5.376184
0	177	18	-5.399539
0	177	255	-5.403524
0	177	109	-6.213361
0	177	277	-6.222813
0	177	13	-6.271185
0	177	16	-6.438338
0	177	17	-6.475512
0	178	183	4.110946
0	178	270	3.962726
0	178	116	3.694080
0	178	30	3.665427
0	178	265	3.407668
0	178	3	3.359692
0	178	61	3.214669
0	178	244	3.112013
0	178	264	2.759781
0	178	112	2.566237
0	178	119	2.439090
0	178	8	2.000292
0	178	263	1.050362
0	178	14	0.399615
0	178	267	-0.057900
0	178	63	-0.464127
0	178	51	-1.644991
0	178	231	-1.768617
0	178	113	-1.803933
0	178	271	-2.160241
0	178	58	-2.326919
0	178	280	-2.753484
0	178	11	-3.119800
0	178	115	-3.270780
0	178	269	-4.840378
0	178	278	-5.005285
0	178	18	-5.249539
0	178	272	-5.267025
0	178	268	-5.388615
0	178	266	-5.675404
0	178	255	-6.082860
0	178	17	-6.189373
0	178	16	-6.350582
0	178	277	-6.435409
0	178	13	-6.477670
0	178	109	-6.562791
0	179	183	4.037970
0	179	30	3.745260
0	179	116	3.498716
0	179	61	3.092188
0	179	244	3.006937
0	179	270	2.989917
0	179	112	2.877411
0	179	265	2.874632
0	179	8	2.862717
0	179	3	2.507432
0	179	264	2.455422
0	179	263	1.036766
0	179	231	0.642191
0	179	267	0.588250
0	179	14	0.217425
0	179	63	-0.108074
0	179	113	-0.262359
0	179	11	-0.831589
0	179	51	-2.572477
0	179	271	-2.594391
0	179	58	-2.887974
0	179	272	-3.343614
0	179	278	-3.537721
0	179	119	-4.263989
0	179	269	-4.270812
0	179	280	-4.787731
0	179	115	-4.819524
0	179	18	-4.873001
0	179	266	-5.293483
0	179	268	-5.459151
0	179	255	-5.476129
0	179	109	-6.157895
0	179	16	-6.314572
0	179	277	-6.347865
0	179	13	-6.425336
0	179	17	-6.446617
0	180	183	3.487133
0	180	30	3.305944
0	180	3	3.280205
0	180	264	3.191922
0	180	11	3.114063
0	180	116	2.834407
0	180	244	2.834357
0	180	8	2.832167
0	180	115	2.819101
0	180	263	2.726312
0	180	270	2.587836
0	180	61	2.177516
0	180	112	2.161839
0	180	14	1.630966
0	180	119	1.229828
0	180	63	1.059589
0	180	268	0.901030
0	180	271	-0.231590
0	180	267	-0.683396
0	180	280	-1.951229
0	180	231	-2.782035
0	180	51	-2.821637
0	180	272	-3.111092
0	180	266	-3.572148
0	180	255	-3.672652
0	180	18	-3.953465
0	180	58	-4.601519
0	180	269	-4.781219
0	180	113	-5.250339
0	180	265	-5.331985
0	180	278	-5.453239
0	180	277	-5.769969
0	180	109	-6.188109
0	180	13	-6.304741
0	180	17	-6.375642
0	180	16	-6.502218
0	181	183	4.165631
0	181	116	3.858173
0	181	3	3.144858
0	181	30	3.139051
0	181	270	2.997145
0	181	61	2.780626
0	181	244	2.707700
0	181	112	2.671957
0	181	264	2.574898
0	181	8	2.314720
0	181	14	1.945227
0	181	263	1.815063
0	181	265	1.792859
0	181	58	-1.296869
0	181	63	-1.606874
0	181	280	-2.102540
0	181	51	-2.407642
0	181	267	-3.417159
0	181	113	-3.490234
0	181	271	-3.659454
0	181	11	-3.910546
0	181	119	-4.215362
0	181	115	-4.613781
0	181	231	-4.771574
0	181	268	-4.822392
0	181	269	-4.979764
0	181	18	-5.511541
0	181	266	-5.516768
0	181	272	-5.663015
0	181	278	-5.749712
0	181	255	-6.284120
0	181	277	-6.394134
0	181	16	-6.411955
0	181	17	-6.499448
0	181	13	-6.582859
0	181	109	-6.614258
0	182	61	2.693215
0	182	264	2.356002
0	182	112	2.259144
0	182	267	2.176615
0	182	58	1.999857
0	182	183	1.870935
0	182	63	1.748292
0	182	244	1.612598
0	182	30	1.594668
0	182	270	1.571849
0	182	8	1.386150
0	182	119	1.349985
0	182	14	1.294571
0	182	272	1.170964
0	182	269	1.149170
0	182	3	1.139053
0	182	271	0.966177
0	182	113	0.964714
0	182	280	0.849745
0	182	51	0.395200
0	182	11	0.185813
0	182	268	0.049708
0	182	265	-0.014695
0	182	278	-0.323697
0	182	116	-0.459928
0	182	115	-1.175113
0	182	231	-1.662549
0	182	18	-1.702675
0	182	255	-2.115251
0	182	277	-2.694652
0	182	263	-3.407162
0	182	17	-4.123992
0	182	13	-4.978994
0	182	109	-5.113791
0	182	266	-5.555750
0	182	16	-6.589031
0	183	267	4.262420
0	183	61	4.190420
0	183	183	4.178198
0	183	276	3.926403
0	183	116	3.864630
0	183	275	3.662540
0	183	113	3.478489
0	183	291	3.244670
0	183	264	3.088496
0	183	279	2.943138
0	183	3	2.906051
0	183	112	2.609177
0	183	285	2.505849
0	183	270	2.465175
0	183	294	2.385178
0	183	273	2.335872
0	183	63	2.276128
0	183	244	2.227776
0	183	51	2.224846
0	183	286	2.181463
0	183	290	2.078398
0	183	287	1.984258
0	183	283	1.982148
0	183	295	1.902668
0	183	268	1.900848
0	183	292	1.900822
0	183	278	1.779615
0	183	30	1.750312
0	183	14	1.517794
0	183	288	1.355684
0	183	274	1.133288
0	183	58	0.945006
0	183	231	0.845049
0	183	271	0.531171
0	183	289	-0.857078
0	183	263	-1.089344
0	183	282	-2.197222
0	183	272	-4.888995
0	183	284	-5.030178
0	183	280	-5.433507
0	183	115	-5.541918
0	183	18	-5.606429
0	183	281	-5.659061
0	183	119	-5.731527
0	183	293	-5.787769
0	184	116	4.074384
0	184	183	4.057606
0	184	11	3.921437
0	184	115	3.860696
0	184	270	3.459723
0	184	266	3.366891
0	184	112	3.365613
0	184	3	3.258957
0	184	61	3.231230
0	184	30	3.223740
0	184	8	3.212247
0	184	119	3.095215
0	184	263	3.071500
0	184	264	2.934651
0	184	244	2.809515
0	184	63	2.584515
0	184	14	1.937613
0	184	18	1.933041
0	184	268	1.524757
0	184	265	1.517434
0	184	271	1.389446
0	184	255	1.374157
0	184	51	1.279995
0	184	267	0.930625
0	184	58	-0.899131
0	184	277	-1.161017
0	184	113	-1.209216
0	184	280	-1.440896
0	184	269	-1.484593
0	184	231	-2.378674
0	184	272	-2.949255
0	184	278	-4.573854
0	184	17	-5.261440
0	184	13	-5.636326
0	184	109	-6.304782
0	184	16	-6.351283
0	185	11	4.170237
0	185	183	3.949721
0	185	270	3.667955
0	185	30	3.451054
0	185	3	3.414944
0	185	8	3.175089
0	185	264	3.062214
0	185	116	2.803495
0	185	244	2.799839
0	185	14	2.492108
0	185	112	2.468161
0	185	115	2.172406
0	185	63	1.868570
0	185	61	1.830830
0	185	263	1.790632
0	185	267	0.706234
0	185	271	-0.483090
0	185	272	-0.494419
0	185	265	-0.735809
0	185	18	-1.011773
0	185	51	-1.709971
0	185	280	-2.809519
0	185	269	-3.213839
0	185	119	-3.639690
0	185	231	-3.817652
0	185	113	-4.451247
0	185	58	-4.515135
0	185	255	-4.729370
0	185	266	-5.144976
0	185	278	-5.246075
0	185	268	-5.488975
0	185	277	-5.805768
0	185	109	-6.310156
0	185	13	-6.340380
0	185	17	-6.430166
0	185	16	-6.696940
0	186	183	4.138988
0	186	30	3.968958
0	186	116	3.547495
0	186	112	3.489097
0	186	244	3.299719
0	186	263	3.144172
0	186	265	3.113266
0	186	8	2.957540
0	186	3	2.831707
0	186	270	2.354365
0	186	271	2.273093
0	186	61	2.244554
0	186	264	2.194992
0	186	267	2.053595
0	186	63	1.394897
0	186	14	1.311160
0	186	11	0.991817
0	186	269	-0.720150
0	186	51	-1.475600
0	186	119	-1.969713
0	186	58	-2.464737
0	186	18	-2.732271
0	186	113	-4.340062
0	186	266	-4.535557
0	186	115	-4.632850
0	186	280	-4.675951
0	186	231	-4.807969
0	186	272	-5.064530
0	186	278	-5.600829
0	186	268	-5.713044
0	186	255	-5.960207
0	186	16	-6.381917
0	186	109	-6.414382
0	186	277	-6.429897
0	186	13	-6.440134
0	186	17	-6.487883
