0	1	1	27.144333
0	1	15	25.896954
0	1	9	25.845539
0	1	11	25.302830
0	1	6	23.688068
0	1	18	23.660633
0	1	10	23.389397
0	1	2	22.474640
0	1	19	22.379843
0	1	14	21.903887
0	1	5	21.662724
0	1	3	20.639385
0	1	4	19.131916
0	1	7	17.428579
0	1	0	15.813614
0	1	12	14.865459
0	1	17	13.217443
0	1	8	13.150142
0	1	16	11.465143
0	1	13	11.097641
0	2	1	26.926231
0	2	15	25.418339
0	2	9	25.410526
0	2	11	22.408531
0	2	5	22.304996
0	2	14	21.871033
0	2	2	20.726913
0	2	6	20.575005
0	2	10	20.163231
0	2	3	18.705803
0	2	18	16.834026
0	2	19	15.535288
0	2	4	15.392768
0	2	0	13.413822
0	2	7	13.245594
0	2	12	12.343960
0	2	8	12.201113
0	2	17	11.450956
0	2	13	10.194908
0	2	16	9.032272
0	3	15	24.768806
0	3	1	23.719372
0	3	9	22.889757
0	3	10	20.524353
0	3	11	20.371334
0	3	5	19.676006
0	3	3	19.380371
0	3	6	19.302715
0	3	14	17.471676
0	3	2	17.460360
0	3	19	17.108036
0	3	18	16.436968
0	3	0	13.392021
0	3	4	13.302722
0	3	8	11.777032
0	3	7	11.506504
0	3	12	11.329350
0	3	17	11.195287
0	3	16	9.396922
0	3	13	9.354158
0	14	32	25.236805
0	14	46	25.224213
0	14	21	24.829475
0	14	51	24.588623
0	14	45	24.067841
0	14	26	24.036402
0	14	61	23.643948
0	14	11	23.588345
0	14	43	23.527218
0	14	20	23.159859
0	14	65	22.965637
0	14	14	22.885555
0	14	3	22.874187
0	14	56	22.780426
0	14	22	22.520306
0	14	29	22.409664
0	14	54	22.377367
0	14	52	22.320934
0	14	37	21.560280
0	14	57	21.339460
0	14	25	21.298710
0	14	30	21.212116
0	14	42	20.585316
0	14	63	19.985220
0	14	33	19.503880
0	14	38	19.347858
0	14	31	18.919186
0	14	58	18.867352
0	14	36	18.777504
0	14	62	18.567699
0	14	18	17.315533
0	14	27	17.219673
0	14	40	17.211563
0	14	53	16.600803
0	14	24	16.445354
0	14	50	16.256149
0	14	73	16.239054
0	14	39	15.975237
0	14	48	15.795794
0	14	28	15.701569
0	14	64	15.250569
0	14	77	14.412240
0	14	47	14.353189
0	14	71	13.772851
0	14	72	13.538767
0	14	85	13.189251
0	14	23	12.804365
0	14	79	12.614086
0	14	41	12.537891
0	14	34	12.515883
0	14	8	12.443562
0	14	74	12.433363
0	14	35	12.325777
0	14	55	11.877224
0	14	66	11.158722
0	14	49	10.908794
0	14	69	10.795320
0	14	44	10.634092
0	14	70	10.318993
0	14	78	9.881864
0	14	16	9.783911
0	14	76	9.451733
0	14	75	8.399998
0	15	14	27.617329
0	15	51	26.429901
0	15	21	26.303093
0	15	56	25.600819
0	15	20	25.146801
0	15	52	25.049519
0	15	32	24.764702
0	15	57	24.758125
0	15	26	24.496006
0	15	61	24.486336
0	15	43	23.932369
0	15	65	23.823809
0	15	38	23.747530
0	15	45	23.635319
0	15	30	22.705936
0	15	62	22.498943
0	15	46	22.473450
0	15	22	22.451397
0	15	58	22.255409
0	15	54	22.230999
0	15	3	22.197784
0	15	37	21.823799
0	15	31	21.779663
0	15	25	20.984207
0	15	42	20.613560
0	15	29	20.314293
0	15	48	20.153118
0	15	50	19.715546
0	15	40	19.685230
0	15	27	19.668392
0	15	33	19.181889
0	15	63	18.982742
0	15	11	18.901234
0	15	36	18.620111
0	15	53	18.228115
0	15	18	17.153030
0	15	28	16.812847
0	15	24	16.620937
0	15	39	16.366758
0	15	64	15.353373
0	15	71	14.984324
0	15	77	14.871325
0	15	73	14.866180
0	15	47	14.518723
0	15	72	14.150179
0	15	85	13.824162
0	15	41	13.201588
0	15	35	12.914138
0	15	23	12.599900
0	15	8	12.509400
0	15	74	12.461082
0	15	55	12.153374
0	15	79	11.948427
0	15	34	11.713741
0	15	44	11.700237
0	15	66	11.414901
0	15	49	11.370750
0	15	78	10.980000
0	15	70	10.955704
0	15	16	10.334055
0	15	76	9.840595
0	15	69	9.241130
0	15	75	8.556524
0	16	43	28.934258
0	16	20	28.880997
0	16	21	28.641996
0	16	51	28.508415
0	16	32	27.852379
0	16	56	27.596828
0	16	42	27.437511
0	16	52	27.082085
0	16	26	27.040150
0	16	25	26.007353
0	16	54	25.342854
0	16	58	25.013878
0	16	62	24.797466
0	16	63	24.769409
0	16	3	23.968483
0	16	28	23.721699
0	16	57	23.710884
0	16	22	23.263027
0	16	45	22.782417
0	16	36	22.642832
0	16	37	22.035343
0	16	30	21.815022
0	16	38	21.686829
0	16	53	21.631565
0	16	61	21.498718
0	16	50	21.403557
0	16	31	20.665819
0	16	48	20.437401
0	16	27	20.300323
0	16	65	20.126873
0	16	29	19.599682
0	16	14	19.278187
0	16	46	17.886833
0	16	11	17.327045
0	16	35	16.911182
0	16	33	16.569431
0	16	18	16.441303
0	16	39	16.310438
0	16	73	15.757741
0	16	40	15.606205
0	16	64	15.404209
0	16	47	14.434765
0	16	24	14.282589
0	16	71	14.051966
0	16	77	12.812628
0	16	79	12.604033
0	16	85	12.591738
0	16	74	12.487740
0	16	41	12.479195
0	16	34	12.367239
0	16	8	12.309666
0	16	72	12.229605
0	16	55	11.855553
0	16	23	11.520923
0	16	66	11.488348
0	16	49	11.476183
0	16	44	11.332283
0	16	70	11.108091
0	16	78	9.987795
0	16	69	9.880438
0	16	76	9.732500
0	16	16	9.642250
0	16	75	9.089209
0	19	46	27.385845
0	19	61	25.555901
0	19	32	25.539894
0	19	56	25.150305
0	19	21	24.936314
0	19	52	24.489384
0	19	51	24.252232
0	19	20	24.152172
0	19	3	23.820553
0	19	43	23.815414
0	19	25	23.292475
0	19	38	23.263248
0	19	37	23.194427
0	19	22	23.138695
0	19	33	22.785500
0	19	26	22.208515
0	19	65	22.202824
0	19	42	21.938316
0	19	45	21.886120
0	19	57	21.722086
0	19	14	21.689671
0	19	29	21.665688
0	19	31	21.516853
0	19	11	21.475353
0	19	58	21.128117
0	19	30	20.815807
0	19	62	19.843807
0	19	48	19.534025
0	19	40	19.224251
0	19	24	18.983856
0	19	36	18.915043
0	19	54	18.836205
0	19	18	18.322464
0	19	50	18.124239
0	19	85	17.660534
0	19	27	17.489332
0	19	53	17.235445
0	19	39	17.193789
0	19	63	16.714987
0	19	73	16.471561
0	19	72	16.305254
0	19	28	15.724141
0	19	47	15.448530
0	19	77	14.917822
0	19	71	14.309370
0	19	23	14.194215
0	19	8	13.845011
0	19	41	13.814089
0	19	64	13.744164
0	19	74	13.526586
0	19	79	13.500731
0	19	55	13.343590
0	19	69	12.139735
0	19	34	12.114563
0	19	35	11.810751
0	19	44	11.421843
0	19	66	11.247976
0	19	70	11.056456
0	19	78	11.025770
0	19	49	10.968756
0	19	16	10.279362
0	19	76	9.904877
0	19	75	8.996988
0	22	51	26.594597
0	22	22	25.996506
0	22	26	25.786037
0	22	21	25.173424
0	22	56	25.125679
0	22	32	24.888275
0	22	42	24.376537
0	22	52	24.330688
0	22	43	23.249926
0	22	54	23.089127
0	22	20	22.799643
0	22	25	22.775352
0	22	61	21.822071
0	22	50	21.541069
0	22	57	21.148029
0	22	45	20.721647
0	22	46	20.664513
0	22	38	20.170452
0	22	58	20.150812
0	22	31	20.120594
0	22	63	19.961723
0	22	62	19.211147
0	22	30	19.148991
0	22	53	19.001057
0	22	37	18.500519
0	22	48	18.492783
0	22	28	17.726746
0	22	27	16.999796
0	22	3	16.598715
0	22	29	16.325687
0	22	39	15.917629
0	22	14	15.294272
0	22	65	14.848217
0	22	33	14.727140
0	22	47	14.322865
0	22	18	14.239910
0	22	11	14.125891
0	22	40	13.766748
0	22	73	13.413126
0	22	85	12.827366
0	22	71	12.687589
0	22	24	12.591774
0	22	36	12.567084
0	22	77	12.376707
0	22	72	11.962031
0	22	74	11.735151
0	22	49	11.493059
0	22	8	11.429464
0	22	41	11.365490
0	22	64	11.227423
0	22	79	11.017864
0	22	55	11.008186
0	22	70	10.874650
0	22	66	10.760298
0	22	35	10.753971
0	22	34	10.675894
0	22	44	10.506008
0	22	23	10.174627
0	22	76	9.765563
0	22	16	9.552871
0	22	69	9.186442
0	22	78	8.719177
0	22	75	8.309844
0	43	91	25.967930
0	43	99	24.699558
0	43	15	24.312059
0	43	61	24.250378
0	43	89	24.114231
0	43	105	24.005018
0	43	94	23.850084
0	43	14	23.184986
0	43	86	22.937603
0	43	52	22.707233
0	43	103	21.604027
0	43	3	21.381096
0	43	95	21.307407
0	43	26	21.283707
0	43	58	20.832531
0	43	11	20.315666
0	43	107	20.209787
0	43	108	20.083292
0	43	106	19.795990
0	43	63	19.607849
0	43	90	19.304062
0	43	93	17.701622
0	43	96	17.440632
0	43	100	17.062572
0	43	18	15.648127
0	43	87	14.677088
0	43	85	13.949877
0	43	98	13.753274
0	43	97	13.607922
0	43	88	13.578146
0	43	17	12.406113
0	43	92	12.270035
0	43	109	12.267481
0	43	8	12.243769
0	43	110	11.307960
0	43	13	10.063402
0	43	69	9.322947
0	44	15	27.744537
0	44	95	26.714252
0	44	89	26.402393
0	44	52	24.635544
0	44	94	24.486603
0	44	99	23.767471
0	44	61	23.226295
0	44	86	23.164600
0	44	26	22.905758
0	44	91	22.681271
0	44	3	22.627182
0	44	90	22.441189
0	44	58	22.022472
0	44	108	21.878222
0	44	106	21.534096
0	44	11	21.450735
0	44	107	21.418610
0	44	93	20.954712
0	44	18	20.740307
0	44	14	20.632875
0	44	103	19.725765
0	44	96	19.433790
0	44	63	18.901690
0	44	105	18.661875
0	44	87	16.150732
0	44	98	15.470734
0	44	100	15.373999
0	44	85	14.757202
0	44	97	14.016884
0	44	88	13.640593
0	44	92	12.251984
0	44	109	11.757839
0	44	17	11.660946
0	44	8	11.547676
0	44	110	10.968437
0	44	69	10.226344
0	44	13	9.567402
0	54	11	20.784443
0	54	14	18.086544
0	54	3	17.012573
0	54	18	15.756769
0	54	8	12.065699
0	54	17	10.784548
0	54	111	9.670309
0	54	7	9.568445
0	54	13	9.309515
0	54	16	9.051739
0	57	3	19.080801
0	57	18	18.506657
0	57	11	18.017887
0	57	14	16.577538
0	57	111	11.702309
0	57	7	11.500614
0	57	17	11.497477
0	57	8	10.991142
0	57	13	9.460754
0	57	16	9.329847
0	58	11	18.037386
0	58	3	16.667067
0	58	18	16.335487
0	58	14	14.885902
0	58	17	11.810659
0	58	111	11.713747
0	58	8	11.244307
0	58	7	10.341695
0	58	13	10.013643
0	58	16	9.966801
0	73	160	29.010359
0	73	157	28.976559
0	73	154	28.839928
0	73	158	28.288422
0	73	150	27.957287
0	73	152	27.781710
0	73	159	27.769981
0	73	163	27.718712
0	73	132	27.138493
0	73	151	26.993677
0	73	161	26.958284
0	73	148	26.061516
0	73	153	26.046837
0	73	149	25.932991
0	73	168	25.703394
0	73	11	25.513863
0	73	156	24.733677
0	73	169	24.529629
0	73	146	22.990788
0	73	137	22.865185
0	73	170	22.550014
0	73	3	20.269512
0	73	155	18.913822
0	73	14	17.800089
0	73	18	16.029249
0	73	147	13.737489
0	73	8	13.099319
0	73	145	11.419840
0	73	17	11.288710
0	73	162	10.469446
0	73	13	10.061321
0	73	16	9.595778
0	74	157	29.783607
0	74	154	29.039753
0	74	158	28.155983
0	74	150	27.749081
0	74	152	27.612768
0	74	160	27.469078
0	74	132	26.903576
0	74	161	26.636509
0	74	151	26.615917
0	74	163	26.140247
0	74	159	25.745926
0	74	149	25.692337
0	74	168	25.636917
0	74	137	25.401833
0	74	148	25.325844
0	74	11	24.995922
0	74	169	24.888771
0	74	153	23.001663
0	74	146	22.033049
0	74	156	22.021393
0	74	170	21.769966
0	74	3	21.234829
0	74	155	19.458866
0	74	14	18.703587
0	74	18	16.506432
0	74	147	13.920710
0	74	8	12.806604
0	74	145	12.074604
0	74	17	11.627880
0	74	162	10.897015
0	74	13	9.859373
0	74	16	9.507929
0	75	137	28.760841
0	75	160	28.328390
0	75	167	27.650368
0	75	165	27.276264
0	75	171	26.867880
0	75	132	26.492838
0	75	11	26.192066
0	75	166	25.550964
0	75	164	23.588139
0	75	3	22.933144
0	75	146	20.343111
0	75	14	19.651569
0	75	18	19.307442
0	75	128	17.678808
0	75	147	14.762554
0	75	8	12.847553
0	75	145	12.210279
0	75	17	12.064808
0	75	13	10.139170
0	75	16	9.963326
0	77	160	27.231277
0	77	137	25.448940
0	77	171	24.128679
0	77	132	24.115345
0	77	166	23.703568
0	77	167	23.250526
0	77	165	22.751003
0	77	18	22.367012
0	77	164	22.094322
0	77	3	21.694073
0	77	146	21.476561
0	77	11	21.426800
0	77	14	20.519302
0	77	147	16.114197
0	77	128	15.284771
0	77	145	13.160458
0	77	8	12.539793
0	77	17	12.427414
0	77	13	10.288898
0	77	16	10.014302
0	94	99	28.319340
0	94	116	28.207369
0	94	51	28.032520
0	94	15	27.196962
0	94	200	26.844311
0	94	188	26.661003
0	94	193	26.395863
0	94	201	26.321903
0	94	113	25.583729
0	94	189	25.245087
0	94	207	24.301617
0	94	190	24.208878
0	94	205	24.059147
0	94	192	24.005672
0	94	3	23.924587
0	94	196	23.338306
0	94	194	22.980553
0	94	14	22.330460
0	94	203	22.280630
0	94	206	21.905258
0	94	187	21.569904
0	94	126	21.167160
0	94	18	20.201725
0	94	212	20.187366
0	94	63	19.861027
0	94	195	17.894081
0	94	210	17.306248
0	94	199	15.760941
0	94	202	15.557748
0	94	209	15.369558
0	94	204	15.301512
0	94	122	14.704615
0	94	191	14.167618
0	94	198	13.754276
0	94	17	12.769953
0	94	109	12.615309
0	94	208	12.434629
0	94	217	12.193574
0	94	8	11.960605
0	94	197	11.753796
0	94	13	10.193371
0	94	16	9.869684
0	95	207	21.967857
0	95	116	20.546719
0	95	51	20.498062
0	95	201	20.426849
0	95	192	20.396072
0	95	193	20.301033
0	95	200	19.743176
0	95	15	19.600147
0	95	99	18.717299
0	95	194	18.647018
0	95	196	17.765045
0	95	206	17.400600
0	95	18	17.158943
0	95	190	16.810339
0	95	203	16.781897
0	95	212	16.771559
0	95	14	16.385920
0	95	187	16.279190
0	95	189	16.261524
0	95	3	16.175789
0	95	195	16.156506
0	95	199	15.466978
0	95	188	15.445210
0	95	63	15.326903
0	95	113	15.232998
0	95	209	14.783068
0	95	126	14.710026
0	95	210	14.701887
0	95	122	14.619587
0	95	202	14.533327
0	95	198	13.997303
0	95	204	13.328594
0	95	205	13.257198
0	95	191	13.248472
0	95	17	13.222612
0	95	217	12.950377
0	95	8	12.882751
0	95	109	12.772503
0	95	197	12.353048
0	95	208	12.034180
0	95	16	11.108919
0	95	13	10.584516
0	96	188	27.022141
0	96	99	26.959843
0	96	116	26.636143
0	96	51	26.317535
0	96	15	25.940826
0	96	201	25.269222
0	96	193	24.590130
0	96	200	24.588211
0	96	207	24.453617
0	96	192	23.724277
0	96	63	22.042982
0	96	190	21.758263
0	96	196	21.504629
0	96	194	20.904560
0	96	206	20.707550
0	96	3	20.656643
0	96	205	20.546526
0	96	189	20.370920
0	96	14	18.814980
0	96	113	18.662544
0	96	212	18.282463
0	96	203	18.188223
0	96	195	17.152340
0	96	187	15.775122
0	96	18	15.128432
0	96	209	14.890949
0	96	199	14.889206
0	96	126	13.405455
0	96	122	13.189905
0	96	210	12.160948
0	96	202	11.733004
0	96	109	11.463860
0	96	204	11.405449
0	96	198	11.310159
0	96	191	11.268661
0	96	17	11.232634
0	96	8	11.144133
0	96	197	11.108829
0	96	217	10.144424
0	96	208	9.985386
0	96	13	9.697608
0	96	16	9.172649
0	99	15	27.252880
0	99	192	26.742073
0	99	51	26.636578
0	99	99	26.253746
0	99	193	26.220924
0	99	196	25.224163
0	99	201	25.014011
0	99	211	24.429356
0	99	188	24.290890
0	99	190	24.257250
0	99	207	24.009842
0	99	194	23.347607
0	99	203	22.949800
0	99	200	22.782677
0	99	116	22.719873
0	99	206	22.538469
0	99	212	21.683136
0	99	3	20.709587
0	99	113	20.210869
0	99	189	19.270308
0	99	63	18.416231
0	99	195	18.245581
0	99	14	16.645632
0	99	199	16.065426
0	99	126	15.957657
0	99	18	15.789347
0	99	202	15.622811
0	99	209	14.898043
0	99	205	14.153777
0	99	210	13.838488
0	99	191	12.238892
0	99	198	12.220625
0	99	122	11.996337
0	99	8	11.815893
0	99	197	11.655649
0	99	204	11.412085
0	99	109	11.006098
0	99	217	10.594634
0	99	13	9.642002
0	99	16	9.109909
0	100	51	29.100761
0	100	99	26.524109
0	100	15	25.603603
0	100	201	25.543030
0	100	200	25.235146
0	100	192	24.835848
0	100	188	24.554905
0	100	193	24.021420
0	100	207	23.492943
0	100	196	23.113243
0	100	190	23.046459
0	100	206	22.588512
0	100	211	22.554893
0	100	116	22.233337
0	100	194	21.662830
0	100	3	21.127644
0	100	203	20.666016
0	100	189	20.640362
0	100	113	19.504765
0	100	212	19.167675
0	100	63	18.846832
0	100	205	16.374397
0	100	195	16.163231
0	100	14	16.052254
0	100	18	15.929893
0	100	126	14.722214
0	100	199	14.550379
0	100	209	14.445265
0	100	202	14.320477
0	100	210	13.096672
0	100	122	11.884094
0	100	8	11.735371
0	100	204	11.711185
0	100	198	11.553755
0	100	217	11.349648
0	100	109	11.170671
0	100	191	11.136172
0	100	197	10.766340
0	100	13	9.548868
0	100	16	9.225027
0	123	201	27.750610
0	123	238	26.733887
0	123	229	26.597240
0	123	232	26.007717
0	123	51	25.954922
0	123	188	25.506348
0	123	230	25.401543
0	123	227	25.320621
0	123	207	24.750914
0	123	99	24.513000
0	123	233	24.511566
0	123	241	24.484406
0	123	228	23.864422
0	123	116	23.789124
0	123	190	23.474243
0	123	221	23.191692
0	123	240	23.163437
0	123	243	23.144241
0	123	196	22.614582
0	123	224	22.453688
0	123	236	22.060047
0	123	234	21.159805
0	123	235	21.060131
0	123	246	20.561989
0	123	3	20.305172
0	123	244	20.288776
0	123	222	20.117081
0	123	96	19.741867
0	123	245	19.212538
0	123	11	18.305214
0	123	223	18.198601
0	123	14	18.195839
0	123	226	16.989592
0	123	231	16.789265
0	123	18	16.374725
0	123	199	15.997423
0	123	187	15.460423
0	123	239	15.305534
0	123	242	14.540146
0	123	225	13.801031
0	123	210	13.637602
0	123	8	12.676106
0	123	122	12.663172
0	123	198	12.457415
0	123	237	12.201891
0	123	191	11.645895
0	123	208	11.639657
0	123	197	10.943067
0	123	217	10.791180
0	123	247	9.519182
0	123	16	9.504011
0	124	51	26.184700
0	124	201	26.029438
0	124	232	25.661579
0	124	221	25.589844
0	124	207	25.151958
0	124	240	24.203758
0	124	233	24.158894
0	124	99	23.672829
0	124	229	22.977665
0	124	224	22.695553
0	124	116	22.186386
0	124	236	21.780903
0	124	228	21.767500
0	124	235	21.453945
0	124	11	21.353539
0	124	190	20.969551
0	124	188	20.847973
0	124	244	20.829748
0	124	238	20.818544
0	124	223	20.477325
0	124	246	20.003532
0	124	227	19.944279
0	124	3	19.899231
0	124	230	19.803242
0	124	196	19.645115
0	124	243	19.615620
0	124	14	19.038506
0	124	245	18.641033
0	124	18	18.227468
0	124	234	18.202824
0	124	222	18.105759
0	124	96	17.735317
0	124	231	17.700829
0	124	199	17.322315
0	124	210	17.263643
0	124	187	16.507469
0	124	239	16.480192
0	124	226	16.458632
0	124	242	16.070774
0	124	241	15.638377
0	124	225	15.484350
0	124	122	14.937004
0	124	191	14.009323
0	124	198	12.578045
0	124	237	12.097189
0	124	8	11.958706
0	124	208	11.711023
0	124	197	11.561357
0	124	217	11.476226
0	124	16	9.407287
0	124	247	9.183123
0	125	207	28.167828
0	125	188	27.418884
0	125	201	27.027428
0	125	233	26.432121
0	125	11	26.399446
0	125	190	26.285973
0	125	228	26.277203
0	125	51	25.356197
0	125	232	25.350964
0	125	196	24.790634
0	125	229	24.642326
0	125	14	24.469309
0	125	221	24.348259
0	125	224	23.616562
0	125	99	23.356297
0	125	223	22.968372
0	125	3	22.888084
0	125	18	22.579048
0	125	236	22.501862
0	125	235	22.432602
0	125	246	22.320095
0	125	116	22.151161
0	125	222	22.120392
0	125	240	22.083467
0	125	244	21.974960
0	125	230	21.761108
0	125	241	21.702118
0	125	227	21.230278
0	125	96	21.190842
0	125	245	20.936840
0	125	234	20.752266
0	125	238	19.707123
0	125	187	19.356003
0	125	231	19.079235
0	125	226	18.064461
0	125	243	18.014275
0	125	199	16.954981
0	125	210	15.430740
0	125	239	15.194134
0	125	122	14.338879
0	125	242	14.163382
0	125	237	13.780043
0	125	225	13.608309
0	125	198	13.325832
0	125	8	13.284077
0	125	208	13.236612
0	125	191	12.985068
0	125	197	12.808378
0	125	217	12.150322
0	125	16	10.273285
0	125	247	10.017124
0	126	221	25.324421
0	126	51	25.074757
0	126	188	25.028065
0	126	232	24.716183
0	126	229	23.915932
0	126	99	23.718512
0	126	116	23.716961
0	126	201	23.604702
0	126	238	22.716103
0	126	240	22.531065
0	126	207	22.443840
0	126	236	21.986427
0	126	228	21.444866
0	126	224	21.361134
0	126	244	21.110130
0	126	227	20.396614
0	126	3	20.301746
0	126	223	20.138988
0	126	196	19.927896
0	126	233	19.892227
0	126	190	19.574987
0	126	235	19.015869
0	126	246	18.241867
0	126	222	17.951019
0	126	11	17.864040
0	126	226	17.607422
0	126	14	17.325771
0	126	230	15.980231
0	126	243	15.927031
0	126	231	15.810642
0	126	245	15.783913
0	126	96	15.245489
0	126	234	14.812538
0	126	187	14.328919
0	126	18	14.182941
0	126	199	13.790815
0	126	241	13.628126
0	126	210	13.171144
0	126	239	13.129190
0	126	242	13.064513
0	126	198	11.866039
0	126	225	11.722052
0	126	217	11.622669
0	126	122	11.597813
0	126	8	11.588263
0	126	191	11.295509
0	126	197	11.247937
0	126	237	10.953924
0	126	208	10.156069
0	126	247	9.295240
0	126	16	9.250179
0	127	51	26.066914
0	127	229	26.007511
0	127	99	25.794376
0	127	232	25.647732
0	127	238	24.158573
0	127	236	23.546820
0	127	233	23.001938
0	127	221	22.972935
0	127	188	22.612991
0	127	230	22.165638
0	127	116	21.754154
0	127	228	21.742722
0	127	207	21.683777
0	127	201	21.151749
0	127	224	20.640978
0	127	240	19.698807
0	127	243	19.675903
0	127	190	19.433830
0	127	196	19.289600
0	127	227	18.860477
0	127	244	18.852844
0	127	234	18.253967
0	127	3	17.902903
0	127	222	17.747812
0	127	246	17.726208
0	127	14	17.414185
0	127	241	17.344269
0	127	96	16.861870
0	127	223	16.572983
0	127	235	16.248653
0	127	245	16.237240
0	127	226	16.184433
0	127	231	16.146389
0	127	11	15.951331
0	127	18	15.391300
0	127	187	14.734215
0	127	199	14.489761
0	127	239	13.991089
0	127	242	13.856728
0	127	210	13.791594
0	127	191	13.017536
0	127	225	12.125831
0	127	122	11.954308
0	127	198	11.598001
0	127	8	11.476782
0	127	217	11.257835
0	127	237	11.180920
0	127	197	10.748533
0	127	208	10.459218
0	127	16	9.990116
0	127	247	9.646330
0	144	200	25.946575
0	144	201	25.799191
0	144	253	23.156391
0	144	3	22.707529
0	144	254	22.535900
0	144	252	21.597143
0	144	258	20.985218
0	144	251	20.885910
0	144	18	19.749763
0	144	14	19.616074
0	144	257	19.513538
0	144	63	19.065796
0	144	11	18.941519
0	144	113	17.971809
0	144	248	16.098671
0	144	187	15.987960
0	144	199	15.215811
0	144	256	12.958473
0	144	17	12.538331
0	144	8	12.435041
0	144	191	11.537886
0	144	249	11.351928
0	144	208	11.238306
0	144	109	10.884951
0	144	13	10.049791
0	144	110	9.837430
0	144	16	9.464762
0	144	255	8.422208
0	144	250	7.106978
0	145	253	24.490320
0	145	201	24.399677
0	145	200	24.273964
0	145	251	23.505356
0	145	254	23.194290
0	145	63	20.621136
0	145	257	20.287968
0	145	258	19.602600
0	145	14	19.371368
0	145	3	19.193119
0	145	113	18.982437
0	145	187	18.506329
0	145	252	17.696518
0	145	18	17.590786
0	145	11	17.406372
0	145	248	15.694707
0	145	199	14.293777
0	145	256	14.073956
0	145	191	13.438993
0	145	17	11.955908
0	145	8	11.672846
0	145	109	11.443046
0	145	208	10.718239
0	145	249	10.608719
0	145	16	9.695576
0	145	13	9.514034
0	145	110	9.342781
0	145	250	9.172161
0	145	255	8.083899
0	146	201	24.659557
0	146	257	24.105099
0	146	200	23.933002
0	146	251	22.152767
0	146	253	21.900928
0	146	252	21.242390
0	146	254	21.012030
0	146	3	20.479694
0	146	11	19.278376
0	146	258	18.833870
0	146	187	17.955217
0	146	63	17.576408
0	146	113	17.219362
0	146	14	16.171566
0	146	248	16.092140
0	146	18	16.036383
0	146	199	14.333298
0	146	8	13.026340
0	146	249	12.321770
0	146	256	11.836234
0	146	109	11.362352
0	146	191	11.312820
0	146	17	11.295326
0	146	208	9.773325
0	146	110	9.529046
0	146	13	9.493616
0	146	250	8.996890
0	146	16	8.704742
0	146	255	8.499813
0	147	201	26.441307
0	147	253	23.820974
0	147	251	22.954990
0	147	257	21.856344
0	147	252	21.675772
0	147	254	21.472635
0	147	200	20.852760
0	147	18	20.105507
0	147	258	19.889984
0	147	63	19.442686
0	147	199	18.972065
0	147	113	18.424580
0	147	3	17.952965
0	147	11	17.179127
0	147	14	16.597368
0	147	187	15.345310
0	147	248	15.339603
0	147	256	14.281427
0	147	8	12.519460
0	147	191	12.148846
0	147	17	12.036736
0	147	109	11.534685
0	147	208	11.066468
0	147	249	10.978148
0	147	13	9.864676
0	147	110	9.415744
0	147	16	9.296640
0	147	255	8.428622
0	147	250	8.050194
0	148	201	27.101250
0	148	200	26.122509
0	148	253	23.620398
0	148	63	22.555080
0	148	258	22.300362
0	148	254	22.140179
0	148	252	21.527500
0	148	257	21.136452
0	148	113	20.707470
0	148	251	20.579453
0	148	3	18.884184
0	148	14	18.479282
0	148	18	17.476917
0	148	199	17.236401
0	148	11	17.189646
0	148	248	16.458710
0	148	187	13.399408
0	148	191	12.904053
0	148	256	12.436178
0	148	8	12.360173
0	148	17	11.490015
0	148	109	11.445643
0	148	208	10.625585
0	148	249	10.031231
0	148	13	9.711492
0	148	110	9.535438
0	148	16	8.942663
0	148	255	8.016218
0	148	250	6.942795
0	150	201	27.998016
0	150	257	24.826265
0	150	251	24.412762
0	150	253	23.229153
0	150	252	22.932972
0	150	18	21.949348
0	150	200	21.412312
0	150	254	20.647856
0	150	3	20.473068
0	150	63	19.420918
0	150	258	17.741409
0	150	11	17.563173
0	150	113	17.482662
0	150	14	15.704127
0	150	187	15.512329
0	150	199	15.390128
0	150	248	13.203039
0	150	8	12.075880
0	150	109	11.960155
0	150	191	11.782375
0	150	256	11.725830
0	150	17	11.609592
0	150	249	10.703872
0	150	13	10.113247
0	150	208	9.758753
0	150	110	9.683237
0	150	16	9.034381
0	150	250	8.341743
0	150	255	8.339732
0	177	183	30.342205
0	177	116	26.444511
0	177	270	25.188005
0	177	267	24.609024
0	177	51	24.433235
0	177	61	24.075573
0	177	112	22.607700
0	177	244	22.151619
0	177	30	21.947687
0	177	268	21.699123
0	177	263	21.092609
0	177	264	20.964745
0	177	3	20.964725
0	177	113	20.403862
0	177	63	20.006376
0	177	58	19.955639
0	177	14	19.508358
0	177	231	17.958593
0	177	11	17.687336
0	177	269	17.579466
0	177	266	17.552073
0	177	278	16.739267
0	177	280	16.490141
0	177	265	16.157942
0	177	18	15.704609
0	177	271	15.391285
0	177	115	13.887751
0	177	119	13.542299
0	177	8	12.443195
0	177	277	12.359816
0	177	17	11.885912
0	177	272	10.998815
0	177	109	10.550133
0	177	13	9.720409
0	177	16	9.120037
0	177	255	8.289447
0	178	183	27.595325
0	178	116	26.346962
0	178	61	25.677464
0	178	270	25.489939
0	178	30	24.891817
0	178	51	24.625515
0	178	244	24.610178
0	178	267	23.564922
0	178	263	23.465157
0	178	112	22.896309
0	178	11	22.387573
0	178	3	21.938950
0	178	14	21.178139
0	178	268	20.806805
0	178	58	20.548225
0	178	264	20.434925
0	178	113	20.375149
0	178	265	20.245489
0	178	278	19.353172
0	178	231	18.722536
0	178	63	18.399893
0	178	266	18.006359
0	178	269	17.767334
0	178	271	16.722191
0	178	280	15.838741
0	178	18	15.809724
0	178	119	13.968042
0	178	115	12.865402
0	178	277	12.767149
0	178	17	12.665907
0	178	272	12.125409
0	178	8	11.513887
0	178	109	10.541379
0	178	16	9.498892
0	178	13	8.987234
0	178	255	7.541044
0	179	183	26.729298
0	179	116	26.286598
0	179	51	26.012966
0	179	61	22.907757
0	179	270	22.889679
0	179	30	22.750431
0	179	112	20.194824
0	179	267	20.133972
0	179	263	19.859283
0	179	268	19.758629
0	179	244	19.591923
0	179	58	18.156197
0	179	3	17.475935
0	179	264	17.124132
0	179	63	16.887743
0	179	11	16.611057
0	179	113	16.609161
0	179	14	16.557089
0	179	231	15.758091
0	179	271	15.648698
0	179	18	15.500700
0	179	265	14.982464
0	179	266	14.917355
0	179	269	14.761452
0	179	278	14.313042
0	179	280	13.751152
0	179	115	12.767082
0	179	119	12.427534
0	179	8	11.821171
0	179	277	11.754181
0	179	17	11.218155
0	179	272	10.071117
0	179	109	10.044233
0	179	16	9.222051
0	179	13	9.207801
0	179	255	8.371806
0	180	183	28.676624
0	180	116	27.235121
0	180	270	25.850599
0	180	263	25.356644
0	180	267	23.878696
0	180	61	23.426853
0	180	244	23.276669
0	180	51	22.553965
0	180	30	22.547844
0	180	268	21.910751
0	180	11	21.753653
0	180	63	21.242153
0	180	112	20.011673
0	180	3	19.853037
0	180	264	19.274567
0	180	113	19.135479
0	180	14	18.758751
0	180	58	17.882490
0	180	266	17.774536
0	180	231	17.244551
0	180	269	17.103153
0	180	271	15.882750
0	180	18	15.738698
0	180	278	15.507723
0	180	280	14.347670
0	180	265	14.312797
0	180	119	13.008221
0	180	277	12.713579
0	180	8	12.163595
0	180	115	11.376741
0	180	17	11.357987
0	180	272	10.892786
0	180	109	10.362274
0	180	13	9.035975
0	180	16	8.721750
0	180	255	7.672947
0	181	183	28.740284
0	181	116	27.535069
0	181	51	24.510246
0	181	270	23.982962
0	181	267	22.893536
0	181	61	22.297068
0	181	244	22.104189
0	181	30	21.910748
0	181	263	21.373726
0	181	268	20.671030
0	181	112	20.666225
0	181	113	20.184992
0	181	3	19.295052
0	181	264	19.219360
0	181	63	19.127899
0	181	14	18.921509
0	181	58	18.755648
0	181	11	17.121925
0	181	265	16.616415
0	181	269	16.599045
0	181	278	15.934786
0	181	271	15.748846
0	181	18	15.731365
0	181	231	15.434216
0	181	280	15.243912
0	181	266	15.243558
0	181	277	12.946011
0	181	119	12.497537
0	181	17	12.038021
0	181	115	11.825559
0	181	8	11.330310
0	181	272	11.042574
0	181	109	10.666926
0	181	13	9.554445
0	181	16	9.013254
0	181	255	8.398249
0	182	51	24.740189
0	182	183	24.367056
0	182	270	23.396973
0	182	268	23.184900
0	182	61	22.995323
0	182	116	22.525513
0	182	112	20.155308
0	182	63	19.129665
0	182	244	18.219009
0	182	30	17.817026
0	182	267	17.758976
0	182	58	17.694229
0	182	11	16.657387
0	182	113	16.502621
0	182	18	16.063519
0	182	264	15.733743
0	182	14	15.625546
0	182	3	15.517187
0	182	263	15.460984
0	182	269	15.292509
0	182	271	15.155815
0	182	266	15.045952
0	182	231	14.777464
0	182	280	14.496157
0	182	278	14.392673
0	182	277	13.790747
0	182	265	13.316139
0	182	17	11.908815
0	182	115	11.678799
0	182	109	11.435125
0	182	119	11.274572
0	182	8	11.234156
0	182	272	11.105154
0	182	13	10.332108
0	182	16	10.040648
0	182	255	8.969770
0	183	183	30.208858
0	183	267	28.768696
0	183	116	27.594040
0	183	286	25.711609
0	183	51	25.192505
0	183	270	25.140278
0	183	294	24.626602
0	183	61	23.635426
0	183	287	23.181549
0	183	113	23.029881
0	183	268	22.833305
0	183	112	22.815002
0	183	275	22.398582
0	183	30	21.907799
0	183	244	21.355907
0	183	14	21.262234
0	183	63	20.627720
0	183	291	20.322334
0	183	263	19.762465
0	183	264	19.754999
0	183	58	19.622852
0	183	273	19.461340
0	183	288	19.412914
0	183	276	18.980320
0	183	3	18.878757
0	183	278	18.747551
0	183	282	18.657835
0	183	231	18.612755
0	183	292	18.606632
0	183	18	18.585278
0	183	290	18.557079
0	183	284	18.402067
0	183	283	18.311035
0	183	274	18.267159
0	183	289	18.073956
0	183	293	18.026173
0	183	279	17.667664
0	183	295	15.260195
0	183	285	15.000973
0	183	119	14.990643
0	183	271	14.839396
0	183	280	14.506611
0	183	281	12.668516
0	183	115	12.318570
0	183	272	10.272781
0	184	244	27.527184
0	184	270	26.674797
0	184	183	25.997101
0	184	61	25.670452
0	184	116	25.038784
0	184	51	24.624422
0	184	11	24.199772
0	184	268	23.696899
0	184	263	23.188435
0	184	267	21.909191
0	184	266	20.619993
0	184	30	20.583652
0	184	63	20.094269
0	184	112	20.078037
0	184	3	19.994110
0	184	231	19.016315
0	184	264	17.839396
0	184	58	17.743355
0	184	113	17.192123
0	184	14	17.073416
0	184	271	17.014168
0	184	269	15.854481
0	184	278	14.991072
0	184	18	14.625185
0	184	119	13.978674
0	184	280	13.944515
0	184	265	12.939654
0	184	8	12.792118
0	184	115	12.115391
0	184	277	11.760138
0	184	17	11.100241
0	184	272	11.063051
0	184	109	10.187756
0	184	13	9.669893
0	184	16	9.016762
0	184	255	8.254550
0	185	183	28.549271
0	185	270	25.515270
0	185	30	24.261692
0	185	51	23.590614
0	185	116	23.131916
0	185	244	22.088623
0	185	61	22.040443
0	185	14	21.732048
0	185	112	21.317207
0	185	63	21.289387
0	185	267	20.811066
0	185	263	20.201359
0	185	264	20.098942
0	185	113	19.426262
0	185	268	19.095570
0	185	58	19.095011
0	185	3	19.088120
0	185	11	18.503956
0	185	269	18.463696
0	185	266	17.167234
0	185	271	16.423601
0	185	231	15.965002
0	185	278	15.735554
0	185	265	15.409800
0	185	18	15.152889
0	185	115	13.822515
0	185	280	13.770535
0	185	8	13.135599
0	185	277	12.900202
0	185	272	12.769232
0	185	119	12.236521
0	185	109	12.071880
0	185	17	11.897829
0	185	13	9.783665
0	185	16	9.193710
0	185	255	8.694569
0	186	183	30.519577
0	186	116	27.481071
0	186	51	26.754353
0	186	270	25.733753
0	186	263	25.274658
0	186	244	25.227352
0	186	61	25.149712
0	186	30	21.848635
0	186	112	21.699409
0	186	267	21.641811
0	186	268	21.148697
0	186	269	20.584736
0	186	11	20.039036
0	186	63	19.851105
0	186	3	19.338158
0	186	264	18.918289
0	186	113	18.886650
0	186	14	18.435631
0	186	58	17.599735
0	186	271	16.201498
0	186	278	14.754688
0	186	18	14.578646
0	186	231	14.352089
0	186	266	14.167813
0	186	265	13.522367
0	186	280	13.247007
0	186	115	12.627340
0	186	119	11.915190
0	186	277	11.605049
0	186	8	11.593985
0	186	17	11.011890
0	186	272	10.390463
0	186	109	10.060791
0	186	13	9.226735
0	186	16	8.586129
0	186	255	7.658454
