0	1	1	3.055636
0	1	15	-1.409068
0	1	2	-1.951350
0	1	10	-2.299420
0	1	5	-4.403278
0	1	6	-6.279395
0	1	9	-6.895957
0	1	14	-7.351775
0	1	11	-11.639630
0	1	4	-11.662096
0	1	3	-11.959896
0	1	8	-12.179106
0	1	0	-13.170696
0	1	19	-15.524094
0	1	12	-17.194515
0	1	17	-18.492189
0	1	16	-18.680840
0	1	18	-19.565208
0	1	13	-21.735626
0	1	7	-27.502537
0	2	1	6.783629
0	2	15	4.729031
0	2	5	2.831675
0	2	9	0.596997
0	2	3	-0.547538
0	2	2	-0.634426
0	2	10	-3.387566
0	2	0	-4.300186
0	2	7	-7.099443
0	2	4	-8.063588
0	2	8	-9.323052
0	2	18	-10.056359
0	2	6	-10.945227
0	2	16	-11.807309
0	2	14	-11.965917
0	2	11	-12.662583
0	2	12	-14.088161
0	2	19	-16.155588
0	2	17	-16.911867
0	2	13	-18.904076
0	3	15	5.312132
0	3	1	3.580003
0	3	10	2.150919
0	3	5	-0.464435
0	3	2	-2.689098
0	3	9	-5.170509
0	3	3	-6.052777
0	3	0	-6.538804
0	3	14	-7.980080
0	3	8	-9.821313
0	3	4	-11.873507
0	3	6	-12.426399
0	3	12	-12.852563
0	3	19	-13.554572
0	3	18	-14.352065
0	3	16	-14.634111
0	3	11	-15.117551
0	3	7	-15.204780
0	3	17	-15.368023
0	3	13	-20.587488
0	14	20	8.359228
0	14	43	7.274623
0	14	31	7.021451
0	14	46	6.966167
0	14	57	6.815485
0	14	24	6.635919
0	14	56	5.990022
0	14	51	5.579839
0	14	26	5.277782
0	14	27	5.147418
0	14	3	4.746650
0	14	32	4.246155
0	14	38	4.108741
0	14	21	4.070021
0	14	22	3.968899
0	14	37	3.786740
0	14	65	3.562164
0	14	62	3.355048
0	14	25	3.077658
0	14	30	3.045373
0	14	52	2.825778
0	14	53	2.384053
0	14	40	1.941761
0	14	54	1.777901
0	14	63	1.675203
0	14	58	0.911559
0	14	48	0.788629
0	14	29	-2.219640
0	14	28	-2.451180
0	14	33	-3.498689
0	14	45	-7.121504
0	14	39	-7.190171
0	14	11	-8.857183
0	14	50	-8.989212
0	14	41	-9.375916
0	14	61	-9.703508
0	14	18	-9.913707
0	14	8	-9.953913
0	14	36	-9.989289
0	14	42	-10.076252
0	14	47	-10.297258
0	14	16	-10.916692
0	14	72	-10.956619
0	14	74	-11.106345
0	14	23	-11.606516
0	14	14	-11.658788
0	14	85	-11.780555
0	14	77	-12.373724
0	14	71	-12.473191
0	14	64	-12.672217
0	14	66	-13.235582
0	14	69	-13.235720
0	14	79	-13.815187
0	14	49	-13.908775
0	14	73	-14.108081
0	14	34	-14.900215
0	14	75	-15.222613
0	14	35	-15.398273
0	14	44	-15.560610
0	14	76	-16.619356
0	14	70	-17.322399
0	14	55	-17.718739
0	14	78	-22.717346
0	15	20	5.675720
0	15	43	4.941261
0	15	31	4.332361
0	15	57	4.300603
0	15	38	3.782143
0	15	27	2.298827
0	15	56	1.458409
0	15	52	1.224479
0	15	3	1.097160
0	15	58	0.876460
0	15	32	0.401728
0	15	37	0.400913
0	15	40	0.352054
0	15	22	0.200839
0	15	51	0.126969
0	15	63	0.003575
0	15	54	-0.445254
0	15	26	-0.563120
0	15	25	-0.652088
0	15	21	-0.713301
0	15	65	-0.821290
0	15	24	-0.863935
0	15	28	-1.190768
0	15	53	-1.316776
0	15	46	-2.676375
0	15	48	-2.722422
0	15	62	-3.088441
0	15	29	-4.406009
0	15	30	-5.575449
0	15	14	-6.623998
0	15	50	-7.093323
0	15	41	-9.313301
0	15	11	-10.248246
0	15	8	-10.282242
0	15	36	-10.542286
0	15	45	-10.937297
0	15	61	-11.794832
0	15	18	-12.312771
0	15	47	-12.862870
0	15	42	-12.972779
0	15	71	-13.499407
0	15	72	-14.367231
0	15	33	-14.560216
0	15	66	-14.567606
0	15	39	-14.756278
0	15	23	-14.919987
0	15	85	-15.219496
0	15	64	-15.924129
0	15	74	-16.192596
0	15	16	-16.245220
0	15	77	-16.460329
0	15	75	-17.992962
0	15	49	-18.004290
0	15	79	-18.089117
0	15	69	-18.206860
0	15	73	-19.422676
0	15	34	-19.630854
0	15	35	-21.247353
0	15	44	-22.186623
0	15	55	-23.011341
0	15	76	-23.851833
0	15	78	-24.387888
0	15	70	-24.590963
0	16	22	6.301774
0	16	20	6.251109
0	16	43	6.116827
0	16	57	5.738191
0	16	62	5.324527
0	16	56	5.257812
0	16	31	5.234711
0	16	58	5.069341
0	16	52	4.948621
0	16	26	4.556499
0	16	28	4.536769
0	16	63	4.462574
0	16	27	4.378309
0	16	51	4.011982
0	16	24	3.945280
0	16	32	3.797313
0	16	3	3.570293
0	16	54	3.244286
0	16	21	3.062287
0	16	25	1.704889
0	16	38	0.394352
0	16	48	0.063256
0	16	29	-0.615771
0	16	37	-1.312627
0	16	65	-1.442348
0	16	53	-1.726690
0	16	40	-4.888021
0	16	42	-5.013624
0	16	30	-6.762655
0	16	71	-6.787981
0	16	61	-7.621537
0	16	36	-9.085919
0	16	23	-9.434598
0	16	14	-9.865220
0	16	75	-10.359795
0	16	46	-10.614656
0	16	8	-10.676105
0	16	45	-10.917249
0	16	50	-11.275749
0	16	47	-11.339032
0	16	72	-12.945805
0	16	11	-13.438189
0	16	85	-13.672306
0	16	66	-14.536757
0	16	41	-14.615363
0	16	76	-15.208442
0	16	33	-15.424726
0	16	49	-15.594052
0	16	16	-15.607854
0	16	18	-15.830661
0	16	39	-17.149307
0	16	74	-17.243225
0	16	77	-17.753633
0	16	69	-18.940247
0	16	34	-19.277767
0	16	64	-19.479988
0	16	73	-20.152504
0	16	35	-20.238989
0	16	79	-20.362146
0	16	44	-22.013414
0	16	70	-22.404427
0	16	55	-23.371017
0	16	78	-28.608068
0	19	46	6.770964
0	19	20	5.971261
0	19	43	5.256924
0	19	31	5.018907
0	19	3	4.285244
0	19	24	4.006257
0	19	32	3.355654
0	19	38	3.341231
0	19	57	2.747326
0	19	25	2.531010
0	19	37	1.920797
0	19	21	1.052373
0	19	40	0.867755
0	19	56	0.750246
0	19	26	0.261978
0	19	52	0.099764
0	19	27	-0.294514
0	19	65	-1.071776
0	19	58	-1.576460
0	19	30	-1.986037
0	19	53	-2.585160
0	19	63	-2.757363
0	19	33	-2.900063
0	19	29	-3.112322
0	19	42	-3.134449
0	19	22	-3.578129
0	19	28	-4.276134
0	19	62	-4.576302
0	19	48	-4.939173
0	19	51	-5.672260
0	19	54	-5.771025
0	19	61	-7.766283
0	19	11	-8.227141
0	19	50	-8.966485
0	19	39	-9.237673
0	19	18	-9.724717
0	19	41	-10.053266
0	19	36	-10.922991
0	19	74	-11.268753
0	19	8	-11.385927
0	19	23	-11.408280
0	19	45	-11.537901
0	19	16	-11.713332
0	19	47	-11.991992
0	19	85	-12.157085
0	19	69	-12.368494
0	19	64	-12.691460
0	19	66	-13.009562
0	19	14	-13.078477
0	19	75	-13.245872
0	19	71	-13.282353
0	19	77	-13.500396
0	19	72	-13.796237
0	19	79	-13.796448
0	19	73	-14.603975
0	19	49	-14.631175
0	19	34	-15.729210
0	19	55	-16.028351
0	19	35	-16.393042
0	19	76	-16.437035
0	19	44	-17.012659
0	19	70	-17.176302
0	19	78	-19.916380
0	22	32	3.781298
0	22	43	3.185241
0	22	22	2.999442
0	22	52	2.590695
0	22	26	2.459965
0	22	31	2.399529
0	22	27	2.299224
0	22	56	2.165604
0	22	25	1.854896
0	22	21	1.397358
0	22	58	0.664766
0	22	20	0.425756
0	22	51	0.026022
0	22	54	-0.466095
0	22	38	-1.120392
0	22	57	-2.365515
0	22	63	-2.728983
0	22	28	-3.132297
0	22	3	-3.143992
0	22	40	-4.371231
0	22	53	-5.480603
0	22	42	-6.697364
0	22	50	-7.457330
0	22	61	-7.602535
0	22	48	-8.453344
0	22	30	-8.682001
0	22	37	-9.613569
0	22	65	-9.679967
0	22	46	-9.757056
0	22	45	-11.080567
0	22	8	-13.050041
0	22	47	-13.611031
0	22	29	-14.086199
0	22	16	-14.800123
0	22	24	-15.227096
0	22	14	-15.521670
0	22	62	-15.809503
0	22	41	-15.814873
0	22	36	-16.187668
0	22	11	-16.361649
0	22	72	-16.677929
0	22	18	-16.684675
0	22	85	-17.073368
0	22	66	-17.591761
0	22	33	-19.232899
0	22	74	-19.352921
0	22	49	-20.276911
0	22	39	-20.709024
0	22	23	-20.968151
0	22	73	-21.240135
0	22	69	-21.872522
0	22	64	-22.771744
0	22	71	-22.825224
0	22	77	-23.000353
0	22	75	-23.011086
0	22	79	-24.017275
0	22	34	-24.844185
0	22	35	-25.261135
0	22	44	-25.281534
0	22	76	-27.131063
0	22	55	-27.418428
0	22	70	-27.916929
0	22	78	-31.577442
0	43	15	4.718275
0	43	91	3.160622
0	43	99	2.443260
0	43	90	1.653526
0	43	63	0.498367
0	43	52	0.041000
0	43	106	-0.459022
0	43	3	-0.891123
0	43	105	-2.293485
0	43	86	-2.675051
0	43	26	-2.898406
0	43	92	-6.120708
0	43	107	-6.221460
0	43	58	-6.262059
0	43	61	-7.350254
0	43	88	-8.494143
0	43	94	-9.171769
0	43	14	-9.729463
0	43	96	-10.445458
0	43	8	-10.649197
0	43	18	-11.730920
0	43	95	-11.821877
0	43	89	-11.970867
0	43	98	-13.639604
0	43	85	-14.260822
0	43	93	-14.983957
0	43	11	-16.310591
0	43	110	-16.468126
0	43	103	-16.653275
0	43	97	-17.179840
0	43	87	-17.407541
0	43	108	-18.202026
0	43	69	-18.424280
0	43	109	-22.228598
0	43	17	-22.474995
0	43	13	-24.571892
0	43	100	-26.449265
0	44	15	0.843242
0	44	90	-0.262238
0	44	3	-3.408840
0	44	96	-3.748665
0	44	89	-4.525187
0	44	52	-5.443182
0	44	26	-6.050372
0	44	106	-6.323567
0	44	58	-7.104988
0	44	63	-7.355322
0	44	95	-7.894194
0	44	91	-8.133059
0	44	93	-8.258298
0	44	107	-9.153083
0	44	11	-9.345264
0	44	86	-9.814600
0	44	94	-10.108479
0	44	88	-10.603147
0	44	103	-11.177647
0	44	99	-11.374411
0	44	18	-11.585019
0	44	8	-12.024862
0	44	87	-12.031128
0	44	98	-12.379113
0	44	92	-12.799891
0	44	61	-13.256473
0	44	105	-14.884309
0	44	69	-15.506803
0	44	14	-16.408224
0	44	85	-17.210423
0	44	97	-17.810764
0	44	109	-19.185888
0	44	13	-19.350431
0	44	17	-19.776039
0	44	100	-21.778814
0	44	108	-22.162533
0	44	110	-23.795898
0	54	8	-8.827919
0	54	3	-10.944721
0	54	14	-11.718839
0	54	11	-16.319464
0	54	18	-16.370691
0	54	16	-17.462461
0	54	13	-20.813463
0	54	17	-21.308592
0	54	111	-23.524586
0	54	7	-28.164005
0	57	3	-4.583274
0	57	8	-9.440658
0	57	14	-12.119996
0	57	11	-14.012612
0	57	18	-16.404350
0	57	16	-17.129648
0	57	17	-18.814968
0	57	13	-19.722126
0	57	7	-19.914015
0	57	111	-24.733051
0	58	3	-8.389791
0	58	8	-10.825988
0	58	14	-11.336239
0	58	11	-12.977139
0	58	18	-14.921747
0	58	16	-15.621337
0	58	17	-17.073280
0	58	13	-17.380539
0	58	111	-19.377504
0	58	7	-20.232721
0	73	157	3.391800
0	73	137	3.193462
0	73	158	2.940488
0	73	161	2.872531
0	73	168	2.527448
0	73	170	-0.606016
0	73	132	-1.177199
0	73	149	-1.949806
0	73	152	-2.429343
0	73	150	-3.223391
0	73	163	-4.511149
0	73	169	-5.742713
0	73	153	-6.182036
0	73	3	-6.184858
0	73	154	-7.274530
0	73	18	-8.936411
0	73	155	-10.107798
0	73	8	-10.193378
0	73	146	-10.236997
0	73	159	-10.945668
0	73	151	-11.013841
0	73	147	-11.920918
0	73	156	-12.507150
0	73	16	-12.728791
0	73	160	-13.996888
0	73	148	-14.451905
0	73	14	-14.710752
0	73	145	-15.239573
0	73	17	-16.045618
0	73	11	-16.461313
0	73	162	-16.632252
0	73	13	-17.223478
0	74	157	4.507434
0	74	137	4.020919
0	74	158	3.624300
0	74	132	3.591609
0	74	168	0.033657
0	74	170	-3.062093
0	74	3	-4.170947
0	74	153	-4.338031
0	74	155	-4.474062
0	74	154	-4.809526
0	74	150	-7.984841
0	74	156	-9.075589
0	74	151	-9.219720
0	74	163	-9.438451
0	74	159	-9.471264
0	74	8	-9.648153
0	74	161	-9.866562
0	74	152	-10.237236
0	74	149	-10.704321
0	74	18	-10.984896
0	74	148	-11.031397
0	74	146	-11.519668
0	74	160	-11.633408
0	74	169	-12.448255
0	74	11	-14.510965
0	74	16	-15.341228
0	74	14	-15.745204
0	74	145	-15.883653
0	74	147	-16.775921
0	74	17	-17.431564
0	74	162	-17.959974
0	74	13	-18.633442
0	75	137	7.770322
0	75	132	3.502048
0	75	167	1.249587
0	75	164	-1.494225
0	75	165	-3.725043
0	75	166	-4.570323
0	75	3	-5.062180
0	75	8	-6.349635
0	75	160	-9.558520
0	75	171	-10.839614
0	75	18	-12.783862
0	75	128	-12.936194
0	75	11	-12.979393
0	75	146	-13.703187
0	75	14	-14.023854
0	75	145	-14.474486
0	75	147	-14.507657
0	75	17	-16.076256
0	75	16	-17.573473
0	75	13	-19.397926
0	77	137	3.799156
0	77	132	0.672018
0	77	164	-3.474054
0	77	167	-4.983999
0	77	166	-5.463401
0	77	165	-8.078329
0	77	8	-9.130139
0	77	3	-11.040457
0	77	146	-12.996672
0	77	128	-13.169505
0	77	14	-14.692061
0	77	171	-15.154561
0	77	160	-15.864128
0	77	11	-15.869677
0	77	147	-15.911244
0	77	145	-17.248306
0	77	18	-20.286249
0	77	16	-20.293962
0	77	17	-22.280752
0	77	13	-22.909889
0	94	116	4.886969
0	94	193	4.516863
0	94	99	1.858360
0	94	15	1.241508
0	94	51	-2.158913
0	94	63	-2.285176
0	94	206	-3.624649
0	94	126	-4.087555
0	94	196	-4.695923
0	94	194	-4.791931
0	94	188	-5.429476
0	94	192	-6.032327
0	94	3	-6.057793
0	94	201	-6.419791
0	94	205	-7.056440
0	94	190	-7.277920
0	94	14	-7.437061
0	94	113	-8.252723
0	94	204	-9.515182
0	94	202	-11.083026
0	94	203	-11.291891
0	94	217	-11.445415
0	94	8	-12.218525
0	94	200	-13.382084
0	94	198	-14.018529
0	94	199	-14.276803
0	94	197	-15.647658
0	94	18	-15.946969
0	94	212	-16.004473
0	94	122	-17.845219
0	94	210	-18.321997
0	94	16	-19.069216
0	94	207	-19.114855
0	94	17	-20.490286
0	94	109	-21.069885
0	94	189	-21.471689
0	94	209	-21.552759
0	94	195	-21.590731
0	94	208	-22.612196
0	94	187	-22.810413
0	94	13	-23.094147
0	94	191	-31.013006
0	95	193	-0.649186
0	95	116	-0.935299
0	95	15	-6.254583
0	95	194	-8.943888
0	95	51	-9.052740
0	95	199	-9.322535
0	95	188	-9.379033
0	95	99	-10.200521
0	95	14	-10.614243
0	95	200	-11.609450
0	95	63	-11.754621
0	95	196	-12.290868
0	95	201	-12.360413
0	95	198	-12.462666
0	95	206	-12.876451
0	95	122	-12.959489
0	95	3	-12.996227
0	95	113	-13.344762
0	95	192	-14.008817
0	95	190	-14.014681
0	95	212	-14.752008
0	95	8	-14.908863
0	95	217	-15.332545
0	95	126	-15.544670
0	95	204	-15.546907
0	95	202	-15.716734
0	95	17	-15.738070
0	95	205	-16.104496
0	95	207	-16.596069
0	95	189	-16.618633
0	95	203	-16.887283
0	95	18	-16.968843
0	95	16	-18.045713
0	95	210	-19.818371
0	95	197	-19.820066
0	95	109	-19.847788
0	95	195	-20.319988
0	95	187	-20.705967
0	95	13	-20.752075
0	95	209	-22.104204
0	95	208	-22.545750
0	95	191	-29.570238
0	96	116	5.259519
0	96	193	4.933877
0	96	99	3.496738
0	96	15	3.029716
0	96	188	1.624313
0	96	63	0.229693
0	96	3	-0.451344
0	96	196	-1.723567
0	96	192	-3.244981
0	96	203	-3.584974
0	96	190	-4.910523
0	96	51	-6.279217
0	96	204	-7.423052
0	96	202	-8.764697
0	96	194	-8.821199
0	96	18	-8.896814
0	96	201	-9.442270
0	96	210	-9.971872
0	96	126	-10.208450
0	96	206	-10.297626
0	96	8	-11.746633
0	96	187	-12.152463
0	96	205	-12.189850
0	96	217	-12.452924
0	96	200	-13.136234
0	96	113	-13.971573
0	96	199	-15.047796
0	96	195	-15.260574
0	96	208	-16.193878
0	96	16	-16.283510
0	96	198	-16.533314
0	96	122	-16.738699
0	96	209	-16.812845
0	96	14	-17.090618
0	96	191	-17.130898
0	96	212	-17.525309
0	96	189	-17.712572
0	96	13	-19.024673
0	96	207	-19.127693
0	96	197	-19.470743
0	96	109	-19.792768
0	96	17	-20.708330
0	99	193	6.937751
0	99	15	5.563287
0	99	116	1.092118
0	99	211	0.959049
0	99	194	0.471483
0	99	188	0.014662
0	99	192	-0.116135
0	99	51	-0.241478
0	99	3	-1.744345
0	99	196	-1.980882
0	99	202	-2.722977
0	99	203	-3.505755
0	99	206	-3.987923
0	99	63	-5.151365
0	99	99	-5.621027
0	99	190	-5.831141
0	99	201	-6.938671
0	99	204	-9.135014
0	99	8	-9.417250
0	99	200	-9.746416
0	99	113	-11.851151
0	99	199	-12.465169
0	99	212	-13.034077
0	99	210	-13.072567
0	99	18	-13.149970
0	99	122	-13.158599
0	99	205	-13.367142
0	99	217	-13.606977
0	99	198	-13.707480
0	99	14	-14.190452
0	99	126	-14.562967
0	99	16	-15.114240
0	99	189	-15.280231
0	99	207	-17.113714
0	99	197	-18.161428
0	99	209	-18.556311
0	99	109	-18.645159
0	99	195	-18.647360
0	99	13	-19.974371
0	99	191	-24.422430
0	100	193	6.688205
0	100	15	5.411320
0	100	51	4.305252
0	100	116	3.342635
0	100	188	1.571821
0	100	211	-0.942873
0	100	99	-1.147353
0	100	194	-1.333332
0	100	3	-2.511152
0	100	196	-3.022288
0	100	192	-3.158685
0	100	63	-3.248737
0	100	203	-3.489999
0	100	202	-4.171296
0	100	206	-4.328974
0	100	201	-6.065767
0	100	200	-7.223415
0	100	190	-7.558780
0	100	8	-11.138168
0	100	199	-11.483317
0	100	210	-11.656912
0	100	113	-11.693746
0	100	205	-11.873243
0	100	122	-12.611499
0	100	198	-12.786389
0	100	18	-12.957620
0	100	204	-13.089524
0	100	217	-13.328520
0	100	212	-14.477562
0	100	14	-14.506461
0	100	126	-14.902596
0	100	16	-15.146775
0	100	189	-15.514194
0	100	209	-15.515630
0	100	195	-15.579144
0	100	207	-16.769514
0	100	197	-17.708725
0	100	109	-18.163183
0	100	13	-20.058088
0	100	191	-20.927477
0	123	228	3.554220
0	123	3	2.242452
0	123	116	1.726717
0	123	232	1.209478
0	123	51	0.682620
0	123	221	0.398645
0	123	201	0.249047
0	123	196	-0.043292
0	123	223	-0.469214
0	123	188	-0.740668
0	123	233	-0.770975
0	123	229	-0.791163
0	123	224	-0.925913
0	123	99	-1.956960
0	123	238	-2.121891
0	123	227	-3.026083
0	123	243	-3.759911
0	123	240	-3.840337
0	123	235	-4.321158
0	123	241	-4.376116
0	123	190	-7.127298
0	123	244	-7.913095
0	123	236	-8.547327
0	123	239	-9.462295
0	123	122	-10.369255
0	123	242	-10.568119
0	123	231	-10.984554
0	123	222	-11.598660
0	123	210	-11.931196
0	123	226	-12.058380
0	123	234	-12.201066
0	123	8	-12.454045
0	123	230	-12.773250
0	123	14	-13.302180
0	123	237	-13.399175
0	123	18	-13.551242
0	123	11	-13.791601
0	123	96	-13.822995
0	123	187	-14.428747
0	123	198	-14.948669
0	123	246	-15.040491
0	123	199	-15.413406
0	123	217	-15.502261
0	123	245	-17.377008
0	123	16	-17.582125
0	123	225	-17.609982
0	123	208	-17.832512
0	123	207	-19.016962
0	123	191	-19.902662
0	123	197	-20.916101
0	123	247	-21.761677
0	124	116	5.316302
0	124	221	2.802897
0	124	232	2.173348
0	124	228	1.998204
0	124	51	1.114111
0	124	188	0.661760
0	124	233	0.614764
0	124	240	0.328095
0	124	99	-0.406186
0	124	243	-0.714885
0	124	244	-1.100032
0	124	229	-1.893144
0	124	3	-2.337056
0	124	241	-2.462276
0	124	201	-2.869468
0	124	235	-3.028168
0	124	196	-4.039478
0	124	224	-4.282393
0	124	236	-4.503793
0	124	223	-6.119874
0	124	199	-6.215241
0	124	231	-6.816866
0	124	238	-6.857197
0	124	239	-8.317904
0	124	190	-8.921500
0	124	14	-9.508916
0	124	246	-9.866567
0	124	237	-10.373944
0	124	96	-10.677001
0	124	8	-10.942986
0	124	245	-11.126457
0	124	222	-11.569060
0	124	227	-11.622658
0	124	230	-11.870056
0	124	242	-11.974283
0	124	11	-12.809204
0	124	198	-12.811557
0	124	234	-12.812246
0	124	226	-12.839155
0	124	210	-13.710493
0	124	122	-14.859890
0	124	18	-14.955880
0	124	207	-15.360121
0	124	217	-15.687194
0	124	225	-16.372244
0	124	197	-16.650862
0	124	16	-16.681065
0	124	247	-19.184156
0	124	208	-20.604828
0	124	187	-20.911171
0	124	191	-25.701551
0	125	116	8.334630
0	125	232	4.265312
0	125	235	2.902024
0	125	221	2.563003
0	125	201	2.070754
0	125	240	1.687569
0	125	99	0.969429
0	125	228	0.889815
0	125	229	0.866437
0	125	51	0.776119
0	125	3	0.521274
0	125	223	-0.637135
0	125	236	-1.146882
0	125	224	-1.281828
0	125	199	-1.542549
0	125	196	-1.838601
0	125	238	-2.434471
0	125	243	-2.701553
0	125	190	-3.217465
0	125	233	-3.291146
0	125	227	-3.295740
0	125	246	-3.530590
0	125	241	-3.633269
0	125	244	-3.845674
0	125	239	-4.365008
0	125	188	-6.129300
0	125	234	-6.284532
0	125	231	-6.353479
0	125	222	-6.541463
0	125	14	-6.739128
0	125	8	-7.789290
0	125	245	-7.852705
0	125	230	-8.019311
0	125	198	-8.139072
0	125	207	-8.450189
0	125	226	-9.031497
0	125	237	-9.086005
0	125	242	-9.287271
0	125	225	-9.920558
0	125	217	-10.174630
0	125	210	-11.123092
0	125	96	-11.219693
0	125	11	-12.703523
0	125	122	-12.843877
0	125	197	-13.947792
0	125	187	-16.663021
0	125	16	-17.808748
0	125	18	-18.833246
0	125	247	-20.501190
0	125	191	-20.906078
0	125	208	-27.957453
0	126	116	6.196203
0	126	221	2.173273
0	126	244	0.724074
0	126	232	-0.440398
0	126	228	-0.972204
0	126	240	-1.057499
0	126	51	-1.517467
0	126	188	-2.527810
0	126	99	-2.584267
0	126	3	-3.479664
0	126	236	-4.109671
0	126	233	-4.345227
0	126	229	-4.537645
0	126	235	-4.852850
0	126	224	-4.862216
0	126	227	-4.931473
0	126	241	-5.120570
0	126	238	-5.241439
0	126	243	-5.630054
0	126	223	-5.782985
0	126	196	-5.955783
0	126	201	-8.100858
0	126	222	-8.215232
0	126	231	-8.746932
0	126	226	-8.839967
0	126	190	-9.895637
0	126	239	-10.007461
0	126	246	-10.076040
0	126	8	-10.134078
0	126	14	-10.264193
0	126	199	-10.577080
0	126	237	-11.078808
0	126	245	-11.857063
0	126	198	-11.881141
0	126	96	-13.419940
0	126	217	-14.425706
0	126	207	-15.853960
0	126	242	-16.144617
0	126	234	-16.178146
0	126	11	-17.216095
0	126	18	-17.496889
0	126	16	-17.709452
0	126	230	-17.816120
0	126	197	-18.037628
0	126	210	-18.615015
0	126	225	-18.896389
0	126	247	-19.378939
0	126	122	-21.101355
0	126	208	-22.012310
0	126	187	-23.671461
0	126	191	-26.755424
0	127	232	3.503182
0	127	51	1.917705
0	127	188	1.728831
0	127	116	0.575671
0	127	229	0.002190
0	127	228	-0.753003
0	127	235	-0.938888
0	127	221	-1.294807
0	127	3	-1.402202
0	127	99	-1.572270
0	127	238	-2.774306
0	127	196	-3.448704
0	127	236	-4.537127
0	127	224	-5.067177
0	127	233	-5.452998
0	127	227	-6.088293
0	127	223	-6.173460
0	127	240	-6.253793
0	127	243	-7.212935
0	127	244	-7.420775
0	127	190	-7.437763
0	127	201	-9.992373
0	127	242	-10.253554
0	127	239	-10.535922
0	127	230	-10.771035
0	127	241	-11.048285
0	127	11	-11.287431
0	127	231	-11.629552
0	127	8	-11.785320
0	127	225	-11.874287
0	127	234	-12.727967
0	127	14	-12.783359
0	127	222	-12.850145
0	127	96	-14.121596
0	127	217	-14.151266
0	127	18	-14.833673
0	127	207	-15.328900
0	127	226	-15.375542
0	127	199	-15.423519
0	127	198	-15.703514
0	127	187	-16.251534
0	127	245	-16.285044
0	127	246	-16.539734
0	127	210	-16.566118
0	127	237	-17.490875
0	127	197	-17.512993
0	127	122	-17.738583
0	127	16	-18.671532
0	127	191	-20.458761
0	127	208	-20.953203
0	127	247	-21.979099
0	144	253	0.678698
0	144	3	0.067856
0	144	258	-0.469142
0	144	63	-0.696386
0	144	248	-0.783267
0	144	201	-3.770791
0	144	200	-4.350822
0	144	254	-5.540411
0	144	257	-8.949260
0	144	199	-9.596578
0	144	8	-10.180116
0	144	18	-11.024501
0	144	11	-11.305694
0	144	252	-11.331832
0	144	113	-11.846503
0	144	14	-13.616763
0	144	251	-13.888429
0	144	256	-14.844920
0	144	16	-15.215265
0	144	249	-16.201334
0	144	110	-16.574148
0	144	109	-17.719139
0	144	208	-17.988056
0	144	187	-18.162451
0	144	17	-18.277002
0	144	13	-19.518738
0	144	250	-19.688423
0	144	255	-23.045992
0	144	191	-23.547636
0	145	258	0.654490
0	145	63	-0.064995
0	145	3	-0.683776
0	145	253	-2.296151
0	145	254	-4.707498
0	145	201	-6.217980
0	145	248	-7.378271
0	145	251	-9.405210
0	145	8	-9.939338
0	145	113	-10.081513
0	145	257	-11.819859
0	145	200	-12.212026
0	145	14	-12.757991
0	145	199	-12.897545
0	145	11	-13.036157
0	145	252	-13.453696
0	145	18	-13.483827
0	145	256	-16.126507
0	145	110	-16.168030
0	145	249	-16.237352
0	145	16	-16.396065
0	145	208	-17.728443
0	145	187	-18.137428
0	145	13	-19.089373
0	145	109	-19.340319
0	145	17	-20.106537
0	145	250	-21.082275
0	145	191	-26.441063
0	145	255	-26.559067
0	146	63	-3.258840
0	146	248	-4.402894
0	146	253	-5.042034
0	146	3	-5.374431
0	146	257	-5.906838
0	146	200	-7.189703
0	146	254	-7.302921
0	146	201	-9.071058
0	146	258	-9.290092
0	146	8	-9.579029
0	146	252	-10.854650
0	146	110	-11.374866
0	146	11	-11.909742
0	146	18	-12.317052
0	146	249	-12.319148
0	146	199	-13.313500
0	146	256	-14.530866
0	146	113	-14.565817
0	146	251	-14.581625
0	146	208	-14.982955
0	146	14	-15.355163
0	146	16	-17.141790
0	146	187	-18.968828
0	146	250	-19.198437
0	146	109	-20.010588
0	146	17	-20.753405
0	146	13	-21.399139
0	146	191	-23.189619
0	146	255	-23.866144
0	147	253	-0.776695
0	147	63	-2.454408
0	147	254	-2.515880
0	147	248	-3.984905
0	147	256	-4.625849
0	147	201	-4.858411
0	147	199	-5.343057
0	147	258	-7.552938
0	147	3	-8.027966
0	147	8	-9.095570
0	147	252	-9.372282
0	147	18	-9.708119
0	147	251	-11.202112
0	147	200	-12.077367
0	147	113	-13.090083
0	147	257	-13.606013
0	147	11	-13.779240
0	147	14	-14.110148
0	147	16	-15.732941
0	147	109	-17.367727
0	147	17	-17.665140
0	147	13	-18.856934
0	147	208	-19.220449
0	147	249	-19.503618
0	147	187	-19.701527
0	147	191	-20.445078
0	147	110	-20.466557
0	147	250	-21.384937
0	147	255	-24.097755
0	148	63	0.173421
0	148	254	-2.959628
0	148	258	-2.990474
0	148	3	-3.371801
0	148	248	-4.375563
0	148	253	-7.067181
0	148	201	-7.542265
0	148	8	-8.317606
0	148	257	-9.723975
0	148	200	-9.935943
0	148	113	-9.978440
0	148	251	-11.446168
0	148	199	-11.762383
0	148	11	-12.389006
0	148	18	-12.426464
0	148	252	-12.704433
0	148	14	-13.182905
0	148	16	-15.371588
0	148	256	-15.568838
0	148	208	-16.276791
0	148	109	-17.850864
0	148	187	-19.578144
0	148	17	-20.001179
0	148	13	-20.444998
0	148	249	-20.686319
0	148	250	-22.309853
0	148	110	-23.229132
0	148	191	-23.900927
0	148	255	-24.774305
0	150	63	-3.217371
0	150	253	-3.347213
0	150	3	-4.076204
0	150	258	-5.571986
0	150	248	-5.909355
0	150	201	-6.232594
0	150	8	-6.717511
0	150	251	-6.813734
0	150	254	-7.041989
0	150	199	-8.325741
0	150	257	-8.576244
0	150	14	-10.556436
0	150	200	-10.840135
0	150	256	-10.888239
0	150	11	-11.750236
0	150	252	-12.013342
0	150	113	-12.386920
0	150	249	-13.296554
0	150	16	-13.360072
0	150	18	-15.266856
0	150	110	-16.085043
0	150	187	-16.313604
0	150	13	-17.702051
0	150	109	-19.690405
0	150	17	-19.730776
0	150	208	-19.835045
0	150	255	-19.964344
0	150	250	-20.055904
0	150	191	-20.355360
0	177	183	6.905383
0	177	116	5.709620
0	177	263	4.582021
0	177	268	4.173325
0	177	265	3.383986
0	177	269	2.637713
0	177	271	1.145124
0	177	244	0.880213
0	177	264	0.119947
0	177	61	-1.409423
0	177	63	-1.543347
0	177	3	-1.561327
0	177	30	-4.861970
0	177	51	-7.186643
0	177	231	-7.270438
0	177	58	-7.835713
0	177	267	-10.085074
0	177	18	-10.331406
0	177	280	-10.761946
0	177	113	-11.064143
0	177	8	-11.492082
0	177	11	-11.916921
0	177	112	-13.086531
0	177	119	-13.759854
0	177	16	-14.598778
0	177	270	-14.771298
0	177	278	-14.868271
0	177	14	-15.048992
0	177	272	-15.359156
0	177	109	-16.751081
0	177	115	-16.964947
0	177	17	-17.391722
0	177	13	-17.588140
0	177	277	-18.012243
0	177	266	-19.662928
0	177	255	-24.150778
0	178	183	7.928765
0	178	116	6.585991
0	178	265	5.342926
0	178	268	4.334124
0	178	263	2.997629
0	178	244	1.816148
0	178	264	0.762118
0	178	3	-0.330081
0	178	30	-0.791590
0	178	271	-1.036284
0	178	61	-1.465450
0	178	63	-2.388613
0	178	269	-3.063805
0	178	58	-5.262330
0	178	51	-6.527646
0	178	231	-7.364687
0	178	8	-8.800823
0	178	18	-9.146541
0	178	11	-10.157413
0	178	267	-10.496671
0	178	113	-11.936028
0	178	270	-11.936852
0	178	280	-12.141838
0	178	112	-12.407609
0	178	115	-13.164756
0	178	278	-14.309029
0	178	119	-14.469570
0	178	17	-14.813075
0	178	14	-15.076803
0	178	16	-16.142941
0	178	272	-16.592440
0	178	266	-17.413937
0	178	109	-17.919744
0	178	277	-18.143879
0	178	13	-18.964287
0	178	255	-22.846283
0	179	183	7.939156
0	179	265	6.392248
0	179	116	4.690503
0	179	268	3.848781
0	179	263	2.045952
0	179	271	-0.803826
0	179	3	-1.700875
0	179	63	-2.336893
0	179	269	-3.038216
0	179	264	-4.989058
0	179	61	-5.030113
0	179	30	-5.511962
0	179	244	-5.960460
0	179	51	-6.561748
0	179	119	-7.207108
0	179	18	-7.665321
0	179	11	-8.871194
0	179	58	-9.074900
0	179	8	-9.415910
0	179	280	-10.648593
0	179	267	-10.994348
0	179	270	-11.064931
0	179	266	-11.499720
0	179	112	-11.883989
0	179	113	-13.401334
0	179	231	-13.484003
0	179	115	-13.858000
0	179	109	-14.439607
0	179	278	-15.044394
0	179	17	-15.158592
0	179	14	-15.175340
0	179	13	-15.253498
0	179	277	-15.400042
0	179	272	-15.777558
0	179	16	-15.949809
0	179	255	-22.499411
0	180	183	7.825700
0	180	116	5.231944
0	180	268	1.437744
0	180	263	0.288146
0	180	265	0.114049
0	180	269	-1.346606
0	180	264	-1.373342
0	180	244	-1.902434
0	180	63	-2.313486
0	180	30	-2.440572
0	180	271	-4.825439
0	180	3	-6.110581
0	180	61	-6.135648
0	180	8	-6.958512
0	180	231	-8.878365
0	180	51	-8.916755
0	180	11	-9.976595
0	180	267	-10.493071
0	180	119	-10.566726
0	180	58	-10.664927
0	180	112	-13.076585
0	180	280	-13.287778
0	180	270	-13.354132
0	180	18	-13.838054
0	180	115	-13.853132
0	180	113	-14.875484
0	180	278	-16.107578
0	180	14	-16.152046
0	180	272	-16.699965
0	180	16	-16.958113
0	180	277	-19.921524
0	180	109	-20.034662
0	180	17	-20.356546
0	180	13	-20.506393
0	180	266	-22.606062
0	180	255	-24.100391
0	181	183	8.843617
0	181	116	8.380490
0	181	268	3.637750
0	181	265	3.344962
0	181	263	2.417160
0	181	244	0.301356
0	181	63	-0.476951
0	181	271	-0.874549
0	181	3	-1.148261
0	181	264	-2.452234
0	181	61	-2.966959
0	181	51	-4.942916
0	181	269	-5.378152
0	181	270	-7.274003
0	181	30	-7.456288
0	181	231	-7.618294
0	181	58	-8.725377
0	181	267	-8.850137
0	181	8	-9.819423
0	181	119	-10.426110
0	181	266	-10.745641
0	181	18	-10.760160
0	181	280	-10.774819
0	181	112	-11.677638
0	181	11	-12.394659
0	181	113	-12.612149
0	181	16	-12.657341
0	181	115	-12.876192
0	181	14	-14.871355
0	181	278	-15.064958
0	181	109	-15.549476
0	181	272	-15.768116
0	181	277	-16.153437
0	181	17	-16.325748
0	181	13	-16.438583
0	181	255	-21.007441
0	182	116	5.385841
0	182	268	4.168267
0	182	183	3.911928
0	182	51	-3.260107
0	182	263	-3.412822
0	182	266	-4.249892
0	182	63	-5.640225
0	182	61	-6.262495
0	182	265	-7.115642
0	182	244	-7.447968
0	182	267	-7.658974
0	182	264	-8.078824
0	182	269	-8.426620
0	182	112	-9.212704
0	182	271	-9.457105
0	182	3	-9.673164
0	182	270	-9.973129
0	182	14	-10.153249
0	182	113	-10.691493
0	182	11	-10.853758
0	182	30	-11.384160
0	182	115	-11.492962
0	182	58	-12.288736
0	182	231	-12.318171
0	182	8	-12.815666
0	182	17	-13.528352
0	182	272	-14.732983
0	182	280	-14.821320
0	182	109	-16.019209
0	182	18	-16.042740
0	182	278	-16.182045
0	182	16	-16.970661
0	182	119	-17.170748
0	182	277	-20.202925
0	182	13	-20.623810
0	182	255	-27.480928
0	183	116	7.340619
0	183	183	5.861471
0	183	267	3.593605
0	183	284	1.983653
0	183	275	1.921400
0	183	63	1.150419
0	183	268	0.966431
0	183	264	0.315089
0	183	263	-0.459843
0	183	286	-0.743501
0	183	276	-0.817648
0	183	244	-1.402454
0	183	274	-2.602946
0	183	51	-3.523863
0	183	61	-3.974866
0	183	30	-4.104581
0	183	291	-4.355959
0	183	231	-6.241265
0	183	279	-6.687962
0	183	3	-6.802537
0	183	58	-6.816442
0	183	112	-8.838006
0	183	271	-9.247394
0	183	113	-9.378609
0	183	283	-9.967414
0	183	288	-10.792659
0	183	278	-11.215869
0	183	115	-12.147412
0	183	285	-12.447954
0	183	294	-12.669254
0	183	14	-15.223808
0	183	272	-15.975565
0	183	290	-17.864460
0	183	292	-17.999826
0	183	18	-18.185249
0	183	270	-18.294827
0	183	282	-18.357233
0	183	293	-18.610678
0	183	280	-18.633545
0	183	281	-19.186087
0	183	287	-19.661676
0	183	273	-20.534075
0	183	289	-20.894579
0	183	119	-21.124866
0	183	295	-22.090860
0	184	183	7.627386
0	184	116	5.821968
0	184	265	3.461155
0	184	268	3.145643
0	184	263	2.282237
0	184	244	1.534456
0	184	63	-1.734526
0	184	3	-1.855583
0	184	269	-1.902498
0	184	271	-2.865867
0	184	264	-3.343877
0	184	30	-4.182997
0	184	61	-4.204851
0	184	8	-7.492244
0	184	51	-8.192804
0	184	119	-8.299762
0	184	18	-8.899811
0	184	231	-9.094984
0	184	280	-9.335682
0	184	267	-9.439861
0	184	58	-9.621885
0	184	270	-10.533696
0	184	112	-12.264461
0	184	115	-12.889433
0	184	11	-13.707079
0	184	16	-14.097843
0	184	113	-14.611551
0	184	278	-15.587850
0	184	14	-15.852755
0	184	109	-16.242163
0	184	272	-16.270990
0	184	17	-16.373640
0	184	277	-17.152559
0	184	13	-17.496914
0	184	255	-23.893681
0	184	266	-23.984074
0	185	183	9.927253
0	185	265	5.424428
0	185	116	5.019904
0	185	268	3.077967
0	185	30	2.235348
0	185	63	0.788178
0	185	263	-0.241303
0	185	3	-0.519990
0	185	61	-1.706538
0	185	264	-1.714735
0	185	269	-4.800554
0	185	244	-5.228414
0	185	267	-7.748398
0	185	51	-8.152461
0	185	271	-8.510476
0	185	58	-8.748403
0	185	11	-9.645527
0	185	8	-9.909102
0	185	280	-10.582426
0	185	231	-10.704535
0	185	119	-11.043968
0	185	18	-11.384070
0	185	113	-11.479352
0	185	112	-12.694312
0	185	16	-13.392353
0	185	278	-13.824388
0	185	14	-15.323028
0	185	266	-15.389752
0	185	270	-17.010868
0	185	17	-17.896114
0	185	13	-18.261831
0	185	272	-18.682125
0	185	115	-20.063143
0	185	255	-20.506540
0	185	277	-23.710411
0	185	109	-24.335232
0	186	183	6.861212
0	186	116	4.495944
0	186	265	2.457097
0	186	244	1.232090
0	186	263	0.980482
0	186	268	0.278643
0	186	61	-0.266254
0	186	269	-1.335564
0	186	63	-1.583984
0	186	30	-1.931539
0	186	264	-2.884040
0	186	271	-3.151064
0	186	3	-5.846244
0	186	51	-6.453773
0	186	8	-8.212142
0	186	267	-9.166891
0	186	58	-10.060558
0	186	280	-10.419617
0	186	113	-11.263287
0	186	112	-12.155929
0	186	231	-12.342582
0	186	270	-13.864660
0	186	119	-14.024765
0	186	115	-14.080274
0	186	14	-14.225767
0	186	16	-14.274223
0	186	11	-14.743651
0	186	18	-14.788894
0	186	278	-15.879013
0	186	272	-16.326256
0	186	17	-17.144308
0	186	277	-17.336006
0	186	109	-17.736540
0	186	13	-18.788153
0	186	266	-22.510670
0	186	255	-24.536240
