0	1	14	-7.246493
0	1	1	-7.397233
0	1	5	-8.631987
0	1	15	-8.665005
0	1	6	-8.692769
0	1	19	-8.742402
0	1	8	-8.831326
0	1	2	-8.948011
0	1	10	-8.983463
0	1	9	-9.147221
0	1	3	-10.126082
0	1	12	-15.976634
0	1	0	-16.891605
0	1	13	-17.267054
0	1	16	-18.216421
0	1	17	-18.826870
0	1	4	-23.058300
0	1	11	-23.886274
0	1	18	-24.314013
0	1	7	-60.676430
0	2	1	-5.116818
0	2	8	-7.174864
0	2	9	-7.378399
0	2	2	-7.484401
0	2	15	-7.655513
0	2	19	-7.794980
0	2	14	-8.246884
0	2	5	-8.284625
0	2	6	-8.496187
0	2	10	-8.783346
0	2	3	-9.049305
0	2	12	-14.501987
0	2	0	-15.168036
0	2	13	-16.700346
0	2	16	-17.159187
0	2	17	-17.585253
0	2	4	-22.159842
0	2	18	-23.641466
0	2	11	-23.653887
0	2	7	-59.843258
0	3	1	-6.380931
0	3	14	-7.835800
0	3	2	-8.137623
0	3	10	-8.154108
0	3	15	-8.271161
0	3	8	-8.301297
0	3	9	-8.583614
0	3	19	-8.636210
0	3	5	-8.846979
0	3	6	-9.226838
0	3	3	-9.629982
0	3	12	-16.467094
0	3	0	-16.703238
0	3	13	-17.909761
0	3	16	-18.623913
0	3	17	-19.155865
0	3	11	-23.706324
0	3	4	-23.933975
0	3	18	-25.286386
0	3	7	-62.495800
0	14	22	-6.720690
0	14	14	-6.788614
0	14	51	-6.838242
0	14	52	-6.953668
0	14	8	-7.024143
0	14	32	-7.049016
0	14	42	-7.058098
0	14	63	-7.065978
0	14	85	-7.069325
0	14	43	-7.108085
0	14	54	-7.192989
0	14	31	-7.205810
0	14	57	-7.229067
0	14	58	-7.359176
0	14	46	-7.469778
0	14	27	-7.489070
0	14	56	-7.589531
0	14	30	-7.652431
0	14	47	-7.738300
0	14	45	-7.771852
0	14	26	-7.858809
0	14	36	-7.875320
0	14	66	-7.904370
0	14	50	-8.155107
0	14	28	-8.228230
0	14	72	-8.403652
0	14	3	-8.481400
0	14	61	-8.882334
0	14	21	-13.832599
0	14	24	-13.979939
0	14	20	-14.161726
0	14	48	-14.475937
0	14	74	-14.778711
0	14	49	-14.825233
0	14	33	-15.289169
0	14	16	-16.363846
0	14	39	-20.366890
0	14	40	-20.384386
0	14	25	-20.956169
0	14	62	-20.991398
0	14	34	-21.274405
0	14	41	-21.397938
0	14	73	-21.401937
0	14	55	-21.445517
0	14	35	-21.524523
0	14	44	-21.597321
0	14	11	-22.046139
0	14	18	-22.122538
0	14	65	-27.141954
0	14	38	-27.498671
0	14	23	-27.885565
0	14	37	-28.129475
0	14	76	-28.180918
0	14	64	-28.343037
0	14	69	-28.571049
0	14	77	-28.678370
0	14	70	-28.738554
0	14	53	-28.947027
0	14	79	-29.361526
0	14	71	-34.577328
0	14	75	-41.871548
0	14	29	-49.078785
0	14	78	-49.139584
0	15	51	-7.323973
0	15	57	-7.437687
0	15	63	-7.713874
0	15	31	-7.819622
0	15	30	-7.964959
0	15	46	-8.101179
0	15	47	-8.238861
0	15	42	-8.273963
0	15	52	-8.289994
0	15	54	-8.418956
0	15	45	-8.450661
0	15	43	-8.468191
0	15	85	-8.512321
0	15	8	-8.525242
0	15	22	-8.535576
0	15	3	-8.574166
0	15	28	-8.638699
0	15	56	-8.708167
0	15	32	-8.756547
0	15	50	-8.816934
0	15	58	-8.839385
0	15	14	-8.844522
0	15	72	-8.930984
0	15	61	-8.957308
0	15	36	-9.085249
0	15	26	-9.097762
0	15	27	-9.175144
0	15	66	-9.240044
0	15	49	-14.733829
0	15	20	-15.138361
0	15	48	-15.195851
0	15	24	-15.351567
0	15	21	-15.355674
0	15	33	-15.455440
0	15	74	-15.817989
0	15	16	-17.094503
0	15	39	-21.459112
0	15	40	-22.539640
0	15	62	-22.558136
0	15	25	-22.774035
0	15	73	-22.889999
0	15	11	-23.068594
0	15	41	-23.145800
0	15	18	-23.172062
0	15	55	-23.254936
0	15	35	-23.385818
0	15	44	-23.478775
0	15	34	-23.523602
0	15	65	-29.386255
0	15	23	-29.883177
0	15	53	-30.108780
0	15	69	-30.140892
0	15	38	-30.261585
0	15	37	-30.303141
0	15	77	-30.496517
0	15	79	-30.722666
0	15	70	-30.865841
0	15	64	-30.908434
0	15	76	-31.038095
0	15	71	-37.379528
0	15	75	-45.524670
0	15	78	-52.546383
0	15	29	-52.871143
0	16	22	-5.944154
0	16	58	-5.956962
0	16	51	-5.974455
0	16	43	-6.054177
0	16	52	-6.216845
0	16	56	-6.245454
0	16	54	-6.264746
0	16	42	-6.278255
0	16	8	-6.352706
0	16	63	-6.558408
0	16	57	-6.842768
0	16	45	-6.955343
0	16	26	-6.973235
0	16	47	-7.079772
0	16	31	-7.160286
0	16	32	-7.190870
0	16	30	-7.260756
0	16	27	-7.326217
0	16	14	-7.410428
0	16	50	-7.486653
0	16	36	-7.511453
0	16	85	-7.524427
0	16	66	-7.562459
0	16	28	-7.751183
0	16	46	-7.896561
0	16	3	-8.144397
0	16	61	-8.238461
0	16	72	-9.063058
0	16	21	-13.250505
0	16	20	-13.938756
0	16	24	-14.023437
0	16	48	-14.066533
0	16	49	-14.315981
0	16	74	-14.792733
0	16	33	-15.337286
0	16	16	-16.076862
0	16	39	-20.489618
0	16	40	-20.555899
0	16	25	-21.071383
0	16	35	-21.146883
0	16	34	-21.278717
0	16	44	-21.401419
0	16	62	-21.469582
0	16	11	-21.710217
0	16	73	-22.065783
0	16	41	-22.155876
0	16	55	-22.180996
0	16	18	-22.411186
0	16	65	-26.357546
0	16	38	-27.262127
0	16	53	-27.599741
0	16	69	-27.663160
0	16	23	-27.727058
0	16	37	-28.135517
0	16	77	-28.194151
0	16	70	-28.319048
0	16	76	-28.483036
0	16	64	-28.607563
0	16	79	-28.690485
0	16	71	-33.850140
0	16	75	-41.419300
0	16	29	-47.994621
0	16	78	-48.901424
0	19	42	-5.985835
0	19	51	-6.110456
0	19	22	-6.426580
0	19	30	-6.618936
0	19	46	-6.766089
0	19	57	-6.885617
0	19	56	-6.888391
0	19	63	-6.955041
0	19	14	-6.983175
0	19	8	-7.001771
0	19	45	-7.091811
0	19	43	-7.118945
0	19	31	-7.124138
0	19	27	-7.223047
0	19	52	-7.382027
0	19	26	-7.502640
0	19	58	-7.544987
0	19	28	-7.638181
0	19	54	-7.689096
0	19	85	-7.749656
0	19	32	-7.763947
0	19	47	-7.773005
0	19	36	-7.863045
0	19	66	-7.865654
0	19	50	-7.885551
0	19	61	-8.093858
0	19	3	-8.629475
0	19	72	-8.675556
0	19	20	-14.062893
0	19	24	-14.067889
0	19	21	-14.436741
0	19	49	-14.534936
0	19	48	-14.654037
0	19	74	-14.783112
0	19	33	-14.922379
0	19	16	-16.423147
0	19	39	-20.564255
0	19	55	-21.202429
0	19	25	-21.344687
0	19	40	-21.460453
0	19	73	-21.836662
0	19	11	-22.000547
0	19	62	-22.010986
0	19	34	-22.125452
0	19	44	-22.355350
0	19	41	-22.419147
0	19	18	-22.543877
0	19	35	-22.639439
0	19	65	-27.187538
0	19	23	-28.205683
0	19	38	-28.643719
0	19	37	-28.716724
0	19	69	-28.881540
0	19	77	-29.131464
0	19	76	-29.273861
0	19	64	-29.287373
0	19	53	-29.383579
0	19	70	-29.555620
0	19	79	-30.272154
0	19	71	-36.459614
0	19	75	-44.553020
0	19	29	-51.574055
0	19	78	-51.584518
0	22	22	-5.823969
0	22	51	-5.917859
0	22	26	-6.409532
0	22	42	-6.482067
0	22	54	-6.529971
0	22	52	-6.662601
0	22	58	-6.807871
0	22	32	-6.927222
0	22	57	-6.958486
0	22	31	-6.969310
0	22	8	-6.998055
0	22	63	-7.080325
0	22	27	-7.161243
0	22	56	-7.207274
0	22	30	-7.307261
0	22	45	-7.355448
0	22	47	-7.356804
0	22	43	-7.455083
0	22	50	-7.670183
0	22	36	-7.687522
0	22	61	-7.773890
0	22	85	-7.849970
0	22	14	-7.995697
0	22	66	-8.011437
0	22	28	-8.043259
0	22	46	-8.220796
0	22	3	-8.298029
0	22	72	-8.390418
0	22	21	-12.972686
0	22	24	-13.301861
0	22	48	-13.534695
0	22	49	-13.599892
0	22	20	-13.710119
0	22	74	-14.369922
0	22	33	-15.054267
0	22	16	-15.233354
0	22	39	-19.192320
0	22	40	-19.586065
0	22	25	-19.723776
0	22	62	-20.004440
0	22	11	-20.546179
0	22	34	-20.552883
0	22	73	-20.573643
0	22	44	-20.708036
0	22	41	-20.708908
0	22	35	-20.758982
0	22	55	-21.157541
0	22	18	-21.453259
0	22	65	-25.544010
0	22	38	-26.618597
0	22	53	-26.826509
0	22	69	-26.948074
0	22	23	-27.091009
0	22	37	-27.150694
0	22	64	-27.651613
0	22	77	-27.661705
0	22	70	-27.841909
0	22	76	-27.926168
0	22	79	-27.972446
0	22	71	-32.990269
0	22	75	-40.348606
0	22	78	-46.266369
0	22	29	-46.658554
0	43	8	-7.978565
0	43	58	-8.276234
0	43	63	-8.344754
0	43	99	-8.364151
0	43	90	-8.404313
0	43	52	-8.436615
0	43	15	-8.546066
0	43	95	-8.782515
0	43	26	-8.831460
0	43	14	-8.940746
0	43	107	-9.094985
0	43	85	-9.106938
0	43	97	-9.217309
0	43	86	-9.249638
0	43	3	-9.580421
0	43	61	-9.588634
0	43	89	-14.537153
0	43	91	-15.779469
0	43	88	-15.958840
0	43	96	-16.195107
0	43	105	-16.295824
0	43	92	-16.351246
0	43	109	-17.375086
0	43	13	-17.460747
0	43	17	-18.860012
0	43	103	-23.207970
0	43	93	-23.781200
0	43	106	-24.208376
0	43	98	-24.405775
0	43	18	-24.839663
0	43	11	-24.896749
0	43	94	-30.248247
0	43	87	-31.819740
0	43	69	-32.004097
0	43	108	-46.736622
0	43	100	-54.402802
0	43	110	-55.169334
0	44	90	-7.109272
0	44	52	-7.177936
0	44	63	-7.377562
0	44	8	-7.404539
0	44	15	-7.428488
0	44	107	-7.500592
0	44	58	-7.854985
0	44	85	-7.858311
0	44	95	-7.924426
0	44	14	-8.191256
0	44	97	-8.251387
0	44	99	-8.335837
0	44	26	-8.524473
0	44	3	-8.530746
0	44	86	-8.627708
0	44	61	-8.777210
0	44	91	-13.480981
0	44	89	-13.695179
0	44	88	-14.104414
0	44	105	-14.486651
0	44	96	-14.539541
0	44	92	-14.666504
0	44	109	-15.245520
0	44	13	-15.289171
0	44	17	-17.328545
0	44	103	-20.184786
0	44	93	-20.483286
0	44	98	-20.510338
0	44	11	-20.944185
0	44	18	-20.983036
0	44	106	-21.365328
0	44	94	-26.921791
0	44	87	-27.579659
0	44	69	-27.739351
0	44	108	-40.212627
0	44	100	-47.140251
0	44	110	-47.843033
0	54	8	-6.957345
0	54	14	-7.672760
0	54	3	-8.981089
0	54	13	-18.569633
0	54	16	-18.833494
0	54	17	-19.317886
0	54	11	-23.235548
0	54	18	-23.941742
0	54	111	-38.967438
0	54	7	-59.677193
0	57	8	-7.294022
0	57	14	-7.722650
0	57	3	-8.109851
0	57	13	-15.798141
0	57	16	-16.526783
0	57	17	-17.091579
0	57	11	-22.162022
0	57	18	-22.240007
0	57	111	-37.027912
0	57	7	-59.259872
0	58	8	-7.070883
0	58	14	-7.611032
0	58	3	-7.676931
0	58	13	-14.802812
0	58	16	-15.387362
0	58	17	-15.880289
0	58	11	-21.212160
0	58	18	-21.640097
0	58	111	-34.540112
0	58	7	-54.835781
0	73	137	-6.148411
0	73	158	-6.294573
0	73	8	-7.337083
0	73	157	-7.580600
0	73	168	-7.627356
0	73	155	-8.202868
0	73	14	-8.287741
0	73	145	-9.020790
0	73	3	-9.493571
0	73	170	-15.096364
0	73	162	-15.615627
0	73	160	-15.783232
0	73	13	-17.524830
0	73	16	-18.210215
0	73	17	-18.845198
0	73	132	-23.180464
0	73	153	-23.395721
0	73	159	-23.698273
0	73	146	-23.915539
0	73	18	-24.344593
0	73	11	-24.534912
0	73	154	-28.910187
0	73	152	-29.259460
0	73	163	-29.708921
0	73	169	-30.245211
0	73	151	-30.594381
0	73	148	-30.874575
0	73	147	-31.019733
0	73	149	-31.619951
0	73	156	-31.666143
0	73	161	-37.169571
0	73	150	-37.515873
0	74	158	-6.035373
0	74	137	-6.041175
0	74	157	-7.035893
0	74	8	-7.298843
0	74	168	-7.614578
0	74	155	-8.063762
0	74	14	-8.264855
0	74	145	-8.952194
0	74	3	-9.308933
0	74	170	-15.501472
0	74	160	-15.697907
0	74	162	-15.990231
0	74	13	-18.064939
0	74	16	-18.861374
0	74	17	-18.878836
0	74	132	-23.066040
0	74	159	-23.307287
0	74	153	-23.512293
0	74	11	-24.012951
0	74	146	-24.230833
0	74	18	-24.551304
0	74	154	-29.571005
0	74	152	-30.349232
0	74	151	-30.365284
0	74	163	-30.553625
0	74	169	-30.864378
0	74	148	-31.003710
0	74	149	-31.080566
0	74	156	-31.213764
0	74	147	-31.853151
0	74	150	-37.700089
0	74	161	-37.884312
0	75	137	-5.804741
0	75	8	-7.182980
0	75	14	-8.545478
0	75	3	-9.028544
0	75	145	-9.216796
0	75	167	-13.802647
0	75	164	-15.188963
0	75	160	-15.730656
0	75	13	-17.059713
0	75	16	-17.931295
0	75	17	-18.528389
0	75	132	-22.994167
0	75	11	-23.599953
0	75	146	-23.800440
0	75	166	-23.865908
0	75	18	-24.802439
0	75	171	-31.036978
0	75	147	-31.808081
0	75	128	-39.527496
0	75	165	-44.463181
0	77	137	-5.554150
0	77	8	-7.047360
0	77	3	-8.638777
0	77	14	-8.686041
0	77	145	-9.034406
0	77	164	-14.634272
0	77	167	-14.669374
0	77	160	-14.974324
0	77	13	-16.730274
0	77	16	-17.425394
0	77	17	-17.640121
0	77	132	-22.546469
0	77	146	-22.675652
0	77	166	-23.065611
0	77	18	-23.363413
0	77	11	-23.454382
0	77	171	-30.143654
0	77	147	-30.367310
0	77	128	-37.890873
0	77	165	-44.078846
0	94	51	-6.209905
0	94	193	-6.363027
0	94	194	-7.277637
0	94	99	-7.298456
0	94	8	-7.341993
0	94	63	-7.432138
0	94	15	-7.711559
0	94	206	-7.765466
0	94	200	-7.804458
0	94	116	-7.823286
0	94	14	-8.058288
0	94	190	-8.100807
0	94	192	-8.104060
0	94	201	-8.112576
0	94	199	-8.164758
0	94	3	-8.219708
0	94	212	-8.347935
0	94	113	-8.577420
0	94	207	-8.818612
0	94	198	-8.986619
0	94	196	-14.273558
0	94	202	-14.331131
0	94	126	-14.772099
0	94	217	-15.120507
0	94	197	-15.461339
0	94	13	-15.563992
0	94	204	-15.646047
0	94	109	-15.703268
0	94	16	-16.618645
0	94	17	-17.638144
0	94	188	-21.323145
0	94	210	-21.632469
0	94	205	-21.676683
0	94	203	-21.762049
0	94	18	-22.889830
0	94	209	-28.284702
0	94	195	-28.511784
0	94	191	-29.419870
0	94	208	-30.052238
0	94	187	-36.548603
0	94	189	-42.491817
0	94	122	-43.554443
0	95	198	-5.781739
0	95	199	-5.794074
0	95	193	-6.422052
0	95	51	-7.020323
0	95	194	-7.474894
0	95	63	-8.049482
0	95	15	-8.082516
0	95	201	-8.086501
0	95	206	-8.339113
0	95	8	-8.417031
0	95	200	-8.693702
0	95	14	-8.820074
0	95	3	-8.878084
0	95	116	-8.910438
0	95	192	-8.932281
0	95	99	-9.042664
0	95	212	-9.230474
0	95	113	-9.233592
0	95	190	-9.375319
0	95	207	-9.485928
0	95	126	-15.378865
0	95	196	-15.739978
0	95	202	-15.806558
0	95	197	-16.260202
0	95	204	-16.323965
0	95	109	-16.602047
0	95	217	-16.672585
0	95	16	-16.978662
0	95	13	-16.987669
0	95	17	-18.576876
0	95	210	-22.992029
0	95	205	-23.075933
0	95	188	-23.519564
0	95	18	-23.562674
0	95	203	-23.697098
0	95	209	-30.046492
0	95	195	-30.471207
0	95	191	-31.065783
0	95	208	-31.577343
0	95	187	-39.105675
0	95	189	-45.356792
0	95	122	-46.290291
0	96	193	-6.333851
0	96	51	-7.040025
0	96	8	-7.346192
0	96	99	-7.726840
0	96	63	-7.821746
0	96	15	-7.843075
0	96	194	-8.181165
0	96	200	-8.347366
0	96	199	-8.429438
0	96	201	-8.453560
0	96	192	-8.530819
0	96	206	-8.538900
0	96	116	-8.669170
0	96	14	-9.004769
0	96	3	-9.009319
0	96	212	-9.073561
0	96	207	-9.220468
0	96	198	-9.307880
0	96	113	-9.413911
0	96	190	-9.447461
0	96	202	-14.685817
0	96	126	-15.102959
0	96	196	-15.248936
0	96	197	-15.594893
0	96	109	-16.365063
0	96	204	-16.425322
0	96	217	-16.648375
0	96	13	-17.038702
0	96	16	-17.677355
0	96	17	-18.261168
0	96	205	-21.671307
0	96	210	-21.715519
0	96	188	-21.992655
0	96	203	-22.198784
0	96	18	-23.789249
0	96	209	-28.561876
0	96	195	-28.822752
0	96	208	-30.254890
0	96	191	-30.446718
0	96	187	-36.877579
0	96	189	-43.091331
0	96	122	-43.395248
0	99	193	-4.649476
0	99	51	-4.940427
0	99	194	-5.267751
0	99	211	-5.566653
0	99	99	-5.692382
0	99	63	-5.782738
0	99	206	-6.153853
0	99	199	-6.175170
0	99	8	-6.294042
0	99	200	-6.525652
0	99	15	-6.558133
0	99	212	-6.652997
0	99	192	-6.983891
0	99	207	-7.010246
0	99	3	-7.024919
0	99	113	-7.027431
0	99	198	-7.266669
0	99	190	-7.273475
0	99	201	-7.527189
0	99	116	-7.816052
0	99	14	-8.036861
0	99	126	-12.174868
0	99	196	-12.852954
0	99	202	-13.650463
0	99	197	-14.467092
0	99	204	-14.759273
0	99	109	-14.870235
0	99	217	-14.990484
0	99	13	-15.498202
0	99	16	-15.685699
0	99	205	-19.878658
0	99	203	-19.946806
0	99	210	-20.122168
0	99	188	-20.649246
0	99	18	-20.912720
0	99	209	-24.979481
0	99	195	-25.320681
0	99	191	-26.548746
0	99	189	-40.223499
0	99	122	-41.982845
0	100	193	-5.538293
0	100	51	-5.828292
0	100	211	-5.863646
0	100	8	-6.375146
0	100	99	-6.462167
0	100	15	-6.466441
0	100	194	-6.617338
0	100	63	-6.630066
0	100	199	-6.818991
0	100	192	-6.852954
0	100	206	-6.972366
0	100	201	-7.087087
0	100	212	-7.150036
0	100	113	-7.204485
0	100	14	-7.323805
0	100	200	-7.418565
0	100	116	-7.493703
0	100	207	-7.608368
0	100	198	-7.659787
0	100	3	-7.690423
0	100	190	-7.920522
0	100	202	-12.940913
0	100	196	-13.021030
0	100	126	-13.523645
0	100	217	-14.075601
0	100	204	-14.138513
0	100	197	-14.404182
0	100	109	-14.577276
0	100	13	-14.964470
0	100	16	-15.337918
0	100	205	-19.444738
0	100	203	-19.734436
0	100	210	-19.928631
0	100	188	-20.179922
0	100	18	-21.238871
0	100	209	-26.275103
0	100	195	-26.824673
0	100	191	-27.683088
0	100	189	-40.554653
0	100	122	-41.735054
0	123	221	-6.095229
0	123	51	-6.594735
0	123	244	-6.863288
0	123	229	-6.887589
0	123	231	-6.952509
0	123	8	-7.010619
0	123	222	-7.208087
0	123	99	-7.640613
0	123	232	-7.691797
0	123	14	-7.708985
0	123	199	-7.714582
0	123	243	-7.924890
0	123	201	-7.984394
0	123	240	-8.066128
0	123	227	-8.193026
0	123	236	-8.193555
0	123	239	-8.199351
0	123	116	-8.455069
0	123	224	-8.460815
0	123	207	-8.506336
0	123	226	-8.544047
0	123	3	-8.909388
0	123	198	-8.956314
0	123	190	-9.237269
0	123	238	-13.794750
0	123	242	-13.947621
0	123	234	-14.104942
0	123	196	-14.201157
0	123	233	-14.274604
0	123	246	-14.477884
0	123	228	-14.624101
0	123	245	-14.720210
0	123	96	-14.900331
0	123	197	-15.082641
0	123	217	-15.782820
0	123	241	-15.812094
0	123	237	-16.243839
0	123	247	-16.433756
0	123	16	-16.775358
0	123	223	-21.497028
0	123	235	-21.502150
0	123	210	-21.567532
0	123	188	-21.982870
0	123	230	-22.343361
0	123	11	-23.040152
0	123	18	-23.259424
0	123	225	-23.642405
0	123	208	-30.051361
0	123	191	-30.366453
0	123	187	-38.028137
0	123	122	-45.554432
0	124	221	-5.543272
0	124	244	-6.157084
0	124	51	-6.312556
0	124	8	-6.471341
0	124	231	-6.630922
0	124	232	-6.836646
0	124	240	-7.100137
0	124	229	-7.179937
0	124	199	-7.216675
0	124	222	-7.312388
0	124	236	-7.493018
0	124	99	-7.621406
0	124	227	-7.634293
0	124	224	-7.747239
0	124	201	-7.969148
0	124	3	-8.014510
0	124	243	-8.066173
0	124	14	-8.214319
0	124	116	-8.299367
0	124	239	-8.375181
0	124	198	-8.513080
0	124	226	-8.711576
0	124	190	-8.751923
0	124	207	-8.847368
0	124	234	-14.406929
0	124	233	-14.453106
0	124	196	-14.721663
0	124	238	-14.765579
0	124	228	-14.810016
0	124	96	-14.995065
0	124	245	-15.086542
0	124	197	-15.387786
0	124	242	-15.443330
0	124	246	-15.550535
0	124	241	-16.295433
0	124	217	-16.358513
0	124	237	-16.629824
0	124	247	-16.778812
0	124	16	-17.202848
0	124	235	-20.672085
0	124	223	-20.914215
0	124	210	-21.093937
0	124	230	-21.985048
0	124	11	-21.994957
0	124	188	-22.229515
0	124	18	-23.022625
0	124	225	-23.143661
0	124	208	-29.073717
0	124	191	-29.276573
0	124	187	-36.511410
0	124	122	-42.728153
0	125	221	-6.597759
0	125	199	-6.938404
0	125	51	-6.954899
0	125	229	-7.607723
0	125	198	-7.657402
0	125	244	-7.838570
0	125	222	-8.024391
0	125	232	-8.264606
0	125	14	-8.343740
0	125	231	-8.377018
0	125	240	-8.409478
0	125	227	-8.628223
0	125	243	-8.637730
0	125	239	-8.681808
0	125	8	-8.683814
0	125	236	-8.724207
0	125	226	-8.812443
0	125	99	-8.996273
0	125	201	-9.049810
0	125	224	-9.137528
0	125	116	-9.142967
0	125	207	-9.443437
0	125	3	-9.477138
0	125	190	-9.659395
0	125	233	-15.148589
0	125	196	-15.558073
0	125	238	-15.684779
0	125	234	-15.792091
0	125	245	-15.849760
0	125	246	-15.907215
0	125	228	-15.921916
0	125	96	-16.011648
0	125	242	-16.373480
0	125	197	-16.667252
0	125	217	-16.783064
0	125	241	-16.981483
0	125	237	-17.140154
0	125	247	-17.321930
0	125	16	-17.552130
0	125	235	-21.789343
0	125	223	-22.124535
0	125	210	-22.260765
0	125	188	-22.425491
0	125	18	-22.918806
0	125	11	-23.022455
0	125	225	-23.226791
0	125	230	-23.255264
0	125	191	-29.902037
0	125	208	-30.109236
0	125	187	-37.591690
0	125	122	-45.129387
0	126	221	-5.735089
0	126	51	-6.817445
0	126	229	-6.851793
0	126	244	-6.986846
0	126	236	-7.226275
0	126	240	-7.251114
0	126	222	-7.263937
0	126	231	-7.611235
0	126	8	-7.647272
0	126	232	-7.796139
0	126	243	-7.839598
0	126	99	-7.889048
0	126	14	-8.011040
0	126	199	-8.089972
0	126	226	-8.103059
0	126	207	-8.126643
0	126	116	-8.323030
0	126	239	-8.358947
0	126	224	-8.398077
0	126	227	-8.434111
0	126	201	-8.517734
0	126	3	-8.709591
0	126	190	-8.997711
0	126	198	-9.125011
0	126	238	-13.520247
0	126	233	-13.746359
0	126	245	-13.796237
0	126	196	-13.801072
0	126	234	-13.832097
0	126	228	-13.986190
0	126	246	-14.040479
0	126	242	-14.086310
0	126	96	-14.464424
0	126	241	-14.718521
0	126	197	-14.877115
0	126	217	-14.923845
0	126	247	-15.268936
0	126	237	-15.334855
0	126	16	-15.654507
0	126	223	-20.293781
0	126	235	-20.444788
0	126	188	-20.811975
0	126	210	-20.873459
0	126	11	-21.843304
0	126	230	-22.010349
0	126	225	-22.477089
0	126	18	-22.583542
0	126	191	-27.320704
0	126	208	-27.391338
0	126	187	-34.055321
0	126	122	-40.486019
0	127	221	-6.511910
0	127	51	-6.681159
0	127	244	-7.152260
0	127	229	-7.652721
0	127	232	-7.723734
0	127	231	-7.854792
0	127	222	-8.029911
0	127	99	-8.136439
0	127	8	-8.228523
0	127	199	-8.303024
0	127	240	-8.669661
0	127	236	-9.022173
0	127	227	-9.134849
0	127	116	-9.251679
0	127	239	-9.313799
0	127	243	-9.330256
0	127	14	-9.381263
0	127	201	-9.402360
0	127	226	-9.411266
0	127	207	-9.512562
0	127	224	-9.535896
0	127	198	-9.726914
0	127	190	-9.875744
0	127	3	-9.972789
0	127	234	-14.817674
0	127	238	-15.073065
0	127	233	-15.362710
0	127	242	-15.394405
0	127	245	-15.586673
0	127	96	-15.871365
0	127	228	-15.925731
0	127	197	-15.955891
0	127	196	-16.014143
0	127	246	-16.456905
0	127	241	-17.283110
0	127	217	-17.438673
0	127	16	-17.483402
0	127	247	-17.598370
0	127	237	-17.790977
0	127	230	-22.112339
0	127	210	-22.688686
0	127	235	-22.846006
0	127	223	-23.067209
0	127	188	-23.258148
0	127	11	-23.879868
0	127	18	-24.065496
0	127	225	-24.302557
0	127	191	-30.401724
0	127	208	-30.544067
0	127	187	-38.396244
0	127	122	-43.988293
0	144	258	-6.642311
0	144	199	-6.670891
0	144	63	-6.704283
0	144	251	-6.736730
0	144	8	-6.817450
0	144	201	-7.062623
0	144	200	-7.541058
0	144	14	-7.737191
0	144	3	-8.257113
0	144	113	-8.306194
0	144	256	-13.569551
0	144	109	-13.910192
0	144	13	-14.311848
0	144	16	-14.922299
0	144	17	-15.956693
0	144	253	-19.007910
0	144	254	-19.247036
0	144	11	-19.826668
0	144	18	-20.065386
0	144	252	-20.113211
0	144	208	-26.817686
0	144	191	-26.967701
0	144	248	-27.096979
0	144	255	-27.565443
0	144	257	-32.301323
0	144	187	-33.393810
0	144	249	-40.642120
0	144	110	-46.876770
0	144	250	-54.216663
0	145	8	-7.102407
0	145	63	-7.139980
0	145	251	-7.287113
0	145	258	-7.589833
0	145	199	-7.804379
0	145	200	-7.961136
0	145	201	-7.980046
0	145	14	-8.553682
0	145	3	-8.965611
0	145	113	-9.220989
0	145	256	-15.100241
0	145	16	-15.219331
0	145	109	-15.226543
0	145	13	-15.253158
0	145	17	-16.235874
0	145	253	-19.183758
0	145	254	-20.140287
0	145	11	-20.513615
0	145	252	-21.008430
0	145	18	-21.370321
0	145	208	-27.125664
0	145	191	-27.286695
0	145	248	-27.489861
0	145	255	-28.007889
0	145	257	-34.445286
0	145	187	-34.467262
0	145	249	-42.077572
0	145	110	-48.173649
0	145	250	-55.943832
0	146	8	-6.297272
0	146	251	-6.408934
0	146	63	-6.526545
0	146	258	-6.574142
0	146	199	-6.928052
0	146	200	-7.244773
0	146	3	-7.600281
0	146	201	-7.622015
0	146	14	-7.661181
0	146	113	-7.835258
0	146	256	-13.172160
0	146	109	-14.196663
0	146	13	-14.363391
0	146	16	-15.221610
0	146	17	-15.823228
0	146	254	-18.420954
0	146	253	-18.824759
0	146	252	-19.322447
0	146	11	-20.182850
0	146	18	-20.534204
0	146	248	-25.763309
0	146	208	-25.965965
0	146	191	-26.070551
0	146	255	-26.325052
0	146	257	-30.401213
0	146	187	-32.365116
0	146	249	-38.525684
0	146	110	-44.610142
0	146	250	-51.126442
0	147	199	-5.750963
0	147	8	-6.032695
0	147	251	-6.129089
0	147	258	-6.396215
0	147	201	-6.469638
0	147	63	-6.646725
0	147	3	-7.262778
0	147	14	-7.290073
0	147	200	-7.371758
0	147	113	-7.602832
0	147	256	-11.757451
0	147	109	-14.060213
0	147	13	-14.908324
0	147	16	-15.054274
0	147	17	-15.647633
0	147	253	-16.794857
0	147	254	-17.608574
0	147	252	-18.492886
0	147	18	-19.296251
0	147	11	-19.475901
0	147	248	-24.542419
0	147	191	-24.941479
0	147	208	-25.418144
0	147	255	-25.692064
0	147	257	-30.703232
0	147	187	-32.300980
0	147	249	-38.675228
0	147	110	-45.467281
0	147	250	-52.480934
0	148	8	-6.262902
0	148	63	-7.083143
0	148	251	-7.123094
0	148	258	-7.248455
0	148	199	-7.334768
0	148	113	-7.350439
0	148	14	-8.116619
0	148	201	-8.162943
0	148	200	-8.245317
0	148	3	-8.868698
0	148	256	-15.613511
0	148	109	-16.205273
0	148	17	-16.357809
0	148	13	-16.375214
0	148	16	-16.937874
0	148	254	-20.726715
0	148	11	-20.797569
0	148	253	-21.107178
0	148	252	-22.593801
0	148	18	-22.689413
0	148	191	-28.206833
0	148	248	-28.730852
0	148	208	-29.456598
0	148	255	-29.582355
0	148	257	-35.596867
0	148	187	-36.494476
0	148	249	-43.572556
0	148	110	-49.027157
0	148	250	-56.116573
0	150	251	-7.168990
0	150	8	-7.323919
0	150	14	-7.584014
0	150	63	-7.908569
0	150	200	-7.960091
0	150	258	-8.190438
0	150	201	-8.390868
0	150	199	-8.415098
0	150	3	-9.280067
0	150	113	-9.443581
0	150	256	-16.962914
0	150	109	-17.455864
0	150	13	-18.043669
0	150	16	-18.534977
0	150	17	-18.900410
0	150	253	-22.109669
0	150	254	-22.512119
0	150	252	-23.943712
0	150	11	-24.181955
0	150	18	-24.597712
0	150	191	-31.316673
0	150	208	-31.318432
0	150	248	-31.378115
0	150	255	-31.884897
0	150	257	-38.304558
0	150	187	-39.873470
0	150	249	-47.387466
0	150	110	-54.804348
0	150	250	-62.865711
0	177	183	-5.677359
0	177	244	-5.679721
0	177	51	-6.036354
0	177	30	-6.169559
0	177	63	-6.256377
0	177	8	-6.447480
0	177	58	-6.565736
0	177	264	-6.650119
0	177	267	-6.669649
0	177	61	-7.020553
0	177	112	-7.206266
0	177	231	-7.355184
0	177	278	-7.434477
0	177	14	-7.522939
0	177	113	-7.575160
0	177	272	-7.831824
0	177	116	-8.005165
0	177	3	-8.530939
0	177	280	-12.509935
0	177	263	-12.552276
0	177	268	-13.058310
0	177	269	-13.061188
0	177	271	-13.688676
0	177	277	-14.498835
0	177	13	-14.946398
0	177	109	-15.129134
0	177	16	-15.514211
0	177	17	-16.763205
0	177	265	-21.336483
0	177	11	-22.218996
0	177	18	-22.586790
0	177	119	-27.144625
0	177	255	-28.348475
0	177	115	-28.481087
0	177	270	-34.368008
0	177	266	-61.476086
0	178	183	-5.571334
0	178	244	-6.229134
0	178	30	-6.437975
0	178	8	-7.243164
0	178	51	-7.543115
0	178	267	-7.562072
0	178	264	-7.682382
0	178	63	-7.746552
0	178	58	-7.896630
0	178	231	-8.085012
0	178	14	-8.100667
0	178	112	-8.418203
0	178	278	-8.627139
0	178	116	-8.656316
0	178	272	-9.208987
0	178	61	-9.325167
0	178	3	-9.558627
0	178	113	-9.577462
0	178	263	-12.577389
0	178	268	-14.361196
0	178	280	-14.663348
0	178	269	-15.034188
0	178	109	-15.803241
0	178	271	-16.012739
0	178	277	-16.222673
0	178	13	-17.472160
0	178	16	-18.065222
0	178	17	-18.607380
0	178	265	-22.876244
0	178	11	-23.306675
0	178	18	-23.559841
0	178	119	-29.161829
0	178	115	-30.086605
0	178	255	-30.337692
0	178	270	-37.515671
0	178	266	-67.662628
0	179	183	-5.413156
0	179	30	-6.543081
0	179	244	-6.567324
0	179	8	-7.142247
0	179	51	-7.546332
0	179	264	-7.590357
0	179	63	-7.789776
0	179	267	-8.165422
0	179	58	-8.341783
0	179	231	-8.439403
0	179	112	-8.776509
0	179	14	-8.958776
0	179	116	-9.199503
0	179	3	-9.337826
0	179	278	-9.433132
0	179	61	-9.502185
0	179	272	-9.650386
0	179	113	-9.875890
0	179	263	-14.380946
0	179	280	-15.149606
0	179	268	-15.218518
0	179	269	-15.812632
0	179	271	-16.091602
0	179	277	-16.550392
0	179	109	-16.882179
0	179	13	-17.477648
0	179	16	-18.234865
0	179	17	-18.518148
0	179	265	-23.419771
0	179	11	-23.752516
0	179	18	-24.336935
0	179	119	-30.251972
0	179	255	-30.949352
0	179	115	-31.410423
0	179	270	-38.626247
0	179	266	-68.344933
0	180	30	-6.191824
0	180	183	-6.323041
0	180	8	-6.881687
0	180	244	-7.105601
0	180	63	-7.500782
0	180	51	-7.648333
0	180	264	-7.920752
0	180	267	-8.098266
0	180	58	-8.214622
0	180	231	-8.307497
0	180	112	-8.684157
0	180	14	-8.865978
0	180	278	-8.978547
0	180	116	-9.219461
0	180	61	-9.404958
0	180	113	-9.446156
0	180	3	-9.591633
0	180	272	-9.748302
0	180	263	-13.460483
0	180	268	-14.739165
0	180	280	-14.803275
0	180	271	-15.593263
0	180	277	-15.913120
0	180	269	-16.093744
0	180	109	-16.143074
0	180	13	-16.903265
0	180	16	-18.089733
0	180	17	-18.304190
0	180	11	-23.084003
0	180	265	-23.901394
0	180	18	-24.302416
0	180	119	-30.147589
0	180	255	-30.499685
0	180	115	-30.715225
0	180	270	-37.843483
0	180	266	-67.036186
0	181	183	-5.797664
0	181	244	-7.093556
0	181	8	-7.191852
0	181	30	-7.347010
0	181	51	-7.577542
0	181	63	-8.097695
0	181	264	-8.450925
0	181	267	-8.498514
0	181	58	-8.584740
0	181	112	-8.905891
0	181	231	-8.907301
0	181	116	-9.429389
0	181	14	-9.449149
0	181	278	-9.514900
0	181	61	-9.688300
0	181	3	-9.823152
0	181	113	-9.950092
0	181	272	-10.207056
0	181	263	-13.239874
0	181	280	-14.568618
0	181	268	-15.692113
0	181	269	-15.880346
0	181	271	-16.211891
0	181	277	-16.583780
0	181	109	-17.693186
0	181	13	-18.206350
0	181	16	-18.602911
0	181	17	-19.173651
0	181	265	-24.785925
0	181	11	-24.997131
0	181	18	-25.345556
0	181	119	-31.100424
0	181	255	-32.311775
0	181	115	-32.364662
0	181	270	-39.266727
0	181	266	-70.001617
0	182	183	-6.774280
0	182	244	-7.501043
0	182	51	-7.510880
0	182	8	-7.807337
0	182	264	-8.009752
0	182	63	-8.191401
0	182	267	-8.231617
0	182	231	-8.444468
0	182	30	-8.632113
0	182	58	-8.787837
0	182	116	-8.862110
0	182	112	-9.035568
0	182	14	-9.181056
0	182	113	-9.362036
0	182	3	-9.587245
0	182	278	-9.642042
0	182	61	-9.725030
0	182	272	-10.035238
0	182	263	-14.878883
0	182	280	-14.951582
0	182	268	-16.295385
0	182	269	-16.392138
0	182	271	-17.102514
0	182	277	-17.119131
0	182	109	-17.264387
0	182	13	-17.595480
0	182	16	-18.277521
0	182	17	-18.612059
0	182	11	-24.152895
0	182	18	-24.706139
0	182	265	-24.883722
0	182	119	-30.696846
0	182	115	-31.388126
0	182	255	-31.884352
0	182	270	-37.983978
0	182	266	-68.879471
0	183	183	-5.905185
0	183	61	-6.425973
0	183	51	-6.429050
0	183	231	-6.479038
0	183	63	-6.531199
0	183	58	-6.727189
0	183	244	-6.733696
0	183	30	-6.785200
0	183	267	-6.807492
0	183	116	-6.825829
0	183	278	-6.988888
0	183	272	-7.146735
0	183	112	-7.237134
0	183	264	-7.441072
0	183	113	-7.468531
0	183	14	-7.532508
0	183	3	-8.610408
0	183	280	-13.104105
0	183	263	-13.356480
0	183	271	-13.852884
0	183	268	-14.188375
0	183	285	-15.293705
0	183	275	-19.661480
0	183	18	-22.448849
0	183	276	-26.213396
0	183	274	-26.292498
0	183	294	-26.549232
0	183	119	-26.680214
0	183	292	-27.108980
0	183	287	-27.173729
0	183	115	-27.240852
0	183	288	-27.267040
0	183	295	-27.770082
0	183	291	-33.427406
0	183	273	-33.711205
0	183	290	-33.837330
0	183	283	-33.963329
0	183	270	-34.528126
0	183	282	-40.024151
0	183	286	-40.439232
0	183	279	-40.574493
0	183	284	-40.686958
0	183	289	-41.192966
0	183	293	-41.216358
0	183	281	-62.150387
0	184	244	-6.167852
0	184	183	-6.275038
0	184	30	-6.779037
0	184	8	-7.057532
0	184	51	-7.567123
0	184	63	-7.823752
0	184	231	-8.046865
0	184	264	-8.082319
0	184	267	-8.115303
0	184	58	-8.346104
0	184	112	-8.674721
0	184	278	-8.854112
0	184	14	-9.062392
0	184	116	-9.078272
0	184	3	-9.787996
0	184	61	-9.933251
0	184	113	-10.070054
0	184	272	-10.328537
0	184	263	-13.294937
0	184	280	-14.050632
0	184	268	-14.716117
0	184	271	-15.437526
0	184	277	-15.771549
0	184	269	-15.973481
0	184	109	-17.140612
0	184	13	-17.647278
0	184	16	-17.969584
0	184	17	-18.456738
0	184	11	-23.986610
0	184	265	-24.002863
0	184	18	-24.892101
0	184	119	-30.324978
0	184	255	-31.061749
0	184	115	-31.164232
0	184	270	-37.587540
0	184	266	-68.599876
0	185	30	-6.057012
0	185	183	-6.440050
0	185	244	-7.010464
0	185	8	-7.060034
0	185	63	-7.536050
0	185	267	-7.744089
0	185	51	-8.008658
0	185	264	-8.130407
0	185	58	-8.157325
0	185	278	-8.530728
0	185	231	-8.542623
0	185	3	-8.703123
0	185	14	-8.803192
0	185	116	-9.091025
0	185	112	-9.217816
0	185	272	-9.583679
0	185	113	-9.679609
0	185	61	-9.874794
0	185	263	-13.296829
0	185	280	-14.383719
0	185	268	-14.970640
0	185	269	-15.706489
0	185	277	-15.974946
0	185	109	-16.251638
0	185	271	-16.377867
0	185	13	-17.430483
0	185	16	-18.025291
0	185	17	-18.414015
0	185	265	-23.640280
0	185	11	-24.038172
0	185	18	-24.312565
0	185	119	-30.424831
0	185	255	-30.794498
0	185	115	-31.306335
0	185	270	-38.213715
0	185	266	-68.067284
0	186	183	-5.316496
0	186	244	-5.620173
0	186	30	-6.805583
0	186	8	-7.153046
0	186	51	-7.248734
0	186	264	-7.302293
0	186	63	-7.715157
0	186	231	-7.884961
0	186	58	-7.999741
0	186	267	-8.059011
0	186	112	-8.610417
0	186	116	-8.928174
0	186	278	-9.089919
0	186	14	-9.092626
0	186	3	-9.223087
0	186	113	-9.464276
0	186	61	-9.470554
0	186	272	-9.828535
0	186	263	-12.745687
0	186	280	-14.425631
0	186	268	-14.936948
0	186	271	-15.008976
0	186	277	-15.454067
0	186	269	-15.968176
0	186	109	-17.272249
0	186	13	-17.677996
0	186	16	-18.073206
0	186	17	-18.603418
0	186	11	-24.180395
0	186	265	-24.384350
0	186	18	-24.768576
0	186	119	-30.922911
0	186	255	-31.012451
0	186	115	-31.328556
0	186	270	-37.853703
0	186	266	-68.314491
