0	1	14	13.498176
0	1	1	11.845212
0	1	5	11.740366
0	1	15	9.988327
0	1	4	7.603141
0	1	10	6.796938
0	1	11	1.493695
0	1	18	-0.457717
0	1	0	-1.860642
0	1	3	-3.260396
0	1	9	-5.917253
0	1	8	-10.045115
0	1	2	-10.669930
0	1	6	-18.245991
0	1	13	-19.958443
0	1	19	-20.023224
0	1	12	-20.900457
0	1	16	-22.140079
0	1	17	-23.002628
0	1	7	-24.664829
0	2	14	13.540849
0	2	5	12.516494
0	2	1	12.213560
0	2	15	10.428947
0	2	4	9.728342
0	2	10	8.476897
0	2	11	3.918591
0	2	18	2.542373
0	2	0	-0.989893
0	2	3	-2.249593
0	2	9	-6.349143
0	2	8	-9.933086
0	2	2	-10.428070
0	2	6	-18.645035
0	2	13	-18.863577
0	2	12	-19.690701
0	2	19	-20.243950
0	2	16	-21.106480
0	2	17	-21.885366
0	2	7	-22.891825
0	3	14	13.067085
0	3	1	11.667819
0	3	5	10.392673
0	3	15	9.445949
0	3	4	7.119335
0	3	10	6.549989
0	3	11	2.085675
0	3	18	-0.704928
0	3	3	-4.054778
0	3	0	-4.207405
0	3	9	-6.537148
0	3	8	-10.674252
0	3	2	-10.936475
0	3	6	-17.971214
0	3	19	-20.742510
0	3	13	-21.159233
0	3	12	-21.813599
0	3	7	-23.132010
0	3	16	-23.284451
0	3	17	-24.008162
0	14	22	14.579924
0	14	63	14.565200
0	14	21	14.459826
0	14	23	14.336030
0	14	14	13.954442
0	14	65	13.929367
0	14	24	13.451956
0	14	26	13.398029
0	14	28	13.390086
0	14	39	13.315166
0	14	30	13.163817
0	14	32	12.863716
0	14	61	12.686632
0	14	54	12.062398
0	14	38	11.993798
0	14	25	11.273805
0	14	29	10.804421
0	14	57	10.691206
0	14	62	10.512675
0	14	46	10.329547
0	14	27	10.200378
0	14	43	10.176325
0	14	37	10.167315
0	14	41	9.792448
0	14	20	7.256835
0	14	11	6.662537
0	14	51	2.787702
0	14	18	1.630385
0	14	40	1.537370
0	14	73	0.732977
0	14	45	-0.747359
0	14	3	-1.245458
0	14	69	-1.426561
0	14	52	-2.626591
0	14	42	-2.667812
0	14	53	-3.574871
0	14	48	-3.715781
0	14	33	-4.062262
0	14	34	-4.520000
0	14	71	-4.842046
0	14	31	-6.538288
0	14	8	-8.484549
0	14	77	-10.486004
0	14	56	-14.707376
0	14	78	-14.971831
0	14	64	-15.338362
0	14	66	-15.745430
0	14	55	-15.773003
0	14	58	-15.827329
0	14	36	-16.137676
0	14	50	-16.814014
0	14	79	-17.167627
0	14	72	-17.486147
0	14	75	-17.649292
0	14	70	-18.370844
0	14	35	-18.493792
0	14	74	-18.781963
0	14	76	-18.889585
0	14	44	-19.187021
0	14	49	-19.478489
0	14	47	-19.703773
0	14	85	-19.839224
0	14	16	-20.154127
0	15	22	14.467709
0	15	63	14.404961
0	15	14	13.832417
0	15	26	13.421130
0	15	21	13.346260
0	15	28	13.109409
0	15	30	12.996107
0	15	32	12.733678
0	15	61	12.547655
0	15	24	12.544811
0	15	54	12.372179
0	15	39	11.536098
0	15	27	11.473291
0	15	23	11.273575
0	15	57	10.780872
0	15	65	10.737957
0	15	46	10.019195
0	15	43	9.973966
0	15	25	8.688024
0	15	41	8.286997
0	15	38	8.246391
0	15	62	8.203413
0	15	29	7.459413
0	15	20	6.791746
0	15	37	6.317547
0	15	11	4.916938
0	15	51	2.942711
0	15	18	1.292003
0	15	3	-0.077431
0	15	40	-0.646493
0	15	73	-0.920302
0	15	42	-1.571652
0	15	52	-1.703402
0	15	45	-1.912235
0	15	33	-3.358922
0	15	69	-4.414391
0	15	48	-4.738042
0	15	31	-5.778267
0	15	53	-7.558812
0	15	34	-7.619958
0	15	8	-8.036659
0	15	71	-9.339931
0	15	77	-12.680146
0	15	56	-14.653348
0	15	66	-14.835441
0	15	58	-15.369619
0	15	50	-15.630760
0	15	36	-15.820262
0	15	72	-16.248352
0	15	64	-17.241013
0	15	55	-17.275007
0	15	78	-19.339178
0	15	74	-19.479988
0	15	47	-19.585098
0	15	85	-19.621185
0	15	79	-20.122156
0	15	35	-20.295897
0	15	49	-20.324671
0	15	75	-20.654087
0	15	44	-20.918320
0	15	16	-21.035545
0	15	70	-21.289423
0	15	76	-22.021082
0	16	22	14.672132
0	16	63	14.628407
0	16	14	14.049689
0	16	28	13.656474
0	16	21	13.258698
0	16	26	13.067204
0	16	30	13.017613
0	16	61	12.661108
0	16	24	12.425917
0	16	54	12.065054
0	16	32	11.777159
0	16	23	11.647473
0	16	65	11.375607
0	16	57	10.722263
0	16	46	10.292043
0	16	39	10.272189
0	16	27	9.822710
0	16	38	9.627222
0	16	41	9.077813
0	16	25	8.789254
0	16	43	7.593028
0	16	20	7.442968
0	16	29	7.200695
0	16	37	6.043446
0	16	11	3.373082
0	16	52	3.296197
0	16	62	1.892669
0	16	51	1.754229
0	16	18	1.555767
0	16	3	-0.476493
0	16	45	-2.364104
0	16	40	-2.504914
0	16	73	-3.794165
0	16	42	-4.078407
0	16	48	-4.857787
0	16	71	-5.111900
0	16	69	-5.190413
0	16	53	-6.469380
0	16	33	-7.099364
0	16	31	-7.665807
0	16	8	-9.499459
0	16	34	-10.238525
0	16	77	-13.938649
0	16	58	-14.465429
0	16	56	-14.851192
0	16	50	-15.436112
0	16	66	-15.875069
0	16	36	-16.557661
0	16	72	-17.024376
0	16	64	-17.295752
0	16	78	-19.261084
0	16	55	-19.276192
0	16	47	-19.428772
0	16	79	-19.518461
0	16	75	-19.577013
0	16	85	-19.661104
0	16	74	-19.695366
0	16	49	-20.186758
0	16	70	-20.548496
0	16	35	-20.702044
0	16	16	-20.931185
0	16	44	-21.062042
0	16	76	-21.221647
0	19	22	14.152927
0	19	63	14.128942
0	19	14	13.542296
0	19	21	13.337417
0	19	30	13.094044
0	19	26	13.067499
0	19	28	13.027116
0	19	24	12.579393
0	19	54	12.520711
0	19	61	12.226392
0	19	32	11.784000
0	19	39	10.648211
0	19	23	10.164701
0	19	57	10.048042
0	19	65	9.602654
0	19	46	9.455653
0	19	43	9.270926
0	19	41	8.356172
0	19	27	8.136457
0	19	25	7.356676
0	19	38	6.224688
0	19	11	4.327036
0	19	29	3.955665
0	19	20	3.390024
0	19	51	2.018075
0	19	18	1.893152
0	19	37	1.012079
0	19	62	0.666147
0	19	73	-1.088339
0	19	3	-1.242133
0	19	45	-1.318815
0	19	48	-1.403732
0	19	42	-3.020945
0	19	40	-3.335057
0	19	33	-4.367525
0	19	52	-4.708026
0	19	34	-6.792315
0	19	31	-7.508256
0	19	69	-7.542962
0	19	53	-9.693376
0	19	8	-9.997149
0	19	71	-10.757380
0	19	56	-13.966417
0	19	66	-14.229274
0	19	36	-15.309124
0	19	77	-15.611858
0	19	50	-16.938366
0	19	72	-16.980312
0	19	58	-17.199017
0	19	55	-18.297659
0	19	64	-19.207226
0	19	74	-19.449100
0	19	85	-20.133757
0	19	47	-20.152050
0	19	78	-20.242050
0	19	49	-20.433264
0	19	35	-20.596107
0	19	79	-20.807524
0	19	16	-21.083128
0	19	44	-21.293806
0	19	75	-21.310806
0	19	70	-21.813835
0	19	76	-22.543037
0	22	22	14.286068
0	22	63	14.206905
0	22	14	13.578285
0	22	30	13.304235
0	22	26	13.068233
0	22	28	12.963402
0	22	61	12.626266
0	22	21	12.229156
0	22	54	12.164653
0	22	32	11.751446
0	22	24	11.485147
0	22	57	11.166660
0	22	46	10.771863
0	22	27	10.312998
0	22	39	9.260399
0	22	23	8.871576
0	22	43	8.588986
0	22	65	7.651271
0	22	38	6.105008
0	22	41	5.984340
0	22	25	5.591099
0	22	20	4.804490
0	22	11	2.806247
0	22	51	2.538433
0	22	29	2.322424
0	22	37	0.639527
0	22	18	0.014450
0	22	62	-0.662372
0	22	45	-1.781982
0	22	73	-2.271937
0	22	3	-2.985460
0	22	48	-3.526080
0	22	33	-3.640848
0	22	52	-3.772601
0	22	42	-3.851869
0	22	31	-6.216429
0	22	40	-6.545894
0	22	34	-9.571566
0	22	8	-10.014327
0	22	69	-11.479824
0	22	53	-12.606217
0	22	71	-13.947502
0	22	56	-14.473181
0	22	66	-15.266845
0	22	72	-15.756371
0	22	50	-16.491205
0	22	36	-16.672808
0	22	58	-17.196405
0	22	77	-18.757597
0	22	55	-19.537716
0	22	85	-19.907839
0	22	47	-20.105497
0	22	74	-20.544962
0	22	49	-21.736553
0	22	16	-21.847807
0	22	64	-22.008629
0	22	35	-22.522770
0	22	79	-22.732508
0	22	78	-23.062195
0	22	44	-23.097782
0	22	75	-23.452997
0	22	70	-23.789339
0	22	76	-24.378981
0	43	63	14.102650
0	43	14	13.398338
0	43	26	13.161363
0	43	107	12.601053
0	43	93	11.470320
0	43	61	11.348873
0	43	15	10.054687
0	43	108	8.625110
0	43	95	7.924256
0	43	90	7.123153
0	43	98	5.708761
0	43	89	4.284071
0	43	11	3.642401
0	43	94	2.288891
0	43	18	1.004828
0	43	87	0.724451
0	43	106	-0.200774
0	43	103	-2.206997
0	43	3	-2.873409
0	43	91	-3.620703
0	43	52	-4.370164
0	43	96	-6.642316
0	43	110	-7.459980
0	43	69	-8.878979
0	43	86	-9.195652
0	43	8	-9.427338
0	43	100	-10.725714
0	43	105	-11.144891
0	43	92	-11.663853
0	43	99	-14.158105
0	43	88	-15.643446
0	43	58	-17.139746
0	43	13	-19.550694
0	43	97	-19.944563
0	43	85	-20.173817
0	43	109	-21.801456
0	43	17	-22.789984
0	44	93	15.656558
0	44	63	13.974948
0	44	14	13.154847
0	44	108	13.098250
0	44	26	12.712859
0	44	107	12.364866
0	44	61	11.554723
0	44	94	9.536017
0	44	15	8.903435
0	44	98	8.764168
0	44	95	7.397398
0	44	106	5.646111
0	44	11	5.613986
0	44	18	4.264790
0	44	90	3.020288
0	44	103	2.538537
0	44	87	2.478538
0	44	89	-0.206121
0	44	100	-1.904664
0	44	110	-2.001097
0	44	3	-2.642065
0	44	52	-3.221640
0	44	69	-4.435158
0	44	91	-5.030299
0	44	96	-6.258697
0	44	86	-9.153000
0	44	8	-9.178147
0	44	105	-10.891695
0	44	92	-11.680596
0	44	88	-14.032610
0	44	99	-15.389823
0	44	58	-15.873840
0	44	13	-18.840433
0	44	97	-20.150066
0	44	85	-20.157896
0	44	109	-21.041161
0	44	17	-21.979620
0	54	14	13.762747
0	54	11	3.643512
0	54	18	3.495893
0	54	3	-2.453736
0	54	111	-5.970543
0	54	8	-9.829326
0	54	7	-13.146478
0	54	13	-19.381069
0	54	16	-21.589390
0	54	17	-22.498188
0	57	14	12.964926
0	57	11	2.948643
0	57	18	-0.510188
0	57	3	-3.351670
0	57	8	-10.238101
0	57	111	-10.710317
0	57	13	-19.300995
0	57	16	-21.632429
0	57	17	-22.504961
0	57	7	-25.409107
0	58	14	13.115554
0	58	11	2.845882
0	58	18	1.015498
0	58	3	-4.629035
0	58	8	-10.351179
0	58	111	-11.161164
0	58	13	-19.891413
0	58	16	-22.327229
0	58	17	-23.215405
0	58	7	-23.618380
0	73	14	13.254780
0	73	137	13.248722
0	73	155	11.024371
0	73	132	10.801714
0	73	154	10.769547
0	73	150	9.070174
0	73	158	8.684613
0	73	161	8.200085
0	73	157	7.994598
0	73	168	7.975582
0	73	163	7.080955
0	73	159	6.910519
0	73	153	5.832981
0	73	11	3.491831
0	73	156	1.829055
0	73	18	1.464774
0	73	3	-3.358905
0	73	170	-3.835380
0	73	151	-4.226165
0	73	152	-5.319591
0	73	162	-6.815968
0	73	149	-7.343408
0	73	169	-7.621516
0	73	146	-9.270884
0	73	8	-10.472146
0	73	160	-15.131471
0	73	148	-15.950336
0	73	13	-18.685930
0	73	145	-18.707249
0	73	147	-19.657522
0	73	16	-20.906666
0	73	17	-21.788820
0	74	137	13.122555
0	74	14	13.083593
0	74	132	11.770889
0	74	154	11.169946
0	74	155	10.542768
0	74	150	10.113703
0	74	161	8.662847
0	74	168	8.571495
0	74	158	8.253770
0	74	163	7.579115
0	74	157	7.562808
0	74	159	7.056872
0	74	153	7.053456
0	74	11	4.204249
0	74	18	2.849747
0	74	156	2.078560
0	74	3	-3.581529
0	74	170	-4.053131
0	74	151	-4.168373
0	74	152	-4.634337
0	74	149	-5.153764
0	74	169	-5.957138
0	74	162	-6.595465
0	74	146	-8.265037
0	74	8	-10.216252
0	74	160	-15.729504
0	74	148	-16.235184
0	74	147	-18.699640
0	74	13	-18.727135
0	74	145	-18.806538
0	74	16	-21.279945
0	74	17	-22.105177
0	75	14	12.971519
0	75	137	12.370177
0	75	166	9.668774
0	75	132	9.536455
0	75	128	6.962790
0	75	165	6.350976
0	75	167	4.949373
0	75	164	4.563084
0	75	11	2.466569
0	75	18	0.103187
0	75	3	-3.887799
0	75	171	-5.007822
0	75	146	-8.918273
0	75	8	-10.443514
0	75	160	-15.299830
0	75	145	-18.870838
0	75	13	-18.975840
0	75	147	-19.744352
0	75	16	-21.370510
0	75	17	-22.297213
0	77	137	13.383036
0	77	14	13.211036
0	77	132	9.982334
0	77	166	9.196186
0	77	167	8.668350
0	77	165	7.805752
0	77	164	7.487554
0	77	128	7.242182
0	77	11	2.209522
0	77	18	0.138892
0	77	171	-2.904908
0	77	3	-3.335312
0	77	8	-9.150689
0	77	146	-9.536695
0	77	160	-15.494165
0	77	145	-18.414097
0	77	13	-19.208059
0	77	147	-20.027279
0	77	16	-21.626740
0	77	17	-22.670158
0	94	63	13.774431
0	94	193	13.374922
0	94	116	13.214778
0	94	14	13.076345
0	94	201	12.753709
0	94	190	11.931303
0	94	196	11.923286
0	94	15	9.626950
0	94	200	9.122488
0	94	188	7.200880
0	94	192	7.049938
0	94	202	5.489077
0	94	206	2.473910
0	94	207	1.865830
0	94	51	1.404124
0	94	203	0.274004
0	94	122	-1.965601
0	94	18	-1.990691
0	94	3	-3.438849
0	94	205	-4.043184
0	94	189	-5.123281
0	94	194	-5.701722
0	94	210	-6.874057
0	94	8	-10.200718
0	94	113	-11.199230
0	94	195	-12.099072
0	94	209	-12.293641
0	94	99	-14.698706
0	94	13	-19.397093
0	94	126	-19.679464
0	94	204	-20.442274
0	94	212	-21.127029
0	94	197	-21.148518
0	94	198	-21.264700
0	94	199	-21.397032
0	94	109	-21.723621
0	94	16	-21.736799
0	94	217	-22.087034
0	94	17	-22.701113
0	94	208	-24.871630
0	94	191	-25.399853
0	94	187	-25.774199
0	95	63	14.234838
0	95	193	13.914153
0	95	116	13.668116
0	95	14	13.607670
0	95	201	13.549342
0	95	196	13.085463
0	95	190	12.452508
0	95	15	10.163345
0	95	200	10.005542
0	95	188	9.106243
0	95	202	7.031612
0	95	192	7.016064
0	95	206	3.976366
0	95	51	2.428724
0	95	207	2.309150
0	95	203	1.258506
0	95	18	0.742135
0	95	122	0.091570
0	95	189	-0.330261
0	95	205	-2.253664
0	95	210	-2.960093
0	95	3	-3.508634
0	95	194	-5.485698
0	95	209	-7.995411
0	95	195	-8.121440
0	95	8	-9.464135
0	95	113	-10.625214
0	95	99	-15.014537
0	95	13	-17.762527
0	95	126	-17.857393
0	95	204	-18.653744
0	95	197	-19.602489
0	95	109	-20.130278
0	95	217	-20.529409
0	95	212	-20.644682
0	95	16	-20.753643
0	95	198	-20.769747
0	95	199	-20.776245
0	95	17	-21.268076
0	95	208	-23.105852
0	95	191	-23.548519
0	95	187	-24.298456
0	96	63	13.600808
0	96	193	13.193663
0	96	116	12.970257
0	96	14	12.926965
0	96	201	12.832958
0	96	196	12.263535
0	96	190	11.911381
0	96	188	11.607408
0	96	15	9.444655
0	96	200	8.890217
0	96	192	7.307461
0	96	202	6.816500
0	96	203	5.515022
0	96	206	4.720650
0	96	18	3.000073
0	96	207	2.626845
0	96	51	1.483302
0	96	122	0.407556
0	96	194	0.390019
0	96	205	-0.711391
0	96	189	-1.776210
0	96	210	-1.867521
0	96	3	-2.564794
0	96	195	-2.876480
0	96	209	-6.627661
0	96	8	-10.242611
0	96	113	-11.292360
0	96	99	-15.404037
0	96	126	-19.339979
0	96	13	-19.632427
0	96	208	-19.764711
0	96	204	-19.880337
0	96	191	-20.415722
0	96	197	-20.727415
0	96	212	-21.311735
0	96	198	-21.407253
0	96	199	-21.415747
0	96	187	-21.585642
0	96	109	-21.680351
0	96	16	-21.803608
0	96	217	-22.005411
0	96	17	-22.670860
0	99	63	13.988149
0	99	211	13.987145
0	99	193	13.601454
0	99	14	13.307110
0	99	116	13.230125
0	99	196	12.772913
0	99	201	12.143787
0	99	190	11.108186
0	99	15	9.031142
0	99	200	8.889312
0	99	188	7.339065
0	99	202	5.302993
0	99	192	5.269146
0	99	206	1.123061
0	99	51	0.815288
0	99	18	0.273984
0	99	203	0.170057
0	99	207	-0.559708
0	99	122	-1.857852
0	99	194	-2.741092
0	99	205	-2.816160
0	99	3	-2.949755
0	99	189	-5.039312
0	99	210	-6.804418
0	99	195	-9.214235
0	99	209	-9.422915
0	99	8	-10.088234
0	99	113	-10.624700
0	99	99	-14.046722
0	99	126	-18.615402
0	99	13	-18.723921
0	99	204	-19.489782
0	99	197	-20.408794
0	99	212	-20.872559
0	99	109	-20.949392
0	99	199	-21.021889
0	99	198	-21.059937
0	99	16	-21.172112
0	99	217	-21.334198
0	99	191	-24.116367
0	100	63	14.037232
0	100	211	13.980689
0	100	193	13.640714
0	100	116	13.365171
0	100	14	13.331308
0	100	201	13.003226
0	100	196	12.472493
0	100	190	11.530441
0	100	188	10.222010
0	100	15	9.629738
0	100	200	7.441842
0	100	192	5.687262
0	100	202	5.344520
0	100	122	3.910423
0	100	206	2.533222
0	100	18	1.762265
0	100	203	1.642712
0	100	51	-0.070639
0	100	189	-0.849840
0	100	207	-0.929079
0	100	194	-1.434799
0	100	3	-2.489073
0	100	205	-2.795782
0	100	195	-5.471215
0	100	210	-6.303564
0	100	209	-6.462964
0	100	8	-10.226594
0	100	113	-10.566802
0	100	99	-14.975298
0	100	126	-19.042576
0	100	13	-19.111258
0	100	204	-19.577868
0	100	197	-20.663956
0	100	191	-20.808048
0	100	212	-20.839027
0	100	199	-20.982906
0	100	198	-21.019854
0	100	109	-21.274130
0	100	16	-21.367300
0	100	217	-21.676338
0	123	14	13.107863
0	123	116	12.676033
0	123	228	11.545528
0	123	229	11.304874
0	123	196	10.168885
0	123	190	9.575181
0	123	201	9.554557
0	123	221	9.010404
0	123	224	6.869752
0	123	188	4.580483
0	123	232	3.534040
0	123	243	3.449277
0	123	244	2.159462
0	123	227	2.044009
0	123	242	1.224058
0	123	51	0.351978
0	123	207	0.194485
0	123	11	-0.324754
0	123	122	-1.396559
0	123	238	-1.553290
0	123	230	-1.716066
0	123	18	-1.747737
0	123	3	-2.163292
0	123	240	-3.404656
0	123	235	-3.917823
0	123	223	-4.386366
0	123	231	-4.669750
0	123	245	-4.905636
0	123	233	-5.040888
0	123	239	-6.490760
0	123	222	-6.597032
0	123	96	-6.876670
0	123	210	-7.049435
0	123	234	-9.748525
0	123	236	-10.022446
0	123	8	-10.373074
0	123	99	-14.908647
0	123	225	-17.627449
0	123	241	-18.709400
0	123	226	-19.239563
0	123	246	-19.291656
0	123	237	-19.642441
0	123	199	-20.888212
0	123	198	-20.920769
0	123	197	-21.707838
0	123	247	-21.960478
0	123	16	-22.386564
0	123	217	-22.431849
0	123	208	-23.539366
0	123	191	-23.924288
0	123	187	-24.378403
0	124	116	13.372808
0	124	14	13.190829
0	124	228	12.111963
0	124	229	12.091839
0	124	201	11.817689
0	124	196	11.714888
0	124	190	11.355913
0	124	221	9.991423
0	124	188	9.923844
0	124	224	8.887079
0	124	227	6.527281
0	124	243	6.146816
0	124	230	5.343635
0	124	11	4.547306
0	124	122	3.946763
0	124	244	2.653460
0	124	235	2.167440
0	124	238	2.095091
0	124	51	1.526877
0	124	232	1.274452
0	124	18	1.033125
0	124	242	0.871969
0	124	223	-1.210333
0	124	207	-1.332885
0	124	3	-2.225880
0	124	240	-3.214612
0	124	233	-3.556776
0	124	210	-4.125607
0	124	239	-4.759324
0	124	245	-4.909667
0	124	231	-5.065384
0	124	222	-6.068451
0	124	96	-7.728902
0	124	8	-9.249254
0	124	234	-10.115955
0	124	236	-10.854280
0	124	99	-12.948910
0	124	225	-15.833327
0	124	241	-17.926693
0	124	246	-19.041611
0	124	237	-19.191891
0	124	226	-19.363478
0	124	198	-21.002483
0	124	199	-21.015804
0	124	208	-21.079041
0	124	191	-21.588301
0	124	197	-21.633932
0	124	247	-21.678766
0	124	16	-22.088873
0	124	217	-22.399385
0	124	187	-22.459042
0	125	116	13.355217
0	125	14	13.327488
0	125	229	12.481853
0	125	201	12.290771
0	125	190	11.536110
0	125	228	11.433125
0	125	196	10.737102
0	125	221	10.021854
0	125	224	9.589355
0	125	227	7.250538
0	125	243	6.112329
0	125	244	5.589464
0	125	188	5.151654
0	125	232	3.372777
0	125	242	1.497087
0	125	230	1.333967
0	125	11	0.934261
0	125	51	0.922117
0	125	207	-0.096151
0	125	238	-0.108911
0	125	122	-1.092403
0	125	18	-1.827906
0	125	235	-2.475804
0	125	233	-2.951659
0	125	3	-3.230758
0	125	240	-4.396516
0	125	231	-4.668106
0	125	245	-4.957232
0	125	223	-5.127437
0	125	96	-5.436086
0	125	222	-6.485355
0	125	239	-6.833200
0	125	210	-8.530781
0	125	234	-9.527529
0	125	8	-9.616355
0	125	236	-10.579100
0	125	99	-14.593630
0	125	246	-19.194511
0	125	226	-19.901352
0	125	225	-19.949244
0	125	241	-20.441088
0	125	198	-21.046518
0	125	237	-21.095310
0	125	199	-21.220915
0	125	197	-21.961500
0	125	247	-22.473398
0	125	16	-22.824524
0	125	217	-23.054127
0	125	208	-25.386450
0	125	191	-26.295940
0	125	187	-26.711744
0	126	14	13.154092
0	126	116	13.041494
0	126	228	11.776970
0	126	190	11.580524
0	126	229	11.535430
0	126	201	11.250199
0	126	196	11.202314
0	126	221	10.016605
0	126	224	9.386986
0	126	243	4.590308
0	126	188	4.565114
0	126	227	3.340848
0	126	244	2.958777
0	126	230	2.212448
0	126	51	1.606207
0	126	242	0.804759
0	126	11	0.646871
0	126	232	0.247742
0	126	207	-0.077851
0	126	122	-1.389447
0	126	18	-1.390317
0	126	235	-3.646164
0	126	3	-3.725563
0	126	238	-3.987801
0	126	233	-4.029067
0	126	231	-5.285291
0	126	245	-5.765946
0	126	223	-5.891513
0	126	96	-6.215786
0	126	222	-6.501049
0	126	240	-6.658671
0	126	210	-7.438900
0	126	239	-7.750042
0	126	8	-9.699841
0	126	234	-9.704857
0	126	236	-10.260089
0	126	99	-14.567724
0	126	225	-18.569122
0	126	241	-19.316778
0	126	226	-19.591511
0	126	237	-20.077045
0	126	246	-20.144728
0	126	198	-21.104527
0	126	199	-21.207554
0	126	197	-21.663990
0	126	247	-22.159107
0	126	16	-22.562551
0	126	217	-22.593245
0	126	208	-23.115015
0	126	187	-23.548101
0	126	191	-23.809746
0	127	116	13.176504
0	127	14	13.133135
0	127	201	12.390763
0	127	229	11.973868
0	127	190	11.830697
0	127	228	11.596624
0	127	196	11.335847
0	127	221	10.303746
0	127	224	9.459482
0	127	243	6.656357
0	127	188	6.617235
0	127	227	6.034296
0	127	244	5.458318
0	127	232	4.323110
0	127	242	2.035941
0	127	51	1.143336
0	127	207	0.026445
0	127	11	-0.041323
0	127	230	-0.223407
0	127	18	-0.789052
0	127	238	-1.589769
0	127	233	-2.224152
0	127	235	-2.419005
0	127	3	-2.706368
0	127	122	-3.682308
0	127	240	-3.716496
0	127	245	-4.381854
0	127	223	-4.506108
0	127	231	-4.628095
0	127	239	-6.572004
0	127	210	-6.748439
0	127	222	-6.902162
0	127	96	-6.916548
0	127	8	-9.892914
0	127	236	-10.845386
0	127	234	-10.896569
0	127	99	-14.900191
0	127	225	-18.161997
0	127	246	-19.129845
0	127	241	-19.853212
0	127	226	-20.125624
0	127	237	-20.269539
0	127	198	-21.115828
0	127	199	-21.218954
0	127	197	-21.733919
0	127	247	-22.033974
0	127	16	-22.380981
0	127	217	-22.655926
0	127	208	-24.725555
0	127	191	-25.070641
0	127	187	-25.707569
0	144	257	19.826824
0	144	248	18.483463
0	144	252	17.291945
0	144	110	13.882677
0	144	63	13.676172
0	144	14	12.973191
0	144	251	12.912987
0	144	253	12.066223
0	144	258	12.019294
0	144	249	11.819004
0	144	201	11.211235
0	144	200	10.363626
0	144	11	9.987228
0	144	250	5.155836
0	144	18	4.565588
0	144	254	1.338803
0	144	3	-3.461915
0	144	8	-10.079767
0	144	113	-11.140289
0	144	255	-12.207061
0	144	187	-13.996065
0	144	208	-16.555069
0	144	191	-16.891823
0	144	13	-17.225801
0	144	109	-19.502022
0	144	256	-19.503149
0	144	16	-19.572844
0	144	17	-20.332327
0	144	199	-21.378456
0	145	63	13.947423
0	145	251	13.401265
0	145	14	13.257483
0	145	258	12.591164
0	145	201	12.496204
0	145	248	10.031357
0	145	200	9.555187
0	145	252	9.305181
0	145	257	8.317087
0	145	253	4.266042
0	145	11	3.067290
0	145	18	-0.738488
0	145	3	-1.692669
0	145	254	-5.871941
0	145	249	-7.328766
0	145	8	-9.042562
0	145	110	-9.917192
0	145	113	-10.071034
0	145	250	-17.335602
0	145	13	-20.117136
0	145	255	-20.231846
0	145	199	-21.192055
0	145	109	-22.373201
0	145	256	-22.495245
0	145	16	-22.519547
0	145	17	-23.426983
0	145	208	-24.122520
0	145	191	-24.695263
0	145	187	-25.596514
0	146	63	13.681845
0	146	251	13.061217
0	146	14	12.966116
0	146	248	12.749313
0	146	201	12.095032
0	146	258	11.914392
0	146	257	11.429637
0	146	252	10.090290
0	146	200	8.700767
0	146	11	2.381439
0	146	253	2.287112
0	146	18	-0.522135
0	146	249	-2.270222
0	146	254	-3.693507
0	146	3	-4.065506
0	146	110	-4.785094
0	146	8	-10.594515
0	146	113	-11.377181
0	146	250	-14.946676
0	146	255	-17.391172
0	146	13	-20.010059
0	146	208	-21.095501
0	146	199	-21.361557
0	146	191	-22.042101
0	146	256	-22.046682
0	146	109	-22.204189
0	146	16	-22.263056
0	146	187	-22.603748
0	146	17	-23.207611
0	147	248	15.468174
0	147	257	13.891044
0	147	63	13.685166
0	147	251	13.256359
0	147	14	12.959506
0	147	252	12.853585
0	147	201	12.794934
0	147	258	12.102944
0	147	253	8.826252
0	147	200	8.524956
0	147	249	8.050812
0	147	11	7.409704
0	147	18	3.563950
0	147	254	2.917000
0	147	3	-1.778993
0	147	110	-2.840147
0	147	250	-10.360079
0	147	8	-10.592385
0	147	113	-11.733118
0	147	255	-13.773929
0	147	208	-19.086340
0	147	13	-19.229609
0	147	191	-19.339518
0	147	187	-19.639969
0	147	109	-20.198053
0	147	17	-21.249632
0	147	199	-21.298016
0	147	256	-21.420658
0	147	16	-21.483778
0	148	63	13.991695
0	148	251	13.655415
0	148	14	13.324764
0	148	258	12.485332
0	148	248	12.031736
0	148	201	11.918881
0	148	257	11.788570
0	148	252	11.099090
0	148	200	9.206413
0	148	253	6.047863
0	148	11	4.297320
0	148	18	1.482860
0	148	254	-2.173934
0	148	3	-2.560949
0	148	249	-3.317684
0	148	110	-3.870952
0	148	8	-9.793457
0	148	113	-10.648215
0	148	250	-11.361012
0	148	255	-17.636179
0	148	13	-20.339001
0	148	199	-20.912830
0	148	187	-22.175144
0	148	208	-22.302984
0	148	256	-22.312353
0	148	16	-22.334694
0	148	109	-22.343344
0	148	191	-22.857224
0	148	17	-23.190041
0	150	63	13.596266
0	150	251	13.015530
0	150	14	12.835508
0	150	258	12.160196
0	150	201	11.849385
0	150	248	9.007059
0	150	200	8.006207
0	150	257	7.099543
0	150	252	7.038561
0	150	253	2.851644
0	150	11	1.692057
0	150	18	-1.884869
0	150	3	-2.834785
0	150	254	-5.622963
0	150	110	-8.866980
0	150	8	-10.123390
0	150	249	-11.297230
0	150	113	-11.421326
0	150	250	-18.490528
0	150	13	-20.129948
0	150	255	-20.182171
0	150	199	-21.261362
0	150	256	-22.217991
0	150	16	-22.402149
0	150	109	-22.443520
0	150	17	-23.302200
0	150	208	-25.468872
0	150	191	-25.799538
0	150	187	-26.751780
0	177	63	13.628343
0	177	116	13.077299
0	177	267	13.051700
0	177	14	13.028090
0	177	30	12.594799
0	177	265	12.432779
0	177	183	12.405429
0	177	61	11.637930
0	177	264	10.730128
0	177	263	9.881433
0	177	270	9.696598
0	177	244	7.341087
0	177	266	6.295608
0	177	112	6.162130
0	177	11	4.218616
0	177	51	1.539022
0	177	18	0.894819
0	177	269	0.399585
0	177	119	0.039534
0	177	3	-3.592802
0	177	231	-4.784205
0	177	268	-6.802712
0	177	8	-10.311711
0	177	115	-10.426282
0	177	113	-11.519739
0	177	271	-12.493403
0	177	278	-16.522718
0	177	58	-17.487614
0	177	272	-18.231373
0	177	13	-18.342314
0	177	255	-20.060019
0	177	109	-20.705418
0	177	16	-20.733334
0	177	280	-21.440941
0	177	277	-21.622484
0	177	17	-21.715717
0	178	265	14.819734
0	178	63	13.944807
0	178	116	13.351468
0	178	267	13.316391
0	178	14	13.276644
0	178	183	12.814941
0	178	30	12.440589
0	178	270	11.831851
0	178	61	11.780102
0	178	264	10.643894
0	178	266	9.465800
0	178	263	6.675241
0	178	244	6.592104
0	178	119	5.987008
0	178	112	5.753537
0	178	11	5.241528
0	178	18	3.000652
0	178	51	1.728405
0	178	269	0.861470
0	178	3	-3.154776
0	178	231	-4.635849
0	178	115	-5.545879
0	178	268	-8.535415
0	178	8	-10.385463
0	178	113	-11.258821
0	178	271	-13.961499
0	178	278	-16.393730
0	178	255	-17.361025
0	178	58	-17.805391
0	178	272	-18.060114
0	178	13	-19.921515
0	178	109	-22.238159
0	178	16	-22.275419
0	178	280	-22.991947
0	178	17	-23.075712
0	178	277	-23.155008
0	179	265	16.279316
0	179	63	13.626098
0	179	116	12.978743
0	179	14	12.961371
0	179	267	12.958014
0	179	183	12.579120
0	179	270	12.541132
0	179	30	12.039645
0	179	61	11.586290
0	179	264	10.637765
0	179	266	10.550156
0	179	119	9.220917
0	179	11	7.245309
0	179	244	6.687933
0	179	112	6.316405
0	179	263	5.182952
0	179	18	3.507571
0	179	51	1.431026
0	179	269	-0.876239
0	179	115	-2.621069
0	179	3	-2.739354
0	179	231	-5.092583
0	179	268	-8.487939
0	179	8	-10.789314
0	179	113	-11.785304
0	179	271	-13.312679
0	179	255	-16.477787
0	179	278	-16.830915
0	179	58	-18.216896
0	179	272	-18.617723
0	179	13	-19.776653
0	179	109	-21.895790
0	179	16	-21.928179
0	179	280	-22.636665
0	179	277	-22.756817
0	179	17	-22.760794
0	180	63	13.898758
0	180	14	13.241728
0	180	267	13.239509
0	180	116	13.094680
0	180	265	13.091039
0	180	183	12.287889
0	180	30	12.242717
0	180	266	11.433218
0	180	270	11.271589
0	180	61	11.238216
0	180	264	10.795815
0	180	263	7.131523
0	180	112	6.401336
0	180	244	6.311878
0	180	11	5.384052
0	180	119	4.518188
0	180	51	1.612782
0	180	18	0.832833
0	180	269	-0.173435
0	180	3	-2.292861
0	180	231	-4.473748
0	180	268	-6.902286
0	180	115	-7.025634
0	180	8	-10.117962
0	180	113	-11.158213
0	180	271	-12.858633
0	180	278	-16.393116
0	180	58	-17.700056
0	180	272	-18.088945
0	180	13	-18.575611
0	180	255	-18.935226
0	180	109	-20.819468
0	180	16	-20.962765
0	180	280	-21.543087
0	180	17	-21.587278
0	180	277	-21.785517
0	181	63	13.924710
0	181	267	13.329093
0	181	14	13.194607
0	181	270	13.139002
0	181	116	13.045599
0	181	30	12.559494
0	181	183	12.418135
0	181	61	11.697744
0	181	265	11.285714
0	181	266	10.521836
0	181	264	10.345631
0	181	263	9.908552
0	181	244	7.154115
0	181	112	6.547976
0	181	11	2.837090
0	181	51	1.918305
0	181	119	1.334278
0	181	18	0.271119
0	181	269	-1.269640
0	181	3	-2.381091
0	181	231	-4.307862
0	181	268	-6.482709
0	181	115	-8.823726
0	181	8	-10.177843
0	181	113	-11.028544
0	181	271	-14.099288
0	181	58	-16.544891
0	181	278	-16.658009
0	181	272	-17.900454
0	181	255	-19.716557
0	181	13	-20.012009
0	181	109	-22.112501
0	181	16	-22.143202
0	181	280	-22.761156
0	181	17	-22.998619
0	181	277	-23.077917
0	182	63	13.851648
0	182	14	13.150158
0	182	116	13.039742
0	182	267	13.005731
0	182	265	12.611246
0	182	183	12.425309
0	182	270	12.409494
0	182	30	12.000119
0	182	266	11.520280
0	182	61	11.401656
0	182	264	7.827150
0	182	263	5.771456
0	182	244	4.371446
0	182	112	4.304993
0	182	11	4.049050
0	182	51	1.147267
0	182	119	0.565946
0	182	18	-0.419586
0	182	269	-1.251455
0	182	3	-2.591594
0	182	231	-5.280304
0	182	115	-6.029295
0	182	268	-7.520863
0	182	8	-10.010872
0	182	113	-11.255025
0	182	271	-12.189434
0	182	58	-16.780691
0	182	278	-17.247873
0	182	255	-18.253578
0	182	272	-18.336206
0	182	13	-19.250313
0	182	109	-20.985977
0	182	16	-21.342566
0	182	280	-22.027479
0	182	17	-22.045765
0	182	277	-22.165485
0	183	63	13.497819
0	183	267	13.179116
0	183	116	12.983714
0	183	14	12.951754
0	183	30	12.601527
0	183	183	12.420268
0	183	61	11.691850
0	183	264	10.850206
0	183	275	8.440894
0	183	270	7.902248
0	183	244	7.793286
0	183	276	7.330125
0	183	112	6.379489
0	183	273	4.692666
0	183	263	4.249256
0	183	288	3.016853
0	183	293	2.872143
0	183	51	1.444063
0	183	291	0.976634
0	183	18	-1.003492
0	183	283	-2.402842
0	183	3	-3.555165
0	183	287	-3.702870
0	183	119	-3.861478
0	183	292	-4.338587
0	183	231	-5.052675
0	183	282	-6.139216
0	183	274	-7.329360
0	183	285	-8.200563
0	183	268	-8.692572
0	183	113	-11.105344
0	183	115	-11.300297
0	183	279	-13.167134
0	183	271	-13.568228
0	183	294	-14.473031
0	183	295	-15.712473
0	183	284	-16.392401
0	183	278	-17.734203
0	183	290	-17.917650
0	183	58	-18.006323
0	183	286	-18.178068
0	183	281	-18.444845
0	183	272	-18.735392
0	183	280	-23.220774
0	183	289	-26.604244
0	184	270	15.798066
0	184	63	13.976928
0	184	267	13.454896
0	184	265	13.383822
0	184	116	13.371074
0	184	14	13.270134
0	184	183	13.099379
0	184	30	12.734106
0	184	266	12.424223
0	184	61	12.069885
0	184	264	10.388414
0	184	112	7.065606
0	184	244	6.332929
0	184	263	6.242862
0	184	11	5.101165
0	184	119	4.770169
0	184	18	2.459584
0	184	51	1.987064
0	184	269	0.426311
0	184	3	-1.939828
0	184	231	-4.299701
0	184	115	-5.772093
0	184	268	-7.561655
0	184	8	-9.338461
0	184	113	-11.174310
0	184	271	-12.035640
0	184	255	-15.796020
0	184	278	-16.585018
0	184	58	-16.792999
0	184	272	-18.431644
0	184	13	-19.223829
0	184	109	-21.261457
0	184	16	-21.305132
0	184	280	-21.916428
0	184	17	-22.136345
0	184	277	-22.168262
0	185	63	13.349046
0	185	116	12.784460
0	185	267	12.743819
0	185	14	12.679229
0	185	183	12.376610
0	185	30	11.909607
0	185	61	11.586755
0	185	264	10.601391
0	185	265	10.451214
0	185	112	7.504843
0	185	270	7.427872
0	185	244	6.018909
0	185	263	5.131165
0	185	266	4.437344
0	185	11	1.786424
0	185	51	1.124761
0	185	119	-0.386783
0	185	269	-1.803602
0	185	18	-2.179791
0	185	3	-2.320632
0	185	231	-6.071952
0	185	268	-10.076755
0	185	8	-10.710747
0	185	113	-11.735321
0	185	115	-12.057922
0	185	271	-15.118569
0	185	58	-17.627047
0	185	278	-17.667971
0	185	272	-18.539137
0	185	13	-20.731892
0	185	255	-21.295225
0	185	16	-22.888227
0	185	109	-23.196798
0	185	280	-23.754162
0	185	17	-23.795710
0	185	277	-24.131111
0	186	63	13.642428
0	186	14	12.929650
0	186	267	12.920360
0	186	183	12.714515
0	186	116	12.696465
0	186	265	12.162294
0	186	30	12.150686
0	186	266	11.832228
0	186	270	11.211181
0	186	61	10.655880
0	186	264	10.534544
0	186	112	7.279398
0	186	244	5.489445
0	186	119	4.628783
0	186	263	3.818071
0	186	11	3.564746
0	186	51	2.019193
0	186	18	1.954490
0	186	3	-1.424935
0	186	269	-2.434689
0	186	231	-5.185195
0	186	115	-8.351725
0	186	268	-8.516554
0	186	8	-10.805593
0	186	113	-11.368250
0	186	271	-13.465297
0	186	278	-17.495764
0	186	58	-17.694304
0	186	272	-18.104916
0	186	255	-20.065437
0	186	13	-20.346455
0	186	16	-22.365454
0	186	109	-22.381876
0	186	280	-23.171864
0	186	277	-23.320940
0	186	17	-23.326988
