0	1	1	68.961777
0	1	14	68.790390
0	1	2	68.529312
0	1	5	68.399170
0	1	15	67.971397
0	1	10	67.558701
0	1	11	65.871613
0	1	9	65.266113
0	1	3	61.681396
0	1	6	59.748032
0	1	18	51.201008
0	1	4	42.543648
0	1	0	36.222500
0	1	8	30.953465
0	1	13	29.071478
0	1	12	25.962351
0	1	19	23.178394
0	1	7	18.809593
0	1	17	17.410961
0	1	16	16.465351
0	2	1	68.880516
0	2	14	68.623940
0	2	2	68.483627
0	2	5	68.241203
0	2	15	67.875793
0	2	10	66.837189
0	2	11	66.370697
0	2	9	65.356087
0	2	3	61.911438
0	2	6	59.842026
0	2	18	52.600761
0	2	4	39.572815
0	2	0	34.181778
0	2	8	32.535282
0	2	13	29.311798
0	2	12	24.331467
0	2	19	22.049154
0	2	7	18.917747
0	2	17	17.981625
0	2	16	16.602924
0	3	1	69.034691
0	3	14	68.551956
0	3	5	68.347733
0	3	2	68.317520
0	3	15	67.899628
0	3	10	66.751724
0	3	11	66.300545
0	3	9	65.185608
0	3	3	61.360771
0	3	6	60.697739
0	3	18	53.730316
0	3	4	39.582909
0	3	0	35.682274
0	3	8	32.372437
0	3	13	29.283276
0	3	12	26.363678
0	3	19	23.028404
0	3	7	19.341692
0	3	17	17.610165
0	3	16	16.053608
0	14	27	71.321701
0	14	32	70.695602
0	14	26	70.694717
0	14	22	70.453789
0	14	43	70.112289
0	14	31	69.911491
0	14	42	69.835220
0	14	51	69.781540
0	14	21	69.705246
0	14	24	69.471909
0	14	46	69.403290
0	14	30	68.917534
0	14	52	68.735931
0	14	14	68.727440
0	14	28	68.592430
0	14	20	68.500557
0	14	48	68.287460
0	14	58	67.754089
0	14	53	67.713226
0	14	49	67.663162
0	14	39	67.633011
0	14	57	67.299591
0	14	54	67.297920
0	14	63	67.192108
0	14	11	66.782288
0	14	65	66.613586
0	14	36	66.482437
0	14	23	65.901978
0	14	40	65.713943
0	14	62	65.618088
0	14	37	65.166908
0	14	25	64.974274
0	14	38	64.496407
0	14	3	62.856453
0	14	70	62.830757
0	14	29	61.807549
0	14	73	57.736359
0	14	50	56.626015
0	14	33	56.022083
0	14	18	55.798965
0	14	76	55.314247
0	14	44	55.050636
0	14	77	55.043907
0	14	72	53.957825
0	14	45	52.566544
0	14	71	50.175789
0	14	41	48.995159
0	14	64	46.040421
0	14	69	44.364166
0	14	47	37.931931
0	14	55	36.065014
0	14	34	35.991982
0	14	78	35.130104
0	14	75	35.125755
0	14	56	34.372665
0	14	8	33.617569
0	14	74	29.664469
0	14	79	29.205570
0	14	66	28.093845
0	14	35	27.528950
0	14	61	24.805574
0	14	85	24.331348
0	14	16	17.392063
0	15	27	70.762634
0	15	26	70.306000
0	15	32	70.302841
0	15	22	69.966675
0	15	43	69.604103
0	15	31	69.434006
0	15	42	69.208817
0	15	51	69.171913
0	15	21	69.112411
0	15	46	68.964157
0	15	24	68.960709
0	15	30	68.324196
0	15	14	68.252190
0	15	52	68.029221
0	15	28	68.012276
0	15	20	67.993690
0	15	48	67.215012
0	15	58	67.107025
0	15	39	66.889206
0	15	53	66.774544
0	15	54	66.607384
0	15	49	66.388016
0	15	63	66.257996
0	15	57	66.250977
0	15	11	66.004456
0	15	65	65.946732
0	15	36	65.228821
0	15	23	64.854614
0	15	40	64.807739
0	15	62	64.520073
0	15	37	64.021729
0	15	25	63.953636
0	15	38	62.424305
0	15	70	61.919289
0	15	3	61.189247
0	15	29	61.081551
0	15	77	58.939842
0	15	73	56.097164
0	15	33	55.889938
0	15	50	55.681416
0	15	76	55.515820
0	15	44	53.628036
0	15	18	53.470329
0	15	72	53.457726
0	15	69	49.717461
0	15	45	48.802475
0	15	71	48.645504
0	15	41	47.561302
0	15	64	46.445110
0	15	47	37.151669
0	15	34	35.863686
0	15	56	34.942093
0	15	75	34.935707
0	15	55	34.810734
0	15	78	34.449928
0	15	8	32.798641
0	15	74	28.974583
0	15	79	28.706638
0	15	66	28.337399
0	15	35	26.280943
0	15	85	23.408022
0	15	61	22.968258
0	15	16	16.686398
0	16	27	71.277924
0	16	26	70.577477
0	16	22	70.446487
0	16	43	70.151474
0	16	31	69.960121
0	16	21	69.934273
0	16	32	69.884575
0	16	51	69.714447
0	16	42	69.634552
0	16	24	69.518005
0	16	52	69.322838
0	16	46	69.260025
0	16	54	68.963440
0	16	30	68.845741
0	16	14	68.820641
0	16	28	68.640915
0	16	20	68.484192
0	16	58	67.871635
0	16	39	67.870148
0	16	48	67.727493
0	16	53	67.372353
0	16	65	67.315071
0	16	49	67.155533
0	16	11	67.007568
0	16	63	66.550621
0	16	57	66.541962
0	16	40	66.054405
0	16	36	65.870865
0	16	23	65.793877
0	16	62	65.724823
0	16	56	65.695282
0	16	25	65.271172
0	16	37	65.152733
0	16	38	64.297470
0	16	70	63.329109
0	16	29	62.083607
0	16	3	61.982780
0	16	50	59.970001
0	16	45	59.082191
0	16	73	56.642265
0	16	76	55.457008
0	16	44	55.438263
0	16	18	54.647243
0	16	33	54.130127
0	16	77	54.115177
0	16	72	53.489479
0	16	41	49.299240
0	16	71	48.714645
0	16	64	46.101830
0	16	47	45.616104
0	16	69	44.003788
0	16	78	36.787575
0	16	34	36.324783
0	16	75	36.145737
0	16	55	36.070061
0	16	8	32.475075
0	16	74	29.782032
0	16	79	29.550251
0	16	66	28.147690
0	16	35	28.132322
0	16	85	24.649624
0	16	61	23.018127
0	16	16	17.267334
0	19	27	71.306320
0	19	32	70.613174
0	19	26	70.451843
0	19	22	70.061928
0	19	31	69.979721
0	19	43	69.917877
0	19	42	69.659363
0	19	21	69.653458
0	19	51	69.640457
0	19	24	69.436775
0	19	46	69.421310
0	19	30	68.794327
0	19	52	68.757904
0	19	14	68.745010
0	19	20	68.321083
0	19	28	68.277229
0	19	48	68.029892
0	19	54	67.960968
0	19	39	67.630905
0	19	58	67.590881
0	19	49	67.284897
0	19	53	67.093391
0	19	11	66.848297
0	19	65	66.667465
0	19	57	66.659073
0	19	63	66.386124
0	19	62	65.735565
0	19	23	65.488792
0	19	40	65.316704
0	19	36	65.160034
0	19	25	64.651703
0	19	37	64.376877
0	19	38	63.962017
0	19	70	62.587494
0	19	33	62.517960
0	19	3	62.456676
0	19	29	61.190224
0	19	50	61.065613
0	19	76	57.345802
0	19	77	56.869507
0	19	73	56.795082
0	19	44	55.803452
0	19	72	55.114311
0	19	45	52.916954
0	19	18	52.525200
0	19	41	48.156307
0	19	71	46.629955
0	19	64	46.104408
0	19	69	44.911140
0	19	47	43.256210
0	19	56	42.737892
0	19	34	36.685246
0	19	75	35.231361
0	19	78	35.153095
0	19	55	34.487404
0	19	8	32.509266
0	19	74	29.660969
0	19	79	29.294556
0	19	66	28.431763
0	19	35	26.429276
0	19	85	26.016233
0	19	61	23.125725
0	19	16	17.169785
0	22	27	71.030930
0	22	22	70.546333
0	22	26	70.422318
0	22	32	70.270782
0	22	31	69.983093
0	22	43	69.867538
0	22	21	69.866371
0	22	42	69.667755
0	22	24	69.543777
0	22	51	69.536217
0	22	46	69.250351
0	22	14	69.032074
0	22	52	68.974838
0	22	30	68.890633
0	22	20	68.733589
0	22	28	68.399719
0	22	58	68.282394
0	22	48	68.128860
0	22	54	67.740433
0	22	49	67.483047
0	22	39	67.279449
0	22	53	66.699982
0	22	57	66.673889
0	22	11	66.654839
0	22	65	66.512581
0	22	63	66.194572
0	22	62	65.674454
0	22	36	65.485626
0	22	40	64.956726
0	22	23	64.942551
0	22	37	64.376312
0	22	25	64.193504
0	22	38	63.289402
0	22	70	61.744900
0	22	33	61.711346
0	22	3	61.064041
0	22	50	60.321877
0	22	29	60.188622
0	22	77	60.111359
0	22	73	56.730171
0	22	76	56.578022
0	22	72	55.669342
0	22	44	54.785835
0	22	18	52.466614
0	22	69	49.624393
0	22	45	49.485153
0	22	41	46.906052
0	22	64	46.419449
0	22	71	45.611408
0	22	56	42.113792
0	22	47	41.681396
0	22	34	35.432457
0	22	75	35.381531
0	22	78	34.814171
0	22	55	34.442902
0	22	8	32.149925
0	22	74	30.781349
0	22	79	30.410398
0	22	66	28.289246
0	22	35	27.382683
0	22	85	25.327541
0	22	61	23.828150
0	22	16	17.255390
0	43	26	70.275360
0	43	86	69.797455
0	43	52	68.547066
0	43	95	68.351135
0	43	14	68.339569
0	43	90	68.335258
0	43	15	67.892616
0	43	91	67.867363
0	43	58	67.455360
0	43	93	66.487648
0	43	109	66.401878
0	43	89	66.228867
0	43	11	66.134499
0	43	103	66.114792
0	43	63	65.982346
0	43	98	65.616302
0	43	94	65.048630
0	43	88	64.713089
0	43	99	64.050522
0	43	106	63.661736
0	43	108	61.827728
0	43	3	61.601833
0	43	110	60.910164
0	43	107	60.550987
0	43	87	59.109062
0	43	92	57.780304
0	43	96	54.341232
0	43	97	54.229721
0	43	18	51.632118
0	43	100	49.175308
0	43	69	45.115200
0	43	8	32.770870
0	43	105	32.231178
0	43	13	29.361225
0	43	85	25.552879
0	43	61	22.115475
0	43	17	17.718513
0	44	26	70.699020
0	44	86	70.523499
0	44	90	68.926590
0	44	14	68.907410
0	44	95	68.868103
0	44	52	68.852455
0	44	91	68.746857
0	44	15	68.304306
0	44	107	68.156357
0	44	58	67.664558
0	44	93	67.260475
0	44	109	67.191666
0	44	11	66.981659
0	44	98	66.963387
0	44	63	66.949448
0	44	103	66.933357
0	44	89	66.509956
0	44	94	66.207367
0	44	88	65.945137
0	44	106	65.278992
0	44	99	64.594383
0	44	108	62.944702
0	44	110	61.910164
0	44	3	61.756332
0	44	87	61.003700
0	44	92	59.511379
0	44	69	57.711544
0	44	96	56.127441
0	44	18	54.860229
0	44	100	49.615273
0	44	97	42.051559
0	44	8	32.884827
0	44	13	30.100235
0	44	105	28.785805
0	44	85	23.866173
0	44	61	23.161911
0	44	17	18.599176
0	54	14	68.580956
0	54	11	67.383400
0	54	3	61.624855
0	54	18	51.212860
0	54	8	31.105553
0	54	13	30.093891
0	54	111	25.951527
0	54	7	20.273029
0	54	17	17.799244
0	54	16	16.892639
0	57	14	68.849945
0	57	11	65.547455
0	57	3	62.750675
0	57	18	53.062183
0	57	8	31.805984
0	57	13	29.612873
0	57	111	25.596216
0	57	7	18.410824
0	57	17	17.975088
0	57	16	16.815346
0	58	14	68.721848
0	58	11	66.515999
0	58	3	61.265202
0	58	18	51.756210
0	58	8	31.803564
0	58	13	29.505201
0	58	111	26.481215
0	58	7	19.685417
0	58	17	17.896116
0	58	16	16.357803
0	73	155	70.060852
0	73	158	69.863060
0	73	157	69.043854
0	73	132	68.760498
0	73	14	68.676811
0	73	168	68.325890
0	73	153	67.362389
0	73	159	67.104012
0	73	11	66.837494
0	73	137	66.769081
0	73	163	65.797234
0	73	154	65.316536
0	73	148	64.857079
0	73	161	64.755798
0	73	149	64.364502
0	73	150	63.963326
0	73	156	62.143467
0	73	169	60.736511
0	73	3	60.667992
0	73	152	60.645893
0	73	170	59.745979
0	73	162	55.323578
0	73	151	55.112663
0	73	18	52.227028
0	73	160	47.960342
0	73	147	36.671753
0	73	8	32.153286
0	73	13	30.819859
0	73	146	25.916168
0	73	145	25.838606
0	73	17	17.975327
0	73	16	17.615505
0	74	155	69.966499
0	74	158	69.900879
0	74	157	69.290649
0	74	14	68.794655
0	74	132	68.736038
0	74	168	68.623085
0	74	159	66.809700
0	74	153	66.768150
0	74	137	66.631355
0	74	11	66.591888
0	74	163	65.888176
0	74	148	65.055634
0	74	154	64.877945
0	74	161	64.833153
0	74	149	64.237312
0	74	150	63.940056
0	74	156	61.612385
0	74	152	60.727676
0	74	169	60.640457
0	74	3	60.090416
0	74	170	59.759975
0	74	151	55.250252
0	74	162	53.473701
0	74	18	51.851479
0	74	160	48.510796
0	74	147	36.148399
0	74	8	31.929632
0	74	13	29.784473
0	74	145	26.021645
0	74	146	25.299269
0	74	17	17.906116
0	74	16	16.482618
0	75	14	69.043427
0	75	132	68.738457
0	75	167	68.180794
0	75	11	66.922729
0	75	164	66.862106
0	75	166	66.458046
0	75	137	65.539925
0	75	171	65.265236
0	75	128	64.452431
0	75	165	62.682816
0	75	3	61.091038
0	75	18	52.512611
0	75	160	47.913452
0	75	147	36.446259
0	75	8	31.854176
0	75	13	30.678337
0	75	146	25.868675
0	75	145	25.464300
0	75	17	18.669567
0	75	16	17.469109
0	77	14	68.845810
0	77	132	68.239151
0	77	167	68.031509
0	77	164	66.687149
0	77	11	66.579338
0	77	137	66.136108
0	77	166	65.936699
0	77	171	64.627182
0	77	128	64.032227
0	77	165	62.450859
0	77	3	61.478741
0	77	18	52.287148
0	77	160	47.437675
0	77	147	36.013206
0	77	8	33.095158
0	77	13	30.283928
0	77	145	26.309624
0	77	146	25.119768
0	77	17	18.243242
0	77	16	17.134592
0	94	116	71.407059
0	94	190	70.030846
0	94	51	69.624588
0	94	200	69.513260
0	94	201	68.946930
0	94	14	68.856171
0	94	15	68.093513
0	94	109	67.134209
0	94	196	67.090286
0	94	206	67.032776
0	94	193	66.917580
0	94	63	65.926163
0	94	194	64.519791
0	94	99	64.495369
0	94	189	64.076965
0	94	210	61.907356
0	94	3	60.643948
0	94	188	58.481735
0	94	217	55.962181
0	94	122	55.087578
0	94	192	54.432732
0	94	113	54.010437
0	94	18	52.026455
0	94	202	49.337437
0	94	199	47.277248
0	94	126	47.056549
0	94	205	46.486122
0	94	203	45.541519
0	94	198	43.084373
0	94	209	41.903732
0	94	187	41.864838
0	94	195	39.437859
0	94	208	35.399937
0	94	8	31.759045
0	94	13	30.409912
0	94	207	29.713306
0	94	212	26.477455
0	94	191	22.360628
0	94	197	20.017099
0	94	17	18.565437
0	94	16	17.290546
0	94	204	16.372396
0	95	116	71.501434
0	95	190	69.971046
0	95	51	69.577408
0	95	200	69.404205
0	95	201	68.891159
0	95	14	68.704437
0	95	15	68.150787
0	95	109	67.223351
0	95	196	66.933014
0	95	206	66.334152
0	95	193	66.209305
0	95	63	65.342514
0	95	99	64.396729
0	95	194	63.926510
0	95	189	63.492317
0	95	3	61.246063
0	95	210	60.664856
0	95	188	58.987961
0	95	217	54.866974
0	95	122	54.683285
0	95	113	53.434814
0	95	192	53.194092
0	95	18	52.016216
0	95	202	48.275444
0	95	199	46.915535
0	95	126	46.074867
0	95	205	42.679623
0	95	203	42.329681
0	95	198	41.740120
0	95	209	40.488194
0	95	195	37.962963
0	95	187	37.729301
0	95	208	33.073853
0	95	8	30.912003
0	95	13	28.907448
0	95	207	28.531647
0	95	191	20.629175
0	95	212	19.137127
0	95	197	18.934055
0	95	17	17.324841
0	95	16	16.091478
0	95	204	15.005573
0	96	116	71.436172
0	96	190	70.055237
0	96	200	69.626053
0	96	51	69.607582
0	96	201	68.946739
0	96	14	68.933273
0	96	15	68.179604
0	96	109	67.358292
0	96	196	67.238335
0	96	206	66.794617
0	96	193	66.428780
0	96	63	66.114441
0	96	99	64.802963
0	96	194	64.185303
0	96	189	64.182335
0	96	210	63.032486
0	96	3	61.370964
0	96	188	58.715679
0	96	217	56.217739
0	96	192	55.747761
0	96	122	55.334454
0	96	205	54.576813
0	96	113	53.453743
0	96	18	52.684494
0	96	202	48.938061
0	96	199	48.538025
0	96	187	46.554237
0	96	203	45.495617
0	96	126	45.275414
0	96	198	43.108387
0	96	209	40.993420
0	96	195	37.717957
0	96	208	35.571838
0	96	8	31.309296
0	96	13	29.456417
0	96	207	27.831284
0	96	191	22.954771
0	96	197	20.634020
0	96	212	19.904652
0	96	17	18.394596
0	96	16	17.269463
0	96	204	16.605667
0	99	116	71.403618
0	99	211	70.403801
0	99	200	69.620514
0	99	190	69.604675
0	99	51	69.545898
0	99	201	69.111115
0	99	14	68.950378
0	99	15	68.125778
0	99	206	67.100739
0	99	196	67.082474
0	99	109	66.893929
0	99	193	66.518295
0	99	63	66.133102
0	99	99	64.903427
0	99	194	64.099518
0	99	189	63.305141
0	99	210	62.968414
0	99	3	61.643997
0	99	188	59.183006
0	99	192	55.975151
0	99	122	55.073952
0	99	217	54.960197
0	99	113	53.087700
0	99	18	52.177349
0	99	202	50.799980
0	99	205	48.366608
0	99	199	48.141083
0	99	126	44.612976
0	99	203	44.347755
0	99	198	43.802246
0	99	209	41.249870
0	99	195	39.030422
0	99	8	31.916973
0	99	13	30.252682
0	99	207	29.350960
0	99	191	21.968361
0	99	212	21.093262
0	99	197	19.672981
0	99	16	17.080067
0	99	204	15.864267
0	100	116	71.331375
0	100	211	70.866348
0	100	190	69.981895
0	100	51	69.743317
0	100	200	69.613251
0	100	201	68.956688
0	100	14	68.777382
0	100	15	67.977180
0	100	206	67.255676
0	100	196	66.955734
0	100	109	66.652016
0	100	193	66.533722
0	100	63	66.008629
0	100	99	64.787354
0	100	194	63.776997
0	100	189	63.098904
0	100	3	62.104511
0	100	210	61.449471
0	100	188	58.352993
0	100	217	55.992744
0	100	122	54.865524
0	100	113	54.800400
0	100	192	53.659451
0	100	205	52.527733
0	100	18	52.425274
0	100	202	47.866081
0	100	199	47.233101
0	100	203	44.251930
0	100	126	43.995468
0	100	198	43.128990
0	100	209	40.508537
0	100	195	37.011940
0	100	8	31.766716
0	100	13	28.865055
0	100	207	26.811197
0	100	191	21.709602
0	100	197	20.235603
0	100	212	19.830284
0	100	16	17.122873
0	100	204	15.767475
0	123	116	71.395508
0	123	244	70.212639
0	123	190	69.968872
0	123	51	69.614784
0	123	224	69.449547
0	123	229	69.102295
0	123	238	69.024017
0	123	201	68.973038
0	123	231	68.943039
0	123	14	68.937607
0	123	243	68.666420
0	123	232	68.295311
0	123	221	67.666031
0	123	196	67.377365
0	123	228	67.349373
0	123	233	67.228935
0	123	11	66.738724
0	123	230	66.662445
0	123	239	65.895821
0	123	235	65.817535
0	123	99	65.164871
0	123	242	65.155930
0	123	240	63.040989
0	123	96	62.453529
0	123	210	62.125908
0	123	3	62.048084
0	123	236	61.867329
0	123	188	58.436119
0	123	122	55.740562
0	123	217	55.172852
0	123	225	55.054646
0	123	241	52.777061
0	123	18	52.158062
0	123	223	48.434372
0	123	199	47.917480
0	123	198	43.787708
0	123	187	40.131210
0	123	208	36.629852
0	123	234	34.952705
0	123	222	34.471428
0	123	226	34.272182
0	123	8	31.901955
0	123	245	31.019524
0	123	246	30.910662
0	123	207	27.384071
0	123	227	24.356647
0	123	237	22.738880
0	123	191	22.129160
0	123	197	20.121037
0	123	247	17.917292
0	123	16	17.532902
0	124	116	71.117310
0	124	244	69.823227
0	124	190	69.547501
0	124	51	69.238220
0	124	224	69.211235
0	124	201	69.074722
0	124	238	68.908890
0	124	229	68.893631
0	124	231	68.638008
0	124	243	68.558083
0	124	232	68.539330
0	124	14	68.509453
0	124	233	67.144180
0	124	228	67.048492
0	124	196	66.896072
0	124	11	66.446564
0	124	230	65.857391
0	124	221	65.780266
0	124	99	65.571457
0	124	239	65.561661
0	124	235	65.242615
0	124	240	64.370621
0	124	242	64.010857
0	124	3	63.352623
0	124	236	61.264511
0	124	210	58.781681
0	124	241	57.529785
0	124	188	56.744583
0	124	217	56.724754
0	124	96	56.711372
0	124	122	55.850525
0	124	18	52.234180
0	124	199	51.903877
0	124	225	47.845100
0	124	198	47.498806
0	124	223	41.741142
0	124	226	38.140457
0	124	187	37.393547
0	124	222	37.360500
0	124	246	36.042099
0	124	234	34.827869
0	124	8	33.960590
0	124	208	33.066544
0	124	227	31.911491
0	124	207	31.681976
0	124	245	31.470312
0	124	237	24.260798
0	124	191	21.690659
0	124	197	20.465435
0	124	247	17.782724
0	124	16	17.032852
0	125	116	71.265472
0	125	244	70.306519
0	125	190	70.202423
0	125	51	69.527542
0	125	224	69.301529
0	125	238	69.128395
0	125	231	69.118927
0	125	229	69.086334
0	125	14	68.959541
0	125	201	68.917328
0	125	232	68.577103
0	125	243	68.553108
0	125	233	67.197174
0	125	196	67.191612
0	125	11	67.123177
0	125	228	67.014565
0	125	230	66.648399
0	125	235	66.024933
0	125	221	65.635132
0	125	239	65.101097
0	125	242	64.993660
0	125	240	64.644005
0	125	99	64.615417
0	125	236	63.891468
0	125	3	61.737591
0	125	210	59.990471
0	125	188	57.854366
0	125	217	56.200203
0	125	96	56.194401
0	125	122	55.827175
0	125	18	52.590858
0	125	199	52.547600
0	125	241	50.818214
0	125	225	46.386826
0	125	223	45.672180
0	125	198	45.442329
0	125	187	39.180508
0	125	222	39.009975
0	125	226	38.526489
0	125	246	37.235222
0	125	208	35.650169
0	125	234	34.337738
0	125	207	32.715126
0	125	227	32.575890
0	125	8	32.236092
0	125	245	31.009077
0	125	237	22.878284
0	125	191	22.026081
0	125	197	19.956198
0	125	247	17.644444
0	125	16	16.978962
0	126	116	71.459839
0	126	244	69.978745
0	126	190	69.694664
0	126	51	69.551826
0	126	224	69.482803
0	126	238	68.970734
0	126	201	68.954498
0	126	229	68.857422
0	126	14	68.729156
0	126	231	68.590454
0	126	243	68.428856
0	126	232	68.370316
0	126	233	67.093597
0	126	221	66.920425
0	126	196	66.852432
0	126	228	66.811615
0	126	11	66.231201
0	126	230	65.885948
0	126	235	65.363670
0	126	239	64.755600
0	126	99	64.739655
0	126	242	64.388741
0	126	236	62.818848
0	126	240	61.873032
0	126	3	60.956123
0	126	210	60.691742
0	126	188	57.441708
0	126	122	56.243835
0	126	217	55.550034
0	126	241	54.748383
0	126	96	54.146935
0	126	18	52.874725
0	126	199	51.592972
0	126	225	50.837337
0	126	198	44.012161
0	126	223	43.001740
0	126	187	42.069019
0	126	234	34.243813
0	126	208	33.481140
0	126	222	32.743053
0	126	8	31.604498
0	126	245	30.293850
0	126	207	29.591316
0	126	226	28.606628
0	126	246	24.813036
0	126	227	24.574734
0	126	237	22.729418
0	126	191	21.794014
0	126	197	20.099392
0	126	247	17.650829
0	126	16	16.904541
0	127	116	71.313087
0	127	244	70.051315
0	127	51	69.767365
0	127	190	69.552246
0	127	238	69.361961
0	127	224	69.319435
0	127	14	69.306236
0	127	229	69.008499
0	127	231	68.973244
0	127	201	68.878136
0	127	232	68.523262
0	127	243	68.246803
0	127	233	67.808746
0	127	11	67.247520
0	127	228	67.124207
0	127	196	67.108597
0	127	230	66.928864
0	127	235	66.328690
0	127	221	66.018257
0	127	242	65.810738
0	127	99	64.385124
0	127	240	63.823166
0	127	239	63.732643
0	127	210	62.876122
0	127	3	62.399979
0	127	236	60.649765
0	127	188	57.657181
0	127	96	56.150436
0	127	122	55.271538
0	127	217	53.507172
0	127	241	53.424629
0	127	18	53.339432
0	127	225	51.517563
0	127	223	47.241714
0	127	199	47.140236
0	127	198	43.868332
0	127	222	40.472977
0	127	187	39.716103
0	127	208	37.756088
0	127	234	36.313560
0	127	226	35.678947
0	127	246	34.291992
0	127	8	31.832825
0	127	245	31.338964
0	127	207	28.184914
0	127	227	24.973686
0	127	237	23.524502
0	127	191	22.218569
0	127	197	20.064877
0	127	247	17.750572
0	127	16	17.280926
0	144	251	70.086334
0	144	200	69.457916
0	144	14	68.917564
0	144	201	68.911110
0	144	109	67.465256
0	144	252	67.328285
0	144	258	67.234245
0	144	11	67.188751
0	144	253	66.801582
0	144	63	66.555138
0	144	257	65.867889
0	144	248	65.428558
0	144	254	64.261612
0	144	110	63.383629
0	144	3	60.763367
0	144	113	53.776031
0	144	18	53.612106
0	144	199	53.274406
0	144	187	44.691479
0	144	208	37.849819
0	144	8	36.368652
0	144	256	32.923695
0	144	13	30.811089
0	144	249	24.454411
0	144	250	23.414310
0	144	191	22.690296
0	144	17	18.279980
0	144	16	17.585119
0	144	255	15.570215
0	145	251	69.594574
0	145	200	69.052437
0	145	14	68.669922
0	145	201	68.596695
0	145	258	67.112625
0	145	109	66.680878
0	145	63	65.748825
0	145	252	65.646759
0	145	11	65.587250
0	145	253	64.885361
0	145	257	64.394028
0	145	248	64.008820
0	145	254	63.149605
0	145	3	61.552891
0	145	110	60.339119
0	145	113	52.812332
0	145	199	51.904243
0	145	18	51.407562
0	145	187	39.401470
0	145	208	33.635582
0	145	8	33.434540
0	145	256	32.202663
0	145	13	29.044910
0	145	249	22.257526
0	145	250	21.701492
0	145	191	21.020271
0	145	17	17.151287
0	145	16	16.420986
0	145	255	13.814931
0	146	251	70.114357
0	146	200	69.292778
0	146	201	68.799095
0	146	14	68.517441
0	146	11	67.257416
0	146	252	67.176796
0	146	109	66.950356
0	146	253	66.741501
0	146	258	66.494843
0	146	257	65.873077
0	146	248	65.623734
0	146	63	65.270302
0	146	254	64.611588
0	146	110	62.337280
0	146	3	61.414230
0	146	18	53.320770
0	146	113	51.769058
0	146	199	46.725506
0	146	187	44.053368
0	146	208	38.495308
0	146	256	33.155174
0	146	8	31.002813
0	146	13	29.784534
0	146	249	24.307064
0	146	250	23.898708
0	146	191	22.961002
0	146	17	17.981483
0	146	16	17.699835
0	146	255	15.586579
0	147	251	70.199913
0	147	200	69.686127
0	147	201	69.073669
0	147	14	68.790543
0	147	258	67.733376
0	147	11	67.538078
0	147	252	67.478111
0	147	109	67.459496
0	147	253	66.542427
0	147	63	66.465561
0	147	257	66.084076
0	147	248	65.753922
0	147	254	65.497162
0	147	110	62.936722
0	147	3	62.487560
0	147	18	54.475731
0	147	113	54.352867
0	147	199	51.265068
0	147	187	41.148941
0	147	208	37.030464
0	147	256	33.348137
0	147	8	31.715508
0	147	13	29.693089
0	147	249	24.721794
0	147	250	23.306320
0	147	191	22.803665
0	147	17	17.588970
0	147	16	17.388176
0	147	255	15.280201
0	148	251	70.081451
0	148	200	69.673042
0	148	201	69.017776
0	148	14	68.867767
0	148	109	67.065430
0	148	258	66.957771
0	148	252	66.827644
0	148	11	66.610657
0	148	253	66.283531
0	148	63	66.261421
0	148	257	64.999214
0	148	248	64.886803
0	148	3	64.365646
0	148	254	63.865555
0	148	110	61.769146
0	148	113	53.856453
0	148	18	52.470318
0	148	199	51.467213
0	148	187	40.346912
0	148	208	35.113190
0	148	256	32.658638
0	148	8	31.170712
0	148	13	29.939465
0	148	250	23.380463
0	148	249	23.347858
0	148	191	22.084339
0	148	17	17.631847
0	148	16	17.175186
0	148	255	14.567417
0	150	251	70.049217
0	150	200	69.519836
0	150	14	69.155800
0	150	201	68.895645
0	150	258	67.500603
0	150	109	67.231552
0	150	252	66.790436
0	150	11	66.761856
0	150	63	66.349213
0	150	253	66.167786
0	150	248	64.724228
0	150	257	64.658386
0	150	254	63.767815
0	150	110	61.501694
0	150	3	61.240891
0	150	113	53.438530
0	150	18	52.595062
0	150	199	50.873810
0	150	187	40.507359
0	150	208	37.807232
0	150	256	34.040600
0	150	8	32.334152
0	150	13	30.630039
0	150	250	23.709881
0	150	249	23.683052
0	150	191	22.243839
0	150	17	18.479000
0	150	16	17.716497
0	150	255	14.447144
0	177	116	71.138390
0	177	183	70.781891
0	177	264	70.551651
0	177	267	70.240540
0	177	244	70.058044
0	177	51	69.423302
0	177	269	69.091888
0	177	231	68.842865
0	177	14	68.641052
0	177	30	68.499329
0	177	263	68.080063
0	177	58	67.770103
0	177	265	67.517044
0	177	109	67.204666
0	177	11	66.640076
0	177	268	66.246376
0	177	63	65.926208
0	177	271	65.594406
0	177	270	64.182053
0	177	3	61.340134
0	177	266	59.709381
0	177	112	56.003403
0	177	113	52.676750
0	177	18	52.136444
0	177	119	37.680222
0	177	115	36.489147
0	177	272	35.678085
0	177	8	32.068291
0	177	278	31.621618
0	177	13	30.203667
0	177	61	22.323925
0	177	280	20.689417
0	177	277	19.557858
0	177	17	18.674892
0	177	16	17.172701
0	177	255	14.666446
0	178	116	71.170944
0	178	183	70.761436
0	178	264	70.337227
0	178	267	70.191223
0	178	244	70.044952
0	178	51	69.462570
0	178	231	68.809196
0	178	14	68.704727
0	178	30	68.584152
0	178	269	68.505585
0	178	58	67.607803
0	178	265	67.491463
0	178	263	67.457611
0	178	11	66.684509
0	178	109	66.664032
0	178	268	66.049461
0	178	63	65.709793
0	178	271	65.172119
0	178	270	63.509392
0	178	3	61.542831
0	178	266	59.045776
0	178	112	53.991722
0	178	113	53.365799
0	178	18	52.517391
0	178	119	37.087532
0	178	115	36.250443
0	178	272	34.681656
0	178	278	31.323200
0	178	8	30.796236
0	178	13	29.583193
0	178	61	22.072052
0	178	280	20.333904
0	178	277	20.021896
0	178	17	17.679867
0	178	16	16.941725
0	178	255	14.471169
0	179	116	71.420441
0	179	183	71.024811
0	179	264	70.807449
0	179	267	70.591248
0	179	244	70.164139
0	179	51	69.714600
0	179	231	69.143723
0	179	14	69.099609
0	179	30	69.009651
0	179	269	68.892357
0	179	263	68.034645
0	179	58	67.949402
0	179	265	67.503868
0	179	109	67.064484
0	179	11	66.751732
0	179	63	66.422852
0	179	268	66.015656
0	179	271	65.279190
0	179	270	63.778313
0	179	3	61.672913
0	179	266	59.354286
0	179	112	55.555199
0	179	18	52.410851
0	179	113	52.359398
0	179	119	37.730934
0	179	115	36.687965
0	179	272	34.886169
0	179	8	31.648739
0	179	278	31.595928
0	179	13	29.811504
0	179	61	22.289677
0	179	280	20.351067
0	179	277	20.263474
0	179	17	18.062984
0	179	16	17.230629
0	179	255	14.504478
0	180	116	71.294098
0	180	264	70.463310
0	180	183	70.359100
0	180	267	70.105515
0	180	244	70.080612
0	180	51	69.588562
0	180	231	68.764297
0	180	30	68.742607
0	180	14	68.711288
0	180	269	68.423500
0	180	263	67.884987
0	180	58	67.859558
0	180	265	67.683739
0	180	11	67.143364
0	180	109	66.894196
0	180	63	66.072464
0	180	268	65.703804
0	180	271	64.945480
0	180	270	64.410004
0	180	3	61.842472
0	180	266	59.908562
0	180	112	55.521862
0	180	113	52.918266
0	180	18	52.737778
0	180	119	37.791710
0	180	115	36.302521
0	180	272	33.592911
0	180	278	31.372021
0	180	8	30.996979
0	180	13	29.907818
0	180	61	21.861368
0	180	280	20.597324
0	180	277	20.178778
0	180	17	18.479418
0	180	16	17.309795
0	180	255	15.254974
0	181	116	71.435715
0	181	183	70.714493
0	181	264	70.707977
0	181	267	70.489594
0	181	244	70.254181
0	181	51	69.869720
0	181	231	69.091194
0	181	14	68.904533
0	181	30	68.839195
0	181	269	68.458237
0	181	58	68.177742
0	181	263	67.939201
0	181	265	66.930641
0	181	109	66.917038
0	181	63	66.611877
0	181	11	66.311142
0	181	268	65.717644
0	181	271	64.994995
0	181	270	63.932854
0	181	3	62.447517
0	181	266	59.153214
0	181	112	58.271061
0	181	113	53.876488
0	181	18	53.011269
0	181	119	38.483795
0	181	272	37.673058
0	181	115	35.193535
0	181	8	32.829124
0	181	278	32.578724
0	181	13	30.493828
0	181	61	24.381603
0	181	280	20.641129
0	181	277	19.398869
0	181	17	18.015068
0	181	16	17.206627
0	181	255	14.772175
0	182	116	71.331924
0	182	183	70.847244
0	182	264	70.387772
0	182	267	70.304871
0	182	244	69.868515
0	182	51	69.519157
0	182	269	68.958229
0	182	14	68.779961
0	182	231	68.595314
0	182	30	68.402962
0	182	263	67.895317
0	182	58	67.535683
0	182	265	67.135445
0	182	109	67.017151
0	182	11	66.746277
0	182	63	66.531281
0	182	268	66.248352
0	182	271	65.240372
0	182	270	64.010025
0	182	3	62.932762
0	182	266	59.320080
0	182	112	58.663933
0	182	18	56.124279
0	182	113	52.956291
0	182	119	38.081726
0	182	115	35.765068
0	182	272	35.191437
0	182	8	32.014439
0	182	278	30.310997
0	182	13	29.050474
0	182	61	22.427471
0	182	280	19.893991
0	182	277	19.384884
0	182	17	18.154564
0	182	16	16.947172
0	182	255	14.379214
0	183	116	71.036346
0	183	183	70.935966
0	183	267	70.674911
0	183	264	70.586761
0	183	244	70.042030
0	183	51	69.422966
0	183	231	68.881310
0	183	30	68.664230
0	183	14	68.617386
0	183	263	68.184898
0	183	275	68.164429
0	183	58	67.529099
0	183	292	66.334686
0	183	276	66.279671
0	183	268	66.260559
0	183	63	66.250694
0	183	274	66.129288
0	183	271	65.893028
0	183	294	65.818420
0	183	283	65.658440
0	183	288	65.640518
0	183	295	65.594887
0	183	287	65.539154
0	183	291	65.150436
0	183	273	64.576614
0	183	285	64.235397
0	183	290	64.138489
0	183	270	64.078163
0	183	293	63.806854
0	183	282	63.016953
0	183	279	62.221146
0	183	286	61.778435
0	183	3	61.071751
0	183	113	55.596840
0	183	112	55.051369
0	183	284	54.024590
0	183	18	52.129593
0	183	281	49.726448
0	183	119	37.196678
0	183	272	36.170700
0	183	115	35.667374
0	183	289	32.920563
0	183	278	31.610878
0	183	61	22.219185
0	183	280	20.432560
0	184	116	70.986206
0	184	183	70.735077
0	184	264	70.369949
0	184	267	70.101044
0	184	244	69.825127
0	184	51	69.286812
0	184	231	68.715950
0	184	269	68.523315
0	184	30	68.496834
0	184	14	68.348595
0	184	263	67.524719
0	184	265	67.299072
0	184	58	67.250511
0	184	109	66.608398
0	184	11	66.302261
0	184	63	66.253555
0	184	268	65.730255
0	184	271	64.964859
0	184	270	64.161804
0	184	3	61.248817
0	184	266	59.409698
0	184	112	56.796013
0	184	113	55.307304
0	184	18	53.621658
0	184	119	38.379326
0	184	272	36.627537
0	184	115	35.224453
0	184	8	32.307213
0	184	278	30.586342
0	184	13	28.720718
0	184	61	22.373301
0	184	280	19.401028
0	184	277	18.752052
0	184	17	17.889088
0	184	16	16.623575
0	184	255	14.767580
0	185	116	71.093842
0	185	183	70.746414
0	185	264	70.225967
0	185	267	70.096962
0	185	244	69.843117
0	185	51	69.379044
0	185	231	68.685211
0	185	14	68.482597
0	185	30	68.397888
0	185	269	68.233246
0	185	263	67.612808
0	185	58	67.563446
0	185	265	67.316925
0	185	11	66.728394
0	185	63	66.528053
0	185	109	66.454506
0	185	268	65.947029
0	185	271	65.020805
0	185	270	63.361958
0	185	3	61.879822
0	185	112	60.642445
0	185	266	59.411770
0	185	18	53.583298
0	185	113	52.532722
0	185	119	38.723778
0	185	115	36.453918
0	185	272	34.362373
0	185	278	31.608202
0	185	8	31.049126
0	185	13	30.066429
0	185	61	21.998320
0	185	280	20.501789
0	185	277	20.077026
0	185	17	18.301336
0	185	16	17.363737
0	185	255	14.642866
0	186	116	71.048538
0	186	183	70.727325
0	186	264	70.395981
0	186	267	70.362610
0	186	244	70.062119
0	186	51	69.893890
0	186	231	69.080154
0	186	14	68.796165
0	186	269	68.649094
0	186	30	68.631607
0	186	263	68.396637
0	186	58	67.950127
0	186	265	67.864983
0	186	109	67.443176
0	186	11	67.109634
0	186	63	67.017616
0	186	268	65.989639
0	186	271	65.014977
0	186	3	65.008392
0	186	270	63.555622
0	186	112	62.260773
0	186	266	60.755455
0	186	113	54.574234
0	186	18	53.188530
0	186	119	40.584095
0	186	272	38.894432
0	186	115	35.707024
0	186	278	33.282230
0	186	8	33.121323
0	186	13	30.457932
0	186	61	24.794781
0	186	280	20.804266
0	186	277	18.989906
0	186	17	18.410015
0	186	16	17.523937
0	186	255	15.326303
