0	1	1	4.191566
0	1	10	3.251943
0	1	8	3.174952
0	1	5	3.158899
0	1	18	2.529651
0	1	14	2.441214
0	1	15	2.111266
0	1	2	1.439032
0	1	6	1.367776
0	1	9	0.361469
0	1	3	0.043743
0	1	19	-0.579487
0	1	4	-2.521031
0	1	12	-4.118379
0	1	11	-4.998440
0	1	17	-6.951158
0	1	0	-7.248333
0	1	13	-7.419184
0	1	7	-8.536374
0	1	16	-10.072694
0	2	1	4.682111
0	2	5	3.687227
0	2	10	3.343580
0	2	8	3.159441
0	2	14	2.789843
0	2	15	2.630293
0	2	18	2.448888
0	2	2	2.230802
0	2	6	1.840160
0	2	3	0.727197
0	2	9	-0.400996
0	2	19	-1.856521
0	2	4	-2.929420
0	2	12	-3.955528
0	2	11	-5.194989
0	2	17	-7.062590
0	2	13	-7.563226
0	2	0	-7.919765
0	2	7	-8.616196
0	2	16	-9.804858
0	3	1	3.616362
0	3	10	2.856994
0	3	5	2.686758
0	3	14	2.397774
0	3	8	1.794325
0	3	18	1.724951
0	3	6	1.497722
0	3	15	1.307364
0	3	9	0.709480
0	3	2	-0.125726
0	3	19	-1.885212
0	3	4	-4.406107
0	3	3	-5.108814
0	3	12	-5.303062
0	3	11	-6.791637
0	3	0	-8.267631
0	3	17	-8.271409
0	3	13	-8.680739
0	3	7	-9.366909
0	3	16	-10.693984
0	14	21	4.550947
0	14	43	4.296793
0	14	51	4.255532
0	14	46	4.132459
0	14	56	4.036367
0	14	23	3.892043
0	14	30	3.780510
0	14	22	3.596128
0	14	25	3.228712
0	14	37	3.081941
0	14	45	2.657284
0	14	14	2.282642
0	14	8	2.259713
0	14	26	2.226182
0	14	29	2.203127
0	14	20	2.182412
0	14	61	2.180928
0	14	18	2.151839
0	14	31	2.076765
0	14	42	2.050555
0	14	32	2.018955
0	14	57	1.886024
0	14	48	1.334976
0	14	38	1.319359
0	14	65	0.944090
0	14	39	0.922353
0	14	3	0.655648
0	14	47	-1.178724
0	14	27	-1.206192
0	14	52	-1.381952
0	14	34	-1.389771
0	14	53	-1.712355
0	14	28	-1.761464
0	14	63	-1.821008
0	14	36	-3.227803
0	14	72	-3.501005
0	14	66	-4.064293
0	14	40	-4.107718
0	14	24	-4.666606
0	14	79	-5.190995
0	14	33	-5.309181
0	14	62	-5.425187
0	14	58	-5.430639
0	14	50	-5.468798
0	14	64	-5.516898
0	14	55	-5.567440
0	14	54	-5.666441
0	14	77	-5.814993
0	14	74	-6.268392
0	14	78	-6.375323
0	14	71	-6.525529
0	14	11	-6.547230
0	14	41	-7.068577
0	14	73	-7.277956
0	14	85	-7.319763
0	14	69	-7.533175
0	14	44	-7.885273
0	14	70	-7.989990
0	14	76	-8.251484
0	14	49	-8.543398
0	14	35	-9.204277
0	14	75	-9.206763
0	14	16	-10.324415
0	15	51	4.274236
0	15	43	3.998790
0	15	56	3.873838
0	15	46	3.741961
0	15	21	3.618350
0	15	22	3.565045
0	15	8	3.559446
0	15	14	3.137444
0	15	45	3.047044
0	15	31	3.018555
0	15	57	2.941781
0	15	23	2.539983
0	15	42	2.459177
0	15	63	2.455732
0	15	30	2.408775
0	15	18	2.382886
0	15	25	2.148391
0	15	20	2.137778
0	15	61	2.118478
0	15	37	2.010438
0	15	32	1.706487
0	15	39	1.651452
0	15	26	1.607025
0	15	48	1.334639
0	15	29	1.183949
0	15	3	1.038503
0	15	27	0.890752
0	15	38	0.827897
0	15	47	0.045778
0	15	65	-0.064398
0	15	66	-0.577113
0	15	34	-0.783315
0	15	36	-0.904673
0	15	28	-1.057876
0	15	52	-1.399089
0	15	53	-2.903823
0	15	62	-3.051765
0	15	40	-3.234261
0	15	72	-3.433155
0	15	50	-3.517862
0	15	54	-3.785286
0	15	55	-3.793476
0	15	58	-4.018960
0	15	64	-4.048229
0	15	79	-4.263871
0	15	24	-4.415268
0	15	74	-4.686650
0	15	78	-4.767875
0	15	77	-4.909183
0	15	33	-5.153120
0	15	11	-6.119805
0	15	41	-6.267212
0	15	71	-6.282281
0	15	69	-6.319145
0	15	85	-6.440998
0	15	73	-6.782238
0	15	70	-7.739211
0	15	44	-7.859741
0	15	76	-8.099442
0	15	49	-8.351539
0	15	75	-8.679572
0	15	35	-9.068374
0	15	16	-10.415552
0	16	51	4.669194
0	16	43	4.481912
0	16	21	4.151296
0	16	22	4.112454
0	16	46	3.573630
0	16	26	3.546701
0	16	31	3.512885
0	16	32	3.450041
0	16	56	3.437926
0	16	52	3.116706
0	16	8	2.913929
0	16	23	2.909410
0	16	45	2.824241
0	16	61	2.713994
0	16	57	2.713831
0	16	20	2.494925
0	16	37	2.397669
0	16	14	2.288142
0	16	48	2.025856
0	16	25	1.946242
0	16	63	1.918102
0	16	3	1.867271
0	16	42	1.747808
0	16	30	1.648288
0	16	29	0.917625
0	16	27	0.847464
0	16	18	0.769337
0	16	38	0.252384
0	16	58	0.244303
0	16	39	0.211723
0	16	53	0.158131
0	16	47	0.104251
0	16	65	0.049227
0	16	28	-0.809052
0	16	54	-1.173555
0	16	36	-1.318351
0	16	50	-1.879228
0	16	34	-2.388314
0	16	62	-2.676265
0	16	72	-3.062099
0	16	66	-3.272473
0	16	40	-4.245535
0	16	24	-4.392143
0	16	11	-5.514690
0	16	79	-5.564649
0	16	64	-5.598662
0	16	78	-5.812385
0	16	71	-5.812719
0	16	74	-6.651824
0	16	33	-6.749510
0	16	85	-6.984774
0	16	69	-7.265270
0	16	41	-7.349842
0	16	73	-7.412938
0	16	77	-7.579312
0	16	70	-7.635061
0	16	44	-7.659195
0	16	55	-7.694133
0	16	49	-7.777997
0	16	76	-8.425017
0	16	35	-8.703036
0	16	75	-9.633330
0	16	16	-10.396150
0	19	56	5.001570
0	19	46	4.849678
0	19	51	4.629944
0	19	43	4.572986
0	19	21	4.511261
0	19	22	4.120944
0	19	30	3.838189
0	19	23	3.757643
0	19	25	3.332712
0	19	42	3.322602
0	19	32	3.137688
0	19	26	3.055320
0	19	31	2.860717
0	19	57	2.835875
0	19	37	2.835151
0	19	8	2.735196
0	19	20	2.621147
0	19	61	2.148430
0	19	29	2.056136
0	19	45	2.011086
0	19	65	1.643045
0	19	3	1.472078
0	19	38	1.417316
0	19	48	1.337495
0	19	52	0.524732
0	19	18	0.412961
0	19	14	0.252866
0	19	39	0.218475
0	19	47	-0.534154
0	19	27	-0.695472
0	19	63	-0.887814
0	19	53	-2.521166
0	19	36	-3.116491
0	19	34	-3.924491
0	19	28	-4.105485
0	19	66	-4.461758
0	19	50	-5.008443
0	19	54	-5.084147
0	19	40	-5.254975
0	19	58	-5.362071
0	19	24	-5.367148
0	19	33	-5.581903
0	19	72	-5.654214
0	19	62	-5.781571
0	19	64	-6.021237
0	19	79	-6.431285
0	19	77	-6.519169
0	19	78	-6.600735
0	19	55	-6.607423
0	19	71	-6.979683
0	19	85	-7.371364
0	19	41	-7.525797
0	19	74	-7.598429
0	19	11	-7.695557
0	19	69	-7.762220
0	19	70	-8.354649
0	19	44	-8.749348
0	19	76	-8.817513
0	19	73	-8.932822
0	19	49	-9.316958
0	19	75	-9.696931
0	19	35	-10.302865
0	19	16	-11.075779
0	22	43	4.064487
0	22	51	4.004684
0	22	46	3.933159
0	22	56	3.891475
0	22	21	3.532079
0	22	23	3.198489
0	22	22	3.038054
0	22	8	2.694216
0	22	32	2.506848
0	22	26	2.399015
0	22	20	2.387392
0	22	42	2.276668
0	22	30	2.150732
0	22	14	2.029434
0	22	31	1.960614
0	22	57	1.949871
0	22	25	1.791495
0	22	45	1.681002
0	22	18	1.654979
0	22	37	1.506543
0	22	29	1.328596
0	22	61	0.921985
0	22	52	0.640876
0	22	39	0.456516
0	22	48	0.358444
0	22	47	-0.278278
0	22	63	-0.352191
0	22	38	-0.509707
0	22	34	-1.270644
0	22	3	-1.323563
0	22	58	-1.353128
0	22	28	-1.401025
0	22	27	-1.634623
0	22	53	-1.981878
0	22	36	-2.744359
0	22	24	-2.885649
0	22	54	-3.050567
0	22	40	-3.102343
0	22	66	-3.152111
0	22	65	-3.249320
0	22	50	-3.423232
0	22	62	-3.565371
0	22	78	-3.724138
0	22	64	-4.239537
0	22	77	-4.698439
0	22	55	-4.956074
0	22	11	-5.021420
0	22	41	-5.166132
0	22	33	-5.187455
0	22	72	-5.435407
0	22	79	-5.521042
0	22	69	-5.768927
0	22	71	-6.126256
0	22	74	-6.199858
0	22	70	-6.277612
0	22	73	-6.441926
0	22	85	-6.783134
0	22	35	-6.860496
0	22	76	-6.988103
0	22	44	-7.287146
0	22	49	-7.419449
0	22	75	-8.675548
0	22	16	-9.816900
0	43	99	4.681921
0	43	106	3.559190
0	43	8	3.457829
0	43	15	3.445342
0	43	86	3.212353
0	43	14	3.120945
0	43	91	3.049402
0	43	94	2.815324
0	43	90	2.648743
0	43	61	2.544521
0	43	95	2.526075
0	43	89	2.437297
0	43	26	2.247348
0	43	18	1.817793
0	43	63	0.979303
0	43	105	0.737423
0	43	52	0.734602
0	43	3	0.537957
0	43	96	0.026884
0	43	108	0.003691
0	43	103	-0.318501
0	43	107	-0.573398
0	43	93	-1.340930
0	43	100	-1.835376
0	43	98	-2.264566
0	43	87	-3.488134
0	43	88	-3.526929
0	43	58	-4.592709
0	43	110	-4.781496
0	43	69	-5.032161
0	43	11	-5.559806
0	43	97	-5.857744
0	43	85	-6.114035
0	43	92	-6.474567
0	43	17	-7.349084
0	43	13	-7.813671
0	43	109	-7.878289
0	44	99	4.419903
0	44	106	3.812855
0	44	15	3.439651
0	44	95	3.340516
0	44	86	3.064434
0	44	8	3.022473
0	44	91	2.800438
0	44	94	2.710582
0	44	26	2.612515
0	44	14	2.333515
0	44	52	1.896420
0	44	61	1.849076
0	44	18	1.678405
0	44	90	1.075173
0	44	105	0.743349
0	44	89	0.426726
0	44	103	0.257716
0	44	96	-0.155100
0	44	3	-0.197769
0	44	63	-0.319522
0	44	107	-0.397772
0	44	93	-0.449293
0	44	108	-1.071588
0	44	87	-2.931762
0	44	58	-3.355161
0	44	88	-3.628518
0	44	100	-4.078459
0	44	98	-4.641874
0	44	11	-5.486039
0	44	97	-6.193648
0	44	92	-6.216908
0	44	110	-6.565449
0	44	85	-6.822541
0	44	69	-7.057456
0	44	17	-8.849462
0	44	109	-8.854988
0	44	13	-8.920170
0	54	14	3.332596
0	54	8	3.036998
0	54	18	2.062843
0	54	3	-2.842468
0	54	11	-6.078582
0	54	13	-8.252734
0	54	17	-8.388161
0	54	111	-8.665817
0	54	16	-10.397601
0	54	7	-10.793687
0	57	8	2.362275
0	57	18	1.116797
0	57	14	0.957613
0	57	3	-1.744482
0	57	11	-6.321503
0	57	17	-7.496420
0	57	13	-8.119572
0	57	111	-8.421366
0	57	7	-10.170292
0	57	16	-10.599432
0	58	8	2.567667
0	58	18	1.307666
0	58	14	0.420894
0	58	11	-5.635055
0	58	3	-5.957166
0	58	111	-7.796704
0	58	17	-7.920830
0	58	13	-8.119954
0	58	7	-9.164218
0	58	16	-10.754531
0	73	157	4.194078
0	73	158	4.128937
0	73	137	3.705468
0	73	8	2.799787
0	73	132	2.058165
0	73	154	1.954777
0	73	155	1.511611
0	73	150	1.403070
0	73	14	1.074120
0	73	18	0.952514
0	73	168	0.944935
0	73	161	0.867815
0	73	159	0.856258
0	73	163	0.420244
0	73	170	0.304267
0	73	148	-1.240915
0	73	151	-1.256729
0	73	153	-1.509024
0	73	3	-1.572968
0	73	169	-1.971759
0	73	152	-2.115005
0	73	160	-2.602176
0	73	149	-3.097914
0	73	156	-3.985809
0	73	147	-5.168057
0	73	145	-5.269303
0	73	11	-6.184379
0	73	146	-6.537520
0	73	162	-8.555527
0	73	13	-8.597461
0	73	17	-9.921298
0	73	16	-10.989021
0	74	158	4.551737
0	74	157	4.405025
0	74	137	4.297290
0	74	8	3.439885
0	74	155	2.526946
0	74	14	2.363071
0	74	154	1.613291
0	74	132	1.292762
0	74	161	1.112693
0	74	18	1.075316
0	74	150	0.840316
0	74	159	0.818542
0	74	170	0.701633
0	74	168	0.615394
0	74	163	0.318777
0	74	151	-1.186183
0	74	160	-1.550802
0	74	169	-1.733913
0	74	153	-1.931995
0	74	149	-2.635133
0	74	152	-2.801915
0	74	148	-3.235157
0	74	145	-4.133997
0	74	156	-4.378725
0	74	147	-5.676202
0	74	146	-6.096465
0	74	3	-6.160576
0	74	11	-6.521358
0	74	13	-8.472743
0	74	162	-8.654036
0	74	17	-9.777617
0	74	16	-10.927793
0	75	137	4.559172
0	75	8	3.100885
0	75	14	2.832329
0	75	132	2.517576
0	75	18	2.486839
0	75	167	2.390174
0	75	166	1.695302
0	75	165	1.079760
0	75	164	0.654484
0	75	171	0.639398
0	75	160	-1.685897
0	75	3	-1.814275
0	75	147	-3.726855
0	75	145	-4.597235
0	75	128	-5.203036
0	75	11	-5.301892
0	75	146	-7.156302
0	75	13	-8.907306
0	75	17	-9.668997
0	75	16	-11.183822
0	77	137	4.111299
0	77	8	3.943186
0	77	14	3.508627
0	77	18	2.569457
0	77	132	2.178193
0	77	167	1.458034
0	77	165	1.280540
0	77	166	1.037117
0	77	171	0.389000
0	77	164	0.063390
0	77	3	-0.054773
0	77	160	-0.262766
0	77	145	-1.216263
0	77	147	-1.445283
0	77	128	-3.676723
0	77	146	-4.378794
0	77	11	-4.754427
0	77	17	-6.874808
0	77	13	-7.230731
0	77	16	-10.005720
0	94	193	4.842559
0	94	201	4.696744
0	94	99	4.673847
0	94	51	4.280010
0	94	116	4.251209
0	94	200	3.840745
0	94	207	3.375886
0	94	15	3.149736
0	94	8	2.964535
0	94	194	2.515434
0	94	199	2.412994
0	94	113	2.225963
0	94	188	2.094454
0	94	14	1.581684
0	94	18	0.836046
0	94	63	-1.125058
0	94	192	-1.318854
0	94	190	-1.443422
0	94	206	-1.764634
0	94	210	-2.496396
0	94	189	-2.548280
0	94	205	-2.798896
0	94	197	-2.885824
0	94	195	-3.214108
0	94	122	-4.185747
0	94	209	-4.566331
0	94	187	-4.683857
0	94	198	-5.154075
0	94	126	-5.797949
0	94	212	-5.877626
0	94	196	-5.946191
0	94	202	-5.990896
0	94	3	-6.012321
0	94	203	-7.041183
0	94	217	-7.504190
0	94	204	-7.621956
0	94	208	-7.669907
0	94	191	-7.722936
0	94	13	-8.574518
0	94	17	-8.658868
0	94	109	-8.686004
0	94	16	-10.588282
0	95	201	4.279360
0	95	193	3.727154
0	95	99	3.616940
0	95	51	3.505005
0	95	207	3.107246
0	95	8	2.741699
0	95	199	2.676245
0	95	116	2.309652
0	95	200	2.228629
0	95	14	2.051947
0	95	15	1.685578
0	95	188	1.548072
0	95	18	1.452837
0	95	194	1.415325
0	95	113	0.876304
0	95	63	-0.281343
0	95	210	-1.181085
0	95	192	-1.788719
0	95	190	-2.180436
0	95	195	-2.317364
0	95	206	-2.381239
0	95	197	-2.462885
0	95	189	-2.978220
0	95	122	-3.337701
0	95	209	-3.381100
0	95	205	-3.660511
0	95	198	-3.729657
0	95	17	-4.111353
0	95	212	-5.125711
0	95	187	-5.210217
0	95	126	-5.595940
0	95	3	-5.711173
0	95	202	-5.834042
0	95	208	-6.102534
0	95	191	-6.165734
0	95	196	-6.214293
0	95	217	-6.382068
0	95	203	-6.798652
0	95	204	-7.091037
0	95	13	-7.365824
0	95	109	-7.634606
0	95	16	-9.813903
0	96	201	4.751072
0	96	193	4.365497
0	96	99	4.204704
0	96	51	3.986310
0	96	188	3.721965
0	96	8	3.546656
0	96	207	3.382810
0	96	200	3.287563
0	96	116	2.868505
0	96	15	2.720250
0	96	194	1.789300
0	96	113	1.465040
0	96	199	1.398432
0	96	14	1.149939
0	96	18	0.947816
0	96	3	0.284019
0	96	63	-0.516535
0	96	210	-1.235647
0	96	190	-1.450119
0	96	192	-1.668114
0	96	206	-2.327556
0	96	205	-2.828999
0	96	189	-3.096324
0	96	197	-3.680478
0	96	122	-3.865140
0	96	195	-4.528353
0	96	209	-5.827043
0	96	212	-5.977324
0	96	202	-6.785362
0	96	187	-6.812220
0	96	198	-6.845908
0	96	196	-7.237293
0	96	203	-7.640313
0	96	126	-7.695437
0	96	217	-8.237329
0	96	208	-8.249853
0	96	204	-8.381379
0	96	191	-8.692250
0	96	13	-8.808028
0	96	109	-9.071556
0	96	17	-9.925860
0	96	16	-11.025349
0	99	201	4.550665
0	99	99	4.319036
0	99	51	4.253798
0	99	193	4.107362
0	99	211	3.817989
0	99	8	3.584614
0	99	200	3.145177
0	99	15	3.065515
0	99	207	3.039619
0	99	116	2.719557
0	99	188	2.086400
0	99	14	2.059046
0	99	113	1.996311
0	99	3	1.097476
0	99	18	0.971701
0	99	190	0.185915
0	99	206	0.021413
0	99	63	-0.369644
0	99	194	-0.541670
0	99	199	-0.591053
0	99	192	-0.915412
0	99	210	-2.727971
0	99	189	-2.947130
0	99	195	-3.323683
0	99	197	-3.346194
0	99	122	-3.495549
0	99	205	-3.855808
0	99	209	-4.357159
0	99	212	-5.112566
0	99	196	-5.202458
0	99	202	-5.464446
0	99	126	-6.228280
0	99	198	-6.598796
0	99	203	-6.830218
0	99	191	-7.382024
0	99	217	-7.605925
0	99	204	-7.764083
0	99	13	-8.511610
0	99	109	-8.646821
0	99	16	-10.627889
0	100	51	4.758737
0	100	201	4.540257
0	100	99	4.527508
0	100	193	4.372363
0	100	207	3.408251
0	100	200	3.291707
0	100	211	3.071049
0	100	116	2.893751
0	100	15	2.752216
0	100	8	2.403646
0	100	188	2.128737
0	100	113	1.834435
0	100	194	1.800591
0	100	14	0.698937
0	100	3	0.617021
0	100	18	0.371063
0	100	190	0.242745
0	100	206	0.197797
0	100	192	0.047533
0	100	199	-0.321733
0	100	63	-1.328594
0	100	189	-3.464956
0	100	196	-4.448587
0	100	212	-4.595919
0	100	210	-4.841154
0	100	195	-5.258552
0	100	122	-5.387891
0	100	197	-5.647112
0	100	202	-5.770237
0	100	205	-5.853491
0	100	209	-6.550257
0	100	203	-7.073641
0	100	198	-7.223556
0	100	126	-7.353398
0	100	204	-8.497847
0	100	217	-8.872854
0	100	109	-8.895460
0	100	191	-9.306754
0	100	13	-9.469795
0	100	16	-11.530504
0	123	201	4.757821
0	123	229	4.494866
0	123	51	4.182617
0	123	228	4.069435
0	123	99	3.954623
0	123	221	3.738797
0	123	232	3.328436
0	123	8	3.172737
0	123	240	3.165155
0	123	207	3.158929
0	123	244	2.935730
0	123	235	2.911113
0	123	224	2.728153
0	123	238	2.630891
0	123	116	2.479817
0	123	188	2.076542
0	123	199	1.314429
0	123	18	0.975596
0	123	230	0.968801
0	123	14	0.845673
0	123	236	0.366674
0	123	3	0.329345
0	123	190	-0.151865
0	123	231	-0.165865
0	123	223	-0.454468
0	123	227	-0.641011
0	123	234	-0.734682
0	123	233	-0.928274
0	123	222	-2.084922
0	123	197	-2.409867
0	123	96	-3.135845
0	123	245	-3.570379
0	123	210	-3.802041
0	123	242	-4.340831
0	123	122	-4.890564
0	123	243	-4.941899
0	123	239	-5.338043
0	123	196	-5.746212
0	123	246	-5.774037
0	123	198	-6.099854
0	123	187	-6.311845
0	123	225	-6.624559
0	123	241	-6.777365
0	123	11	-7.407918
0	123	226	-7.587239
0	123	208	-8.130589
0	123	217	-8.336548
0	123	191	-9.281354
0	123	237	-9.861870
0	123	247	-10.131394
0	123	16	-11.121363
0	124	51	4.122119
0	124	229	4.016916
0	124	201	3.715456
0	124	99	3.709437
0	124	207	3.554448
0	124	221	3.458296
0	124	244	2.955058
0	124	228	2.882987
0	124	199	2.736968
0	124	224	2.685056
0	124	240	2.626132
0	124	188	2.597496
0	124	232	2.368635
0	124	235	2.131137
0	124	18	1.778451
0	124	8	1.696964
0	124	238	1.512836
0	124	14	1.480655
0	124	116	1.323916
0	124	227	0.620216
0	124	223	-0.124632
0	124	231	-0.207178
0	124	236	-1.141371
0	124	230	-1.359661
0	124	233	-1.767849
0	124	222	-1.972774
0	124	210	-2.662026
0	124	245	-2.766672
0	124	190	-2.808620
0	124	197	-3.421318
0	124	239	-3.733502
0	124	234	-3.887575
0	124	96	-4.001558
0	124	198	-4.550135
0	124	225	-4.761374
0	124	242	-4.826922
0	124	122	-5.590518
0	124	187	-5.857567
0	124	11	-6.010651
0	124	3	-6.057663
0	124	241	-6.247840
0	124	243	-6.592716
0	124	191	-6.793835
0	124	208	-6.880287
0	124	246	-6.999397
0	124	196	-7.539823
0	124	217	-7.909593
0	124	226	-8.385520
0	124	237	-8.867184
0	124	247	-9.451138
0	124	16	-10.429965
0	125	201	4.437075
0	125	207	4.431056
0	125	229	4.423986
0	125	51	4.095880
0	125	99	3.946416
0	125	116	3.927404
0	125	221	3.893505
0	125	224	3.859768
0	125	244	3.499510
0	125	228	3.291982
0	125	240	3.231702
0	125	232	3.206224
0	125	8	3.094053
0	125	14	2.245475
0	125	199	2.240825
0	125	238	2.016233
0	125	235	1.951320
0	125	188	1.873310
0	125	227	1.261859
0	125	236	1.244965
0	125	231	0.681707
0	125	18	0.680367
0	125	234	0.286523
0	125	230	0.155013
0	125	223	-0.102794
0	125	190	-0.744759
0	125	222	-0.963470
0	125	233	-1.162670
0	125	197	-2.157441
0	125	96	-2.353856
0	125	210	-2.659837
0	125	245	-2.714158
0	125	239	-4.011607
0	125	198	-4.650017
0	125	187	-4.739670
0	125	243	-5.007340
0	125	242	-5.344901
0	125	122	-5.469974
0	125	225	-5.600548
0	125	3	-5.657956
0	125	246	-5.968219
0	125	11	-6.474961
0	125	241	-6.616283
0	125	196	-7.032806
0	125	217	-7.929688
0	125	226	-8.346301
0	125	208	-8.428545
0	125	191	-8.837769
0	125	237	-9.548122
0	125	247	-9.828494
0	125	16	-11.312795
0	126	229	4.240208
0	126	99	4.090794
0	126	51	4.020552
0	126	201	3.977938
0	126	221	3.789676
0	126	244	3.666105
0	126	207	3.616790
0	126	116	3.553044
0	126	240	3.339454
0	126	224	3.225519
0	126	228	3.208150
0	126	232	2.826701
0	126	8	2.631365
0	126	14	2.622289
0	126	236	2.569381
0	126	235	2.394536
0	126	199	2.293506
0	126	188	2.139787
0	126	238	1.730902
0	126	18	1.497660
0	126	227	1.288563
0	126	231	1.154228
0	126	223	0.136948
0	126	222	-0.084156
0	126	233	-0.542645
0	126	190	-0.889979
0	126	230	-1.214855
0	126	245	-2.116373
0	126	234	-2.156467
0	126	96	-2.213917
0	126	239	-2.382180
0	126	3	-2.434104
0	126	210	-2.862867
0	126	197	-3.204135
0	126	241	-4.253078
0	126	122	-4.603265
0	126	242	-4.753354
0	126	243	-4.840671
0	126	187	-5.733354
0	126	198	-5.820946
0	126	225	-6.263997
0	126	246	-6.505295
0	126	196	-6.674747
0	126	11	-6.703387
0	126	208	-7.613076
0	126	191	-7.891957
0	126	217	-7.953287
0	126	226	-8.047072
0	126	237	-9.345477
0	126	247	-9.859149
0	126	16	-10.856318
0	127	201	4.407196
0	127	229	4.384880
0	127	99	4.368955
0	127	51	4.279068
0	127	207	4.138733
0	127	221	3.613175
0	127	228	3.582746
0	127	116	3.233842
0	127	244	3.178490
0	127	232	3.113982
0	127	240	3.085240
0	127	238	2.847618
0	127	224	2.616215
0	127	235	2.411872
0	127	8	1.950989
0	127	199	1.920487
0	127	188	1.732825
0	127	230	1.054925
0	127	14	0.603379
0	127	18	0.569935
0	127	236	0.089834
0	127	227	0.080157
0	127	231	-0.438898
0	127	190	-0.785235
0	127	3	-0.798496
0	127	233	-0.866859
0	127	223	-1.422571
0	127	222	-1.827818
0	127	234	-2.286615
0	127	197	-3.191577
0	127	96	-3.844561
0	127	245	-3.903169
0	127	242	-4.245914
0	127	210	-4.716963
0	127	122	-4.719009
0	127	239	-5.747177
0	127	187	-5.789734
0	127	11	-5.953212
0	127	243	-6.420571
0	127	225	-6.562540
0	127	241	-6.586238
0	127	198	-6.768793
0	127	246	-8.075047
0	127	217	-8.187635
0	127	196	-8.203224
0	127	208	-8.230086
0	127	226	-8.419982
0	127	191	-9.405093
0	127	237	-9.563336
0	127	247	-9.852422
0	127	16	-11.007885
0	144	201	4.651137
0	144	199	3.500032
0	144	200	3.457971
0	144	252	3.409694
0	144	253	3.157579
0	144	14	2.997467
0	144	258	2.941020
0	144	251	2.751154
0	144	8	2.723392
0	144	113	2.262475
0	144	248	2.231910
0	144	257	1.780069
0	144	18	1.779131
0	144	254	1.516725
0	144	63	-1.593834
0	144	187	-3.355417
0	144	110	-3.716133
0	144	3	-4.069347
0	144	11	-5.605301
0	144	256	-6.156556
0	144	191	-6.212782
0	144	250	-6.365776
0	144	208	-6.636930
0	144	249	-6.840993
0	144	255	-7.402820
0	144	13	-7.619285
0	144	17	-7.961884
0	144	109	-8.421051
0	144	16	-10.232113
0	145	201	4.496592
0	145	8	2.860509
0	145	258	2.810493
0	145	200	2.709463
0	145	199	2.661172
0	145	252	2.638180
0	145	14	2.304316
0	145	251	2.244889
0	145	253	2.143690
0	145	18	1.859174
0	145	113	1.398881
0	145	254	1.367565
0	145	248	1.200886
0	145	3	0.735463
0	145	257	0.400268
0	145	63	0.154253
0	145	187	-3.230053
0	145	256	-4.519060
0	145	11	-4.863873
0	145	208	-5.158518
0	145	110	-5.450848
0	145	250	-6.522663
0	145	17	-6.568200
0	145	13	-6.684857
0	145	191	-6.798651
0	145	109	-7.414066
0	145	255	-7.681463
0	145	249	-7.850881
0	145	16	-9.823031
0	146	201	4.083696
0	146	200	2.747505
0	146	251	2.370511
0	146	252	2.254119
0	146	8	2.225833
0	146	258	2.122808
0	146	18	1.808023
0	146	199	1.497530
0	146	248	1.344197
0	146	113	1.214892
0	146	253	1.156886
0	146	257	1.080138
0	146	14	0.424372
0	146	254	0.338123
0	146	3	0.115392
0	146	63	-0.433877
0	146	187	-4.820309
0	146	11	-5.691102
0	146	110	-5.878350
0	146	250	-7.240681
0	146	109	-7.291765
0	146	256	-7.345232
0	146	255	-7.688422
0	146	249	-7.722382
0	146	208	-7.856287
0	146	191	-7.887705
0	146	13	-8.369894
0	146	17	-9.371232
0	146	16	-10.996423
0	147	201	4.457310
0	147	252	3.583243
0	147	199	3.271406
0	147	200	3.133745
0	147	253	3.118828
0	147	258	2.998769
0	147	8	2.935592
0	147	254	2.875903
0	147	251	2.704266
0	147	248	2.506944
0	147	18	1.819818
0	147	257	1.558943
0	147	113	1.031856
0	147	14	0.287737
0	147	3	0.086476
0	147	63	-0.880757
0	147	11	-5.475722
0	147	187	-5.870431
0	147	110	-6.526793
0	147	256	-6.559327
0	147	250	-6.889635
0	147	191	-7.010760
0	147	208	-7.201684
0	147	17	-7.708210
0	147	255	-8.047113
0	147	249	-8.095508
0	147	109	-8.116716
0	147	13	-8.445272
0	147	16	-10.419165
0	148	201	4.303239
0	148	200	3.254496
0	148	252	2.873363
0	148	199	2.787697
0	148	8	2.342696
0	148	258	2.161819
0	148	251	2.141810
0	148	253	1.949793
0	148	113	1.917189
0	148	248	1.604105
0	148	254	1.462276
0	148	18	1.449049
0	148	257	0.634995
0	148	14	-0.036292
0	148	63	-1.161278
0	148	3	-2.464762
0	148	187	-6.186026
0	148	191	-6.945585
0	148	256	-7.163337
0	148	11	-7.269627
0	148	110	-7.289988
0	148	208	-7.300010
0	148	255	-8.311533
0	148	13	-8.736907
0	148	250	-8.909841
0	148	249	-8.929973
0	148	109	-9.121558
0	148	17	-9.244333
0	148	16	-10.908638
0	150	201	5.317870
0	150	251	4.128329
0	150	200	4.089337
0	150	8	3.800417
0	150	258	3.794411
0	150	199	3.783192
0	150	252	3.343191
0	150	253	3.224328
0	150	248	2.280396
0	150	113	2.254432
0	150	254	1.658755
0	150	14	1.550327
0	150	18	1.460468
0	150	257	1.411144
0	150	3	0.996620
0	150	63	0.605637
0	150	187	-4.018213
0	150	11	-5.661611
0	150	110	-6.308751
0	150	250	-6.602076
0	150	208	-6.750163
0	150	256	-7.767936
0	150	249	-7.948305
0	150	191	-8.457601
0	150	13	-8.458044
0	150	255	-8.474719
0	150	109	-8.631254
0	150	17	-8.966363
0	150	16	-11.092002
0	177	183	4.984437
0	177	51	4.455055
0	177	267	4.404675
0	177	263	4.328748
0	177	116	4.239964
0	177	270	4.039046
0	177	244	3.928729
0	177	30	3.484970
0	177	264	3.377052
0	177	265	3.310994
0	177	8	3.268695
0	177	14	2.594288
0	177	113	2.271785
0	177	266	2.104094
0	177	61	1.576579
0	177	18	1.388492
0	177	268	0.630975
0	177	231	0.451126
0	177	63	0.084862
0	177	269	-0.365972
0	177	278	-1.441447
0	177	112	-1.881088
0	177	119	-2.181614
0	177	271	-3.237974
0	177	272	-4.779661
0	177	58	-5.353647
0	177	3	-5.950281
0	177	11	-5.985393
0	177	277	-6.050835
0	177	115	-6.348666
0	177	280	-6.824867
0	177	13	-7.653309
0	177	255	-7.664207
0	177	109	-7.860036
0	177	17	-8.617093
0	177	16	-10.218763
0	178	183	4.718622
0	178	51	4.230156
0	178	267	4.202595
0	178	265	3.946520
0	178	263	3.903597
0	178	116	3.645055
0	178	8	3.605321
0	178	270	3.578661
0	178	244	3.569281
0	178	264	3.172897
0	178	18	3.115306
0	178	14	2.986210
0	178	113	2.266329
0	178	266	1.677634
0	178	112	1.550236
0	178	3	1.292213
0	178	30	1.160020
0	178	63	1.072986
0	178	61	0.937015
0	178	231	0.834054
0	178	268	0.109964
0	178	119	-0.135736
0	178	278	-0.398919
0	178	269	-0.683001
0	178	271	-3.367945
0	178	272	-3.440863
0	178	58	-3.624871
0	178	115	-4.708308
0	178	11	-4.942626
0	178	277	-5.446868
0	178	280	-6.154984
0	178	17	-6.454675
0	178	255	-6.933294
0	178	13	-7.604920
0	178	109	-7.654817
0	178	16	-10.261556
0	179	183	4.593190
0	179	267	4.138718
0	179	51	3.787178
0	179	116	3.633416
0	179	8	3.164703
0	179	265	3.132750
0	179	270	3.065327
0	179	244	2.883114
0	179	263	2.346277
0	179	264	2.249920
0	179	266	1.286410
0	179	113	1.013918
0	179	18	0.619830
0	179	14	0.477418
0	179	3	0.368669
0	179	112	0.306077
0	179	231	-0.000284
0	179	30	-0.317088
0	179	63	-0.764110
0	179	61	-1.183714
0	179	268	-2.857514
0	179	269	-3.521918
0	179	278	-4.037115
0	179	119	-4.832538
0	179	58	-5.066498
0	179	271	-6.217718
0	179	272	-6.518709
0	179	11	-6.605575
0	179	280	-7.512306
0	179	277	-7.601433
0	179	115	-7.807518
0	179	13	-8.951569
0	179	109	-8.977476
0	179	255	-9.038495
0	179	17	-10.459705
0	179	16	-11.212309
0	180	183	4.775515
0	180	267	3.706876
0	180	51	3.705936
0	180	116	3.687509
0	180	8	3.515679
0	180	244	3.119377
0	180	265	3.027411
0	180	270	2.917195
0	180	263	2.759252
0	180	264	2.442873
0	180	14	2.056865
0	180	18	1.732799
0	180	113	1.720432
0	180	30	1.639108
0	180	266	0.837013
0	180	112	0.530025
0	180	268	0.081421
0	180	231	0.037253
0	180	3	-0.010530
0	180	63	-0.138027
0	180	61	-0.223933
0	180	269	-0.406424
0	180	119	-1.611589
0	180	278	-2.371014
0	180	271	-4.240460
0	180	58	-4.269335
0	180	272	-4.411167
0	180	277	-4.965381
0	180	11	-5.543918
0	180	115	-5.759201
0	180	280	-6.412634
0	180	255	-7.579209
0	180	109	-7.768047
0	180	13	-7.861285
0	180	17	-8.001567
0	180	16	-10.675511
0	181	183	4.880700
0	181	267	4.350535
0	181	51	4.191442
0	181	263	4.116696
0	181	30	3.657963
0	181	265	3.535174
0	181	116	3.488286
0	181	244	3.396576
0	181	270	2.966173
0	181	264	2.647026
0	181	113	2.477104
0	181	8	2.169866
0	181	61	0.948365
0	181	18	0.904433
0	181	266	0.764606
0	181	14	0.403674
0	181	269	-0.922589
0	181	231	-1.082551
0	181	268	-1.707232
0	181	63	-1.951584
0	181	112	-2.602309
0	181	278	-3.299611
0	181	119	-3.490163
0	181	271	-5.128373
0	181	58	-5.650297
0	181	3	-6.188189
0	181	11	-6.747246
0	181	272	-7.146071
0	181	280	-7.691117
0	181	277	-7.919578
0	181	115	-8.245805
0	181	255	-8.798488
0	181	13	-9.036820
0	181	109	-9.196720
0	181	17	-9.739071
0	181	16	-11.043330
0	182	183	4.226100
0	182	51	3.516713
0	182	263	3.346555
0	182	267	2.594567
0	182	244	2.347417
0	182	116	2.260344
0	182	113	1.945230
0	182	30	1.650781
0	182	14	1.586403
0	182	265	1.576235
0	182	270	1.510596
0	182	8	1.481687
0	182	264	1.410861
0	182	61	1.321962
0	182	18	1.104468
0	182	266	-1.165413
0	182	231	-1.459654
0	182	63	-1.663473
0	182	269	-2.095815
0	182	112	-2.292678
0	182	268	-2.402479
0	182	278	-3.035352
0	182	58	-3.390380
0	182	277	-4.387396
0	182	271	-4.487876
0	182	119	-4.619284
0	182	272	-4.691484
0	182	3	-5.799682
0	182	280	-5.909061
0	182	115	-5.983392
0	182	17	-6.385889
0	182	11	-6.505121
0	182	13	-7.959474
0	182	109	-7.978497
0	182	255	-8.923097
0	182	16	-10.066763
0	183	183	4.894214
0	183	267	4.734813
0	183	116	4.061130
0	183	51	4.004428
0	183	244	3.435727
0	183	263	3.379740
0	183	270	2.806797
0	183	264	2.804734
0	183	30	2.765175
0	183	113	2.339671
0	183	14	1.920753
0	183	275	1.737274
0	183	61	1.542882
0	183	231	0.436233
0	183	283	0.219668
0	183	18	0.071686
0	183	287	0.023568
0	183	276	-0.261966
0	183	294	-0.315413
0	183	291	-0.322898
0	183	278	-0.723931
0	183	273	-0.819957
0	183	293	-0.953975
0	183	63	-1.041762
0	183	268	-1.090134
0	183	288	-1.695748
0	183	289	-1.757453
0	183	274	-2.095923
0	183	282	-2.112987
0	183	290	-2.498364
0	183	112	-2.724559
0	183	286	-2.777172
0	183	292	-3.660819
0	183	284	-4.219630
0	183	271	-4.431269
0	183	58	-4.810670
0	183	295	-4.825164
0	183	279	-5.165357
0	183	119	-5.235721
0	183	272	-5.331977
0	183	281	-5.913350
0	183	285	-5.951900
0	183	3	-6.122406
0	183	115	-7.624876
0	183	280	-7.741278
0	184	183	4.704235
0	184	51	4.348032
0	184	263	4.317187
0	184	267	3.993450
0	184	244	3.413931
0	184	116	3.303368
0	184	8	3.226237
0	184	265	3.220503
0	184	270	2.947466
0	184	18	2.843914
0	184	264	2.841032
0	184	14	2.066231
0	184	61	2.027575
0	184	30	1.807331
0	184	231	1.460746
0	184	113	1.399376
0	184	3	0.993868
0	184	112	0.884995
0	184	266	0.820128
0	184	268	0.724774
0	184	278	0.234042
0	184	63	0.092841
0	184	119	-0.142102
0	184	269	-1.253277
0	184	271	-3.222626
0	184	272	-4.155001
0	184	58	-4.259475
0	184	115	-4.422440
0	184	11	-4.634949
0	184	277	-6.497024
0	184	255	-6.735787
0	184	280	-7.386472
0	184	17	-7.925242
0	184	13	-7.960629
0	184	109	-8.097034
0	184	16	-10.029536
0	185	183	4.777406
0	185	51	3.649113
0	185	8	3.545615
0	185	263	3.503697
0	185	267	3.482512
0	185	244	3.118411
0	185	116	3.032702
0	185	264	2.703217
0	185	265	2.568972
0	185	270	2.089750
0	185	113	2.065782
0	185	14	1.991275
0	185	30	1.272962
0	185	18	0.041259
0	185	231	-0.317514
0	185	266	-0.817400
0	185	3	-0.942439
0	185	269	-1.226610
0	185	61	-1.370654
0	185	278	-1.649351
0	185	63	-1.943281
0	185	112	-2.088399
0	185	268	-2.173823
0	185	272	-4.600024
0	185	119	-4.766814
0	185	58	-6.079183
0	185	271	-6.539458
0	185	277	-7.499738
0	185	11	-7.606491
0	185	280	-7.883419
0	185	115	-7.976383
0	185	13	-8.251324
0	185	109	-8.606371
0	185	17	-9.373590
0	185	255	-9.527603
0	185	16	-11.000574
0	186	183	4.911397
0	186	263	4.080552
0	186	51	3.928298
0	186	116	3.753909
0	186	30	3.344439
0	186	267	3.204443
0	186	265	3.056843
0	186	244	2.870855
0	186	270	2.387273
0	186	8	2.370794
0	186	61	1.925580
0	186	264	1.884549
0	186	113	1.327655
0	186	18	0.905005
0	186	269	0.743161
0	186	266	0.281431
0	186	14	-0.178476
0	186	63	-0.813850
0	186	268	-1.509776
0	186	231	-1.581298
0	186	271	-1.771415
0	186	112	-2.297163
0	186	278	-3.334367
0	186	119	-4.940101
0	186	58	-5.615622
0	186	3	-5.905701
0	186	11	-6.831161
0	186	272	-6.904249
0	186	280	-7.440967
0	186	277	-7.456952
0	186	115	-7.585827
0	186	17	-8.561066
0	186	13	-8.795562
0	186	109	-9.042927
0	186	255	-9.052022
0	186	16	-11.022226
