0	1	14	4.821784
0	1	1	4.299885
0	1	15	4.299134
0	1	6	3.987477
0	1	9	3.938760
0	1	18	3.329876
0	1	2	3.280244
0	1	3	3.060872
0	1	5	1.833485
0	1	8	0.857910
0	1	10	0.489021
0	1	11	0.314931
0	1	4	-1.596434
0	1	19	-2.125864
0	1	7	-2.781640
0	1	12	-3.544515
0	1	0	-4.289232
0	1	16	-5.741718
0	1	17	-6.301466
0	1	13	-6.493706
0	2	1	4.684194
0	2	9	4.654019
0	2	14	4.644333
0	2	6	4.188156
0	2	15	3.735995
0	2	3	3.246793
0	2	5	3.137996
0	2	8	2.954192
0	2	2	2.798703
0	2	10	1.988796
0	2	18	1.041620
0	2	11	-0.058423
0	2	4	-2.062654
0	2	7	-2.098893
0	2	19	-3.213428
0	2	0	-4.010437
0	2	12	-4.123951
0	2	13	-6.310477
0	2	17	-6.858192
0	2	16	-7.128710
0	3	14	3.935391
0	3	15	3.786155
0	3	8	3.768641
0	3	1	3.535112
0	3	3	3.039220
0	3	6	2.317709
0	3	9	1.757991
0	3	10	0.204632
0	3	2	-0.098808
0	3	5	-0.610282
0	3	18	-0.783721
0	3	11	-2.622960
0	3	4	-2.824125
0	3	19	-4.151090
0	3	7	-4.187061
0	3	0	-4.425000
0	3	12	-4.524981
0	3	13	-5.414220
0	3	17	-6.005762
0	3	16	-6.611043
0	14	43	5.779654
0	14	21	5.543868
0	14	57	5.516345
0	14	14	5.479990
0	14	46	5.425138
0	14	53	5.134890
0	14	51	5.133268
0	14	32	4.811211
0	14	23	4.801196
0	14	42	4.586734
0	14	8	4.495229
0	14	3	4.468976
0	14	26	4.401601
0	14	45	3.990649
0	14	30	3.738764
0	14	47	3.695212
0	14	31	3.561534
0	14	40	3.489810
0	14	22	3.375021
0	14	58	3.162627
0	14	65	3.055243
0	14	27	2.800433
0	14	61	2.758402
0	14	52	2.718791
0	14	63	2.465718
0	14	38	1.503925
0	14	29	1.359625
0	14	56	0.866747
0	14	54	0.789040
0	14	50	0.694671
0	14	11	0.691557
0	14	37	0.659998
0	14	18	0.613506
0	14	48	0.312699
0	14	39	0.260536
0	14	85	0.184900
0	14	25	-0.122590
0	14	36	-0.146461
0	14	71	-0.180858
0	14	62	-0.267829
0	14	41	-0.641988
0	14	24	-0.796276
0	14	20	-0.819094
0	14	72	-0.993831
0	14	33	-1.422071
0	14	28	-2.006992
0	14	55	-2.098120
0	14	69	-2.192163
0	14	64	-2.237417
0	14	74	-2.621845
0	14	66	-2.715387
0	14	78	-2.850970
0	14	70	-3.018165
0	14	73	-3.461785
0	14	79	-3.583840
0	14	49	-3.636003
0	14	76	-3.687159
0	14	77	-3.871205
0	14	44	-4.365188
0	14	75	-4.392271
0	14	34	-4.956906
0	14	35	-6.000728
0	14	16	-7.036764
0	15	43	5.754684
0	15	21	5.274730
0	15	14	5.035957
0	15	51	5.005645
0	15	57	4.493124
0	15	46	4.351511
0	15	32	4.184740
0	15	53	3.949326
0	15	31	3.920646
0	15	42	3.827726
0	15	26	3.748677
0	15	23	3.671051
0	15	30	3.301222
0	15	8	2.950818
0	15	3	2.473857
0	15	27	2.426713
0	15	22	2.190656
0	15	61	1.764373
0	15	54	1.571384
0	15	40	1.556508
0	15	85	1.514487
0	15	56	1.409665
0	15	52	1.391997
0	15	18	1.047477
0	15	38	1.016562
0	15	45	0.757222
0	15	63	0.469989
0	15	58	0.284266
0	15	48	0.259670
0	15	47	-0.021056
0	15	39	-0.036026
0	15	20	-0.256169
0	15	72	-0.431668
0	15	29	-0.494206
0	15	33	-0.609233
0	15	65	-0.698091
0	15	50	-0.882024
0	15	11	-0.974454
0	15	71	-1.224958
0	15	41	-1.230374
0	15	36	-1.515435
0	15	24	-1.556940
0	15	25	-1.558323
0	15	37	-1.605894
0	15	62	-1.761366
0	15	64	-1.872678
0	15	74	-2.465491
0	15	28	-2.660880
0	15	70	-2.767314
0	15	73	-2.925023
0	15	55	-2.995780
0	15	69	-3.274021
0	15	78	-3.453316
0	15	77	-3.619963
0	15	79	-3.685288
0	15	66	-4.148020
0	15	44	-4.274660
0	15	49	-4.500830
0	15	75	-4.684440
0	15	76	-4.710398
0	15	34	-4.928363
0	15	35	-5.127357
0	15	16	-6.933607
0	16	43	5.847017
0	16	14	5.573785
0	16	30	5.499671
0	16	46	5.484636
0	16	51	5.345845
0	16	22	5.137372
0	16	57	4.983368
0	16	31	4.935880
0	16	21	4.848843
0	16	3	4.656044
0	16	8	4.536524
0	16	23	4.412393
0	16	32	4.204861
0	16	53	4.167559
0	16	42	4.028094
0	16	26	3.918063
0	16	47	3.757255
0	16	27	3.733356
0	16	61	3.441121
0	16	54	3.388578
0	16	40	2.773845
0	16	45	2.680967
0	16	58	1.968959
0	16	56	1.864490
0	16	52	1.798273
0	16	63	1.759451
0	16	38	1.444080
0	16	50	0.909621
0	16	65	0.839506
0	16	36	0.376897
0	16	28	0.315154
0	16	85	0.262491
0	16	48	0.184902
0	16	18	0.154091
0	16	29	0.069089
0	16	37	-0.254205
0	16	39	-0.369397
0	16	11	-0.617834
0	16	25	-0.818536
0	16	20	-1.036447
0	16	33	-1.257153
0	16	62	-1.859701
0	16	64	-2.143837
0	16	24	-2.410049
0	16	41	-2.735952
0	16	73	-2.755637
0	16	66	-2.794158
0	16	71	-2.821188
0	16	69	-3.187740
0	16	55	-3.332264
0	16	70	-3.445927
0	16	78	-3.571731
0	16	72	-3.654167
0	16	74	-4.031169
0	16	77	-4.049222
0	16	49	-4.397646
0	16	34	-4.480797
0	16	76	-4.486563
0	16	79	-4.587412
0	16	44	-4.844809
0	16	75	-5.062359
0	16	35	-6.133197
0	16	16	-7.053235
0	19	21	5.500975
0	19	43	5.382874
0	19	51	5.123688
0	19	53	5.094862
0	19	46	4.886212
0	19	14	4.872033
0	19	57	4.867527
0	19	32	4.822284
0	19	23	4.478898
0	19	42	4.375290
0	19	26	4.344166
0	19	40	3.895080
0	19	3	3.395054
0	19	31	3.369126
0	19	8	2.834406
0	19	22	2.801036
0	19	30	2.650744
0	19	27	2.564397
0	19	61	2.358210
0	19	45	2.216269
0	19	18	2.138976
0	19	65	2.137617
0	19	38	1.919446
0	19	29	1.383140
0	19	58	1.361585
0	19	37	1.354160
0	19	52	1.310395
0	19	56	1.130020
0	19	25	0.856656
0	19	63	0.620887
0	19	48	0.454148
0	19	50	0.427471
0	19	11	0.152019
0	19	39	0.000628
0	19	41	-0.178660
0	19	47	-0.278249
0	19	24	-0.306805
0	19	54	-0.415337
0	19	71	-0.417327
0	19	85	-0.576045
0	19	64	-0.711010
0	19	28	-0.883362
0	19	36	-1.322817
0	19	20	-1.482215
0	19	62	-1.663383
0	19	33	-2.307500
0	19	72	-2.488135
0	19	78	-2.546192
0	19	69	-2.697893
0	19	55	-2.727363
0	19	74	-2.745981
0	19	70	-3.123256
0	19	73	-3.339173
0	19	77	-3.824493
0	19	76	-3.865804
0	19	49	-4.006118
0	19	44	-4.057410
0	19	79	-4.123039
0	19	75	-4.652009
0	19	34	-4.828411
0	19	66	-5.055346
0	19	35	-5.396951
0	19	16	-6.855103
0	22	43	5.295478
0	22	51	5.147248
0	22	57	4.659598
0	22	46	4.498266
0	22	26	4.381718
0	22	21	4.201696
0	22	14	4.192953
0	22	23	3.646038
0	22	32	3.611899
0	22	42	3.511011
0	22	27	3.506898
0	22	8	3.466811
0	22	31	3.439949
0	22	30	3.029030
0	22	22	2.839995
0	22	40	2.364442
0	22	61	2.324205
0	22	53	2.178228
0	22	3	1.999837
0	22	58	1.780339
0	22	63	1.477541
0	22	18	1.301065
0	22	52	1.244409
0	22	56	1.122772
0	22	45	0.808985
0	22	47	0.531033
0	22	54	0.320630
0	22	38	-0.117993
0	22	85	-0.233908
0	22	28	-0.571664
0	22	25	-0.850371
0	22	39	-0.925855
0	22	48	-0.928000
0	22	65	-0.946592
0	22	11	-1.081426
0	22	50	-1.192883
0	22	20	-1.199105
0	22	72	-1.460413
0	22	29	-1.564811
0	22	24	-1.862217
0	22	36	-2.056256
0	22	41	-2.135778
0	22	62	-2.142494
0	22	37	-2.163783
0	22	73	-2.612708
0	22	33	-2.730262
0	22	78	-2.899275
0	22	71	-3.025839
0	22	69	-3.031283
0	22	70	-3.126905
0	22	49	-3.374861
0	22	74	-3.947547
0	22	44	-4.263747
0	22	64	-4.316051
0	22	66	-4.360803
0	22	34	-4.471209
0	22	77	-4.512239
0	22	55	-4.584743
0	22	76	-4.606071
0	22	75	-5.239783
0	22	79	-5.297594
0	22	35	-6.064091
0	22	16	-6.892072
0	43	86	4.823742
0	43	15	4.641961
0	43	14	4.527262
0	43	94	4.300480
0	43	8	3.229397
0	43	106	3.210380
0	43	26	3.207443
0	43	93	3.133243
0	43	90	3.017323
0	43	3	2.924529
0	43	95	2.423470
0	43	61	2.276222
0	43	107	1.679522
0	43	99	1.421105
0	43	52	1.163373
0	43	63	0.077623
0	43	85	-0.139708
0	43	89	-0.148602
0	43	91	-0.452921
0	43	108	-0.494404
0	43	18	-0.594612
0	43	58	-0.659336
0	43	96	-0.886309
0	43	11	-0.911183
0	43	105	-1.241189
0	43	87	-2.072899
0	43	97	-3.039424
0	43	100	-3.063760
0	43	69	-3.226729
0	43	103	-3.613339
0	43	88	-3.916634
0	43	98	-3.965583
0	43	92	-4.525886
0	43	110	-5.049756
0	43	109	-5.937501
0	43	13	-6.566065
0	43	17	-7.081809
0	44	99	4.505700
0	44	14	4.345818
0	44	8	4.272669
0	44	15	4.232716
0	44	86	4.212323
0	44	107	3.650601
0	44	26	3.610746
0	44	94	3.494873
0	44	61	2.627231
0	44	3	2.079738
0	44	90	1.807221
0	44	63	1.637625
0	44	106	1.631325
0	44	52	1.452779
0	44	18	1.315502
0	44	91	1.169081
0	44	93	1.164670
0	44	89	1.123782
0	44	58	0.614989
0	44	95	0.354272
0	44	85	-0.890330
0	44	11	-1.216123
0	44	96	-1.254061
0	44	97	-1.449295
0	44	87	-2.371574
0	44	105	-2.898271
0	44	108	-3.014064
0	44	100	-3.841308
0	44	88	-3.983421
0	44	69	-4.042824
0	44	92	-4.189465
0	44	103	-4.719646
0	44	98	-4.836723
0	44	110	-4.996033
0	44	109	-5.295586
0	44	13	-5.893050
0	44	17	-6.302042
0	54	14	4.964439
0	54	8	4.584686
0	54	3	3.902203
0	54	18	0.605720
0	54	11	-0.520134
0	54	7	-2.649703
0	54	111	-2.817651
0	54	13	-6.595556
0	54	17	-6.679857
0	54	16	-6.929849
0	57	14	4.807445
0	57	3	3.489157
0	57	8	2.237176
0	57	18	0.192078
0	57	11	-0.087506
0	57	7	-3.275235
0	57	111	-4.049577
0	57	17	-6.381220
0	57	13	-6.522738
0	57	16	-7.077294
0	58	8	4.635645
0	58	14	4.435765
0	58	3	2.714043
0	58	18	1.454825
0	58	11	-1.813291
0	58	111	-3.978940
0	58	7	-4.168684
0	58	17	-6.685322
0	58	13	-6.788911
0	58	16	-7.340135
0	73	14	5.029710
0	73	158	4.810771
0	73	132	4.802353
0	73	8	4.742352
0	73	3	4.688946
0	73	154	4.677660
0	73	137	4.508610
0	73	157	3.984668
0	73	150	3.790507
0	73	155	3.525485
0	73	168	3.236140
0	73	18	1.060215
0	73	153	0.388486
0	73	163	0.168244
0	73	11	0.042667
0	73	161	-0.991920
0	73	156	-1.397712
0	73	160	-1.762527
0	73	159	-2.095024
0	73	152	-2.255740
0	73	146	-2.519365
0	73	148	-2.676237
0	73	145	-2.912893
0	73	151	-3.245202
0	73	149	-3.458296
0	73	170	-4.279575
0	73	147	-4.542437
0	73	169	-4.579353
0	73	162	-4.970881
0	73	13	-6.543320
0	73	17	-6.705941
0	73	16	-7.167669
0	74	154	4.469031
0	74	8	4.166987
0	74	14	4.157167
0	74	137	4.074592
0	74	132	3.658168
0	74	157	3.643584
0	74	150	3.277248
0	74	158	3.125546
0	74	3	2.814520
0	74	155	2.277927
0	74	18	0.848308
0	74	168	0.353460
0	74	11	-0.601259
0	74	153	-0.922381
0	74	160	-0.956046
0	74	163	-1.234599
0	74	161	-1.268255
0	74	156	-2.227346
0	74	159	-2.655742
0	74	146	-2.860241
0	74	152	-2.976148
0	74	145	-3.157978
0	74	148	-3.383534
0	74	151	-3.699008
0	74	147	-4.383638
0	74	149	-4.600554
0	74	169	-4.784247
0	74	170	-4.803588
0	74	162	-4.984988
0	74	17	-6.672357
0	74	13	-6.726931
0	74	16	-7.233744
0	75	14	4.922810
0	75	8	4.831491
0	75	3	4.305132
0	75	132	3.504028
0	75	137	3.158576
0	75	167	-0.020992
0	75	165	-0.192351
0	75	18	-0.425198
0	75	160	-0.810042
0	75	11	-1.313069
0	75	166	-1.418857
0	75	164	-3.192585
0	75	128	-3.636678
0	75	146	-3.644784
0	75	145	-4.068937
0	75	171	-4.388527
0	75	147	-4.716786
0	75	17	-6.333140
0	75	13	-6.382912
0	75	16	-7.013523
0	77	8	4.588113
0	77	14	4.486258
0	77	137	4.478652
0	77	132	3.702672
0	77	3	3.017819
0	77	18	1.632687
0	77	165	1.404041
0	77	167	1.216887
0	77	166	0.786050
0	77	11	-0.711444
0	77	164	-1.133675
0	77	160	-1.325633
0	77	146	-2.454793
0	77	145	-2.790610
0	77	171	-3.183588
0	77	128	-3.605469
0	77	147	-3.934226
0	77	13	-6.657845
0	77	16	-6.704607
0	77	17	-6.821184
0	94	14	5.540075
0	94	51	5.338664
0	94	200	5.241341
0	94	116	4.902910
0	94	193	4.881857
0	94	8	4.819273
0	94	15	4.543405
0	94	201	3.815513
0	94	206	3.787291
0	94	194	3.630999
0	94	188	3.397144
0	94	113	3.335684
0	94	99	3.138769
0	94	192	2.818940
0	94	3	2.774818
0	94	190	2.400035
0	94	207	2.080660
0	94	199	1.052223
0	94	212	0.399256
0	94	210	0.377015
0	94	63	0.271952
0	94	18	-1.215480
0	94	198	-1.613920
0	94	122	-1.625691
0	94	204	-2.144641
0	94	208	-2.508329
0	94	187	-2.516048
0	94	189	-2.648868
0	94	126	-2.847112
0	94	217	-2.892613
0	94	196	-3.510586
0	94	205	-3.647139
0	94	202	-4.038208
0	94	209	-4.352388
0	94	195	-4.725071
0	94	191	-4.738896
0	94	197	-4.856677
0	94	203	-5.626236
0	94	109	-5.922935
0	94	13	-6.575473
0	94	16	-7.037013
0	94	17	-7.131796
0	95	51	5.199810
0	95	200	4.919685
0	95	99	4.828370
0	95	8	4.817277
0	95	14	4.701502
0	95	116	4.685753
0	95	193	4.602331
0	95	3	4.466197
0	95	206	4.100258
0	95	15	3.923752
0	95	199	3.546251
0	95	194	3.537149
0	95	201	3.227056
0	95	207	2.891402
0	95	188	2.761554
0	95	210	1.612068
0	95	63	1.463403
0	95	212	1.368657
0	95	192	1.320275
0	95	18	1.267774
0	95	190	1.189107
0	95	113	1.154928
0	95	198	0.412878
0	95	189	0.081482
0	95	122	-1.011051
0	95	204	-1.509929
0	95	217	-1.843200
0	95	208	-2.764947
0	95	196	-2.919386
0	95	187	-3.020077
0	95	191	-3.102014
0	95	126	-3.389164
0	95	197	-3.464964
0	95	202	-3.641818
0	95	205	-3.820563
0	95	195	-4.408041
0	95	209	-4.536077
0	95	203	-5.052171
0	95	109	-5.461684
0	95	17	-6.354720
0	95	13	-6.577335
0	95	16	-6.746075
0	96	99	5.316134
0	96	14	5.144180
0	96	51	4.925062
0	96	8	4.842525
0	96	200	4.836914
0	96	116	4.726846
0	96	193	4.696072
0	96	113	4.458373
0	96	15	4.455109
0	96	206	4.443727
0	96	194	3.791037
0	96	192	3.377524
0	96	201	3.301760
0	96	3	3.015196
0	96	188	2.634429
0	96	212	1.738855
0	96	199	1.603887
0	96	207	1.585322
0	96	190	1.457228
0	96	63	1.042756
0	96	210	0.678926
0	96	18	0.587486
0	96	189	-0.756749
0	96	204	-0.869557
0	96	122	-1.564526
0	96	198	-1.571325
0	96	196	-1.826246
0	96	187	-2.319483
0	96	208	-2.347615
0	96	217	-2.719245
0	96	126	-3.126638
0	96	209	-3.815414
0	96	205	-3.824068
0	96	202	-3.937913
0	96	191	-4.207893
0	96	195	-4.277067
0	96	197	-5.144964
0	96	13	-5.350579
0	96	203	-5.633948
0	96	109	-5.640216
0	96	16	-6.747282
0	96	17	-6.910889
0	99	211	5.298519
0	99	51	5.208924
0	99	200	4.811950
0	99	14	4.621123
0	99	15	4.539127
0	99	8	4.304245
0	99	113	4.067654
0	99	193	3.906872
0	99	116	3.830746
0	99	201	3.596436
0	99	194	3.102041
0	99	206	3.099061
0	99	188	2.918319
0	99	3	2.515776
0	99	99	2.419974
0	99	199	1.667760
0	99	18	1.507623
0	99	192	1.446726
0	99	212	1.062440
0	99	207	0.947490
0	99	63	0.811525
0	99	190	0.728329
0	99	210	-0.572739
0	99	196	-0.788700
0	99	198	-1.822126
0	99	204	-2.588832
0	99	122	-2.652885
0	99	189	-3.011560
0	99	217	-3.159917
0	99	126	-3.813018
0	99	202	-3.991865
0	99	191	-4.506056
0	99	209	-4.837662
0	99	205	-4.887415
0	99	195	-4.948606
0	99	197	-5.111228
0	99	203	-5.125585
0	99	109	-5.203822
0	99	13	-6.437231
0	99	16	-6.948894
0	100	211	5.342184
0	100	99	5.216730
0	100	14	5.147609
0	100	51	4.927266
0	100	8	4.673841
0	100	15	4.580769
0	100	193	4.571723
0	100	200	4.532339
0	100	113	4.269607
0	100	201	4.249903
0	100	194	4.012506
0	100	206	3.911260
0	100	116	3.811444
0	100	3	3.018274
0	100	188	2.936057
0	100	192	2.770152
0	100	207	1.605989
0	100	190	1.235747
0	100	199	1.156929
0	100	212	0.872238
0	100	63	0.790603
0	100	18	0.314573
0	100	210	-1.026193
0	100	122	-1.252489
0	100	198	-2.366079
0	100	204	-2.871923
0	100	189	-3.210685
0	100	217	-3.417044
0	100	196	-3.424465
0	100	126	-3.669056
0	100	202	-4.092700
0	100	209	-4.113797
0	100	195	-4.770700
0	100	205	-4.791021
0	100	191	-5.160057
0	100	203	-5.190043
0	100	109	-5.370928
0	100	197	-5.500390
0	100	13	-6.353240
0	100	16	-7.005090
0	123	14	5.477478
0	123	51	5.027918
0	123	116	4.829726
0	123	99	4.698816
0	123	3	4.667505
0	123	232	4.481038
0	123	228	4.358018
0	123	235	4.238996
0	123	201	4.057679
0	123	221	4.006696
0	123	243	3.939431
0	123	238	3.822228
0	123	8	3.804435
0	123	229	3.650975
0	123	188	3.402338
0	123	244	3.276050
0	123	231	2.966684
0	123	190	2.650143
0	123	207	2.365008
0	123	199	2.360325
0	123	223	1.658908
0	123	233	1.648646
0	123	18	1.276153
0	123	224	1.200330
0	123	227	1.063796
0	123	222	1.053288
0	123	240	0.973645
0	123	210	0.486502
0	123	239	0.471328
0	123	122	0.281070
0	123	245	0.156120
0	123	246	-0.129191
0	123	230	-0.134644
0	123	241	-0.219547
0	123	225	-0.762057
0	123	11	-0.845221
0	123	96	-0.958073
0	123	198	-1.202147
0	123	236	-1.598198
0	123	187	-2.217687
0	123	208	-2.508084
0	123	242	-2.525282
0	123	217	-2.593941
0	123	226	-2.883814
0	123	237	-3.044801
0	123	196	-3.432880
0	123	197	-3.605345
0	123	191	-4.258292
0	123	234	-4.395215
0	123	247	-6.210185
0	123	16	-6.446335
0	124	51	5.269867
0	124	116	5.210608
0	124	99	5.069285
0	124	14	4.837649
0	124	8	4.749780
0	124	232	4.749728
0	124	3	4.631981
0	124	228	4.189121
0	124	201	4.092255
0	124	229	4.057156
0	124	235	3.962753
0	124	221	3.648389
0	124	243	3.646280
0	124	244	3.576617
0	124	188	3.107457
0	124	231	3.068579
0	124	222	2.897638
0	124	207	2.631605
0	124	238	2.456865
0	124	190	2.420602
0	124	233	2.158041
0	124	199	2.028774
0	124	227	1.383585
0	124	245	1.175321
0	124	239	1.164250
0	124	224	1.149860
0	124	223	0.789130
0	124	18	0.771056
0	124	210	0.329197
0	124	246	0.261406
0	124	240	0.140795
0	124	11	-0.098951
0	124	241	-0.504622
0	124	230	-0.542725
0	124	96	-0.851602
0	124	122	-1.223812
0	124	225	-1.416645
0	124	236	-1.421087
0	124	187	-2.473487
0	124	196	-2.612097
0	124	198	-2.673702
0	124	242	-2.772718
0	124	217	-2.990755
0	124	226	-3.124397
0	124	237	-3.562529
0	124	208	-3.575387
0	124	197	-4.133077
0	124	191	-4.303502
0	124	234	-4.952000
0	124	247	-6.287784
0	124	16	-6.710769
0	125	51	5.354074
0	125	14	4.972516
0	125	116	4.893209
0	125	232	4.606485
0	125	3	4.517449
0	125	229	4.215034
0	125	228	4.168244
0	125	201	3.976915
0	125	235	3.803964
0	125	221	3.736108
0	125	238	3.637518
0	125	244	3.534080
0	125	188	3.529302
0	125	99	3.346031
0	125	199	3.246194
0	125	207	3.095187
0	125	231	2.882378
0	125	243	2.506161
0	125	190	2.210438
0	125	210	2.128482
0	125	198	1.609929
0	125	18	1.562143
0	125	233	1.294545
0	125	8	1.230311
0	125	224	1.223724
0	125	222	1.157469
0	125	227	1.146404
0	125	245	0.943758
0	125	240	0.802485
0	125	11	0.555800
0	125	223	0.444981
0	125	122	0.370400
0	125	246	0.103231
0	125	230	-0.207067
0	125	241	-0.297566
0	125	96	-0.570442
0	125	225	-0.813750
0	125	242	-1.209575
0	125	239	-1.315342
0	125	208	-1.867675
0	125	217	-1.903115
0	125	236	-2.384245
0	125	187	-2.471979
0	125	226	-2.649640
0	125	237	-3.045164
0	125	196	-3.564869
0	125	191	-3.651220
0	125	197	-3.694988
0	125	234	-4.396269
0	125	247	-6.304875
0	125	16	-6.345115
0	126	14	5.402790
0	126	51	5.010363
0	126	99	4.919278
0	126	221	4.851305
0	126	232	4.587307
0	126	228	4.390209
0	126	116	4.254703
0	126	229	3.983155
0	126	243	3.871542
0	126	201	3.741259
0	126	227	3.721874
0	126	235	3.690608
0	126	8	3.297057
0	126	188	3.053296
0	126	231	2.905972
0	126	3	2.615746
0	126	244	2.548482
0	126	238	1.649328
0	126	190	0.835380
0	126	224	0.756712
0	126	207	0.706563
0	126	239	0.349250
0	126	222	0.315282
0	126	233	0.178419
0	126	199	0.168277
0	126	223	0.012061
0	126	18	-0.382785
0	126	246	-0.598762
0	126	245	-0.819944
0	126	11	-1.523066
0	126	240	-1.580163
0	126	210	-1.693606
0	126	122	-1.785869
0	126	230	-2.097333
0	126	236	-2.104813
0	126	96	-2.203490
0	126	198	-2.547039
0	126	241	-2.562671
0	126	187	-2.635594
0	126	196	-2.977416
0	126	225	-3.104224
0	126	226	-3.490329
0	126	242	-3.581238
0	126	217	-3.598092
0	126	237	-3.747517
0	126	208	-4.312034
0	126	191	-5.075571
0	126	234	-5.200305
0	126	197	-5.624086
0	126	247	-6.258462
0	126	16	-7.226812
0	127	51	5.241001
0	127	99	5.161900
0	127	14	5.143573
0	127	229	4.890083
0	127	221	4.871615
0	127	116	4.804521
0	127	3	4.797620
0	127	232	4.692026
0	127	8	4.666965
0	127	201	4.385722
0	127	243	4.198612
0	127	244	4.142375
0	127	228	3.958439
0	127	231	3.817546
0	127	188	3.457363
0	127	227	3.455932
0	127	235	3.212139
0	127	222	3.125819
0	127	190	2.779287
0	127	238	2.570608
0	127	207	2.431584
0	127	240	1.922050
0	127	233	1.514657
0	127	199	1.280211
0	127	224	1.059286
0	127	236	0.911973
0	127	198	0.808938
0	127	239	0.211727
0	127	18	0.025964
0	127	246	-0.793086
0	127	241	-0.837277
0	127	223	-0.965333
0	127	245	-1.010655
0	127	96	-1.036473
0	127	210	-1.208564
0	127	226	-1.331783
0	127	11	-1.494673
0	127	122	-1.832276
0	127	230	-2.512471
0	127	217	-2.854988
0	127	225	-2.905879
0	127	208	-3.355642
0	127	242	-3.452124
0	127	237	-3.609760
0	127	196	-3.738825
0	127	187	-4.597064
0	127	234	-4.673091
0	127	191	-4.857553
0	127	197	-5.372084
0	127	247	-6.355563
0	127	16	-7.112833
0	144	14	4.373256
0	144	258	4.062693
0	144	200	4.055303
0	144	251	3.580687
0	144	201	3.185513
0	144	253	2.719193
0	144	8	2.642018
0	144	3	2.609889
0	144	257	1.774591
0	144	199	1.636353
0	144	113	1.492500
0	144	18	1.124807
0	144	63	1.077989
0	144	252	0.634729
0	144	254	-0.963536
0	144	11	-1.023460
0	144	187	-2.116315
0	144	248	-2.269389
0	144	249	-2.311999
0	144	208	-3.273947
0	144	250	-4.030179
0	144	191	-4.939216
0	144	110	-5.046134
0	144	256	-5.050259
0	144	255	-5.609249
0	144	109	-5.810309
0	144	13	-6.161813
0	144	17	-6.820473
0	144	16	-7.050746
0	145	200	5.262029
0	145	14	4.888563
0	145	8	4.720106
0	145	258	4.439178
0	145	201	4.053691
0	145	253	3.721624
0	145	251	3.501881
0	145	3	3.269972
0	145	257	2.955362
0	145	18	1.915445
0	145	113	0.688809
0	145	63	0.559806
0	145	199	0.542897
0	145	252	0.344482
0	145	11	-0.334451
0	145	248	-0.636861
0	145	254	-1.075953
0	145	208	-2.032424
0	145	187	-2.484718
0	145	249	-3.266253
0	145	250	-3.807851
0	145	191	-3.970365
0	145	110	-4.220469
0	145	256	-4.977490
0	145	109	-5.810662
0	145	255	-6.169314
0	145	13	-6.281864
0	145	17	-6.830777
0	145	16	-6.928023
0	146	200	5.115911
0	146	14	4.674508
0	146	258	4.459611
0	146	8	4.331370
0	146	201	4.140556
0	146	251	4.041973
0	146	253	3.413741
0	146	3	3.010357
0	146	257	2.893220
0	146	199	2.890398
0	146	18	1.274099
0	146	252	1.202583
0	146	63	1.041428
0	146	113	0.199780
0	146	248	-0.863039
0	146	254	-0.863322
0	146	11	-1.504501
0	146	187	-2.708839
0	146	208	-3.542470
0	146	249	-3.567701
0	146	250	-4.235684
0	146	191	-4.714025
0	146	110	-5.332876
0	146	256	-5.434112
0	146	109	-6.092893
0	146	255	-6.595085
0	146	13	-6.651251
0	146	17	-6.963229
0	146	16	-7.301414
0	147	8	4.668260
0	147	14	4.485400
0	147	258	4.389163
0	147	200	4.100956
0	147	251	3.987344
0	147	18	3.078461
0	147	3	2.662314
0	147	63	2.551880
0	147	201	2.445527
0	147	199	2.307471
0	147	113	1.867041
0	147	257	1.495129
0	147	253	0.804676
0	147	252	-0.737327
0	147	11	-1.119110
0	147	254	-1.287670
0	147	249	-1.869073
0	147	248	-2.297745
0	147	187	-3.200969
0	147	250	-4.323620
0	147	191	-4.365065
0	147	256	-4.645213
0	147	208	-4.853821
0	147	109	-5.054557
0	147	110	-5.137495
0	147	255	-5.452778
0	147	13	-5.995739
0	147	17	-6.483900
0	147	16	-6.921639
0	148	258	4.945306
0	148	3	4.848744
0	148	8	4.767856
0	148	14	4.736367
0	148	200	4.666500
0	148	201	4.539839
0	148	251	3.207238
0	148	63	2.958229
0	148	253	2.228117
0	148	199	1.857025
0	148	113	1.364856
0	148	257	1.061785
0	148	18	0.555912
0	148	252	-0.646274
0	148	11	-0.857706
0	148	248	-2.354529
0	148	254	-2.394927
0	148	187	-3.306455
0	148	249	-3.368628
0	148	208	-3.702260
0	148	250	-4.130543
0	148	110	-4.449144
0	148	191	-4.816557
0	148	256	-5.041372
0	148	109	-5.723386
0	148	255	-6.018097
0	148	13	-6.610746
0	148	16	-6.831047
0	148	17	-6.955019
0	150	200	5.114178
0	150	14	4.331265
0	150	201	4.005798
0	150	251	3.932975
0	150	253	3.744921
0	150	258	3.593308
0	150	18	3.165993
0	150	8	3.120694
0	150	3	2.708780
0	150	257	2.205254
0	150	199	1.865349
0	150	113	0.991616
0	150	63	0.434671
0	150	252	0.073597
0	150	248	-0.787410
0	150	254	-0.969496
0	150	11	-0.993126
0	150	249	-1.700294
0	150	187	-2.498883
0	150	110	-2.615246
0	150	208	-2.663317
0	150	191	-3.593395
0	150	250	-3.774234
0	150	256	-4.068306
0	150	109	-5.514810
0	150	255	-6.284545
0	150	17	-6.640779
0	150	13	-6.721485
0	150	16	-6.874091
0	177	183	6.066828
0	177	267	5.722192
0	177	51	5.126999
0	177	116	5.025760
0	177	263	4.977177
0	177	14	4.808928
0	177	8	4.728176
0	177	30	4.179509
0	177	244	3.083490
0	177	61	2.947295
0	177	269	2.866682
0	177	3	2.634440
0	177	231	2.245631
0	177	270	2.213945
0	177	112	2.165194
0	177	264	1.649029
0	177	18	1.588455
0	177	113	1.391833
0	177	265	1.311041
0	177	58	0.327190
0	177	63	0.311972
0	177	266	-0.018896
0	177	11	-0.524299
0	177	278	-2.099819
0	177	119	-2.686793
0	177	271	-2.739684
0	177	115	-2.867349
0	177	268	-2.958406
0	177	280	-5.149775
0	177	255	-5.791133
0	177	109	-5.793541
0	177	272	-6.054480
0	177	13	-6.116104
0	177	277	-6.160590
0	177	17	-6.479223
0	177	16	-6.872209
0	178	267	6.028816
0	178	183	5.863695
0	178	263	5.320815
0	178	14	4.970046
0	178	51	4.868564
0	178	116	4.793910
0	178	8	4.268791
0	178	269	4.268070
0	178	30	3.993243
0	178	112	3.850361
0	178	244	3.694421
0	178	3	3.475417
0	178	231	3.383984
0	178	270	3.169319
0	178	61	3.002826
0	178	264	2.270473
0	178	265	1.082644
0	178	58	1.005010
0	178	113	0.957100
0	178	18	0.862253
0	178	63	0.722455
0	178	278	0.512907
0	178	266	0.480547
0	178	11	-0.543275
0	178	268	-2.267771
0	178	271	-2.416873
0	178	119	-2.920684
0	178	115	-4.206498
0	178	280	-5.352629
0	178	109	-5.774489
0	178	272	-5.881372
0	178	277	-5.946578
0	178	255	-6.424986
0	178	13	-6.581245
0	178	17	-6.838437
0	178	16	-7.228174
0	179	183	5.960835
0	179	267	5.633704
0	179	263	5.611945
0	179	51	4.998940
0	179	116	4.864888
0	179	269	4.769485
0	179	14	4.518838
0	179	8	4.382035
0	179	30	4.138926
0	179	270	4.035131
0	179	231	3.848750
0	179	244	3.317493
0	179	264	3.155457
0	179	61	3.076971
0	179	3	3.062032
0	179	112	2.589495
0	179	265	2.478907
0	179	266	1.536349
0	179	113	0.701313
0	179	18	0.646706
0	179	63	0.639681
0	179	278	0.022905
0	179	58	-0.063126
0	179	11	-0.124972
0	179	115	-1.304175
0	179	119	-1.673312
0	179	268	-3.517947
0	179	271	-3.645678
0	179	280	-5.238438
0	179	255	-5.568554
0	179	272	-5.600611
0	179	277	-5.837122
0	179	109	-6.054167
0	179	13	-6.611263
0	179	17	-6.969197
0	179	16	-7.003775
0	180	183	5.962575
0	180	267	5.494390
0	180	263	5.208677
0	180	51	5.174673
0	180	116	5.149318
0	180	269	4.916080
0	180	8	4.887420
0	180	14	4.664336
0	180	3	4.660667
0	180	61	4.141522
0	180	30	3.923712
0	180	270	3.604918
0	180	244	3.540626
0	180	264	3.176918
0	180	231	3.012307
0	180	112	2.391191
0	180	58	2.388479
0	180	265	0.945524
0	180	18	0.818768
0	180	63	0.681462
0	180	266	0.375663
0	180	11	0.211857
0	180	113	-0.028255
0	180	278	-0.320818
0	180	271	-1.788110
0	180	119	-2.355925
0	180	268	-2.693008
0	180	115	-3.687241
0	180	280	-5.218278
0	180	277	-5.502149
0	180	272	-5.667502
0	180	109	-5.776925
0	180	255	-6.299383
0	180	13	-6.676286
0	180	16	-6.850799
0	180	17	-6.877479
0	181	183	5.798647
0	181	30	4.853503
0	181	267	4.752815
0	181	51	4.665581
0	181	263	4.532248
0	181	116	4.457215
0	181	14	4.079326
0	181	8	4.065262
0	181	270	3.303329
0	181	231	2.913106
0	181	3	2.731038
0	181	244	2.678359
0	181	61	2.582304
0	181	63	2.483617
0	181	113	2.158243
0	181	18	1.796654
0	181	266	1.460807
0	181	112	0.699836
0	181	269	-0.056459
0	181	264	-0.158836
0	181	58	-0.700994
0	181	11	-0.947898
0	181	265	-1.744630
0	181	271	-2.165602
0	181	268	-2.560658
0	181	115	-3.643093
0	181	119	-4.057352
0	181	278	-4.162995
0	181	109	-5.134076
0	181	280	-5.374382
0	181	272	-5.832193
0	181	255	-6.175533
0	181	17	-6.267624
0	181	13	-6.292587
0	181	277	-6.488679
0	181	16	-7.052516
0	182	183	6.169033
0	182	51	5.059731
0	182	263	4.833341
0	182	8	4.687745
0	182	14	4.554640
0	182	267	4.179826
0	182	116	4.156645
0	182	264	3.650288
0	182	30	3.628534
0	182	113	3.409724
0	182	231	3.105198
0	182	61	2.824448
0	182	244	2.717161
0	182	3	2.398430
0	182	270	2.270320
0	182	269	1.958488
0	182	18	1.401346
0	182	58	1.219310
0	182	63	0.900338
0	182	112	0.646192
0	182	266	0.543796
0	182	11	0.159481
0	182	265	-0.792927
0	182	271	-1.991216
0	182	268	-2.105217
0	182	119	-2.370566
0	182	115	-3.730551
0	182	278	-4.402508
0	182	280	-4.948356
0	182	109	-5.091388
0	182	255	-5.931326
0	182	17	-6.015317
0	182	272	-6.211102
0	182	13	-6.279201
0	182	277	-6.311778
0	182	16	-6.776643
0	183	183	6.274741
0	183	267	5.870923
0	183	263	5.069007
0	183	51	4.955121
0	183	14	4.448892
0	183	116	4.070889
0	183	275	3.762295
0	183	61	3.298284
0	183	231	3.238940
0	183	244	3.041785
0	183	30	2.616769
0	183	274	2.431910
0	183	290	2.429919
0	183	270	2.375949
0	183	3	2.360304
0	183	283	2.219672
0	183	291	2.171336
0	183	113	2.139469
0	183	112	2.107475
0	183	276	1.537392
0	183	264	1.532922
0	183	63	1.238563
0	183	273	0.855358
0	183	293	0.465708
0	183	294	0.371889
0	183	18	0.297383
0	183	58	-0.015637
0	183	289	-0.584795
0	183	288	-1.022552
0	183	284	-1.174055
0	183	282	-1.356138
0	183	292	-1.389005
0	183	278	-1.768150
0	183	286	-1.839713
0	183	281	-1.941334
0	183	279	-1.960119
0	183	268	-2.140939
0	183	287	-2.378739
0	183	271	-3.380527
0	183	295	-3.567055
0	183	115	-4.080018
0	183	119	-4.119470
0	183	285	-4.129415
0	183	280	-4.953605
0	183	272	-5.717450
0	184	183	5.975141
0	184	267	5.847832
0	184	263	5.559391
0	184	51	5.357309
0	184	14	5.025383
0	184	116	4.968509
0	184	8	4.801682
0	184	269	4.089638
0	184	3	3.846638
0	184	270	3.842376
0	184	264	3.772844
0	184	244	3.607089
0	184	61	3.578160
0	184	112	3.491789
0	184	30	3.487572
0	184	231	3.344236
0	184	18	1.414251
0	184	265	1.227480
0	184	266	1.164758
0	184	63	1.083849
0	184	113	0.958023
0	184	58	0.847402
0	184	11	-0.189849
0	184	278	-0.235180
0	184	119	-2.549261
0	184	271	-2.588454
0	184	268	-2.856587
0	184	115	-4.002618
0	184	280	-5.667324
0	184	272	-5.690503
0	184	109	-5.735094
0	184	277	-5.767621
0	184	255	-6.314713
0	184	13	-6.740869
0	184	17	-6.938015
0	184	16	-7.085290
0	185	183	5.944838
0	185	267	5.687737
0	185	263	5.386384
0	185	116	5.247042
0	185	51	5.177725
0	185	14	4.618689
0	185	269	4.490985
0	185	8	4.426792
0	185	3	3.933266
0	185	270	3.876884
0	185	112	3.524728
0	185	244	3.463415
0	185	30	3.204271
0	185	231	3.193790
0	185	264	2.920523
0	185	61	2.756988
0	185	265	2.377665
0	185	58	1.212898
0	185	266	1.201278
0	185	113	1.156165
0	185	63	0.903706
0	185	18	0.719741
0	185	11	0.296362
0	185	278	-0.167477
0	185	119	-2.051954
0	185	271	-2.347371
0	185	268	-2.479379
0	185	115	-2.808765
0	185	277	-4.920488
0	185	272	-5.251146
0	185	109	-5.281198
0	185	280	-5.449040
0	185	255	-6.091218
0	185	13	-6.634295
0	185	16	-6.778557
0	185	17	-6.897460
0	186	183	6.074735
0	186	116	5.487687
0	186	267	5.433549
0	186	263	5.412482
0	186	14	5.251589
0	186	51	5.166918
0	186	30	4.904843
0	186	3	4.767815
0	186	269	4.623238
0	186	8	4.538757
0	186	61	4.018804
0	186	264	3.904249
0	186	270	3.760024
0	186	244	3.570549
0	186	112	3.338752
0	186	231	3.271346
0	186	58	3.208917
0	186	63	2.889742
0	186	265	1.617296
0	186	266	1.250302
0	186	18	0.809682
0	186	113	0.059039
0	186	11	0.045666
0	186	278	-0.573699
0	186	268	-1.206805
0	186	119	-1.774038
0	186	271	-2.852559
0	186	115	-3.282649
0	186	272	-5.084968
0	186	277	-5.514238
0	186	280	-5.519081
0	186	109	-5.918496
0	186	255	-6.363702
0	186	13	-6.574173
0	186	17	-6.991832
0	186	16	-7.065838
