0	1	1	8.413917
0	1	15	4.594721
0	1	5	3.745131
0	1	2	0.700728
0	1	0	0.099176
0	1	8	-1.597341
0	1	12	-2.538987
0	1	14	-2.792645
0	1	11	-3.137431
0	1	9	-3.998902
0	1	3	-6.351794
0	1	10	-6.535169
0	1	18	-7.176409
0	1	13	-7.395318
0	1	7	-8.503423
0	1	6	-8.947062
0	1	4	-9.378301
0	1	16	-9.850631
0	1	19	-11.253395
0	1	17	-11.475487
0	2	1	10.180242
0	2	5	8.681334
0	2	8	4.437533
0	2	9	0.130358
0	2	0	-0.424182
0	2	3	-0.819784
0	2	11	-2.726807
0	2	15	-2.958301
0	2	2	-3.978594
0	2	18	-7.619953
0	2	10	-8.100288
0	2	14	-8.594530
0	2	7	-9.293578
0	2	6	-9.741801
0	2	4	-9.744892
0	2	13	-9.965732
0	2	16	-10.739154
0	2	12	-10.980771
0	2	19	-11.714215
0	2	17	-12.162588
0	3	1	10.088871
0	3	15	9.195609
0	3	5	6.258044
0	3	9	3.908012
0	3	8	2.894438
0	3	10	0.818611
0	3	3	-0.811319
0	3	2	-2.994502
0	3	11	-3.327235
0	3	14	-6.977856
0	3	18	-7.439432
0	3	4	-8.019288
0	3	0	-8.808067
0	3	6	-9.251372
0	3	7	-9.525811
0	3	12	-10.992313
0	3	13	-11.188103
0	3	16	-11.500706
0	3	19	-11.775068
0	3	17	-11.827863
0	14	37	6.825051
0	14	61	6.593755
0	14	63	6.464468
0	14	8	5.780634
0	14	65	4.725487
0	14	30	4.638436
0	14	21	3.639524
0	14	22	2.679686
0	14	20	2.462772
0	14	38	2.391584
0	14	45	2.274968
0	14	29	1.995963
0	14	27	0.172691
0	14	51	-0.406898
0	14	3	-0.434027
0	14	28	-0.967811
0	14	31	-1.029884
0	14	43	-1.225859
0	14	26	-1.907084
0	14	11	-2.676275
0	14	24	-2.692205
0	14	14	-3.094311
0	14	46	-3.656614
0	14	50	-4.030458
0	14	54	-4.231061
0	14	57	-4.294554
0	14	66	-4.412288
0	14	23	-4.892869
0	14	42	-5.270044
0	14	25	-5.556333
0	14	62	-6.131011
0	14	32	-6.356994
0	14	33	-6.476329
0	14	58	-6.814728
0	14	52	-7.086901
0	14	18	-7.297059
0	14	53	-7.539431
0	14	41	-7.594138
0	14	47	-7.943230
0	14	71	-8.023823
0	14	64	-8.082847
0	14	39	-8.260786
0	14	69	-8.372655
0	14	56	-8.449551
0	14	36	-8.453373
0	14	85	-8.489299
0	14	48	-8.555182
0	14	73	-9.572690
0	14	40	-9.597886
0	14	77	-9.982428
0	14	76	-10.120957
0	14	72	-10.239180
0	14	34	-10.311316
0	14	16	-10.530699
0	14	35	-10.771552
0	14	70	-10.815816
0	14	74	-10.897813
0	14	75	-10.940701
0	14	55	-11.028296
0	14	79	-11.306464
0	14	49	-11.319114
0	14	78	-11.361331
0	14	44	-11.653719
0	15	43	9.577758
0	15	23	9.119223
0	15	53	8.451042
0	15	50	8.097127
0	15	31	8.078500
0	15	21	8.046626
0	15	30	7.870212
0	15	46	7.763583
0	15	62	7.745569
0	15	63	6.935442
0	15	20	6.829690
0	15	32	6.748729
0	15	48	6.532556
0	15	37	6.275282
0	15	28	6.217262
0	15	51	5.941969
0	15	54	5.141619
0	15	57	4.801207
0	15	61	4.685740
0	15	39	4.040493
0	15	22	3.738051
0	15	73	3.727396
0	15	24	2.764340
0	15	45	2.401970
0	15	49	2.194339
0	15	27	1.983246
0	15	25	1.900349
0	15	8	1.352193
0	15	66	1.063018
0	15	14	0.931105
0	15	3	0.633341
0	15	58	0.452867
0	15	56	0.164716
0	15	35	-1.427674
0	15	70	-1.524243
0	15	34	-2.056082
0	15	55	-2.387785
0	15	79	-3.047681
0	15	16	-3.327534
0	15	52	-3.933897
0	15	69	-4.143978
0	15	78	-6.451186
0	15	72	-6.618136
0	15	71	-6.695096
0	15	26	-7.312902
0	15	36	-7.326061
0	15	18	-7.493995
0	15	42	-7.607656
0	15	65	-7.808841
0	15	29	-8.492863
0	15	11	-8.613624
0	15	38	-8.642225
0	15	74	-8.645628
0	15	64	-8.887877
0	15	33	-8.971191
0	15	44	-9.007601
0	15	47	-9.516779
0	15	75	-9.571775
0	15	85	-9.700336
0	15	41	-9.907060
0	15	40	-10.229929
0	15	76	-10.283971
0	15	77	-10.878640
0	16	43	11.506670
0	16	58	10.242059
0	16	54	9.894061
0	16	53	9.761050
0	16	20	9.284542
0	16	62	9.163125
0	16	26	9.014371
0	16	52	8.918060
0	16	22	8.839195
0	16	56	7.763798
0	16	63	7.700048
0	16	28	7.579290
0	16	21	7.515926
0	16	51	7.326284
0	16	37	6.451908
0	16	31	5.738274
0	16	25	5.691614
0	16	61	5.645261
0	16	46	5.108232
0	16	42	4.694988
0	16	32	4.625535
0	16	23	4.073226
0	16	36	1.425057
0	16	30	1.369232
0	16	8	1.084288
0	16	45	-0.174677
0	16	3	-2.143186
0	16	35	-2.206284
0	16	29	-3.384830
0	16	14	-4.423865
0	16	65	-4.568008
0	16	48	-5.320371
0	16	39	-6.756022
0	16	50	-7.059634
0	16	57	-7.239085
0	16	11	-8.039680
0	16	18	-8.206780
0	16	27	-8.286597
0	16	38	-8.317335
0	16	47	-8.410942
0	16	24	-8.698273
0	16	72	-8.953882
0	16	16	-9.242182
0	16	64	-9.590867
0	16	66	-9.726960
0	16	33	-9.855056
0	16	41	-9.914374
0	16	85	-9.948499
0	16	71	-10.069343
0	16	77	-10.366169
0	16	40	-10.817540
0	16	34	-10.990302
0	16	69	-11.001661
0	16	76	-11.070221
0	16	73	-11.211687
0	16	70	-11.280229
0	16	49	-11.335413
0	16	74	-11.470220
0	16	75	-11.504742
0	16	55	-11.649542
0	16	79	-11.780743
0	16	44	-11.873299
0	16	78	-12.002007
0	19	43	9.385610
0	19	57	8.511973
0	19	37	8.413664
0	19	63	8.175638
0	19	8	8.037877
0	19	62	7.476060
0	19	23	7.074095
0	19	20	7.021566
0	19	65	6.762180
0	19	31	6.205835
0	19	22	5.905324
0	19	61	5.790404
0	19	14	5.561568
0	19	46	5.196984
0	19	24	4.594902
0	19	11	3.612664
0	19	27	2.854610
0	19	38	1.563781
0	19	45	0.030358
0	19	51	-0.913284
0	19	30	-1.087499
0	19	21	-1.198291
0	19	26	-1.621970
0	19	54	-2.470158
0	19	29	-2.660515
0	19	42	-2.949736
0	19	3	-3.195890
0	19	66	-3.890835
0	19	52	-4.477713
0	19	53	-5.475305
0	19	58	-6.250142
0	19	25	-6.680241
0	19	28	-6.833544
0	19	73	-6.976174
0	19	39	-7.224231
0	19	32	-7.436787
0	19	50	-7.498013
0	19	18	-7.593765
0	19	64	-7.951228
0	19	33	-8.512832
0	19	71	-8.562946
0	19	48	-8.694848
0	19	56	-9.036871
0	19	47	-9.147920
0	19	36	-9.281772
0	19	41	-9.649839
0	19	72	-9.693365
0	19	69	-9.750134
0	19	85	-9.818680
0	19	77	-9.914428
0	19	40	-10.001226
0	19	70	-10.551489
0	19	34	-10.788450
0	19	76	-10.850398
0	19	35	-11.066560
0	19	55	-11.092817
0	19	16	-11.138091
0	19	79	-11.253191
0	19	75	-11.329247
0	19	49	-11.364335
0	19	74	-11.413992
0	19	44	-11.502026
0	19	78	-11.890296
0	22	53	11.049597
0	22	26	10.909196
0	22	22	10.619929
0	22	43	10.382426
0	22	29	10.226036
0	22	37	10.134455
0	22	52	9.983835
0	22	54	9.762805
0	22	62	9.581258
0	22	32	9.393611
0	22	20	8.927109
0	22	63	8.904355
0	22	46	8.839802
0	22	51	8.306089
0	22	31	8.262540
0	22	57	8.009749
0	22	48	6.788260
0	22	50	6.483355
0	22	21	6.478402
0	22	56	6.431333
0	22	61	6.053185
0	22	58	5.608506
0	22	27	5.431408
0	22	25	5.358129
0	22	3	3.167631
0	22	45	2.415200
0	22	8	1.764813
0	22	66	-2.041040
0	22	23	-2.546977
0	22	28	-3.136624
0	22	16	-3.183003
0	22	30	-5.187349
0	22	71	-5.318032
0	22	34	-6.298879
0	22	36	-7.200425
0	22	14	-7.493423
0	22	42	-7.549326
0	22	18	-7.678968
0	22	65	-7.949637
0	22	11	-7.998658
0	22	38	-8.023726
0	22	72	-9.286486
0	22	64	-9.355668
0	22	35	-9.371286
0	22	39	-9.396258
0	22	47	-9.580138
0	22	24	-9.719119
0	22	85	-9.758738
0	22	33	-9.831069
0	22	49	-9.861722
0	22	41	-9.909464
0	22	77	-10.210468
0	22	76	-10.309439
0	22	74	-10.510093
0	22	69	-10.610717
0	22	40	-10.706788
0	22	70	-10.965524
0	22	75	-11.176147
0	22	79	-11.421367
0	22	73	-11.469694
0	22	44	-11.767298
0	22	55	-11.821526
0	22	78	-11.912938
0	43	94	9.400725
0	43	89	8.229417
0	43	99	7.984046
0	43	63	7.083384
0	43	15	7.058709
0	43	61	6.863490
0	43	8	5.753695
0	43	93	4.214367
0	43	95	3.660423
0	43	90	2.909378
0	43	106	1.719728
0	43	3	0.231571
0	43	26	-0.044131
0	43	97	-1.734828
0	43	92	-1.839431
0	43	87	-2.426151
0	43	11	-2.945752
0	43	86	-3.176288
0	43	18	-6.491760
0	43	52	-6.805197
0	43	91	-7.018786
0	43	58	-7.638788
0	43	105	-7.673954
0	43	88	-7.775128
0	43	14	-7.784065
0	43	107	-8.267442
0	43	13	-8.660005
0	43	96	-9.389167
0	43	85	-9.680767
0	43	98	-10.078082
0	43	69	-10.225694
0	43	109	-10.271236
0	43	103	-10.423839
0	43	110	-10.537662
0	43	108	-11.027164
0	43	100	-11.381147
0	43	17	-12.079894
0	44	15	11.391531
0	44	90	9.394510
0	44	63	6.893950
0	44	93	6.653418
0	44	98	6.570030
0	44	89	6.145865
0	44	8	5.876152
0	44	61	5.790127
0	44	106	5.518836
0	44	87	4.880627
0	44	52	4.870198
0	44	26	3.603990
0	44	92	3.037089
0	44	58	2.704664
0	44	99	2.517993
0	44	3	2.478805
0	44	94	2.372186
0	44	88	2.266969
0	44	91	1.450354
0	44	14	1.095115
0	44	86	0.100745
0	44	107	-0.863032
0	44	95	-1.413322
0	44	11	-2.052414
0	44	109	-2.989720
0	44	69	-3.633558
0	44	105	-5.044463
0	44	100	-5.202056
0	44	97	-6.246796
0	44	103	-6.420275
0	44	18	-7.250054
0	44	85	-8.825783
0	44	13	-9.152966
0	44	110	-9.153617
0	44	96	-9.547347
0	44	108	-9.746086
0	44	17	-11.733349
0	54	8	8.085383
0	54	3	0.749314
0	54	14	-5.301886
0	54	18	-5.979015
0	54	11	-6.108148
0	54	13	-9.537280
0	54	111	-9.920999
0	54	7	-10.254932
0	54	16	-10.566305
0	54	17	-11.599949
0	57	8	3.280205
0	57	3	-0.365449
0	57	11	-3.430408
0	57	18	-5.528781
0	57	14	-6.010014
0	57	13	-9.739255
0	57	7	-9.752468
0	57	111	-10.250133
0	57	16	-10.467337
0	57	17	-11.751230
0	58	14	4.954142
0	58	8	3.692148
0	58	3	3.409945
0	58	13	0.108250
0	58	18	-1.459183
0	58	16	-4.887813
0	58	17	-5.861019
0	58	11	-6.495367
0	58	7	-10.444205
0	58	111	-10.589708
0	73	158	10.111084
0	73	163	9.029570
0	73	154	8.880205
0	73	137	8.571547
0	73	157	8.525548
0	73	150	8.286633
0	73	153	8.095856
0	73	168	7.057102
0	73	161	6.836155
0	73	8	6.324320
0	73	152	5.501717
0	73	11	5.158539
0	73	132	5.066839
0	73	170	4.534721
0	73	169	3.245511
0	73	148	3.170206
0	73	149	2.603610
0	73	156	1.549319
0	73	146	0.372515
0	73	151	0.069653
0	73	3	-2.433850
0	73	162	-6.033152
0	73	18	-6.998498
0	73	155	-7.135121
0	73	159	-8.975466
0	73	14	-9.409997
0	73	160	-9.843492
0	73	13	-10.788229
0	73	17	-11.062588
0	73	147	-11.202404
0	73	145	-11.207465
0	73	16	-11.347037
0	74	158	10.086060
0	74	150	9.813177
0	74	154	9.565578
0	74	163	8.902470
0	74	153	8.894783
0	74	157	8.759889
0	74	168	8.660963
0	74	137	8.497755
0	74	14	8.120956
0	74	161	7.597359
0	74	148	7.535626
0	74	132	7.081831
0	74	152	6.769029
0	74	8	6.445387
0	74	11	6.315310
0	74	170	3.657849
0	74	146	2.372914
0	74	159	1.722986
0	74	156	0.427624
0	74	3	-0.870037
0	74	151	-2.017675
0	74	169	-3.012755
0	74	149	-3.385961
0	74	155	-5.892319
0	74	162	-6.058848
0	74	18	-7.390545
0	74	13	-9.409190
0	74	160	-9.462330
0	74	17	-9.865563
0	74	145	-11.014010
0	74	16	-11.086775
0	74	147	-11.487104
0	75	165	10.343264
0	75	167	9.842805
0	75	137	9.251266
0	75	11	8.470036
0	75	128	7.112294
0	75	132	7.054283
0	75	8	6.785644
0	75	171	6.452089
0	75	166	4.314510
0	75	3	1.562043
0	75	146	-5.849032
0	75	14	-5.925868
0	75	18	-6.466941
0	75	164	-6.878637
0	75	160	-8.682487
0	75	17	-8.941722
0	75	13	-9.736490
0	75	16	-10.847517
0	75	145	-11.226863
0	75	147	-11.554996
0	77	8	9.913384
0	77	137	9.706028
0	77	128	8.113067
0	77	3	3.851588
0	77	18	3.538280
0	77	165	0.342418
0	77	11	-2.103955
0	77	167	-3.478266
0	77	164	-4.025877
0	77	146	-5.456885
0	77	166	-5.709410
0	77	132	-7.620200
0	77	13	-8.263216
0	77	160	-8.401001
0	77	14	-9.098166
0	77	171	-9.509533
0	77	16	-10.414667
0	77	145	-11.331397
0	77	147	-11.475186
0	77	17	-11.928480
0	94	116	11.195932
0	94	188	10.473525
0	94	15	10.379463
0	94	190	10.295895
0	94	122	8.603106
0	94	63	8.177668
0	94	200	7.558035
0	94	99	6.620677
0	94	51	6.364995
0	94	3	6.023974
0	94	8	5.927018
0	94	203	4.830651
0	94	113	4.723406
0	94	201	4.640769
0	94	14	4.625285
0	94	193	4.543012
0	94	202	2.799031
0	94	196	2.509265
0	94	207	1.496654
0	94	210	1.447984
0	94	192	1.264222
0	94	206	0.201053
0	94	198	-2.456661
0	94	13	-2.461153
0	94	204	-2.777935
0	94	109	-3.029485
0	94	199	-3.423722
0	94	16	-4.482437
0	94	18	-4.771134
0	94	208	-5.112173
0	94	194	-5.532280
0	94	189	-6.373286
0	94	126	-6.898561
0	94	205	-6.992797
0	94	17	-7.004571
0	94	217	-8.562592
0	94	197	-8.898345
0	94	212	-9.342669
0	94	209	-9.445907
0	94	195	-9.959441
0	94	187	-11.496403
0	94	191	-11.549106
0	95	116	10.628444
0	95	198	10.422591
0	95	15	9.744832
0	95	190	7.703977
0	95	200	7.232155
0	95	99	5.150273
0	95	51	4.166955
0	95	188	3.534014
0	95	17	3.400684
0	95	217	2.853376
0	95	192	2.782610
0	95	113	0.663859
0	95	3	-0.853854
0	95	63	-1.073937
0	95	194	-1.961661
0	95	206	-2.109339
0	95	196	-4.054723
0	95	202	-6.212993
0	95	8	-6.524346
0	95	18	-6.856006
0	95	201	-6.938356
0	95	199	-6.987807
0	95	122	-7.034214
0	95	16	-7.575505
0	95	13	-7.949353
0	95	210	-8.159894
0	95	189	-8.523716
0	95	204	-8.537436
0	95	14	-8.562204
0	95	205	-8.921250
0	95	193	-9.197912
0	95	212	-9.554944
0	95	209	-9.775512
0	95	207	-9.906392
0	95	195	-9.930452
0	95	126	-9.935962
0	95	197	-10.072421
0	95	203	-10.296755
0	95	191	-11.498032
0	95	109	-11.613974
0	95	187	-11.628188
0	95	208	-12.196555
0	96	116	10.867548
0	96	122	10.588632
0	96	188	10.372478
0	96	15	8.133919
0	96	63	8.085788
0	96	99	6.690141
0	96	8	6.419224
0	96	192	2.359692
0	96	190	1.097535
0	96	200	0.702839
0	96	210	0.266547
0	96	3	-0.071302
0	96	207	-0.165138
0	96	203	-3.474515
0	96	51	-3.947928
0	96	196	-4.025621
0	96	206	-5.158555
0	96	18	-5.793436
0	96	201	-6.036420
0	96	202	-6.050906
0	96	199	-7.578029
0	96	113	-7.950647
0	96	193	-7.977204
0	96	189	-8.196430
0	96	194	-8.304902
0	96	205	-8.305659
0	96	14	-8.658900
0	96	204	-8.834314
0	96	13	-8.976607
0	96	212	-9.312418
0	96	209	-9.899296
0	96	16	-9.984610
0	96	195	-10.220611
0	96	197	-10.241940
0	96	126	-10.272555
0	96	208	-10.876805
0	96	198	-10.963905
0	96	191	-11.075225
0	96	187	-11.298604
0	96	109	-11.498626
0	96	217	-11.752065
0	96	17	-12.198398
0	99	15	9.250946
0	99	190	8.065008
0	99	122	7.465587
0	99	51	6.664116
0	99	211	5.458301
0	99	99	4.410771
0	99	63	3.375612
0	99	206	3.177462
0	99	188	3.059384
0	99	3	2.947892
0	99	8	1.399377
0	99	196	1.015901
0	99	192	-0.269766
0	99	200	-0.978933
0	99	113	-1.411243
0	99	202	-2.058333
0	99	201	-2.223863
0	99	116	-2.509649
0	99	204	-3.010834
0	99	109	-4.112272
0	99	194	-4.485833
0	99	16	-4.622538
0	99	18	-4.720317
0	99	203	-6.802097
0	99	198	-8.132359
0	99	193	-8.142185
0	99	199	-8.294565
0	99	210	-8.471309
0	99	207	-8.508118
0	99	13	-8.616014
0	99	217	-8.691974
0	99	14	-9.026029
0	99	205	-9.299160
0	99	189	-9.350644
0	99	212	-9.689328
0	99	209	-9.805243
0	99	126	-9.858729
0	99	195	-10.266747
0	99	197	-10.450887
0	99	191	-11.337853
0	100	190	10.247138
0	100	15	10.032264
0	100	51	10.000150
0	100	188	8.992554
0	100	99	8.755186
0	100	211	8.425724
0	100	200	7.773746
0	100	116	6.899194
0	100	113	5.353615
0	100	63	5.042266
0	100	3	4.701608
0	100	206	3.019316
0	100	196	0.829941
0	100	109	0.779452
0	100	8	-0.093367
0	100	16	-3.216689
0	100	201	-3.775802
0	100	192	-4.863719
0	100	13	-5.036038
0	100	18	-6.039781
0	100	199	-6.680314
0	100	122	-6.856102
0	100	210	-7.098024
0	100	189	-7.225803
0	100	14	-7.536000
0	100	202	-7.565219
0	100	194	-7.783673
0	100	198	-8.072121
0	100	193	-8.637067
0	100	205	-8.663689
0	100	204	-8.930220
0	100	217	-8.991171
0	100	207	-9.135581
0	100	209	-9.490632
0	100	126	-9.587847
0	100	195	-9.719242
0	100	212	-9.748424
0	100	203	-10.221370
0	100	197	-10.265311
0	100	191	-10.822759
0	123	229	11.069281
0	123	228	10.562335
0	123	188	9.138013
0	123	224	8.366624
0	123	8	7.864895
0	123	190	7.857760
0	123	232	7.136553
0	123	238	6.566554
0	123	235	6.268084
0	123	51	6.218167
0	123	14	5.851742
0	123	227	5.467010
0	123	243	5.037576
0	123	116	4.591870
0	123	233	2.751271
0	123	99	2.422853
0	123	201	1.997587
0	123	3	0.917899
0	123	122	-0.043752
0	123	221	-1.010078
0	123	196	-1.444850
0	123	223	-1.507889
0	123	230	-3.689534
0	123	241	-3.741597
0	123	242	-5.467582
0	123	245	-6.457496
0	123	18	-6.980038
0	123	244	-7.626564
0	123	239	-7.778733
0	123	16	-7.787253
0	123	210	-7.876726
0	123	226	-8.013152
0	123	208	-8.339333
0	123	207	-8.364141
0	123	236	-8.470202
0	123	237	-8.648852
0	123	199	-8.665752
0	123	225	-8.676972
0	123	11	-8.759288
0	123	240	-8.782603
0	123	246	-8.785258
0	123	222	-8.920939
0	123	247	-9.612367
0	123	234	-9.679387
0	123	96	-9.899086
0	123	197	-9.984547
0	123	231	-10.043160
0	123	198	-10.563920
0	123	191	-11.362308
0	123	217	-11.364395
0	123	187	-11.538103
0	124	221	10.160773
0	124	235	10.018956
0	124	228	9.854967
0	124	224	9.804858
0	124	190	8.895167
0	124	122	8.820108
0	124	188	8.381724
0	124	51	8.352162
0	124	232	8.309149
0	124	223	7.825520
0	124	225	7.016611
0	124	236	6.037798
0	124	233	5.695781
0	124	3	5.338901
0	124	240	4.903298
0	124	229	3.270297
0	124	199	3.032635
0	124	116	2.849166
0	124	99	2.635553
0	124	201	2.617639
0	124	8	2.548419
0	124	207	1.860428
0	124	210	0.190956
0	124	227	-1.542487
0	124	243	-1.844863
0	124	234	-3.293401
0	124	238	-4.390435
0	124	14	-5.124434
0	124	11	-5.328449
0	124	196	-5.763185
0	124	241	-6.455275
0	124	208	-6.561386
0	124	18	-6.712419
0	124	244	-6.778881
0	124	230	-7.357325
0	124	246	-8.653773
0	124	242	-8.655418
0	124	226	-8.896830
0	124	245	-9.221544
0	124	231	-9.342632
0	124	239	-9.426902
0	124	197	-9.725235
0	124	222	-9.788940
0	124	96	-9.857404
0	124	198	-10.528028
0	124	191	-10.798146
0	124	237	-10.910186
0	124	16	-11.068050
0	124	247	-11.305956
0	124	187	-11.415677
0	124	217	-11.761761
0	125	228	10.373423
0	125	14	10.204974
0	125	224	9.677907
0	125	233	9.480111
0	125	116	9.338033
0	125	229	8.725269
0	125	232	7.845671
0	125	198	7.787867
0	125	190	7.720982
0	125	188	7.560344
0	125	51	6.349458
0	125	210	6.065892
0	125	207	5.316480
0	125	122	5.263831
0	125	235	5.094145
0	125	99	3.765259
0	125	221	2.693550
0	125	223	1.999377
0	125	243	0.981008
0	125	196	0.545941
0	125	201	0.390017
0	125	238	0.277655
0	125	3	-0.090541
0	125	8	-0.518615
0	125	227	-0.590146
0	125	230	-1.544149
0	125	240	-1.916992
0	125	236	-4.711436
0	125	11	-5.279894
0	125	217	-5.309589
0	125	241	-5.400803
0	125	237	-5.648172
0	125	199	-5.877844
0	125	244	-6.234371
0	125	239	-6.438019
0	125	222	-6.566679
0	125	18	-7.101917
0	125	16	-7.782745
0	125	247	-7.843606
0	125	226	-7.865075
0	125	225	-8.482830
0	125	245	-8.700735
0	125	246	-9.172514
0	125	242	-9.421083
0	125	234	-9.509318
0	125	231	-9.869701
0	125	197	-10.018442
0	125	96	-10.129354
0	125	187	-11.311038
0	125	191	-11.724980
0	125	208	-12.026555
0	126	116	11.156156
0	126	190	10.649584
0	126	188	10.583489
0	126	244	10.018678
0	126	229	9.873908
0	126	51	9.079714
0	126	228	8.974339
0	126	235	8.917805
0	126	240	8.578549
0	126	99	7.928990
0	126	224	7.699576
0	126	232	7.469917
0	126	223	7.371655
0	126	122	6.640976
0	126	222	4.655043
0	126	14	4.645075
0	126	221	3.961277
0	126	238	3.839710
0	126	243	3.405186
0	126	236	2.280687
0	126	3	1.777206
0	126	227	1.691033
0	126	8	0.195497
0	126	246	-0.084209
0	126	241	-0.123502
0	126	198	-1.490891
0	126	196	-1.736401
0	126	201	-3.309291
0	126	233	-3.661202
0	126	210	-4.076632
0	126	16	-4.637333
0	126	11	-5.850623
0	126	226	-6.626294
0	126	225	-7.113984
0	126	18	-7.239631
0	126	217	-7.586258
0	126	230	-7.709299
0	126	237	-7.790284
0	126	247	-7.963958
0	126	199	-8.623400
0	126	239	-8.668759
0	126	245	-8.972045
0	126	234	-9.328604
0	126	242	-9.546515
0	126	96	-9.783680
0	126	231	-9.896542
0	126	207	-10.134842
0	126	197	-10.290669
0	126	187	-10.733384
0	126	208	-11.117757
0	126	191	-11.233356
0	127	116	9.568670
0	127	240	8.086759
0	127	221	7.301796
0	127	229	6.346636
0	127	188	4.691711
0	127	236	3.969072
0	127	232	1.813609
0	127	99	1.727565
0	127	190	1.465565
0	127	230	-1.629029
0	127	238	-2.282367
0	127	3	-2.438235
0	127	228	-5.162177
0	127	51	-5.838002
0	127	122	-6.297892
0	127	18	-7.482444
0	127	14	-7.532237
0	127	11	-7.820378
0	127	224	-8.100957
0	127	196	-8.305226
0	127	210	-8.596709
0	127	233	-8.681145
0	127	243	-8.781815
0	127	244	-8.800312
0	127	227	-8.951818
0	127	234	-9.085951
0	127	223	-9.116770
0	127	235	-9.191216
0	127	96	-9.309288
0	127	199	-9.377043
0	127	246	-9.414649
0	127	226	-9.525393
0	127	207	-9.529348
0	127	8	-9.578033
0	127	231	-9.664446
0	127	245	-9.755456
0	127	222	-9.944169
0	127	242	-9.981952
0	127	197	-10.109572
0	127	201	-10.248072
0	127	241	-10.324885
0	127	239	-10.328775
0	127	187	-10.449499
0	127	198	-10.662179
0	127	225	-10.691489
0	127	237	-10.738080
0	127	191	-10.748861
0	127	247	-11.138404
0	127	16	-11.557754
0	127	217	-11.563140
0	127	208	-11.909859
0	144	257	9.717360
0	144	253	7.958866
0	144	252	6.614100
0	144	248	4.669060
0	144	63	3.085450
0	144	8	1.608189
0	144	251	-0.233455
0	144	200	-0.843825
0	144	3	-4.456312
0	144	18	-5.355377
0	144	254	-6.310719
0	144	14	-6.605138
0	144	11	-7.561786
0	144	258	-7.854473
0	144	113	-8.315407
0	144	250	-8.325910
0	144	199	-9.078404
0	144	201	-9.349014
0	144	256	-9.638955
0	144	13	-9.680892
0	144	249	-10.188993
0	144	16	-10.244527
0	144	109	-10.479134
0	144	255	-10.629092
0	144	110	-10.922440
0	144	208	-11.252916
0	144	191	-11.371120
0	144	187	-11.467345
0	144	17	-12.103438
0	145	63	6.781176
0	145	254	3.850411
0	145	253	3.691093
0	145	248	0.768342
0	145	200	-0.608122
0	145	252	-2.156599
0	145	3	-4.611093
0	145	8	-4.996306
0	145	109	-6.402963
0	145	11	-6.714862
0	145	251	-6.807740
0	145	257	-7.199665
0	145	18	-7.271511
0	145	14	-8.042083
0	145	113	-8.339328
0	145	208	-8.510262
0	145	250	-8.698135
0	145	249	-8.811252
0	145	199	-9.174355
0	145	256	-9.222120
0	145	258	-9.372041
0	145	201	-9.558584
0	145	13	-9.939690
0	145	110	-9.996948
0	145	16	-10.256454
0	145	255	-10.266573
0	145	187	-10.795831
0	145	191	-11.058194
0	145	17	-11.818603
0	146	257	8.285052
0	146	200	7.642063
0	146	63	7.005281
0	146	253	6.298221
0	146	248	5.482821
0	146	254	5.383823
0	146	3	4.404192
0	146	109	4.037181
0	146	8	3.382841
0	146	252	3.056751
0	146	201	2.200141
0	146	249	2.188588
0	146	251	0.613649
0	146	18	0.481421
0	146	250	0.392720
0	146	258	-0.580346
0	146	113	-0.582390
0	146	16	-1.284999
0	146	199	-3.256776
0	146	14	-4.248501
0	146	208	-5.044226
0	146	13	-5.158341
0	146	11	-8.566018
0	146	256	-8.647141
0	146	17	-8.695693
0	146	110	-9.076440
0	146	255	-10.174064
0	146	187	-10.674112
0	146	191	-10.845710
0	147	253	10.134155
0	147	8	9.095686
0	147	252	8.949319
0	147	63	8.901978
0	147	199	7.629407
0	147	257	7.557165
0	147	248	7.502633
0	147	251	6.955143
0	147	3	4.649590
0	147	14	3.593296
0	147	254	1.950787
0	147	256	-1.887702
0	147	201	-4.416909
0	147	258	-5.258108
0	147	11	-5.260166
0	147	18	-5.867318
0	147	200	-6.018296
0	147	16	-6.847553
0	147	208	-7.020900
0	147	250	-7.325197
0	147	113	-8.860370
0	147	255	-9.289897
0	147	13	-9.745521
0	147	249	-9.754644
0	147	110	-9.889946
0	147	109	-9.971677
0	147	191	-10.437979
0	147	187	-10.912110
0	147	17	-11.899273
0	148	63	7.089771
0	148	254	6.740799
0	148	8	4.578303
0	148	253	3.790813
0	148	200	1.049510
0	148	3	-1.087589
0	148	257	-1.301394
0	148	113	-4.160492
0	148	248	-4.336510
0	148	14	-5.084559
0	148	252	-6.343431
0	148	11	-6.623640
0	148	250	-7.380103
0	148	18	-7.408210
0	148	13	-7.536376
0	148	251	-8.243842
0	148	258	-8.474802
0	148	249	-8.521068
0	148	199	-8.717061
0	148	256	-9.024879
0	148	201	-9.383767
0	148	16	-9.761298
0	148	255	-10.015191
0	148	208	-10.029859
0	148	109	-10.056654
0	148	187	-10.269034
0	148	191	-10.284603
0	148	110	-10.662827
0	148	17	-11.992087
0	150	253	9.318681
0	150	8	9.000991
0	150	63	8.334602
0	150	200	6.388288
0	150	251	5.701710
0	150	248	3.823482
0	150	14	2.199445
0	150	252	0.027095
0	150	254	-0.578995
0	150	3	-1.090275
0	150	201	-4.466688
0	150	250	-4.802847
0	150	257	-5.453893
0	150	16	-5.838701
0	150	18	-6.255400
0	150	258	-7.181709
0	150	11	-7.728528
0	150	249	-7.823694
0	150	208	-8.398529
0	150	113	-8.903193
0	150	13	-9.205341
0	150	256	-9.344360
0	150	199	-9.668727
0	150	255	-9.996810
0	150	110	-10.403726
0	150	109	-10.434236
0	150	187	-10.599890
0	150	191	-11.100984
0	150	17	-12.030238
0	177	183	11.593354
0	177	116	10.830433
0	177	270	7.818355
0	177	61	6.340092
0	177	264	5.622690
0	177	30	4.178124
0	177	267	4.031019
0	177	263	3.241646
0	177	8	2.374847
0	177	14	2.173957
0	177	63	0.720679
0	177	112	-1.102092
0	177	58	-2.559047
0	177	119	-2.828839
0	177	51	-5.790387
0	177	266	-6.136348
0	177	269	-6.666062
0	177	3	-6.731657
0	177	244	-6.864866
0	177	265	-6.901554
0	177	18	-7.265761
0	177	11	-7.410270
0	177	268	-7.940658
0	177	113	-8.015300
0	177	13	-8.597475
0	177	272	-9.444971
0	177	231	-10.138679
0	177	280	-10.641149
0	177	255	-10.759843
0	177	115	-10.845344
0	177	278	-11.058376
0	177	271	-11.315116
0	177	16	-11.470338
0	177	109	-11.814453
0	177	17	-11.905544
0	177	277	-12.297510
0	178	183	11.312563
0	178	116	10.654767
0	178	30	7.718942
0	178	264	7.045424
0	178	270	6.379504
0	178	263	5.554801
0	178	63	4.390553
0	178	61	3.588301
0	178	119	2.740910
0	178	8	2.312599
0	178	267	1.559251
0	178	112	-0.020985
0	178	244	-0.049019
0	178	3	-2.732275
0	178	51	-4.262964
0	178	11	-4.703401
0	178	266	-4.815053
0	178	265	-5.201245
0	178	58	-5.244152
0	178	269	-6.615167
0	178	113	-6.844803
0	178	268	-7.015698
0	178	14	-7.141208
0	178	18	-7.364077
0	178	13	-8.437667
0	178	272	-8.775963
0	178	231	-8.921269
0	178	271	-9.196373
0	178	16	-10.490624
0	178	115	-10.575994
0	178	280	-10.689511
0	178	109	-10.695008
0	178	255	-10.719428
0	178	278	-11.098986
0	178	17	-11.680896
0	178	277	-12.530216
0	179	183	11.724452
0	179	116	10.817820
0	179	270	8.924446
0	179	30	8.747863
0	179	244	6.321158
0	179	263	6.035579
0	179	8	5.885169
0	179	267	5.784872
0	179	63	4.826186
0	179	61	4.585543
0	179	264	2.879219
0	179	119	2.153581
0	179	112	1.088115
0	179	266	-1.740738
0	179	11	-2.488486
0	179	3	-3.251530
0	179	265	-3.954442
0	179	51	-3.957077
0	179	113	-4.909407
0	179	18	-6.524827
0	179	269	-7.679905
0	179	268	-7.710682
0	179	58	-7.847147
0	179	272	-8.041278
0	179	13	-8.282584
0	179	14	-8.463788
0	179	231	-9.970801
0	179	271	-10.102981
0	179	109	-10.239067
0	179	115	-10.249238
0	179	278	-10.313143
0	179	16	-10.598088
0	179	255	-10.612958
0	179	280	-11.029898
0	179	17	-11.700697
0	179	277	-12.109968
0	180	183	10.271910
0	180	30	9.794955
0	180	63	8.691037
0	180	8	8.326034
0	180	263	7.988431
0	180	116	7.893225
0	180	112	7.454558
0	180	3	6.935920
0	180	267	6.808707
0	180	270	6.150976
0	180	244	5.486310
0	180	269	4.339447
0	180	264	2.996478
0	180	266	2.768465
0	180	11	2.318636
0	180	115	2.007930
0	180	119	1.766159
0	180	61	1.612949
0	180	268	0.547729
0	180	51	-2.688596
0	180	265	-2.862033
0	180	271	-3.292922
0	180	18	-4.236975
0	180	14	-5.086487
0	180	58	-5.372001
0	180	255	-5.394700
0	180	113	-5.439209
0	180	272	-6.687327
0	180	231	-6.736625
0	180	16	-9.460157
0	180	13	-9.471869
0	180	109	-10.694083
0	180	280	-10.769875
0	180	278	-11.036304
0	180	17	-11.130518
0	180	277	-11.232631
0	181	183	11.754420
0	181	116	11.295736
0	181	263	10.546276
0	181	267	8.484696
0	181	264	7.290947
0	181	30	7.162534
0	181	61	6.449078
0	181	112	5.095889
0	181	63	4.800218
0	181	268	3.568141
0	181	119	1.569155
0	181	270	0.528081
0	181	51	0.354356
0	181	8	-0.147730
0	181	271	-0.750808
0	181	269	-1.675249
0	181	244	-1.820938
0	181	3	-2.736988
0	181	266	-4.607010
0	181	265	-5.326359
0	181	113	-6.227537
0	181	11	-6.778449
0	181	18	-6.828098
0	181	16	-8.134157
0	181	13	-8.238252
0	181	58	-8.866077
0	181	14	-9.205935
0	181	231	-10.049431
0	181	255	-10.276240
0	181	115	-10.400419
0	181	272	-10.424489
0	181	109	-10.875191
0	181	278	-10.985016
0	181	280	-11.357982
0	181	17	-11.837720
0	181	277	-12.431811
0	182	183	10.891521
0	182	267	9.919582
0	182	270	6.855691
0	182	264	5.227942
0	182	112	4.745656
0	182	63	3.235765
0	182	268	2.658754
0	182	61	2.111552
0	182	51	-0.387303
0	182	269	-0.939708
0	182	116	-0.970437
0	182	8	-1.612886
0	182	3	-3.064832
0	182	271	-3.612002
0	182	263	-4.022908
0	182	109	-5.128306
0	182	266	-5.194771
0	182	11	-5.535267
0	182	18	-6.830462
0	182	113	-7.304566
0	182	58	-7.538273
0	182	244	-7.571490
0	182	265	-7.804571
0	182	13	-7.869893
0	182	119	-8.541180
0	182	14	-8.858869
0	182	16	-8.969984
0	182	30	-9.068143
0	182	115	-9.637354
0	182	231	-10.027250
0	182	255	-10.163614
0	182	17	-10.422444
0	182	280	-10.708011
0	182	272	-11.179521
0	182	278	-11.408824
0	182	277	-12.158410
0	183	267	11.761196
0	183	183	11.627498
0	183	116	11.167124
0	183	276	10.520474
0	183	264	9.831532
0	183	291	9.602763
0	183	51	9.239211
0	183	273	8.421282
0	183	63	8.364725
0	183	113	8.067035
0	183	279	7.893370
0	183	275	7.801571
0	183	61	7.501794
0	183	263	6.340765
0	183	112	6.127862
0	183	294	4.614292
0	183	283	4.463408
0	183	14	3.658744
0	183	58	3.468685
0	183	285	3.181146
0	183	290	3.010669
0	183	268	2.961576
0	183	3	1.118191
0	183	295	1.077739
0	183	274	0.787371
0	183	282	0.422689
0	183	30	-2.936016
0	183	271	-3.443443
0	183	270	-4.619529
0	183	119	-5.576988
0	183	18	-5.765049
0	183	281	-8.141776
0	183	272	-8.155327
0	183	244	-8.593171
0	183	292	-9.037482
0	183	287	-9.320934
0	183	231	-9.448245
0	183	288	-9.568306
0	183	115	-9.618820
0	183	289	-9.654099
0	183	278	-9.966422
0	183	293	-9.969496
0	183	286	-10.651906
0	183	284	-10.671536
0	183	280	-10.964829
0	184	244	9.467477
0	184	183	8.640435
0	184	8	8.168916
0	184	270	7.894340
0	184	11	7.110178
0	184	263	6.294050
0	184	266	5.608319
0	184	30	5.035954
0	184	119	4.644918
0	184	61	2.710521
0	184	63	1.495653
0	184	3	-1.221617
0	184	116	-1.807859
0	184	267	-2.035907
0	184	264	-4.125409
0	184	51	-5.351535
0	184	112	-5.506190
0	184	265	-6.010570
0	184	269	-6.708919
0	184	18	-7.389288
0	184	268	-8.115333
0	184	115	-8.604912
0	184	58	-8.957845
0	184	113	-9.170220
0	184	14	-9.476985
0	184	231	-9.600406
0	184	255	-9.984942
0	184	272	-10.371305
0	184	280	-10.622240
0	184	13	-10.858104
0	184	17	-10.968386
0	184	278	-11.147423
0	184	271	-11.327703
0	184	109	-11.382173
0	184	277	-11.725005
0	184	16	-11.891525
0	185	30	10.648377
0	185	183	10.605992
0	185	270	9.179696
0	185	116	8.608749
0	185	264	8.211266
0	185	244	7.318292
0	185	263	4.232742
0	185	119	4.212922
0	185	11	3.813562
0	185	8	3.622782
0	185	266	2.356031
0	185	63	-1.075078
0	185	265	-5.596152
0	185	267	-6.858526
0	185	3	-7.336145
0	185	112	-7.386809
0	185	18	-7.589213
0	185	51	-7.645685
0	185	61	-7.997045
0	185	58	-8.272528
0	185	14	-8.774404
0	185	269	-9.276537
0	185	113	-9.326639
0	185	272	-9.645367
0	185	268	-9.784589
0	185	13	-10.070425
0	185	231	-10.172777
0	185	115	-10.190083
0	185	280	-10.368066
0	185	255	-10.556065
0	185	278	-11.059839
0	185	17	-11.855014
0	185	16	-11.948037
0	185	271	-11.980678
0	185	109	-12.023156
0	185	277	-12.086476
0	186	183	11.421060
0	186	244	10.684411
0	186	30	10.295769
0	186	116	10.112092
0	186	263	9.010907
0	186	270	8.129307
0	186	8	7.521595
0	186	63	6.687313
0	186	61	6.173745
0	186	11	5.175589
0	186	119	4.967418
0	186	266	3.983048
0	186	115	2.563413
0	186	268	2.520624
0	186	264	1.804745
0	186	3	1.744042
0	186	267	-0.434479
0	186	269	-3.971381
0	186	112	-6.012028
0	186	271	-6.260521
0	186	51	-6.509955
0	186	265	-6.680919
0	186	18	-7.089954
0	186	58	-8.348176
0	186	14	-9.309104
0	186	113	-9.368838
0	186	280	-9.711417
0	186	231	-10.081717
0	186	272	-10.090875
0	186	17	-10.351246
0	186	255	-10.480126
0	186	13	-10.597393
0	186	277	-10.646147
0	186	278	-11.167803
0	186	16	-11.751967
0	186	109	-11.973235
