0	1	1	13.353085
0	1	0	11.930002
0	1	14	11.017947
0	1	8	10.942776
0	1	11	10.356938
0	1	15	9.859254
0	1	5	9.350934
0	1	4	7.838203
0	1	2	6.542226
0	1	9	6.350770
0	1	3	3.256560
0	1	13	2.337877
0	1	6	0.309403
0	1	19	-0.043867
0	1	18	-4.568410
0	1	10	-6.225186
0	1	17	-6.442900
0	1	7	-9.895952
0	1	16	-10.571576
0	1	12	-13.047172
0	2	0	16.077068
0	2	14	15.116801
0	2	1	14.954165
0	2	11	14.491721
0	2	5	14.285151
0	2	9	12.898437
0	2	2	12.196314
0	2	8	10.500968
0	2	4	10.482179
0	2	15	8.643350
0	2	3	5.693430
0	2	7	-3.739493
0	2	13	-4.003549
0	2	6	-4.457509
0	2	12	-7.433256
0	2	16	-11.114866
0	2	10	-11.608935
0	2	18	-13.308458
0	2	17	-13.985455
0	2	19	-14.415153
0	3	0	16.822773
0	3	1	15.621818
0	3	11	14.687778
0	3	4	14.470738
0	3	5	14.426227
0	3	9	13.996158
0	3	15	13.723696
0	3	2	13.357411
0	3	14	11.579053
0	3	3	8.378387
0	3	6	8.227580
0	3	10	4.821642
0	3	8	4.762661
0	3	13	2.462730
0	3	17	0.560047
0	3	19	0.526947
0	3	12	-7.130838
0	3	16	-7.916209
0	3	18	-8.079928
0	3	7	-10.801673
0	14	21	13.738309
0	14	38	13.737463
0	14	65	13.081044
0	14	28	11.345537
0	14	20	11.323660
0	14	22	11.239238
0	14	14	9.889781
0	14	39	9.054120
0	14	29	8.511724
0	14	48	8.265693
0	14	43	7.880980
0	14	45	7.477060
0	14	24	7.321996
0	14	3	6.485000
0	14	25	6.463228
0	14	71	6.421815
0	14	62	6.330636
0	14	58	6.297072
0	14	27	5.710834
0	14	26	5.664718
0	14	31	4.931377
0	14	57	4.706718
0	14	32	4.301671
0	14	40	3.651170
0	14	33	3.449121
0	14	42	3.149649
0	14	63	2.935863
0	14	56	2.651070
0	14	79	2.348066
0	14	49	2.256933
0	14	52	2.105144
0	14	77	1.507202
0	14	70	0.295390
0	14	8	0.109179
0	14	51	-0.489790
0	14	41	-3.289146
0	14	73	-3.629344
0	14	69	-3.974581
0	14	47	-4.212015
0	14	53	-4.387912
0	14	55	-5.462724
0	14	85	-5.721192
0	14	72	-5.871492
0	14	54	-6.681841
0	14	34	-7.741513
0	14	36	-7.955997
0	14	75	-8.487215
0	14	74	-8.512184
0	14	23	-8.796918
0	14	61	-9.588194
0	14	11	-10.271195
0	14	37	-10.818352
0	14	44	-11.165660
0	14	16	-11.304344
0	14	35	-11.489292
0	14	78	-11.592986
0	14	64	-11.765581
0	14	30	-12.165884
0	14	50	-12.840650
0	14	66	-13.694064
0	14	46	-13.761549
0	14	18	-14.317924
0	14	76	-14.580866
0	15	62	16.601120
0	15	38	16.333494
0	15	14	15.167663
0	15	65	14.466956
0	15	28	13.516034
0	15	21	12.873631
0	15	22	12.790437
0	15	43	12.610663
0	15	25	12.382113
0	15	42	11.956879
0	15	20	11.898936
0	15	48	9.644972
0	15	58	8.993747
0	15	52	8.930969
0	15	26	8.504831
0	15	51	7.792400
0	15	23	7.124784
0	15	56	7.108351
0	15	69	6.914689
0	15	29	6.248771
0	15	30	6.154709
0	15	57	5.921614
0	15	3	5.859961
0	15	63	5.548652
0	15	50	5.338679
0	15	32	4.722142
0	15	53	4.050739
0	15	24	3.955061
0	15	27	3.874845
0	15	8	3.228757
0	15	31	2.049645
0	15	40	0.518986
0	15	54	-1.036256
0	15	49	-1.679108
0	15	79	-4.487368
0	15	71	-4.825430
0	15	39	-5.054914
0	15	72	-5.805182
0	15	47	-6.579846
0	15	74	-7.608809
0	15	45	-7.959836
0	15	77	-7.988637
0	15	36	-8.002468
0	15	11	-9.060176
0	15	41	-9.740623
0	15	75	-10.019279
0	15	33	-10.827030
0	15	70	-11.046609
0	15	64	-11.557672
0	15	61	-11.646960
0	15	85	-11.748770
0	15	37	-12.124705
0	15	55	-12.331860
0	15	16	-12.449564
0	15	73	-12.461117
0	15	78	-13.908716
0	15	34	-13.989673
0	15	35	-14.257702
0	15	44	-14.333825
0	15	66	-14.686972
0	15	46	-14.707598
0	15	18	-14.944404
0	15	76	-15.153625
0	16	38	16.844376
0	16	28	16.753889
0	16	62	16.736139
0	16	58	16.532423
0	16	22	16.220642
0	16	21	16.155487
0	16	56	14.864635
0	16	43	14.830598
0	16	14	14.792368
0	16	25	14.499176
0	16	26	13.699469
0	16	63	13.631489
0	16	20	13.524511
0	16	52	13.338002
0	16	51	12.893372
0	16	32	12.740696
0	16	42	12.686242
0	16	48	11.961972
0	16	54	11.927531
0	16	3	11.782373
0	16	30	11.762347
0	16	65	11.526421
0	16	53	11.310032
0	16	27	8.554312
0	16	57	8.123075
0	16	50	7.766188
0	16	29	7.731051
0	16	47	6.507013
0	16	69	5.297311
0	16	23	4.817351
0	16	49	4.817151
0	16	31	4.705981
0	16	39	3.528017
0	16	24	3.119112
0	16	79	2.266152
0	16	8	1.425681
0	16	40	-2.010085
0	16	72	-3.015116
0	16	41	-8.803899
0	16	77	-9.490307
0	16	71	-10.340434
0	16	45	-10.647354
0	16	55	-11.792565
0	16	85	-11.835794
0	16	16	-12.047618
0	16	33	-12.238523
0	16	73	-12.278820
0	16	61	-12.467314
0	16	75	-12.876637
0	16	70	-13.153377
0	16	36	-13.264913
0	16	74	-13.505116
0	16	11	-13.551135
0	16	34	-13.979241
0	16	44	-14.035672
0	16	64	-14.175024
0	16	66	-14.404053
0	16	37	-14.436532
0	16	78	-14.666798
0	16	18	-14.796707
0	16	35	-14.906320
0	16	46	-15.090600
0	16	76	-15.222184
0	19	29	16.579182
0	19	65	16.515007
0	19	21	15.913266
0	19	38	14.608911
0	19	20	13.760378
0	19	22	12.835626
0	19	62	12.739386
0	19	39	12.325465
0	19	3	12.216424
0	19	14	11.428395
0	19	45	11.290833
0	19	28	10.247945
0	19	25	9.819474
0	19	57	9.488805
0	19	24	9.474994
0	19	26	9.438798
0	19	48	9.315772
0	19	70	9.146482
0	19	42	8.791909
0	19	43	8.764649
0	19	27	7.646813
0	19	33	7.496683
0	19	69	7.222985
0	19	31	7.004910
0	19	77	6.610397
0	19	71	6.291341
0	19	49	6.258420
0	19	63	5.944066
0	19	40	5.822276
0	19	56	5.240927
0	19	23	4.730039
0	19	79	4.028635
0	19	32	4.022353
0	19	58	3.808606
0	19	46	3.459129
0	19	8	3.356413
0	19	52	0.836046
0	19	47	0.819924
0	19	75	0.052953
0	19	72	-0.005578
0	19	55	-0.238941
0	19	30	-0.452926
0	19	85	-1.550830
0	19	53	-1.944774
0	19	54	-2.165514
0	19	51	-2.572726
0	19	61	-2.929453
0	19	73	-2.973371
0	19	34	-3.874152
0	19	64	-6.763098
0	19	41	-7.014148
0	19	50	-7.297676
0	19	11	-8.266871
0	19	37	-8.292003
0	19	36	-9.709919
0	19	16	-10.759931
0	19	44	-10.820199
0	19	74	-10.922505
0	19	78	-13.582119
0	19	76	-13.751622
0	19	35	-14.168943
0	19	66	-14.237115
0	19	18	-14.504219
0	22	38	15.502673
0	22	58	15.419055
0	22	21	15.277314
0	22	53	14.960500
0	22	62	13.526545
0	22	43	12.644458
0	22	28	12.528697
0	22	22	11.923762
0	22	26	11.350645
0	22	20	11.322396
0	22	39	11.305644
0	22	32	11.018432
0	22	70	10.328161
0	22	42	9.848866
0	22	14	9.105344
0	22	71	9.039402
0	22	34	9.015300
0	22	54	8.962530
0	22	65	8.951539
0	22	63	8.935620
0	22	49	8.836551
0	22	48	8.795911
0	22	52	8.607979
0	22	51	8.566042
0	22	25	8.369583
0	22	24	8.227433
0	22	50	7.853548
0	22	33	7.571602
0	22	30	7.086613
0	22	27	6.584255
0	22	31	5.458489
0	22	3	5.345146
0	22	57	4.729788
0	22	36	4.684826
0	22	8	4.201267
0	22	29	4.172050
0	22	40	4.005431
0	22	23	3.768127
0	22	79	3.514838
0	22	56	3.421288
0	22	73	2.448165
0	22	37	2.437820
0	22	55	2.393908
0	22	77	1.741080
0	22	44	1.731956
0	22	41	1.680492
0	22	69	1.572396
0	22	45	1.181072
0	22	61	1.179815
0	22	46	0.948545
0	22	78	-0.045020
0	22	72	-0.148255
0	22	85	-0.868645
0	22	74	-1.357711
0	22	66	-1.810066
0	22	76	-2.182391
0	22	75	-2.219904
0	22	47	-2.629579
0	22	18	-5.128780
0	22	64	-5.712059
0	22	16	-6.095228
0	22	35	-6.120544
0	22	11	-8.343657
0	43	108	16.839163
0	43	94	16.015324
0	43	92	15.337825
0	43	90	15.066343
0	43	105	14.666087
0	43	103	14.442021
0	43	14	14.045278
0	43	106	13.660605
0	43	87	12.392969
0	43	3	11.864079
0	43	91	11.081047
0	43	26	10.293651
0	43	11	9.934771
0	43	63	8.904197
0	43	98	8.124775
0	43	86	7.612523
0	43	99	5.983423
0	43	88	5.518575
0	43	52	5.111013
0	43	100	4.281195
0	43	8	3.015448
0	43	107	2.783561
0	43	15	1.656447
0	43	61	1.442594
0	43	89	0.781353
0	43	93	-0.176640
0	43	95	-4.401132
0	43	110	-7.190948
0	43	13	-7.215073
0	43	58	-8.037549
0	43	69	-9.937285
0	43	85	-11.300893
0	43	96	-11.713475
0	43	97	-12.458078
0	43	17	-13.989394
0	43	109	-14.155190
0	43	18	-14.737446
0	44	93	11.605760
0	44	94	11.271188
0	44	90	10.393601
0	44	106	9.093502
0	44	14	8.517433
0	44	91	7.592160
0	44	95	6.364919
0	44	63	6.219764
0	44	8	6.118010
0	44	26	5.795498
0	44	98	5.396850
0	44	15	5.123189
0	44	87	4.535873
0	44	52	4.316901
0	44	110	4.112654
0	44	69	3.447401
0	44	96	3.272799
0	44	92	2.904868
0	44	58	2.818768
0	44	89	2.672591
0	44	3	2.625013
0	44	103	0.833711
0	44	88	0.274482
0	44	86	-3.606914
0	44	105	-5.654258
0	44	100	-6.390953
0	44	97	-6.460181
0	44	17	-6.899782
0	44	107	-6.963810
0	44	11	-8.911297
0	44	13	-9.817450
0	44	99	-9.819749
0	44	108	-10.555618
0	44	85	-11.111614
0	44	109	-11.409554
0	44	61	-12.801935
0	44	18	-12.940507
0	54	14	11.527991
0	54	11	11.173718
0	54	8	6.478143
0	54	3	6.029514
0	54	111	4.808280
0	54	7	4.193642
0	54	13	-2.973941
0	54	18	-13.719499
0	54	16	-13.946788
0	54	17	-14.728681
0	57	14	12.694698
0	57	3	9.820416
0	57	8	8.447236
0	57	11	5.274455
0	57	13	2.762877
0	57	16	-6.513986
0	57	18	-10.104884
0	57	17	-11.830667
0	57	111	-13.802928
0	57	7	-14.302943
0	58	11	11.949395
0	58	14	10.642822
0	58	8	6.783270
0	58	3	2.287917
0	58	13	-0.045101
0	58	18	-8.393583
0	58	16	-10.180156
0	58	111	-10.850196
0	58	7	-14.132071
0	58	17	-15.195725
0	73	149	15.380141
0	73	132	15.115251
0	73	163	15.075444
0	73	150	14.502402
0	73	169	14.441080
0	73	158	14.064164
0	73	153	13.960006
0	73	161	13.517737
0	73	168	13.207797
0	73	157	13.130223
0	73	154	12.939122
0	73	152	11.117209
0	73	156	10.903768
0	73	151	10.711581
0	73	11	10.215432
0	73	137	6.519961
0	73	8	4.855045
0	73	146	2.807583
0	73	162	2.621504
0	73	14	2.579572
0	73	3	0.815755
0	73	13	0.100500
0	73	155	-2.243232
0	73	159	-3.084451
0	73	148	-3.113614
0	73	160	-3.193115
0	73	170	-5.261939
0	73	16	-11.735422
0	73	147	-11.891879
0	73	145	-12.209753
0	73	17	-13.977571
0	73	18	-14.849959
0	74	157	17.280832
0	74	158	15.604131
0	74	150	15.236528
0	74	132	15.076860
0	74	149	14.694572
0	74	169	14.669128
0	74	161	14.251084
0	74	153	13.268611
0	74	163	12.677876
0	74	154	12.663388
0	74	14	12.222509
0	74	151	12.013875
0	74	168	11.607439
0	74	152	10.744273
0	74	11	8.469146
0	74	137	7.870708
0	74	3	7.503936
0	74	155	7.182221
0	74	146	2.976949
0	74	156	-1.265069
0	74	8	-4.119885
0	74	145	-6.260581
0	74	162	-6.695307
0	74	148	-8.321209
0	74	16	-9.567322
0	74	13	-10.029004
0	74	170	-11.646256
0	74	147	-11.650652
0	74	159	-11.929014
0	74	160	-14.042654
0	74	17	-14.620512
0	74	18	-14.958852
0	75	164	13.695261
0	75	165	13.219213
0	75	14	13.160922
0	75	166	12.029220
0	75	132	11.901096
0	75	128	11.475425
0	75	137	10.550359
0	75	167	9.910321
0	75	171	8.694511
0	75	11	7.883389
0	75	13	5.842932
0	75	147	4.787463
0	75	8	4.777093
0	75	160	3.689317
0	75	145	3.261446
0	75	3	2.929532
0	75	146	0.432603
0	75	16	-9.433316
0	75	18	-9.643320
0	75	17	-12.091100
0	77	128	15.712276
0	77	166	14.099286
0	77	165	13.503092
0	77	14	13.229792
0	77	8	11.696368
0	77	164	11.497022
0	77	171	10.305866
0	77	137	9.191833
0	77	11	8.692817
0	77	146	8.226464
0	77	147	8.200300
0	77	13	7.888592
0	77	145	6.311235
0	77	3	6.069036
0	77	132	5.470572
0	77	18	4.672698
0	77	167	4.054282
0	77	160	2.589751
0	77	17	1.000095
0	77	16	-3.706345
0	94	116	14.999565
0	94	188	13.770303
0	94	190	13.207789
0	94	14	12.486748
0	94	99	11.392694
0	94	113	9.932504
0	94	194	8.464891
0	94	193	8.016746
0	94	51	7.961483
0	94	200	6.628733
0	94	126	6.008943
0	94	3	5.429350
0	94	63	5.141355
0	94	122	4.763247
0	94	15	4.440423
0	94	192	3.104604
0	94	206	3.104035
0	94	203	2.473580
0	94	195	1.770467
0	94	189	1.591366
0	94	196	0.544615
0	94	202	0.373862
0	94	8	0.254658
0	94	207	-2.187921
0	94	212	-3.153861
0	94	209	-3.456377
0	94	197	-3.463993
0	94	13	-4.014402
0	94	205	-4.564435
0	94	18	-5.265770
0	94	201	-5.354095
0	94	187	-6.300744
0	94	204	-6.373120
0	94	198	-8.639411
0	94	217	-9.185505
0	94	16	-9.479161
0	94	199	-9.936295
0	94	210	-10.808815
0	94	208	-11.517399
0	94	109	-13.533536
0	94	17	-14.505645
0	94	191	-15.549427
0	95	189	12.463275
0	95	116	10.115444
0	95	194	10.071698
0	95	195	9.883797
0	95	209	8.935091
0	95	14	7.346346
0	95	17	7.087884
0	95	193	6.510728
0	95	122	6.500774
0	95	204	6.001853
0	95	187	5.752754
0	95	190	5.185738
0	95	63	4.477383
0	95	203	4.405343
0	95	188	4.198514
0	95	3	4.119241
0	95	200	3.847843
0	95	13	3.728779
0	95	198	3.314053
0	95	15	3.238642
0	95	126	3.103334
0	95	192	2.888304
0	95	208	2.799257
0	95	18	2.771454
0	95	201	2.648418
0	95	8	2.434495
0	95	217	2.178588
0	95	197	1.963251
0	95	202	1.830833
0	95	99	1.725926
0	95	207	1.167150
0	95	113	1.076710
0	95	210	0.900167
0	95	205	0.661873
0	95	199	0.297990
0	95	206	-0.098551
0	95	51	-0.335777
0	95	196	-0.904986
0	95	16	-2.883309
0	95	109	-5.967580
0	95	212	-6.410386
0	95	191	-7.324719
0	96	116	16.422491
0	96	190	14.888471
0	96	188	14.701450
0	96	122	14.356260
0	96	63	9.987869
0	96	14	8.824674
0	96	200	8.800726
0	96	99	8.610953
0	96	193	8.418345
0	96	113	8.310678
0	96	3	7.807688
0	96	15	7.307976
0	96	51	6.683018
0	96	206	6.488435
0	96	194	6.399947
0	96	207	6.202216
0	96	192	4.247767
0	96	126	2.776233
0	96	189	2.590086
0	96	196	2.047705
0	96	203	0.283969
0	96	202	-0.145720
0	96	201	-1.882786
0	96	8	-2.213683
0	96	199	-2.356259
0	96	16	-3.342453
0	96	197	-3.665920
0	96	210	-3.744844
0	96	195	-5.938899
0	96	208	-5.958135
0	96	204	-7.426097
0	96	18	-7.858871
0	96	187	-8.831935
0	96	212	-8.919534
0	96	217	-9.271414
0	96	198	-10.599668
0	96	13	-11.107183
0	96	209	-11.669871
0	96	109	-12.832526
0	96	205	-13.136599
0	96	17	-14.652391
0	96	191	-15.399755
0	99	190	13.229392
0	99	211	13.067183
0	99	14	12.818414
0	99	122	12.494749
0	99	15	9.163400
0	99	3	8.284511
0	99	188	7.647645
0	99	116	6.968480
0	99	200	6.936778
0	99	63	6.847349
0	99	192	6.173861
0	99	193	6.155284
0	99	51	6.088442
0	99	113	5.813040
0	99	203	5.274958
0	99	206	4.645177
0	99	207	4.032403
0	99	209	3.425329
0	99	202	3.418752
0	99	18	3.081779
0	99	99	2.803582
0	99	196	1.613460
0	99	194	1.324294
0	99	195	0.220502
0	99	8	-0.565825
0	99	126	-0.694347
0	99	197	-0.781719
0	99	212	-3.147368
0	99	204	-4.005734
0	99	217	-4.151558
0	99	201	-5.118963
0	99	205	-6.669230
0	99	198	-6.942639
0	99	109	-7.095349
0	99	13	-7.319707
0	99	210	-11.083006
0	99	16	-12.415165
0	99	199	-12.738104
0	99	189	-12.786939
0	99	191	-14.684237
0	100	51	13.776035
0	100	200	6.762353
0	100	211	5.606996
0	100	3	1.883822
0	100	196	0.037395
0	100	63	-0.225235
0	100	206	-2.158154
0	100	190	-3.002056
0	100	188	-4.815278
0	100	18	-5.734911
0	100	192	-6.530177
0	100	193	-7.015342
0	100	8	-8.372855
0	100	99	-8.470428
0	100	15	-9.500812
0	100	14	-9.603434
0	100	202	-9.766046
0	100	116	-11.295562
0	100	122	-11.334931
0	100	16	-11.511281
0	100	204	-12.116304
0	100	194	-12.353366
0	100	201	-12.495034
0	100	126	-12.919024
0	100	197	-13.045473
0	100	113	-13.208193
0	100	203	-13.536067
0	100	217	-14.208425
0	100	189	-14.265449
0	100	13	-14.289708
0	100	195	-14.474980
0	100	207	-14.550394
0	100	198	-14.720272
0	100	109	-14.801477
0	100	199	-14.858340
0	100	212	-14.950793
0	100	205	-14.997632
0	100	209	-15.011744
0	100	191	-15.645258
0	100	210	-15.729315
0	123	201	16.231932
0	123	188	15.911634
0	123	228	15.881030
0	123	235	15.759706
0	123	190	15.524732
0	123	221	13.975658
0	123	14	13.593421
0	123	246	13.264288
0	123	224	13.195412
0	123	232	13.180864
0	123	3	12.996098
0	123	230	12.795336
0	123	233	12.658997
0	123	243	12.454817
0	123	51	11.889589
0	123	223	10.151955
0	123	238	9.885345
0	123	242	9.372225
0	123	229	9.329558
0	123	8	9.290516
0	123	197	8.590474
0	123	244	8.103591
0	123	239	7.910706
0	123	196	7.606484
0	123	240	6.124436
0	123	122	5.767588
0	123	207	5.211846
0	123	241	4.979503
0	123	198	4.871106
0	123	234	4.287592
0	123	222	3.023858
0	123	208	2.444607
0	123	237	1.705898
0	123	96	1.113596
0	123	231	0.732191
0	123	199	-0.353322
0	123	245	-1.405066
0	123	187	-2.648691
0	123	236	-4.312719
0	123	226	-4.498512
0	123	99	-4.585378
0	123	227	-6.339322
0	123	225	-6.440440
0	123	116	-9.464217
0	123	16	-10.019056
0	123	217	-10.322006
0	123	247	-10.474723
0	123	18	-10.635209
0	123	11	-11.536581
0	123	210	-15.244357
0	123	191	-15.667627
0	124	232	15.216695
0	124	224	14.934356
0	124	228	13.763583
0	124	235	11.942307
0	124	14	11.068081
0	124	190	9.745256
0	124	233	9.707210
0	124	221	9.680606
0	124	51	6.945547
0	124	197	6.839531
0	124	240	6.266605
0	124	210	5.930975
0	124	201	5.134259
0	124	238	5.036239
0	124	188	4.543641
0	124	225	3.321200
0	124	246	2.349275
0	124	242	1.966314
0	124	187	1.947292
0	124	229	1.877361
0	124	11	1.799190
0	124	207	1.492827
0	124	122	-0.086125
0	124	227	-0.464000
0	124	243	-0.620212
0	124	3	-0.628771
0	124	236	-1.645734
0	124	8	-1.712753
0	124	223	-2.022349
0	124	196	-2.984985
0	124	245	-3.226327
0	124	208	-3.237237
0	124	239	-3.515732
0	124	230	-4.485081
0	124	237	-5.042865
0	124	231	-7.481002
0	124	199	-8.477422
0	124	241	-8.760833
0	124	226	-9.369670
0	124	222	-9.520487
0	124	217	-10.192149
0	124	116	-10.208713
0	124	244	-10.515849
0	124	198	-13.071893
0	124	16	-13.087317
0	124	247	-13.147118
0	124	18	-13.206974
0	124	96	-13.264397
0	124	99	-13.403245
0	124	234	-14.135061
0	124	191	-14.641025
0	125	232	15.741748
0	125	233	15.698430
0	125	207	15.622286
0	125	14	15.525922
0	125	188	15.518805
0	125	221	15.192941
0	125	228	15.010438
0	125	190	14.993883
0	125	8	14.504587
0	125	230	14.268256
0	125	246	13.625947
0	125	197	13.474019
0	125	224	13.471466
0	125	238	13.352714
0	125	235	13.264387
0	125	51	13.120244
0	125	229	12.455050
0	125	240	12.429130
0	125	223	12.102569
0	125	3	12.046872
0	125	122	10.989917
0	125	244	10.537931
0	125	201	10.393320
0	125	11	9.879722
0	125	187	9.650609
0	125	236	9.179179
0	125	243	8.941481
0	125	116	8.308581
0	125	96	7.734524
0	125	242	7.300541
0	125	245	7.043259
0	125	234	6.240245
0	125	231	6.200667
0	125	217	6.103970
0	125	226	5.281856
0	125	196	4.868606
0	125	99	4.707446
0	125	199	4.666316
0	125	198	4.050345
0	125	222	2.741157
0	125	225	2.560043
0	125	239	2.005916
0	125	241	-0.446445
0	125	227	-6.283205
0	125	208	-9.365329
0	125	237	-10.195651
0	125	16	-13.247698
0	125	18	-13.816163
0	125	247	-13.888902
0	125	210	-14.126611
0	125	191	-15.229178
0	126	188	17.633047
0	126	14	16.947454
0	126	232	16.789877
0	126	221	16.755438
0	126	235	16.490458
0	126	190	15.957824
0	126	228	15.779338
0	126	240	14.821007
0	126	224	14.538547
0	126	226	13.969239
0	126	233	13.393741
0	126	222	13.065478
0	126	3	11.820615
0	126	236	11.818864
0	126	238	11.571421
0	126	51	11.538673
0	126	227	11.290517
0	126	223	11.213306
0	126	246	10.697406
0	126	207	10.591877
0	126	197	10.123840
0	126	116	9.856097
0	126	122	9.842379
0	126	217	9.814078
0	126	229	9.747517
0	126	239	8.744424
0	126	245	8.738492
0	126	11	8.529591
0	126	230	8.251369
0	126	187	7.654665
0	126	243	7.528844
0	126	8	7.337771
0	126	244	7.045954
0	126	96	4.711369
0	126	242	4.092941
0	126	196	3.629128
0	126	99	-4.777374
0	126	199	-7.417197
0	126	198	-7.919155
0	126	225	-8.044443
0	126	241	-9.268121
0	126	231	-9.999469
0	126	201	-12.171858
0	126	234	-13.130527
0	126	18	-13.610151
0	126	237	-13.880199
0	126	16	-14.078482
0	126	210	-14.371260
0	126	208	-14.584278
0	126	247	-14.609787
0	126	191	-15.285531
0	127	188	16.842247
0	127	232	16.419493
0	127	14	16.397312
0	127	221	14.676559
0	127	190	14.134597
0	127	122	13.757337
0	127	229	13.699288
0	127	3	12.872090
0	127	228	12.804425
0	127	207	12.759625
0	127	230	12.404879
0	127	233	12.046422
0	127	224	11.833144
0	127	235	11.180363
0	127	238	11.066609
0	127	197	9.842050
0	127	51	8.921110
0	127	242	8.602769
0	127	243	8.049325
0	127	240	7.811894
0	127	116	7.523762
0	127	8	6.356938
0	127	231	5.668862
0	127	223	5.566548
0	127	239	0.359975
0	127	196	0.190410
0	127	244	-1.270212
0	127	236	-2.067686
0	127	245	-4.153453
0	127	222	-4.197711
0	127	99	-6.638993
0	127	246	-9.958052
0	127	226	-9.973900
0	127	241	-10.075617
0	127	201	-11.178330
0	127	225	-11.691350
0	127	16	-12.128608
0	127	96	-12.138882
0	127	11	-12.412062
0	127	237	-12.538836
0	127	199	-12.913694
0	127	217	-13.077718
0	127	18	-13.266665
0	127	234	-13.457411
0	127	198	-13.499599
0	127	210	-13.512212
0	127	208	-13.679939
0	127	227	-13.684706
0	127	187	-13.745505
0	127	247	-14.626569
0	127	191	-15.475036
0	144	257	16.190128
0	144	248	15.821445
0	144	252	15.276976
0	144	254	15.270102
0	144	253	11.565374
0	144	14	10.585592
0	144	251	9.341675
0	144	200	8.963314
0	144	3	8.843243
0	144	110	6.942592
0	144	187	6.288818
0	144	63	3.075939
0	144	8	-3.561332
0	144	249	-3.786641
0	144	250	-4.839509
0	144	256	-7.989128
0	144	258	-8.024258
0	144	201	-9.137068
0	144	113	-10.414937
0	144	11	-11.252757
0	144	208	-12.024758
0	144	18	-12.191576
0	144	199	-12.539454
0	144	13	-12.564965
0	144	16	-13.852817
0	144	109	-13.981545
0	144	255	-14.101968
0	144	17	-14.364093
0	144	191	-15.498343
0	145	248	16.994732
0	145	252	16.851904
0	145	254	16.539240
0	145	251	16.084797
0	145	253	15.499471
0	145	187	15.445940
0	145	249	14.803938
0	145	257	14.744022
0	145	14	14.331465
0	145	11	13.490873
0	145	8	12.670536
0	145	3	9.191083
0	145	200	9.040616
0	145	110	8.654807
0	145	63	5.826055
0	145	258	4.565451
0	145	250	4.254606
0	145	199	-4.611099
0	145	256	-5.460106
0	145	13	-5.773175
0	145	208	-9.709938
0	145	16	-12.157951
0	145	18	-12.487112
0	145	201	-12.636283
0	145	255	-13.108066
0	145	17	-13.271541
0	145	109	-13.612559
0	145	113	-14.185274
0	145	191	-15.584523
0	146	248	11.341416
0	146	257	10.714353
0	146	251	10.614308
0	146	249	9.922034
0	146	14	9.296666
0	146	253	8.741687
0	146	250	8.541656
0	146	8	7.275262
0	146	252	6.534211
0	146	187	5.731884
0	146	11	5.692753
0	146	3	4.770518
0	146	63	4.726308
0	146	201	3.544003
0	146	200	3.433466
0	146	258	2.367635
0	146	256	2.147562
0	146	13	-0.408730
0	146	199	-4.278443
0	146	110	-4.710878
0	146	254	-6.682415
0	146	109	-10.366246
0	146	18	-11.515696
0	146	208	-11.702258
0	146	113	-11.709079
0	146	17	-12.898372
0	146	255	-13.214902
0	146	16	-13.313448
0	146	191	-15.562194
0	147	257	17.001997
0	147	248	13.115314
0	147	252	12.086545
0	147	250	11.660546
0	147	253	10.426987
0	147	254	10.237240
0	147	249	9.946756
0	147	14	9.910789
0	147	63	9.460865
0	147	11	8.000034
0	147	200	6.924834
0	147	3	6.686778
0	147	251	6.035008
0	147	8	5.692605
0	147	258	1.202017
0	147	199	-3.170488
0	147	256	-5.848135
0	147	255	-8.802325
0	147	113	-9.400060
0	147	208	-9.537271
0	147	187	-10.493791
0	147	110	-11.589705
0	147	13	-11.772116
0	147	16	-12.077756
0	147	201	-12.388304
0	147	109	-12.693057
0	147	17	-14.095175
0	147	18	-14.780682
0	147	191	-15.346211
0	148	252	17.330173
0	148	257	15.758651
0	148	248	15.674341
0	148	254	14.822194
0	148	14	11.358950
0	148	253	10.876609
0	148	63	8.246284
0	148	3	8.239905
0	148	200	7.534197
0	148	249	7.006255
0	148	251	3.079340
0	148	8	2.405331
0	148	258	2.041217
0	148	187	-0.024744
0	148	250	-2.906064
0	148	11	-3.050043
0	148	113	-3.712305
0	148	255	-3.931845
0	148	256	-4.069590
0	148	110	-6.005599
0	148	199	-9.526764
0	148	208	-10.511695
0	148	13	-10.536416
0	148	16	-13.148534
0	148	201	-13.174041
0	148	17	-14.453374
0	148	109	-14.704083
0	148	18	-14.754845
0	148	191	-15.642932
0	150	257	18.750803
0	150	248	18.122486
0	150	253	18.038507
0	150	249	17.786366
0	150	14	16.857510
0	150	250	16.791636
0	150	252	16.777830
0	150	251	14.482141
0	150	8	14.194239
0	150	187	13.898673
0	150	110	13.463731
0	150	200	11.243654
0	150	63	9.467432
0	150	258	9.396674
0	150	201	7.470498
0	150	11	6.262085
0	150	3	5.873656
0	150	254	5.076393
0	150	208	2.259671
0	150	13	0.051054
0	150	256	-1.784711
0	150	17	-3.629180
0	150	199	-4.761241
0	150	16	-11.432353
0	150	18	-12.166578
0	150	109	-13.532237
0	150	113	-13.935022
0	150	255	-14.165747
0	150	191	-14.823991
0	177	116	17.346098
0	177	266	17.074789
0	177	270	17.055977
0	177	264	16.854544
0	177	183	16.808062
0	177	263	16.623623
0	177	267	16.462252
0	177	265	15.367520
0	177	244	14.187230
0	177	14	13.948112
0	177	119	13.068115
0	177	30	11.911073
0	177	3	11.548116
0	177	112	11.372725
0	177	63	10.972139
0	177	269	10.808784
0	177	115	10.610470
0	177	8	9.101954
0	177	51	6.817164
0	177	231	6.653485
0	177	11	6.550818
0	177	113	3.950009
0	177	61	3.646662
0	177	58	2.184460
0	177	271	1.557776
0	177	255	0.389072
0	177	280	-0.894984
0	177	268	-2.142619
0	177	13	-2.618761
0	177	16	-3.950719
0	177	272	-9.419889
0	177	17	-13.533983
0	177	18	-13.981909
0	177	109	-14.050267
0	177	278	-14.060983
0	177	277	-14.611449
0	178	266	15.784143
0	178	270	15.731049
0	178	264	14.335363
0	178	265	14.178924
0	178	116	13.469673
0	178	183	12.968234
0	178	244	10.612925
0	178	30	10.310637
0	178	263	9.911263
0	178	115	9.155429
0	178	3	8.869285
0	178	112	8.757916
0	178	14	8.681180
0	178	119	8.309397
0	178	267	8.221369
0	178	17	6.959216
0	178	63	6.537827
0	178	231	6.327811
0	178	8	5.834838
0	178	271	5.810653
0	178	269	4.381337
0	178	11	2.243157
0	178	13	1.082009
0	178	61	0.253752
0	178	51	-1.424402
0	178	113	-2.937917
0	178	280	-3.350767
0	178	58	-3.396542
0	178	268	-3.801226
0	178	255	-4.460729
0	178	16	-7.513221
0	178	272	-7.529245
0	178	278	-9.025192
0	178	109	-11.890965
0	178	18	-13.553226
0	178	277	-15.111121
0	179	266	16.217173
0	179	116	15.914201
0	179	270	15.911706
0	179	265	15.898655
0	179	264	14.574675
0	179	183	13.755503
0	179	119	11.246536
0	179	263	11.006736
0	179	112	10.981386
0	179	115	10.550128
0	179	3	10.171329
0	179	269	8.775196
0	179	30	8.687519
0	179	244	8.222709
0	179	267	8.081780
0	179	11	7.716830
0	179	63	7.193753
0	179	61	2.591419
0	179	8	-0.433355
0	179	51	-0.611566
0	179	113	-0.960848
0	179	271	-3.034930
0	179	255	-3.840674
0	179	16	-4.510547
0	179	14	-5.708114
0	179	231	-9.079605
0	179	13	-9.310325
0	179	58	-11.599570
0	179	17	-11.718926
0	179	268	-12.040941
0	179	272	-14.033044
0	179	109	-14.103282
0	179	280	-14.441916
0	179	18	-14.721363
0	179	278	-14.767221
0	179	277	-15.725313
0	180	266	16.243805
0	180	270	14.944693
0	180	264	14.700355
0	180	183	14.553239
0	180	115	14.492117
0	180	263	14.164879
0	180	116	12.993749
0	180	244	11.073781
0	180	265	10.549546
0	180	30	9.970994
0	180	14	9.203603
0	180	11	9.065007
0	180	267	7.962258
0	180	3	7.757954
0	180	269	7.380855
0	180	119	7.145565
0	180	112	5.946609
0	180	63	4.364619
0	180	8	3.421817
0	180	255	2.500906
0	180	13	1.579613
0	180	61	1.413556
0	180	113	-0.765837
0	180	51	-1.645191
0	180	231	-3.557158
0	180	271	-5.484349
0	180	277	-6.011042
0	180	58	-6.208167
0	180	16	-6.263472
0	180	109	-9.387766
0	180	272	-10.055016
0	180	18	-10.518037
0	180	268	-11.688664
0	180	280	-12.342892
0	180	17	-13.787724
0	180	278	-14.301676
0	181	116	17.316916
0	181	266	16.949072
0	181	265	16.705679
0	181	183	16.535666
0	181	270	15.820260
0	181	264	15.119454
0	181	263	14.461722
0	181	119	13.098656
0	181	115	12.992160
0	181	269	11.889542
0	181	30	11.000328
0	181	112	10.707542
0	181	3	10.438344
0	181	267	9.344790
0	181	113	8.846972
0	181	63	8.065270
0	181	244	7.303625
0	181	14	4.340567
0	181	61	-1.280936
0	181	51	-3.722475
0	181	11	-4.633890
0	181	255	-6.271869
0	181	271	-7.342226
0	181	16	-8.191339
0	181	8	-8.384412
0	181	231	-8.933622
0	181	268	-10.345782
0	181	58	-11.007152
0	181	13	-12.269636
0	181	280	-13.402379
0	181	272	-13.678881
0	181	109	-14.383650
0	181	278	-14.601671
0	181	17	-14.763165
0	181	18	-14.936532
0	181	277	-15.328176
0	182	267	16.504107
0	182	14	16.296972
0	182	112	15.201221
0	182	264	14.594378
0	182	116	13.693267
0	182	183	13.596429
0	182	119	13.524343
0	182	51	13.164147
0	182	63	13.146430
0	182	270	12.700560
0	182	265	12.379225
0	182	3	12.262288
0	182	269	11.720815
0	182	8	11.410129
0	182	30	11.108352
0	182	58	10.584343
0	182	268	9.955670
0	182	244	9.722675
0	182	266	9.144449
0	182	61	8.987213
0	182	263	8.161037
0	182	11	8.130222
0	182	271	7.073257
0	182	109	5.573086
0	182	255	1.294880
0	182	231	-3.038027
0	182	113	-3.484488
0	182	115	-3.676437
0	182	13	-7.094843
0	182	280	-7.363750
0	182	18	-10.452558
0	182	16	-11.363036
0	182	17	-12.257099
0	182	272	-13.189088
0	182	278	-14.807645
0	182	277	-15.483106
0	183	276	16.157705
0	183	294	15.468840
0	183	267	14.435603
0	183	291	14.378564
0	183	295	14.201511
0	183	282	13.657920
0	183	275	13.558923
0	183	116	13.088870
0	183	273	12.852093
0	183	290	12.831614
0	183	279	12.680326
0	183	183	12.300260
0	183	274	12.207188
0	183	287	11.096665
0	183	288	10.526772
0	183	289	10.526426
0	183	292	10.306129
0	183	283	10.214665
0	183	112	9.254461
0	183	264	9.055064
0	183	113	8.899020
0	183	14	8.865413
0	183	270	8.122201
0	183	285	7.686831
0	183	30	7.587726
0	183	263	7.326437
0	183	244	7.325373
0	183	63	6.192848
0	183	51	3.295357
0	183	115	3.271243
0	183	231	2.240241
0	183	284	2.016142
0	183	119	1.622548
0	183	3	1.346774
0	183	18	0.696068
0	183	61	-0.508480
0	183	293	-0.769291
0	183	58	-1.295736
0	183	281	-1.444110
0	183	271	-1.771742
0	183	268	-7.239996
0	183	286	-10.270170
0	183	278	-13.204792
0	183	272	-14.207664
0	183	280	-14.716621
0	184	266	17.512398
0	184	270	16.188747
0	184	263	14.896823
0	184	115	14.579114
0	184	116	13.957897
0	184	264	12.739101
0	184	183	12.499823
0	184	244	12.347552
0	184	265	11.544381
0	184	11	11.017301
0	184	119	10.055758
0	184	112	9.789228
0	184	61	7.415490
0	184	63	7.289179
0	184	3	4.949192
0	184	267	4.833012
0	184	269	4.347530
0	184	30	2.111584
0	184	255	1.374085
0	184	14	1.030632
0	184	51	-1.825813
0	184	271	-4.379172
0	184	8	-6.854702
0	184	231	-8.847496
0	184	13	-10.601258
0	184	58	-10.992780
0	184	16	-11.471824
0	184	268	-12.614507
0	184	113	-13.831547
0	184	109	-13.877148
0	184	277	-14.601189
0	184	17	-14.804935
0	184	18	-14.810439
0	184	272	-14.901509
0	184	278	-15.167472
0	184	280	-15.205815
0	185	266	18.386086
0	185	270	17.721209
0	185	264	17.293201
0	185	183	16.850313
0	185	263	16.535404
0	185	265	16.239235
0	185	116	15.682891
0	185	30	15.021565
0	185	244	13.805637
0	185	115	13.442241
0	185	119	13.124438
0	185	269	12.595022
0	185	11	12.577777
0	185	267	12.143803
0	185	14	10.836866
0	185	272	10.801041
0	185	3	10.079275
0	185	63	9.707313
0	185	8	9.211576
0	185	112	9.089829
0	185	255	8.577602
0	185	231	8.573459
0	185	271	4.816310
0	185	268	3.133029
0	185	51	2.816085
0	185	13	0.557010
0	185	58	-6.588459
0	185	61	-7.761992
0	185	280	-9.374845
0	185	113	-11.336609
0	185	16	-11.691728
0	185	17	-12.991862
0	185	109	-13.029340
0	185	18	-13.188837
0	185	278	-13.911638
0	185	277	-14.681362
0	186	266	18.684362
0	186	270	18.242861
0	186	265	18.084570
0	186	263	18.083038
0	186	183	17.698610
0	186	116	17.638521
0	186	264	17.246508
0	186	269	15.404034
0	186	14	15.091049
0	186	267	14.422750
0	186	11	13.855462
0	186	3	13.818255
0	186	112	13.750916
0	186	30	13.396794
0	186	115	13.345582
0	186	244	12.594783
0	186	61	12.276457
0	186	119	11.902563
0	186	63	11.292896
0	186	113	9.185570
0	186	8	7.179195
0	186	255	6.164510
0	186	51	0.917105
0	186	271	-6.476348
0	186	231	-10.106553
0	186	16	-11.712752
0	186	13	-11.816253
0	186	58	-12.493474
0	186	268	-12.518910
0	186	280	-12.932642
0	186	18	-13.985595
0	186	272	-13.990330
0	186	109	-14.059922
0	186	278	-14.715334
0	186	17	-15.083673
0	186	277	-15.468239
