0	1	5	15.382996
0	1	1	15.229044
0	1	14	14.380581
0	1	9	14.238259
0	1	18	14.213814
0	1	15	13.146120
0	1	2	11.835744
0	1	6	11.058621
0	1	19	10.126904
0	1	11	9.710659
0	1	3	9.531664
0	1	8	9.331065
0	1	4	7.680614
0	1	7	6.679791
0	1	0	3.623339
0	1	13	1.376395
0	1	17	-2.196457
0	1	10	-6.516894
0	1	12	-13.407797
0	1	16	-13.710889
0	2	5	14.843270
0	2	14	14.690521
0	2	9	13.760684
0	2	1	13.260743
0	2	8	11.546907
0	2	15	11.537798
0	2	0	10.664700
0	2	3	10.088260
0	2	2	9.737749
0	2	4	9.213843
0	2	7	4.702009
0	2	11	3.076326
0	2	13	-1.462036
0	2	12	-6.502150
0	2	16	-8.216239
0	2	6	-9.675747
0	2	18	-12.168043
0	2	10	-13.500196
0	2	19	-14.514626
0	2	17	-14.746216
0	3	5	15.181177
0	3	15	14.839987
0	3	1	14.652309
0	3	9	13.749003
0	3	4	12.799442
0	3	14	12.442312
0	3	0	11.639530
0	3	8	10.335241
0	3	18	10.334341
0	3	11	9.832758
0	3	2	6.471781
0	3	3	-0.831873
0	3	10	-1.886886
0	3	13	-7.604189
0	3	6	-10.722564
0	3	16	-10.957172
0	3	7	-12.126982
0	3	12	-12.522896
0	3	19	-13.226743
0	3	17	-14.429893
0	14	28	12.146400
0	14	43	12.094383
0	14	32	11.993368
0	14	45	10.860527
0	14	61	10.726570
0	14	22	10.677244
0	14	31	9.239703
0	14	42	8.525457
0	14	23	8.441078
0	14	52	8.332596
0	14	48	7.802776
0	14	3	7.677273
0	14	51	7.441650
0	14	26	7.205181
0	14	38	7.152811
0	14	27	7.096398
0	14	21	6.422367
0	14	8	6.058903
0	14	14	5.945358
0	14	37	5.299902
0	14	58	5.283670
0	14	16	4.559724
0	14	20	4.156004
0	14	39	3.377340
0	14	56	3.179142
0	14	47	3.142035
0	14	57	2.583921
0	14	33	2.528665
0	14	46	2.196148
0	14	65	-0.167093
0	14	63	-2.401769
0	14	36	-3.163587
0	14	74	-4.095001
0	14	70	-4.585660
0	14	53	-4.789124
0	14	62	-4.891695
0	14	35	-5.940830
0	14	30	-5.999753
0	14	54	-6.048140
0	14	72	-6.722575
0	14	11	-7.909328
0	14	25	-9.492985
0	14	71	-9.972874
0	14	29	-11.139776
0	14	24	-11.502316
0	14	40	-11.688721
0	14	66	-11.957961
0	14	76	-12.384027
0	14	85	-12.757050
0	14	44	-12.862978
0	14	73	-12.924988
0	14	75	-13.158396
0	14	18	-13.383541
0	14	69	-13.465857
0	14	79	-13.521990
0	14	64	-13.906260
0	14	49	-13.937973
0	14	77	-14.021254
0	14	34	-14.105202
0	14	41	-14.402464
0	14	50	-14.483158
0	14	78	-14.493334
0	14	55	-14.934589
0	15	14	16.435387
0	15	28	15.477423
0	15	22	13.642166
0	15	58	13.056510
0	15	42	12.719553
0	15	50	12.573172
0	15	45	12.432409
0	15	43	12.321898
0	15	48	11.734316
0	15	20	11.275204
0	15	51	10.758678
0	15	38	10.675869
0	15	37	10.519955
0	15	31	9.994179
0	15	3	9.752110
0	15	62	9.662083
0	15	61	9.620326
0	15	26	9.536039
0	15	8	9.376303
0	15	11	9.182995
0	15	23	9.176414
0	15	52	8.085743
0	15	16	8.004519
0	15	30	7.865030
0	15	74	7.565135
0	15	21	6.841506
0	15	36	6.728358
0	15	27	6.212785
0	15	70	5.032279
0	15	64	4.666314
0	15	57	4.411684
0	15	65	3.648659
0	15	54	3.014194
0	15	39	2.939946
0	15	63	2.835228
0	15	32	0.515692
0	15	25	-2.657753
0	15	73	-2.678764
0	15	56	-3.947362
0	15	47	-6.006400
0	15	29	-6.137682
0	15	71	-6.196213
0	15	35	-6.317511
0	15	40	-8.079489
0	15	46	-8.484103
0	15	76	-8.949860
0	15	24	-9.467855
0	15	53	-9.511734
0	15	33	-10.337591
0	15	77	-10.606249
0	15	79	-10.706532
0	15	85	-11.273006
0	15	72	-11.756480
0	15	49	-12.034531
0	15	44	-12.676872
0	15	66	-12.785379
0	15	41	-12.816525
0	15	75	-13.087706
0	15	18	-13.311489
0	15	69	-13.407543
0	15	55	-13.967625
0	15	78	-14.177099
0	15	34	-14.574216
0	16	58	16.611429
0	16	22	16.356995
0	16	56	15.759764
0	16	43	15.455935
0	16	23	15.101172
0	16	51	15.057620
0	16	28	14.857716
0	16	26	14.770424
0	16	3	14.708364
0	16	54	14.676167
0	16	63	14.389679
0	16	21	14.326996
0	16	32	14.070118
0	16	38	14.028952
0	16	62	13.456056
0	16	31	13.387691
0	16	14	13.386375
0	16	52	13.198761
0	16	42	13.107548
0	16	61	13.064444
0	16	16	12.812069
0	16	20	11.944366
0	16	25	11.555168
0	16	53	11.290955
0	16	37	10.856071
0	16	45	10.604557
0	16	36	9.983249
0	16	8	8.821775
0	16	27	8.301527
0	16	48	7.826505
0	16	65	7.617373
0	16	47	7.160445
0	16	39	7.055308
0	16	72	7.010910
0	16	57	6.511515
0	16	30	6.244552
0	16	46	4.552928
0	16	35	3.256123
0	16	70	2.149395
0	16	29	-3.037109
0	16	44	-6.164731
0	16	74	-6.605759
0	16	24	-6.693845
0	16	33	-8.139283
0	16	76	-9.200220
0	16	71	-9.724617
0	16	40	-10.337585
0	16	73	-10.442542
0	16	11	-11.556843
0	16	49	-11.712918
0	16	18	-12.137220
0	16	41	-12.353806
0	16	79	-12.446445
0	16	64	-12.626170
0	16	85	-12.842773
0	16	75	-12.894945
0	16	77	-12.936275
0	16	69	-13.186968
0	16	78	-13.311117
0	16	66	-13.344458
0	16	50	-13.955997
0	16	34	-14.205297
0	16	55	-14.412994
0	19	42	15.861847
0	19	46	15.801090
0	19	61	15.269456
0	19	28	14.586847
0	19	33	13.930646
0	19	43	13.537424
0	19	22	13.449471
0	19	23	12.863307
0	19	37	12.725718
0	19	51	12.470357
0	19	58	12.125841
0	19	14	11.137416
0	19	63	10.773119
0	19	85	9.536639
0	19	26	9.521912
0	19	56	9.259064
0	19	32	9.191813
0	19	30	8.627533
0	19	52	8.607515
0	19	8	8.289704
0	19	3	7.890369
0	19	21	7.801177
0	19	45	7.760867
0	19	38	7.280356
0	19	48	7.267779
0	19	31	6.769791
0	19	39	6.765413
0	19	20	4.464148
0	19	11	3.584835
0	19	25	2.576635
0	19	65	2.503978
0	19	47	-0.614616
0	19	74	-2.850407
0	19	40	-5.421118
0	19	57	-5.796298
0	19	27	-6.036767
0	19	66	-6.565691
0	19	62	-6.604721
0	19	29	-7.837349
0	19	36	-8.187393
0	19	24	-8.883791
0	19	72	-9.421083
0	19	16	-10.764900
0	19	73	-10.799849
0	19	54	-11.289356
0	19	70	-11.369019
0	19	79	-12.223519
0	19	50	-12.332325
0	19	35	-12.392346
0	19	77	-12.561388
0	19	71	-12.624361
0	19	53	-12.896728
0	19	69	-13.071541
0	19	18	-13.278463
0	19	64	-13.345671
0	19	76	-13.644610
0	19	49	-13.979279
0	19	41	-14.000162
0	19	34	-14.121132
0	19	75	-14.185947
0	19	55	-14.248444
0	19	44	-14.349029
0	19	78	-14.689086
0	22	58	15.771841
0	22	22	15.458408
0	22	51	15.427629
0	22	26	15.262592
0	22	32	15.224258
0	22	63	15.221605
0	22	42	14.800179
0	22	54	14.731333
0	22	56	14.484222
0	22	43	14.456661
0	22	23	14.450102
0	22	61	14.426317
0	22	31	13.850103
0	22	28	13.490702
0	22	38	13.413232
0	22	62	13.200125
0	22	46	12.873945
0	22	14	12.371424
0	22	37	12.355193
0	22	52	12.174623
0	22	27	11.918431
0	22	53	11.885368
0	22	3	11.774027
0	22	16	11.605759
0	22	20	11.443514
0	22	21	10.910164
0	22	48	10.747120
0	22	29	9.536413
0	22	39	8.520464
0	22	65	8.278288
0	22	45	8.129940
0	22	50	7.670648
0	22	8	7.621251
0	22	25	7.289419
0	22	33	6.520774
0	22	70	6.393017
0	22	57	4.847838
0	22	74	0.168802
0	22	30	-0.198598
0	22	79	-0.770326
0	22	24	-1.299295
0	22	11	-2.013770
0	22	73	-2.446181
0	22	34	-3.020866
0	22	72	-3.622093
0	22	44	-4.663498
0	22	71	-5.173816
0	22	76	-6.016135
0	22	35	-6.152798
0	22	40	-6.183764
0	22	64	-6.385271
0	22	47	-6.403663
0	22	36	-6.505167
0	22	18	-7.733028
0	22	66	-7.963976
0	22	41	-8.769121
0	22	75	-9.299967
0	22	78	-9.914061
0	22	77	-11.224163
0	22	69	-11.815714
0	22	85	-12.221692
0	22	49	-12.520052
0	22	55	-12.709030
0	43	99	16.061768
0	43	94	15.509527
0	43	14	15.432791
0	43	90	15.106741
0	43	105	14.993782
0	43	61	14.946993
0	43	58	14.320452
0	43	3	13.883698
0	43	106	13.648685
0	43	98	13.494285
0	43	26	11.915948
0	43	63	11.513491
0	43	103	11.191824
0	43	15	10.769499
0	43	93	9.932093
0	43	95	9.072845
0	43	92	8.628769
0	43	52	8.531217
0	43	8	6.397389
0	43	89	6.265233
0	43	108	5.470249
0	43	91	4.749350
0	43	86	2.762970
0	43	87	-1.377347
0	43	88	-1.662506
0	43	13	-3.312240
0	43	100	-3.358091
0	43	11	-4.375580
0	43	110	-4.840842
0	43	85	-5.681278
0	43	107	-8.203298
0	43	69	-9.721323
0	43	96	-10.462368
0	43	109	-12.253403
0	43	18	-12.511773
0	43	97	-13.739428
0	43	17	-14.994965
0	44	93	14.394784
0	44	15	13.800528
0	44	14	12.323697
0	44	61	12.195414
0	44	3	11.993356
0	44	94	10.828989
0	44	90	10.675013
0	44	63	8.467453
0	44	95	8.293495
0	44	99	7.868800
0	44	106	7.763391
0	44	58	7.679570
0	44	8	7.611241
0	44	26	7.267482
0	44	103	7.029461
0	44	52	3.688354
0	44	92	2.561924
0	44	88	2.178255
0	44	105	-0.733735
0	44	98	-0.978021
0	44	13	-1.546466
0	44	11	-1.976938
0	44	18	-2.128574
0	44	87	-3.440070
0	44	108	-4.649973
0	44	17	-4.705213
0	44	89	-5.450675
0	44	69	-5.670017
0	44	110	-7.108308
0	44	100	-8.645282
0	44	107	-9.135624
0	44	109	-9.616493
0	44	86	-9.794798
0	44	85	-9.825575
0	44	91	-9.981040
0	44	97	-10.784505
0	44	96	-13.059040
0	54	14	10.504577
0	54	18	9.142437
0	54	8	8.016376
0	54	3	5.162331
0	54	7	3.999425
0	54	11	-0.538671
0	54	13	-0.617078
0	54	111	-6.728101
0	54	16	-13.713347
0	54	17	-15.056005
0	57	11	10.876569
0	57	8	8.314863
0	57	14	7.818702
0	57	13	0.989435
0	57	18	-4.738558
0	57	3	-7.355457
0	57	111	-10.917774
0	57	7	-11.531096
0	57	16	-13.108814
0	57	17	-15.512468
0	58	8	9.275309
0	58	18	8.825083
0	58	11	8.598749
0	58	14	1.272723
0	58	13	-5.984126
0	58	3	-12.123005
0	58	111	-12.669968
0	58	7	-13.707204
0	58	16	-13.836878
0	58	17	-15.126548
0	73	158	16.955368
0	73	153	15.927637
0	73	157	15.582771
0	73	168	15.237547
0	73	132	14.787832
0	73	150	14.522736
0	73	149	14.387915
0	73	161	14.319004
0	73	154	13.931356
0	73	169	12.969210
0	73	152	12.868258
0	73	163	12.593349
0	73	156	11.616745
0	73	159	11.064127
0	73	8	10.372276
0	73	151	8.342863
0	73	160	8.306856
0	73	3	8.218485
0	73	14	8.119618
0	73	146	6.681252
0	73	170	6.083148
0	73	11	3.915418
0	73	148	2.111595
0	73	137	-6.143059
0	73	13	-7.147195
0	73	147	-8.279747
0	73	155	-8.351550
0	73	162	-13.034369
0	73	18	-13.522053
0	73	145	-14.075956
0	73	16	-14.360503
0	73	17	-15.552853
0	74	158	15.993012
0	74	168	14.625259
0	74	132	14.584005
0	74	157	14.388756
0	74	153	14.116406
0	74	161	14.083730
0	74	150	13.724386
0	74	149	13.261204
0	74	154	13.107405
0	74	152	12.952003
0	74	14	11.934320
0	74	169	11.708694
0	74	163	11.690372
0	74	146	10.569059
0	74	151	10.455473
0	74	159	10.148661
0	74	3	8.750073
0	74	8	8.392026
0	74	160	8.219640
0	74	170	7.128515
0	74	11	5.762394
0	74	148	4.313204
0	74	156	-3.267945
0	74	147	-4.337084
0	74	155	-4.818855
0	74	13	-7.034612
0	74	137	-7.753541
0	74	18	-11.528059
0	74	162	-12.478668
0	74	16	-13.472860
0	74	145	-13.558594
0	74	17	-15.116497
0	75	167	14.751270
0	75	165	14.571410
0	75	132	14.300282
0	75	164	13.909618
0	75	14	13.839184
0	75	171	12.958321
0	75	11	11.469380
0	75	3	11.389944
0	75	8	10.092186
0	75	166	9.760181
0	75	160	9.433723
0	75	137	7.844626
0	75	18	6.532610
0	75	128	4.765763
0	75	147	1.772730
0	75	13	-3.834481
0	75	146	-9.156112
0	75	145	-10.859509
0	75	16	-13.730450
0	75	17	-14.552896
0	77	14	14.410517
0	77	146	13.739018
0	77	8	13.361897
0	77	3	13.033190
0	77	147	12.686333
0	77	164	12.300226
0	77	18	12.061146
0	77	145	11.032075
0	77	165	10.275539
0	77	166	9.020182
0	77	137	8.624137
0	77	167	8.243078
0	77	132	7.024189
0	77	171	6.528716
0	77	11	6.106869
0	77	13	1.703602
0	77	128	-1.096848
0	77	17	-3.589557
0	77	16	-5.008108
0	77	160	-6.678811
0	94	99	15.099699
0	94	116	14.538889
0	94	188	14.144569
0	94	14	13.938189
0	94	205	13.419619
0	94	190	12.986999
0	94	51	12.566961
0	94	193	11.356966
0	94	15	11.195415
0	94	63	10.170552
0	94	194	9.737700
0	94	196	9.528704
0	94	189	9.241253
0	94	3	9.197015
0	94	206	9.070108
0	94	204	7.730332
0	94	113	7.358006
0	94	201	6.810843
0	94	8	6.745117
0	94	200	4.332726
0	94	16	3.523736
0	94	192	-0.693217
0	94	207	-2.638805
0	94	126	-3.715518
0	94	187	-7.556014
0	94	212	-7.779170
0	94	13	-7.890247
0	94	197	-9.354515
0	94	198	-10.020142
0	94	210	-10.725772
0	94	208	-11.034260
0	94	203	-11.201385
0	94	199	-11.942490
0	94	122	-12.342388
0	94	18	-12.460910
0	94	202	-12.839536
0	94	217	-13.337013
0	94	109	-13.854683
0	94	209	-14.526449
0	94	191	-14.617381
0	94	195	-14.669050
0	94	17	-15.058067
0	95	99	14.011477
0	95	198	13.434171
0	95	116	13.285116
0	95	194	12.494420
0	95	217	11.390932
0	95	206	11.298108
0	95	18	10.569630
0	95	200	9.847748
0	95	15	9.544276
0	95	193	9.180919
0	95	190	8.968746
0	95	63	8.112675
0	95	17	6.927181
0	95	204	6.332309
0	95	188	5.606791
0	95	210	4.846762
0	95	8	4.334239
0	95	51	4.070385
0	95	196	3.146349
0	95	13	2.956186
0	95	122	2.648304
0	95	14	2.434443
0	95	113	2.411456
0	95	3	0.970723
0	95	187	0.354832
0	95	109	-2.202790
0	95	189	-2.507969
0	95	192	-2.557191
0	95	208	-3.370793
0	95	201	-4.130023
0	95	16	-4.197791
0	95	207	-4.257649
0	95	205	-7.270850
0	95	199	-10.305415
0	95	202	-11.543027
0	95	212	-11.777706
0	95	126	-12.317978
0	95	203	-12.612297
0	95	209	-14.306721
0	95	195	-14.361032
0	95	197	-14.599836
0	95	191	-14.649767
0	96	99	15.771858
0	96	116	15.688958
0	96	188	15.371975
0	96	63	14.880203
0	96	190	13.397424
0	96	193	12.914320
0	96	206	12.449232
0	96	194	12.115576
0	96	201	11.915932
0	96	3	11.156872
0	96	15	10.814914
0	96	14	10.258213
0	96	189	10.037567
0	96	207	8.595043
0	96	113	8.290777
0	96	204	7.150977
0	96	51	7.117472
0	96	205	6.297539
0	96	192	4.646220
0	96	196	4.464546
0	96	8	4.148037
0	96	16	2.836745
0	96	200	-1.184168
0	96	199	-6.348240
0	96	13	-8.822204
0	96	210	-10.520281
0	96	203	-10.930305
0	96	197	-11.235573
0	96	212	-11.915142
0	96	122	-12.096359
0	96	202	-12.208309
0	96	198	-12.383400
0	96	187	-12.450012
0	96	208	-12.521400
0	96	126	-12.581297
0	96	18	-13.968985
0	96	109	-14.151062
0	96	217	-14.386047
0	96	191	-14.729906
0	96	209	-14.754061
0	96	195	-14.756443
0	96	17	-14.784584
0	99	206	15.862560
0	99	194	15.702257
0	99	211	15.210659
0	99	193	15.089423
0	99	190	15.041122
0	99	99	14.592921
0	99	116	14.273275
0	99	192	14.199972
0	99	15	14.142927
0	99	196	13.590315
0	99	51	13.291222
0	99	188	12.778006
0	99	207	12.773801
0	99	63	12.266848
0	99	3	11.914815
0	99	200	9.948618
0	99	14	9.861239
0	99	189	9.710735
0	99	204	7.142356
0	99	18	7.137719
0	99	8	5.892690
0	99	113	3.288460
0	99	201	2.299475
0	99	198	-0.497549
0	99	13	-2.354606
0	99	122	-3.893255
0	99	203	-4.675738
0	99	16	-6.743312
0	99	202	-7.145453
0	99	212	-8.233219
0	99	126	-8.404699
0	99	109	-8.429940
0	99	199	-10.120867
0	99	205	-11.470018
0	99	197	-12.272030
0	99	210	-12.977488
0	99	217	-13.584554
0	99	191	-14.273970
0	99	195	-14.363447
0	99	209	-14.550081
0	100	51	16.365248
0	100	211	15.263325
0	100	190	15.170036
0	100	188	14.072475
0	100	116	13.690567
0	100	206	13.551144
0	100	99	13.447084
0	100	14	12.601408
0	100	194	12.572998
0	100	193	12.069347
0	100	63	11.666193
0	100	3	11.417854
0	100	15	11.039954
0	100	196	10.620241
0	100	192	10.471411
0	100	200	10.214483
0	100	113	9.050797
0	100	189	8.110109
0	100	8	7.402990
0	100	204	5.968386
0	100	16	1.968981
0	100	109	1.318026
0	100	122	1.156631
0	100	13	1.106563
0	100	201	0.977622
0	100	18	0.967653
0	100	207	-1.220162
0	100	198	-3.559416
0	100	203	-5.486259
0	100	205	-6.098755
0	100	126	-7.748178
0	100	202	-9.250093
0	100	197	-9.878891
0	100	212	-10.692990
0	100	217	-11.024349
0	100	199	-12.407825
0	100	210	-13.149408
0	100	191	-14.248907
0	100	195	-14.550211
0	100	209	-14.642406
0	123	228	16.248871
0	123	116	16.043900
0	123	14	15.685005
0	123	235	15.672932
0	123	99	15.258537
0	123	232	15.120445
0	123	190	15.075697
0	123	201	14.936747
0	123	223	14.929523
0	123	224	14.834431
0	123	188	14.789839
0	123	51	14.645435
0	123	227	14.540503
0	123	239	14.416363
0	123	207	14.311586
0	123	230	14.299798
0	123	196	14.256891
0	123	3	14.001733
0	123	238	13.788917
0	123	229	13.778820
0	123	221	13.287603
0	123	241	13.135551
0	123	237	12.820637
0	123	243	12.662064
0	123	8	12.577908
0	123	222	11.906805
0	123	231	11.881134
0	123	236	11.705532
0	123	225	11.314823
0	123	199	10.412229
0	123	244	10.396901
0	123	240	10.063272
0	123	16	9.930485
0	123	226	9.017223
0	123	245	8.835329
0	123	242	7.420993
0	123	198	3.254583
0	123	233	2.162277
0	123	18	-2.353750
0	123	197	-6.541851
0	123	247	-6.752773
0	123	208	-6.967562
0	123	234	-7.346170
0	123	122	-7.361907
0	123	246	-7.510310
0	123	11	-10.903645
0	123	210	-11.362968
0	123	187	-12.270675
0	123	217	-12.361082
0	123	96	-13.016541
0	123	191	-14.471704
0	124	228	14.986774
0	124	221	14.727772
0	124	232	14.626297
0	124	224	14.208080
0	124	235	14.131365
0	124	51	13.820354
0	124	116	13.773266
0	124	201	13.272727
0	124	190	12.755089
0	124	199	12.752175
0	124	8	12.130858
0	124	225	11.387614
0	124	229	10.929844
0	124	231	10.820354
0	124	223	10.601271
0	124	207	10.462347
0	124	243	10.402647
0	124	240	10.282988
0	124	99	10.024695
0	124	241	9.910574
0	124	210	9.229265
0	124	11	9.065704
0	124	230	8.962738
0	124	227	8.442413
0	124	14	8.366800
0	124	188	8.131094
0	124	236	7.885026
0	124	3	7.755690
0	124	244	6.983764
0	124	208	6.976483
0	124	237	6.336374
0	124	233	3.615774
0	124	245	3.386345
0	124	16	3.174356
0	124	242	2.695953
0	124	234	2.101553
0	124	222	2.048204
0	124	122	1.822299
0	124	246	1.411923
0	124	239	0.869257
0	124	196	-0.075336
0	124	247	-2.102157
0	124	18	-2.404741
0	124	187	-7.211177
0	124	198	-7.624042
0	124	238	-9.710239
0	124	217	-12.193213
0	124	226	-12.284939
0	124	197	-12.434356
0	124	96	-12.801490
0	124	191	-13.330351
0	125	190	16.871185
0	125	224	16.776901
0	125	228	16.112349
0	125	207	15.854364
0	125	201	15.784573
0	125	232	15.307329
0	125	51	15.041383
0	125	14	13.983948
0	125	116	13.943536
0	125	196	13.801899
0	125	229	13.797099
0	125	3	13.469566
0	125	221	13.321171
0	125	99	12.961250
0	125	227	12.944901
0	125	235	12.557543
0	125	239	12.505615
0	125	222	12.062937
0	125	236	11.380220
0	125	231	10.556692
0	125	237	10.358192
0	125	188	9.732412
0	125	230	9.672722
0	125	8	9.208616
0	125	234	8.807764
0	125	243	8.053142
0	125	241	7.831194
0	125	225	7.322007
0	125	223	6.851806
0	125	18	6.655614
0	125	11	5.117216
0	125	242	4.717989
0	125	233	4.375053
0	125	245	3.082445
0	125	16	3.051164
0	125	198	2.988032
0	125	210	2.972758
0	125	122	2.726329
0	125	208	2.691065
0	125	244	2.616480
0	125	240	1.319216
0	125	247	-1.349952
0	125	226	-2.591975
0	125	187	-2.701399
0	125	238	-5.058075
0	125	246	-7.435655
0	125	199	-10.137453
0	125	96	-12.077320
0	125	197	-12.273214
0	125	217	-13.240618
0	125	191	-13.904510
0	126	14	13.666505
0	126	227	13.033932
0	126	190	12.762873
0	126	188	12.616217
0	126	116	12.488812
0	126	224	12.428098
0	126	222	12.270926
0	126	228	12.059336
0	126	236	11.334919
0	126	3	11.217773
0	126	51	11.094496
0	126	240	10.949336
0	126	241	10.739727
0	126	229	10.282141
0	126	99	10.111404
0	126	221	9.398163
0	126	235	9.207160
0	126	246	8.199924
0	126	198	8.022319
0	126	232	7.912589
0	126	237	7.895383
0	126	196	7.772797
0	126	244	7.771733
0	126	231	7.500376
0	126	8	7.213791
0	126	16	6.367152
0	126	201	3.155324
0	126	122	1.928052
0	126	223	1.476906
0	126	238	1.239231
0	126	239	0.422230
0	126	225	-2.124168
0	126	226	-3.184249
0	126	247	-4.592121
0	126	11	-4.648324
0	126	245	-6.404773
0	126	217	-7.316793
0	126	207	-7.861996
0	126	233	-8.677413
0	126	18	-9.425831
0	126	208	-10.820909
0	126	187	-11.153673
0	126	96	-12.281725
0	126	243	-12.592559
0	126	230	-12.701814
0	126	242	-13.092276
0	126	210	-13.517078
0	126	234	-13.793623
0	126	199	-13.959541
0	126	197	-14.152728
0	126	191	-14.466005
0	127	116	15.598684
0	127	224	14.465080
0	127	232	14.425144
0	127	190	14.368509
0	127	228	13.459115
0	127	221	13.235262
0	127	241	13.199884
0	127	235	12.850883
0	127	51	12.782429
0	127	237	12.658058
0	127	3	12.632454
0	127	229	12.472271
0	127	99	12.449625
0	127	207	12.268053
0	127	230	12.002159
0	127	188	11.835220
0	127	223	11.697552
0	127	16	11.624584
0	127	238	11.604893
0	127	196	10.789434
0	127	231	10.128392
0	127	14	9.695427
0	127	8	8.992105
0	127	18	8.726384
0	127	201	7.455986
0	127	225	4.302923
0	127	243	3.286813
0	127	222	3.138369
0	127	233	2.857034
0	127	245	2.574594
0	127	242	2.452130
0	127	239	2.446398
0	127	208	2.134924
0	127	227	0.241850
0	127	247	-0.195910
0	127	122	-0.927928
0	127	244	-3.042451
0	127	240	-4.115314
0	127	236	-5.249024
0	127	11	-7.645274
0	127	234	-9.652805
0	127	246	-9.787050
0	127	226	-10.405508
0	127	187	-10.619295
0	127	210	-10.721487
0	127	197	-11.338930
0	127	199	-12.314905
0	127	198	-13.046864
0	127	96	-13.381531
0	127	217	-13.792947
0	127	191	-14.379129
0	144	258	11.937363
0	144	257	11.681063
0	144	248	11.550982
0	144	63	11.408682
0	144	3	11.184851
0	144	201	10.510353
0	144	251	10.365641
0	144	14	9.831433
0	144	252	7.132096
0	144	16	6.583172
0	144	200	5.638516
0	144	8	4.678238
0	144	250	4.655185
0	144	249	3.450593
0	144	13	-1.881324
0	144	253	-7.500106
0	144	113	-7.505177
0	144	254	-8.321672
0	144	17	-9.912248
0	144	199	-10.328107
0	144	110	-12.367669
0	144	109	-12.544457
0	144	18	-12.903723
0	144	11	-12.939951
0	144	208	-12.997671
0	144	187	-13.406722
0	144	256	-14.360344
0	144	191	-14.683756
0	144	255	-14.700924
0	145	63	15.604389
0	145	14	13.910624
0	145	251	13.861103
0	145	3	13.076662
0	145	258	12.934036
0	145	201	12.448011
0	145	257	11.896852
0	145	8	11.004511
0	145	248	10.262118
0	145	16	10.175834
0	145	252	7.387521
0	145	253	7.342408
0	145	254	7.292916
0	145	249	5.236200
0	145	200	5.012977
0	145	113	3.862002
0	145	17	3.855389
0	145	187	3.633681
0	145	208	2.952882
0	145	13	2.353274
0	145	250	-1.109301
0	145	18	-4.378795
0	145	199	-5.874514
0	145	109	-7.630326
0	145	110	-8.069710
0	145	256	-8.957935
0	145	11	-11.941659
0	145	255	-13.899796
0	145	191	-14.427032
0	146	63	14.787094
0	146	257	13.772188
0	146	251	12.668602
0	146	248	8.049177
0	146	14	7.885617
0	146	3	7.456600
0	146	200	7.073260
0	146	253	6.031396
0	146	252	5.108366
0	146	8	4.743890
0	146	249	3.032866
0	146	109	0.963695
0	146	201	0.437985
0	146	13	-2.288355
0	146	254	-4.448827
0	146	258	-4.822367
0	146	187	-4.931496
0	146	250	-6.928147
0	146	17	-7.117839
0	146	11	-8.953524
0	146	208	-9.128611
0	146	18	-9.896711
0	146	110	-11.067463
0	146	113	-11.923609
0	146	199	-11.979326
0	146	16	-12.344542
0	146	255	-13.894539
0	146	256	-14.029524
0	146	191	-14.702530
0	147	199	12.978329
0	147	251	11.964048
0	147	14	11.533232
0	147	253	10.518296
0	147	257	8.910990
0	147	252	8.484499
0	147	63	8.150211
0	147	248	7.511544
0	147	3	6.882800
0	147	201	4.262652
0	147	256	3.717362
0	147	11	2.148976
0	147	258	0.394263
0	147	110	0.152488
0	147	13	-6.086162
0	147	18	-6.093508
0	147	187	-6.326762
0	147	8	-6.515226
0	147	109	-6.533627
0	147	200	-6.973104
0	147	254	-7.336059
0	147	113	-8.676304
0	147	249	-9.467989
0	147	250	-9.661878
0	147	208	-10.013494
0	147	16	-12.506119
0	147	255	-12.882339
0	147	191	-13.882763
0	147	17	-14.030634
0	148	63	12.099184
0	148	257	11.708404
0	148	201	11.401978
0	148	248	11.210567
0	148	14	9.372645
0	148	113	9.247292
0	148	200	9.114541
0	148	258	8.932362
0	148	252	7.710521
0	148	253	6.236063
0	148	3	5.971123
0	148	8	5.775426
0	148	254	5.446432
0	148	199	4.806953
0	148	249	2.300110
0	148	208	0.612940
0	148	16	0.504904
0	148	13	-3.139158
0	148	250	-5.536858
0	148	251	-6.019229
0	148	187	-7.288997
0	148	110	-9.745125
0	148	18	-11.971799
0	148	109	-12.600990
0	148	255	-13.862070
0	148	17	-14.377247
0	148	11	-14.394316
0	148	256	-14.470074
0	148	191	-15.014704
0	150	257	14.748766
0	150	251	14.690601
0	150	252	9.477580
0	150	253	9.378492
0	150	187	9.221758
0	150	63	9.174923
0	150	248	8.095767
0	150	14	7.296109
0	150	258	7.258462
0	150	11	0.762835
0	150	109	-1.403785
0	150	113	-2.064171
0	150	8	-4.322928
0	150	18	-5.176921
0	150	201	-5.186956
0	150	250	-5.985708
0	150	200	-6.689118
0	150	3	-7.436979
0	150	249	-8.172353
0	150	254	-8.909795
0	150	208	-9.863333
0	150	110	-10.491817
0	150	13	-11.094829
0	150	199	-12.003068
0	150	17	-13.106112
0	150	16	-13.648289
0	150	255	-14.492959
0	150	191	-14.543192
0	150	256	-14.609197
0	177	183	16.718664
0	177	267	16.456171
0	177	116	16.238968
0	177	263	16.041401
0	177	264	15.851408
0	177	63	15.752499
0	177	30	15.426455
0	177	61	15.109794
0	177	270	15.028658
0	177	244	14.863701
0	177	14	14.651312
0	177	265	14.595921
0	177	112	14.540354
0	177	231	14.322491
0	177	58	14.149902
0	177	266	13.929047
0	177	3	12.290710
0	177	51	11.599544
0	177	119	10.022018
0	177	113	9.497815
0	177	269	5.766264
0	177	8	3.036139
0	177	271	2.670708
0	177	268	-0.159730
0	177	278	-3.230681
0	177	13	-5.469014
0	177	16	-5.902357
0	177	109	-10.561037
0	177	272	-11.150936
0	177	18	-13.012226
0	177	11	-13.396210
0	177	115	-13.495119
0	177	17	-13.802275
0	177	255	-14.172897
0	177	280	-14.975674
0	177	277	-15.781963
0	178	61	15.900038
0	178	267	15.845100
0	178	116	15.413260
0	178	183	15.292605
0	178	30	14.734096
0	178	244	14.157408
0	178	265	13.861758
0	178	270	13.572430
0	178	263	13.564852
0	178	63	13.421739
0	178	264	13.043204
0	178	266	12.596635
0	178	58	11.233805
0	178	112	11.093010
0	178	3	9.385015
0	178	14	9.121809
0	178	119	8.354000
0	178	231	7.932756
0	178	113	5.316171
0	178	51	3.715905
0	178	8	0.045891
0	178	17	-0.279496
0	178	278	-0.461492
0	178	16	-0.734001
0	178	269	-3.607928
0	178	13	-3.854597
0	178	271	-8.328557
0	178	268	-8.361474
0	178	272	-10.332067
0	178	11	-11.039828
0	178	109	-11.128971
0	178	115	-12.352291
0	178	18	-13.757532
0	178	255	-14.062471
0	178	280	-14.811359
0	178	277	-15.883155
0	179	183	16.485121
0	179	116	15.253866
0	179	263	15.177971
0	179	265	15.014070
0	179	264	14.964849
0	179	63	14.915953
0	179	267	14.755346
0	179	30	14.168745
0	179	270	14.143047
0	179	61	12.989408
0	179	244	12.851513
0	179	112	12.832457
0	179	266	11.966560
0	179	3	10.895433
0	179	231	10.794497
0	179	14	10.430897
0	179	51	8.688900
0	179	58	7.361100
0	179	119	5.369271
0	179	8	4.702142
0	179	269	4.300170
0	179	113	4.151843
0	179	271	2.306003
0	179	13	-5.380083
0	179	16	-5.720811
0	179	278	-9.021148
0	179	268	-9.109785
0	179	11	-9.121668
0	179	18	-9.988758
0	179	272	-11.415986
0	179	255	-13.137527
0	179	109	-13.148407
0	179	115	-13.177995
0	179	17	-13.741773
0	179	280	-14.997692
0	179	277	-15.603626
0	180	183	16.007891
0	180	263	15.960749
0	180	116	15.613434
0	180	30	14.390516
0	180	264	14.081163
0	180	244	13.861636
0	180	270	12.780966
0	180	63	12.547741
0	180	267	12.495830
0	180	61	12.143056
0	180	231	11.002678
0	180	14	10.794430
0	180	266	10.367643
0	180	3	10.071791
0	180	265	8.975897
0	180	112	8.308899
0	180	8	0.347549
0	180	119	-2.684825
0	180	113	-2.788647
0	180	51	-2.804508
0	180	13	-4.853161
0	180	271	-5.847527
0	180	109	-6.114250
0	180	269	-6.994794
0	180	58	-7.199732
0	180	268	-9.891071
0	180	18	-10.080770
0	180	11	-10.398777
0	180	272	-10.486338
0	180	278	-10.891156
0	180	255	-13.294116
0	180	115	-13.294622
0	180	16	-13.456700
0	180	17	-14.789245
0	180	280	-15.187881
0	180	277	-15.652030
0	181	183	15.948792
0	181	116	15.501991
0	181	265	15.399506
0	181	263	15.249907
0	181	264	14.680223
0	181	267	14.634394
0	181	30	14.359570
0	181	244	14.323545
0	181	270	13.452944
0	181	61	12.812628
0	181	112	12.692601
0	181	63	12.587875
0	181	3	12.494370
0	181	14	11.352213
0	181	266	11.252932
0	181	231	10.501118
0	181	58	9.386822
0	181	119	8.800765
0	181	51	7.832809
0	181	113	7.554577
0	181	269	5.080943
0	181	271	1.245186
0	181	8	-3.873365
0	181	278	-5.652934
0	181	13	-5.927746
0	181	16	-8.060420
0	181	268	-8.099224
0	181	11	-11.118049
0	181	272	-11.394850
0	181	109	-12.523103
0	181	115	-12.846573
0	181	18	-12.939238
0	181	255	-13.832432
0	181	280	-14.629343
0	181	17	-15.023542
0	181	277	-15.528514
0	182	116	14.007963
0	182	183	13.425520
0	182	267	12.951080
0	182	112	12.303019
0	182	61	11.424853
0	182	58	11.283518
0	182	264	11.111271
0	182	63	9.823785
0	182	270	9.335674
0	182	113	7.897565
0	182	119	7.862138
0	182	51	7.859364
0	182	14	7.663748
0	182	265	6.875601
0	182	11	6.216473
0	182	18	5.857601
0	182	30	5.820666
0	182	266	5.423684
0	182	271	5.182288
0	182	3	4.126369
0	182	268	4.081659
0	182	244	3.999398
0	182	8	3.307887
0	182	16	3.097785
0	182	13	1.283541
0	182	109	0.301272
0	182	231	-0.206256
0	182	17	-4.679705
0	182	263	-4.829996
0	182	269	-5.657089
0	182	278	-6.271934
0	182	115	-8.455248
0	182	272	-9.232164
0	182	255	-11.102077
0	182	280	-12.129253
0	182	277	-14.865871
0	183	116	16.751436
0	183	267	16.356737
0	183	183	16.314131
0	183	276	16.025219
0	183	291	15.517324
0	183	264	15.479359
0	183	63	15.435747
0	183	14	15.404684
0	183	294	15.124390
0	183	275	15.004015
0	183	61	14.907356
0	183	287	13.954895
0	183	283	13.703682
0	183	273	13.621565
0	183	270	13.264750
0	183	288	13.150984
0	183	112	13.077234
0	183	51	12.610416
0	183	292	12.566008
0	183	282	12.448814
0	183	263	12.245954
0	183	244	12.138567
0	183	3	12.095188
0	183	231	11.926565
0	183	30	11.711975
0	183	113	11.624773
0	183	58	11.376110
0	183	285	11.348820
0	183	119	9.438541
0	183	289	7.971433
0	183	271	7.826531
0	183	279	6.465577
0	183	274	5.613389
0	183	286	4.524674
0	183	18	3.921864
0	183	281	0.935151
0	183	268	0.281744
0	183	290	-0.820750
0	183	295	-1.152620
0	183	278	-3.771417
0	183	293	-7.398647
0	183	284	-11.523503
0	183	115	-13.175840
0	183	272	-13.735347
0	183	280	-14.922438
0	184	183	16.265371
0	184	263	15.747345
0	184	116	15.741810
0	184	63	15.731630
0	184	264	15.418655
0	184	244	14.982224
0	184	267	14.970435
0	184	270	14.906989
0	184	231	14.750540
0	184	61	14.256773
0	184	30	14.194941
0	184	266	13.959898
0	184	112	13.386608
0	184	265	12.889959
0	184	3	11.426310
0	184	14	11.056459
0	184	58	9.031329
0	184	8	8.087408
0	184	51	5.687796
0	184	119	5.550524
0	184	268	4.393905
0	184	271	2.790486
0	184	113	-4.747858
0	184	11	-5.028256
0	184	269	-5.057925
0	184	13	-5.586288
0	184	278	-7.656040
0	184	109	-11.350988
0	184	272	-12.262909
0	184	16	-12.615956
0	184	18	-13.530252
0	184	115	-13.607952
0	184	255	-13.738871
0	184	17	-15.348419
0	184	280	-15.471615
0	184	277	-15.744835
0	185	183	15.969491
0	185	116	15.632435
0	185	264	15.437694
0	185	30	15.312271
0	185	244	15.191111
0	185	265	15.032316
0	185	270	14.968485
0	185	14	14.428223
0	185	263	14.027270
0	185	266	13.306170
0	185	267	13.196905
0	185	231	12.412471
0	185	61	12.378676
0	185	3	11.531301
0	185	112	11.090500
0	185	51	9.764046
0	185	58	7.977126
0	185	63	7.498701
0	185	8	7.095361
0	185	109	6.188910
0	185	119	4.921158
0	185	113	3.449108
0	185	272	1.815174
0	185	269	0.880922
0	185	13	-0.724617
0	185	278	-3.936008
0	185	271	-4.850624
0	185	11	-6.576278
0	185	268	-8.054035
0	185	17	-9.187469
0	185	255	-10.666719
0	185	115	-11.019049
0	185	16	-11.388441
0	185	18	-11.778158
0	185	280	-15.205851
0	185	277	-15.956024
0	186	183	16.894684
0	186	263	16.799278
0	186	116	16.412592
0	186	267	16.365902
0	186	264	16.270250
0	186	265	15.942701
0	186	244	15.839840
0	186	63	15.435482
0	186	30	15.183080
0	186	266	14.991419
0	186	61	14.879203
0	186	270	14.511105
0	186	14	14.495987
0	186	112	13.188613
0	186	269	11.368106
0	186	3	10.881456
0	186	51	10.322088
0	186	231	7.932257
0	186	8	7.140355
0	186	113	5.950806
0	186	271	4.413472
0	186	119	3.796512
0	186	18	-0.076996
0	186	13	-2.872898
0	186	268	-7.953407
0	186	58	-8.670414
0	186	278	-9.551032
0	186	11	-9.778177
0	186	109	-12.145312
0	186	16	-12.667523
0	186	255	-13.220295
0	186	115	-13.361847
0	186	272	-13.802893
0	186	280	-15.102877
0	186	17	-15.280467
0	186	277	-15.694445
