0	1	18	1.247895
0	1	3	1.222670
0	1	8	1.179735
0	1	9	1.131130
0	1	14	1.112903
0	1	15	1.101590
0	1	1	1.051525
0	1	11	1.049324
0	1	6	1.001937
0	1	2	1.000435
0	1	0	0.972163
0	1	5	0.963086
0	1	7	0.959336
0	1	19	0.929961
0	1	12	0.838616
0	1	4	0.722022
0	1	16	0.632803
0	1	10	0.611708
0	1	17	0.423652
0	1	13	0.393291
0	2	9	1.512681
0	2	2	1.342135
0	2	15	1.319789
0	2	8	1.304274
0	2	3	1.283792
0	2	5	1.259864
0	2	14	1.256328
0	2	0	1.196851
0	2	1	1.187526
0	2	18	1.165543
0	2	11	1.044371
0	2	6	0.908139
0	2	4	0.905221
0	2	12	0.841190
0	2	10	0.737488
0	2	7	0.716417
0	2	19	0.601981
0	2	17	0.454768
0	2	16	0.373491
0	2	13	0.325681
0	3	15	1.546401
0	3	9	1.486423
0	3	0	1.470374
0	3	3	1.402715
0	3	2	1.317876
0	3	14	1.255181
0	3	5	1.250684
0	3	12	1.243212
0	3	1	1.242361
0	3	6	1.223602
0	3	8	1.203320
0	3	7	1.200413
0	3	4	1.172517
0	3	11	1.170318
0	3	19	1.158528
0	3	18	1.155601
0	3	10	0.987686
0	3	17	0.793931
0	3	16	0.788903
0	3	13	0.673954
0	14	45	1.062020
0	14	3	1.051404
0	14	27	1.027499
0	14	58	0.991253
0	14	43	0.973496
0	14	26	0.958163
0	14	18	0.953487
0	14	31	0.946374
0	14	28	0.920251
0	14	22	0.917267
0	14	14	0.907243
0	14	8	0.876623
0	14	36	0.866552
0	14	85	0.841562
0	14	57	0.825830
0	14	32	0.822192
0	14	20	0.773889
0	14	52	0.758182
0	14	47	0.757958
0	14	63	0.750020
0	14	54	0.741766
0	14	72	0.705608
0	14	50	0.697574
0	14	46	0.641131
0	14	48	0.623350
0	14	56	0.616262
0	14	37	0.609319
0	14	71	0.598579
0	14	29	0.598107
0	14	70	0.597456
0	14	21	0.580764
0	14	61	0.579394
0	14	34	0.566404
0	14	42	0.556195
0	14	30	0.553115
0	14	39	0.540857
0	14	51	0.526634
0	14	65	0.523467
0	14	33	0.522253
0	14	75	0.511025
0	14	66	0.509188
0	14	53	0.492564
0	14	79	0.490459
0	14	62	0.476510
0	14	74	0.462282
0	14	25	0.439082
0	14	23	0.438556
0	14	11	0.435619
0	14	69	0.426346
0	14	76	0.409035
0	14	55	0.408943
0	14	40	0.389583
0	14	35	0.369847
0	14	24	0.367905
0	14	64	0.361764
0	14	77	0.359818
0	14	73	0.358841
0	14	41	0.348875
0	14	38	0.346055
0	14	78	0.340003
0	14	49	0.316805
0	14	44	0.310610
0	14	16	0.288043
0	15	14	1.294226
0	15	43	1.267507
0	15	3	1.250241
0	15	58	1.248786
0	15	26	1.214268
0	15	28	1.207845
0	15	36	1.179582
0	15	8	1.145085
0	15	50	1.129419
0	15	22	1.128827
0	15	31	1.112355
0	15	32	1.109832
0	15	61	1.104063
0	15	51	1.101450
0	15	52	1.084477
0	15	18	1.072865
0	15	45	1.069381
0	15	46	1.061525
0	15	72	1.047038
0	15	42	1.013822
0	15	20	1.011578
0	15	27	1.009101
0	15	62	0.994764
0	15	63	0.986756
0	15	57	0.966272
0	15	47	0.953465
0	15	53	0.929322
0	15	29	0.927444
0	15	30	0.924915
0	15	37	0.910779
0	15	64	0.908599
0	15	21	0.903475
0	15	34	0.893687
0	15	85	0.885082
0	15	71	0.874176
0	15	48	0.864677
0	15	23	0.863022
0	15	56	0.848810
0	15	75	0.848667
0	15	25	0.845366
0	15	66	0.817694
0	15	33	0.807642
0	15	74	0.804685
0	15	79	0.788173
0	15	54	0.781208
0	15	35	0.756187
0	15	39	0.712996
0	15	11	0.708825
0	15	65	0.702167
0	15	69	0.646547
0	15	16	0.628740
0	15	70	0.623676
0	15	76	0.564801
0	15	77	0.561267
0	15	55	0.555096
0	15	40	0.550133
0	15	38	0.531093
0	15	24	0.521591
0	15	73	0.497595
0	15	44	0.494523
0	15	49	0.474082
0	15	41	0.467193
0	15	78	0.459498
0	16	56	1.734219
0	16	58	1.586820
0	16	26	1.556911
0	16	52	1.451030
0	16	3	1.448344
0	16	32	1.447376
0	16	43	1.431428
0	16	63	1.418607
0	16	54	1.352531
0	16	31	1.351947
0	16	45	1.333327
0	16	28	1.324119
0	16	51	1.301379
0	16	72	1.295089
0	16	27	1.284780
0	16	22	1.283059
0	16	62	1.276596
0	16	61	1.274653
0	16	14	1.272420
0	16	50	1.264492
0	16	36	1.264068
0	16	21	1.225050
0	16	53	1.199223
0	16	47	1.165177
0	16	30	1.133371
0	16	20	1.119021
0	16	29	1.117256
0	16	25	1.093290
0	16	48	1.065469
0	16	79	1.064049
0	16	49	1.038830
0	16	35	1.006030
0	16	75	0.996449
0	16	34	0.995973
0	16	64	0.958998
0	16	66	0.927036
0	16	74	0.883783
0	16	85	0.859260
0	16	57	0.836720
0	16	46	0.822806
0	16	18	0.814891
0	16	65	0.768377
0	16	8	0.755327
0	16	76	0.753509
0	16	23	0.746252
0	16	55	0.746014
0	16	40	0.729467
0	16	38	0.709228
0	16	77	0.706005
0	16	33	0.703842
0	16	70	0.702295
0	16	37	0.697894
0	16	73	0.696777
0	16	69	0.691421
0	16	71	0.659293
0	16	24	0.657470
0	16	42	0.647715
0	16	11	0.612705
0	16	39	0.604647
0	16	44	0.602364
0	16	16	0.573208
0	16	41	0.564842
0	16	78	0.555082
0	19	3	1.371444
0	19	58	1.246939
0	19	26	1.188842
0	19	22	1.148115
0	19	14	1.122903
0	19	18	1.111188
0	19	46	1.104269
0	19	29	1.098413
0	19	72	1.083314
0	19	43	1.077957
0	19	61	1.073073
0	19	31	1.054664
0	19	27	1.019906
0	19	8	1.016331
0	19	20	1.005722
0	19	37	1.001202
0	19	36	0.978516
0	19	45	0.951109
0	19	28	0.946436
0	19	65	0.943869
0	19	85	0.940231
0	19	32	0.923349
0	19	57	0.914449
0	19	50	0.901265
0	19	52	0.862763
0	19	56	0.857574
0	19	47	0.843389
0	19	42	0.838792
0	19	70	0.826256
0	19	71	0.811468
0	19	23	0.807794
0	19	34	0.796338
0	19	63	0.786113
0	19	75	0.783844
0	19	51	0.768425
0	19	40	0.730376
0	19	62	0.726076
0	19	79	0.716159
0	19	53	0.673784
0	19	33	0.672387
0	19	30	0.663464
0	19	25	0.663091
0	19	54	0.656871
0	19	66	0.646710
0	19	39	0.637590
0	19	21	0.635641
0	19	38	0.623043
0	19	64	0.611394
0	19	48	0.553477
0	19	69	0.535572
0	19	77	0.519030
0	19	55	0.506144
0	19	11	0.466999
0	19	41	0.443817
0	19	24	0.443668
0	19	78	0.437595
0	19	76	0.432432
0	19	73	0.421248
0	19	35	0.413860
0	19	49	0.406468
0	19	44	0.393567
0	19	74	0.377858
0	19	16	0.328563
0	22	58	1.638274
0	22	26	1.354843
0	22	53	1.278306
0	22	43	1.178632
0	22	52	1.175190
0	22	3	1.169433
0	22	32	1.133091
0	22	42	1.130222
0	22	46	1.127577
0	22	22	1.123532
0	22	28	1.120929
0	22	14	1.111054
0	22	54	1.098443
0	22	61	1.096225
0	22	50	1.060667
0	22	18	1.047311
0	22	20	1.032839
0	22	29	1.029662
0	22	37	1.013120
0	22	51	1.008935
0	22	36	0.999814
0	22	63	0.988844
0	22	27	0.984010
0	22	31	0.973779
0	22	62	0.962695
0	22	56	0.961271
0	22	34	0.961138
0	22	72	0.959589
0	22	8	0.921347
0	22	45	0.909577
0	22	23	0.897875
0	22	64	0.896729
0	22	21	0.869620
0	22	70	0.867503
0	22	85	0.824442
0	22	75	0.779210
0	22	79	0.759704
0	22	35	0.757521
0	22	47	0.748755
0	22	39	0.713800
0	22	30	0.691454
0	22	74	0.689210
0	22	71	0.667457
0	22	66	0.658877
0	22	49	0.655142
0	22	78	0.653588
0	22	25	0.649635
0	22	38	0.640697
0	22	65	0.635024
0	22	57	0.626911
0	22	76	0.624844
0	22	48	0.624598
0	22	33	0.600069
0	22	40	0.523492
0	22	77	0.512083
0	22	44	0.509265
0	22	11	0.499789
0	22	55	0.496493
0	22	69	0.495741
0	22	73	0.478426
0	22	41	0.473890
0	22	24	0.454596
0	22	16	0.441450
0	43	99	1.663013
0	43	14	1.566558
0	43	89	1.524738
0	43	90	1.524570
0	43	8	1.509910
0	43	58	1.505190
0	43	3	1.499644
0	43	92	1.485340
0	43	15	1.472356
0	43	61	1.469397
0	43	95	1.435375
0	43	105	1.399590
0	43	100	1.381765
0	43	110	1.380517
0	43	26	1.373990
0	43	86	1.358989
0	43	94	1.354090
0	43	107	1.351177
0	43	87	1.283199
0	43	91	1.268306
0	43	52	1.262362
0	43	18	1.241567
0	43	98	1.228053
0	43	103	1.192570
0	43	88	1.181686
0	43	85	1.144162
0	43	63	1.112839
0	43	108	1.079854
0	43	96	1.065721
0	43	11	1.060706
0	43	97	1.010090
0	43	69	0.988074
0	43	106	0.916589
0	43	17	0.835890
0	43	93	0.781407
0	43	13	0.719927
0	43	109	0.523551
0	44	89	1.573203
0	44	99	1.554549
0	44	90	1.539674
0	44	95	1.536382
0	44	15	1.508314
0	44	58	1.491983
0	44	11	1.480028
0	44	3	1.429552
0	44	52	1.423445
0	44	107	1.423368
0	44	14	1.396447
0	44	110	1.378927
0	44	100	1.378415
0	44	105	1.358213
0	44	26	1.324585
0	44	96	1.277560
0	44	92	1.271014
0	44	86	1.270111
0	44	94	1.264618
0	44	8	1.249936
0	44	97	1.248459
0	44	61	1.214061
0	44	93	1.199899
0	44	88	1.193521
0	44	18	1.185472
0	44	87	1.177970
0	44	63	1.171981
0	44	103	1.154605
0	44	108	1.133850
0	44	98	1.079946
0	44	106	1.053931
0	44	85	1.023781
0	44	17	0.985611
0	44	69	0.910512
0	44	91	0.804871
0	44	109	0.745696
0	44	13	0.691423
0	54	8	1.505817
0	54	14	1.463018
0	54	3	1.396242
0	54	11	1.203641
0	54	18	1.107145
0	54	16	0.997550
0	54	111	0.847627
0	54	7	0.818797
0	54	13	0.799025
0	54	17	0.785079
0	57	8	1.507223
0	57	3	1.423272
0	57	18	1.233089
0	57	14	1.210686
0	57	7	1.106601
0	57	11	0.820912
0	57	17	0.513177
0	57	13	0.477325
0	57	111	0.449130
0	57	16	0.424255
0	58	8	1.219475
0	58	3	1.153667
0	58	18	1.080442
0	58	7	0.743405
0	58	14	0.709743
0	58	11	0.580331
0	58	111	0.453771
0	58	17	0.387497
0	58	13	0.370038
0	58	16	0.352585
0	73	132	1.545568
0	73	154	1.432377
0	73	161	1.252592
0	73	153	1.217913
0	73	150	1.185984
0	73	158	1.170262
0	73	159	1.167006
0	73	18	1.162579
0	73	14	1.138449
0	73	148	1.131714
0	73	8	1.128639
0	73	163	1.119842
0	73	11	1.107910
0	73	149	1.096898
0	73	152	1.089184
0	73	3	1.081963
0	73	169	1.064191
0	73	137	1.058132
0	73	170	1.040998
0	73	168	1.040699
0	73	151	1.027886
0	73	157	1.001400
0	73	145	0.906376
0	73	162	0.793542
0	73	156	0.779043
0	73	147	0.776731
0	73	146	0.717940
0	73	160	0.716082
0	73	13	0.385400
0	73	155	0.371910
0	73	17	0.288299
0	73	16	0.257233
0	74	132	1.612835
0	74	14	1.523547
0	74	158	1.521864
0	74	157	1.498639
0	74	153	1.431238
0	74	8	1.407806
0	74	170	1.393024
0	74	11	1.385685
0	74	161	1.383381
0	74	3	1.365211
0	74	154	1.355416
0	74	159	1.344892
0	74	151	1.302150
0	74	150	1.292871
0	74	137	1.249200
0	74	148	1.184922
0	74	169	1.178933
0	74	145	1.146766
0	74	168	1.145139
0	74	155	1.140891
0	74	152	1.131273
0	74	149	1.124007
0	74	163	1.098930
0	74	160	1.087711
0	74	147	1.075118
0	74	18	1.071445
0	74	162	1.037622
0	74	17	0.704274
0	74	146	0.678639
0	74	16	0.643171
0	74	13	0.598205
0	74	156	0.597567
0	75	14	1.437818
0	75	137	1.431564
0	75	132	1.378525
0	75	18	1.246812
0	75	147	1.227600
0	75	8	1.222426
0	75	3	1.211117
0	75	128	1.208835
0	75	165	1.179864
0	75	11	1.128730
0	75	145	1.103508
0	75	171	1.089452
0	75	164	0.998105
0	75	167	0.957376
0	75	166	0.868523
0	75	160	0.851169
0	75	146	0.767976
0	75	17	0.617618
0	75	13	0.579259
0	75	16	0.436556
0	77	8	1.543320
0	77	14	1.487976
0	77	145	1.439247
0	77	18	1.400873
0	77	137	1.400372
0	77	128	1.377055
0	77	3	1.342613
0	77	132	1.294767
0	77	147	1.272602
0	77	11	1.229274
0	77	165	1.186655
0	77	171	1.151081
0	77	166	1.141743
0	77	164	1.113222
0	77	17	1.018393
0	77	160	1.011060
0	77	146	0.993806
0	77	167	0.961165
0	77	13	0.856666
0	77	16	0.827745
0	94	116	1.640179
0	94	99	1.596144
0	94	188	1.594318
0	94	113	1.556536
0	94	14	1.359269
0	94	200	1.328625
0	94	3	1.298508
0	94	190	1.296463
0	94	193	1.293111
0	94	15	1.285513
0	94	201	1.260609
0	94	194	1.219384
0	94	18	1.138756
0	94	8	1.138561
0	94	192	1.108422
0	94	210	1.097909
0	94	51	1.089458
0	94	189	1.081112
0	94	196	1.003264
0	94	208	0.990034
0	94	205	0.961114
0	94	207	0.917780
0	94	198	0.905941
0	94	206	0.893336
0	94	204	0.882486
0	94	217	0.875296
0	94	209	0.871349
0	94	197	0.867225
0	94	195	0.834273
0	94	16	0.802307
0	94	191	0.784620
0	94	126	0.758536
0	94	122	0.755426
0	94	63	0.703349
0	94	202	0.691986
0	94	212	0.690175
0	94	17	0.664505
0	94	203	0.634864
0	94	187	0.590219
0	94	199	0.567106
0	94	109	0.365178
0	94	13	0.333924
0	95	113	1.304467
0	95	18	1.302263
0	95	201	1.269192
0	95	116	1.263659
0	95	3	1.170557
0	95	198	1.156214
0	95	8	1.149280
0	95	217	1.146923
0	95	99	1.104875
0	95	188	1.068736
0	95	17	1.065121
0	95	15	1.061909
0	95	190	1.058490
0	95	14	1.037866
0	95	208	1.015986
0	95	199	1.004091
0	95	187	1.003057
0	95	204	0.982719
0	95	209	0.942819
0	95	194	0.937031
0	95	200	0.918589
0	95	193	0.902102
0	95	189	0.889926
0	95	207	0.879242
0	95	122	0.853540
0	95	197	0.835621
0	95	202	0.820229
0	95	192	0.819951
0	95	206	0.817988
0	95	195	0.798241
0	95	51	0.787592
0	95	191	0.781224
0	95	196	0.775490
0	95	203	0.747858
0	95	63	0.726712
0	95	210	0.695968
0	95	126	0.669941
0	95	13	0.664014
0	95	16	0.659150
0	95	205	0.479327
0	95	109	0.465246
0	95	212	0.443986
0	96	99	1.677338
0	96	116	1.665127
0	96	15	1.622531
0	96	201	1.554598
0	96	113	1.512005
0	96	188	1.473280
0	96	3	1.467272
0	96	193	1.444592
0	96	199	1.429599
0	96	190	1.370678
0	96	14	1.353948
0	96	192	1.317522
0	96	8	1.316325
0	96	210	1.291331
0	96	18	1.262205
0	96	207	1.259208
0	96	122	1.257687
0	96	204	1.233971
0	96	194	1.223639
0	96	200	1.212995
0	96	51	1.208496
0	96	208	1.207152
0	96	206	1.180415
0	96	196	1.165693
0	96	198	1.077268
0	96	63	1.074499
0	96	205	1.044390
0	96	189	1.041906
0	96	197	1.038321
0	96	217	0.989153
0	96	202	0.986635
0	96	16	0.963610
0	96	187	0.944595
0	96	17	0.896344
0	96	195	0.856714
0	96	191	0.854084
0	96	209	0.824010
0	96	203	0.774189
0	96	212	0.753400
0	96	126	0.506575
0	96	109	0.447737
0	96	13	0.419262
0	99	99	1.607501
0	99	113	1.509744
0	99	15	1.409255
0	99	3	1.395595
0	99	193	1.382461
0	99	206	1.297826
0	99	190	1.215487
0	99	196	1.176610
0	99	18	1.153126
0	99	211	1.148406
0	99	200	1.144422
0	99	14	1.127834
0	99	201	1.124773
0	99	51	1.115432
0	99	188	1.046948
0	99	194	1.039898
0	99	192	1.024155
0	99	116	0.998835
0	99	207	0.995128
0	99	63	0.970163
0	99	122	0.936370
0	99	212	0.932716
0	99	189	0.883325
0	99	203	0.826869
0	99	202	0.815772
0	99	195	0.772010
0	99	126	0.718951
0	99	16	0.718700
0	99	217	0.716370
0	99	209	0.696560
0	99	199	0.696254
0	99	8	0.688387
0	99	205	0.657326
0	99	210	0.635926
0	99	204	0.618834
0	99	198	0.606241
0	99	197	0.556547
0	99	13	0.419117
0	99	191	0.409080
0	99	109	0.400850
0	100	99	1.621890
0	100	113	1.311035
0	100	15	1.303884
0	100	3	1.300779
0	100	188	1.199357
0	100	190	1.170179
0	100	51	1.148222
0	100	14	1.068516
0	100	18	1.019734
0	100	200	1.000594
0	100	194	0.998844
0	100	211	0.981477
0	100	201	0.980647
0	100	207	0.931019
0	100	193	0.860887
0	100	126	0.780135
0	100	189	0.778028
0	100	116	0.744811
0	100	206	0.744733
0	100	195	0.743595
0	100	8	0.730048
0	100	192	0.713987
0	100	209	0.712485
0	100	203	0.710594
0	100	191	0.696439
0	100	16	0.680887
0	100	212	0.669089
0	100	63	0.661566
0	100	196	0.636852
0	100	217	0.635055
0	100	199	0.610705
0	100	210	0.606390
0	100	205	0.586994
0	100	197	0.586901
0	100	13	0.562360
0	100	204	0.551010
0	100	122	0.549754
0	100	198	0.510129
0	100	202	0.491914
0	100	109	0.472784
0	123	201	1.617170
0	123	224	1.589461
0	123	190	1.538283
0	123	207	1.490107
0	123	239	1.440316
0	123	243	1.422868
0	123	225	1.417954
0	123	196	1.415292
0	123	3	1.395164
0	123	226	1.389251
0	123	235	1.369706
0	123	228	1.364791
0	123	242	1.359499
0	123	96	1.347214
0	123	240	1.339965
0	123	230	1.321377
0	123	217	1.313041
0	123	188	1.309689
0	123	8	1.307966
0	123	208	1.301729
0	123	199	1.294123
0	123	99	1.281977
0	123	14	1.271557
0	123	245	1.264257
0	123	227	1.251909
0	123	18	1.221396
0	123	197	1.207625
0	123	237	1.205226
0	123	221	1.196635
0	123	51	1.186246
0	123	198	1.182781
0	123	229	1.178694
0	123	241	1.157830
0	123	238	1.156067
0	123	236	1.147175
0	123	11	1.101465
0	123	116	1.100727
0	123	246	1.098476
0	123	223	1.097739
0	123	233	1.093008
0	123	222	1.082033
0	123	231	1.042340
0	123	234	1.042090
0	123	232	1.012600
0	123	244	0.998068
0	123	187	0.992701
0	123	210	0.988957
0	123	122	0.977968
0	123	16	0.885030
0	123	191	0.689407
0	123	247	0.603970
0	124	8	1.336770
0	124	201	1.288637
0	124	14	1.205745
0	124	224	1.200260
0	124	240	1.193237
0	124	3	1.191643
0	124	18	1.149339
0	124	207	1.148484
0	124	236	1.131235
0	124	11	1.120960
0	124	245	1.069738
0	124	208	1.065219
0	124	225	1.050100
0	124	199	1.040948
0	124	242	1.032192
0	124	227	1.031687
0	124	232	1.010135
0	124	226	0.990422
0	124	51	0.970922
0	124	99	0.960566
0	124	190	0.940232
0	124	221	0.909500
0	124	235	0.907378
0	124	222	0.893621
0	124	228	0.885077
0	124	198	0.881905
0	124	197	0.873035
0	124	233	0.868626
0	124	191	0.864424
0	124	187	0.861272
0	124	229	0.856358
0	124	116	0.852675
0	124	239	0.841110
0	124	231	0.837047
0	124	241	0.825491
0	124	238	0.824368
0	124	210	0.824344
0	124	217	0.818031
0	124	244	0.802311
0	124	243	0.790837
0	124	188	0.784427
0	124	223	0.768358
0	124	196	0.759705
0	124	230	0.749301
0	124	246	0.746910
0	124	96	0.696811
0	124	234	0.661043
0	124	237	0.639290
0	124	122	0.566651
0	124	247	0.523441
0	124	16	0.517898
0	125	224	1.513934
0	125	207	1.336723
0	125	201	1.322001
0	125	8	1.301188
0	125	228	1.280571
0	125	3	1.259259
0	125	226	1.254433
0	125	190	1.252625
0	125	240	1.237579
0	125	227	1.220203
0	125	196	1.199828
0	125	14	1.189111
0	125	11	1.160682
0	125	243	1.159826
0	125	236	1.116552
0	125	18	1.115978
0	125	244	1.112176
0	125	96	1.107987
0	125	233	1.105604
0	125	210	1.100308
0	125	245	1.091951
0	125	230	1.084093
0	125	229	1.063019
0	125	208	1.050038
0	125	232	1.042834
0	125	235	1.035464
0	125	222	1.031945
0	125	246	1.022376
0	125	51	1.015443
0	125	188	1.011387
0	125	198	1.007988
0	125	237	1.005929
0	125	99	0.988334
0	125	221	0.984382
0	125	199	0.976717
0	125	225	0.968852
0	125	242	0.958881
0	125	116	0.946016
0	125	241	0.938319
0	125	239	0.899668
0	125	234	0.896133
0	125	217	0.885930
0	125	187	0.865240
0	125	231	0.858611
0	125	197	0.829237
0	125	223	0.823143
0	125	238	0.798623
0	125	16	0.526384
0	125	122	0.523280
0	125	247	0.496715
0	125	191	0.322710
0	126	226	1.483425
0	126	188	1.481281
0	126	196	1.429264
0	126	240	1.420611
0	126	190	1.420342
0	126	201	1.413030
0	126	229	1.393645
0	126	207	1.393303
0	126	224	1.384540
0	126	3	1.380296
0	126	99	1.368071
0	126	198	1.353296
0	126	245	1.349517
0	126	242	1.327985
0	126	222	1.325269
0	126	243	1.322069
0	126	239	1.319198
0	126	244	1.318685
0	126	227	1.309616
0	126	236	1.304630
0	126	221	1.304084
0	126	225	1.283842
0	126	14	1.275128
0	126	116	1.273731
0	126	246	1.237174
0	126	18	1.236282
0	126	217	1.233431
0	126	238	1.207397
0	126	51	1.200855
0	126	232	1.165936
0	126	241	1.143008
0	126	230	1.138129
0	126	235	1.126148
0	126	228	1.117840
0	126	233	1.117440
0	126	8	1.092173
0	126	199	1.084621
0	126	223	1.037062
0	126	96	1.019480
0	126	231	1.003716
0	126	11	0.965859
0	126	210	0.960450
0	126	237	0.954213
0	126	122	0.932837
0	126	208	0.932210
0	126	197	0.848939
0	126	187	0.842214
0	126	234	0.721054
0	126	16	0.717998
0	126	191	0.667668
0	126	247	0.633614
0	127	99	1.456465
0	127	188	1.417134
0	127	190	1.400706
0	127	207	1.393704
0	127	242	1.367968
0	127	3	1.363857
0	127	224	1.347697
0	127	238	1.345152
0	127	225	1.336025
0	127	230	1.322021
0	127	232	1.280813
0	127	14	1.264445
0	127	208	1.234639
0	127	231	1.215428
0	127	243	1.214524
0	127	229	1.208195
0	127	51	1.180809
0	127	245	1.175084
0	127	240	1.156930
0	127	228	1.146238
0	127	197	1.140268
0	127	236	1.136437
0	127	222	1.133249
0	127	221	1.129919
0	127	196	1.123923
0	127	201	1.118934
0	127	122	1.117319
0	127	226	1.115875
0	127	18	1.098057
0	127	116	1.075056
0	127	11	1.058242
0	127	233	1.053943
0	127	241	1.036739
0	127	16	1.016800
0	127	210	1.016490
0	127	96	0.959244
0	127	227	0.953309
0	127	237	0.938798
0	127	199	0.930933
0	127	244	0.925288
0	127	8	0.889063
0	127	239	0.883793
0	127	217	0.849745
0	127	247	0.825124
0	127	234	0.810438
0	127	187	0.801617
0	127	223	0.789268
0	127	235	0.773803
0	127	246	0.772536
0	127	198	0.584250
0	127	191	0.536049
0	144	14	1.333135
0	144	3	1.281013
0	144	201	1.271590
0	144	18	1.216155
0	144	113	1.173409
0	144	258	1.148359
0	144	200	1.065346
0	144	8	1.064338
0	144	199	1.036995
0	144	252	0.947120
0	144	110	0.939541
0	144	256	0.937318
0	144	251	0.919259
0	144	254	0.874210
0	144	208	0.865354
0	144	253	0.864853
0	144	257	0.857526
0	144	248	0.839318
0	144	17	0.662230
0	144	63	0.603245
0	144	11	0.593582
0	144	16	0.563927
0	144	191	0.541708
0	144	187	0.486871
0	144	250	0.481722
0	144	255	0.434947
0	144	249	0.398838
0	144	13	0.336699
0	144	109	0.323224
0	145	8	1.501709
0	145	14	1.397338
0	145	201	1.369068
0	145	113	1.353088
0	145	252	1.346739
0	145	187	1.334202
0	145	258	1.316490
0	145	3	1.303944
0	145	110	1.300654
0	145	251	1.290854
0	145	18	1.237184
0	145	11	1.230167
0	145	199	1.199027
0	145	200	1.160590
0	145	109	1.128319
0	145	253	1.096783
0	145	254	1.057793
0	145	16	0.967558
0	145	208	0.915537
0	145	191	0.909497
0	145	63	0.868695
0	145	250	0.861270
0	145	255	0.819899
0	145	248	0.785767
0	145	256	0.743773
0	145	257	0.730376
0	145	249	0.712282
0	145	17	0.648057
0	145	13	0.351730
0	146	257	1.271918
0	146	18	1.219774
0	146	201	1.213472
0	146	3	1.164602
0	146	14	1.081223
0	146	258	1.043557
0	146	110	1.013121
0	146	199	0.992154
0	146	8	0.990859
0	146	256	0.984179
0	146	113	0.944354
0	146	208	0.898888
0	146	11	0.882455
0	146	187	0.877193
0	146	200	0.849825
0	146	63	0.849322
0	146	252	0.839586
0	146	250	0.831142
0	146	253	0.798806
0	146	249	0.794533
0	146	251	0.787962
0	146	248	0.704601
0	146	254	0.667481
0	146	191	0.649371
0	146	255	0.615831
0	146	17	0.578002
0	146	109	0.527064
0	146	16	0.483374
0	146	13	0.460287
0	147	257	1.563601
0	147	113	1.473095
0	147	258	1.468563
0	147	3	1.438783
0	147	14	1.408366
0	147	199	1.387909
0	147	8	1.365680
0	147	201	1.338148
0	147	256	1.324246
0	147	63	1.277595
0	147	11	1.231607
0	147	253	1.230309
0	147	110	1.210690
0	147	200	1.202192
0	147	254	1.195188
0	147	252	1.193914
0	147	18	1.159180
0	147	248	1.104173
0	147	208	1.102639
0	147	251	0.963828
0	147	191	0.894653
0	147	16	0.857692
0	147	255	0.833216
0	147	187	0.786020
0	147	250	0.676918
0	147	249	0.671145
0	147	17	0.668955
0	147	109	0.615667
0	147	13	0.460736
0	148	113	1.280393
0	148	201	1.279641
0	148	3	1.269207
0	148	258	1.250548
0	148	257	1.222836
0	148	199	1.101026
0	148	8	1.081299
0	148	18	1.081183
0	148	252	1.049998
0	148	14	1.018209
0	148	200	1.017992
0	148	208	0.980333
0	148	110	0.903664
0	148	63	0.873344
0	148	253	0.850654
0	148	254	0.806844
0	148	248	0.795634
0	148	187	0.778724
0	148	250	0.766925
0	148	249	0.742276
0	148	256	0.718015
0	148	251	0.667928
0	148	11	0.618564
0	148	191	0.600513
0	148	16	0.580543
0	148	255	0.552144
0	148	17	0.551706
0	148	13	0.505932
0	148	109	0.437229
0	150	8	1.447191
0	150	14	1.391574
0	150	201	1.384330
0	150	253	1.276860
0	150	3	1.222143
0	150	257	1.193550
0	150	200	1.180673
0	150	258	1.126743
0	150	18	1.111663
0	150	113	1.054592
0	150	63	1.051131
0	150	199	1.012411
0	150	252	0.993088
0	150	251	0.906532
0	150	208	0.883383
0	150	110	0.848798
0	150	11	0.763059
0	150	256	0.752846
0	150	187	0.733310
0	150	250	0.729032
0	150	249	0.690026
0	150	17	0.680233
0	150	248	0.674490
0	150	254	0.633683
0	150	191	0.620938
0	150	255	0.581993
0	150	16	0.524915
0	150	13	0.503417
0	150	109	0.389649
0	177	183	1.678862
0	177	116	1.632518
0	177	264	1.554839
0	177	61	1.552702
0	177	267	1.521633
0	177	244	1.502719
0	177	3	1.480761
0	177	113	1.455913
0	177	270	1.434408
0	177	263	1.423795
0	177	231	1.385260
0	177	58	1.370647
0	177	14	1.347505
0	177	278	1.334831
0	177	30	1.329216
0	177	8	1.305015
0	177	112	1.286832
0	177	271	1.276102
0	177	18	1.232934
0	177	115	1.209723
0	177	119	1.202992
0	177	272	1.166800
0	177	265	1.159312
0	177	280	1.133888
0	177	269	1.105912
0	177	51	1.094208
0	177	277	1.027953
0	177	268	1.023715
0	177	63	0.964634
0	177	11	0.938169
0	177	266	0.931036
0	177	17	0.913315
0	177	16	0.833723
0	177	255	0.716699
0	177	109	0.585230
0	177	13	0.553733
0	178	3	1.229871
0	178	116	1.183731
0	178	113	1.168921
0	178	8	1.108751
0	178	18	1.085818
0	178	14	1.066222
0	178	183	1.060806
0	178	270	1.016678
0	178	244	1.001894
0	178	61	0.996049
0	178	58	0.970465
0	178	264	0.962535
0	178	267	0.907133
0	178	17	0.866419
0	178	112	0.864171
0	178	231	0.831914
0	178	51	0.775156
0	178	278	0.768738
0	178	63	0.751546
0	178	263	0.751128
0	178	115	0.740546
0	178	119	0.729121
0	178	30	0.729052
0	178	265	0.716305
0	178	11	0.615171
0	178	271	0.612812
0	178	269	0.599193
0	178	266	0.589834
0	178	16	0.562737
0	178	268	0.536374
0	178	272	0.506286
0	178	280	0.493051
0	178	255	0.390417
0	178	13	0.372724
0	178	277	0.370485
0	178	109	0.360721
0	179	3	1.390960
0	179	61	1.333303
0	179	112	1.286103
0	179	116	1.260969
0	179	58	1.256180
0	179	113	1.247259
0	179	244	1.187756
0	179	264	1.185091
0	179	51	1.156510
0	179	267	1.152897
0	179	8	1.148444
0	179	14	1.126573
0	179	263	1.082132
0	179	270	1.081977
0	179	63	1.080357
0	179	18	1.067980
0	179	30	1.045285
0	179	231	1.031234
0	179	265	1.027935
0	179	183	1.023841
0	179	271	0.982216
0	179	280	0.981997
0	179	277	0.962239
0	179	268	0.956610
0	179	17	0.889331
0	179	269	0.878951
0	179	11	0.870040
0	179	119	0.864842
0	179	115	0.820637
0	179	272	0.813498
0	179	255	0.800319
0	179	278	0.733073
0	179	16	0.707846
0	179	109	0.670896
0	179	13	0.661706
0	179	266	0.650303
0	180	183	1.497842
0	180	116	1.293236
0	180	3	1.195323
0	180	8	1.133921
0	180	270	1.133155
0	180	263	1.123915
0	180	61	1.081578
0	180	14	1.080457
0	180	18	1.055243
0	180	264	1.052924
0	180	115	1.020770
0	180	30	1.016284
0	180	269	1.007832
0	180	11	0.984658
0	180	244	0.979730
0	180	119	0.941641
0	180	113	0.932368
0	180	268	0.900462
0	180	267	0.867485
0	180	112	0.805664
0	180	231	0.803784
0	180	266	0.796230
0	180	277	0.792000
0	180	280	0.743468
0	180	51	0.738787
0	180	272	0.723387
0	180	271	0.699240
0	180	58	0.682657
0	180	63	0.650685
0	180	265	0.603542
0	180	278	0.600027
0	180	255	0.572180
0	180	17	0.524115
0	180	16	0.483456
0	180	13	0.466179
0	180	109	0.421632
0	181	183	1.486825
0	181	116	1.429285
0	181	3	1.412951
0	181	61	1.390974
0	181	113	1.339186
0	181	263	1.304628
0	181	264	1.262117
0	181	58	1.245288
0	181	244	1.217756
0	181	270	1.201464
0	181	119	1.149942
0	181	14	1.143298
0	181	112	1.135671
0	181	267	1.107677
0	181	265	1.078877
0	181	268	1.040960
0	181	51	1.039773
0	181	280	1.031381
0	181	271	1.018462
0	181	231	0.997603
0	181	63	0.993290
0	181	30	0.978782
0	181	18	0.933669
0	181	269	0.895030
0	181	115	0.852850
0	181	8	0.831432
0	181	277	0.793393
0	181	16	0.745770
0	181	272	0.741294
0	181	278	0.739446
0	181	266	0.721507
0	181	11	0.706147
0	181	17	0.695767
0	181	255	0.641669
0	181	109	0.560049
0	181	13	0.414894
0	182	3	1.443353
0	182	113	1.389689
0	182	61	1.326342
0	182	264	1.314728
0	182	112	1.302453
0	182	8	1.282924
0	182	14	1.261193
0	182	58	1.244736
0	182	183	1.244054
0	182	18	1.207754
0	182	51	1.181399
0	182	116	1.153409
0	182	244	1.144596
0	182	30	1.134427
0	182	270	1.130855
0	182	267	1.120921
0	182	16	1.113296
0	182	231	1.103774
0	182	280	1.094545
0	182	63	1.076231
0	182	269	1.038770
0	182	115	1.038622
0	182	265	1.032141
0	182	268	1.026218
0	182	278	1.004250
0	182	119	0.969070
0	182	271	0.964389
0	182	17	0.949368
0	182	272	0.912895
0	182	109	0.893050
0	182	277	0.885258
0	182	263	0.858470
0	182	11	0.780400
0	182	266	0.762527
0	182	13	0.716408
0	182	255	0.670644
0	183	276	1.461447
0	183	116	1.378698
0	183	113	1.354545
0	183	267	1.354380
0	183	282	1.340478
0	183	273	1.310172
0	183	58	1.302465
0	183	289	1.300821
0	183	275	1.292761
0	183	286	1.281863
0	183	291	1.278328
0	183	290	1.273678
0	183	294	1.258735
0	183	295	1.257333
0	183	14	1.228442
0	183	18	1.225379
0	183	183	1.215379
0	183	61	1.203327
0	183	283	1.201200
0	183	3	1.174784
0	183	279	1.166886
0	183	264	1.108604
0	183	292	1.097107
0	183	274	1.069996
0	183	285	1.063947
0	183	281	1.059046
0	183	263	1.022251
0	183	244	1.016007
0	183	270	1.014403
0	183	288	1.008900
0	183	112	1.001176
0	183	231	0.995850
0	183	51	0.973505
0	183	63	0.964381
0	183	278	0.925715
0	183	30	0.902539
0	183	287	0.898436
0	183	271	0.823836
0	183	293	0.811387
0	183	268	0.715517
0	183	115	0.697250
0	183	280	0.627366
0	183	272	0.598205
0	183	284	0.581993
0	183	119	0.571239
0	184	116	1.290165
0	184	183	1.287230
0	184	11	1.271480
0	184	3	1.264475
0	184	14	1.250317
0	184	244	1.204574
0	184	270	1.174975
0	184	61	1.158263
0	184	18	1.104466
0	184	112	1.077572
0	184	8	1.074875
0	184	115	1.063244
0	184	119	1.049795
0	184	264	1.037916
0	184	267	1.033384
0	184	263	1.024782
0	184	266	1.013572
0	184	231	0.989125
0	184	268	0.988236
0	184	113	0.985647
0	184	30	0.952568
0	184	58	0.888238
0	184	255	0.887354
0	184	51	0.887139
0	184	63	0.883843
0	184	271	0.790690
0	184	265	0.783704
0	184	277	0.746755
0	184	269	0.746415
0	184	278	0.523073
0	184	17	0.520091
0	184	280	0.519603
0	184	272	0.501289
0	184	13	0.454967
0	184	16	0.371082
0	184	109	0.326732
0	185	183	1.609505
0	185	8	1.487947
0	185	30	1.483881
0	185	264	1.426127
0	185	265	1.387037
0	185	3	1.385549
0	185	270	1.374205
0	185	272	1.363718
0	185	61	1.349441
0	185	116	1.343373
0	185	244	1.327715
0	185	14	1.318618
0	185	11	1.300167
0	185	113	1.294680
0	185	263	1.288911
0	185	231	1.265397
0	185	269	1.229452
0	185	58	1.227897
0	185	280	1.204930
0	185	271	1.190458
0	185	18	1.184976
0	185	267	1.117538
0	185	51	1.104804
0	185	63	1.102116
0	185	115	1.091841
0	185	268	1.080837
0	185	112	1.063814
0	185	278	1.021792
0	185	119	1.015524
0	185	255	1.002601
0	185	266	0.932894
0	185	16	0.928180
0	185	277	0.926560
0	185	17	0.834437
0	185	109	0.818697
0	185	13	0.727374
0	186	183	1.678758
0	186	263	1.532100
0	186	61	1.487387
0	186	113	1.454727
0	186	116	1.437318
0	186	30	1.404204
0	186	271	1.385443
0	186	270	1.380948
0	186	244	1.374241
0	186	3	1.373399
0	186	112	1.361939
0	186	269	1.346067
0	186	264	1.337873
0	186	8	1.322791
0	186	267	1.304261
0	186	265	1.282960
0	186	11	1.279995
0	186	115	1.253532
0	186	14	1.246526
0	186	18	1.235034
0	186	51	1.211978
0	186	63	1.211930
0	186	280	1.200015
0	186	268	1.196996
0	186	119	1.177456
0	186	277	1.108411
0	186	266	1.087674
0	186	255	1.084065
0	186	58	1.065037
0	186	231	1.008850
0	186	278	0.966502
0	186	16	0.958554
0	186	17	0.914053
0	186	272	0.868202
0	186	13	0.858013
0	186	109	0.856962
