0	1	1	3.513406
0	1	5	3.414884
0	1	6	3.080380
0	1	3	2.994794
0	1	14	2.980594
0	1	2	2.598695
0	1	9	2.477816
0	1	15	2.444447
0	1	18	1.340242
0	1	8	1.226749
0	1	19	1.180846
0	1	0	0.890837
0	1	4	-0.342039
0	1	11	-0.503979
0	1	7	-1.480332
0	1	12	-1.845079
0	1	10	-1.875614
0	1	16	-1.897715
0	1	13	-1.976364
0	1	17	-2.095058
0	2	2	3.913758
0	2	15	3.724335
0	2	1	3.693876
0	2	9	3.652433
0	2	5	3.554440
0	2	14	3.506720
0	2	3	3.325187
0	2	6	3.280356
0	2	4	3.093652
0	2	8	2.601506
0	2	0	1.227331
0	2	11	1.137448
0	2	19	-0.938102
0	2	18	-1.232533
0	2	12	-1.385069
0	2	10	-1.507910
0	2	7	-1.962393
0	2	17	-2.009184
0	2	13	-2.068947
0	2	16	-2.114289
0	3	9	4.011417
0	3	1	3.798650
0	3	5	3.581770
0	3	3	3.564353
0	3	15	2.996149
0	3	6	2.868014
0	3	2	2.683212
0	3	4	1.688614
0	3	14	1.340680
0	3	0	0.631155
0	3	19	-0.112646
0	3	11	-0.167299
0	3	10	-0.698206
0	3	18	-1.249431
0	3	12	-1.410098
0	3	8	-1.528831
0	3	7	-1.629438
0	3	17	-1.643126
0	3	16	-2.029006
0	3	13	-2.083453
0	14	3	2.998445
0	14	22	2.544824
0	14	45	2.485929
0	14	58	2.327955
0	14	27	1.927363
0	14	43	1.817529
0	14	14	1.794895
0	14	61	1.283907
0	14	46	1.215332
0	14	26	0.948932
0	14	21	0.919688
0	14	23	0.705453
0	14	31	0.432738
0	14	57	0.368818
0	14	42	0.271589
0	14	28	-0.137728
0	14	63	-0.244741
0	14	20	-0.467452
0	14	52	-0.481049
0	14	51	-0.529064
0	14	32	-0.682368
0	14	56	-0.768234
0	14	71	-0.787903
0	14	62	-0.794024
0	14	72	-0.823180
0	14	33	-0.828153
0	14	39	-0.871227
0	14	30	-0.883824
0	14	54	-0.909086
0	14	79	-0.922090
0	14	24	-0.968311
0	14	65	-1.027927
0	14	25	-1.046659
0	14	36	-1.064781
0	14	85	-1.077538
0	14	48	-1.080277
0	14	47	-1.186451
0	14	29	-1.264370
0	14	8	-1.410594
0	14	50	-1.452874
0	14	37	-1.550312
0	14	74	-1.631209
0	14	70	-1.674801
0	14	38	-1.695891
0	14	34	-1.740030
0	14	53	-1.747123
0	14	40	-1.771797
0	14	11	-1.777714
0	14	73	-1.795095
0	14	35	-1.816096
0	14	78	-1.852219
0	14	18	-1.861250
0	14	66	-1.864819
0	14	76	-1.871399
0	14	49	-1.916774
0	14	77	-1.953284
0	14	41	-1.993631
0	14	55	-2.003536
0	14	64	-2.017153
0	14	69	-2.027114
0	14	44	-2.034296
0	14	75	-2.062830
0	14	16	-2.093323
0	15	14	3.084495
0	15	58	2.959400
0	15	3	2.915242
0	15	23	2.791199
0	15	22	2.635034
0	15	42	2.394615
0	15	43	2.113978
0	15	61	1.723173
0	15	46	1.551306
0	15	27	1.504425
0	15	26	1.294184
0	15	62	1.199931
0	15	51	1.100244
0	15	57	1.005008
0	15	45	0.871393
0	15	63	0.866493
0	15	50	0.816467
0	15	21	0.699414
0	15	28	0.613012
0	15	31	0.368550
0	15	52	0.303917
0	15	32	0.152468
0	15	56	-0.201966
0	15	30	-0.250636
0	15	72	-0.338060
0	15	36	-0.398771
0	15	48	-0.564696
0	15	79	-0.702768
0	15	33	-0.710416
0	15	47	-0.710730
0	15	25	-0.724962
0	15	54	-0.743601
0	15	20	-0.753770
0	15	53	-0.755814
0	15	71	-0.784783
0	15	37	-1.120597
0	15	39	-1.402622
0	15	65	-1.440307
0	15	24	-1.447603
0	15	85	-1.486295
0	15	8	-1.503258
0	15	29	-1.507982
0	15	70	-1.616682
0	15	34	-1.717760
0	15	18	-1.737392
0	15	76	-1.758360
0	15	77	-1.781961
0	15	74	-1.795366
0	15	38	-1.820045
0	15	49	-1.822595
0	15	35	-1.833417
0	15	66	-1.839287
0	15	55	-1.851096
0	15	41	-1.860581
0	15	40	-1.891645
0	15	64	-1.916861
0	15	73	-1.917217
0	15	78	-1.929708
0	15	11	-1.938997
0	15	69	-1.965091
0	15	44	-1.971157
0	15	75	-1.971320
0	15	16	-2.093963
0	16	58	3.455738
0	16	56	3.158344
0	16	63	3.031416
0	16	3	3.025957
0	16	26	3.020537
0	16	22	2.878797
0	16	21	2.405313
0	16	43	2.405247
0	16	54	2.394215
0	16	52	2.380091
0	16	51	2.372741
0	16	32	2.085107
0	16	62	2.034614
0	16	53	1.614812
0	16	27	1.455782
0	16	45	1.379808
0	16	48	1.361908
0	16	25	1.333451
0	16	61	1.242383
0	16	79	0.846169
0	16	14	0.839607
0	16	42	0.634901
0	16	28	0.419885
0	16	50	0.352481
0	16	31	0.344870
0	16	72	0.283971
0	16	30	-0.139064
0	16	57	-0.163245
0	16	47	-0.213168
0	16	20	-0.359617
0	16	23	-0.426534
0	16	49	-0.462482
0	16	36	-0.639248
0	16	29	-0.715356
0	16	70	-0.738759
0	16	18	-0.799580
0	16	8	-0.917608
0	16	46	-0.974647
0	16	39	-1.047218
0	16	76	-1.127978
0	16	65	-1.181841
0	16	33	-1.201954
0	16	74	-1.260660
0	16	35	-1.273348
0	16	41	-1.281151
0	16	77	-1.286329
0	16	55	-1.295308
0	16	34	-1.307751
0	16	37	-1.338090
0	16	73	-1.357395
0	16	71	-1.416925
0	16	44	-1.479902
0	16	64	-1.496967
0	16	24	-1.507919
0	16	78	-1.521525
0	16	38	-1.540784
0	16	11	-1.638506
0	16	66	-1.645321
0	16	85	-1.661397
0	16	40	-1.795795
0	16	69	-1.939666
0	16	75	-1.998001
0	16	16	-2.140541
0	19	58	3.423626
0	19	46	3.393213
0	19	3	3.366717
0	19	22	3.233741
0	19	61	2.999603
0	19	23	2.876856
0	19	42	2.727034
0	19	45	2.460698
0	19	27	2.412386
0	19	43	2.379547
0	19	21	2.236744
0	19	26	2.048436
0	19	14	2.000584
0	19	57	1.882389
0	19	62	1.478619
0	19	65	1.473698
0	19	31	1.345008
0	19	20	1.280194
0	19	29	0.966215
0	19	51	0.859304
0	19	72	0.769308
0	19	56	0.690862
0	19	33	0.682965
0	19	63	0.651355
0	19	79	0.363680
0	19	48	0.362065
0	19	25	0.341009
0	19	70	0.110920
0	19	37	0.013693
0	19	30	-0.011790
0	19	24	-0.132860
0	19	85	-0.135143
0	19	40	-0.276864
0	19	52	-0.283004
0	19	36	-0.504692
0	19	71	-0.565114
0	19	47	-0.725813
0	19	28	-0.992181
0	19	32	-1.048857
0	19	38	-1.049915
0	19	39	-1.082640
0	19	64	-1.086258
0	19	8	-1.124095
0	19	34	-1.201845
0	19	54	-1.331985
0	19	50	-1.357659
0	19	53	-1.428998
0	19	77	-1.616483
0	19	66	-1.645181
0	19	18	-1.665849
0	19	35	-1.708009
0	19	74	-1.757933
0	19	49	-1.856851
0	19	73	-1.867507
0	19	78	-1.878324
0	19	11	-1.903098
0	19	76	-1.904138
0	19	41	-1.906728
0	19	55	-1.925985
0	19	44	-1.933075
0	19	69	-1.982873
0	19	75	-2.071663
0	19	16	-2.080040
0	22	58	3.899646
0	22	26	3.571476
0	22	42	3.048569
0	22	46	2.982446
0	22	22	2.941987
0	22	3	2.916230
0	22	61	2.747375
0	22	43	2.577101
0	22	52	2.509807
0	22	63	2.503793
0	22	23	2.309737
0	22	53	2.275613
0	22	54	2.195453
0	22	21	2.085691
0	22	32	1.955209
0	22	62	1.575039
0	22	14	1.321790
0	22	51	1.086287
0	22	50	1.009008
0	22	27	0.623741
0	22	56	0.556626
0	22	45	0.553999
0	22	20	0.093481
0	22	36	-0.017698
0	22	28	-0.235623
0	22	31	-0.265669
0	22	47	-0.357023
0	22	37	-0.366116
0	22	30	-0.430278
0	22	79	-0.433868
0	22	70	-0.579504
0	22	48	-0.618707
0	22	34	-0.697617
0	22	33	-0.734287
0	22	72	-0.771897
0	22	57	-0.803954
0	22	25	-0.804209
0	22	78	-0.933928
0	22	76	-0.939802
0	22	49	-0.965036
0	22	85	-0.971642
0	22	74	-1.061366
0	22	29	-1.110618
0	22	24	-1.232329
0	22	73	-1.308024
0	22	8	-1.329089
0	22	18	-1.361082
0	22	39	-1.388824
0	22	44	-1.390327
0	22	65	-1.445230
0	22	71	-1.472666
0	22	66	-1.566411
0	22	40	-1.739961
0	22	77	-1.760342
0	22	35	-1.803839
0	22	38	-1.815906
0	22	55	-1.834731
0	22	41	-1.841162
0	22	64	-1.901155
0	22	16	-2.003858
0	22	11	-2.052548
0	22	75	-2.060702
0	22	69	-2.067446
0	43	94	3.990577
0	43	15	3.880159
0	43	99	3.874893
0	43	89	3.845855
0	43	58	3.775464
0	43	92	3.699860
0	43	26	3.595581
0	43	61	3.576199
0	43	63	3.483836
0	43	90	3.395084
0	43	14	3.369050
0	43	3	3.299730
0	43	105	3.105636
0	43	52	2.918298
0	43	103	2.762580
0	43	95	2.571155
0	43	108	2.290606
0	43	88	2.281518
0	43	86	2.234831
0	43	91	2.228435
0	43	106	1.852630
0	43	100	1.691128
0	43	8	1.525330
0	43	107	1.223767
0	43	87	1.009989
0	43	98	0.644029
0	43	85	0.437366
0	43	96	-0.641569
0	43	93	-1.201140
0	43	110	-1.553217
0	43	18	-1.740627
0	43	11	-1.768561
0	43	97	-1.827043
0	43	17	-1.873438
0	43	109	-1.890754
0	43	69	-2.031844
0	43	13	-2.106094
0	44	94	3.926363
0	44	89	3.878109
0	44	15	3.728286
0	44	58	3.653676
0	44	95	3.626450
0	44	63	3.607675
0	44	14	3.480113
0	44	99	3.464521
0	44	3	3.397189
0	44	61	3.266694
0	44	52	3.110636
0	44	26	3.021854
0	44	107	2.578809
0	44	108	2.526000
0	44	93	2.461150
0	44	90	2.383637
0	44	100	2.253841
0	44	88	1.744247
0	44	106	1.671620
0	44	86	1.421907
0	44	96	1.220023
0	44	91	0.926816
0	44	103	0.787438
0	44	97	0.413460
0	44	85	0.407620
0	44	105	0.223704
0	44	92	0.188537
0	44	8	-0.285134
0	44	18	-0.595350
0	44	110	-0.709271
0	44	98	-0.862399
0	44	87	-0.919150
0	44	11	-0.977200
0	44	17	-1.793233
0	44	69	-1.794494
0	44	109	-1.862825
0	44	13	-2.020152
0	54	3	3.049299
0	54	14	2.883568
0	54	8	0.442357
0	54	18	-0.419750
0	54	11	-0.742855
0	54	7	-1.239881
0	54	111	-1.431693
0	54	17	-2.076085
0	54	13	-2.099140
0	54	16	-2.104261
0	57	3	3.338217
0	57	14	3.230979
0	57	8	1.486899
0	57	18	0.566980
0	57	11	-1.312240
0	57	7	-1.446966
0	57	111	-1.762579
0	57	13	-2.012610
0	57	17	-2.100839
0	57	16	-2.139258
0	58	3	1.711701
0	58	11	-0.499448
0	58	7	-0.598759
0	58	14	-0.682514
0	58	8	-0.916692
0	58	18	-0.959652
0	58	111	-1.308519
0	58	17	-1.586785
0	58	13	-1.974028
0	58	16	-2.055408
0	73	160	4.086745
0	73	153	4.034120
0	73	132	3.954839
0	73	137	3.780553
0	73	158	3.778209
0	73	154	3.752340
0	73	157	3.629567
0	73	150	3.563329
0	73	146	3.548684
0	73	159	3.492999
0	73	168	3.476590
0	73	170	3.347438
0	73	3	3.329920
0	73	163	3.317469
0	73	151	3.260818
0	73	149	3.160772
0	73	161	3.114765
0	73	152	3.104049
0	73	14	3.044390
0	73	148	2.926238
0	73	169	2.802704
0	73	11	2.757004
0	73	156	2.518138
0	73	8	2.002609
0	73	162	0.054755
0	73	155	-0.314503
0	73	145	-0.873076
0	73	18	-1.191529
0	73	147	-1.744249
0	73	13	-1.788409
0	73	16	-2.144932
0	73	17	-2.148879
0	74	153	4.046240
0	74	160	3.959784
0	74	132	3.825869
0	74	170	3.746431
0	74	137	3.729479
0	74	158	3.678621
0	74	150	3.676190
0	74	154	3.631154
0	74	151	3.612518
0	74	157	3.595415
0	74	159	3.504492
0	74	14	3.466087
0	74	3	3.327156
0	74	163	3.200336
0	74	161	3.184476
0	74	146	3.154064
0	74	11	3.068358
0	74	152	3.054733
0	74	148	2.654112
0	74	168	2.601919
0	74	149	2.475487
0	74	169	2.414039
0	74	8	2.317957
0	74	155	1.882045
0	74	145	0.380057
0	74	162	-0.528723
0	74	18	-0.779188
0	74	156	-1.000184
0	74	147	-1.128371
0	74	13	-1.944272
0	74	17	-1.999057
0	74	16	-2.055206
0	75	160	3.749790
0	75	132	3.545724
0	75	14	3.141450
0	75	137	3.055260
0	75	165	2.886564
0	75	3	2.832674
0	75	171	2.798819
0	75	164	2.751334
0	75	167	2.726757
0	75	166	2.395433
0	75	145	2.063178
0	75	8	1.982894
0	75	128	1.833225
0	75	147	1.438373
0	75	11	1.061551
0	75	146	0.791021
0	75	18	0.642583
0	75	13	-1.529172
0	75	17	-2.048892
0	75	16	-2.055353
0	77	160	3.871514
0	77	18	3.781900
0	77	132	3.532156
0	77	137	3.371172
0	77	145	3.370955
0	77	14	3.350066
0	77	166	3.070072
0	77	3	3.053116
0	77	146	3.029114
0	77	8	2.941162
0	77	164	2.926995
0	77	165	2.151817
0	77	171	1.918548
0	77	128	1.725167
0	77	167	1.005422
0	77	11	0.296110
0	77	147	0.175205
0	77	13	-1.110538
0	77	16	-1.941758
0	77	17	-1.978869
0	94	188	3.962418
0	94	190	3.559756
0	94	99	3.552617
0	94	14	3.502661
0	94	201	3.347979
0	94	3	3.330942
0	94	116	3.108458
0	94	193	3.077304
0	94	196	2.869894
0	94	194	2.747450
0	94	51	2.685547
0	94	204	2.536697
0	94	15	2.528974
0	94	113	2.343494
0	94	207	1.629937
0	94	205	1.599215
0	94	200	1.461459
0	94	206	1.425448
0	94	126	1.189623
0	94	192	0.977556
0	94	63	0.934209
0	94	198	0.889784
0	94	212	0.576689
0	94	217	0.534176
0	94	199	0.193970
0	94	209	0.103604
0	94	189	-0.194418
0	94	210	-0.382361
0	94	195	-0.434826
0	94	208	-0.919250
0	94	8	-1.209061
0	94	191	-1.238220
0	94	18	-1.349779
0	94	16	-1.406673
0	94	202	-1.411335
0	94	197	-1.418954
0	94	203	-1.587823
0	94	109	-1.773523
0	94	17	-1.803529
0	94	187	-1.918117
0	94	122	-1.976683
0	94	13	-2.107103
0	95	190	2.170166
0	95	201	2.134556
0	95	217	2.036357
0	95	188	1.702468
0	95	196	1.569682
0	95	3	1.547684
0	95	198	1.156309
0	95	116	1.149931
0	95	209	1.084308
0	95	193	1.023148
0	95	195	0.974701
0	95	204	0.761365
0	95	207	0.419332
0	95	191	0.405713
0	95	199	0.390254
0	95	18	0.054161
0	95	194	0.009603
0	95	189	-0.128617
0	95	14	-0.136827
0	95	15	-0.441392
0	95	99	-0.448156
0	95	210	-0.628807
0	95	208	-0.736635
0	95	206	-0.740116
0	95	200	-0.838917
0	95	122	-1.043749
0	95	63	-1.051038
0	95	187	-1.113105
0	95	113	-1.115388
0	95	192	-1.126848
0	95	203	-1.177356
0	95	8	-1.251860
0	95	197	-1.299533
0	95	17	-1.448560
0	95	51	-1.458674
0	95	202	-1.606556
0	95	205	-1.608882
0	95	126	-1.636128
0	95	212	-1.937491
0	95	109	-1.941540
0	95	13	-1.955978
0	95	16	-1.958897
0	96	188	3.924757
0	96	201	3.841089
0	96	15	3.833970
0	96	193	3.588654
0	96	190	3.509217
0	96	14	3.461141
0	96	116	3.459277
0	96	3	3.302856
0	96	63	3.269953
0	96	99	3.263059
0	96	207	3.258189
0	96	196	3.125134
0	96	199	3.009373
0	96	51	2.589195
0	96	206	2.482386
0	96	194	2.310319
0	96	204	1.719354
0	96	192	1.590199
0	96	205	1.220952
0	96	200	0.953879
0	96	198	0.688219
0	96	113	0.572235
0	96	212	-0.189141
0	96	210	-0.229723
0	96	8	-0.272410
0	96	217	-0.876973
0	96	208	-0.966314
0	96	197	-0.969389
0	96	209	-1.049590
0	96	18	-1.136984
0	96	195	-1.244929
0	96	202	-1.450213
0	96	189	-1.631876
0	96	126	-1.655971
0	96	17	-1.738727
0	96	122	-1.807126
0	96	203	-1.854325
0	96	191	-1.857110
0	96	16	-1.913560
0	96	109	-1.918348
0	96	187	-1.997091
0	96	13	-2.163218
0	99	3	3.456401
0	99	193	3.427426
0	99	190	3.318434
0	99	196	3.236223
0	99	99	3.076212
0	99	15	3.050275
0	99	211	2.976410
0	99	206	2.876265
0	99	113	1.699527
0	99	207	1.315936
0	99	14	1.231105
0	99	63	1.088959
0	99	51	0.986248
0	99	194	0.887895
0	99	201	0.695500
0	99	212	0.117741
0	99	188	0.105225
0	99	192	-0.844040
0	99	198	-0.865710
0	99	18	-1.124201
0	99	202	-1.205470
0	99	200	-1.220744
0	99	8	-1.317348
0	99	204	-1.334330
0	99	203	-1.382207
0	99	205	-1.460568
0	99	217	-1.481478
0	99	116	-1.500326
0	99	126	-1.547542
0	99	199	-1.708720
0	99	195	-1.732240
0	99	210	-1.775856
0	99	209	-1.886263
0	99	191	-1.912520
0	99	109	-1.930904
0	99	189	-1.965405
0	99	122	-1.977652
0	99	197	-2.025744
0	99	16	-2.060106
0	99	13	-2.140229
0	100	3	2.965943
0	100	190	2.571450
0	100	211	2.362871
0	100	99	2.081767
0	100	51	1.989176
0	100	196	1.889282
0	100	188	1.534124
0	100	206	0.904607
0	100	15	0.728870
0	100	193	0.606856
0	100	207	0.530569
0	100	194	0.111428
0	100	201	-0.034879
0	100	14	-0.035680
0	100	63	-0.119385
0	100	8	-0.615152
0	100	116	-1.047829
0	100	113	-1.056301
0	100	200	-1.136850
0	100	209	-1.139271
0	100	192	-1.199080
0	100	126	-1.239913
0	100	210	-1.240388
0	100	195	-1.314275
0	100	122	-1.449460
0	100	217	-1.542969
0	100	198	-1.549008
0	100	212	-1.570927
0	100	189	-1.614030
0	100	18	-1.649556
0	100	204	-1.662249
0	100	205	-1.695556
0	100	199	-1.696828
0	100	191	-1.721730
0	100	203	-1.836832
0	100	202	-1.919576
0	100	197	-1.963052
0	100	13	-1.994866
0	100	109	-2.064939
0	100	16	-2.107380
0	123	228	4.035187
0	123	188	3.813304
0	123	201	3.796687
0	123	229	3.766422
0	123	240	3.704087
0	123	207	3.658827
0	123	190	3.653829
0	123	196	3.633903
0	123	224	3.616375
0	123	243	3.601561
0	123	14	3.509945
0	123	221	3.384517
0	123	245	3.382927
0	123	227	3.303864
0	123	51	3.288099
0	123	199	3.066864
0	123	3	3.060485
0	123	99	3.058684
0	123	244	3.046208
0	123	230	3.045013
0	123	246	2.870599
0	123	239	2.819643
0	123	242	2.796808
0	123	236	2.696350
0	123	225	2.559211
0	123	233	2.525042
0	123	222	2.498347
0	123	226	2.439767
0	123	198	2.104046
0	123	235	1.913291
0	123	96	1.843653
0	123	241	1.626616
0	123	18	1.626093
0	123	231	1.526085
0	123	116	0.969511
0	123	197	0.367320
0	123	217	0.258871
0	123	238	0.186826
0	123	232	0.045726
0	123	210	-0.081087
0	123	8	-0.238436
0	123	237	-0.538028
0	123	208	-0.573157
0	123	234	-0.688858
0	123	223	-0.962632
0	123	187	-1.372101
0	123	122	-1.753317
0	123	191	-1.804137
0	123	11	-1.836226
0	123	16	-2.019032
0	123	247	-2.043368
0	124	224	3.047843
0	124	228	2.712130
0	124	207	2.668461
0	124	201	2.642733
0	124	3	2.498891
0	124	240	1.971120
0	124	14	1.805680
0	124	196	1.376170
0	124	244	1.248413
0	124	236	1.244473
0	124	190	0.979368
0	124	199	0.806301
0	124	235	0.778111
0	124	51	0.737786
0	124	229	0.522421
0	124	221	0.485004
0	124	233	0.483607
0	124	11	0.316670
0	124	227	0.234612
0	124	8	0.225842
0	124	232	0.172371
0	124	188	-0.034491
0	124	245	-0.176605
0	124	225	-0.363595
0	124	99	-0.483058
0	124	231	-0.520905
0	124	243	-0.612008
0	124	246	-0.726213
0	124	208	-0.853983
0	124	226	-0.908463
0	124	242	-0.950476
0	124	116	-0.979242
0	124	241	-0.994444
0	124	18	-0.995067
0	124	222	-1.019790
0	124	239	-1.070731
0	124	198	-1.105829
0	124	187	-1.146419
0	124	197	-1.148639
0	124	96	-1.165004
0	124	191	-1.180765
0	124	230	-1.198976
0	124	223	-1.200789
0	124	238	-1.203542
0	124	237	-1.297069
0	124	210	-1.358131
0	124	122	-1.430947
0	124	217	-1.533208
0	124	234	-1.574015
0	124	247	-2.064748
0	124	16	-2.071666
0	125	228	3.647782
0	125	207	3.528828
0	125	224	3.490105
0	125	201	3.482118
0	125	190	3.347922
0	125	227	3.301576
0	125	229	3.285670
0	125	196	3.252039
0	125	244	3.243193
0	125	240	3.153281
0	125	233	3.131802
0	125	3	3.094840
0	125	14	3.004164
0	125	245	2.581936
0	125	99	2.529974
0	125	243	2.432885
0	125	221	2.394672
0	125	246	2.267147
0	125	222	2.135566
0	125	236	2.075974
0	125	232	1.825038
0	125	210	1.796952
0	125	8	1.743684
0	125	188	1.702753
0	125	51	1.672317
0	125	226	1.425997
0	125	235	0.917435
0	125	231	0.615913
0	125	198	0.583474
0	125	96	0.539317
0	125	238	0.417846
0	125	230	0.409834
0	125	199	0.338209
0	125	239	0.052082
0	125	11	-0.041510
0	125	241	-0.503316
0	125	225	-0.682057
0	125	18	-0.963521
0	125	223	-0.977461
0	125	197	-1.013531
0	125	217	-1.132128
0	125	242	-1.166742
0	125	116	-1.244833
0	125	237	-1.321372
0	125	208	-1.359536
0	125	187	-1.445256
0	125	234	-1.601223
0	125	191	-1.615897
0	125	122	-1.672104
0	125	16	-2.032198
0	125	247	-2.046091
0	126	188	3.996038
0	126	228	3.927769
0	126	190	3.569963
0	126	240	3.552122
0	126	14	3.535228
0	126	229	3.519670
0	126	196	3.484588
0	126	201	3.419714
0	126	244	3.419406
0	126	3	3.331646
0	126	207	3.312386
0	126	224	3.268078
0	126	245	3.162479
0	126	222	2.853287
0	126	226	2.769155
0	126	227	2.670677
0	126	221	2.595803
0	126	233	2.578311
0	126	198	2.450638
0	126	51	2.423691
0	126	236	2.415190
0	126	246	1.938477
0	126	238	1.805528
0	126	99	1.742263
0	126	225	1.569360
0	126	243	1.294033
0	126	232	1.237298
0	126	242	1.037210
0	126	217	0.843095
0	126	239	0.767652
0	126	235	0.566499
0	126	116	0.468368
0	126	199	0.368204
0	126	231	0.285970
0	126	230	-0.041669
0	126	18	-0.136460
0	126	223	-0.522550
0	126	11	-0.553736
0	126	241	-0.963973
0	126	237	-1.006633
0	126	8	-1.218336
0	126	191	-1.335310
0	126	208	-1.361891
0	126	187	-1.392388
0	126	96	-1.400066
0	126	197	-1.434502
0	126	122	-1.659226
0	126	210	-1.722700
0	126	234	-1.822333
0	126	247	-2.007528
0	126	16	-2.105003
0	127	228	3.567599
0	127	188	3.455356
0	127	229	3.257017
0	127	207	3.216263
0	127	224	3.109343
0	127	190	3.029416
0	127	240	3.028507
0	127	3	2.960947
0	127	14	2.895665
0	127	196	2.847482
0	127	232	2.692227
0	127	238	2.657935
0	127	99	2.530189
0	127	51	2.518394
0	127	230	2.500459
0	127	244	2.490052
0	127	201	2.354228
0	127	221	1.896086
0	127	231	1.865028
0	127	222	1.468137
0	127	245	1.367578
0	127	233	0.918063
0	127	237	0.588340
0	127	236	0.544703
0	127	242	0.515952
0	127	199	0.366001
0	127	243	0.265499
0	127	227	-0.038830
0	127	187	-0.466174
0	127	116	-0.611761
0	127	8	-0.740217
0	127	208	-0.847557
0	127	226	-0.914760
0	127	197	-1.035225
0	127	235	-1.073793
0	127	246	-1.085482
0	127	210	-1.205680
0	127	223	-1.273593
0	127	241	-1.410677
0	127	234	-1.491502
0	127	225	-1.514100
0	127	239	-1.564573
0	127	217	-1.594265
0	127	18	-1.616448
0	127	96	-1.654660
0	127	191	-1.690071
0	127	122	-1.745484
0	127	198	-1.752851
0	127	11	-1.893108
0	127	16	-1.939163
0	127	247	-2.046663
0	144	3	2.949329
0	144	201	2.492151
0	144	14	2.488521
0	144	258	2.017303
0	144	257	1.701975
0	144	251	0.874839
0	144	252	0.597688
0	144	200	0.349429
0	144	199	0.283946
0	144	254	-0.699118
0	144	113	-0.791926
0	144	63	-0.977424
0	144	8	-1.004000
0	144	18	-1.073299
0	144	253	-1.211571
0	144	250	-1.450619
0	144	248	-1.482246
0	144	249	-1.622022
0	144	208	-1.697308
0	144	187	-1.744596
0	144	256	-1.768563
0	144	110	-1.812194
0	144	255	-1.901498
0	144	11	-1.945256
0	144	191	-2.008508
0	144	17	-2.058751
0	144	109	-2.070772
0	144	13	-2.086215
0	144	16	-2.148728
0	145	257	3.485786
0	145	258	3.369188
0	145	201	3.283793
0	145	14	3.243294
0	145	252	3.179682
0	145	3	3.087452
0	145	251	2.701244
0	145	8	2.184534
0	145	199	1.978741
0	145	253	1.378960
0	145	254	1.177024
0	145	18	0.490192
0	145	63	0.467694
0	145	248	-0.085846
0	145	113	-0.314460
0	145	249	-0.715891
0	145	200	-0.776920
0	145	256	-1.070979
0	145	250	-1.174756
0	145	110	-1.239502
0	145	187	-1.562219
0	145	11	-1.745396
0	145	208	-1.822183
0	145	109	-1.827858
0	145	191	-1.850494
0	145	16	-1.921388
0	145	255	-1.952577
0	145	17	-2.042237
0	145	13	-2.123750
0	146	257	3.506307
0	146	201	3.363025
0	146	3	2.968346
0	146	258	2.421995
0	146	199	1.325510
0	146	251	0.982246
0	146	14	-0.089425
0	146	253	-0.252430
0	146	63	-0.452153
0	146	18	-0.552320
0	146	252	-0.709764
0	146	250	-0.943118
0	146	110	-1.017705
0	146	8	-1.061262
0	146	200	-1.212202
0	146	254	-1.246694
0	146	113	-1.368168
0	146	249	-1.516315
0	146	248	-1.523949
0	146	256	-1.637604
0	146	208	-1.701792
0	146	187	-1.778986
0	146	255	-1.812396
0	146	11	-1.835859
0	146	191	-1.879561
0	146	109	-1.905843
0	146	13	-2.069122
0	146	16	-2.105296
0	146	17	-2.120878
0	147	257	4.197680
0	147	258	3.682806
0	147	252	3.364070
0	147	3	3.306758
0	147	14	2.816781
0	147	63	2.772408
0	147	201	2.581688
0	147	199	2.453666
0	147	253	2.429334
0	147	248	2.245657
0	147	254	1.647134
0	147	251	1.506824
0	147	110	0.626164
0	147	200	0.612705
0	147	8	0.191726
0	147	191	0.133530
0	147	11	-0.031653
0	147	113	-0.107493
0	147	256	-0.417503
0	147	208	-0.689105
0	147	255	-0.996636
0	147	249	-1.636555
0	147	18	-1.659383
0	147	250	-1.854186
0	147	109	-1.876194
0	147	17	-1.902938
0	147	187	-1.933973
0	147	16	-1.949770
0	147	13	-2.064539
0	148	257	3.482895
0	148	3	3.041922
0	148	258	3.041764
0	148	252	2.434372
0	148	201	2.133683
0	148	63	0.663576
0	148	199	0.484851
0	148	113	0.305406
0	148	200	-0.070885
0	148	254	-0.580639
0	148	14	-0.657168
0	148	253	-0.887893
0	148	208	-1.039176
0	148	250	-1.223059
0	148	251	-1.326910
0	148	248	-1.472434
0	148	255	-1.525628
0	148	8	-1.560879
0	148	110	-1.671989
0	148	249	-1.825414
0	148	191	-1.849295
0	148	11	-1.870783
0	148	109	-1.871037
0	148	18	-1.893334
0	148	187	-1.914290
0	148	17	-1.945852
0	148	16	-1.991450
0	148	256	-2.012255
0	148	13	-2.108039
0	150	257	3.748274
0	150	253	3.655419
0	150	201	3.624433
0	150	14	3.552398
0	150	251	3.438094
0	150	258	3.425860
0	150	3	3.115913
0	150	252	3.022766
0	150	63	2.615244
0	150	199	2.486378
0	150	8	2.172803
0	150	200	0.395366
0	150	249	-0.870251
0	150	18	-1.035266
0	150	113	-1.071868
0	150	248	-1.189558
0	150	250	-1.371106
0	150	208	-1.442043
0	150	254	-1.499553
0	150	191	-1.713237
0	150	110	-1.726965
0	150	11	-1.800035
0	150	187	-1.845350
0	150	256	-1.879501
0	150	17	-1.975552
0	150	109	-1.986255
0	150	255	-2.023450
0	150	16	-2.025402
0	150	13	-2.086775
0	177	265	4.022024
0	177	263	3.966264
0	177	183	3.848339
0	177	271	3.770643
0	177	267	3.765028
0	177	112	3.702940
0	177	116	3.681002
0	177	264	3.676197
0	177	61	3.611464
0	177	244	3.570420
0	177	231	3.518713
0	177	268	3.493680
0	177	63	3.442805
0	177	30	3.425086
0	177	14	3.381850
0	177	58	3.217789
0	177	3	3.113227
0	177	270	3.010124
0	177	51	2.975836
0	177	266	2.845262
0	177	119	2.562073
0	177	272	2.543557
0	177	113	2.525062
0	177	8	2.091677
0	177	115	1.768758
0	177	278	0.760864
0	177	269	-0.812333
0	177	277	-1.187528
0	177	280	-1.243790
0	177	18	-1.244188
0	177	255	-1.614921
0	177	11	-1.771264
0	177	109	-1.942956
0	177	17	-1.973084
0	177	13	-2.072257
0	177	16	-2.087139
0	178	244	3.541175
0	178	183	3.287664
0	178	264	3.265351
0	178	265	3.011990
0	178	263	2.983366
0	178	3	2.972339
0	178	270	2.878093
0	178	61	2.689044
0	178	14	2.666365
0	178	231	2.059293
0	178	58	1.945249
0	178	30	1.843285
0	178	112	1.557416
0	178	267	1.292965
0	178	63	1.103607
0	178	271	0.961616
0	178	268	-0.007558
0	178	116	-0.206716
0	178	51	-0.229305
0	178	113	-0.401955
0	178	266	-0.747168
0	178	278	-0.809960
0	178	8	-1.037853
0	178	272	-1.070316
0	178	119	-1.275371
0	178	115	-1.367693
0	178	18	-1.573964
0	178	17	-1.723025
0	178	11	-1.731766
0	178	255	-1.852530
0	178	109	-1.878228
0	178	269	-1.893954
0	178	280	-2.014191
0	178	277	-2.015380
0	178	16	-2.051414
0	178	13	-2.094068
0	179	244	3.660550
0	179	61	3.516640
0	179	263	3.385405
0	179	3	3.145782
0	179	265	3.002194
0	179	264	2.747291
0	179	58	2.715413
0	179	270	2.530197
0	179	112	2.177199
0	179	183	2.165376
0	179	51	2.051518
0	179	267	1.692744
0	179	231	1.266456
0	179	116	1.097916
0	179	30	0.981945
0	179	271	0.926271
0	179	63	0.666048
0	179	14	-0.285835
0	179	268	-0.526688
0	179	113	-0.673773
0	179	119	-1.115133
0	179	266	-1.220683
0	179	8	-1.255210
0	179	115	-1.498187
0	179	18	-1.539576
0	179	272	-1.585554
0	179	269	-1.587845
0	179	278	-1.790134
0	179	11	-1.838787
0	179	280	-1.908028
0	179	255	-1.920839
0	179	277	-1.927829
0	179	17	-1.963122
0	179	109	-1.999508
0	179	16	-2.077073
0	179	13	-2.149813
0	180	263	3.780911
0	180	183	3.736437
0	180	244	3.284624
0	180	270	3.061533
0	180	264	2.764724
0	180	61	2.642278
0	180	3	2.447178
0	180	30	2.367122
0	180	116	2.225578
0	180	268	1.527666
0	180	266	1.517418
0	180	14	1.321280
0	180	119	1.019257
0	180	112	0.939278
0	180	267	0.760145
0	180	8	0.725892
0	180	115	0.579724
0	180	231	0.317000
0	180	271	-0.090768
0	180	272	-0.288374
0	180	269	-0.364042
0	180	265	-0.518845
0	180	11	-0.592138
0	180	63	-0.797467
0	180	277	-0.820701
0	180	58	-0.877517
0	180	51	-1.247710
0	180	278	-1.264772
0	180	18	-1.372120
0	180	255	-1.446695
0	180	113	-1.541117
0	180	109	-1.743072
0	180	280	-1.857644
0	180	13	-1.903455
0	180	17	-2.082936
0	180	16	-2.134557
0	181	263	3.919595
0	181	61	3.695417
0	181	183	3.632141
0	181	264	3.614804
0	181	244	3.542976
0	181	265	3.465484
0	181	3	3.269494
0	181	116	3.166259
0	181	14	3.059635
0	181	58	2.973620
0	181	267	2.836328
0	181	270	2.576801
0	181	112	2.412141
0	181	63	2.250267
0	181	271	1.987061
0	181	30	1.722655
0	181	231	1.162911
0	181	119	0.831767
0	181	51	0.764228
0	181	268	0.707946
0	181	266	-0.593642
0	181	113	-0.595437
0	181	115	-1.135169
0	181	18	-1.194588
0	181	8	-1.329978
0	181	280	-1.763360
0	181	272	-1.763690
0	181	269	-1.782893
0	181	11	-1.823816
0	181	109	-1.894104
0	181	278	-1.959214
0	181	277	-1.984266
0	181	17	-2.017115
0	181	255	-2.074706
0	181	13	-2.092298
0	181	16	-2.155463
0	182	3	3.428471
0	182	244	3.304473
0	182	61	3.303501
0	182	58	2.958293
0	182	14	2.874520
0	182	264	2.866095
0	182	270	2.827314
0	182	112	2.612672
0	182	63	2.265574
0	182	51	2.110656
0	182	265	1.958091
0	182	268	1.814540
0	182	183	1.747548
0	182	263	1.476687
0	182	267	0.937202
0	182	271	0.672883
0	182	30	0.644072
0	182	113	0.306422
0	182	115	0.186911
0	182	231	-0.272819
0	182	116	-0.595499
0	182	119	-0.783932
0	182	18	-0.926476
0	182	266	-1.131198
0	182	8	-1.353802
0	182	280	-1.391383
0	182	272	-1.449771
0	182	109	-1.619563
0	182	269	-1.763632
0	182	278	-1.861007
0	182	11	-1.872011
0	182	16	-1.899046
0	182	277	-1.942643
0	182	255	-2.050779
0	182	17	-2.064205
0	182	13	-2.064671
0	183	275	4.129683
0	183	276	4.006448
0	183	267	3.967004
0	183	183	3.702665
0	183	282	3.606681
0	183	291	3.587631
0	183	294	3.553100
0	183	61	3.508502
0	183	273	3.476125
0	183	244	3.453578
0	183	290	3.398506
0	183	263	3.331014
0	183	283	3.191325
0	183	264	3.189033
0	183	3	3.079640
0	183	58	3.068092
0	183	279	2.910889
0	183	113	2.791848
0	183	14	2.666926
0	183	289	2.598136
0	183	274	2.584979
0	183	270	2.518724
0	183	116	2.481870
0	183	286	2.343354
0	183	285	2.002128
0	183	30	1.685546
0	183	112	1.323712
0	183	271	1.289183
0	183	231	1.276340
0	183	63	0.460907
0	183	51	0.099049
0	183	295	0.048918
0	183	292	0.006096
0	183	18	-0.424081
0	183	278	-0.493793
0	183	281	-0.976130
0	183	288	-1.053935
0	183	268	-1.298556
0	183	287	-1.402145
0	183	119	-1.511541
0	183	115	-1.866006
0	183	293	-1.885123
0	183	272	-1.958710
0	183	280	-1.978341
0	183	284	-1.980872
0	184	263	4.096231
0	184	266	3.935200
0	184	183	3.827468
0	184	244	3.736203
0	184	61	3.723786
0	184	268	3.663587
0	184	3	3.534522
0	184	112	3.474177
0	184	264	3.444832
0	184	270	3.341077
0	184	14	3.267999
0	184	11	3.250867
0	184	30	3.118529
0	184	115	3.111273
0	184	63	3.081791
0	184	231	3.027246
0	184	265	2.989650
0	184	119	2.953683
0	184	116	2.935457
0	184	267	2.499237
0	184	271	2.252053
0	184	58	1.419157
0	184	255	1.306830
0	184	51	1.023900
0	184	277	0.658312
0	184	8	-0.218203
0	184	272	-1.094393
0	184	18	-1.369184
0	184	113	-1.581831
0	184	278	-1.638899
0	184	269	-1.726450
0	184	280	-1.800735
0	184	17	-1.883481
0	184	109	-1.987612
0	184	13	-2.009846
0	184	16	-2.151791
0	185	265	4.010637
0	185	263	3.965912
0	185	183	3.914400
0	185	244	3.626756
0	185	30	3.595251
0	185	264	3.550114
0	185	61	3.536343
0	185	272	3.127777
0	185	3	3.106060
0	185	270	3.020005
0	185	266	3.015655
0	185	14	2.902631
0	185	271	2.817432
0	185	268	2.772149
0	185	63	1.954445
0	185	58	1.935900
0	185	116	1.911259
0	185	231	1.754859
0	185	112	1.650307
0	185	8	1.538236
0	185	51	1.358192
0	185	267	1.154463
0	185	115	0.812233
0	185	119	0.685087
0	185	269	-0.038475
0	185	278	-0.347808
0	185	255	-0.438846
0	185	18	-0.717684
0	185	113	-0.796422
0	185	11	-1.262392
0	185	277	-1.480212
0	185	280	-1.578372
0	185	109	-1.887848
0	185	13	-1.988639
0	185	17	-2.019299
0	185	16	-2.025714
0	186	263	4.129393
0	186	265	4.056877
0	186	183	3.888890
0	186	61	3.762961
0	186	271	3.759617
0	186	244	3.745966
0	186	63	3.715603
0	186	264	3.712162
0	186	266	3.667828
0	186	112	3.635696
0	186	116	3.609053
0	186	30	3.589579
0	186	268	3.540761
0	186	14	3.428872
0	186	267	3.333856
0	186	3	3.267789
0	186	51	3.250619
0	186	269	3.250442
0	186	270	2.934659
0	186	119	2.901966
0	186	113	2.431895
0	186	58	1.910834
0	186	115	1.853772
0	186	231	1.776852
0	186	8	1.059426
0	186	18	0.405591
0	186	255	-0.585079
0	186	11	-0.941700
0	186	277	-0.967201
0	186	272	-1.029504
0	186	280	-1.435500
0	186	278	-1.504487
0	186	109	-1.524177
0	186	17	-1.826410
0	186	16	-1.930214
0	186	13	-1.968705
