0	1	8	3.188359
0	1	1	3.125828
0	1	2	3.118502
0	1	14	3.061293
0	1	11	2.991178
0	1	6	2.951256
0	1	9	2.847383
0	1	19	2.749902
0	1	3	2.716077
0	1	5	2.672414
0	1	0	2.662137
0	1	15	2.323783
0	1	4	2.001436
0	1	7	1.916974
0	1	13	1.258007
0	1	18	0.714012
0	1	12	-0.886589
0	1	16	-4.291407
0	1	10	-4.513166
0	1	17	-5.111379
0	2	2	3.804956
0	2	8	3.473819
0	2	5	3.465599
0	2	9	3.442867
0	2	3	3.434043
0	2	1	3.410002
0	2	14	2.236493
0	2	4	1.507502
0	2	15	0.366798
0	2	6	-0.563869
0	2	16	-0.643203
0	2	10	-3.033109
0	2	18	-3.282884
0	2	0	-3.554593
0	2	19	-3.787946
0	2	11	-3.809675
0	2	13	-4.336512
0	2	7	-4.682205
0	2	17	-4.769611
0	2	12	-5.101349
0	3	1	2.829818
0	3	0	2.818275
0	3	5	2.687121
0	3	9	2.684450
0	3	2	2.616102
0	3	4	2.532474
0	3	3	1.939241
0	3	19	1.890261
0	3	12	1.588261
0	3	14	1.517316
0	3	6	1.477267
0	3	15	1.371594
0	3	17	1.012912
0	3	16	0.619938
0	3	7	-0.281798
0	3	8	-1.982478
0	3	13	-1.992178
0	3	10	-2.482203
0	3	18	-4.709558
0	3	11	-4.843876
0	14	45	2.913321
0	14	43	2.821757
0	14	27	2.762254
0	14	58	2.704933
0	14	3	2.672414
0	14	36	2.473781
0	14	26	2.439214
0	14	52	2.359419
0	14	56	2.309447
0	14	85	2.308398
0	14	22	2.258745
0	14	32	2.232773
0	14	28	2.141807
0	14	14	2.027797
0	14	21	1.957767
0	14	47	1.923984
0	14	31	1.888788
0	14	54	1.654478
0	14	40	1.312469
0	14	48	1.201673
0	14	63	0.994113
0	14	51	0.866624
0	14	66	0.533740
0	14	61	0.417872
0	14	79	0.315503
0	14	72	0.040930
0	14	20	-0.135456
0	14	57	-0.379652
0	14	37	-0.400801
0	14	25	-0.526141
0	14	38	-0.703886
0	14	33	-1.192621
0	14	42	-1.275702
0	14	29	-2.552514
0	14	74	-2.621822
0	14	8	-2.713000
0	14	53	-2.899124
0	14	50	-3.067304
0	14	46	-3.381104
0	14	30	-3.798216
0	14	71	-4.141346
0	14	34	-4.213977
0	14	41	-4.388474
0	14	49	-4.421687
0	14	35	-4.448515
0	14	62	-4.517807
0	14	24	-4.520738
0	14	73	-4.545303
0	14	16	-4.560681
0	14	23	-4.582858
0	14	64	-4.604121
0	14	44	-4.620786
0	14	65	-4.638781
0	14	77	-4.694422
0	14	70	-4.698122
0	14	39	-4.712643
0	14	11	-4.713011
0	14	55	-4.731372
0	14	78	-4.732385
0	14	69	-4.769839
0	14	18	-4.857300
0	14	76	-4.864043
0	14	75	-4.980269
0	15	43	2.344992
0	15	36	2.123430
0	15	3	2.063247
0	15	56	2.034512
0	15	58	1.942756
0	15	31	1.928187
0	15	14	1.893677
0	15	22	1.766007
0	15	51	1.680701
0	15	63	1.528796
0	15	50	1.395701
0	15	28	1.387692
0	15	32	1.109680
0	15	52	1.021510
0	15	72	0.980090
0	15	27	0.824529
0	15	53	0.740975
0	15	45	0.461907
0	15	26	0.336370
0	15	25	0.136542
0	15	16	-0.144694
0	15	61	-0.195157
0	15	54	-0.510268
0	15	42	-0.513672
0	15	57	-0.672354
0	15	74	-0.814765
0	15	21	-1.006053
0	15	79	-1.790331
0	15	47	-1.983367
0	15	48	-2.212136
0	15	85	-2.363584
0	15	37	-2.691850
0	15	29	-3.187426
0	15	66	-3.204585
0	15	30	-3.304154
0	15	40	-3.497648
0	15	20	-3.785624
0	15	35	-3.923860
0	15	49	-4.504307
0	15	41	-4.510539
0	15	73	-4.537134
0	15	33	-4.563723
0	15	8	-4.591086
0	15	77	-4.609285
0	15	38	-4.627227
0	15	44	-4.652068
0	15	76	-4.677894
0	15	70	-4.686529
0	15	34	-4.687563
0	15	69	-4.719524
0	15	11	-4.744532
0	15	24	-4.746388
0	15	71	-4.749434
0	15	64	-4.754340
0	15	23	-4.763475
0	15	75	-4.824998
0	15	78	-4.850566
0	15	62	-4.854808
0	15	65	-4.879139
0	15	39	-4.911685
0	15	18	-4.941070
0	15	55	-4.966651
0	15	46	-4.985982
0	16	56	3.920160
0	16	32	3.687385
0	16	58	3.631326
0	16	26	3.445924
0	16	3	3.431635
0	16	52	3.244611
0	16	53	3.184036
0	16	63	3.044422
0	16	25	2.988955
0	16	51	2.977685
0	16	21	2.923635
0	16	54	2.771558
0	16	22	2.702420
0	16	62	2.697175
0	16	43	2.696009
0	16	28	2.528272
0	16	48	2.502227
0	16	47	1.835460
0	16	45	1.738383
0	16	31	1.326515
0	16	42	0.867076
0	16	36	0.564828
0	16	29	-0.158422
0	16	14	-0.207012
0	16	27	-0.433264
0	16	72	-0.614040
0	16	61	-0.731812
0	16	20	-1.023269
0	16	30	-1.324731
0	16	35	-1.974044
0	16	85	-1.998013
0	16	16	-2.569776
0	16	50	-3.389917
0	16	79	-3.414454
0	16	57	-3.734359
0	16	66	-3.784261
0	16	40	-3.896558
0	16	41	-4.265849
0	16	37	-4.275088
0	16	38	-4.313042
0	16	8	-4.326639
0	16	73	-4.447803
0	16	71	-4.601653
0	16	74	-4.601971
0	16	33	-4.602204
0	16	64	-4.605825
0	16	77	-4.628243
0	16	39	-4.650285
0	16	55	-4.654531
0	16	75	-4.668709
0	16	24	-4.694207
0	16	23	-4.713983
0	16	34	-4.739694
0	16	11	-4.743022
0	16	69	-4.754787
0	16	78	-4.763274
0	16	70	-4.805609
0	16	76	-4.814152
0	16	65	-4.818588
0	16	44	-4.842737
0	16	49	-4.851940
0	16	18	-4.897119
0	16	46	-5.007166
0	19	3	2.901859
0	19	26	2.432825
0	19	43	2.416345
0	19	29	2.390651
0	19	22	2.339223
0	19	58	2.332546
0	19	27	2.147515
0	19	36	2.133189
0	19	32	2.098915
0	19	31	2.033330
0	19	61	1.920800
0	19	37	1.846919
0	19	52	1.845471
0	19	40	1.653695
0	19	85	1.447289
0	19	21	1.110875
0	19	51	1.054044
0	19	14	1.005717
0	19	25	0.735947
0	19	56	0.636551
0	19	57	0.621924
0	19	47	0.559296
0	19	48	0.539591
0	19	45	0.518968
0	19	53	0.427222
0	19	28	0.097648
0	19	54	-0.274280
0	19	42	-0.346069
0	19	66	-0.420321
0	19	20	-0.633671
0	19	63	-0.643811
0	19	72	-1.267111
0	19	50	-1.810644
0	19	38	-1.869865
0	19	46	-2.652318
0	19	33	-2.720013
0	19	79	-2.828530
0	19	24	-3.660984
0	19	30	-3.856824
0	19	34	-4.235919
0	19	8	-4.260110
0	19	65	-4.301112
0	19	41	-4.364413
0	19	49	-4.413594
0	19	69	-4.463943
0	19	71	-4.478472
0	19	23	-4.527463
0	19	62	-4.562709
0	19	74	-4.619233
0	19	73	-4.633805
0	19	39	-4.663479
0	19	64	-4.720740
0	19	77	-4.739929
0	19	35	-4.750349
0	19	55	-4.762926
0	19	75	-4.765972
0	19	78	-4.794096
0	19	18	-4.811030
0	19	44	-4.840572
0	19	11	-4.862383
0	19	16	-4.937572
0	19	70	-5.080785
0	19	76	-5.160207
0	22	53	3.942878
0	22	58	3.594205
0	22	32	3.584771
0	22	26	3.382971
0	22	52	3.347959
0	22	56	3.140037
0	22	42	2.946042
0	22	22	2.918406
0	22	3	2.811730
0	22	43	2.735895
0	22	50	2.685168
0	22	54	2.662239
0	22	51	2.632986
0	22	21	2.549286
0	22	14	2.313941
0	22	63	2.264041
0	22	37	2.085675
0	22	36	1.939051
0	22	31	1.891841
0	22	61	0.719961
0	22	20	0.712439
0	22	27	0.619451
0	22	28	-0.021363
0	22	45	-0.209866
0	22	66	-0.865789
0	22	38	-1.048671
0	22	25	-1.352902
0	22	40	-1.590541
0	22	46	-1.649992
0	22	47	-1.698187
0	22	29	-2.584646
0	22	57	-3.193746
0	22	48	-3.593679
0	22	34	-3.795613
0	22	30	-3.851312
0	22	72	-3.952826
0	22	16	-4.086874
0	22	41	-4.257140
0	22	85	-4.308861
0	22	79	-4.462008
0	22	78	-4.554440
0	22	55	-4.577006
0	22	35	-4.585183
0	22	33	-4.596305
0	22	62	-4.608405
0	22	73	-4.641110
0	22	39	-4.669046
0	22	49	-4.731476
0	22	77	-4.737078
0	22	74	-4.749835
0	22	23	-4.756008
0	22	64	-4.809547
0	22	70	-4.825572
0	22	8	-4.833927
0	22	11	-4.864261
0	22	18	-4.867089
0	22	24	-4.869382
0	22	69	-4.889618
0	22	44	-4.894722
0	22	75	-4.910295
0	22	65	-4.931352
0	22	76	-4.961468
0	22	71	-5.004347
0	43	99	4.091044
0	43	94	3.649938
0	43	8	3.497938
0	43	105	3.285126
0	43	89	3.046215
0	43	63	3.043346
0	43	14	2.981561
0	43	3	2.913058
0	43	61	2.887174
0	43	26	2.826429
0	43	103	2.820661
0	43	86	2.758959
0	43	92	2.527288
0	43	87	2.499054
0	43	88	2.404815
0	43	15	2.394723
0	43	98	2.113449
0	43	90	2.085746
0	43	91	1.740968
0	43	85	0.806991
0	43	58	0.617261
0	43	96	0.522358
0	43	107	0.465477
0	43	95	0.413972
0	43	52	0.155443
0	43	108	-0.067570
0	43	97	-0.627779
0	43	100	-3.063373
0	43	11	-3.674058
0	43	106	-4.176090
0	43	18	-4.273734
0	43	110	-4.706597
0	43	13	-4.711665
0	43	93	-4.781488
0	43	109	-4.906162
0	43	69	-5.107814
0	43	17	-5.179443
0	44	63	2.998572
0	44	95	2.934945
0	44	3	2.906600
0	44	96	2.883578
0	44	97	2.881681
0	44	90	2.792783
0	44	58	2.752017
0	44	15	2.634676
0	44	52	2.606371
0	44	89	2.578401
0	44	99	2.437171
0	44	8	2.127200
0	44	107	1.998408
0	44	14	1.932676
0	44	26	1.925874
0	44	93	1.903726
0	44	61	1.820077
0	44	86	1.627817
0	44	94	1.173985
0	44	85	0.976051
0	44	92	0.879533
0	44	91	0.650534
0	44	88	0.492669
0	44	11	-1.482716
0	44	98	-1.490581
0	44	100	-2.011403
0	44	87	-2.018441
0	44	103	-2.023332
0	44	13	-2.819855
0	44	105	-3.102182
0	44	110	-3.288214
0	44	108	-3.412967
0	44	106	-3.459446
0	44	17	-3.962470
0	44	18	-4.728284
0	44	109	-4.809902
0	44	69	-5.059381
0	54	8	3.619472
0	54	3	3.243741
0	54	16	2.358996
0	54	14	2.143405
0	54	7	-4.581470
0	54	18	-4.581500
0	54	17	-4.619905
0	54	111	-4.728959
0	54	11	-4.902397
0	54	13	-5.060314
0	57	3	3.130315
0	57	8	2.876903
0	57	18	0.358404
0	57	13	-2.121222
0	57	14	-2.689691
0	57	16	-3.601958
0	57	7	-4.704776
0	57	111	-4.729543
0	57	11	-4.883926
0	57	17	-5.111547
0	58	18	2.759907
0	58	3	-0.500344
0	58	8	-1.951114
0	58	16	-3.772460
0	58	7	-4.263078
0	58	17	-4.270648
0	58	11	-4.543849
0	58	14	-4.556666
0	58	111	-4.559970
0	58	13	-4.686400
0	73	154	3.670962
0	73	132	3.639195
0	73	150	3.622323
0	73	153	3.586703
0	73	149	3.549535
0	73	169	3.523274
0	73	163	3.505210
0	73	158	3.450883
0	73	8	3.414633
0	73	159	3.348751
0	73	152	3.321378
0	73	151	3.277601
0	73	160	3.208967
0	73	157	3.082172
0	73	170	3.064939
0	73	161	3.042694
0	73	137	3.040190
0	73	148	3.038924
0	73	168	3.030662
0	73	11	2.772890
0	73	156	2.492902
0	73	3	2.068244
0	73	162	0.062844
0	73	14	-2.533672
0	73	146	-3.867041
0	73	147	-4.167724
0	73	16	-4.358486
0	73	17	-4.585637
0	73	155	-4.826306
0	73	18	-4.905210
0	73	13	-4.917412
0	73	145	-4.936591
0	74	150	3.772177
0	74	8	3.767029
0	74	160	3.544735
0	74	149	3.510086
0	74	157	3.399754
0	74	169	3.397481
0	74	151	3.395017
0	74	154	3.358071
0	74	159	3.263482
0	74	158	3.254307
0	74	163	3.173508
0	74	137	3.150125
0	74	3	2.862053
0	74	152	2.766947
0	74	132	2.512859
0	74	170	2.206811
0	74	161	1.907540
0	74	153	1.777101
0	74	168	1.642031
0	74	14	1.283912
0	74	148	0.549334
0	74	11	-0.288529
0	74	16	-1.411798
0	74	155	-1.946447
0	74	147	-2.080003
0	74	145	-3.389029
0	74	162	-4.253464
0	74	146	-4.478993
0	74	156	-4.480005
0	74	17	-4.823152
0	74	18	-4.875636
0	74	13	-5.163422
0	75	8	3.201328
0	75	128	3.183726
0	75	137	3.062567
0	75	14	2.976958
0	75	3	2.772759
0	75	160	2.692792
0	75	164	2.659554
0	75	171	2.605710
0	75	165	2.461306
0	75	145	1.759960
0	75	167	1.615990
0	75	166	1.335512
0	75	132	1.054115
0	75	147	0.755211
0	75	11	-0.644083
0	75	13	-2.195714
0	75	16	-3.220995
0	75	146	-3.394567
0	75	18	-4.898199
0	75	17	-5.071044
0	77	8	3.429853
0	77	128	3.393414
0	77	165	3.303873
0	77	137	3.248752
0	77	171	3.050513
0	77	160	2.954404
0	77	132	2.892705
0	77	3	2.764723
0	77	147	2.763738
0	77	14	2.546181
0	77	13	2.437420
0	77	11	2.354523
0	77	166	2.165446
0	77	167	1.761398
0	77	18	1.696045
0	77	145	0.813810
0	77	164	0.625631
0	77	146	-3.830745
0	77	16	-4.488006
0	77	17	-5.083292
0	94	99	4.449044
0	94	210	4.111302
0	94	116	4.094923
0	94	188	3.806537
0	94	205	3.661966
0	94	113	3.510291
0	94	193	3.244012
0	94	3	3.196511
0	94	8	3.058781
0	94	14	2.993674
0	94	204	2.262550
0	94	51	2.247576
0	94	63	2.058272
0	94	190	1.918186
0	94	196	1.531329
0	94	126	1.518416
0	94	200	1.434124
0	94	16	0.447766
0	94	197	0.019690
0	94	212	-1.061387
0	94	206	-1.384885
0	94	18	-1.547256
0	94	15	-2.328896
0	94	199	-2.610666
0	94	207	-3.172007
0	94	201	-3.301979
0	94	194	-3.395698
0	94	198	-3.485109
0	94	192	-3.562079
0	94	209	-4.424985
0	94	17	-4.506285
0	94	187	-4.607082
0	94	13	-4.612143
0	94	195	-4.628684
0	94	109	-4.685265
0	94	189	-4.712320
0	94	203	-4.904091
0	94	208	-4.938861
0	94	217	-4.948052
0	94	122	-5.012765
0	94	202	-5.038750
0	94	191	-5.259812
0	95	204	3.678780
0	95	217	3.606440
0	95	17	3.298505
0	95	208	3.285942
0	95	99	3.263107
0	95	13	3.222032
0	95	210	3.190453
0	95	122	3.188879
0	95	198	2.975988
0	95	205	2.734706
0	95	191	2.731717
0	95	187	2.715971
0	95	201	2.703570
0	95	196	2.628478
0	95	3	2.553830
0	95	16	2.532351
0	95	113	2.238684
0	95	202	2.229454
0	95	207	2.228734
0	95	116	2.223830
0	95	14	2.078423
0	95	109	1.288684
0	95	63	1.091683
0	95	199	0.740040
0	95	190	0.603528
0	95	18	0.045017
0	95	206	0.005767
0	95	51	-0.580556
0	95	15	-0.623632
0	95	194	-0.712557
0	95	192	-1.026210
0	95	8	-1.053062
0	95	200	-1.070837
0	95	188	-1.114397
0	95	197	-1.207494
0	95	203	-2.584576
0	95	193	-3.487397
0	95	126	-5.014359
0	95	212	-5.059438
0	95	209	-5.096390
0	95	195	-5.107429
0	95	189	-5.141155
0	96	99	4.275573
0	96	116	4.102396
0	96	210	3.851257
0	96	199	3.596580
0	96	201	3.578081
0	96	15	3.576586
0	96	188	3.478457
0	96	3	3.437670
0	96	193	3.412673
0	96	205	3.121630
0	96	204	3.038438
0	96	8	3.017487
0	96	63	3.002349
0	96	14	2.828134
0	96	51	2.759682
0	96	190	2.681474
0	96	196	2.636100
0	96	206	2.345887
0	96	113	1.908113
0	96	200	0.706015
0	96	212	0.703997
0	96	16	-0.070902
0	96	197	-0.197042
0	96	194	-0.232867
0	96	207	-0.464338
0	96	192	-1.402294
0	96	18	-1.545807
0	96	198	-3.545961
0	96	122	-3.731872
0	96	209	-4.462563
0	96	195	-4.477120
0	96	189	-4.583961
0	96	203	-4.592788
0	96	126	-4.612830
0	96	13	-4.794428
0	96	109	-4.809676
0	96	187	-4.823698
0	96	217	-4.855293
0	96	17	-4.966905
0	96	208	-5.152027
0	96	191	-5.195386
0	96	202	-5.234867
0	99	3	3.257258
0	99	113	3.068146
0	99	206	2.991281
0	99	99	2.443324
0	99	190	2.400384
0	99	211	2.366509
0	99	212	2.055235
0	99	193	1.779253
0	99	210	1.562763
0	99	196	0.796631
0	99	51	0.345983
0	99	192	-2.780736
0	99	14	-2.978483
0	99	205	-3.107108
0	99	207	-3.236746
0	99	16	-3.266072
0	99	18	-3.506729
0	99	15	-3.607761
0	99	63	-3.632792
0	99	204	-3.879228
0	99	194	-3.880846
0	99	126	-3.915633
0	99	116	-4.221185
0	99	200	-4.491810
0	99	8	-4.616307
0	99	201	-4.659632
0	99	209	-4.676393
0	99	195	-4.681714
0	99	189	-4.685051
0	99	122	-4.726507
0	99	203	-4.771800
0	99	109	-4.777466
0	99	188	-4.783215
0	99	13	-4.804305
0	99	217	-4.844871
0	99	202	-4.897097
0	99	197	-4.979357
0	99	199	-5.012351
0	99	191	-5.095254
0	99	198	-5.266299
0	100	51	0.829721
0	100	3	-0.821483
0	100	190	-0.972037
0	100	188	-3.394138
0	100	126	-3.710328
0	100	205	-4.077587
0	100	99	-4.304905
0	100	209	-4.317605
0	100	195	-4.334630
0	100	8	-4.448728
0	100	18	-4.523421
0	100	122	-4.543767
0	100	116	-4.545370
0	100	189	-4.562464
0	100	63	-4.587755
0	100	202	-4.589710
0	100	109	-4.595011
0	100	203	-4.610848
0	100	200	-4.626594
0	100	196	-4.630979
0	100	194	-4.655653
0	100	192	-4.660172
0	100	207	-4.670822
0	100	13	-4.688653
0	100	212	-4.688915
0	100	211	-4.703357
0	100	217	-4.704502
0	100	193	-4.735887
0	100	206	-4.739702
0	100	197	-4.745534
0	100	198	-4.803212
0	100	191	-4.900000
0	100	15	-4.909185
0	100	14	-4.971734
0	100	204	-4.972239
0	100	113	-4.993388
0	100	16	-4.997724
0	100	199	-5.004331
0	100	210	-5.016235
0	100	201	-5.026532
0	123	201	3.692743
0	123	3	3.253179
0	123	224	3.209161
0	123	196	3.199162
0	123	207	3.112273
0	123	51	2.933421
0	123	190	2.719689
0	123	243	2.674130
0	123	239	2.658399
0	123	227	2.244386
0	123	228	2.210973
0	123	241	1.811520
0	123	221	1.786800
0	123	232	1.385003
0	123	246	1.372287
0	123	226	1.056640
0	123	237	0.795586
0	123	199	0.208049
0	123	96	0.168647
0	123	210	-0.181646
0	123	240	-0.506244
0	123	234	-0.693379
0	123	18	-0.700610
0	123	222	-0.845395
0	123	233	-1.188520
0	123	229	-1.656768
0	123	225	-1.831485
0	123	230	-1.878014
0	123	236	-1.961901
0	123	14	-2.108263
0	123	242	-2.610114
0	123	198	-2.902916
0	123	99	-2.941655
0	123	245	-3.169186
0	123	238	-3.351909
0	123	188	-3.519181
0	123	16	-3.607705
0	123	116	-4.371047
0	123	244	-4.409115
0	123	187	-4.465859
0	123	223	-4.598366
0	123	11	-4.687757
0	123	8	-4.716600
0	123	247	-4.738596
0	123	235	-4.764910
0	123	231	-4.772744
0	123	217	-4.846314
0	123	197	-4.859250
0	123	208	-4.867687
0	123	191	-4.947066
0	123	122	-5.025563
0	124	8	2.503164
0	124	224	2.432795
0	124	3	2.306816
0	124	201	2.283180
0	124	210	2.255465
0	124	207	2.188758
0	124	228	2.187896
0	124	227	2.127972
0	124	51	2.125770
0	124	241	1.571110
0	124	122	1.490608
0	124	237	1.387390
0	124	232	1.326553
0	124	14	1.092130
0	124	246	0.993207
0	124	236	0.923316
0	124	225	0.863765
0	124	247	0.747248
0	124	99	0.458886
0	124	16	0.023473
0	124	233	-0.471135
0	124	199	-0.607512
0	124	231	-0.903110
0	124	188	-0.963388
0	124	244	-1.367269
0	124	238	-1.419210
0	124	221	-1.474134
0	124	243	-1.526541
0	124	240	-1.853752
0	124	196	-1.914790
0	124	190	-1.951072
0	124	239	-2.026325
0	124	208	-2.079350
0	124	191	-2.793114
0	124	235	-3.191010
0	124	245	-3.825640
0	124	187	-3.988496
0	124	18	-4.386101
0	124	116	-4.447709
0	124	223	-4.521620
0	124	11	-4.522115
0	124	226	-4.548676
0	124	222	-4.551129
0	124	234	-4.559216
0	124	229	-4.564974
0	124	217	-4.570134
0	124	242	-4.588194
0	124	198	-4.590719
0	124	197	-4.680036
0	124	230	-4.871298
0	124	96	-4.919763
0	125	228	2.892497
0	125	224	2.821342
0	125	207	2.680097
0	125	210	2.513346
0	125	3	2.452252
0	125	232	2.013709
0	125	190	2.004028
0	125	221	1.924440
0	125	233	1.922974
0	125	227	1.542865
0	125	196	1.542576
0	125	246	1.540267
0	125	241	1.357455
0	125	8	1.160950
0	125	201	1.030622
0	125	245	0.893739
0	125	243	0.637371
0	125	51	0.549314
0	125	240	0.432114
0	125	237	0.370347
0	125	236	0.236750
0	125	14	-0.081765
0	125	230	-0.159670
0	125	226	-0.362424
0	125	96	-0.420458
0	125	222	-0.663716
0	125	199	-0.742710
0	125	244	-0.887851
0	125	229	-0.973304
0	125	198	-1.212718
0	125	99	-1.330144
0	125	188	-1.407085
0	125	242	-1.782725
0	125	239	-1.984804
0	125	16	-2.052175
0	125	18	-2.530636
0	125	234	-2.847214
0	125	247	-2.934834
0	125	231	-2.989400
0	125	238	-3.101834
0	125	197	-3.508843
0	125	116	-4.064662
0	125	235	-4.232346
0	125	187	-4.439281
0	125	11	-4.549527
0	125	223	-4.607604
0	125	208	-4.853144
0	125	217	-4.854409
0	125	122	-4.916907
0	125	225	-4.987104
0	125	191	-4.999585
0	126	245	3.208370
0	126	188	3.188958
0	126	246	2.878402
0	126	227	2.865703
0	126	196	2.820718
0	126	3	2.817770
0	126	228	2.815457
0	126	226	2.784306
0	126	240	2.760750
0	126	224	2.754936
0	126	96	2.636239
0	126	239	2.626503
0	126	222	2.611307
0	126	244	2.565825
0	126	236	2.536637
0	126	207	2.513099
0	126	190	2.504069
0	126	8	2.417542
0	126	221	2.413276
0	126	238	2.368375
0	126	242	2.296215
0	126	233	2.171281
0	126	232	2.074591
0	126	241	2.042444
0	126	51	1.999809
0	126	229	1.933331
0	126	243	1.814488
0	126	237	0.940898
0	126	14	0.828825
0	126	231	0.620317
0	126	99	0.532586
0	126	201	0.144914
0	126	116	-0.130060
0	126	199	-0.280527
0	126	16	-0.737362
0	126	198	-0.785817
0	126	210	-1.108999
0	126	225	-1.665252
0	126	235	-2.123712
0	126	223	-2.331682
0	126	230	-2.434978
0	126	18	-2.482413
0	126	197	-3.610062
0	126	191	-3.842321
0	126	11	-4.258816
0	126	234	-4.438846
0	126	247	-4.721714
0	126	187	-4.811835
0	126	122	-4.886090
0	126	217	-5.004507
0	126	208	-5.100707
0	127	238	3.238486
0	127	51	2.946535
0	127	188	2.783764
0	127	3	2.654105
0	127	232	2.611893
0	127	99	2.591980
0	127	224	2.488667
0	127	242	2.300962
0	127	16	2.244722
0	127	207	2.238486
0	127	190	2.190945
0	127	210	2.131129
0	127	228	2.094203
0	127	196	2.087405
0	127	230	1.957717
0	127	229	1.577412
0	127	14	1.150927
0	127	241	1.135221
0	127	240	1.020076
0	127	236	0.946957
0	127	231	0.837909
0	127	221	0.631724
0	127	243	0.450408
0	127	245	0.175151
0	127	222	-0.814950
0	127	247	-0.832934
0	127	233	-0.957120
0	127	227	-1.357392
0	127	244	-2.620052
0	127	237	-2.695639
0	127	116	-2.704984
0	127	197	-3.261473
0	127	226	-3.438440
0	127	199	-3.561678
0	127	239	-3.650700
0	127	122	-3.654872
0	127	234	-3.664990
0	127	201	-3.927168
0	127	223	-4.354593
0	127	246	-4.422419
0	127	187	-4.439975
0	127	8	-4.528760
0	127	235	-4.555168
0	127	96	-4.566800
0	127	18	-4.597833
0	127	217	-4.685812
0	127	11	-4.695580
0	127	198	-4.789268
0	127	191	-4.871234
0	127	208	-4.962399
0	127	225	-5.094409
0	144	3	2.837333
0	144	253	2.693090
0	144	201	2.597303
0	144	8	2.450191
0	144	14	2.395558
0	144	254	2.125853
0	144	258	1.942139
0	144	199	1.139800
0	144	113	0.993076
0	144	251	0.116474
0	144	18	0.087533
0	144	248	-0.281281
0	144	63	-0.282989
0	144	252	-0.454985
0	144	16	-1.965605
0	144	200	-2.525269
0	144	17	-2.825344
0	144	257	-4.080317
0	144	13	-4.200104
0	144	250	-4.349776
0	144	109	-4.490510
0	144	187	-4.514861
0	144	11	-4.784707
0	144	255	-4.819589
0	144	249	-4.836880
0	144	191	-4.873034
0	144	110	-4.875413
0	144	256	-5.011595
0	144	208	-5.130326
0	145	258	3.536174
0	145	8	3.186388
0	145	253	2.886077
0	145	3	2.720241
0	145	251	2.653707
0	145	252	1.885650
0	145	63	1.402273
0	145	254	1.258488
0	145	201	-0.308654
0	145	199	-0.328411
0	145	257	-0.647057
0	145	14	-0.732529
0	145	249	-2.368936
0	145	11	-2.754091
0	145	18	-3.035721
0	145	248	-3.697069
0	145	110	-4.113007
0	145	250	-4.199551
0	145	200	-4.318305
0	145	187	-4.371607
0	145	17	-4.390223
0	145	255	-4.393882
0	145	13	-4.411543
0	145	113	-4.511981
0	145	109	-4.561321
0	145	208	-4.644382
0	145	191	-4.805459
0	145	16	-4.854651
0	145	256	-4.856389
0	146	3	2.534629
0	146	253	1.886348
0	146	201	0.874212
0	146	251	0.763137
0	146	257	0.056384
0	146	258	-0.831827
0	146	8	-0.846460
0	146	199	-0.886211
0	146	252	-2.095373
0	146	18	-3.448977
0	146	63	-3.641665
0	146	14	-3.694283
0	146	248	-3.884619
0	146	250	-4.179801
0	146	200	-4.334391
0	146	254	-4.359666
0	146	11	-4.425882
0	146	187	-4.434668
0	146	110	-4.441794
0	146	109	-4.455736
0	146	13	-4.455790
0	146	113	-4.488352
0	146	249	-4.521527
0	146	17	-4.543563
0	146	256	-4.590188
0	146	16	-4.665761
0	146	208	-4.684457
0	146	255	-4.736887
0	146	191	-4.844326
0	147	253	3.893188
0	147	257	3.768294
0	147	258	3.705022
0	147	63	3.530248
0	147	248	3.462013
0	147	11	3.375490
0	147	254	3.359856
0	147	8	3.290799
0	147	3	3.226617
0	147	110	3.124838
0	147	199	3.036330
0	147	252	2.835182
0	147	113	2.582392
0	147	251	2.483285
0	147	200	2.252035
0	147	201	1.523101
0	147	14	1.368228
0	147	191	-0.613298
0	147	255	-1.289158
0	147	16	-2.047178
0	147	249	-2.111830
0	147	256	-2.777943
0	147	13	-4.554013
0	147	250	-4.582380
0	147	187	-4.768638
0	147	109	-4.932757
0	147	18	-4.961396
0	147	17	-4.973166
0	147	208	-5.240432
0	148	113	3.658983
0	148	258	3.623581
0	148	199	3.353240
0	148	253	3.273753
0	148	63	3.119864
0	148	3	3.078643
0	148	254	3.002532
0	148	200	2.623163
0	148	8	2.462436
0	148	201	2.145202
0	148	257	1.158437
0	148	252	0.828981
0	148	14	0.355438
0	148	255	-0.474706
0	148	251	-0.959251
0	148	16	-1.318908
0	148	248	-3.722210
0	148	250	-3.827721
0	148	11	-4.506460
0	148	18	-4.568095
0	148	187	-4.710597
0	148	110	-4.712197
0	148	256	-4.743964
0	148	109	-4.795781
0	148	13	-4.798148
0	148	249	-4.834257
0	148	17	-4.955616
0	148	191	-5.115972
0	148	208	-5.158169
0	150	253	3.581222
0	150	8	3.356282
0	150	258	3.178547
0	150	251	2.677421
0	150	201	2.581338
0	150	252	2.507851
0	150	257	2.425491
0	150	3	2.205629
0	150	63	2.168303
0	150	14	-0.091071
0	150	16	-2.228820
0	150	199	-2.406379
0	150	248	-3.170107
0	150	18	-3.819578
0	150	113	-4.500905
0	150	254	-4.516837
0	150	200	-4.562457
0	150	187	-4.565937
0	150	250	-4.568366
0	150	11	-4.579164
0	150	13	-4.672865
0	150	249	-4.794762
0	150	110	-4.819978
0	150	109	-4.841153
0	150	17	-4.893254
0	150	255	-5.011680
0	150	208	-5.177448
0	150	191	-5.203155
0	150	256	-5.228330
0	177	267	4.453074
0	177	183	4.357073
0	177	116	4.083377
0	177	244	4.037667
0	177	270	3.923137
0	177	61	3.893411
0	177	231	3.823360
0	177	264	3.784540
0	177	30	3.765773
0	177	119	3.565639
0	177	8	3.362929
0	177	3	3.361337
0	177	271	3.240701
0	177	113	3.220377
0	177	112	3.120845
0	177	63	2.978613
0	177	265	2.949431
0	177	14	2.939815
0	177	269	2.709069
0	177	268	2.640327
0	177	272	2.519949
0	177	278	2.392741
0	177	263	2.343810
0	177	51	2.265906
0	177	277	0.723579
0	177	58	0.626332
0	177	266	-0.085098
0	177	280	-0.514745
0	177	115	-2.438449
0	177	11	-3.552164
0	177	16	-3.931213
0	177	255	-4.421368
0	177	13	-4.535111
0	177	18	-4.560620
0	177	109	-4.939657
0	177	17	-5.174552
0	178	116	3.746477
0	178	244	3.452343
0	178	113	3.276795
0	178	183	3.217972
0	178	264	3.092365
0	178	30	3.061471
0	178	270	3.025292
0	178	61	2.984775
0	178	8	2.983855
0	178	119	2.898218
0	178	112	2.835398
0	178	3	2.736143
0	178	63	2.708802
0	178	267	2.646283
0	178	265	2.629318
0	178	231	2.575283
0	178	271	2.516074
0	178	14	2.225167
0	178	115	2.103988
0	178	51	2.067702
0	178	268	1.555327
0	178	263	1.210735
0	178	269	1.195275
0	178	266	0.968846
0	178	16	0.618704
0	178	58	0.448728
0	178	255	-0.379629
0	178	272	-0.649781
0	178	278	-1.004813
0	178	17	-1.635817
0	178	18	-2.637807
0	178	280	-3.265339
0	178	13	-3.717648
0	178	11	-3.924190
0	178	277	-4.609854
0	178	109	-4.945514
0	179	116	3.627055
0	179	3	3.455745
0	179	61	3.340749
0	179	51	3.184062
0	179	8	2.849535
0	179	63	2.818969
0	179	270	2.389535
0	179	112	2.379435
0	179	113	1.457322
0	179	119	1.420701
0	179	264	0.796110
0	179	271	0.746248
0	179	267	0.512417
0	179	244	0.382177
0	179	16	0.239602
0	179	263	0.087078
0	179	269	-0.482634
0	179	265	-0.649324
0	179	183	-1.683285
0	179	58	-1.929224
0	179	14	-1.940372
0	179	30	-2.036011
0	179	268	-2.087654
0	179	115	-2.489228
0	179	231	-2.843157
0	179	255	-3.938697
0	179	11	-4.659817
0	179	280	-4.675522
0	179	278	-4.682940
0	179	13	-4.824454
0	179	272	-4.865339
0	179	17	-4.973169
0	179	109	-4.977278
0	179	18	-5.018898
0	179	277	-5.051665
0	179	266	-5.210367
0	180	263	3.469794
0	180	183	3.467054
0	180	30	3.335214
0	180	119	3.275052
0	180	270	3.165347
0	180	269	3.152699
0	180	8	2.963219
0	180	11	2.955409
0	180	244	2.890812
0	180	264	2.823910
0	180	116	2.694153
0	180	231	2.633118
0	180	271	2.265885
0	180	3	2.130349
0	180	112	1.974083
0	180	266	1.778771
0	180	14	1.442642
0	180	115	1.230594
0	180	277	0.540926
0	180	61	0.461508
0	180	267	-0.131877
0	180	255	-0.247380
0	180	63	-0.556680
0	180	272	-0.669667
0	180	265	-1.601476
0	180	51	-1.757160
0	180	268	-2.084674
0	180	113	-3.084431
0	180	278	-3.311500
0	180	58	-4.061129
0	180	280	-4.131485
0	180	17	-4.494844
0	180	13	-4.529257
0	180	109	-4.544239
0	180	18	-4.870919
0	180	16	-5.076576
0	181	116	3.309743
0	181	183	3.124165
0	181	61	3.043146
0	181	119	2.848805
0	181	3	2.507161
0	181	264	2.356807
0	181	270	2.218289
0	181	244	2.017441
0	181	112	1.701484
0	181	265	0.506592
0	181	51	-0.213803
0	181	263	-0.242513
0	181	63	-0.455724
0	181	271	-0.719841
0	181	8	-0.920788
0	181	231	-0.937726
0	181	113	-1.365281
0	181	267	-1.872876
0	181	30	-2.270880
0	181	268	-2.432464
0	181	14	-2.611437
0	181	16	-3.010580
0	181	269	-3.349183
0	181	58	-3.424933
0	181	115	-4.094353
0	181	272	-4.147805
0	181	11	-4.236136
0	181	13	-4.387670
0	181	278	-4.459638
0	181	280	-4.461227
0	181	17	-4.563004
0	181	18	-4.598607
0	181	109	-4.617695
0	181	266	-4.622412
0	181	255	-4.779694
0	181	277	-4.893454
0	182	3	3.161002
0	182	61	2.921980
0	182	112	2.885273
0	182	183	2.878994
0	182	8	2.617502
0	182	119	2.571032
0	182	270	2.441633
0	182	113	2.293942
0	182	63	2.201261
0	182	264	2.118907
0	182	18	2.059760
0	182	280	2.002317
0	182	51	1.949583
0	182	271	1.901579
0	182	14	1.674663
0	182	244	1.661540
0	182	268	1.199262
0	182	116	1.120889
0	182	16	0.832920
0	182	267	0.177801
0	182	265	0.127284
0	182	58	-0.106178
0	182	231	-0.401538
0	182	263	-0.802638
0	182	30	-1.177068
0	182	266	-1.192791
0	182	269	-1.306992
0	182	278	-1.944963
0	182	17	-3.131721
0	182	13	-4.115476
0	182	115	-4.362262
0	182	277	-4.520285
0	182	109	-4.577747
0	182	272	-4.702723
0	182	11	-4.801518
0	182	255	-5.152442
0	183	275	4.344255
0	183	276	4.303695
0	183	283	4.145362
0	183	290	4.118774
0	183	279	4.074913
0	183	267	4.063260
0	183	291	4.059023
0	183	273	4.042547
0	183	183	4.041588
0	183	116	4.021962
0	183	113	3.956962
0	183	285	3.688956
0	183	14	3.550366
0	183	274	3.543202
0	183	264	3.494079
0	183	294	3.350543
0	183	61	3.348368
0	183	231	3.262554
0	183	3	3.177527
0	183	63	3.151770
0	183	295	3.086562
0	183	282	2.785136
0	183	278	2.782742
0	183	244	2.761803
0	183	119	2.748005
0	183	289	2.616805
0	183	112	2.497208
0	183	271	2.435205
0	183	30	2.333532
0	183	270	2.123306
0	183	287	1.950484
0	183	263	1.652917
0	183	51	1.562065
0	183	292	0.661095
0	183	58	0.327095
0	183	288	-0.517897
0	183	268	-1.593531
0	183	18	-2.073682
0	183	286	-3.753566
0	183	115	-4.351036
0	183	272	-4.444086
0	183	284	-4.815749
0	183	280	-4.824208
0	183	293	-5.088042
0	183	281	-5.326756
0	184	244	3.477380
0	184	116	3.472231
0	184	270	3.417184
0	184	11	3.255157
0	184	266	3.041424
0	184	112	2.995836
0	184	3	2.824498
0	184	61	2.639376
0	184	263	2.555124
0	184	183	2.492090
0	184	277	2.449305
0	184	8	2.397987
0	184	271	1.396309
0	184	51	1.290941
0	184	63	1.243602
0	184	231	1.154372
0	184	119	0.769196
0	184	264	0.715468
0	184	115	0.104020
0	184	267	-0.519676
0	184	269	-0.570053
0	184	30	-0.727543
0	184	268	-1.089289
0	184	14	-1.727133
0	184	255	-2.069417
0	184	265	-2.365999
0	184	13	-3.752114
0	184	109	-4.707996
0	184	280	-4.764293
0	184	17	-4.781591
0	184	58	-4.787381
0	184	278	-4.794561
0	184	272	-4.797071
0	184	18	-4.909726
0	184	113	-4.961611
0	184	16	-5.027438
0	185	183	3.771030
0	185	265	3.652351
0	185	270	3.583730
0	185	30	3.575123
0	185	8	3.514821
0	185	231	3.380377
0	185	61	3.171011
0	185	271	2.996629
0	185	119	2.944681
0	185	244	2.920895
0	185	3	2.877169
0	185	264	2.847015
0	185	112	2.768702
0	185	263	2.646387
0	185	272	2.625714
0	185	116	2.603421
0	185	269	2.376373
0	185	63	2.200155
0	185	11	1.854414
0	185	51	1.634893
0	185	14	1.227605
0	185	267	1.090946
0	185	278	0.844261
0	185	113	-0.463460
0	185	266	-0.695823
0	185	255	-1.374304
0	185	115	-1.483955
0	185	268	-1.876023
0	185	16	-2.020385
0	185	18	-2.552071
0	185	58	-2.652655
0	185	280	-4.056864
0	185	277	-4.526501
0	185	109	-4.569273
0	185	17	-4.825387
0	185	13	-5.036345
0	186	61	3.766545
0	186	183	3.746684
0	186	270	3.713862
0	186	269	3.622743
0	186	116	3.567594
0	186	263	3.391045
0	186	265	3.283174
0	186	119	3.226702
0	186	112	3.201590
0	186	244	3.090788
0	186	271	3.065243
0	186	3	3.032312
0	186	30	2.532604
0	186	8	2.436000
0	186	51	2.213063
0	186	113	1.991369
0	186	63	1.581932
0	186	264	1.571392
0	186	18	0.328114
0	186	267	0.020262
0	186	266	-2.162737
0	186	14	-2.205604
0	186	16	-2.809205
0	186	231	-3.005636
0	186	268	-3.197633
0	186	115	-4.074244
0	186	11	-4.221930
0	186	58	-4.520448
0	186	272	-4.540851
0	186	280	-4.556391
0	186	17	-4.579744
0	186	109	-4.585010
0	186	13	-4.853848
0	186	255	-4.960920
0	186	277	-4.976979
0	186	278	-5.005651
