0	1	1	9.881893
0	1	14	9.550942
0	1	2	9.258017
0	1	15	8.935658
0	1	5	8.780742
0	1	9	7.967741
0	1	6	6.947059
0	1	8	6.943646
0	1	18	6.851001
0	1	0	6.778897
0	1	3	6.475821
0	1	13	6.331009
0	1	10	4.544197
0	1	11	3.027463
0	1	19	1.229221
0	1	7	1.144215
0	1	4	-0.578800
0	1	16	-1.610603
0	1	12	-2.270790
0	1	17	-2.520810
0	2	9	10.242725
0	2	1	10.083442
0	2	14	9.863018
0	2	2	9.715704
0	2	5	9.498388
0	2	15	9.104708
0	2	3	8.978805
0	2	11	7.781543
0	2	8	4.632197
0	2	10	2.512150
0	2	0	2.069974
0	2	4	1.269816
0	2	13	0.615509
0	2	6	-1.484633
0	2	7	-1.792079
0	2	18	-2.003915
0	2	12	-2.252455
0	2	19	-2.342207
0	2	16	-2.441704
0	2	17	-2.578133
0	3	1	9.979265
0	3	9	9.977153
0	3	15	9.474108
0	3	14	9.253571
0	3	5	9.245448
0	3	2	8.881036
0	3	10	8.339185
0	3	3	8.128538
0	3	0	7.576714
0	3	6	6.722212
0	3	4	6.243008
0	3	11	4.595381
0	3	13	3.482929
0	3	7	1.804718
0	3	8	1.611766
0	3	17	1.016011
0	3	12	0.540437
0	3	19	-0.289572
0	3	18	-0.890191
0	3	16	-1.652591
0	14	14	9.131696
0	14	43	8.803976
0	14	45	8.308011
0	14	21	7.890507
0	14	42	6.588161
0	14	3	6.398536
0	14	37	6.130741
0	14	23	4.568614
0	14	28	4.029491
0	14	25	3.879835
0	14	22	3.826770
0	14	63	3.643022
0	14	20	3.492697
0	14	27	3.473834
0	14	65	3.239333
0	14	46	2.446535
0	14	31	1.860862
0	14	40	1.790454
0	14	26	1.498319
0	14	39	1.358946
0	14	38	0.887658
0	14	29	0.378414
0	14	58	0.141996
0	14	48	0.137033
0	14	51	-0.128697
0	14	62	-0.291219
0	14	24	-0.411466
0	14	57	-0.513839
0	14	54	-0.830151
0	14	32	-0.914037
0	14	36	-1.061305
0	14	79	-1.068493
0	14	72	-1.249064
0	14	61	-1.257804
0	14	69	-1.278205
0	14	56	-1.464512
0	14	41	-1.578883
0	14	33	-1.968516
0	14	85	-2.081853
0	14	11	-2.096836
0	14	52	-2.147158
0	14	18	-2.148314
0	14	30	-2.171991
0	14	53	-2.199519
0	14	74	-2.199686
0	14	71	-2.218426
0	14	47	-2.231346
0	14	76	-2.263924
0	14	49	-2.267981
0	14	8	-2.297008
0	14	44	-2.331938
0	14	50	-2.353998
0	14	34	-2.356512
0	14	70	-2.364784
0	14	77	-2.375750
0	14	16	-2.377035
0	14	64	-2.442606
0	14	55	-2.459710
0	14	35	-2.475002
0	14	73	-2.503201
0	14	78	-2.508560
0	14	66	-2.537038
0	14	75	-2.575304
0	15	14	9.112799
0	15	37	7.574065
0	15	42	7.511478
0	15	43	7.379711
0	15	45	7.260072
0	15	22	6.959806
0	15	21	6.601704
0	15	23	6.261599
0	15	63	6.138984
0	15	3	6.017424
0	15	25	5.532210
0	15	51	4.549405
0	15	20	4.253275
0	15	28	4.243617
0	15	46	3.530817
0	15	62	3.434278
0	15	58	3.263710
0	15	26	2.791420
0	15	39	2.548645
0	15	65	2.383000
0	15	48	2.311434
0	15	27	1.498457
0	15	31	0.832189
0	15	64	0.673657
0	15	32	0.594200
0	15	61	0.582364
0	15	38	0.389481
0	15	57	0.301063
0	15	56	0.201156
0	15	40	0.156903
0	15	50	0.123952
0	15	36	0.094627
0	15	29	0.041709
0	15	69	-0.097713
0	15	72	-0.521294
0	15	74	-0.609838
0	15	54	-0.972847
0	15	79	-1.268370
0	15	33	-1.298800
0	15	18	-1.484485
0	15	52	-1.549374
0	15	53	-1.684574
0	15	24	-1.708212
0	15	30	-1.940874
0	15	8	-1.954283
0	15	47	-2.011256
0	15	70	-2.154658
0	15	71	-2.170496
0	15	76	-2.170588
0	15	41	-2.208545
0	15	11	-2.246430
0	15	77	-2.314230
0	15	75	-2.342376
0	15	85	-2.349162
0	15	66	-2.350905
0	15	73	-2.358784
0	15	78	-2.369135
0	15	35	-2.369525
0	15	44	-2.373706
0	15	49	-2.377820
0	15	34	-2.443246
0	15	16	-2.446315
0	15	55	-2.502731
0	16	22	9.426452
0	16	25	9.032067
0	16	63	8.904907
0	16	43	8.840725
0	16	56	8.648282
0	16	26	7.927817
0	16	51	7.582516
0	16	45	7.561554
0	16	58	7.555013
0	16	54	7.387442
0	16	42	7.019169
0	16	21	6.760375
0	16	14	6.749914
0	16	37	6.556351
0	16	32	6.511105
0	16	61	5.672282
0	16	52	5.521281
0	16	3	5.337834
0	16	28	5.057621
0	16	53	3.116432
0	16	20	2.903844
0	16	62	1.780653
0	16	48	1.741186
0	16	27	1.704032
0	16	29	1.254638
0	16	38	0.716645
0	16	46	0.679419
0	16	31	0.644145
0	16	47	0.407782
0	16	40	-0.336332
0	16	50	-0.786366
0	16	72	-0.830725
0	16	11	-1.007974
0	16	49	-1.157335
0	16	23	-1.162230
0	16	71	-1.246787
0	16	77	-1.382275
0	16	55	-1.538651
0	16	76	-1.587002
0	16	73	-1.661143
0	16	79	-1.696262
0	16	75	-1.701077
0	16	30	-1.710754
0	16	70	-1.723374
0	16	36	-1.744766
0	16	65	-1.755634
0	16	44	-1.772150
0	16	8	-1.783003
0	16	18	-1.895998
0	16	66	-1.982887
0	16	33	-2.111639
0	16	57	-2.196298
0	16	39	-2.217669
0	16	35	-2.332684
0	16	34	-2.333992
0	16	64	-2.335355
0	16	78	-2.394636
0	16	24	-2.438661
0	16	74	-2.474985
0	16	69	-2.494107
0	16	85	-2.520712
0	16	41	-2.543338
0	16	16	-2.578038
0	19	37	8.021585
0	19	65	7.432265
0	19	46	7.192882
0	19	3	7.096851
0	19	43	6.798590
0	19	14	6.531822
0	19	21	6.129092
0	19	45	6.126166
0	19	42	5.962694
0	19	63	5.540504
0	19	22	5.372647
0	19	25	5.269450
0	19	23	4.112051
0	19	20	3.925716
0	19	40	3.606026
0	19	61	3.534056
0	19	29	3.264025
0	19	38	2.974843
0	19	26	2.656494
0	19	58	2.437616
0	19	27	2.336135
0	19	51	2.241193
0	19	31	1.822852
0	19	62	1.429789
0	19	28	1.196906
0	19	39	0.516907
0	19	57	-0.226126
0	19	85	-0.748226
0	19	48	-0.914102
0	19	24	-0.935178
0	19	56	-0.936747
0	19	32	-1.020903
0	19	11	-1.126949
0	19	69	-1.270002
0	19	36	-1.273200
0	19	72	-1.380166
0	19	41	-1.412820
0	19	33	-1.430123
0	19	52	-1.499182
0	19	18	-1.519692
0	19	54	-1.525005
0	19	77	-1.910411
0	19	71	-1.926333
0	19	47	-1.940043
0	19	76	-1.942185
0	19	79	-1.950785
0	19	8	-1.952303
0	19	44	-1.966902
0	19	53	-1.971896
0	19	70	-1.975311
0	19	55	-1.990551
0	19	75	-2.083006
0	19	50	-2.104130
0	19	34	-2.111736
0	19	30	-2.155659
0	19	73	-2.157283
0	19	64	-2.161985
0	19	74	-2.197429
0	19	78	-2.232902
0	19	35	-2.295901
0	19	66	-2.308314
0	19	49	-2.443926
0	19	16	-2.492470
0	22	42	9.512250
0	22	43	9.112995
0	22	58	8.917343
0	22	26	8.303247
0	22	37	8.146884
0	22	63	8.127886
0	22	46	7.571220
0	22	22	7.264919
0	22	14	6.973543
0	22	32	6.902669
0	22	53	6.384700
0	22	21	6.197133
0	22	25	5.407150
0	22	54	4.761501
0	22	20	4.508214
0	22	52	4.346420
0	22	23	4.209115
0	22	51	4.121389
0	22	28	4.064303
0	22	61	3.973624
0	22	3	3.656562
0	22	45	2.685394
0	22	38	2.523528
0	22	62	2.440717
0	22	39	2.271724
0	22	56	1.964470
0	22	40	1.575243
0	22	27	0.893805
0	22	50	0.752157
0	22	36	0.717780
0	22	31	0.380550
0	22	78	0.354683
0	22	29	0.167683
0	22	65	-0.177357
0	22	48	-0.831801
0	22	79	-1.283314
0	22	18	-1.323256
0	22	24	-1.340695
0	22	33	-1.472634
0	22	47	-1.701624
0	22	70	-1.814643
0	22	74	-1.928910
0	22	76	-1.933902
0	22	34	-1.944639
0	22	72	-1.992527
0	22	11	-2.000187
0	22	8	-2.005799
0	22	69	-2.017832
0	22	49	-2.033119
0	22	30	-2.039867
0	22	71	-2.071227
0	22	85	-2.149807
0	22	57	-2.159643
0	22	41	-2.250735
0	22	77	-2.281450
0	22	44	-2.299966
0	22	35	-2.312398
0	22	75	-2.314489
0	22	16	-2.329695
0	22	55	-2.336605
0	22	66	-2.442878
0	22	73	-2.470793
0	22	64	-2.489247
0	43	14	10.705017
0	43	89	10.506633
0	43	3	10.226690
0	43	90	10.224559
0	43	61	9.101479
0	43	94	9.080371
0	43	63	8.941490
0	43	106	8.101450
0	43	105	7.227194
0	43	15	6.887402
0	43	92	6.794506
0	43	99	5.888057
0	43	91	5.827222
0	43	26	3.941297
0	43	86	3.643012
0	43	95	2.961750
0	43	98	2.803169
0	43	87	2.130733
0	43	88	0.598297
0	43	58	0.148041
0	43	8	-0.194843
0	43	108	-0.579830
0	43	11	-0.653550
0	43	13	-1.015916
0	43	69	-1.479395
0	43	107	-1.703874
0	43	18	-1.866447
0	43	93	-1.876507
0	43	17	-1.987804
0	43	100	-2.077205
0	43	110	-2.209107
0	43	52	-2.270946
0	43	109	-2.380759
0	43	96	-2.381332
0	43	97	-2.448903
0	43	103	-2.475767
0	43	85	-2.498445
0	44	15	9.839517
0	44	14	9.694253
0	44	89	9.367247
0	44	63	9.295706
0	44	90	8.954601
0	44	93	8.694646
0	44	94	8.037127
0	44	95	7.968400
0	44	97	7.928366
0	44	58	7.789155
0	44	3	7.773302
0	44	106	7.692574
0	44	100	7.319388
0	44	61	6.679231
0	44	26	6.202327
0	44	99	6.171531
0	44	96	6.105365
0	44	108	6.065550
0	44	98	5.802819
0	44	91	5.496053
0	44	110	5.462017
0	44	11	5.319732
0	44	69	5.030600
0	44	87	4.841986
0	44	52	4.320462
0	44	86	3.596682
0	44	105	3.079687
0	44	92	2.795410
0	44	88	2.459734
0	44	107	1.360851
0	44	8	0.769189
0	44	18	0.193141
0	44	109	0.062275
0	44	13	-0.315778
0	44	85	-0.980042
0	44	17	-1.118141
0	44	103	-1.772861
0	54	14	10.162069
0	54	3	5.655170
0	54	8	3.707442
0	54	11	2.311316
0	54	13	1.649571
0	54	7	-0.854595
0	54	18	-1.508452
0	54	16	-2.296172
0	54	111	-2.437156
0	54	17	-2.437860
0	57	14	9.644114
0	57	3	9.422859
0	57	13	4.854840
0	57	8	3.872015
0	57	18	2.974184
0	57	11	-1.336545
0	57	16	-1.463279
0	57	7	-1.839583
0	57	111	-2.181895
0	57	17	-2.198931
0	58	13	5.223094
0	58	8	3.048866
0	58	18	2.920506
0	58	14	1.889259
0	58	11	1.082453
0	58	7	0.609446
0	58	3	0.204225
0	58	111	-1.234960
0	58	16	-1.622750
0	58	17	-1.828071
0	73	158	10.746930
0	73	132	10.630618
0	73	157	10.595776
0	73	153	10.468740
0	73	159	10.408435
0	73	151	10.362667
0	73	137	10.355282
0	73	154	10.243117
0	73	163	10.152885
0	73	150	10.060157
0	73	149	10.042468
0	73	169	9.937775
0	73	11	9.776461
0	73	152	9.739263
0	73	148	9.521565
0	73	170	9.375051
0	73	161	9.247219
0	73	168	8.774100
0	73	13	8.096009
0	73	160	7.935256
0	73	156	7.885429
0	73	162	7.648326
0	73	8	6.666855
0	73	14	5.860645
0	73	155	2.542855
0	73	3	-0.060732
0	73	18	-1.207242
0	73	145	-1.595076
0	73	147	-1.605281
0	73	146	-2.083514
0	73	17	-2.501535
0	73	16	-2.524469
0	74	158	10.989941
0	74	132	10.983125
0	74	159	10.817817
0	74	157	10.811588
0	74	163	10.639751
0	74	169	10.557133
0	74	151	10.554031
0	74	11	10.546880
0	74	149	10.530996
0	74	153	10.488207
0	74	14	10.426961
0	74	161	10.299873
0	74	150	10.299085
0	74	154	10.251347
0	74	152	9.931890
0	74	160	9.706299
0	74	137	9.593680
0	74	170	9.293065
0	74	148	9.008995
0	74	3	8.728743
0	74	155	7.429107
0	74	162	6.520293
0	74	168	4.446025
0	74	13	4.192971
0	74	8	0.544372
0	74	156	-0.682359
0	74	147	-1.741123
0	74	18	-1.781688
0	74	145	-1.959610
0	74	17	-2.181141
0	74	146	-2.224179
0	74	16	-2.475502
0	75	137	9.396264
0	75	14	9.261817
0	75	132	9.161536
0	75	128	8.918538
0	75	11	8.909647
0	75	165	8.842569
0	75	166	8.619150
0	75	171	8.388989
0	75	167	8.251290
0	75	13	8.095064
0	75	160	7.848087
0	75	8	6.954189
0	75	3	5.165033
0	75	164	4.402192
0	75	147	-0.039417
0	75	145	-0.810603
0	75	18	-1.240105
0	75	16	-1.766000
0	75	146	-2.345741
0	75	17	-2.351038
0	77	137	10.350885
0	77	14	10.230448
0	77	166	9.997887
0	77	132	9.859168
0	77	165	9.763315
0	77	128	9.382659
0	77	18	9.361477
0	77	3	9.078314
0	77	13	9.055411
0	77	145	8.853621
0	77	11	8.823858
0	77	8	8.673895
0	77	160	7.876451
0	77	167	5.905762
0	77	171	5.793763
0	77	164	3.678657
0	77	147	0.577253
0	77	17	-0.651640
0	77	146	-1.204782
0	77	16	-1.845634
0	94	14	10.997154
0	94	116	10.931194
0	94	188	10.391753
0	94	201	10.140935
0	94	15	9.922932
0	94	113	9.496324
0	94	200	9.475080
0	94	51	9.217334
0	94	99	9.136975
0	94	193	8.968552
0	94	190	8.722010
0	94	63	8.322681
0	94	199	6.665025
0	94	3	6.508980
0	94	207	5.192662
0	94	210	5.159860
0	94	217	5.122775
0	94	16	3.758604
0	94	204	1.926553
0	94	195	1.903999
0	94	206	1.207135
0	94	194	1.022936
0	94	209	0.744258
0	94	8	0.450471
0	94	192	-0.140631
0	94	13	-0.152222
0	94	198	-0.306253
0	94	126	-0.504774
0	94	205	-0.583028
0	94	196	-0.706405
0	94	122	-0.826555
0	94	18	-0.890265
0	94	191	-0.962273
0	94	212	-1.449508
0	94	203	-1.672100
0	94	189	-1.704135
0	94	202	-2.012379
0	94	17	-2.396456
0	94	208	-2.455070
0	94	187	-2.494763
0	94	109	-2.602325
0	94	197	-2.644202
0	95	201	9.931952
0	95	116	9.248977
0	95	15	9.142634
0	95	199	8.882177
0	95	14	8.405822
0	95	217	8.032888
0	95	198	7.636522
0	95	18	7.387445
0	95	193	7.248825
0	95	190	6.626994
0	95	63	6.268545
0	95	200	6.156815
0	95	17	5.575778
0	95	204	5.127361
0	95	13	4.845558
0	95	122	4.783644
0	95	207	4.752968
0	95	188	4.635302
0	95	3	3.672225
0	95	196	3.593355
0	95	203	2.843063
0	95	206	2.796003
0	95	195	2.520064
0	95	210	2.434121
0	95	209	2.350344
0	95	187	1.649406
0	95	189	1.479253
0	95	191	1.322843
0	95	51	1.114963
0	95	8	1.094685
0	95	99	0.988731
0	95	194	0.972978
0	95	16	0.380701
0	95	113	-0.286260
0	95	208	-0.868980
0	95	192	-1.153301
0	95	202	-1.335798
0	95	205	-1.970093
0	95	109	-2.002785
0	95	126	-2.178589
0	95	197	-2.540841
0	95	212	-2.556790
0	96	116	9.959035
0	96	201	9.939973
0	96	193	9.609610
0	96	15	9.555817
0	96	188	9.455611
0	96	14	9.261757
0	96	190	9.094440
0	96	3	9.021449
0	96	63	8.724066
0	96	199	8.712787
0	96	207	8.201992
0	96	51	6.545901
0	96	210	5.949800
0	96	99	5.265216
0	96	200	5.089597
0	96	122	4.283597
0	96	206	3.555912
0	96	204	1.346720
0	96	194	0.304668
0	96	192	-0.099896
0	96	8	-0.333319
0	96	196	-0.601865
0	96	198	-0.624878
0	96	113	-0.812852
0	96	217	-0.985140
0	96	18	-1.049115
0	96	17	-1.157133
0	96	203	-1.637235
0	96	205	-1.778204
0	96	191	-2.092698
0	96	16	-2.179151
0	96	126	-2.183813
0	96	212	-2.196071
0	96	195	-2.326203
0	96	209	-2.339366
0	96	187	-2.432050
0	96	208	-2.496855
0	96	13	-2.498631
0	96	189	-2.508431
0	96	202	-2.521005
0	96	197	-2.556824
0	96	109	-2.594858
0	99	15	9.734365
0	99	193	9.245104
0	99	190	8.950183
0	99	51	8.649966
0	99	3	8.502429
0	99	188	8.332205
0	99	211	8.316252
0	99	200	7.930772
0	99	99	7.914041
0	99	63	7.872967
0	99	206	7.472560
0	99	201	6.892272
0	99	207	6.571032
0	99	14	6.467004
0	99	196	4.291392
0	99	113	4.045839
0	99	199	3.168310
0	99	122	3.034055
0	99	194	1.379537
0	99	212	-0.187490
0	99	18	-0.219290
0	99	198	-0.644852
0	99	116	-0.726529
0	99	217	-0.767530
0	99	210	-0.968615
0	99	195	-0.980758
0	99	204	-1.239677
0	99	209	-1.244689
0	99	126	-1.782409
0	99	8	-1.887110
0	99	192	-1.889123
0	99	16	-1.911036
0	99	202	-2.041422
0	99	189	-2.067428
0	99	197	-2.241807
0	99	13	-2.270283
0	99	109	-2.289388
0	99	205	-2.329286
0	99	191	-2.423151
0	99	203	-2.453928
0	100	190	9.017097
0	100	51	8.966961
0	100	188	8.919038
0	100	63	8.746404
0	100	15	8.660250
0	100	201	8.488788
0	100	193	8.413220
0	100	200	8.048108
0	100	206	7.780265
0	100	3	7.488318
0	100	99	7.005357
0	100	14	6.865250
0	100	207	6.221645
0	100	211	6.178508
0	100	196	3.202900
0	100	199	2.962342
0	100	113	2.640865
0	100	194	2.050528
0	100	122	0.930961
0	100	116	0.174518
0	100	209	-0.014269
0	100	195	-0.235690
0	100	18	-0.777033
0	100	126	-0.801402
0	100	204	-1.382961
0	100	212	-1.434397
0	100	8	-1.456485
0	100	13	-1.697990
0	100	189	-1.789861
0	100	203	-1.802706
0	100	109	-1.884005
0	100	191	-1.947967
0	100	217	-2.098943
0	100	210	-2.127218
0	100	198	-2.163803
0	100	197	-2.221100
0	100	192	-2.294204
0	100	202	-2.323558
0	100	205	-2.334349
0	100	16	-2.441157
0	123	201	10.850685
0	123	228	10.000896
0	123	199	9.263214
0	123	3	8.855870
0	123	225	8.751927
0	123	229	8.746965
0	123	190	8.736508
0	123	235	8.601747
0	123	14	8.589001
0	123	224	7.766881
0	123	232	7.537015
0	123	239	7.353092
0	123	51	7.176227
0	123	227	7.096829
0	123	241	6.896287
0	123	188	6.508154
0	123	243	6.000390
0	123	207	5.355803
0	123	221	5.121076
0	123	18	4.882710
0	123	230	3.645992
0	123	196	3.546443
0	123	242	3.035431
0	123	96	2.819806
0	123	245	2.664327
0	123	223	2.420218
0	123	233	2.034197
0	123	246	1.346676
0	123	198	1.233117
0	123	99	1.037819
0	123	217	0.870749
0	123	210	0.504719
0	123	240	0.062124
0	123	244	-0.297777
0	123	8	-0.364089
0	123	222	-0.463144
0	123	237	-0.971314
0	123	247	-1.211446
0	123	122	-1.233766
0	123	16	-1.386792
0	123	238	-1.464282
0	123	11	-1.518943
0	123	226	-1.590896
0	123	187	-1.941468
0	123	234	-2.032093
0	123	116	-2.043559
0	123	231	-2.345747
0	123	236	-2.379484
0	123	191	-2.518500
0	123	208	-2.548715
0	123	197	-2.555039
0	124	201	9.622370
0	124	228	9.600662
0	124	232	8.861737
0	124	14	8.447334
0	124	207	7.601306
0	124	188	7.256378
0	124	224	7.156071
0	124	225	7.041978
0	124	3	6.941146
0	124	233	6.338532
0	124	235	6.222120
0	124	199	6.046760
0	124	51	5.513635
0	124	229	5.365433
0	124	221	4.600313
0	124	240	2.437110
0	124	244	2.067512
0	124	236	2.030722
0	124	190	1.865060
0	124	227	1.613829
0	124	238	1.569539
0	124	8	1.556865
0	124	210	1.110849
0	124	187	1.074516
0	124	241	0.496776
0	124	11	-0.423878
0	124	122	-0.468907
0	124	243	-0.577653
0	124	223	-0.752095
0	124	99	-1.025374
0	124	196	-1.219644
0	124	245	-1.220990
0	124	208	-1.403839
0	124	191	-1.441494
0	124	242	-1.693104
0	124	18	-1.857361
0	124	217	-1.899202
0	124	247	-2.078161
0	124	222	-2.091941
0	124	246	-2.254207
0	124	226	-2.288365
0	124	237	-2.296661
0	124	16	-2.303368
0	124	239	-2.337296
0	124	234	-2.350798
0	124	230	-2.418503
0	124	116	-2.429522
0	124	231	-2.471510
0	124	96	-2.506588
0	124	198	-2.506764
0	124	197	-2.634194
0	125	201	10.266180
0	125	228	10.129630
0	125	229	9.858337
0	125	224	9.641242
0	125	232	9.597451
0	125	207	8.764258
0	125	190	8.604872
0	125	3	8.241682
0	125	233	7.690461
0	125	235	7.383267
0	125	221	7.314677
0	125	14	6.874071
0	125	227	6.774035
0	125	51	6.259830
0	125	244	6.098571
0	125	188	5.990829
0	125	241	5.382216
0	125	243	5.347525
0	125	210	4.895767
0	125	225	4.400933
0	125	8	4.183225
0	125	222	3.786451
0	125	239	3.417432
0	125	240	2.819987
0	125	199	2.435808
0	125	245	1.967703
0	125	196	1.659970
0	125	96	1.487512
0	125	230	1.247526
0	125	99	1.235302
0	125	246	1.115737
0	125	236	0.457841
0	125	18	0.273860
0	125	122	-0.097527
0	125	223	-0.125835
0	125	11	-0.264947
0	125	238	-0.586537
0	125	198	-0.672393
0	125	242	-1.061957
0	125	226	-1.764863
0	125	116	-1.812569
0	125	247	-1.957642
0	125	208	-2.015193
0	125	234	-2.097142
0	125	191	-2.129809
0	125	237	-2.132019
0	125	217	-2.254279
0	125	16	-2.308628
0	125	187	-2.390066
0	125	231	-2.455185
0	125	197	-2.558643
0	126	228	9.658463
0	126	229	9.522262
0	126	14	9.180861
0	126	201	9.061001
0	126	232	8.784103
0	126	207	8.441117
0	126	188	8.233524
0	126	190	7.965539
0	126	222	7.791955
0	126	227	7.666281
0	126	245	7.629960
0	126	233	7.433733
0	126	221	7.334418
0	126	244	7.278909
0	126	239	6.926213
0	126	235	6.281564
0	126	3	6.206478
0	126	226	6.088369
0	126	51	6.017381
0	126	224	5.867907
0	126	240	5.246644
0	126	225	5.081717
0	126	196	4.380204
0	126	238	4.291955
0	126	223	3.949068
0	126	236	3.579427
0	126	241	3.460471
0	126	199	3.321503
0	126	217	3.110684
0	126	116	3.105318
0	126	122	2.948353
0	126	246	2.313633
0	126	210	2.057757
0	126	11	1.536614
0	126	99	0.822039
0	126	243	0.748483
0	126	198	0.469448
0	126	18	0.298062
0	126	242	-0.113143
0	126	187	-0.537369
0	126	8	-1.547295
0	126	96	-1.759204
0	126	230	-1.923573
0	126	191	-2.284576
0	126	247	-2.308730
0	126	208	-2.383554
0	126	237	-2.388243
0	126	16	-2.468301
0	126	234	-2.552257
0	126	231	-2.556984
0	126	197	-2.579847
0	127	228	9.959999
0	127	207	9.948316
0	127	232	9.704647
0	127	3	9.558725
0	127	188	9.417660
0	127	229	9.277691
0	127	51	8.795059
0	127	201	8.788506
0	127	190	8.080453
0	127	224	8.005567
0	127	230	7.954967
0	127	14	6.682332
0	127	221	6.141155
0	127	241	5.595564
0	127	238	4.951264
0	127	242	3.577205
0	127	233	1.800006
0	127	99	1.793098
0	127	225	1.749556
0	127	199	0.509353
0	127	122	0.438439
0	127	227	0.271448
0	127	210	-0.167879
0	127	196	-0.272448
0	127	16	-0.635406
0	127	240	-0.794795
0	127	187	-0.801913
0	127	222	-0.990540
0	127	11	-1.012703
0	127	237	-1.043431
0	127	116	-1.121647
0	127	243	-1.218198
0	127	18	-1.770690
0	127	8	-1.838709
0	127	223	-1.926933
0	127	208	-1.932400
0	127	246	-2.035407
0	127	245	-2.090346
0	127	244	-2.141412
0	127	239	-2.164900
0	127	226	-2.169001
0	127	96	-2.274356
0	127	247	-2.277978
0	127	235	-2.291493
0	127	191	-2.295137
0	127	217	-2.303020
0	127	236	-2.325122
0	127	231	-2.345630
0	127	198	-2.396528
0	127	234	-2.478662
0	127	197	-2.481076
0	144	248	8.612103
0	144	14	8.596553
0	144	252	7.833939
0	144	201	7.508749
0	144	253	6.957751
0	144	3	6.872859
0	144	199	6.411930
0	144	200	5.533602
0	144	63	2.485567
0	144	254	2.473698
0	144	251	1.419172
0	144	18	1.037175
0	144	249	0.337680
0	144	257	-0.144650
0	144	258	-0.320539
0	144	17	-0.519061
0	144	8	-1.074773
0	144	250	-1.382565
0	144	16	-1.618183
0	144	110	-1.756341
0	144	11	-2.036982
0	144	113	-2.135669
0	144	187	-2.246077
0	144	256	-2.355954
0	144	255	-2.444216
0	144	208	-2.450423
0	144	109	-2.532759
0	144	191	-2.570347
0	144	13	-2.607654
0	145	14	10.061279
0	145	201	9.647380
0	145	253	9.547015
0	145	252	9.282575
0	145	18	9.005297
0	145	199	8.871585
0	145	248	8.776270
0	145	251	8.553326
0	145	257	7.069158
0	145	63	6.522098
0	145	110	5.984344
0	145	200	5.187629
0	145	8	5.034696
0	145	187	4.897225
0	145	255	4.736022
0	145	11	4.297845
0	145	3	3.749876
0	145	109	3.210105
0	145	249	2.319023
0	145	254	0.955850
0	145	250	0.768829
0	145	258	-0.108230
0	145	191	-1.736758
0	145	17	-1.893376
0	145	208	-1.948681
0	145	256	-2.157665
0	145	113	-2.358696
0	145	13	-2.389739
0	145	16	-2.425685
0	146	201	9.133338
0	146	199	8.205041
0	146	257	7.856233
0	146	14	7.475771
0	146	63	6.132852
0	146	253	5.681256
0	146	3	4.898839
0	146	248	4.835662
0	146	18	2.698006
0	146	252	1.280859
0	146	251	1.207051
0	146	200	0.477508
0	146	250	0.106824
0	146	8	-0.065431
0	146	256	-1.053367
0	146	258	-1.668745
0	146	249	-1.767683
0	146	11	-1.854531
0	146	110	-2.062131
0	146	16	-2.197292
0	146	254	-2.215588
0	146	187	-2.230002
0	146	208	-2.244460
0	146	255	-2.321064
0	146	13	-2.371096
0	146	113	-2.519709
0	146	191	-2.551700
0	146	109	-2.568370
0	146	17	-2.596925
0	147	201	10.099357
0	147	253	9.836879
0	147	199	9.735813
0	147	14	9.667212
0	147	257	9.642298
0	147	248	9.637622
0	147	63	8.999043
0	147	252	8.938618
0	147	200	7.742650
0	147	3	6.972224
0	147	251	6.709945
0	147	110	5.806819
0	147	254	5.648439
0	147	258	4.747602
0	147	255	4.058182
0	147	11	3.767977
0	147	8	1.452588
0	147	191	0.808898
0	147	256	0.320965
0	147	249	0.135067
0	147	109	-1.423935
0	147	18	-1.472387
0	147	16	-1.674484
0	147	187	-1.832106
0	147	250	-1.913930
0	147	17	-2.117833
0	147	13	-2.326546
0	147	113	-2.406380
0	147	208	-2.428211
0	148	199	8.126948
0	148	201	7.634355
0	148	63	7.361971
0	148	248	7.346579
0	148	252	7.305856
0	148	257	7.202570
0	148	3	6.449717
0	148	253	6.232874
0	148	14	5.594337
0	148	200	5.547676
0	148	258	2.132582
0	148	249	1.304258
0	148	254	1.191666
0	148	113	0.524601
0	148	18	-0.436162
0	148	251	-0.701006
0	148	250	-1.146222
0	148	255	-1.250930
0	148	17	-1.371353
0	148	256	-1.593059
0	148	16	-1.611453
0	148	8	-1.679519
0	148	110	-2.259881
0	148	11	-2.314065
0	148	187	-2.451320
0	148	13	-2.469137
0	148	191	-2.482424
0	148	208	-2.514557
0	148	109	-2.617650
0	150	201	10.693836
0	150	14	10.445418
0	150	253	10.272008
0	150	199	9.832073
0	150	251	9.537938
0	150	257	9.342596
0	150	63	9.339925
0	150	200	8.990377
0	150	252	8.657348
0	150	248	8.324569
0	150	249	7.451041
0	150	3	7.262963
0	150	8	5.803279
0	150	18	4.798550
0	150	258	4.061458
0	150	254	-0.862714
0	150	250	-1.037589
0	150	11	-1.193513
0	150	17	-1.443822
0	150	13	-1.468610
0	150	110	-1.564124
0	150	255	-2.142133
0	150	208	-2.163150
0	150	16	-2.188950
0	150	256	-2.189296
0	150	113	-2.369827
0	150	187	-2.403430
0	150	191	-2.446973
0	150	109	-2.467121
0	177	264	10.653938
0	177	183	10.643209
0	177	116	10.501337
0	177	270	10.396681
0	177	14	10.309683
0	177	263	10.295268
0	177	265	10.235883
0	177	244	10.196777
0	177	267	10.153852
0	177	30	9.757778
0	177	3	9.637012
0	177	63	9.443094
0	177	61	9.189507
0	177	112	9.068130
0	177	268	8.849509
0	177	266	6.448225
0	177	51	5.954299
0	177	119	5.625046
0	177	269	5.582185
0	177	271	5.473729
0	177	8	3.596596
0	177	231	2.124604
0	177	278	1.813137
0	177	115	1.051832
0	177	255	0.387915
0	177	58	0.201796
0	177	13	-1.013543
0	177	272	-1.084478
0	177	280	-1.340301
0	177	18	-1.647757
0	177	17	-1.714834
0	177	16	-1.897332
0	177	113	-1.940837
0	177	11	-2.104278
0	177	109	-2.318793
0	177	277	-2.445945
0	178	264	9.841250
0	178	270	8.679070
0	178	265	8.474587
0	178	183	8.190660
0	178	244	8.141422
0	178	3	8.056058
0	178	14	8.048975
0	178	116	6.343025
0	178	112	5.553670
0	178	61	5.452948
0	178	263	5.441567
0	178	63	5.335328
0	178	268	4.942411
0	178	267	4.238800
0	178	30	3.769118
0	178	51	3.060291
0	178	119	2.217041
0	178	266	2.177932
0	178	17	1.891704
0	178	271	1.103166
0	178	115	0.975224
0	178	58	0.272438
0	178	13	-0.148030
0	178	278	-0.607158
0	178	8	-0.659315
0	178	269	-1.284375
0	178	18	-1.444539
0	178	16	-1.690407
0	178	113	-1.846295
0	178	231	-1.865431
0	178	11	-2.055606
0	178	272	-2.080682
0	178	280	-2.375787
0	178	255	-2.385038
0	178	109	-2.417062
0	178	277	-2.586011
0	179	270	8.752945
0	179	244	8.204803
0	179	265	7.997396
0	179	263	7.704817
0	179	63	7.419036
0	179	183	7.270145
0	179	264	7.032908
0	179	112	7.009442
0	179	3	6.882795
0	179	14	6.209510
0	179	61	5.958214
0	179	51	5.401163
0	179	116	5.054556
0	179	267	4.243109
0	179	119	1.901535
0	179	268	1.669321
0	179	266	1.569567
0	179	30	0.797297
0	179	271	0.057988
0	179	269	-0.614356
0	179	255	-1.186969
0	179	8	-1.568135
0	179	13	-1.673268
0	179	11	-1.759771
0	179	115	-1.764077
0	179	17	-1.950997
0	179	231	-2.163440
0	179	18	-2.273784
0	179	58	-2.320325
0	179	272	-2.388974
0	179	278	-2.411515
0	179	16	-2.461566
0	179	113	-2.469427
0	179	109	-2.557162
0	179	280	-2.574022
0	179	277	-2.580285
0	180	263	9.491291
0	180	264	9.380595
0	180	270	9.238196
0	180	183	9.211375
0	180	14	8.769186
0	180	11	8.468925
0	180	244	8.444995
0	180	30	8.386964
0	180	268	8.339484
0	180	266	7.904494
0	180	115	7.678130
0	180	116	7.635396
0	180	269	6.682160
0	180	119	6.045411
0	180	3	5.363892
0	180	61	4.047585
0	180	13	3.703817
0	180	8	3.118845
0	180	267	2.890826
0	180	255	2.545778
0	180	265	2.063383
0	180	112	1.291252
0	180	63	1.039583
0	180	271	0.871549
0	180	109	-0.168903
0	180	272	-0.939638
0	180	277	-1.001141
0	180	51	-1.278014
0	180	231	-1.656105
0	180	278	-1.805446
0	180	18	-2.163582
0	180	58	-2.381707
0	180	17	-2.411253
0	180	113	-2.496905
0	180	280	-2.539371
0	180	16	-2.603882
0	181	183	10.378933
0	181	270	10.178033
0	181	265	10.101842
0	181	264	10.067616
0	181	116	9.627983
0	181	263	9.624770
0	181	244	8.893284
0	181	14	8.460111
0	181	3	7.918991
0	181	63	7.156318
0	181	112	6.906905
0	181	61	6.788727
0	181	268	6.110814
0	181	51	5.839420
0	181	30	5.766271
0	181	119	5.342959
0	181	267	5.307411
0	181	266	1.868069
0	181	271	1.275397
0	181	269	0.900576
0	181	115	0.417809
0	181	11	-1.741518
0	181	18	-1.950996
0	181	17	-1.980645
0	181	109	-2.236994
0	181	231	-2.296200
0	181	8	-2.296702
0	181	16	-2.305792
0	181	58	-2.316742
0	181	113	-2.348842
0	181	255	-2.371823
0	181	272	-2.458652
0	181	280	-2.463822
0	181	278	-2.495915
0	181	13	-2.559198
0	181	277	-2.621942
0	182	264	10.181673
0	182	112	9.670752
0	182	61	9.462181
0	182	14	9.393536
0	182	183	9.350298
0	182	3	8.923562
0	182	63	8.414755
0	182	270	8.271587
0	182	265	8.124334
0	182	51	7.751688
0	182	268	7.168299
0	182	267	6.782016
0	182	116	5.739655
0	182	244	3.578005
0	182	271	2.660048
0	182	58	2.217857
0	182	18	2.052115
0	182	119	1.924416
0	182	263	1.691007
0	182	16	1.485942
0	182	266	1.332035
0	182	13	-0.256610
0	182	30	-0.550798
0	182	8	-0.866970
0	182	11	-1.114390
0	182	278	-1.851445
0	182	115	-2.030142
0	182	17	-2.085888
0	182	109	-2.170407
0	182	280	-2.186306
0	182	269	-2.212310
0	182	255	-2.289905
0	182	113	-2.367906
0	182	272	-2.390383
0	182	231	-2.443955
0	182	277	-2.531581
0	183	267	10.795531
0	183	183	10.366634
0	183	273	10.276735
0	183	275	10.136211
0	183	63	9.959852
0	183	116	9.911799
0	183	276	9.820762
0	183	294	9.791666
0	183	14	9.771592
0	183	283	9.728305
0	183	291	9.599170
0	183	264	9.499745
0	183	61	8.616975
0	183	282	8.480646
0	183	290	8.465175
0	183	270	8.384077
0	183	274	8.004049
0	183	279	7.956091
0	183	112	7.905876
0	183	295	7.573983
0	183	113	7.551388
0	183	244	7.529388
0	183	263	5.856878
0	183	58	5.515597
0	183	289	5.412103
0	183	292	5.078809
0	183	3	4.246100
0	183	271	4.125121
0	183	285	3.950169
0	183	51	3.424282
0	183	268	3.025954
0	183	288	2.938662
0	183	30	2.612303
0	183	286	2.354835
0	183	287	2.182360
0	183	278	0.628149
0	183	231	-0.639810
0	183	119	-0.864656
0	183	281	-0.940050
0	183	18	-1.652199
0	183	293	-1.891032
0	183	284	-2.061335
0	183	115	-2.321307
0	183	272	-2.445203
0	183	280	-2.457820
0	184	266	9.882973
0	184	244	9.840059
0	184	183	9.669021
0	184	11	9.636039
0	184	263	9.453418
0	184	264	9.238411
0	184	116	9.064409
0	184	115	9.028449
0	184	268	8.958716
0	184	255	8.517715
0	184	14	8.458309
0	184	270	8.418643
0	184	119	8.358949
0	184	63	7.975441
0	184	61	7.328501
0	184	265	7.180647
0	184	112	7.037236
0	184	30	6.297868
0	184	267	5.826231
0	184	3	5.785782
0	184	13	3.872168
0	184	269	3.352799
0	184	51	1.427981
0	184	271	-0.195353
0	184	18	-0.635184
0	184	277	-0.874884
0	184	8	-1.646915
0	184	231	-2.276894
0	184	280	-2.312780
0	184	278	-2.456370
0	184	58	-2.487849
0	184	109	-2.524361
0	184	17	-2.528964
0	184	272	-2.554650
0	184	113	-2.631871
0	184	16	-2.638940
0	185	14	10.511652
0	185	270	10.467642
0	185	30	10.401104
0	185	264	10.301105
0	185	183	10.251378
0	185	244	9.936520
0	185	263	9.754475
0	185	265	9.736054
0	185	3	9.283425
0	185	266	8.758778
0	185	268	7.522133
0	185	63	7.284578
0	185	255	6.928772
0	185	11	6.700128
0	185	116	6.686213
0	185	119	6.221060
0	185	272	6.078482
0	185	8	6.073116
0	185	269	5.560697
0	185	112	5.448872
0	185	51	4.721622
0	185	61	4.697273
0	185	271	4.315509
0	185	267	4.196885
0	185	13	3.170828
0	185	18	2.133587
0	185	231	1.612323
0	185	115	1.498782
0	185	109	0.899830
0	185	278	-0.331398
0	185	17	-1.207145
0	185	16	-1.990334
0	185	277	-2.300074
0	185	58	-2.325467
0	185	113	-2.482778
0	185	280	-2.488286
0	186	183	10.852134
0	186	270	10.751942
0	186	116	10.695006
0	186	265	10.618768
0	186	263	10.531973
0	186	244	10.478205
0	186	264	10.322555
0	186	3	10.214981
0	186	30	10.211430
0	186	266	10.154840
0	186	112	10.031698
0	186	14	9.826420
0	186	61	9.793418
0	186	63	9.562691
0	186	268	9.387405
0	186	267	9.230363
0	186	269	8.475148
0	186	271	8.382176
0	186	51	8.066533
0	186	119	7.435576
0	186	255	7.263071
0	186	8	4.071581
0	186	115	3.488377
0	186	13	3.468687
0	186	18	2.497040
0	186	11	1.877133
0	186	16	-1.194801
0	186	113	-1.434516
0	186	58	-1.983338
0	186	280	-2.151407
0	186	272	-2.238829
0	186	231	-2.274370
0	186	109	-2.299083
0	186	17	-2.366020
0	186	277	-2.373513
0	186	278	-2.444355
