4	12	5	26.239561
4	12	1	22.143835
4	12	2	0.917804
4	12	15	-0.350132
4	12	13	-0.574406
4	12	14	-5.522290
4	12	8	-10.606174
4	12	3	-12.497512
4	12	16	-14.996413
4	12	11	-17.057018
4	12	18	-26.360355
4	12	0	-26.497116
4	12	4	-27.441942
4	12	9	-28.359058
4	12	7	-29.960012
4	12	6	-30.851267
4	12	10	-34.012115
4	12	17	-35.376366
4	12	12	-41.793533
4	12	19	-43.709160
4	13	17	30.713526
4	13	3	12.536875
4	13	8	8.795645
4	13	5	8.185613
4	13	1	4.381076
4	13	11	3.592218
4	13	7	1.129926
4	13	14	0.044031
4	13	2	-5.311181
4	13	18	-7.831546
4	13	15	-29.634314
4	13	6	-30.913349
4	13	9	-31.914753
4	13	0	-32.476856
4	13	16	-36.831356
4	13	4	-40.495663
4	13	12	-42.109100
4	13	13	-42.129230
4	13	10	-42.502098
4	13	19	-42.559032
4	37	51	38.524788
4	37	21	38.034477
4	37	38	36.149368
4	37	23	31.216087
4	37	65	30.984325
4	37	58	27.718346
4	37	24	26.110394
4	37	53	25.751072
4	37	42	24.283598
4	37	20	23.100191
4	37	43	22.381920
4	37	62	22.183926
4	37	32	21.447775
4	37	39	19.060446
4	37	14	15.481521
4	37	26	15.051283
4	37	22	14.866223
4	37	28	14.504280
4	37	52	14.001133
4	37	25	11.821156
4	37	30	7.968040
4	37	40	7.941386
4	37	37	6.296948
4	37	69	3.400238
4	37	56	-7.375576
4	37	41	-8.780575
4	37	47	-8.978301
4	37	75	-19.663309
4	37	73	-21.405800
4	37	72	-22.752441
4	37	57	-23.579479
4	37	3	-28.143230
4	37	48	-28.572094
4	37	27	-29.783085
4	37	31	-29.820333
4	37	16	-30.329660
4	37	74	-30.801952
4	37	63	-32.384132
4	37	61	-32.476543
4	37	55	-32.883820
4	37	76	-33.799232
4	37	70	-34.527782
4	37	79	-35.180973
4	37	54	-35.831451
4	37	45	-35.885849
4	37	50	-36.118187
4	37	49	-36.601871
4	37	29	-36.765354
4	37	35	-37.174950
4	37	44	-37.186676
4	37	78	-37.333336
4	37	46	-37.451065
4	37	36	-37.570393
4	37	77	-37.769859
4	37	64	-38.200352
4	37	8	-38.821819
4	37	33	-38.995899
4	37	85	-39.146305
4	37	34	-39.192947
4	37	18	-39.254169
4	37	71	-40.095764
4	37	66	-41.304676
4	37	11	-42.568382
4	38	21	28.790552
4	38	31	27.844755
4	38	30	24.194788
4	38	37	24.179893
4	38	20	23.975111
4	38	57	21.492485
4	38	48	16.992878
4	38	38	13.683710
4	38	28	13.675973
4	38	39	10.787697
4	38	32	10.669373
4	38	58	9.749943
4	38	62	9.358085
4	38	25	8.641017
4	38	46	8.536790
4	38	61	7.762491
4	38	53	6.956425
4	38	51	6.644573
4	38	41	6.558788
4	38	43	6.385138
4	38	22	6.126714
4	38	23	4.513532
4	38	40	4.332135
4	38	42	1.861515
4	38	26	1.744260
4	38	56	0.484082
4	38	27	-1.278927
4	38	63	-1.753975
4	38	52	-2.518115
4	38	3	-2.708204
4	38	14	-8.526919
4	38	47	-8.992497
4	38	45	-10.691692
4	38	11	-12.048079
4	38	65	-13.710334
4	38	79	-15.854731
4	38	54	-16.562576
4	38	73	-17.615196
4	38	72	-19.282665
4	38	55	-23.344801
4	38	36	-26.747831
4	38	74	-26.765781
4	38	8	-26.797379
4	38	35	-26.976753
4	38	16	-27.715815
4	38	49	-28.515060
4	38	50	-30.533735
4	38	78	-32.990196
4	38	24	-33.486950
4	38	85	-33.649193
4	38	29	-34.180264
4	38	18	-35.226128
4	38	33	-35.611664
4	38	71	-35.695137
4	38	76	-36.587883
4	38	44	-37.319393
4	38	70	-37.904716
4	38	69	-38.258427
4	38	75	-39.143353
4	38	34	-39.224529
4	38	64	-39.502506
4	38	77	-39.765221
4	38	66	-39.846809
4	39	22	27.732155
4	39	27	18.683208
4	39	28	16.976711
4	39	20	14.864507
4	39	47	12.994702
4	39	51	12.208291
4	39	57	11.998013
4	39	26	11.821847
4	39	40	9.483464
4	39	38	8.680505
4	39	79	7.496221
4	39	43	7.044646
4	39	3	6.718532
4	39	21	5.021751
4	39	32	4.480213
4	39	72	3.830515
4	39	48	3.638497
4	39	54	1.424747
4	39	56	1.044983
4	39	31	0.830452
4	39	58	-2.881227
4	39	41	-3.583640
4	39	52	-4.550910
4	39	14	-6.322031
4	39	39	-7.083991
4	39	53	-7.348969
4	39	45	-8.161611
4	39	25	-8.750157
4	39	30	-13.747849
4	39	85	-16.857986
4	39	44	-18.389660
4	39	50	-19.682940
4	39	76	-20.994839
4	39	18	-21.216089
4	39	70	-21.818680
4	39	77	-22.154997
4	39	16	-22.316509
4	39	78	-23.234995
4	39	62	-23.894106
4	39	64	-24.740067
4	39	8	-25.056614
4	39	24	-25.983530
4	39	73	-27.352718
4	39	37	-27.944193
4	39	63	-28.860790
4	39	61	-28.968042
4	39	55	-29.160410
4	39	74	-29.689642
4	39	29	-30.991205
4	39	65	-31.602394
4	39	49	-33.277866
4	39	35	-33.469494
4	39	69	-33.489540
4	39	11	-33.866016
4	39	36	-34.048256
4	39	75	-34.735825
4	39	46	-34.884487
4	39	23	-34.984505
4	39	42	-35.003014
4	39	33	-36.018383
4	39	66	-37.159863
4	39	34	-37.314022
4	39	71	-39.724697
4	42	21	32.783680
4	42	22	32.028961
4	42	51	30.084703
4	42	56	30.071533
4	42	58	26.603212
4	42	32	25.820398
4	42	53	23.667330
4	42	47	23.587341
4	42	20	23.432631
4	42	28	21.262108
4	42	25	20.602602
4	42	43	19.214640
4	42	38	15.792564
4	42	26	14.642489
4	42	52	13.192912
4	42	31	10.710639
4	42	57	7.728718
4	42	48	5.114032
4	42	27	3.141616
4	42	30	0.022100
4	42	14	-3.154866
4	42	39	-6.104667
4	42	3	-7.439258
4	42	63	-8.818401
4	42	40	-11.005371
4	42	24	-11.355150
4	42	45	-16.940405
4	42	65	-17.251839
4	42	29	-19.890989
4	42	46	-20.036333
4	42	23	-20.561277
4	42	62	-21.071424
4	42	54	-21.319017
4	42	79	-22.349144
4	42	72	-22.771385
4	42	73	-23.483419
4	42	42	-26.401451
4	42	49	-27.571255
4	42	61	-30.093958
4	42	37	-30.257231
4	42	50	-30.813620
4	42	41	-30.915545
4	42	76	-31.799250
4	42	16	-32.292995
4	42	70	-33.582378
4	42	8	-34.253933
4	42	85	-36.011654
4	42	35	-36.334412
4	42	44	-36.747421
4	42	33	-37.316807
4	42	78	-38.313465
4	42	64	-38.512508
4	42	74	-38.728275
4	42	55	-38.751652
4	42	36	-39.202354
4	42	66	-39.933754
4	42	34	-39.970650
4	42	69	-40.191483
4	42	75	-40.611645
4	42	71	-41.317631
4	42	18	-41.350563
4	42	77	-41.944710
4	42	11	-42.383430
4	53	93	24.109434
4	53	90	15.463943
4	53	63	15.345993
4	53	97	14.137200
4	53	98	13.664636
4	53	96	12.231916
4	53	11	10.615109
4	53	8	9.481048
4	53	99	8.515819
4	53	15	8.159823
4	53	3	7.874853
4	53	103	6.902566
4	53	95	4.495832
4	53	14	4.454937
4	53	108	3.667224
4	53	87	-6.728750
4	53	92	-8.545362
4	53	58	-17.910774
4	53	61	-19.978491
4	53	86	-20.488001
4	53	89	-22.513489
4	53	18	-24.739908
4	53	100	-25.706213
4	53	52	-26.282375
4	53	13	-27.289148
4	53	26	-27.647215
4	53	88	-27.816668
4	53	91	-28.620527
4	53	106	-28.758986
4	53	94	-29.204916
4	53	110	-29.405006
4	53	109	-31.838184
4	53	85	-34.715824
4	53	17	-34.761925
4	53	105	-34.928699
4	53	69	-34.957127
4	53	107	-37.891582
4	69	18	14.393069
4	69	14	3.696645
4	69	11	-16.181364
4	69	8	-18.770779
4	69	3	-26.125494
4	69	16	-30.160576
4	69	111	-32.704105
4	69	7	-34.076706
4	69	17	-35.224674
4	69	13	-39.364624
4	70	11	10.017362
4	70	16	9.277101
4	70	14	6.899073
4	70	8	4.815455
4	70	17	-8.690238
4	70	3	-10.083529
4	70	18	-11.670262
4	70	7	-23.662243
4	70	111	-32.749306
4	70	13	-39.320457
4	86	164	29.236160
4	86	128	22.417818
4	86	165	19.615322
4	86	171	18.356522
4	86	167	18.047808
4	86	147	11.666375
4	86	166	10.120074
4	86	132	6.935166
4	86	3	3.295833
4	86	146	-2.292248
4	86	11	-6.082311
4	86	14	-11.526805
4	86	8	-15.705024
4	86	137	-16.741125
4	86	18	-32.192539
4	86	16	-34.908882
4	86	13	-36.010303
4	86	160	-36.290443
4	86	17	-38.984085
4	86	145	-40.705906
4	92	17	33.685276
4	92	150	31.924074
4	92	157	29.743460
4	92	11	29.536133
4	92	153	28.713261
4	92	155	27.376631
4	92	154	24.487448
4	92	137	23.761299
4	92	168	23.435072
4	92	169	22.763905
4	92	156	21.604086
4	92	152	21.082098
4	92	159	19.968452
4	92	158	17.019577
4	92	151	15.726879
4	92	149	13.731091
4	92	162	10.507399
4	92	163	8.569530
4	92	18	7.068841
4	92	148	6.323335
4	92	8	5.859538
4	92	160	4.501989
4	92	14	3.692528
4	92	161	-12.527873
4	92	3	-15.481465
4	92	16	-16.963100
4	92	132	-20.340981
4	92	147	-32.088711
4	92	170	-37.208851
4	92	145	-38.372997
4	92	13	-40.477615
4	92	146	-41.227898
4	117	200	26.653467
4	117	51	22.649302
4	117	211	21.841248
4	117	196	17.116341
4	117	206	15.803327
4	117	189	11.583954
4	117	192	10.936746
4	117	15	9.894251
4	117	188	9.234025
4	117	3	8.351954
4	117	190	8.155572
4	117	14	6.811173
4	117	210	5.724946
4	117	201	5.137024
4	117	203	4.937078
4	117	18	4.611306
4	117	113	4.195973
4	117	99	3.697917
4	117	202	1.347471
4	117	16	0.663214
4	117	63	-0.158704
4	117	126	-1.942478
4	117	197	-2.264251
4	117	193	-3.489164
4	117	8	-3.965844
4	117	217	-4.157941
4	117	191	-4.181954
4	117	122	-5.093234
4	117	109	-8.991086
4	117	194	-11.410477
4	117	205	-14.212992
4	117	116	-14.289989
4	117	198	-14.536796
4	117	207	-15.710938
4	117	204	-18.226852
4	117	199	-20.928062
4	117	209	-21.776184
4	117	195	-23.434883
4	117	212	-26.633396
4	117	13	-26.775969
4	120	189	37.957100
4	120	188	36.370693
4	120	15	36.276363
4	120	200	36.172718
4	120	217	34.372719
4	120	198	33.657146
4	120	18	33.595715
4	120	122	32.533360
4	120	193	32.484158
4	120	190	32.153713
4	120	201	31.242613
4	120	199	31.148035
4	120	99	30.365532
4	120	196	29.861780
4	120	204	29.431543
4	120	191	29.136631
4	120	210	29.015385
4	120	63	28.365034
4	120	207	26.644274
4	120	206	25.563892
4	120	16	19.741203
4	120	116	18.116045
4	120	194	17.757406
4	120	113	16.505655
4	120	187	15.869557
4	120	17	14.990877
4	120	14	13.864660
4	120	3	13.812800
4	120	192	8.381302
4	120	197	7.624598
4	120	8	6.990951
4	120	202	6.094087
4	120	203	4.654996
4	120	208	4.152896
4	120	13	3.135524
4	120	126	-3.596878
4	120	109	-9.241702
4	120	205	-10.682797
4	120	209	-24.191490
4	120	195	-29.321890
4	120	51	-32.102127
4	120	212	-41.635880
4	121	188	38.479778
4	121	193	36.089657
4	121	15	35.970333
4	121	122	32.319866
4	121	116	32.233727
4	121	63	31.727354
4	121	190	28.052341
4	121	199	25.966480
4	121	201	25.756165
4	121	194	25.392513
4	121	99	22.981537
4	121	13	19.635052
4	121	113	18.879366
4	121	3	16.321238
4	121	206	16.108503
4	121	207	15.455994
4	121	189	15.208229
4	121	14	10.807290
4	121	210	10.224970
4	121	187	8.459381
4	121	8	6.391130
4	121	204	6.055105
4	121	200	5.451822
4	121	208	4.920153
4	121	126	1.764741
4	121	196	-0.449081
4	121	16	-4.271420
4	121	192	-4.375387
4	121	203	-5.389855
4	121	191	-9.392137
4	121	198	-14.437608
4	121	202	-14.775659
4	121	197	-16.381939
4	121	51	-17.028271
4	121	205	-17.856554
4	121	18	-24.664965
4	121	209	-24.742632
4	121	217	-25.557701
4	121	17	-26.191614
4	121	195	-27.183228
4	121	109	-34.221680
4	121	212	-35.688068
4	140	238	25.023621
4	140	221	15.495446
4	140	232	13.885119
4	140	51	10.980531
4	140	230	10.667634
4	140	3	6.101900
4	140	229	5.174338
4	140	245	3.841728
4	140	233	3.684822
4	140	236	2.031449
4	140	196	1.999002
4	140	188	-6.256719
4	140	224	-7.589881
4	140	190	-7.653452
4	140	244	-12.500913
4	140	242	-14.573842
4	140	208	-15.826695
4	140	241	-15.856263
4	140	14	-18.199123
4	140	234	-20.701738
4	140	235	-20.761757
4	140	201	-21.940369
4	140	227	-25.599806
4	140	226	-26.333679
4	140	228	-26.348398
4	140	223	-28.214607
4	140	8	-29.928606
4	140	210	-30.407461
4	140	187	-31.268023
4	140	16	-31.282398
4	140	116	-31.560461
4	140	225	-33.856880
4	140	199	-35.207905
4	140	237	-35.616180
4	140	231	-35.663052
4	140	240	-35.670700
4	140	243	-36.156250
4	140	191	-36.206783
4	140	99	-36.379463
4	140	197	-36.582825
4	140	207	-37.340698
4	140	18	-37.369907
4	140	217	-37.374897
4	140	247	-37.947548
4	140	96	-38.802074
4	140	198	-38.916191
4	140	11	-38.972248
4	140	122	-39.141094
4	140	239	-39.222977
4	140	222	-39.259529
4	140	246	-40.132660
4	141	238	28.155426
4	141	232	25.158987
4	141	233	20.118622
4	141	241	13.783217
4	141	196	12.368609
4	141	229	12.032230
4	141	230	11.183398
4	141	190	7.884874
4	141	3	7.346104
4	141	188	6.988914
4	141	51	6.827778
4	141	223	5.966796
4	141	224	2.312970
4	141	235	0.713623
4	141	221	-0.103309
4	141	207	-4.260150
4	141	187	-4.873497
4	141	14	-7.357458
4	141	234	-10.515357
4	141	228	-11.066896
4	141	236	-12.178471
4	141	208	-14.141137
4	141	245	-15.464497
4	141	201	-21.495289
4	141	247	-22.959213
4	141	237	-24.599131
4	141	242	-27.310051
4	141	8	-27.427389
4	141	16	-27.907360
4	141	18	-28.043203
4	141	210	-31.471867
4	141	116	-31.544245
4	141	240	-32.121330
4	141	243	-32.361683
4	141	122	-33.032169
4	141	99	-33.904911
4	141	227	-35.235546
4	141	199	-35.464134
4	141	246	-35.605392
4	141	244	-37.390987
4	141	197	-37.452919
4	141	191	-37.466999
4	141	225	-37.680428
4	141	217	-38.164436
4	141	239	-38.600010
4	141	96	-38.688354
4	141	226	-39.635391
4	141	198	-40.351162
4	141	231	-40.823936
4	141	222	-41.241798
4	141	11	-42.085678
4	142	232	32.357674
4	142	236	27.065260
4	142	233	23.353697
4	142	228	23.318720
4	142	238	22.624947
4	142	190	21.795303
4	142	51	21.065893
4	142	188	19.389549
4	142	224	18.131519
4	142	229	16.085009
4	142	230	14.460645
4	142	241	14.312049
4	142	227	13.700153
4	142	3	12.279949
4	142	116	9.057262
4	142	207	7.741306
4	142	240	7.105782
4	142	235	7.085210
4	142	221	2.913741
4	142	208	2.443035
4	142	96	0.595275
4	142	196	-0.244274
4	142	201	-1.258876
4	142	187	-1.317887
4	142	245	-3.795475
4	142	122	-5.205338
4	142	14	-8.420464
4	142	223	-10.994503
4	142	234	-11.147676
4	142	99	-15.061735
4	142	11	-15.237865
4	142	242	-17.776014
4	142	237	-24.271494
4	142	244	-24.800232
4	142	197	-24.913443
4	142	191	-25.092962
4	142	210	-25.314753
4	142	16	-25.492844
4	142	8	-26.235422
4	142	18	-28.219866
4	142	198	-28.275183
4	142	226	-28.985350
4	142	199	-30.805517
4	142	247	-32.633991
4	142	225	-33.770638
4	142	243	-34.334721
4	142	217	-34.637390
4	142	246	-37.958389
4	142	239	-39.613426
4	142	231	-40.371326
4	142	222	-40.916302
4	143	188	15.871198
4	143	228	12.848025
4	143	232	11.415436
4	143	229	11.232965
4	143	233	8.338334
4	143	51	7.405420
4	143	235	6.419986
4	143	14	4.081720
4	143	238	4.051590
4	143	3	0.698797
4	143	208	-2.669739
4	143	230	-3.038878
4	143	227	-5.415709
4	143	190	-6.112015
4	143	210	-8.779894
4	143	241	-8.909183
4	143	224	-9.008237
4	143	234	-9.542253
4	143	207	-11.333868
4	143	236	-11.641904
4	143	225	-12.121624
4	143	245	-12.320631
4	143	116	-12.434047
4	143	196	-13.815089
4	143	221	-14.856147
4	143	122	-16.501638
4	143	187	-18.326105
4	143	223	-18.884939
4	143	244	-21.207640
4	143	99	-22.142857
4	143	197	-23.556929
4	143	96	-25.539904
4	143	8	-26.317236
4	143	16	-28.419970
4	143	242	-28.988098
4	143	191	-29.013296
4	143	11	-30.449640
4	143	243	-31.877745
4	143	237	-32.157890
4	143	199	-32.429634
4	143	240	-33.109692
4	143	201	-34.275433
4	143	247	-35.863705
4	143	18	-36.296329
4	143	239	-36.647453
4	143	231	-37.147022
4	143	198	-37.641838
4	143	222	-37.926079
4	143	226	-38.088860
4	143	217	-38.451248
4	143	246	-38.493137
4	172	201	27.015926
4	172	248	23.347479
4	172	251	22.313753
4	172	199	21.111031
4	172	252	18.010813
4	172	3	9.605712
4	172	18	7.705549
4	172	113	3.440426
4	172	200	0.737984
4	172	14	-3.527886
4	172	258	-4.468232
4	172	8	-5.841999
4	172	17	-6.592116
4	172	253	-14.736852
4	172	257	-15.696512
4	172	208	-17.454645
4	172	16	-17.584728
4	172	250	-18.875187
4	172	256	-20.322495
4	172	187	-21.041882
4	172	110	-22.714586
4	172	13	-25.821516
4	172	254	-27.460520
4	172	11	-28.845169
4	172	63	-31.688040
4	172	249	-35.915932
4	172	191	-36.733479
4	172	109	-40.631439
4	172	255	-40.901680
4	173	248	21.815098
4	173	252	20.600967
4	173	253	19.672199
4	173	251	16.680971
4	173	199	16.525686
4	173	201	15.120302
4	173	257	14.531750
4	173	14	8.753978
4	173	258	5.541247
4	173	8	5.141661
4	173	17	-1.311232
4	173	200	-4.288829
4	173	208	-5.002501
4	173	16	-8.993729
4	173	254	-12.378424
4	173	18	-17.356245
4	173	187	-18.437185
4	173	113	-19.259804
4	173	11	-21.617661
4	173	63	-21.944859
4	173	110	-22.218615
4	173	250	-27.138079
4	173	3	-30.444912
4	173	191	-35.333542
4	173	249	-35.796455
4	173	109	-37.488743
4	173	256	-38.147541
4	173	13	-39.705589
4	173	255	-40.184517
4	174	248	35.396393
4	174	201	23.941261
4	174	199	12.520525
4	174	200	8.521628
4	174	253	7.910850
4	174	252	5.327321
4	174	257	3.510574
4	174	14	0.741196
4	174	208	-0.880359
4	174	16	-3.632783
4	174	250	-6.832996
4	174	110	-10.261969
4	174	258	-12.147426
4	174	251	-15.375116
4	174	187	-16.701433
4	174	8	-17.734394
4	174	113	-19.572390
4	174	18	-25.234297
4	174	17	-26.103939
4	174	13	-28.344006
4	174	3	-29.583199
4	174	191	-34.579052
4	174	109	-35.978210
4	174	63	-36.133968
4	174	11	-36.927670
4	174	249	-39.209278
4	174	254	-39.218784
4	174	256	-39.332191
4	174	255	-40.935627
4	175	251	29.917259
4	175	201	24.122820
4	175	248	21.677546
4	175	252	21.295248
4	175	200	15.972880
4	175	253	14.656495
4	175	257	12.344377
4	175	199	5.442061
4	175	8	5.034698
4	175	113	4.627657
4	175	258	-5.245187
4	175	14	-6.110702
4	175	18	-7.913471
4	175	208	-9.774272
4	175	17	-10.572247
4	175	250	-13.122384
4	175	187	-14.932834
4	175	110	-15.862966
4	175	254	-16.431425
4	175	16	-20.571104
4	175	249	-25.122622
4	175	13	-25.672543
4	175	11	-26.671272
4	175	191	-27.020897
4	175	3	-28.988665
4	175	63	-35.807034
4	175	255	-36.635700
4	175	256	-41.888126
4	175	109	-42.423409
4	176	251	28.051487
4	176	253	18.939985
4	176	201	9.008568
4	176	252	5.217090
4	176	3	4.848792
4	176	200	4.786323
4	176	199	1.194840
4	176	248	-2.565980
4	176	8	-6.006426
4	176	250	-8.003531
4	176	249	-9.504182
4	176	110	-11.516606
4	176	208	-13.059731
4	176	256	-13.344419
4	176	254	-13.644101
4	176	257	-15.425052
4	176	14	-20.094601
4	176	258	-20.541973
4	176	63	-23.356112
4	176	13	-25.789774
4	176	113	-27.620928
4	176	191	-30.286224
4	176	16	-30.626892
4	176	11	-33.647247
4	176	187	-34.837971
4	176	18	-36.750172
4	176	17	-37.340549
4	176	255	-39.605072
4	176	109	-43.566895
4	218	30	33.544888
4	218	270	24.634680
4	218	244	22.928835
4	218	231	18.073442
4	218	115	15.803649
4	218	264	13.779878
4	218	11	7.690009
4	218	14	5.355935
4	218	183	-5.143112
4	218	8	-5.204627
4	218	267	-7.893649
4	218	3	-8.916862
4	218	272	-13.101336
4	218	266	-14.762397
4	218	116	-16.875040
4	218	113	-17.594431
4	218	265	-18.041544
4	218	18	-18.469212
4	218	112	-19.441858
4	218	16	-23.302803
4	218	58	-23.496872
4	218	278	-23.886160
4	218	51	-24.110640
4	218	263	-24.116346
4	218	63	-24.989462
4	218	61	-26.528858
4	218	119	-28.346819
4	218	271	-28.606852
4	218	255	-29.261862
4	218	13	-31.261787
4	218	109	-34.996952
4	218	277	-35.402603
4	218	280	-36.736237
4	218	17	-38.437923
4	218	269	-38.821571
4	218	268	-39.074509
4	219	116	24.498962
4	219	63	22.289770
4	219	264	19.957487
4	219	270	18.811367
4	219	119	18.289497
4	219	8	13.450505
4	219	263	3.574986
4	219	183	1.483064
4	219	3	1.042793
4	219	61	-0.665522
4	219	267	-4.702670
4	219	266	-11.351924
4	219	115	-12.030420
4	219	269	-12.286850
4	219	244	-14.257288
4	219	14	-17.185143
4	219	113	-23.472204
4	219	112	-27.915104
4	219	16	-32.055466
4	219	58	-32.522610
4	219	271	-36.039932
4	219	265	-36.462833
4	219	30	-36.465797
4	219	51	-37.352520
4	219	18	-37.999947
4	219	17	-39.082306
4	219	231	-40.287849
4	219	13	-41.104542
4	219	277	-41.109779
4	219	280	-41.651199
4	219	278	-41.887398
4	219	272	-42.158016
4	219	255	-42.630505
4	219	109	-42.699276
4	219	268	-42.915165
4	219	11	-42.938583
4	220	30	38.747112
4	220	264	36.746403
4	220	267	32.914433
4	220	183	31.167902
4	220	116	29.210711
4	220	270	24.070978
4	220	266	19.333210
4	220	14	17.890608
4	220	265	17.100941
4	220	115	16.080704
4	220	244	15.612494
4	220	3	14.084120
4	220	63	12.558532
4	220	119	11.148313
4	220	263	10.112258
4	220	113	10.011799
4	220	271	8.106766
4	220	112	0.492299
4	220	61	-0.966228
4	220	8	-2.710875
4	220	58	-26.280071
4	220	269	-27.222479
4	220	16	-27.670012
4	220	13	-31.182753
4	220	51	-31.720194
4	220	17	-35.210472
4	220	255	-37.217587
4	220	277	-37.795063
4	220	231	-38.007980
4	220	272	-38.079948
4	220	11	-38.118591
4	220	18	-38.946728
4	220	268	-39.282143
4	220	280	-40.501167
4	220	109	-41.638569
4	220	278	-42.007675
4	221	30	37.765999
4	221	264	35.649254
4	221	267	30.033873
4	221	244	28.856157
4	221	183	26.734749
4	221	265	26.635313
4	221	266	24.260252
4	221	116	24.131868
4	221	270	23.012487
4	221	14	20.971323
4	221	61	18.176632
4	221	63	17.628139
4	221	115	17.601948
4	221	263	17.543831
4	221	113	14.295941
4	221	112	14.176572
4	221	119	14.104638
4	221	3	12.479822
4	221	271	8.492077
4	221	8	6.146330
4	221	231	-14.203424
4	221	51	-20.047205
4	221	269	-25.702286
4	221	16	-25.743509
4	221	58	-30.365561
4	221	13	-33.155994
4	221	18	-33.409977
4	221	255	-34.219662
4	221	11	-35.495934
4	221	277	-35.561123
4	221	280	-36.511749
4	221	17	-37.775963
4	221	278	-39.155106
4	221	109	-39.716457
4	221	268	-39.924732
4	221	272	-40.107315
4	222	119	38.635914
4	222	30	37.381531
4	222	267	37.272594
4	222	61	37.167858
4	222	183	35.493763
4	222	270	35.276886
4	222	116	33.724236
4	222	265	33.267929
4	222	264	32.307854
4	222	63	31.987165
4	222	266	29.633444
4	222	263	21.725399
4	222	115	20.336119
4	222	113	17.568480
4	222	269	14.006987
4	222	271	13.950613
4	222	112	9.363007
4	222	14	8.077014
4	222	3	7.148946
4	222	244	2.994482
4	222	51	0.984733
4	222	8	-20.704628
4	222	13	-23.068830
4	222	16	-27.688869
4	222	58	-30.608971
4	222	17	-31.021767
4	222	268	-31.844170
4	222	11	-34.252533
4	222	280	-36.575428
4	222	18	-37.697945
4	222	277	-38.225727
4	222	255	-38.767300
4	222	231	-39.543354
4	222	109	-42.285748
4	222	272	-42.291584
4	222	278	-42.506493
4	224	61	38.688049
4	224	264	38.397285
4	224	116	37.521114
4	224	183	37.438118
4	224	270	37.233753
4	224	119	36.389446
4	224	63	34.980919
4	224	30	33.701313
4	224	267	33.196392
4	224	265	32.010330
4	224	269	31.243963
4	224	112	28.367056
4	224	115	25.859407
4	224	266	24.397001
4	224	271	24.020491
4	224	3	17.270441
4	224	113	16.339485
4	224	263	16.083261
4	224	244	14.420443
4	224	14	0.208255
4	224	51	-5.412550
4	224	268	-17.312223
4	224	8	-17.571627
4	224	13	-18.121374
4	224	16	-21.548096
4	224	58	-24.822515
4	224	18	-32.099602
4	224	17	-33.452442
4	224	280	-36.217403
4	224	277	-36.935398
4	224	255	-37.235497
4	224	231	-37.598438
4	224	11	-38.718601
4	224	272	-40.652332
4	224	109	-41.813408
4	224	278	-42.360222
4	225	30	38.006557
4	225	244	34.878246
4	225	119	34.665539
4	225	264	32.092972
4	225	265	31.675558
4	225	270	30.633692
4	225	267	30.154078
4	225	61	30.080069
4	225	63	29.199007
4	225	183	23.328381
4	225	269	20.520723
4	225	116	18.635687
4	225	115	12.308504
4	225	14	9.400704
4	225	263	7.735669
4	225	266	5.392988
4	225	8	2.055165
4	225	113	0.658436
4	225	231	-3.592235
4	225	11	-5.948419
4	225	112	-7.428236
4	225	3	-8.911877
4	225	271	-10.473818
4	225	58	-24.321627
4	225	16	-24.346310
4	225	51	-25.348259
4	225	18	-27.236002
4	225	13	-28.754551
4	225	17	-30.321499
4	225	277	-34.219414
4	225	255	-34.746780
4	225	280	-34.788548
4	225	272	-35.406307
4	225	278	-36.221603
4	225	268	-38.422218
4	225	109	-40.792770
4	226	270	34.600060
4	226	119	30.548203
4	226	265	28.803576
4	226	272	24.482096
4	226	61	23.008186
4	226	115	22.034470
4	226	116	19.150852
4	226	30	14.251231
4	226	3	11.451631
4	226	183	10.590316
4	226	63	10.330398
4	226	269	9.574809
4	226	266	6.365827
4	226	263	4.966397
4	226	244	0.985264
4	226	264	-1.146887
4	226	14	-2.225428
4	226	271	-3.841822
4	226	113	-8.416812
4	226	8	-9.791191
4	226	17	-11.991467
4	226	267	-14.945277
4	226	16	-26.576330
4	226	112	-27.229351
4	226	51	-29.790680
4	226	13	-31.975380
4	226	268	-34.075420
4	226	58	-34.333748
4	226	11	-35.673847
4	226	231	-39.292160
4	226	280	-40.111488
4	226	277	-40.267948
4	226	255	-41.088745
4	226	18	-41.255829
4	226	278	-41.622173
4	226	109	-42.571030
4	227	267	39.824776
4	227	30	37.609421
4	227	294	36.052746
4	227	244	35.992287
4	227	183	35.299786
4	227	279	34.889034
4	227	276	32.194698
4	227	63	30.419064
4	227	116	30.197872
4	227	264	28.967005
4	227	275	28.794458
4	227	281	28.262068
4	227	61	27.622347
4	227	292	25.988094
4	227	273	25.281410
4	227	295	24.772215
4	227	285	24.223925
4	227	270	23.151596
4	227	282	21.157732
4	227	115	20.637833
4	227	283	19.907776
4	227	119	19.765268
4	227	291	17.422392
4	227	271	15.960340
4	227	112	15.439707
4	227	274	14.946494
4	227	263	9.431053
4	227	289	9.283860
4	227	290	8.914844
4	227	113	5.857136
4	227	293	4.678680
4	227	3	4.198992
4	227	14	3.806245
4	227	288	-12.261599
4	227	18	-18.905397
4	227	284	-19.529587
4	227	231	-23.080133
4	227	287	-24.783386
4	227	51	-28.642452
4	227	58	-29.181871
4	227	286	-33.220589
4	227	280	-36.277336
4	227	278	-38.737411
4	227	268	-38.989624
4	227	272	-41.116669
4	228	119	39.812187
4	228	63	38.363617
4	228	61	38.021847
4	228	264	36.140999
4	228	270	36.091465
4	228	266	33.384106
4	228	269	32.763950
4	228	116	31.847296
4	228	115	31.362305
4	228	265	31.160847
4	228	183	30.931067
4	228	267	30.209526
4	228	30	21.368155
4	228	263	18.364187
4	228	244	14.105473
4	228	112	11.594419
4	228	113	10.975873
4	228	14	10.378467
4	228	3	5.504286
4	228	271	-8.124390
4	228	51	-13.223166
4	228	8	-15.270339
4	228	280	-19.717752
4	228	16	-19.854589
4	228	58	-22.645096
4	228	18	-29.388010
4	228	268	-30.416128
4	228	17	-31.333950
4	228	277	-32.114098
4	228	13	-32.647350
4	228	231	-34.176453
4	228	11	-39.214565
4	228	255	-39.493347
4	228	109	-40.786976
4	228	278	-41.549397
4	228	272	-41.602940
