0	1	1	9.932416
0	1	11	9.041307
0	1	2	8.829028
0	1	15	8.485900
0	1	18	8.187739
0	1	9	8.010639
0	1	4	7.568176
0	1	8	7.115464
0	1	7	5.931733
0	1	5	4.626815
0	1	19	4.299743
0	1	14	3.942732
0	1	0	3.797083
0	1	3	3.062769
0	1	17	2.633094
0	1	10	2.587061
0	1	13	1.419073
0	1	16	-0.012231
0	1	12	-3.530588
0	1	6	-3.830860
0	2	1	10.961150
0	2	2	10.363194
0	2	15	10.019071
0	2	11	9.722343
0	2	5	9.720453
0	2	9	9.445210
0	2	4	8.363849
0	2	3	7.632607
0	2	18	5.802866
0	2	8	5.315193
0	2	14	4.556675
0	2	13	2.103047
0	2	0	0.926307
0	2	19	-0.140553
0	2	16	-2.276126
0	2	7	-3.577971
0	2	17	-3.701804
0	2	6	-5.783732
0	2	10	-6.911820
0	2	12	-7.084368
0	3	1	9.992983
0	3	11	9.962857
0	3	2	9.435645
0	3	15	9.400869
0	3	4	9.370831
0	3	9	9.132010
0	3	10	8.081629
0	3	5	7.220573
0	3	18	6.229330
0	3	0	5.750445
0	3	14	4.740664
0	3	8	4.676863
0	3	19	4.364532
0	3	3	3.871030
0	3	13	3.747916
0	3	7	3.744721
0	3	17	3.492158
0	3	16	1.942787
0	3	12	-2.097425
0	3	6	-3.342633
0	14	27	10.845350
0	14	22	10.694074
0	14	63	10.425287
0	14	20	9.758520
0	14	43	9.656046
0	14	21	9.446625
0	14	51	8.663511
0	14	31	8.577339
0	14	28	8.422421
0	14	30	8.380410
0	14	65	8.198619
0	14	46	7.803689
0	14	38	7.745807
0	14	48	7.667629
0	14	53	7.585294
0	14	45	7.004948
0	14	57	6.910057
0	14	69	6.505937
0	14	71	6.380468
0	14	32	6.373146
0	14	29	5.874303
0	14	56	5.365746
0	14	37	5.229908
0	14	58	5.216289
0	14	26	5.061355
0	14	25	4.886688
0	14	47	4.661528
0	14	3	4.456533
0	14	79	4.293922
0	14	74	3.645030
0	14	23	3.389309
0	14	40	3.254008
0	14	72	3.221098
0	14	11	2.613617
0	14	14	2.595784
0	14	54	2.500591
0	14	75	2.111161
0	14	85	1.759577
0	14	61	1.692367
0	14	62	1.530523
0	14	8	0.703849
0	14	55	0.071289
0	14	39	-0.478381
0	14	70	-1.327717
0	14	18	-1.708871
0	14	36	-1.996563
0	14	24	-2.031287
0	14	16	-2.070334
0	14	49	-2.531525
0	14	41	-2.681668
0	14	50	-2.737704
0	14	73	-2.953648
0	14	64	-3.065279
0	14	66	-3.234725
0	14	52	-3.253890
0	14	33	-3.716468
0	14	35	-5.621439
0	14	34	-5.740022
0	14	77	-5.801246
0	14	78	-6.199744
0	14	42	-6.321841
0	14	76	-6.379413
0	14	44	-6.689841
0	15	22	10.353120
0	15	43	9.928330
0	15	27	9.797672
0	15	63	9.469534
0	15	51	9.010386
0	15	21	8.996913
0	15	20	8.792239
0	15	53	8.790270
0	15	11	8.734910
0	15	28	8.519092
0	15	46	8.371328
0	15	58	8.255856
0	15	37	7.674876
0	15	65	7.418973
0	15	31	7.416940
0	15	48	7.344819
0	15	30	7.162731
0	15	38	6.936750
0	15	25	6.793466
0	15	62	6.660684
0	15	32	6.433545
0	15	57	6.400699
0	15	69	6.193403
0	15	23	6.124300
0	15	45	5.543298
0	15	26	5.516858
0	15	29	4.946950
0	15	56	4.787960
0	15	74	4.645203
0	15	14	4.163352
0	15	79	3.973604
0	15	47	3.848351
0	15	61	3.746391
0	15	64	3.473355
0	15	3	3.472776
0	15	50	3.364177
0	15	72	3.302757
0	15	36	3.266622
0	15	71	2.538872
0	15	42	2.226619
0	15	16	1.823586
0	15	54	1.452582
0	15	75	1.001346
0	15	40	0.887860
0	15	24	0.622355
0	15	8	0.548348
0	15	55	0.310409
0	15	52	-1.189183
0	15	73	-1.677252
0	15	18	-1.932376
0	15	39	-2.176291
0	15	70	-2.458349
0	15	76	-2.649897
0	15	35	-3.464530
0	15	41	-3.559085
0	15	77	-3.659281
0	15	78	-4.035289
0	15	66	-4.367897
0	15	85	-4.605921
0	15	49	-4.679825
0	15	33	-4.772349
0	15	34	-5.342150
0	15	44	-6.580299
0	16	43	11.248509
0	16	22	11.161151
0	16	25	11.079499
0	16	63	11.077918
0	16	53	10.895045
0	16	56	10.864728
0	16	58	10.835092
0	16	27	10.747077
0	16	51	10.675881
0	16	28	10.464135
0	16	21	10.368480
0	16	26	10.363694
0	16	32	10.121625
0	16	30	9.140738
0	16	20	8.832895
0	16	48	8.650035
0	16	38	8.456844
0	16	65	8.440087
0	16	54	8.153480
0	16	37	7.616638
0	16	62	7.442139
0	16	69	7.315226
0	16	52	7.236276
0	16	31	6.624750
0	16	45	6.338523
0	16	47	6.216265
0	16	29	5.651293
0	16	3	5.629556
0	16	14	4.301345
0	16	57	4.106683
0	16	40	3.571781
0	16	50	3.417719
0	16	72	3.156027
0	16	79	3.134575
0	16	61	2.717499
0	16	23	2.570985
0	16	39	0.870580
0	16	46	0.542790
0	16	55	0.478973
0	16	74	0.263410
0	16	8	-0.817203
0	16	49	-1.527416
0	16	75	-1.790120
0	16	16	-1.802686
0	16	11	-3.770839
0	16	18	-4.031299
0	16	41	-4.164102
0	16	35	-4.360745
0	16	73	-5.120462
0	16	36	-5.607576
0	16	64	-5.628464
0	16	71	-5.760226
0	16	85	-5.763930
0	16	66	-6.012681
0	16	42	-6.397112
0	16	70	-6.646942
0	16	33	-6.699132
0	16	24	-6.828246
0	16	34	-6.903227
0	16	78	-7.187810
0	16	76	-7.421799
0	16	77	-7.682782
0	16	44	-7.714592
0	19	27	10.162992
0	19	22	9.358001
0	19	46	9.075752
0	19	65	9.035811
0	19	63	8.616499
0	19	43	8.100127
0	19	21	7.935124
0	19	31	7.921596
0	19	53	7.850372
0	19	38	7.571020
0	19	61	7.456503
0	19	51	7.144551
0	19	29	7.114028
0	19	20	7.021411
0	19	28	6.674641
0	19	56	6.243596
0	19	30	6.071174
0	19	37	5.628441
0	19	25	5.608883
0	19	32	5.493896
0	19	26	5.018446
0	19	71	5.006127
0	19	48	4.982018
0	19	69	4.694547
0	19	45	4.502091
0	19	57	4.245539
0	19	23	4.212810
0	19	40	4.077663
0	19	3	4.017291
0	19	58	3.261552
0	19	42	3.073183
0	19	62	2.609855
0	19	11	2.563596
0	19	79	2.512992
0	19	24	2.168743
0	19	72	2.138804
0	19	14	1.232714
0	19	41	1.105942
0	19	75	0.814601
0	19	8	-0.299562
0	19	39	-0.535518
0	19	47	-0.720479
0	19	55	-0.779832
0	19	18	-1.013198
0	19	36	-1.752016
0	19	73	-2.180339
0	19	74	-2.244053
0	19	16	-2.298453
0	19	54	-2.363003
0	19	70	-2.744235
0	19	85	-3.335544
0	19	66	-3.781139
0	19	64	-4.206519
0	19	33	-4.366813
0	19	78	-4.684911
0	19	35	-4.796013
0	19	50	-4.991732
0	19	52	-5.103040
0	19	77	-5.325645
0	19	34	-5.429542
0	19	49	-6.443529
0	19	76	-6.731153
0	19	44	-7.390403
0	22	43	11.079667
0	22	53	11.037397
0	22	22	10.709622
0	22	58	10.428203
0	22	63	10.297688
0	22	32	10.264988
0	22	46	10.166147
0	22	26	10.133857
0	22	21	9.225875
0	22	51	9.149765
0	22	37	9.139421
0	22	20	8.745185
0	22	28	8.653882
0	22	56	8.640805
0	22	65	8.633681
0	22	42	8.632832
0	22	27	8.628572
0	22	38	8.371369
0	22	61	8.265281
0	22	23	7.986577
0	22	70	7.025452
0	22	52	6.852659
0	22	49	6.782814
0	22	76	6.574601
0	22	30	6.025358
0	22	50	5.909807
0	22	69	5.644510
0	22	62	5.590997
0	22	25	5.336522
0	22	11	5.177466
0	22	29	5.127294
0	22	48	5.009430
0	22	54	4.455199
0	22	31	3.787693
0	22	16	3.688799
0	22	14	3.629195
0	22	3	3.399179
0	22	47	3.168856
0	22	40	3.127566
0	22	35	2.609673
0	22	18	2.521767
0	22	34	2.361823
0	22	71	2.076511
0	22	79	2.034544
0	22	24	1.859626
0	22	74	1.699816
0	22	57	1.542292
0	22	72	1.095308
0	22	66	0.667274
0	22	45	0.642356
0	22	75	0.513949
0	22	36	0.363046
0	22	64	0.246697
0	22	33	0.030296
0	22	78	-0.622979
0	22	39	-1.538193
0	22	8	-1.663939
0	22	41	-2.342230
0	22	55	-2.602649
0	22	73	-2.723688
0	22	77	-3.139432
0	22	85	-5.006197
0	22	44	-5.779928
0	43	63	11.343043
0	43	88	10.655464
0	43	99	10.586924
0	43	94	10.573947
0	43	91	10.239059
0	43	92	10.132159
0	43	90	9.991273
0	43	11	9.989278
0	43	15	9.896713
0	43	89	9.846104
0	43	105	9.471394
0	43	61	9.127648
0	43	69	9.007164
0	43	3	8.934679
0	43	87	8.650169
0	43	93	8.485826
0	43	58	8.247213
0	43	98	7.860709
0	43	106	5.933799
0	43	26	5.300500
0	43	14	5.065229
0	43	103	3.527364
0	43	18	3.133802
0	43	13	2.991574
0	43	8	2.642341
0	43	17	1.283955
0	43	110	-1.320152
0	43	100	-1.395855
0	43	108	-1.920375
0	43	109	-2.567178
0	43	97	-4.962928
0	43	95	-6.382038
0	43	96	-6.454351
0	43	85	-6.670096
0	43	107	-7.347586
0	43	86	-7.456039
0	43	52	-7.646809
0	44	93	10.015509
0	44	63	9.418088
0	44	88	9.311077
0	44	99	9.032619
0	44	89	8.951641
0	44	94	7.852313
0	44	15	7.369878
0	44	91	7.223238
0	44	87	7.020889
0	44	92	6.618983
0	44	58	6.501219
0	44	11	6.381996
0	44	98	5.121593
0	44	69	4.905395
0	44	3	4.850770
0	44	106	4.735340
0	44	95	4.687393
0	44	90	4.375040
0	44	14	2.905301
0	44	13	2.840609
0	44	18	2.539550
0	44	61	1.609286
0	44	8	1.521118
0	44	52	1.049126
0	44	105	-0.207843
0	44	103	-0.409991
0	44	97	-0.803902
0	44	100	-1.230473
0	44	17	-2.218960
0	44	26	-2.525214
0	44	110	-3.028642
0	44	109	-3.059759
0	44	107	-3.231319
0	44	96	-3.283270
0	44	108	-4.229318
0	44	86	-6.975528
0	44	85	-7.343856
0	54	8	7.833223
0	54	11	7.103025
0	54	14	6.422708
0	54	18	0.459210
0	54	3	-0.797922
0	54	13	-1.182616
0	54	16	-6.651145
0	54	111	-6.959917
0	54	7	-7.231458
0	54	17	-8.074894
0	57	11	10.019388
0	57	18	7.011256
0	57	3	6.338198
0	57	14	4.234524
0	57	8	2.033695
0	57	13	1.832223
0	57	17	-1.486799
0	57	16	-2.221308
0	57	111	-4.277657
0	57	7	-4.438324
0	58	11	8.696711
0	58	18	7.560457
0	58	8	4.339961
0	58	14	3.828730
0	58	13	-2.115932
0	58	3	-4.297535
0	58	16	-5.046696
0	58	111	-7.396135
0	58	7	-7.414109
0	58	17	-7.947371
0	73	132	10.867698
0	73	154	10.278661
0	73	150	10.197768
0	73	149	10.011627
0	73	159	9.963593
0	73	157	9.922436
0	73	153	9.880602
0	73	158	9.837642
0	73	163	9.526515
0	73	169	9.505670
0	73	11	9.427548
0	73	168	9.300477
0	73	137	9.295045
0	73	161	9.265646
0	73	151	9.177460
0	73	156	9.166400
0	73	152	9.090743
0	73	148	7.641973
0	73	18	7.527262
0	73	8	7.260395
0	73	170	6.624687
0	73	160	5.434565
0	73	14	3.682792
0	73	162	2.088858
0	73	13	2.077836
0	73	147	1.356701
0	73	3	0.245161
0	73	16	-0.059563
0	73	145	-4.201179
0	73	17	-6.582619
0	73	146	-7.070394
0	73	155	-7.306366
0	74	132	11.107547
0	74	157	10.520503
0	74	150	10.312228
0	74	158	10.307031
0	74	11	10.102967
0	74	159	9.879204
0	74	152	9.804987
0	74	149	9.613626
0	74	154	9.607439
0	74	153	9.595511
0	74	161	9.544546
0	74	169	9.292080
0	74	137	8.967540
0	74	163	8.897456
0	74	151	8.369202
0	74	156	6.951468
0	74	168	6.371693
0	74	14	3.151858
0	74	148	3.037600
0	74	18	2.029010
0	74	162	0.582012
0	74	160	0.581797
0	74	170	0.332924
0	74	13	-0.036309
0	74	3	-0.173592
0	74	8	-0.622579
0	74	16	-4.875667
0	74	155	-6.349393
0	74	147	-6.989884
0	74	17	-7.363161
0	74	145	-7.631815
0	74	146	-7.915802
0	75	132	10.725228
0	75	165	10.336619
0	75	137	10.173079
0	75	11	10.110642
0	75	167	9.676743
0	75	128	9.288516
0	75	166	8.357054
0	75	164	8.171466
0	75	171	8.081659
0	75	14	7.194054
0	75	18	7.066753
0	75	8	6.334418
0	75	147	5.202226
0	75	145	5.168191
0	75	160	4.590040
0	75	13	0.344010
0	75	3	-1.013089
0	75	16	-3.310667
0	75	17	-7.093526
0	75	146	-8.098019
0	77	11	9.187200
0	77	137	9.120558
0	77	18	9.047009
0	77	165	8.785033
0	77	128	8.781208
0	77	132	8.767407
0	77	8	8.178901
0	77	166	7.975170
0	77	164	7.001679
0	77	145	6.848102
0	77	171	6.483371
0	77	147	5.869820
0	77	167	5.617996
0	77	3	5.465220
0	77	14	5.157800
0	77	17	4.253042
0	77	160	3.916253
0	77	13	1.260642
0	77	16	0.232000
0	77	146	-0.712561
0	94	116	11.438934
0	94	188	11.102715
0	94	63	10.900564
0	94	99	10.657095
0	94	51	10.548021
0	94	200	10.381601
0	94	207	10.271711
0	94	190	10.241829
0	94	126	9.847960
0	94	192	9.823245
0	94	15	9.764675
0	94	193	9.455837
0	94	196	8.965356
0	94	205	8.777788
0	94	210	8.669440
0	94	122	8.287544
0	94	206	7.755591
0	94	198	7.720055
0	94	201	7.675956
0	94	3	7.661742
0	94	197	5.185350
0	94	14	4.956445
0	94	18	4.492752
0	94	189	4.452853
0	94	194	4.282789
0	94	13	2.986522
0	94	8	1.678666
0	94	17	0.134368
0	94	109	-0.777038
0	94	202	-1.179847
0	94	217	-1.617256
0	94	191	-1.876827
0	94	16	-2.519545
0	94	204	-3.356446
0	94	113	-3.980448
0	94	195	-4.106981
0	94	203	-4.686131
0	94	208	-4.748193
0	94	187	-4.875968
0	94	209	-4.936485
0	94	199	-6.640599
0	94	212	-7.119205
0	95	116	10.838265
0	95	217	10.177432
0	95	198	10.160522
0	95	207	9.854006
0	95	17	9.614026
0	95	200	9.609576
0	95	199	9.500392
0	95	201	9.494286
0	95	193	9.482568
0	95	122	9.315782
0	95	210	9.278050
0	95	18	9.255814
0	95	15	9.222949
0	95	188	9.136760
0	95	99	9.057587
0	95	8	8.327455
0	95	194	8.136271
0	95	126	7.867435
0	95	202	7.723763
0	95	196	7.635166
0	95	204	7.373844
0	95	3	7.228513
0	95	208	7.152648
0	95	187	7.071861
0	95	190	7.043164
0	95	51	6.892963
0	95	14	6.892512
0	95	189	6.370179
0	95	197	6.060245
0	95	191	5.946743
0	95	206	5.906136
0	95	195	5.857508
0	95	205	4.539830
0	95	203	4.191451
0	95	192	3.965165
0	95	13	3.938240
0	95	209	3.749199
0	95	16	3.443274
0	95	63	1.760839
0	95	109	1.438405
0	95	212	-3.377820
0	95	113	-3.901864
0	96	116	11.495120
0	96	63	11.357400
0	96	188	10.851257
0	96	207	10.659561
0	96	200	10.338724
0	96	190	10.237716
0	96	51	10.093760
0	96	15	9.910311
0	96	210	9.804091
0	96	122	9.670037
0	96	193	9.666725
0	96	99	9.498741
0	96	201	8.791333
0	96	3	8.468842
0	96	196	8.354730
0	96	192	8.300320
0	96	206	7.803297
0	96	205	7.096050
0	96	126	6.981945
0	96	197	6.373536
0	96	18	4.650411
0	96	13	4.567851
0	96	198	3.931046
0	96	189	3.706826
0	96	199	3.378458
0	96	14	3.309204
0	96	194	3.187949
0	96	17	2.409353
0	96	16	0.071716
0	96	8	-0.392050
0	96	202	-1.239460
0	96	191	-1.899258
0	96	109	-2.345433
0	96	204	-2.474238
0	96	208	-2.583595
0	96	217	-3.031005
0	96	195	-3.892147
0	96	203	-5.276269
0	96	209	-5.545994
0	96	113	-6.019905
0	96	187	-6.332248
0	96	212	-6.814913
0	99	211	10.280693
0	99	51	10.073887
0	99	188	10.035278
0	99	207	8.677096
0	99	122	8.620208
0	99	63	8.396410
0	99	193	8.268453
0	99	99	7.851151
0	99	206	7.527316
0	99	15	6.443296
0	99	200	6.369245
0	99	196	5.828649
0	99	190	5.806277
0	99	14	3.351261
0	99	113	2.793765
0	99	18	2.622524
0	99	116	2.534948
0	99	210	2.212935
0	99	3	1.601782
0	99	13	1.360398
0	99	8	0.346871
0	99	201	-0.719109
0	99	16	-1.095735
0	99	192	-1.413705
0	99	198	-1.484064
0	99	202	-1.720777
0	99	189	-2.379583
0	99	204	-2.390079
0	99	109	-3.014072
0	99	195	-3.311728
0	99	194	-3.338373
0	99	126	-3.635005
0	99	209	-4.156914
0	99	197	-4.204104
0	99	205	-4.292827
0	99	203	-4.340499
0	99	212	-6.001063
0	99	199	-6.404677
0	99	217	-6.473744
0	99	191	-6.616126
0	100	188	8.762567
0	100	51	8.702384
0	100	207	7.588587
0	100	63	6.729781
0	100	99	6.573323
0	100	211	6.407486
0	100	122	4.591276
0	100	200	2.938776
0	100	190	2.933070
0	100	206	2.116833
0	100	14	1.547945
0	100	196	1.399851
0	100	15	1.141576
0	100	13	0.464463
0	100	18	0.272643
0	100	3	-0.550068
0	100	8	-0.950412
0	100	116	-1.384276
0	100	202	-2.076292
0	100	109	-2.435815
0	100	16	-2.495671
0	100	193	-2.933917
0	100	201	-3.331052
0	100	194	-3.735674
0	100	210	-3.843427
0	100	204	-4.171357
0	100	195	-4.277915
0	100	198	-4.528385
0	100	197	-4.574377
0	100	192	-4.607810
0	100	126	-4.691236
0	100	205	-4.899400
0	100	209	-5.270429
0	100	189	-5.707143
0	100	217	-5.997041
0	100	113	-6.110263
0	100	203	-6.658856
0	100	199	-7.448863
0	100	191	-7.490806
0	100	212	-7.672384
0	123	243	9.454789
0	123	228	9.261805
0	123	201	9.014644
0	123	188	8.840655
0	123	190	8.743301
0	123	207	8.728279
0	123	224	8.296009
0	123	229	8.230896
0	123	232	8.131350
0	123	51	7.578344
0	123	122	7.310359
0	123	230	7.093029
0	123	221	6.781247
0	123	210	6.610448
0	123	197	6.248758
0	123	196	6.239847
0	123	242	5.964262
0	123	233	5.307280
0	123	240	5.101615
0	123	18	5.071866
0	123	245	5.045025
0	123	225	4.293582
0	123	3	3.696629
0	123	198	3.294766
0	123	227	2.605588
0	123	239	2.569638
0	123	222	2.235313
0	123	246	2.203999
0	123	14	1.719284
0	123	199	1.526695
0	123	226	1.489909
0	123	8	1.416628
0	123	96	0.664925
0	123	116	0.277689
0	123	241	-0.165191
0	123	237	-1.157115
0	123	16	-1.357303
0	123	247	-1.671652
0	123	244	-2.609414
0	123	11	-4.684916
0	123	217	-5.068368
0	123	235	-5.377896
0	123	231	-5.642626
0	123	223	-6.180988
0	123	236	-6.520963
0	123	208	-6.629939
0	123	238	-6.727478
0	123	187	-7.353395
0	123	234	-7.413392
0	123	191	-7.445982
0	123	99	-7.708231
0	124	11	9.923266
0	124	207	9.766613
0	124	221	9.658033
0	124	228	9.620297
0	124	244	9.521328
0	124	232	9.516891
0	124	201	9.491003
0	124	188	9.319973
0	124	224	9.220243
0	124	240	8.622845
0	124	236	8.565906
0	124	210	8.515625
0	124	51	8.285943
0	124	225	7.908633
0	124	122	7.812438
0	124	243	7.482234
0	124	229	7.441607
0	124	245	7.305898
0	124	18	7.075942
0	124	231	6.771219
0	124	233	6.503483
0	124	8	6.228222
0	124	227	5.721824
0	124	14	5.305271
0	124	222	5.212692
0	124	242	5.118444
0	124	230	4.940497
0	124	191	4.562088
0	124	199	4.073050
0	124	197	3.949138
0	124	196	3.877671
0	124	235	3.872571
0	124	190	3.723230
0	124	3	3.587495
0	124	237	2.757533
0	124	241	2.585493
0	124	208	1.694329
0	124	239	1.643973
0	124	198	1.352704
0	124	223	0.446131
0	124	217	-0.680134
0	124	246	-0.879790
0	124	247	-1.122094
0	124	16	-1.477264
0	124	226	-2.183178
0	124	187	-3.570563
0	124	116	-3.607524
0	124	96	-6.601845
0	124	99	-6.895741
0	124	238	-7.507728
0	124	234	-7.829279
0	125	229	11.175992
0	125	207	10.466487
0	125	224	10.452495
0	125	228	10.387284
0	125	11	10.343727
0	125	201	9.942941
0	125	188	9.926851
0	125	51	9.579062
0	125	232	9.469954
0	125	116	9.449572
0	125	190	9.405001
0	125	221	9.400528
0	125	240	9.342186
0	125	236	9.092638
0	125	245	9.081356
0	125	233	9.044966
0	125	122	9.036325
0	125	210	8.961077
0	125	243	8.951521
0	125	244	8.887240
0	125	230	8.682250
0	125	246	8.567417
0	125	242	8.524716
0	125	222	8.048662
0	125	198	7.777941
0	125	196	7.453429
0	125	227	7.437608
0	125	96	7.238855
0	125	3	7.102328
0	125	226	6.849990
0	125	225	6.641172
0	125	18	6.442442
0	125	191	5.693084
0	125	231	4.885840
0	125	99	4.245711
0	125	8	4.224499
0	125	234	3.583946
0	125	217	3.368442
0	125	223	2.902981
0	125	239	2.892763
0	125	14	2.783077
0	125	241	2.629525
0	125	235	2.575222
0	125	197	2.192805
0	125	237	0.788082
0	125	247	-1.181901
0	125	199	-1.303176
0	125	16	-1.827446
0	125	208	-3.912237
0	125	187	-4.735189
0	125	238	-6.709300
0	126	244	10.154468
0	126	229	9.847574
0	126	116	9.823932
0	126	207	9.799159
0	126	188	9.672910
0	126	221	9.615739
0	126	240	9.469291
0	126	228	9.393970
0	126	224	9.376648
0	126	190	9.316874
0	126	232	9.218733
0	126	11	9.198945
0	126	222	9.181847
0	126	227	9.147824
0	126	236	9.088201
0	126	245	8.877615
0	126	201	8.755076
0	126	226	8.740876
0	126	246	8.666481
0	126	122	8.587578
0	126	51	8.233971
0	126	210	8.044402
0	126	233	7.847865
0	126	198	7.827353
0	126	239	7.750499
0	126	243	7.563460
0	126	196	7.443391
0	126	225	7.128538
0	126	230	6.745121
0	126	18	6.624622
0	126	242	6.227830
0	126	217	6.069077
0	126	231	5.891384
0	126	3	5.506957
0	126	96	5.388394
0	126	223	5.366623
0	126	14	5.084401
0	126	197	4.391117
0	126	241	4.177655
0	126	235	4.165810
0	126	8	3.612897
0	126	237	1.817119
0	126	199	-0.032918
0	126	16	-0.135207
0	126	247	-0.588445
0	126	99	-1.593802
0	126	191	-3.304770
0	126	187	-4.779818
0	126	208	-5.012626
0	126	234	-5.825383
0	126	238	-7.762131
0	127	232	10.672505
0	127	188	10.034183
0	127	228	9.951425
0	127	207	9.809602
0	127	116	9.757963
0	127	190	9.627331
0	127	122	9.613081
0	127	221	9.592283
0	127	224	9.422228
0	127	229	9.108655
0	127	51	9.107403
0	127	230	8.582374
0	127	210	8.342957
0	127	233	8.179242
0	127	201	8.012962
0	127	3	7.894846
0	127	245	7.501090
0	127	242	7.306362
0	127	240	7.257658
0	127	244	6.908359
0	127	197	6.840064
0	127	222	6.374142
0	127	243	5.314844
0	127	196	5.165380
0	127	231	3.952411
0	127	14	3.932960
0	127	241	2.214833
0	127	234	0.365581
0	127	236	0.108595
0	127	99	-0.099327
0	127	208	-0.113703
0	127	18	-0.126733
0	127	238	-1.469355
0	127	8	-1.589159
0	127	199	-1.590919
0	127	247	-1.636614
0	127	11	-2.104727
0	127	225	-2.119050
0	127	16	-2.478873
0	127	237	-2.580560
0	127	227	-2.679553
0	127	239	-3.115271
0	127	217	-4.199942
0	127	198	-5.146804
0	127	191	-6.177465
0	127	246	-6.857883
0	127	223	-6.920631
0	127	226	-7.018924
0	127	235	-7.261273
0	127	96	-7.490859
0	127	187	-7.895977
0	144	200	9.140256
0	144	248	8.687464
0	144	253	8.542136
0	144	252	8.376628
0	144	257	8.325845
0	144	251	6.079384
0	144	201	3.845170
0	144	63	3.590530
0	144	3	2.892238
0	144	14	2.599403
0	144	11	1.327328
0	144	13	0.588689
0	144	258	0.503864
0	144	18	-0.098737
0	144	250	-0.562268
0	144	254	-1.568538
0	144	109	-2.771870
0	144	16	-2.934916
0	144	249	-3.354712
0	144	8	-3.659261
0	144	256	-4.065222
0	144	17	-6.383708
0	144	113	-6.975159
0	144	199	-7.172836
0	144	110	-7.350296
0	144	191	-7.364633
0	144	255	-7.597547
0	144	187	-7.663497
0	144	208	-7.832396
0	145	257	10.504476
0	145	63	10.161372
0	145	254	10.157358
0	145	200	9.880646
0	145	252	9.794686
0	145	251	9.561451
0	145	201	9.444967
0	145	248	8.995553
0	145	253	8.974442
0	145	8	8.301793
0	145	18	8.275832
0	145	14	7.348772
0	145	11	7.261957
0	145	3	6.739861
0	145	258	2.782861
0	145	110	2.472053
0	145	13	0.196200
0	145	250	-1.892526
0	145	255	-3.302441
0	145	191	-3.383874
0	145	199	-3.766045
0	145	16	-4.169775
0	145	109	-5.650722
0	145	17	-6.182808
0	145	208	-7.055197
0	145	113	-7.063282
0	145	249	-7.261213
0	145	256	-7.528971
0	145	187	-7.854062
0	146	257	10.287893
0	146	11	8.645267
0	146	251	8.018965
0	146	253	7.323123
0	146	201	7.189308
0	146	18	6.439039
0	146	248	6.072253
0	146	252	5.495214
0	146	199	5.352807
0	146	200	4.314786
0	146	8	3.631619
0	146	14	1.947878
0	146	3	1.837070
0	146	258	1.057880
0	146	110	0.652230
0	146	63	-0.607296
0	146	250	-1.172912
0	146	13	-2.328000
0	146	255	-3.130376
0	146	109	-3.517659
0	146	256	-3.571645
0	146	191	-3.631517
0	146	254	-4.585073
0	146	249	-4.794415
0	146	16	-5.032593
0	146	187	-6.120771
0	146	113	-6.278990
0	146	208	-6.592235
0	146	17	-7.049378
0	147	257	11.067798
0	147	63	10.994965
0	147	254	10.675963
0	147	200	9.829046
0	147	253	9.365794
0	147	252	9.356830
0	147	248	8.939462
0	147	201	7.729043
0	147	251	6.940359
0	147	11	6.784516
0	147	13	4.003749
0	147	3	3.866823
0	147	8	3.265854
0	147	199	3.261820
0	147	14	2.821417
0	147	250	2.285327
0	147	18	2.093900
0	147	16	1.654177
0	147	258	1.493149
0	147	110	-1.390645
0	147	109	-2.796862
0	147	249	-2.866306
0	147	17	-3.281619
0	147	191	-3.665875
0	147	256	-4.604734
0	147	113	-4.935824
0	147	255	-6.130095
0	147	208	-6.670832
0	147	187	-7.515040
0	148	254	9.692235
0	148	257	9.563040
0	148	200	8.282388
0	148	253	8.124266
0	148	63	7.940643
0	148	248	7.806503
0	148	252	7.509941
0	148	201	5.426402
0	148	3	3.802755
0	148	258	2.265490
0	148	14	1.815285
0	148	250	0.360753
0	148	13	0.091454
0	148	18	-0.184546
0	148	199	-1.519167
0	148	113	-2.962230
0	148	8	-3.076385
0	148	249	-3.303504
0	148	16	-3.485355
0	148	109	-3.881789
0	148	11	-4.352244
0	148	251	-4.581319
0	148	110	-4.761050
0	148	17	-5.569833
0	148	208	-5.604656
0	148	256	-5.839903
0	148	255	-6.103622
0	148	191	-6.898264
0	148	187	-7.620600
0	150	257	10.894593
0	150	251	9.996666
0	150	253	9.553733
0	150	252	8.823207
0	150	248	8.678851
0	150	201	8.568851
0	150	200	5.934457
0	150	14	4.556738
0	150	11	4.043458
0	150	18	3.548008
0	150	258	2.361516
0	150	8	1.764173
0	150	250	0.637797
0	150	3	0.499640
0	150	13	-0.898287
0	150	256	-1.010089
0	150	254	-2.072615
0	150	16	-3.852146
0	150	249	-3.864360
0	150	109	-3.941613
0	150	63	-4.247451
0	150	187	-4.941236
0	150	199	-5.112751
0	150	113	-5.876046
0	150	110	-6.472696
0	150	255	-6.702079
0	150	17	-6.894351
0	150	208	-7.014571
0	150	191	-7.253691
0	177	183	11.618549
0	177	269	11.474355
0	177	267	11.374742
0	177	116	11.316772
0	177	63	10.690053
0	177	244	10.482812
0	177	270	10.332775
0	177	30	10.222058
0	177	263	9.605988
0	177	268	9.497594
0	177	61	9.181714
0	177	51	9.112782
0	177	265	9.001249
0	177	119	8.817172
0	177	231	8.486756
0	177	264	8.265732
0	177	112	7.443709
0	177	3	6.186802
0	177	58	3.657670
0	177	266	3.427560
0	177	14	3.268257
0	177	280	3.252206
0	177	115	3.120381
0	177	13	2.060291
0	177	8	1.360645
0	177	271	1.050342
0	177	16	-1.043251
0	177	11	-1.404327
0	177	278	-2.738824
0	177	109	-3.772169
0	177	18	-4.687405
0	177	17	-4.811462
0	177	113	-5.293531
0	177	272	-6.330020
0	177	277	-6.373648
0	177	255	-6.671885
0	178	183	10.932532
0	178	116	10.680037
0	178	244	9.594367
0	178	270	8.563323
0	178	17	8.126585
0	178	63	8.064301
0	178	263	7.853065
0	178	265	7.570556
0	178	119	7.538648
0	178	30	7.205657
0	178	61	7.169083
0	178	267	7.134315
0	178	269	6.543163
0	178	264	6.116580
0	178	112	4.977896
0	178	266	4.795602
0	178	51	4.624912
0	178	231	4.502314
0	178	115	4.423052
0	178	3	4.029626
0	178	268	3.657656
0	178	11	3.163719
0	178	18	2.871052
0	178	14	2.346263
0	178	58	2.057768
0	178	271	1.733952
0	178	13	1.412632
0	178	8	0.742475
0	178	280	0.178187
0	178	16	0.024243
0	178	109	-1.779524
0	178	272	-2.076759
0	178	113	-2.686823
0	178	278	-3.667686
0	178	255	-5.518522
0	178	277	-5.814233
0	179	116	10.916184
0	179	63	10.792403
0	179	183	10.609262
0	179	269	10.237532
0	179	270	9.562128
0	179	244	9.268294
0	179	263	8.947358
0	179	267	8.682037
0	179	51	8.338951
0	179	61	8.257325
0	179	265	7.987511
0	179	30	6.912206
0	179	119	5.787241
0	179	3	4.853000
0	179	112	4.340513
0	179	14	4.321655
0	179	13	4.076996
0	179	268	4.035390
0	179	264	3.142821
0	179	266	3.003551
0	179	231	1.552146
0	179	8	0.934502
0	179	16	0.495679
0	179	280	-0.707917
0	179	271	-0.862461
0	179	115	-1.359390
0	179	18	-1.875678
0	179	109	-2.345325
0	179	11	-2.579450
0	179	113	-3.522781
0	179	58	-3.578342
0	179	17	-4.248456
0	179	272	-5.283450
0	179	277	-5.477829
0	179	255	-5.665766
0	179	278	-6.137596
0	180	183	11.620285
0	180	116	11.325659
0	180	269	11.193741
0	180	263	10.568892
0	180	270	10.209559
0	180	244	9.659069
0	180	30	9.612110
0	180	63	9.176773
0	180	264	8.286812
0	180	119	7.867357
0	180	267	7.495167
0	180	266	6.624466
0	180	268	5.970313
0	180	11	5.827192
0	180	265	5.731930
0	180	115	5.687458
0	180	3	5.238560
0	180	61	5.125828
0	180	112	4.207680
0	180	14	3.654029
0	180	8	2.879955
0	180	13	2.471772
0	180	18	1.939333
0	180	51	1.539700
0	180	271	-0.574978
0	180	109	-1.166400
0	180	16	-1.740487
0	180	231	-2.242269
0	180	280	-2.260048
0	180	113	-2.873377
0	180	17	-5.276931
0	180	277	-5.747942
0	180	255	-6.464147
0	180	278	-7.175993
0	180	272	-7.327278
0	180	58	-7.489444
0	181	183	11.243301
0	181	116	11.198975
0	181	269	10.818336
0	181	63	10.550138
0	181	263	10.185809
0	181	270	9.759627
0	181	244	9.560563
0	181	267	9.163254
0	181	30	8.869628
0	181	119	8.487258
0	181	61	8.300326
0	181	265	8.215932
0	181	264	7.999502
0	181	51	7.293834
0	181	3	6.233796
0	181	266	4.446655
0	181	112	4.216184
0	181	13	4.152030
0	181	268	4.004387
0	181	14	2.904413
0	181	115	1.391685
0	181	280	0.790419
0	181	231	0.434072
0	181	16	-0.962302
0	181	8	-1.348144
0	181	271	-1.819811
0	181	109	-1.940172
0	181	17	-2.832586
0	181	58	-2.875844
0	181	18	-4.105487
0	181	11	-4.616678
0	181	113	-5.141345
0	181	277	-5.658212
0	181	255	-6.093331
0	181	272	-7.217682
0	181	278	-7.442429
0	182	63	10.981252
0	182	183	10.701727
0	182	244	10.534286
0	182	116	10.267205
0	182	51	10.236350
0	182	263	10.132343
0	182	268	9.873544
0	182	112	9.406542
0	182	119	9.276769
0	182	61	8.929939
0	182	30	8.398458
0	182	270	8.347447
0	182	11	7.561587
0	182	264	7.555140
0	182	265	7.390656
0	182	115	7.183570
0	182	18	6.158525
0	182	3	5.839612
0	182	231	5.725171
0	182	267	5.700305
0	182	17	5.421358
0	182	14	5.349306
0	182	280	4.805048
0	182	266	2.988296
0	182	269	2.966184
0	182	271	2.517021
0	182	272	1.388222
0	182	13	-0.202257
0	182	8	-1.832721
0	182	16	-2.696338
0	182	109	-2.826394
0	182	58	-2.829416
0	182	278	-3.581899
0	182	113	-6.449709
0	182	255	-6.494608
0	182	277	-7.039338
0	183	267	11.678984
0	183	183	11.610419
0	183	116	11.490921
0	183	275	11.155517
0	183	263	11.108460
0	183	273	11.050048
0	183	294	10.981709
0	183	276	10.939908
0	183	283	10.929137
0	183	290	10.832807
0	183	291	10.818782
0	183	63	10.377009
0	183	244	10.296514
0	183	282	10.231080
0	183	270	10.163593
0	183	231	10.125498
0	183	279	10.036116
0	183	274	9.957181
0	183	264	9.856135
0	183	289	9.681367
0	183	51	9.595924
0	183	30	9.162199
0	183	278	8.713406
0	183	292	8.413982
0	183	61	8.315940
0	183	268	8.200274
0	183	288	8.140585
0	183	287	7.924300
0	183	112	7.859904
0	183	295	7.827659
0	183	119	7.378039
0	183	3	7.307127
0	183	285	7.292346
0	183	58	7.094167
0	183	18	6.476426
0	183	113	5.442031
0	183	286	4.134843
0	183	14	2.940812
0	183	271	2.303165
0	183	281	-0.623590
0	183	293	-1.675430
0	183	115	-3.367832
0	183	284	-5.403963
0	183	280	-6.762995
0	183	272	-7.392442
0	184	183	11.431160
0	184	116	11.033764
0	184	269	10.748837
0	184	244	10.720448
0	184	63	10.665793
0	184	267	10.636156
0	184	270	10.383690
0	184	263	9.975348
0	184	30	9.628809
0	184	268	9.584538
0	184	11	9.446113
0	184	266	9.437332
0	184	231	9.360335
0	184	119	9.072973
0	184	61	8.997358
0	184	265	8.979144
0	184	112	8.940214
0	184	115	7.726138
0	184	264	6.946575
0	184	51	6.335701
0	184	3	4.788017
0	184	18	3.684926
0	184	8	3.604373
0	184	255	3.513382
0	184	14	3.195747
0	184	271	1.547815
0	184	13	1.064175
0	184	58	0.604431
0	184	277	-1.088669
0	184	109	-2.913975
0	184	16	-3.358353
0	184	272	-3.743553
0	184	113	-5.639398
0	184	17	-5.663087
0	184	280	-6.672417
0	184	278	-7.462440
0	185	183	11.150179
0	185	269	10.674968
0	185	270	10.617262
0	185	116	10.602759
0	185	30	10.269963
0	185	244	9.966563
0	185	63	9.954822
0	185	263	9.851039
0	185	265	9.557459
0	185	231	8.991705
0	185	51	8.371440
0	185	119	8.254448
0	185	61	7.372857
0	185	266	7.291553
0	185	264	6.871907
0	185	3	6.578243
0	185	11	5.868618
0	185	18	5.746603
0	185	268	5.089867
0	185	272	5.058843
0	185	8	3.217745
0	185	14	3.036215
0	185	271	2.768912
0	185	115	2.663222
0	185	267	1.607255
0	185	13	1.447921
0	185	280	1.295217
0	185	112	-0.725226
0	185	255	-3.074528
0	185	16	-3.840664
0	185	109	-4.560807
0	185	17	-4.643866
0	185	278	-5.497337
0	185	277	-6.132744
0	185	113	-6.218307
0	185	58	-7.598505
0	186	183	11.613855
0	186	116	11.437922
0	186	263	11.395118
0	186	63	11.386594
0	186	269	11.238236
0	186	270	11.199882
0	186	244	10.850388
0	186	30	10.780569
0	186	61	10.780513
0	186	267	10.766131
0	186	265	10.417687
0	186	51	10.417088
0	186	268	9.333499
0	186	264	9.109320
0	186	266	8.987471
0	186	119	8.931439
0	186	271	8.840606
0	186	3	8.017785
0	186	112	7.338078
0	186	231	4.922056
0	186	18	4.918345
0	186	11	4.430332
0	186	14	2.996578
0	186	115	2.939251
0	186	8	2.527511
0	186	13	0.841254
0	186	280	0.465456
0	186	109	-3.385945
0	186	16	-4.085900
0	186	255	-4.161676
0	186	277	-6.597606
0	186	272	-6.812841
0	186	113	-6.862462
0	186	278	-7.091822
0	186	17	-7.153444
0	186	58	-7.859085
