0	2	1	10.961150
0	2	2	10.363194
0	2	15	10.019071
0	2	11	9.722343
0	2	5	9.720453
0	2	9	9.445210
0	2	4	8.363849
0	2	3	7.632607
0	2	18	5.802866
0	2	8	5.315193
0	2	14	4.556675
0	2	13	2.103047
0	2	0	0.926307
0	2	19	-0.140553
0	2	16	-2.276126
0	2	7	-3.577971
0	2	17	-3.701804
0	2	6	-5.783732
0	2	10	-6.911820
0	2	12	-7.084368
0	3	1	9.992983
0	3	11	9.962857
0	3	2	9.435645
0	3	15	9.400869
0	3	4	9.370831
0	3	9	9.132010
0	3	10	8.081629
0	3	5	7.220573
0	3	18	6.229330
0	3	0	5.750445
0	3	14	4.740664
0	3	8	4.676863
0	3	19	4.364532
0	3	3	3.871030
0	3	13	3.747916
0	3	7	3.744721
0	3	17	3.492158
0	3	16	1.942787
0	3	12	-2.097425
0	3	6	-3.342633
0	19	27	10.162992
0	19	22	9.358001
0	19	46	9.075752
0	19	65	9.035811
0	19	63	8.616499
0	19	43	8.100127
0	19	21	7.935124
0	19	31	7.921596
0	19	53	7.850372
0	19	38	7.571020
0	19	61	7.456503
0	19	51	7.144551
0	19	29	7.114028
0	19	20	7.021411
0	19	28	6.674641
0	19	56	6.243596
0	19	30	6.071174
0	19	37	5.628441
0	19	25	5.608883
0	19	32	5.493896
0	19	26	5.018446
0	19	71	5.006127
0	19	48	4.982018
0	19	69	4.694547
0	19	45	4.502091
0	19	57	4.245539
0	19	23	4.212810
0	19	40	4.077663
0	19	3	4.017291
0	19	58	3.261552
0	19	42	3.073183
0	19	62	2.609855
0	19	11	2.563596
0	19	79	2.512992
0	19	24	2.168743
0	19	72	2.138804
0	19	14	1.232714
0	19	41	1.105942
0	19	75	0.814601
0	19	8	-0.299562
0	19	39	-0.535518
0	19	47	-0.720479
0	19	55	-0.779832
0	19	18	-1.013198
0	19	36	-1.752016
0	19	73	-2.180339
0	19	74	-2.244053
0	19	16	-2.298453
0	19	54	-2.363003
0	19	70	-2.744235
0	19	85	-3.335544
0	19	66	-3.781139
0	19	64	-4.206519
0	19	33	-4.366813
0	19	78	-4.684911
0	19	35	-4.796013
0	19	50	-4.991732
0	19	52	-5.103040
0	19	77	-5.325645
0	19	34	-5.429542
0	19	49	-6.443529
0	19	76	-6.731153
0	19	44	-7.390403
0	22	43	11.079667
0	22	53	11.037397
0	22	22	10.709622
0	22	58	10.428203
0	22	63	10.297688
0	22	32	10.264988
0	22	46	10.166147
0	22	26	10.133857
0	22	21	9.225875
0	22	51	9.149765
0	22	37	9.139421
0	22	20	8.745185
0	22	28	8.653882
0	22	56	8.640805
0	22	65	8.633681
0	22	42	8.632832
0	22	27	8.628572
0	22	38	8.371369
0	22	61	8.265281
0	22	23	7.986577
0	22	70	7.025452
0	22	52	6.852659
0	22	49	6.782814
0	22	76	6.574601
0	22	30	6.025358
0	22	50	5.909807
0	22	69	5.644510
0	22	62	5.590997
0	22	25	5.336522
0	22	11	5.177466
0	22	29	5.127294
0	22	48	5.009430
0	22	54	4.455199
0	22	31	3.787693
0	22	16	3.688799
0	22	14	3.629195
0	22	3	3.399179
0	22	47	3.168856
0	22	40	3.127566
0	22	35	2.609673
0	22	18	2.521767
0	22	34	2.361823
0	22	71	2.076511
0	22	79	2.034544
0	22	24	1.859626
0	22	74	1.699816
0	22	57	1.542292
0	22	72	1.095308
0	22	66	0.667274
0	22	45	0.642356
0	22	75	0.513949
0	22	36	0.363046
0	22	64	0.246697
0	22	33	0.030296
0	22	78	-0.622979
0	22	39	-1.538193
0	22	8	-1.663939
0	22	41	-2.342230
0	22	55	-2.602649
0	22	73	-2.723688
0	22	77	-3.139432
0	22	85	-5.006197
0	22	44	-5.779928
0	43	63	11.343043
0	43	88	10.655464
0	43	99	10.586924
0	43	94	10.573947
0	43	91	10.239059
0	43	92	10.132159
0	43	90	9.991273
0	43	11	9.989278
0	43	15	9.896713
0	43	89	9.846104
0	43	105	9.471394
0	43	61	9.127648
0	43	69	9.007164
0	43	3	8.934679
0	43	87	8.650169
0	43	93	8.485826
0	43	58	8.247213
0	43	98	7.860709
0	43	106	5.933799
0	43	26	5.300500
0	43	14	5.065229
0	43	103	3.527364
0	43	18	3.133802
0	43	13	2.991574
0	43	8	2.642341
0	43	17	1.283955
0	43	110	-1.320152
0	43	100	-1.395855
0	43	108	-1.920375
0	43	109	-2.567178
0	43	97	-4.962928
0	43	95	-6.382038
0	43	96	-6.454351
0	43	85	-6.670096
0	43	107	-7.347586
0	43	86	-7.456039
0	43	52	-7.646809
0	57	11	10.019388
0	57	18	7.011256
0	57	3	6.338198
0	57	14	4.234524
0	57	8	2.033695
0	57	13	1.832223
0	57	17	-1.486799
0	57	16	-2.221308
0	57	111	-4.277657
0	57	7	-4.438324
0	73	132	10.867698
0	73	154	10.278661
0	73	150	10.197768
0	73	149	10.011627
0	73	159	9.963593
0	73	157	9.922436
0	73	153	9.880602
0	73	158	9.837642
0	73	163	9.526515
0	73	169	9.505670
0	73	11	9.427548
0	73	168	9.300477
0	73	137	9.295045
0	73	161	9.265646
0	73	151	9.177460
0	73	156	9.166400
0	73	152	9.090743
0	73	148	7.641973
0	73	18	7.527262
0	73	8	7.260395
0	73	170	6.624687
0	73	160	5.434565
0	73	14	3.682792
0	73	162	2.088858
0	73	13	2.077836
0	73	147	1.356701
0	73	3	0.245161
0	73	16	-0.059563
0	73	145	-4.201179
0	73	17	-6.582619
0	73	146	-7.070394
0	73	155	-7.306366
0	74	132	11.107547
0	74	157	10.520503
0	74	150	10.312228
0	74	158	10.307031
0	74	11	10.102967
0	74	159	9.879204
0	74	152	9.804987
0	74	149	9.613626
0	74	154	9.607439
0	74	153	9.595511
0	74	161	9.544546
0	74	169	9.292080
0	74	137	8.967540
0	74	163	8.897456
0	74	151	8.369202
0	74	156	6.951468
0	74	168	6.371693
0	74	14	3.151858
0	74	148	3.037600
0	74	18	2.029010
0	74	162	0.582012
0	74	160	0.581797
0	74	170	0.332924
0	74	13	-0.036309
0	74	3	-0.173592
0	74	8	-0.622579
0	74	16	-4.875667
0	74	155	-6.349393
0	74	147	-6.989884
0	74	17	-7.363161
0	74	145	-7.631815
0	74	146	-7.915802
0	75	132	10.725228
0	75	165	10.336619
0	75	137	10.173079
0	75	11	10.110642
0	75	167	9.676743
0	75	128	9.288516
0	75	166	8.357054
0	75	164	8.171466
0	75	171	8.081659
0	75	14	7.194054
0	75	18	7.066753
0	75	8	6.334418
0	75	147	5.202226
0	75	145	5.168191
0	75	160	4.590040
0	75	13	0.344010
0	75	3	-1.013089
0	75	16	-3.310667
0	75	17	-7.093526
0	75	146	-8.098019
0	77	11	9.187200
0	77	137	9.120558
0	77	18	9.047009
0	77	165	8.785033
0	77	128	8.781208
0	77	132	8.767407
0	77	8	8.178901
0	77	166	7.975170
0	77	164	7.001679
0	77	145	6.848102
0	77	171	6.483371
0	77	147	5.869820
0	77	167	5.617996
0	77	3	5.465220
0	77	14	5.157800
0	77	17	4.253042
0	77	160	3.916253
0	77	13	1.260642
0	77	16	0.232000
0	77	146	-0.712561
0	94	116	11.438934
0	94	188	11.102715
0	94	63	10.900564
0	94	99	10.657095
0	94	51	10.548021
0	94	200	10.381601
0	94	207	10.271711
0	94	190	10.241829
0	94	126	9.847960
0	94	192	9.823245
0	94	15	9.764675
0	94	193	9.455837
0	94	196	8.965356
0	94	205	8.777788
0	94	210	8.669440
0	94	122	8.287544
0	94	206	7.755591
0	94	198	7.720055
0	94	201	7.675956
0	94	3	7.661742
0	94	197	5.185350
0	94	14	4.956445
0	94	18	4.492752
0	94	189	4.452853
0	94	194	4.282789
0	94	13	2.986522
0	94	8	1.678666
0	94	17	0.134368
0	94	109	-0.777038
0	94	202	-1.179847
0	94	217	-1.617256
0	94	191	-1.876827
0	94	16	-2.519545
0	94	204	-3.356446
0	94	113	-3.980448
0	94	195	-4.106981
0	94	203	-4.686131
0	94	208	-4.748193
0	94	187	-4.875968
0	94	209	-4.936485
0	94	199	-6.640599
0	94	212	-7.119205
0	95	116	10.838265
0	95	217	10.177432
0	95	198	10.160522
0	95	207	9.854006
0	95	17	9.614026
0	95	200	9.609576
0	95	199	9.500392
0	95	201	9.494286
0	95	193	9.482568
0	95	122	9.315782
0	95	210	9.278050
0	95	18	9.255814
0	95	15	9.222949
0	95	188	9.136760
0	95	99	9.057587
0	95	8	8.327455
0	95	194	8.136271
0	95	126	7.867435
0	95	202	7.723763
0	95	196	7.635166
0	95	204	7.373844
0	95	3	7.228513
0	95	208	7.152648
0	95	187	7.071861
0	95	190	7.043164
0	95	51	6.892963
0	95	14	6.892512
0	95	189	6.370179
0	95	197	6.060245
0	95	191	5.946743
0	95	206	5.906136
0	95	195	5.857508
0	95	205	4.539830
0	95	203	4.191451
0	95	192	3.965165
0	95	13	3.938240
0	95	209	3.749199
0	95	16	3.443274
0	95	63	1.760839
0	95	109	1.438405
0	95	212	-3.377820
0	95	113	-3.901864
0	96	116	11.495120
0	96	63	11.357400
0	96	188	10.851257
0	96	207	10.659561
0	96	200	10.338724
0	96	190	10.237716
0	96	51	10.093760
0	96	15	9.910311
0	96	210	9.804091
0	96	122	9.670037
0	96	193	9.666725
0	96	99	9.498741
0	96	201	8.791333
0	96	3	8.468842
0	96	196	8.354730
0	96	192	8.300320
0	96	206	7.803297
0	96	205	7.096050
0	96	126	6.981945
0	96	197	6.373536
0	96	18	4.650411
0	96	13	4.567851
0	96	198	3.931046
0	96	189	3.706826
0	96	199	3.378458
0	96	14	3.309204
0	96	194	3.187949
0	96	17	2.409353
0	96	16	0.071716
0	96	8	-0.392050
0	96	202	-1.239460
0	96	191	-1.899258
0	96	109	-2.345433
0	96	204	-2.474238
0	96	208	-2.583595
0	96	217	-3.031005
0	96	195	-3.892147
0	96	203	-5.276269
0	96	209	-5.545994
0	96	113	-6.019905
0	96	187	-6.332248
0	96	212	-6.814913
0	100	188	8.762567
0	100	51	8.702384
0	100	207	7.588587
0	100	63	6.729781
0	100	99	6.573323
0	100	211	6.407486
0	100	122	4.591276
0	100	200	2.938776
0	100	190	2.933070
0	100	206	2.116833
0	100	14	1.547945
0	100	196	1.399851
0	100	15	1.141576
0	100	13	0.464463
0	100	18	0.272643
0	100	3	-0.550068
0	100	8	-0.950412
0	100	116	-1.384276
0	100	202	-2.076292
0	100	109	-2.435815
0	100	16	-2.495671
0	100	193	-2.933917
0	100	201	-3.331052
0	100	194	-3.735674
0	100	210	-3.843427
0	100	204	-4.171357
0	100	195	-4.277915
0	100	198	-4.528385
0	100	197	-4.574377
0	100	192	-4.607810
0	100	126	-4.691236
0	100	205	-4.899400
0	100	209	-5.270429
0	100	189	-5.707143
0	100	217	-5.997041
0	100	113	-6.110263
0	100	203	-6.658856
0	100	199	-7.448863
0	100	191	-7.490806
0	100	212	-7.672384
0	123	243	9.454789
0	123	228	9.261805
0	123	201	9.014644
0	123	188	8.840655
0	123	190	8.743301
0	123	207	8.728279
0	123	224	8.296009
0	123	229	8.230896
0	123	232	8.131350
0	123	51	7.578344
0	123	122	7.310359
0	123	230	7.093029
0	123	221	6.781247
0	123	210	6.610448
0	123	197	6.248758
0	123	196	6.239847
0	123	242	5.964262
0	123	233	5.307280
0	123	240	5.101615
0	123	18	5.071866
0	123	245	5.045025
0	123	225	4.293582
0	123	3	3.696629
0	123	198	3.294766
0	123	227	2.605588
0	123	239	2.569638
0	123	222	2.235313
0	123	246	2.203999
0	123	14	1.719284
0	123	199	1.526695
0	123	226	1.489909
0	123	8	1.416628
0	123	96	0.664925
0	123	116	0.277689
0	123	241	-0.165191
0	123	237	-1.157115
0	123	16	-1.357303
0	123	247	-1.671652
0	123	244	-2.609414
0	123	11	-4.684916
0	123	217	-5.068368
0	123	235	-5.377896
0	123	231	-5.642626
0	123	223	-6.180988
0	123	236	-6.520963
0	123	208	-6.629939
0	123	238	-6.727478
0	123	187	-7.353395
0	123	234	-7.413392
0	123	191	-7.445982
0	123	99	-7.708231
0	127	232	10.672505
0	127	188	10.034183
0	127	228	9.951425
0	127	207	9.809602
0	127	116	9.757963
0	127	190	9.627331
0	127	122	9.613081
0	127	221	9.592283
0	127	224	9.422228
0	127	229	9.108655
0	127	51	9.107403
0	127	230	8.582374
0	127	210	8.342957
0	127	233	8.179242
0	127	201	8.012962
0	127	3	7.894846
0	127	245	7.501090
0	127	242	7.306362
0	127	240	7.257658
0	127	244	6.908359
0	127	197	6.840064
0	127	222	6.374142
0	127	243	5.314844
0	127	196	5.165380
0	127	231	3.952411
0	127	14	3.932960
0	127	241	2.214833
0	127	234	0.365581
0	127	236	0.108595
0	127	99	-0.099327
0	127	208	-0.113703
0	127	18	-0.126733
0	127	238	-1.469355
0	127	8	-1.589159
0	127	199	-1.590919
0	127	247	-1.636614
0	127	11	-2.104727
0	127	225	-2.119050
0	127	16	-2.478873
0	127	237	-2.580560
0	127	227	-2.679553
0	127	239	-3.115271
0	127	217	-4.199942
0	127	198	-5.146804
0	127	191	-6.177465
0	127	246	-6.857883
0	127	223	-6.920631
0	127	226	-7.018924
0	127	235	-7.261273
0	127	96	-7.490859
0	127	187	-7.895977
0	147	257	11.067798
0	147	63	10.994965
0	147	254	10.675963
0	147	200	9.829046
0	147	253	9.365794
0	147	252	9.356830
0	147	248	8.939462
0	147	201	7.729043
0	147	251	6.940359
0	147	11	6.784516
0	147	13	4.003749
0	147	3	3.866823
0	147	8	3.265854
0	147	199	3.261820
0	147	14	2.821417
0	147	250	2.285327
0	147	18	2.093900
0	147	16	1.654177
0	147	258	1.493149
0	147	110	-1.390645
0	147	109	-2.796862
0	147	249	-2.866306
0	147	17	-3.281619
0	147	191	-3.665875
0	147	256	-4.604734
0	147	113	-4.935824
0	147	255	-6.130095
0	147	208	-6.670832
0	147	187	-7.515040
0	148	254	9.692235
0	148	257	9.563040
0	148	200	8.282388
0	148	253	8.124266
0	148	63	7.940643
0	148	248	7.806503
0	148	252	7.509941
0	148	201	5.426402
0	148	3	3.802755
0	148	258	2.265490
0	148	14	1.815285
0	148	250	0.360753
0	148	13	0.091454
0	148	18	-0.184546
0	148	199	-1.519167
0	148	113	-2.962230
0	148	8	-3.076385
0	148	249	-3.303504
0	148	16	-3.485355
0	148	109	-3.881789
0	148	11	-4.352244
0	148	251	-4.581319
0	148	110	-4.761050
0	148	17	-5.569833
0	148	208	-5.604656
0	148	256	-5.839903
0	148	255	-6.103622
0	148	191	-6.898264
0	148	187	-7.620600
0	150	257	10.894593
0	150	251	9.996666
0	150	253	9.553733
0	150	252	8.823207
0	150	248	8.678851
0	150	201	8.568851
0	150	200	5.934457
0	150	14	4.556738
0	150	11	4.043458
0	150	18	3.548008
0	150	258	2.361516
0	150	8	1.764173
0	150	250	0.637797
0	150	3	0.499640
0	150	13	-0.898287
0	150	256	-1.010089
0	150	254	-2.072615
0	150	16	-3.852146
0	150	249	-3.864360
0	150	109	-3.941613
0	150	63	-4.247451
0	150	187	-4.941236
0	150	199	-5.112751
0	150	113	-5.876046
0	150	110	-6.472696
0	150	255	-6.702079
0	150	17	-6.894351
0	150	208	-7.014571
0	150	191	-7.253691
0	177	183	11.618549
0	177	269	11.474355
0	177	267	11.374742
0	177	116	11.316772
0	177	63	10.690053
0	177	244	10.482812
0	177	270	10.332775
0	177	30	10.222058
0	177	263	9.605988
0	177	268	9.497594
0	177	61	9.181714
0	177	51	9.112782
0	177	265	9.001249
0	177	119	8.817172
0	177	231	8.486756
0	177	264	8.265732
0	177	112	7.443709
0	177	3	6.186802
0	177	58	3.657670
0	177	266	3.427560
0	177	14	3.268257
0	177	280	3.252206
0	177	115	3.120381
0	177	13	2.060291
0	177	8	1.360645
0	177	271	1.050342
0	177	16	-1.043251
0	177	11	-1.404327
0	177	278	-2.738824
0	177	109	-3.772169
0	177	18	-4.687405
0	177	17	-4.811462
0	177	113	-5.293531
0	177	272	-6.330020
0	177	277	-6.373648
0	177	255	-6.671885
0	178	183	10.932532
0	178	116	10.680037
0	178	244	9.594367
0	178	270	8.563323
0	178	17	8.126585
0	178	63	8.064301
0	178	263	7.853065
0	178	265	7.570556
0	178	119	7.538648
0	178	30	7.205657
0	178	61	7.169083
0	178	267	7.134315
0	178	269	6.543163
0	178	264	6.116580
0	178	112	4.977896
0	178	266	4.795602
0	178	51	4.624912
0	178	231	4.502314
0	178	115	4.423052
0	178	3	4.029626
0	178	268	3.657656
0	178	11	3.163719
0	178	18	2.871052
0	178	14	2.346263
0	178	58	2.057768
0	178	271	1.733952
0	178	13	1.412632
0	178	8	0.742475
0	178	280	0.178187
0	178	16	0.024243
0	178	109	-1.779524
0	178	272	-2.076759
0	178	113	-2.686823
0	178	278	-3.667686
0	178	255	-5.518522
0	178	277	-5.814233
0	179	116	10.916184
0	179	63	10.792403
0	179	183	10.609262
0	179	269	10.237532
0	179	270	9.562128
0	179	244	9.268294
0	179	263	8.947358
0	179	267	8.682037
0	179	51	8.338951
0	179	61	8.257325
0	179	265	7.987511
0	179	30	6.912206
0	179	119	5.787241
0	179	3	4.853000
0	179	112	4.340513
0	179	14	4.321655
0	179	13	4.076996
0	179	268	4.035390
0	179	264	3.142821
0	179	266	3.003551
0	179	231	1.552146
0	179	8	0.934502
0	179	16	0.495679
0	179	280	-0.707917
0	179	271	-0.862461
0	179	115	-1.359390
0	179	18	-1.875678
0	179	109	-2.345325
0	179	11	-2.579450
0	179	113	-3.522781
0	179	58	-3.578342
0	179	17	-4.248456
0	179	272	-5.283450
0	179	277	-5.477829
0	179	255	-5.665766
0	179	278	-6.137596
0	180	183	11.620285
0	180	116	11.325659
0	180	269	11.193741
0	180	263	10.568892
0	180	270	10.209559
0	180	244	9.659069
0	180	30	9.612110
0	180	63	9.176773
0	180	264	8.286812
0	180	119	7.867357
0	180	267	7.495167
0	180	266	6.624466
0	180	268	5.970313
0	180	11	5.827192
0	180	265	5.731930
0	180	115	5.687458
0	180	3	5.238560
0	180	61	5.125828
0	180	112	4.207680
0	180	14	3.654029
0	180	8	2.879955
0	180	13	2.471772
0	180	18	1.939333
0	180	51	1.539700
0	180	271	-0.574978
0	180	109	-1.166400
0	180	16	-1.740487
0	180	231	-2.242269
0	180	280	-2.260048
0	180	113	-2.873377
0	180	17	-5.276931
0	180	277	-5.747942
0	180	255	-6.464147
0	180	278	-7.175993
0	180	272	-7.327278
0	180	58	-7.489444
0	181	183	11.243301
0	181	116	11.198975
0	181	269	10.818336
0	181	63	10.550138
0	181	263	10.185809
0	181	270	9.759627
0	181	244	9.560563
0	181	267	9.163254
0	181	30	8.869628
0	181	119	8.487258
0	181	61	8.300326
0	181	265	8.215932
0	181	264	7.999502
0	181	51	7.293834
0	181	3	6.233796
0	181	266	4.446655
0	181	112	4.216184
0	181	13	4.152030
0	181	268	4.004387
0	181	14	2.904413
0	181	115	1.391685
0	181	280	0.790419
0	181	231	0.434072
0	181	16	-0.962302
0	181	8	-1.348144
0	181	271	-1.819811
0	181	109	-1.940172
0	181	17	-2.832586
0	181	58	-2.875844
0	181	18	-4.105487
0	181	11	-4.616678
0	181	113	-5.141345
0	181	277	-5.658212
0	181	255	-6.093331
0	181	272	-7.217682
0	181	278	-7.442429
0	182	63	10.981252
0	182	183	10.701727
0	182	244	10.534286
0	182	116	10.267205
0	182	51	10.236350
0	182	263	10.132343
0	182	268	9.873544
0	182	112	9.406542
0	182	119	9.276769
0	182	61	8.929939
0	182	30	8.398458
0	182	270	8.347447
0	182	11	7.561587
0	182	264	7.555140
0	182	265	7.390656
0	182	115	7.183570
0	182	18	6.158525
0	182	3	5.839612
0	182	231	5.725171
0	182	267	5.700305
0	182	17	5.421358
0	182	14	5.349306
0	182	280	4.805048
0	182	266	2.988296
0	182	269	2.966184
0	182	271	2.517021
0	182	272	1.388222
0	182	13	-0.202257
0	182	8	-1.832721
0	182	16	-2.696338
0	182	109	-2.826394
0	182	58	-2.829416
0	182	278	-3.581899
0	182	113	-6.449709
0	182	255	-6.494608
0	182	277	-7.039338
0	185	183	11.150179
0	185	269	10.674968
0	185	270	10.617262
0	185	116	10.602759
0	185	30	10.269963
0	185	244	9.966563
0	185	63	9.954822
0	185	263	9.851039
0	185	265	9.557459
0	185	231	8.991705
0	185	51	8.371440
0	185	119	8.254448
0	185	61	7.372857
0	185	266	7.291553
0	185	264	6.871907
0	185	3	6.578243
0	185	11	5.868618
0	185	18	5.746603
0	185	268	5.089867
0	185	272	5.058843
0	185	8	3.217745
0	185	14	3.036215
0	185	271	2.768912
0	185	115	2.663222
0	185	267	1.607255
0	185	13	1.447921
0	185	280	1.295217
0	185	112	-0.725226
0	185	255	-3.074528
0	185	16	-3.840664
0	185	109	-4.560807
0	185	17	-4.643866
0	185	278	-5.497337
0	185	277	-6.132744
0	185	113	-6.218307
0	185	58	-7.598505
0	186	183	11.613855
0	186	116	11.437922
0	186	263	11.395118
0	186	63	11.386594
0	186	269	11.238236
0	186	270	11.199882
0	186	244	10.850388
0	186	30	10.780569
0	186	61	10.780513
0	186	267	10.766131
0	186	265	10.417687
0	186	51	10.417088
0	186	268	9.333499
0	186	264	9.109320
0	186	266	8.987471
0	186	119	8.931439
0	186	271	8.840606
0	186	3	8.017785
0	186	112	7.338078
0	186	231	4.922056
0	186	18	4.918345
0	186	11	4.430332
0	186	14	2.996578
0	186	115	2.939251
0	186	8	2.527511
0	186	13	0.841254
0	186	280	0.465456
0	186	109	-3.385945
0	186	16	-4.085900
0	186	255	-4.161676
0	186	277	-6.597606
0	186	272	-6.812841
0	186	113	-6.862462
0	186	278	-7.091822
0	186	17	-7.153444
0	186	58	-7.859085
