0	1	14	2.879200
0	1	6	2.772108
0	1	8	2.455626
0	1	18	2.404120
0	1	1	1.838118
0	1	15	1.050268
0	1	19	0.288260
0	1	4	-2.729732
0	1	11	-3.465812
0	1	3	-3.790398
0	1	2	-3.882762
0	1	0	-3.997588
0	1	5	-4.317052
0	1	9	-4.705009
0	1	10	-5.295862
0	1	12	-5.307927
0	1	7	-5.499113
0	1	13	-6.342874
0	1	16	-6.386133
0	1	17	-6.789817
0	2	14	3.671238
0	2	1	3.464358
0	2	8	3.140974
0	2	9	2.609740
0	2	18	1.830272
0	2	15	0.892683
0	2	3	-2.117656
0	2	2	-3.433731
0	2	6	-3.502974
0	2	4	-4.416856
0	2	5	-4.906248
0	2	10	-5.249176
0	2	11	-5.369256
0	2	19	-5.552830
0	2	0	-6.003791
0	2	12	-6.072893
0	2	13	-6.227120
0	2	16	-6.560297
0	2	17	-6.661681
0	2	7	-6.690318
0	3	14	3.360722
0	3	6	3.067228
0	3	8	3.053765
0	3	9	2.360655
0	3	1	1.508747
0	3	18	1.216634
0	3	4	0.838207
0	3	11	-0.270803
0	3	15	-0.528451
0	3	10	-3.594265
0	3	5	-3.909893
0	3	3	-4.666035
0	3	19	-4.725843
0	3	2	-5.166512
0	3	0	-6.495167
0	3	12	-6.541045
0	3	13	-6.600957
0	3	7	-6.645868
0	3	17	-6.720195
0	3	16	-6.768198
0	14	14	4.064308
0	14	23	3.924055
0	14	8	3.885918
0	14	42	3.669589
0	14	43	3.555633
0	14	21	3.523112
0	14	30	3.399172
0	14	37	3.226329
0	14	45	3.218002
0	14	26	2.319165
0	14	56	2.266897
0	14	32	2.243251
0	14	47	2.210979
0	14	22	2.105496
0	14	46	2.098680
0	14	3	2.065973
0	14	61	1.986930
0	14	73	1.939590
0	14	24	1.756295
0	14	18	1.463538
0	14	58	1.210898
0	14	51	1.101582
0	14	28	0.264629
0	14	27	0.022189
0	14	20	-0.435013
0	14	57	-0.467946
0	14	63	-0.845752
0	14	52	-1.277255
0	14	39	-1.316751
0	14	54	-2.275328
0	14	53	-2.893029
0	14	74	-2.893818
0	14	50	-3.223100
0	14	16	-3.642655
0	14	65	-4.007591
0	14	66	-4.093983
0	14	31	-4.112426
0	14	72	-4.194411
0	14	85	-4.491170
0	14	40	-4.963376
0	14	36	-5.137773
0	14	79	-5.153875
0	14	33	-5.174237
0	14	38	-5.245762
0	14	29	-5.348433
0	14	48	-5.443462
0	14	11	-5.553785
0	14	77	-5.876059
0	14	70	-5.897784
0	14	34	-5.933408
0	14	49	-5.991442
0	14	62	-6.079177
0	14	55	-6.085553
0	14	44	-6.119025
0	14	69	-6.129794
0	14	35	-6.137584
0	14	64	-6.252653
0	14	71	-6.325470
0	14	75	-6.343814
0	14	76	-6.368977
0	14	41	-6.392738
0	14	78	-6.403335
0	14	25	-6.442106
0	15	14	4.222692
0	15	43	3.755218
0	15	8	3.643088
0	15	21	3.587239
0	15	23	3.448376
0	15	56	3.268818
0	15	30	3.155565
0	15	47	3.120723
0	15	45	2.998693
0	15	37	2.950319
0	15	32	2.618971
0	15	26	2.398548
0	15	3	2.261894
0	15	52	1.987499
0	15	58	1.970389
0	15	53	1.736557
0	15	42	1.495356
0	15	24	1.295124
0	15	57	0.695236
0	15	18	0.527823
0	15	51	-0.066090
0	15	61	-0.135164
0	15	73	-0.630312
0	15	22	-1.036321
0	15	20	-1.140872
0	15	28	-1.330906
0	15	63	-1.439580
0	15	54	-1.956354
0	15	38	-3.043758
0	15	27	-3.530751
0	15	11	-4.253902
0	15	74	-4.573428
0	15	39	-4.780020
0	15	46	-5.010997
0	15	70	-5.303544
0	15	72	-5.387371
0	15	62	-5.390088
0	15	50	-5.450504
0	15	36	-5.469228
0	15	16	-5.490585
0	15	85	-5.569351
0	15	31	-5.573689
0	15	66	-5.597733
0	15	79	-5.608729
0	15	40	-5.978852
0	15	76	-6.287151
0	15	34	-6.454188
0	15	25	-6.490904
0	15	65	-6.513427
0	15	48	-6.554537
0	15	35	-6.640442
0	15	33	-6.645412
0	15	49	-6.713790
0	15	55	-6.733018
0	15	44	-6.736114
0	15	64	-6.748621
0	15	78	-6.749146
0	15	77	-6.794917
0	15	69	-6.815434
0	15	41	-6.838203
0	15	29	-6.903422
0	15	71	-7.039901
0	15	75	-7.058307
0	16	57	3.241700
0	16	8	3.231417
0	16	26	3.140239
0	16	45	3.095823
0	16	30	3.042376
0	16	37	3.038891
0	16	21	3.020899
0	16	32	2.882350
0	16	14	2.751984
0	16	56	2.420451
0	16	18	2.392189
0	16	23	1.909487
0	16	42	1.880663
0	16	3	1.706673
0	16	54	1.692466
0	16	43	1.528891
0	16	58	1.419157
0	16	53	1.352651
0	16	51	1.339128
0	16	52	1.075481
0	16	22	0.848280
0	16	28	0.584891
0	16	47	0.265881
0	16	61	0.204384
0	16	27	-0.282691
0	16	63	-0.734930
0	16	20	-0.910568
0	16	62	-1.799364
0	16	50	-2.123192
0	16	24	-2.571505
0	16	72	-2.763559
0	16	39	-2.987831
0	16	38	-3.262988
0	16	73	-3.455229
0	16	74	-3.575814
0	16	40	-3.785201
0	16	46	-3.857477
0	16	79	-4.411815
0	16	25	-4.681879
0	16	31	-4.756086
0	16	66	-4.934637
0	16	36	-5.270700
0	16	85	-5.271307
0	16	11	-5.369748
0	16	16	-5.374285
0	16	48	-5.390066
0	16	76	-5.630574
0	16	65	-5.955934
0	16	34	-5.965968
0	16	29	-5.974538
0	16	49	-6.027796
0	16	33	-6.050124
0	16	70	-6.144943
0	16	35	-6.199753
0	16	41	-6.211849
0	16	64	-6.280462
0	16	78	-6.325912
0	16	44	-6.363715
0	16	77	-6.425246
0	16	69	-6.458555
0	16	55	-6.464562
0	16	71	-6.493376
0	16	75	-6.686661
0	19	14	3.453282
0	19	8	3.268154
0	19	42	3.202709
0	19	23	3.105573
0	19	45	2.936791
0	19	43	2.925625
0	19	61	2.664426
0	19	37	2.409619
0	19	18	2.282522
0	19	3	2.260720
0	19	21	1.766685
0	19	46	1.340518
0	19	58	0.498567
0	19	30	0.387454
0	19	26	-0.622462
0	19	73	-1.240263
0	19	51	-1.314279
0	19	22	-1.461603
0	19	47	-2.067817
0	19	20	-2.751863
0	19	24	-3.294868
0	19	28	-3.441425
0	19	32	-4.331705
0	19	57	-4.600399
0	19	53	-4.649794
0	19	63	-4.720475
0	19	56	-4.727298
0	19	52	-5.058176
0	19	27	-5.277299
0	19	31	-5.410475
0	19	66	-5.443001
0	19	36	-5.467336
0	19	85	-5.539529
0	19	54	-5.552388
0	19	50	-5.710225
0	19	72	-5.825231
0	19	33	-6.008621
0	19	48	-6.246594
0	19	49	-6.265560
0	19	74	-6.295726
0	19	39	-6.317626
0	19	16	-6.386205
0	19	65	-6.411803
0	19	44	-6.477237
0	19	55	-6.477910
0	19	34	-6.491512
0	19	35	-6.514163
0	19	25	-6.530221
0	19	64	-6.566161
0	19	69	-6.576597
0	19	71	-6.624787
0	19	77	-6.636819
0	19	62	-6.645537
0	19	76	-6.655619
0	19	29	-6.656216
0	19	78	-6.671335
0	19	11	-6.679736
0	19	38	-6.705975
0	19	75	-6.710048
0	19	40	-6.714128
0	19	41	-6.718067
0	19	70	-6.732104
0	19	79	-6.839674
0	22	43	3.302287
0	22	47	3.280797
0	22	21	3.137378
0	22	14	2.783702
0	22	26	2.757772
0	22	42	2.738958
0	22	37	2.720633
0	22	58	2.384326
0	22	53	2.043100
0	22	32	2.009456
0	22	8	1.964305
0	22	52	1.851235
0	22	61	1.593177
0	22	46	1.547097
0	22	23	1.538119
0	22	30	1.493554
0	22	3	0.991443
0	22	45	0.569316
0	22	63	0.316857
0	22	18	0.152662
0	22	28	-0.098357
0	22	20	-0.283770
0	22	56	-0.388078
0	22	51	-0.829290
0	22	54	-1.161208
0	22	72	-1.287082
0	22	57	-1.864502
0	22	22	-2.440200
0	22	73	-2.668564
0	22	40	-3.124983
0	22	70	-3.137486
0	22	24	-3.398841
0	22	38	-3.582217
0	22	27	-3.614383
0	22	39	-4.054575
0	22	76	-4.316139
0	22	74	-4.510261
0	22	62	-4.563014
0	22	79	-4.818310
0	22	77	-5.103759
0	22	50	-5.141547
0	22	66	-5.201976
0	22	31	-5.467543
0	22	36	-5.486483
0	22	85	-5.490786
0	22	78	-5.682081
0	22	64	-5.768096
0	22	33	-5.835513
0	22	48	-5.906669
0	22	11	-5.925094
0	22	25	-5.974956
0	22	29	-6.086688
0	22	49	-6.091438
0	22	34	-6.372539
0	22	16	-6.425972
0	22	44	-6.448524
0	22	65	-6.492256
0	22	69	-6.538735
0	22	35	-6.587236
0	22	41	-6.609170
0	22	55	-6.757857
0	22	71	-6.885853
0	22	75	-7.062017
0	43	89	3.395745
0	43	99	3.189779
0	43	15	2.636135
0	43	86	2.498252
0	43	93	2.432372
0	43	14	2.397244
0	43	95	2.310666
0	43	61	1.908602
0	43	8	0.529296
0	43	18	0.318596
0	43	94	-0.417081
0	43	58	-1.129642
0	43	3	-2.417829
0	43	63	-2.819455
0	43	91	-3.689047
0	43	90	-4.554340
0	43	26	-5.003411
0	43	107	-5.206190
0	43	52	-5.222136
0	43	85	-5.281874
0	43	97	-5.350075
0	43	96	-5.747090
0	43	88	-5.863983
0	43	105	-5.970320
0	43	109	-6.196456
0	43	13	-6.246843
0	43	17	-6.278772
0	43	69	-6.378295
0	43	92	-6.429928
0	43	11	-6.475533
0	43	98	-6.475686
0	43	106	-6.481328
0	43	110	-6.522033
0	43	103	-6.540310
0	43	108	-6.576197
0	43	87	-6.596627
0	43	100	-6.650755
0	44	14	3.065271
0	44	93	2.785477
0	44	8	2.766418
0	44	89	2.269357
0	44	18	1.975432
0	44	86	1.697670
0	44	63	0.629044
0	44	95	0.597745
0	44	52	0.548927
0	44	99	-0.584865
0	44	94	-1.516966
0	44	96	-1.871223
0	44	61	-3.454605
0	44	58	-3.499336
0	44	15	-3.930011
0	44	26	-4.720723
0	44	90	-4.723956
0	44	85	-5.060740
0	44	3	-5.218833
0	44	97	-5.249161
0	44	107	-5.323653
0	44	91	-5.418030
0	44	11	-6.037952
0	44	109	-6.120424
0	44	69	-6.139588
0	44	13	-6.148724
0	44	17	-6.214164
0	44	105	-6.242045
0	44	88	-6.258474
0	44	98	-6.280586
0	44	92	-6.292006
0	44	106	-6.354015
0	44	87	-6.354904
0	44	103	-6.377958
0	44	108	-6.392834
0	44	110	-6.395961
0	44	100	-6.448004
0	54	8	3.510986
0	54	14	3.271285
0	54	18	2.942035
0	54	3	-5.304274
0	54	11	-6.150102
0	54	13	-6.396325
0	54	16	-6.419957
0	54	17	-6.424280
0	54	111	-6.626072
0	54	7	-6.783197
0	57	8	3.262079
0	57	18	3.003397
0	57	14	2.605942
0	57	3	-4.524997
0	57	13	-6.225257
0	57	17	-6.300395
0	57	11	-6.326345
0	57	16	-6.343000
0	57	111	-6.781138
0	57	7	-6.832896
0	58	8	3.331185
0	58	18	3.146589
0	58	14	2.389978
0	58	3	-5.260952
0	58	13	-6.070893
0	58	16	-6.169291
0	58	17	-6.195418
0	58	11	-6.266929
0	58	111	-6.660535
0	58	7	-6.685008
0	73	137	3.607770
0	73	163	3.428037
0	73	14	3.344721
0	73	132	3.270604
0	73	160	2.947756
0	73	8	2.945072
0	73	158	2.915761
0	73	157	2.893442
0	73	150	2.888543
0	73	153	2.760304
0	73	18	2.707763
0	73	154	2.602944
0	73	168	1.969392
0	73	159	1.687562
0	73	11	0.378276
0	73	170	-0.765860
0	73	152	-1.006730
0	73	161	-1.681191
0	73	151	-2.070932
0	73	155	-4.520337
0	73	3	-5.044421
0	73	145	-5.228346
0	73	162	-5.598905
0	73	148	-5.767486
0	73	13	-5.873040
0	73	146	-5.915858
0	73	16	-6.116223
0	73	17	-6.136031
0	73	156	-6.174387
0	73	147	-6.302998
0	73	169	-6.354380
0	73	149	-6.665492
0	74	137	3.781540
0	74	14	3.330428
0	74	132	3.216661
0	74	163	3.145797
0	74	8	2.916270
0	74	157	2.879174
0	74	150	2.813679
0	74	160	2.767931
0	74	158	2.705506
0	74	18	2.483198
0	74	153	2.454638
0	74	154	1.776225
0	74	11	0.866842
0	74	159	0.736462
0	74	168	0.200911
0	74	170	-0.505651
0	74	152	-1.618292
0	74	161	-2.120419
0	74	151	-3.631529
0	74	155	-4.713945
0	74	3	-5.041433
0	74	145	-5.200634
0	74	13	-5.880064
0	74	148	-5.890461
0	74	146	-5.899985
0	74	162	-6.036598
0	74	17	-6.111606
0	74	156	-6.234839
0	74	149	-6.294713
0	74	147	-6.306202
0	74	169	-6.317121
0	74	16	-6.399870
0	75	137	3.208180
0	75	8	2.743780
0	75	14	2.742844
0	75	18	1.187750
0	75	166	0.945348
0	75	132	0.839786
0	75	160	0.826400
0	75	3	-3.096582
0	75	145	-4.379051
0	75	11	-4.920393
0	75	164	-5.008036
0	75	167	-6.071665
0	75	165	-6.122214
0	75	147	-6.160166
0	75	13	-6.210558
0	75	171	-6.288908
0	75	128	-6.296127
0	75	146	-6.314009
0	75	16	-6.397226
0	75	17	-6.662419
0	77	18	2.977959
0	77	14	2.718125
0	77	137	2.691875
0	77	8	1.252245
0	77	166	0.449836
0	77	3	-1.716591
0	77	132	-1.990755
0	77	160	-2.067242
0	77	145	-4.453277
0	77	167	-5.802421
0	77	164	-5.877881
0	77	11	-5.885561
0	77	13	-5.933975
0	77	165	-5.969226
0	77	171	-6.002308
0	77	146	-6.162306
0	77	16	-6.203028
0	77	147	-6.213156
0	77	17	-6.215310
0	77	128	-6.311997
0	94	116	3.946572
0	94	99	3.728048
0	94	14	3.426417
0	94	8	3.278065
0	94	190	3.275846
0	94	200	3.220994
0	94	3	3.093106
0	94	193	3.068613
0	94	188	2.935913
0	94	18	2.504874
0	94	15	2.496970
0	94	201	2.404304
0	94	51	2.369216
0	94	203	1.371870
0	94	207	1.346351
0	94	194	-0.181879
0	94	63	-0.385675
0	94	113	-0.874510
0	94	206	-1.264043
0	94	192	-1.842861
0	94	196	-1.944729
0	94	209	-3.495825
0	94	210	-3.776225
0	94	205	-4.513527
0	94	212	-5.001900
0	94	198	-5.034175
0	94	199	-5.073386
0	94	195	-5.387216
0	94	16	-5.742806
0	94	122	-5.847068
0	94	126	-5.924784
0	94	191	-6.004909
0	94	217	-6.083612
0	94	189	-6.099586
0	94	197	-6.104336
0	94	202	-6.124292
0	94	109	-6.188303
0	94	204	-6.210210
0	94	13	-6.251152
0	94	187	-6.342983
0	94	17	-6.394303
0	94	208	-6.479825
0	95	116	3.081210
0	95	14	2.948060
0	95	15	2.845666
0	95	190	2.705430
0	95	194	2.622516
0	95	201	2.568505
0	95	8	2.495287
0	95	198	2.351890
0	95	18	2.139349
0	95	207	1.936061
0	95	200	1.890759
0	95	192	1.154361
0	95	63	1.056822
0	95	99	0.331678
0	95	188	0.062083
0	95	210	-0.417869
0	95	3	-0.904936
0	95	217	-1.096585
0	95	122	-1.297788
0	95	113	-1.920144
0	95	206	-2.062456
0	95	205	-2.215681
0	95	195	-2.549234
0	95	203	-2.746826
0	95	196	-2.870137
0	95	17	-3.131306
0	95	191	-3.560064
0	95	193	-3.754999
0	95	204	-3.942671
0	95	13	-4.292478
0	95	209	-4.356387
0	95	187	-4.643356
0	95	199	-4.715004
0	95	202	-4.751468
0	95	51	-4.761069
0	95	189	-4.829098
0	95	208	-5.042819
0	95	16	-5.191562
0	95	212	-5.330644
0	95	109	-6.155890
0	95	126	-6.207918
0	95	197	-6.253357
0	96	116	3.425633
0	96	99	3.332860
0	96	188	2.904197
0	96	200	2.519182
0	96	14	2.242531
0	96	51	1.520688
0	96	8	1.447542
0	96	193	1.067566
0	96	3	0.914107
0	96	207	0.688409
0	96	15	0.316107
0	96	201	0.145340
0	96	18	-0.497347
0	96	63	-0.874307
0	96	190	-0.937740
0	96	113	-1.828895
0	96	194	-2.070762
0	96	192	-2.421476
0	96	209	-4.481808
0	96	212	-5.355738
0	96	206	-5.388340
0	96	198	-5.397559
0	96	199	-5.467770
0	96	195	-5.613824
0	96	205	-5.641006
0	96	210	-5.861567
0	96	126	-6.026901
0	96	203	-6.190517
0	96	196	-6.264311
0	96	191	-6.310720
0	96	202	-6.317351
0	96	109	-6.343747
0	96	197	-6.392946
0	96	189	-6.411651
0	96	122	-6.437675
0	96	187	-6.440285
0	96	13	-6.466907
0	96	217	-6.500806
0	96	16	-6.661822
0	96	208	-6.666915
0	96	204	-6.712055
0	96	17	-6.771450
0	99	18	3.096401
0	99	194	3.063920
0	99	190	2.505623
0	99	207	2.333767
0	99	211	2.284693
0	99	14	2.163031
0	99	99	2.145173
0	99	8	1.976019
0	99	15	1.967906
0	99	201	1.479018
0	99	116	1.460353
0	99	206	1.175946
0	99	193	0.467082
0	99	63	0.293076
0	99	3	-0.027290
0	99	51	-1.988912
0	99	200	-3.044544
0	99	203	-4.069438
0	99	113	-4.185161
0	99	192	-4.933302
0	99	212	-5.242936
0	99	199	-5.371301
0	99	198	-5.452888
0	99	188	-6.209742
0	99	205	-6.371874
0	99	196	-6.395434
0	99	126	-6.432008
0	99	210	-6.441576
0	99	209	-6.472470
0	99	195	-6.543295
0	99	191	-6.549878
0	99	197	-6.623463
0	99	217	-6.661864
0	99	204	-6.665131
0	99	13	-6.673823
0	99	202	-6.709226
0	99	109	-6.731379
0	99	16	-6.760271
0	99	122	-6.936221
0	99	189	-6.944020
0	100	193	2.823408
0	100	211	2.650355
0	100	99	2.618047
0	100	14	2.500218
0	100	200	2.154495
0	100	8	1.418734
0	100	15	1.271605
0	100	201	0.882419
0	100	51	0.781658
0	100	190	0.400583
0	100	188	0.124766
0	100	18	-0.044954
0	100	116	-0.464545
0	100	3	-0.848869
0	100	113	-2.568984
0	100	63	-2.748463
0	100	194	-3.386127
0	100	203	-3.789288
0	100	207	-4.252347
0	100	192	-4.946716
0	100	199	-5.023833
0	100	212	-5.240808
0	100	198	-5.254967
0	100	206	-5.456369
0	100	205	-5.601709
0	100	197	-5.710729
0	100	196	-5.760373
0	100	126	-5.773775
0	100	210	-5.804739
0	100	13	-5.882584
0	100	217	-5.934542
0	100	209	-5.997504
0	100	204	-6.045781
0	100	195	-6.171181
0	100	191	-6.244371
0	100	16	-6.267708
0	100	189	-6.409203
0	100	122	-6.444035
0	100	109	-6.515601
0	100	202	-6.550270
0	123	238	3.133035
0	123	224	2.877349
0	123	14	2.817722
0	123	235	2.349642
0	123	228	1.625603
0	123	243	1.547877
0	123	190	1.435239
0	123	8	1.138679
0	123	99	0.694301
0	123	201	0.677138
0	123	116	0.464213
0	123	188	0.280118
0	123	232	-0.053158
0	123	207	-0.228456
0	123	244	-1.039441
0	123	51	-1.171023
0	123	221	-1.172762
0	123	231	-1.210045
0	123	222	-1.288212
0	123	3	-1.678342
0	123	229	-1.791776
0	123	18	-1.899074
0	123	223	-2.634199
0	123	239	-2.641167
0	123	233	-4.311786
0	123	234	-4.477126
0	123	240	-4.659453
0	123	236	-5.104928
0	123	199	-5.278314
0	123	226	-5.299438
0	123	227	-5.398091
0	123	198	-5.690044
0	123	241	-6.033547
0	123	210	-6.121486
0	123	196	-6.357533
0	123	242	-6.364292
0	123	16	-6.395522
0	123	96	-6.404252
0	123	230	-6.510498
0	123	217	-6.534440
0	123	237	-6.537007
0	123	197	-6.595256
0	123	246	-6.623301
0	123	245	-6.632539
0	123	11	-6.637311
0	123	191	-6.710580
0	123	247	-6.736337
0	123	208	-6.776120
0	123	122	-6.792007
0	123	187	-6.802586
0	123	225	-6.816815
0	124	224	4.338413
0	124	221	3.151374
0	124	14	2.975130
0	124	238	2.931147
0	124	232	2.925730
0	124	188	2.866817
0	124	235	2.843160
0	124	223	2.783519
0	124	8	2.752872
0	124	18	2.533694
0	124	207	2.375837
0	124	244	2.142706
0	124	243	1.935060
0	124	240	1.930261
0	124	210	1.155917
0	124	201	1.026325
0	124	236	0.683834
0	124	190	0.658745
0	124	228	0.311948
0	124	99	-0.343619
0	124	227	-0.365364
0	124	231	-0.589804
0	124	116	-1.606838
0	124	234	-1.655547
0	124	222	-1.807122
0	124	3	-1.900187
0	124	96	-1.935278
0	124	229	-2.223501
0	124	51	-2.245188
0	124	122	-2.821122
0	124	233	-2.923656
0	124	11	-3.201217
0	124	191	-3.888439
0	124	239	-4.885640
0	124	225	-5.142682
0	124	199	-5.194050
0	124	226	-5.225711
0	124	198	-5.542148
0	124	241	-5.682093
0	124	246	-5.849392
0	124	16	-5.876468
0	124	237	-5.933559
0	124	197	-5.982863
0	124	245	-6.006934
0	124	208	-6.043855
0	124	230	-6.075115
0	124	247	-6.293367
0	124	196	-6.315717
0	124	242	-6.383565
0	124	187	-6.396547
0	124	217	-6.483621
0	125	224	3.957173
0	125	14	3.233923
0	125	238	2.892874
0	125	8	2.882954
0	125	223	2.589379
0	125	201	2.377547
0	125	18	2.355520
0	125	207	2.153681
0	125	235	2.151088
0	125	232	2.102615
0	125	243	2.005070
0	125	188	1.978439
0	125	116	1.834102
0	125	190	1.292496
0	125	239	0.561920
0	125	244	0.489188
0	125	221	0.272093
0	125	228	0.244465
0	125	99	0.212193
0	125	229	-0.201640
0	125	222	-0.522236
0	125	3	-0.904908
0	125	51	-1.948521
0	125	210	-2.129524
0	125	227	-2.170360
0	125	240	-2.370145
0	125	198	-2.395872
0	125	11	-2.537882
0	125	122	-2.606184
0	125	245	-3.114028
0	125	231	-3.388044
0	125	96	-3.587056
0	125	191	-3.990716
0	125	241	-4.115167
0	125	233	-4.410302
0	125	236	-4.424993
0	125	225	-4.476157
0	125	237	-4.894770
0	125	217	-4.895421
0	125	199	-5.072384
0	125	246	-5.474221
0	125	226	-5.553000
0	125	234	-5.624781
0	125	242	-6.056248
0	125	247	-6.102986
0	125	196	-6.210914
0	125	230	-6.429285
0	125	16	-6.551006
0	125	197	-6.647230
0	125	187	-6.838968
0	125	208	-6.862000
0	126	116	3.346561
0	126	223	3.021255
0	126	235	3.020284
0	126	14	2.994744
0	126	8	2.670495
0	126	190	2.546870
0	126	18	2.492167
0	126	243	2.415078
0	126	224	2.303431
0	126	232	2.088096
0	126	201	2.021091
0	126	239	2.006009
0	126	207	1.996325
0	126	240	1.886518
0	126	229	1.577730
0	126	188	1.291464
0	126	238	0.963915
0	126	244	0.631028
0	126	210	0.471306
0	126	236	0.460306
0	126	228	0.203404
0	126	99	-0.470218
0	126	191	-1.149725
0	126	233	-1.781344
0	126	3	-1.883139
0	126	221	-2.212527
0	126	231	-2.368430
0	126	227	-2.844817
0	126	51	-3.021658
0	126	122	-3.501429
0	126	245	-3.590718
0	126	234	-3.712101
0	126	96	-3.947004
0	126	199	-4.454339
0	126	241	-4.531033
0	126	198	-4.632394
0	126	197	-4.641697
0	126	11	-4.655337
0	126	222	-4.840137
0	126	196	-5.098893
0	126	226	-5.104029
0	126	225	-5.184043
0	126	217	-5.387325
0	126	237	-5.446977
0	126	246	-5.913946
0	126	16	-5.961792
0	126	247	-6.186552
0	126	242	-6.291677
0	126	208	-6.370869
0	126	230	-6.556678
0	126	187	-6.782279
0	127	99	3.529983
0	127	238	3.002929
0	127	207	2.751172
0	127	8	2.664288
0	127	235	2.495198
0	127	231	2.460060
0	127	243	2.453795
0	127	14	2.230253
0	127	229	2.221902
0	127	190	2.198125
0	127	18	2.085687
0	127	188	2.058870
0	127	201	1.994516
0	127	232	1.972355
0	127	224	1.783166
0	127	223	1.715900
0	127	244	1.640095
0	127	51	1.563274
0	127	3	1.226674
0	127	116	0.780515
0	127	239	0.618284
0	127	222	0.468341
0	127	230	-0.301749
0	127	228	-0.520234
0	127	236	-0.659523
0	127	234	-1.934318
0	127	240	-1.972438
0	127	210	-2.457959
0	127	221	-2.531580
0	127	96	-3.473407
0	127	242	-3.560338
0	127	245	-4.099586
0	127	233	-4.213669
0	127	241	-4.535462
0	127	226	-4.799979
0	127	227	-4.874887
0	127	199	-4.893385
0	127	11	-4.925233
0	127	122	-4.983370
0	127	16	-5.001154
0	127	198	-5.158438
0	127	247	-5.260596
0	127	191	-5.266341
0	127	246	-5.381821
0	127	197	-5.433028
0	127	196	-5.444736
0	127	225	-5.527465
0	127	237	-5.571780
0	127	208	-5.577857
0	127	217	-5.608851
0	127	187	-5.641233
0	144	201	3.923872
0	144	258	3.803145
0	144	18	3.382113
0	144	14	3.380460
0	144	253	2.951409
0	144	3	2.804102
0	144	8	2.643858
0	144	199	2.483366
0	144	257	-0.175022
0	144	63	-0.561746
0	144	113	-3.130883
0	144	200	-3.382575
0	144	251	-4.837168
0	144	252	-5.665397
0	144	256	-5.926103
0	144	191	-5.979686
0	144	11	-6.257822
0	144	254	-6.261696
0	144	16	-6.385345
0	144	17	-6.509818
0	144	13	-6.532033
0	144	248	-6.562845
0	144	109	-6.607404
0	144	255	-6.691459
0	144	250	-6.734466
0	144	187	-6.764683
0	144	110	-6.771197
0	144	208	-6.777556
0	144	249	-6.794513
0	145	258	3.062477
0	145	14	2.347976
0	145	18	1.858845
0	145	253	0.841448
0	145	201	0.406869
0	145	8	0.250654
0	145	63	-1.004179
0	145	252	-1.472306
0	145	200	-1.489122
0	145	3	-2.054003
0	145	251	-4.702155
0	145	257	-4.751075
0	145	113	-5.085360
0	145	199	-5.252008
0	145	191	-5.288817
0	145	13	-5.876328
0	145	16	-6.081513
0	145	256	-6.343986
0	145	254	-6.460377
0	145	109	-6.467361
0	145	11	-6.551138
0	145	17	-6.552105
0	145	187	-6.568344
0	145	208	-6.597052
0	145	248	-6.607757
0	145	249	-6.623245
0	145	255	-6.642573
0	145	250	-6.644731
0	145	110	-6.659536
0	146	18	2.810794
0	146	258	2.672252
0	146	257	2.658411
0	146	201	2.289368
0	146	14	2.159980
0	146	8	2.013981
0	146	3	1.105705
0	146	253	1.019811
0	146	200	0.678248
0	146	63	-0.414544
0	146	251	-4.391588
0	146	113	-4.715755
0	146	199	-5.129655
0	146	252	-5.903160
0	146	254	-6.030610
0	146	13	-6.224220
0	146	11	-6.286103
0	146	191	-6.294044
0	146	109	-6.372608
0	146	256	-6.384490
0	146	248	-6.386733
0	146	255	-6.391297
0	146	16	-6.450886
0	146	187	-6.484411
0	146	208	-6.514679
0	146	17	-6.527488
0	146	110	-6.622910
0	146	250	-6.644957
0	146	249	-6.686533
0	147	258	2.545113
0	147	257	2.439697
0	147	14	2.040469
0	147	8	2.013340
0	147	18	0.975542
0	147	253	0.314610
0	147	201	-0.437418
0	147	63	-0.634064
0	147	11	-2.736741
0	147	113	-4.158323
0	147	3	-4.159494
0	147	200	-4.447140
0	147	251	-4.753329
0	147	252	-4.893322
0	147	199	-4.900499
0	147	191	-5.791575
0	147	248	-5.829444
0	147	254	-5.854188
0	147	256	-5.962541
0	147	255	-5.970782
0	147	208	-6.079355
0	147	13	-6.083172
0	147	16	-6.101150
0	147	109	-6.141664
0	147	110	-6.231079
0	147	187	-6.247465
0	147	17	-6.251070
0	147	250	-6.329587
0	147	249	-6.366958
0	148	200	2.949978
0	148	258	2.393964
0	148	8	1.945270
0	148	257	1.205840
0	148	14	0.167226
0	148	63	-0.470379
0	148	201	-0.608033
0	148	18	-0.760579
0	148	253	-0.924934
0	148	113	-2.206967
0	148	3	-2.313882
0	148	251	-4.600076
0	148	252	-5.264927
0	148	199	-5.401649
0	148	16	-5.436806
0	148	254	-6.127623
0	148	256	-6.278057
0	148	13	-6.304979
0	148	191	-6.317297
0	148	248	-6.496669
0	148	255	-6.498640
0	148	11	-6.500383
0	148	109	-6.509287
0	148	187	-6.529662
0	148	249	-6.609939
0	148	208	-6.616742
0	148	110	-6.628867
0	148	17	-6.698832
0	148	250	-6.714234
0	150	258	3.645187
0	150	257	3.491295
0	150	8	3.113085
0	150	14	2.494819
0	150	18	1.753400
0	150	201	0.899395
0	150	253	0.851356
0	150	63	0.395043
0	150	252	-0.387051
0	150	3	-2.596749
0	150	200	-2.683811
0	150	251	-2.921665
0	150	113	-3.598699
0	150	199	-5.188883
0	150	16	-5.682088
0	150	13	-6.204450
0	150	254	-6.314657
0	150	256	-6.417091
0	150	11	-6.424304
0	150	248	-6.467810
0	150	109	-6.492377
0	150	187	-6.541816
0	150	255	-6.544067
0	150	110	-6.571259
0	150	191	-6.595337
0	150	208	-6.616050
0	150	17	-6.673182
0	150	249	-6.698769
0	150	250	-6.714083
0	177	183	3.628273
0	177	116	3.066334
0	177	267	2.434887
0	177	8	2.234934
0	177	270	1.195887
0	177	244	0.749978
0	177	14	0.474598
0	177	263	0.441834
0	177	30	0.138349
0	177	18	-0.242879
0	177	61	-0.336202
0	177	112	-1.042538
0	177	3	-1.675635
0	177	264	-1.936888
0	177	63	-2.114561
0	177	278	-3.479824
0	177	51	-4.417194
0	177	231	-4.626951
0	177	113	-4.663682
0	177	58	-4.904413
0	177	272	-5.291996
0	177	280	-5.300092
0	177	277	-5.759826
0	177	268	-5.913433
0	177	11	-6.048677
0	177	109	-6.055236
0	177	17	-6.094906
0	177	119	-6.209212
0	177	269	-6.263492
0	177	265	-6.294093
0	177	271	-6.328666
0	177	13	-6.362109
0	177	266	-6.453667
0	177	16	-6.476133
0	177	255	-6.488177
0	177	115	-6.674668
0	178	30	3.616859
0	178	183	3.528968
0	178	14	3.243872
0	178	8	2.421720
0	178	267	2.357390
0	178	244	2.249201
0	178	116	2.170417
0	178	18	0.019927
0	178	263	-0.361633
0	178	231	-2.884551
0	178	112	-3.350219
0	178	61	-3.474157
0	178	63	-3.623993
0	178	278	-3.763182
0	178	264	-4.148753
0	178	3	-4.249724
0	178	58	-4.313991
0	178	113	-4.834264
0	178	272	-4.974928
0	178	51	-5.234963
0	178	270	-5.278183
0	178	280	-5.594224
0	178	277	-6.098848
0	178	271	-6.218975
0	178	13	-6.259631
0	178	109	-6.295863
0	178	17	-6.340954
0	178	16	-6.346954
0	178	11	-6.351744
0	178	266	-6.402567
0	178	119	-6.443548
0	178	265	-6.454837
0	178	255	-6.506154
0	178	268	-6.530929
0	178	269	-6.544501
0	178	115	-6.583170
0	179	183	3.855958
0	179	8	3.847364
0	179	30	3.111923
0	179	14	2.467777
0	179	267	2.275553
0	179	116	2.144039
0	179	263	1.515435
0	179	244	0.617986
0	179	18	-0.437040
0	179	112	-0.779985
0	179	270	-0.880220
0	179	61	-1.096357
0	179	3	-1.721175
0	179	63	-1.763486
0	179	58	-4.484789
0	179	264	-4.517971
0	179	51	-4.651131
0	179	272	-4.839474
0	179	278	-4.940651
0	179	231	-4.996372
0	179	113	-5.055799
0	179	11	-5.459081
0	179	277	-5.606289
0	179	119	-5.658365
0	179	17	-5.808998
0	179	109	-5.835664
0	179	13	-5.877592
0	179	280	-6.027754
0	179	271	-6.308433
0	179	268	-6.330653
0	179	269	-6.372276
0	179	265	-6.407115
0	179	16	-6.442385
0	179	266	-6.706784
0	179	255	-6.732581
0	179	115	-6.747153
0	180	8	3.656991
0	180	14	3.339115
0	180	30	2.924362
0	180	270	2.903261
0	180	263	2.641434
0	180	18	2.431074
0	180	244	2.408423
0	180	183	1.679533
0	180	63	1.455117
0	180	267	1.436045
0	180	112	0.330318
0	180	11	-0.813072
0	180	116	-1.235769
0	180	61	-3.214713
0	180	3	-3.348458
0	180	278	-4.422166
0	180	266	-4.568291
0	180	231	-4.634513
0	180	51	-4.714517
0	180	264	-4.795240
0	180	272	-4.908211
0	180	58	-5.108687
0	180	113	-5.156933
0	180	13	-5.668301
0	180	280	-5.710361
0	180	269	-5.737195
0	180	277	-5.847964
0	180	271	-5.953214
0	180	268	-6.003598
0	180	17	-6.042393
0	180	109	-6.095638
0	180	16	-6.128441
0	180	265	-6.184641
0	180	255	-6.204006
0	180	119	-6.247575
0	180	115	-6.468399
0	181	183	3.979179
0	181	263	3.607517
0	181	116	3.565797
0	181	30	3.482684
0	181	270	2.302159
0	181	244	2.111552
0	181	8	0.751716
0	181	267	0.618482
0	181	264	0.066528
0	181	61	-0.054020
0	181	14	-1.652763
0	181	112	-1.900496
0	181	3	-2.057578
0	181	18	-2.197518
0	181	63	-2.905848
0	181	51	-3.965730
0	181	58	-4.490965
0	181	113	-4.618742
0	181	278	-5.224403
0	181	231	-5.266427
0	181	272	-5.471097
0	181	280	-5.861319
0	181	11	-6.071815
0	181	269	-6.143334
0	181	265	-6.165646
0	181	277	-6.238557
0	181	255	-6.258128
0	181	115	-6.352542
0	181	13	-6.374928
0	181	266	-6.386124
0	181	109	-6.397118
0	181	268	-6.442970
0	181	271	-6.463541
0	181	119	-6.487847
0	181	17	-6.512778
0	181	16	-6.543839
0	182	14	3.130710
0	182	183	3.024017
0	182	8	2.349305
0	182	267	2.265237
0	182	244	1.685969
0	182	30	1.528701
0	182	18	0.955317
0	182	61	0.872214
0	182	263	0.468506
0	182	112	0.012951
0	182	63	-0.419449
0	182	51	-0.571723
0	182	264	-1.094595
0	182	116	-1.424694
0	182	113	-1.862699
0	182	231	-2.062047
0	182	58	-2.204225
0	182	278	-2.567018
0	182	3	-2.837601
0	182	270	-3.000724
0	182	280	-3.016528
0	182	269	-3.972993
0	182	272	-4.673117
0	182	11	-5.807223
0	182	271	-5.985342
0	182	265	-6.084031
0	182	16	-6.432418
0	182	119	-6.494130
0	182	268	-6.525177
0	182	277	-6.550756
0	182	255	-6.568673
0	182	13	-6.649251
0	182	266	-6.649612
0	182	109	-6.659212
0	182	17	-6.839807
0	182	115	-6.916902
0	183	267	4.261667
0	183	183	4.223778
0	183	116	2.972508
0	183	291	2.861162
0	183	275	2.848215
0	183	14	2.744701
0	183	274	2.593564
0	183	273	2.367638
0	183	282	2.142636
0	183	276	2.070347
0	183	283	1.999632
0	183	18	1.989301
0	183	290	1.986023
0	183	30	1.797468
0	183	286	1.342409
0	183	263	1.093035
0	183	61	1.045614
0	183	112	-0.179069
0	183	288	-0.718946
0	183	289	-1.048466
0	183	3	-1.569467
0	183	264	-1.629905
0	183	63	-1.699987
0	183	285	-1.712326
0	183	244	-1.875586
0	183	113	-1.972884
0	183	58	-2.582431
0	183	294	-2.809487
0	183	51	-2.959513
0	183	279	-3.245503
0	183	278	-3.380071
0	183	270	-3.414040
0	183	287	-5.049251
0	183	231	-5.050545
0	183	272	-5.349310
0	183	280	-6.145101
0	183	271	-6.206705
0	183	119	-6.296072
0	183	292	-6.447495
0	183	268	-6.504266
0	183	295	-6.524744
0	183	293	-6.565638
0	183	284	-6.638022
0	183	115	-6.642835
0	183	281	-6.950346
0	184	183	3.498517
0	184	8	3.213476
0	184	14	2.752415
0	184	244	2.726562
0	184	263	2.504478
0	184	116	2.446963
0	184	267	2.434284
0	184	61	2.396015
0	184	18	2.250038
0	184	270	1.735009
0	184	63	1.154744
0	184	30	1.051236
0	184	112	0.349466
0	184	11	-0.096370
0	184	266	-1.407801
0	184	231	-3.221188
0	184	51	-3.701606
0	184	3	-4.770312
0	184	264	-4.880458
0	184	119	-4.885953
0	184	58	-5.017674
0	184	113	-5.260862
0	184	278	-5.307373
0	184	272	-5.376565
0	184	255	-5.761085
0	184	280	-5.856262
0	184	13	-5.924982
0	184	277	-5.935956
0	184	269	-6.173892
0	184	115	-6.219168
0	184	17	-6.240724
0	184	265	-6.242034
0	184	268	-6.252133
0	184	271	-6.276958
0	184	16	-6.411157
0	184	109	-6.420041
0	185	30	2.966913
0	185	183	1.981354
0	185	270	1.284766
0	185	14	0.447681
0	185	244	0.287057
0	185	8	0.236074
0	185	267	0.205646
0	185	263	-0.227177
0	185	18	-1.510756
0	185	63	-1.639903
0	185	112	-1.897034
0	185	61	-3.300717
0	185	231	-3.864154
0	185	116	-3.896461
0	185	264	-3.966580
0	185	3	-4.546313
0	185	51	-4.857828
0	185	278	-4.923676
0	185	272	-5.067963
0	185	58	-5.280799
0	185	113	-5.285637
0	185	280	-6.001993
0	185	11	-6.033861
0	185	277	-6.217895
0	185	269	-6.343773
0	185	271	-6.351819
0	185	119	-6.366243
0	185	268	-6.377587
0	185	265	-6.381744
0	185	266	-6.396219
0	185	13	-6.425272
0	185	255	-6.430118
0	185	16	-6.452754
0	185	109	-6.453627
0	185	17	-6.488061
0	185	115	-6.831255
0	186	183	3.799080
0	186	244	3.501638
0	186	270	2.657607
0	186	14	2.430408
0	186	263	2.133836
0	186	8	2.123998
0	186	267	1.183167
0	186	18	0.956329
0	186	116	0.355092
0	186	63	-0.276775
0	186	61	-0.730915
0	186	30	-0.924042
0	186	112	-1.349471
0	186	264	-3.129188
0	186	51	-4.291917
0	186	3	-4.947783
0	186	231	-5.037280
0	186	58	-5.058994
0	186	113	-5.412453
0	186	278	-5.525476
0	186	272	-5.556997
0	186	11	-5.765980
0	186	266	-5.907866
0	186	271	-6.057724
0	186	119	-6.251822
0	186	280	-6.338849
0	186	269	-6.357313
0	186	277	-6.385757
0	186	255	-6.448100
0	186	265	-6.500066
0	186	13	-6.506945
0	186	268	-6.545156
0	186	109	-6.617361
0	186	17	-6.622843
0	186	16	-6.652174
0	186	115	-6.764907
