0	1	1	1.855997
0	1	14	1.750869
0	1	8	1.734509
0	1	9	1.610936
0	1	15	1.552400
0	1	19	1.098372
0	1	3	0.775230
0	1	4	0.655778
0	1	5	-0.121330
0	1	2	-0.656420
0	1	0	-1.041483
0	1	11	-1.338504
0	1	18	-3.249746
0	1	12	-4.526292
0	1	6	-5.090119
0	1	10	-8.586207
0	1	7	-8.635579
0	1	13	-9.110929
0	1	17	-9.967858
0	1	16	-10.086512
0	2	9	1.883722
0	2	15	1.768964
0	2	1	1.704188
0	2	14	1.409378
0	2	8	1.312902
0	2	5	1.141509
0	2	3	0.253017
0	2	2	-0.069420
0	2	0	-3.347255
0	2	11	-4.360137
0	2	4	-5.479552
0	2	10	-6.647001
0	2	12	-7.828289
0	2	19	-8.368351
0	2	17	-8.871867
0	2	6	-9.021290
0	2	18	-9.538590
0	2	13	-9.655216
0	2	16	-9.894363
0	2	7	-10.053599
0	3	9	2.040733
0	3	15	1.838805
0	3	8	1.789669
0	3	1	1.769580
0	3	14	1.587408
0	3	4	1.544512
0	3	5	1.274853
0	3	11	1.094009
0	3	2	-1.164318
0	3	3	-1.566937
0	3	19	-2.727039
0	3	10	-3.902232
0	3	0	-6.421332
0	3	7	-7.643485
0	3	18	-8.527454
0	3	6	-8.836876
0	3	17	-9.378078
0	3	12	-9.526748
0	3	13	-9.952361
0	3	16	-10.256203
0	14	8	1.695057
0	14	45	1.614157
0	14	43	1.612009
0	14	22	1.568745
0	14	14	1.567122
0	14	27	1.563136
0	14	28	1.485556
0	14	31	1.464024
0	14	48	1.442142
0	14	61	1.438656
0	14	32	1.408245
0	14	46	1.366302
0	14	63	1.277060
0	14	57	1.226164
0	14	47	1.200830
0	14	30	1.094995
0	14	3	1.088077
0	14	75	1.057204
0	14	36	1.052474
0	14	56	1.043646
0	14	51	0.953126
0	14	65	0.707052
0	14	54	0.562779
0	14	42	0.454252
0	14	26	0.430203
0	14	74	0.275228
0	14	52	0.228863
0	14	85	-0.158525
0	14	72	-0.240029
0	14	66	-0.265565
0	14	49	-0.560066
0	14	62	-0.740362
0	14	29	-1.196913
0	14	25	-1.197678
0	14	21	-1.293030
0	14	58	-1.474493
0	14	39	-2.506958
0	14	20	-2.715600
0	14	40	-2.816660
0	14	50	-3.118983
0	14	79	-3.458613
0	14	71	-4.566864
0	14	23	-4.746938
0	14	11	-5.409969
0	14	24	-5.538392
0	14	73	-5.950485
0	14	33	-5.993075
0	14	37	-6.640165
0	14	70	-6.910819
0	14	34	-6.982168
0	14	64	-7.058603
0	14	35	-7.073489
0	14	53	-7.785406
0	14	18	-7.817697
0	14	38	-8.167377
0	14	78	-8.324832
0	14	76	-8.368782
0	14	69	-8.458238
0	14	77	-8.924089
0	14	41	-9.094779
0	14	55	-9.123945
0	14	44	-9.323964
0	14	16	-9.523026
0	15	56	1.666981
0	15	14	1.658659
0	15	43	1.598698
0	15	30	1.522905
0	15	8	1.399781
0	15	52	1.080901
0	15	32	1.069658
0	15	63	1.013965
0	15	54	0.981169
0	15	62	0.945694
0	15	47	0.925871
0	15	45	0.915954
0	15	51	0.821541
0	15	28	0.756390
0	15	48	0.544791
0	15	3	0.522290
0	15	27	0.206931
0	15	26	-0.140615
0	15	61	-0.537629
0	15	22	-0.578631
0	15	25	-0.652932
0	15	31	-0.841019
0	15	75	-1.916758
0	15	57	-2.075473
0	15	58	-2.078896
0	15	74	-2.785938
0	15	50	-2.932967
0	15	36	-3.467885
0	15	20	-4.871302
0	15	40	-5.250977
0	15	42	-5.805807
0	15	72	-6.138051
0	15	79	-6.536629
0	15	21	-6.847149
0	15	24	-7.352378
0	15	70	-7.363428
0	15	85	-7.511707
0	15	35	-7.706819
0	15	53	-7.732458
0	15	29	-7.785979
0	15	46	-7.994842
0	15	66	-8.009633
0	15	64	-8.845183
0	15	34	-8.873684
0	15	49	-8.933136
0	15	37	-9.235394
0	15	16	-9.246118
0	15	76	-9.251930
0	15	65	-9.584034
0	15	41	-9.606074
0	15	23	-9.691502
0	15	39	-9.707973
0	15	38	-9.840245
0	15	71	-9.901162
0	15	44	-9.906434
0	15	73	-9.927458
0	15	33	-9.963827
0	15	78	-9.968277
0	15	69	-10.017653
0	15	77	-10.215478
0	15	55	-10.268519
0	15	18	-10.332044
0	15	11	-10.359788
0	16	54	1.961343
0	16	56	1.891739
0	16	45	1.849118
0	16	14	1.737527
0	16	22	1.693979
0	16	30	1.663462
0	16	8	1.659841
0	16	43	1.535282
0	16	25	1.520858
0	16	61	1.517053
0	16	3	1.502214
0	16	26	1.459906
0	16	63	1.446871
0	16	32	1.426148
0	16	51	1.413087
0	16	62	1.227444
0	16	47	1.156170
0	16	57	1.138844
0	16	52	1.104519
0	16	75	1.092005
0	16	64	1.031979
0	16	72	0.967750
0	16	28	0.941296
0	16	42	0.756643
0	16	58	0.606840
0	16	31	0.415579
0	16	27	0.309806
0	16	48	0.248712
0	16	29	-0.664890
0	16	53	-0.943351
0	16	74	-1.101959
0	16	21	-1.324521
0	16	50	-1.342376
0	16	20	-2.052157
0	16	40	-2.688003
0	16	34	-3.006739
0	16	36	-3.023619
0	16	46	-5.104909
0	16	79	-5.254768
0	16	70	-6.059071
0	16	39	-6.114704
0	16	65	-7.096397
0	16	18	-7.583493
0	16	85	-7.934494
0	16	71	-8.023556
0	16	49	-8.071069
0	16	73	-8.085345
0	16	35	-8.205667
0	16	66	-8.302958
0	16	38	-8.539408
0	16	41	-8.569683
0	16	77	-8.713767
0	16	69	-8.909971
0	16	44	-8.970919
0	16	37	-9.049812
0	16	76	-9.051011
0	16	24	-9.178216
0	16	33	-9.294468
0	16	23	-9.306841
0	16	78	-9.349582
0	16	55	-9.421019
0	16	11	-9.530733
0	16	16	-9.954467
0	19	61	1.938277
0	19	43	1.848243
0	19	3	1.744541
0	19	28	1.562500
0	19	14	1.531485
0	19	45	1.430143
0	19	32	1.130575
0	19	8	1.029435
0	19	30	0.889324
0	19	22	0.886104
0	19	27	0.419544
0	19	72	0.414680
0	19	64	0.314187
0	19	46	0.152651
0	19	47	0.005823
0	19	56	-0.149441
0	19	58	-0.164984
0	19	75	-0.279112
0	19	63	-0.618398
0	19	51	-0.618969
0	19	25	-0.796262
0	19	36	-0.972552
0	19	54	-1.064022
0	19	57	-1.638968
0	19	29	-1.934958
0	19	62	-1.957314
0	19	48	-2.513190
0	19	26	-2.786566
0	19	20	-2.907146
0	19	42	-2.947305
0	19	40	-3.451045
0	19	52	-3.581636
0	19	65	-3.583195
0	19	31	-3.637002
0	19	21	-3.744211
0	19	66	-4.449180
0	19	33	-4.683317
0	19	74	-4.999146
0	19	79	-6.013654
0	19	34	-7.870324
0	19	49	-7.912482
0	19	39	-7.963017
0	19	50	-8.276938
0	19	70	-8.745009
0	19	41	-8.776227
0	19	24	-8.799078
0	19	73	-8.851062
0	19	85	-9.049175
0	19	71	-9.123452
0	19	23	-9.294312
0	19	35	-9.305638
0	19	37	-9.417826
0	19	18	-9.488914
0	19	11	-9.518950
0	19	38	-9.586703
0	19	53	-9.668500
0	19	69	-9.735166
0	19	77	-9.760721
0	19	78	-9.766258
0	19	55	-9.929221
0	19	76	-9.946201
0	19	44	-9.979607
0	19	16	-10.136803
0	22	43	1.920162
0	22	58	1.853367
0	22	26	1.769937
0	22	52	1.738643
0	22	32	1.720231
0	22	14	1.699772
0	22	47	1.695712
0	22	56	1.680781
0	22	61	1.671151
0	22	54	1.651477
0	22	42	1.397290
0	22	62	1.396983
0	22	30	1.225715
0	22	46	1.221706
0	22	45	1.107166
0	22	3	1.102496
0	22	28	0.765136
0	22	51	0.700065
0	22	25	0.650553
0	22	63	0.637144
0	22	21	0.350733
0	22	72	0.350159
0	22	64	0.270244
0	22	53	0.144118
0	22	73	-0.108144
0	22	20	-0.207439
0	22	8	-0.334781
0	22	75	-0.704504
0	22	22	-0.866471
0	22	74	-1.164054
0	22	36	-2.406096
0	22	70	-2.649584
0	22	79	-2.665654
0	22	48	-2.771790
0	22	35	-3.417785
0	22	37	-3.944736
0	22	34	-5.022620
0	22	40	-5.329987
0	22	57	-5.346095
0	22	29	-5.489363
0	22	78	-5.782990
0	22	27	-5.828206
0	22	50	-5.921994
0	22	18	-6.428461
0	22	49	-6.637729
0	22	44	-6.706997
0	22	66	-6.868492
0	22	31	-7.393818
0	22	76	-7.812453
0	22	24	-7.924422
0	22	23	-8.160922
0	22	39	-8.267472
0	22	77	-8.511586
0	22	41	-8.527385
0	22	85	-8.730794
0	22	69	-8.806023
0	22	65	-8.939800
0	22	38	-9.136017
0	22	11	-9.289382
0	22	33	-9.382829
0	22	55	-9.402567
0	22	71	-9.506409
0	22	16	-9.689909
0	43	15	1.993349
0	43	89	1.866205
0	43	99	1.825866
0	43	61	1.824788
0	43	88	1.593311
0	43	14	1.280820
0	43	93	0.752998
0	43	3	0.516733
0	43	94	-0.965234
0	43	87	-1.604771
0	43	95	-3.371427
0	43	92	-5.264529
0	43	8	-5.328313
0	43	105	-5.722325
0	43	86	-6.093758
0	43	52	-7.374773
0	43	58	-7.698909
0	43	98	-7.939391
0	43	63	-8.027315
0	43	26	-8.284375
0	43	90	-8.296990
0	43	96	-8.429472
0	43	107	-8.773339
0	43	97	-8.785310
0	43	108	-9.013473
0	43	91	-9.099389
0	43	85	-9.147511
0	43	103	-9.367072
0	43	106	-9.371258
0	43	100	-9.674002
0	43	109	-9.747913
0	43	13	-9.770656
0	43	11	-9.830247
0	43	17	-9.891372
0	43	18	-9.909815
0	43	69	-10.147395
0	43	110	-10.280797
0	44	99	1.797664
0	44	15	1.753004
0	44	89	1.668778
0	44	14	1.659336
0	44	8	1.272973
0	44	61	1.240770
0	44	93	1.219233
0	44	96	1.024661
0	44	63	0.982352
0	44	95	0.746104
0	44	97	0.516020
0	44	52	-0.040327
0	44	11	-0.259494
0	44	3	-0.325088
0	44	94	-0.453658
0	44	90	-1.269241
0	44	86	-1.449748
0	44	85	-2.606612
0	44	88	-3.648704
0	44	100	-3.981323
0	44	58	-4.746571
0	44	108	-4.773171
0	44	106	-5.373013
0	44	92	-6.021157
0	44	91	-6.660249
0	44	107	-7.138728
0	44	87	-7.460193
0	44	26	-7.836526
0	44	98	-8.008779
0	44	17	-8.117383
0	44	18	-8.220210
0	44	110	-8.426752
0	44	69	-8.623050
0	44	105	-8.841366
0	44	103	-8.944311
0	44	13	-8.948777
0	44	109	-9.138855
0	54	11	2.024988
0	54	8	1.848539
0	54	14	1.828310
0	54	3	0.480864
0	54	18	-7.384822
0	54	7	-8.888670
0	54	111	-8.931014
0	54	13	-9.308307
0	54	16	-9.512948
0	54	17	-9.603407
0	57	11	2.156506
0	57	8	1.971890
0	57	14	1.737780
0	57	3	1.721462
0	57	18	0.377981
0	57	7	-7.593403
0	57	111	-8.124223
0	57	13	-8.862943
0	57	16	-10.183483
0	57	17	-10.205146
0	58	11	2.068049
0	58	8	1.891331
0	58	14	1.692436
0	58	3	1.588498
0	58	18	-0.664762
0	58	111	-8.750177
0	58	7	-8.934235
0	58	13	-9.882699
0	58	16	-10.211125
0	58	17	-10.224258
0	73	137	1.942180
0	73	132	1.932341
0	73	8	1.914972
0	73	157	1.789932
0	73	163	1.731480
0	73	158	1.691833
0	73	14	1.684276
0	73	168	1.567192
0	73	160	1.266042
0	73	159	1.071859
0	73	170	1.046103
0	73	150	1.041560
0	73	151	0.675804
0	73	153	0.426866
0	73	11	0.379432
0	73	154	0.056879
0	73	3	-0.193654
0	73	152	-0.755868
0	73	161	-1.011574
0	73	156	-5.218316
0	73	155	-7.808832
0	73	169	-8.531557
0	73	145	-8.779554
0	73	148	-9.000451
0	73	146	-9.373808
0	73	149	-9.673118
0	73	18	-9.792446
0	73	162	-9.880523
0	73	13	-9.911468
0	73	147	-10.122726
0	73	17	-10.151559
0	73	16	-10.187799
0	74	137	1.906911
0	74	8	1.858814
0	74	157	1.809813
0	74	132	1.722973
0	74	163	1.661586
0	74	14	1.607647
0	74	158	1.599072
0	74	168	1.404732
0	74	150	1.093390
0	74	160	0.945658
0	74	170	0.864241
0	74	159	0.506099
0	74	151	0.469849
0	74	154	0.023128
0	74	153	-0.088991
0	74	3	-0.192458
0	74	161	-0.468899
0	74	11	-0.498397
0	74	152	-1.342035
0	74	155	-6.109149
0	74	156	-7.542387
0	74	145	-8.006973
0	74	169	-8.238615
0	74	148	-8.800220
0	74	149	-9.412918
0	74	146	-9.645085
0	74	162	-9.732366
0	74	18	-9.732440
0	74	147	-9.811424
0	74	13	-9.900474
0	74	16	-10.052563
0	74	17	-10.123574
0	75	8	1.591541
0	75	14	1.402381
0	75	3	0.475477
0	75	145	0.091354
0	75	13	-0.668175
0	75	137	-0.939700
0	75	166	-1.148022
0	75	164	-2.898790
0	75	18	-5.287169
0	75	132	-5.736454
0	75	11	-5.857012
0	75	128	-6.114553
0	75	17	-7.969729
0	75	146	-8.221228
0	75	167	-8.235107
0	75	160	-8.711537
0	75	147	-8.900668
0	75	171	-8.983742
0	75	165	-9.217721
0	75	16	-9.514251
0	77	18	1.806994
0	77	14	1.723674
0	77	3	1.662334
0	77	8	1.213707
0	77	137	1.052794
0	77	145	1.010605
0	77	166	0.092874
0	77	13	-1.026554
0	77	164	-1.387768
0	77	132	-2.342993
0	77	11	-6.582781
0	77	160	-7.508514
0	77	171	-8.375253
0	77	165	-8.751229
0	77	147	-8.862021
0	77	146	-8.875537
0	77	167	-8.877234
0	77	17	-9.142638
0	77	128	-9.192074
0	77	16	-9.354164
0	94	188	1.973724
0	94	99	1.831338
0	94	116	1.827130
0	94	190	1.761702
0	94	15	1.690585
0	94	8	1.678616
0	94	3	1.649393
0	94	14	1.600338
0	94	196	1.557474
0	94	207	1.522846
0	94	200	1.444232
0	94	192	1.299027
0	94	113	1.124755
0	94	51	0.789283
0	94	206	-0.064123
0	94	63	-0.179538
0	94	189	-0.292281
0	94	17	-2.014299
0	94	201	-2.594014
0	94	193	-3.359223
0	94	205	-3.958139
0	94	217	-4.766847
0	94	202	-5.147520
0	94	204	-5.226241
0	94	194	-5.234604
0	94	210	-6.567839
0	94	109	-6.615008
0	94	208	-7.480771
0	94	198	-7.514649
0	94	212	-7.856539
0	94	191	-8.071418
0	94	122	-8.073629
0	94	203	-8.614808
0	94	199	-8.622552
0	94	126	-8.698829
0	94	197	-8.930865
0	94	13	-9.047866
0	94	18	-9.424291
0	94	16	-9.515031
0	94	187	-9.723878
0	94	195	-9.866353
0	94	209	-9.881277
0	95	15	1.786754
0	95	198	1.765461
0	95	8	1.729187
0	95	207	1.661386
0	95	99	1.640171
0	95	14	1.611224
0	95	3	1.599380
0	95	190	1.593727
0	95	201	1.570618
0	95	116	1.457229
0	95	192	1.441404
0	95	194	1.397531
0	95	200	1.251223
0	95	217	1.124462
0	95	63	1.053057
0	95	196	0.978051
0	95	51	0.160928
0	95	17	0.041090
0	95	113	-0.150131
0	95	13	-0.159485
0	95	188	-0.223475
0	95	204	-0.238901
0	95	210	-0.493497
0	95	199	-0.774249
0	95	202	-1.564838
0	95	206	-1.918217
0	95	122	-2.068115
0	95	18	-2.168925
0	95	189	-3.552194
0	95	191	-3.656236
0	95	187	-4.305863
0	95	205	-4.568717
0	95	203	-5.526887
0	95	109	-6.120321
0	95	208	-7.622727
0	95	212	-8.461349
0	95	193	-8.500024
0	95	197	-8.847921
0	95	16	-9.719789
0	95	195	-9.731168
0	95	126	-9.948240
0	95	209	-10.088379
0	96	188	1.858364
0	96	99	1.759890
0	96	116	1.614512
0	96	15	1.608179
0	96	207	1.531829
0	96	3	1.433729
0	96	14	1.316467
0	96	190	1.094365
0	96	189	-1.801905
0	96	205	-3.003503
0	96	200	-3.349257
0	96	8	-3.441498
0	96	196	-3.665445
0	96	192	-3.688037
0	96	194	-4.213527
0	96	210	-5.231583
0	96	51	-6.222336
0	96	199	-6.738180
0	96	122	-6.798756
0	96	201	-6.819207
0	96	193	-6.842060
0	96	202	-7.570592
0	96	206	-7.942306
0	96	113	-8.101515
0	96	63	-8.382004
0	96	208	-8.619274
0	96	212	-8.815985
0	96	204	-8.999843
0	96	197	-9.154613
0	96	203	-9.193197
0	96	195	-9.290360
0	96	198	-9.345683
0	96	209	-9.357157
0	96	18	-9.522956
0	96	191	-9.537158
0	96	126	-9.550335
0	96	109	-9.564583
0	96	217	-9.618568
0	96	13	-9.644934
0	96	17	-9.692695
0	96	16	-9.829099
0	96	187	-10.065724
0	99	99	1.879514
0	99	15	1.778336
0	99	211	1.713430
0	99	207	1.684048
0	99	190	1.616083
0	99	14	1.596771
0	99	3	1.578451
0	99	116	1.549581
0	99	196	1.471779
0	99	8	1.439348
0	99	206	1.375086
0	99	113	1.240351
0	99	201	1.181353
0	99	194	1.061545
0	99	51	0.899820
0	99	200	0.811249
0	99	192	0.456203
0	99	204	0.361433
0	99	202	-0.753600
0	99	18	-1.131033
0	99	63	-1.220343
0	99	188	-4.061910
0	99	189	-4.195037
0	99	217	-4.696152
0	99	203	-4.849428
0	99	210	-5.404698
0	99	193	-6.333597
0	99	198	-7.468616
0	99	13	-7.559074
0	99	109	-7.831699
0	99	122	-8.224161
0	99	205	-8.542501
0	99	212	-8.644774
0	99	191	-8.646906
0	99	199	-8.870332
0	99	197	-9.081900
0	99	126	-9.786900
0	99	16	-9.811056
0	99	195	-10.033743
0	99	209	-10.159829
0	100	99	1.749461
0	100	15	1.693961
0	100	211	1.640259
0	100	14	1.585039
0	100	190	1.476372
0	100	51	1.221684
0	100	188	1.040915
0	100	8	0.648786
0	100	200	0.645461
0	100	196	0.524105
0	100	116	0.361269
0	100	3	0.311013
0	100	63	-0.651707
0	100	113	-0.817967
0	100	207	-1.823847
0	100	192	-3.851116
0	100	210	-5.353213
0	100	193	-5.841214
0	100	189	-5.893011
0	100	194	-6.084533
0	100	212	-6.576224
0	100	206	-6.615452
0	100	198	-6.943128
0	100	217	-7.146087
0	100	201	-7.672374
0	100	202	-8.262689
0	100	199	-8.430122
0	100	205	-8.491768
0	100	13	-8.578973
0	100	109	-8.731951
0	100	191	-8.743855
0	100	203	-8.801924
0	100	18	-8.898438
0	100	122	-8.958593
0	100	204	-9.019866
0	100	197	-9.130821
0	100	126	-9.276668
0	100	209	-9.628399
0	100	195	-9.645598
0	100	16	-9.743371
0	123	188	1.868352
0	123	190	1.793603
0	123	14	1.781530
0	123	207	1.719913
0	123	99	1.602620
0	123	232	1.542697
0	123	224	1.415949
0	123	222	1.377993
0	123	229	1.143725
0	123	243	0.968524
0	123	3	0.929464
0	123	221	0.838889
0	123	228	0.711015
0	123	196	0.035519
0	123	116	-0.030527
0	123	8	-0.171018
0	123	233	-1.168996
0	123	238	-3.949742
0	123	244	-3.998437
0	123	231	-4.058375
0	123	235	-4.110345
0	123	240	-4.149478
0	123	51	-4.354918
0	123	236	-4.703970
0	123	227	-5.929858
0	123	201	-7.170218
0	123	245	-7.568447
0	123	210	-7.690547
0	123	199	-8.135432
0	123	239	-8.190896
0	123	226	-8.212508
0	123	96	-8.386107
0	123	225	-8.407844
0	123	241	-8.483303
0	123	246	-8.759479
0	123	198	-8.798548
0	123	242	-9.057719
0	123	230	-9.064706
0	123	234	-9.143373
0	123	208	-9.409659
0	123	217	-9.513692
0	123	197	-9.582738
0	123	223	-9.592512
0	123	237	-9.609185
0	123	18	-9.667199
0	123	122	-9.723188
0	123	11	-9.732671
0	123	191	-9.860318
0	123	247	-9.920159
0	123	16	-9.984000
0	123	187	-10.052487
0	124	99	1.802032
0	124	207	1.748505
0	124	14	1.696338
0	124	8	1.687921
0	124	221	1.681784
0	124	224	1.542787
0	124	190	1.539131
0	124	232	1.433179
0	124	223	1.427318
0	124	3	1.345280
0	124	235	1.190510
0	124	188	1.154420
0	124	233	1.144788
0	124	231	1.101397
0	124	201	1.083917
0	124	51	0.755627
0	124	240	0.739776
0	124	244	0.461178
0	124	116	0.276942
0	124	228	-0.116585
0	124	242	-0.135052
0	124	236	-0.251265
0	124	199	-0.272253
0	124	245	-0.450075
0	124	241	-1.361994
0	124	210	-1.819084
0	124	222	-2.515107
0	124	208	-2.570467
0	124	225	-2.582816
0	124	227	-2.596724
0	124	243	-3.444273
0	124	191	-4.411923
0	124	229	-4.420928
0	124	96	-4.452545
0	124	196	-4.719132
0	124	230	-5.131042
0	124	246	-6.509911
0	124	237	-6.744653
0	124	18	-7.369601
0	124	234	-7.521456
0	124	197	-7.812330
0	124	122	-7.834426
0	124	11	-8.178578
0	124	198	-8.222780
0	124	239	-8.714357
0	124	226	-8.944932
0	124	247	-9.158024
0	124	238	-9.511813
0	124	187	-9.643747
0	124	217	-9.660095
0	124	16	-9.776467
0	125	207	1.735042
0	125	224	1.632405
0	125	116	1.580444
0	125	14	1.544306
0	125	99	1.268825
0	125	8	1.255654
0	125	190	1.244640
0	125	229	0.859254
0	125	3	0.565103
0	125	221	0.425753
0	125	232	0.388005
0	125	196	0.233082
0	125	243	-0.379330
0	125	228	-0.445920
0	125	239	-0.623746
0	125	210	-1.140507
0	125	231	-1.235482
0	125	235	-1.317540
0	125	217	-1.469365
0	125	201	-1.669320
0	125	233	-1.842534
0	125	188	-3.190721
0	125	18	-5.412702
0	125	222	-5.637310
0	125	223	-5.843034
0	125	198	-6.177331
0	125	225	-6.227101
0	125	51	-6.652874
0	125	240	-6.957488
0	125	122	-7.219007
0	125	236	-7.558595
0	125	237	-7.812139
0	125	191	-7.963464
0	125	246	-8.016162
0	125	244	-8.025896
0	125	227	-8.171101
0	125	96	-8.502652
0	125	230	-8.833214
0	125	234	-8.864453
0	125	241	-8.941673
0	125	11	-9.190015
0	125	199	-9.192175
0	125	226	-9.360379
0	125	247	-9.502763
0	125	245	-9.552400
0	125	238	-9.594178
0	125	197	-9.638539
0	125	187	-9.725989
0	125	242	-9.763035
0	125	208	-10.123264
0	125	16	-10.264944
0	126	188	1.741030
0	126	14	1.732884
0	126	99	1.729209
0	126	207	1.691256
0	126	190	1.674571
0	126	240	1.460406
0	126	116	1.354193
0	126	232	1.336012
0	126	221	1.315732
0	126	236	1.201084
0	126	3	1.181624
0	126	226	1.118875
0	126	8	1.031129
0	126	199	0.933995
0	126	244	0.930239
0	126	224	0.873410
0	126	228	0.734556
0	126	231	0.589828
0	126	227	0.425179
0	126	235	0.422867
0	126	229	0.161384
0	126	196	0.140732
0	126	201	0.118618
0	126	223	0.087859
0	126	245	-0.452147
0	126	210	-0.591097
0	126	241	-0.852021
0	126	191	-0.932837
0	126	222	-1.256190
0	126	51	-2.128710
0	126	233	-2.205322
0	126	96	-2.956020
0	126	243	-3.271479
0	126	18	-3.864757
0	126	217	-4.013312
0	126	198	-4.370334
0	126	246	-4.746021
0	126	122	-5.019449
0	126	225	-5.371507
0	126	242	-5.590883
0	126	11	-5.591192
0	126	237	-5.740114
0	126	197	-6.170345
0	126	239	-6.303012
0	126	247	-6.487783
0	126	230	-6.546828
0	126	238	-6.572399
0	126	208	-8.414972
0	126	234	-8.431180
0	126	187	-9.301972
0	126	16	-9.368274
0	127	99	1.406886
0	127	207	1.398660
0	127	232	1.310625
0	127	14	1.258849
0	127	190	1.041953
0	127	231	0.965770
0	127	8	0.674199
0	127	3	0.239261
0	127	221	-0.296820
0	127	51	-1.113282
0	127	224	-2.870023
0	127	230	-3.664125
0	127	244	-4.503368
0	127	228	-4.668749
0	127	116	-6.199549
0	127	210	-6.678689
0	127	242	-7.289908
0	127	240	-7.779245
0	127	229	-8.784458
0	127	188	-8.822161
0	127	236	-8.842070
0	127	233	-8.862906
0	127	247	-8.900133
0	127	201	-8.941787
0	127	196	-8.969768
0	127	241	-8.984981
0	127	191	-8.990225
0	127	222	-9.051454
0	127	243	-9.071985
0	127	227	-9.129684
0	127	199	-9.174032
0	127	239	-9.211556
0	127	198	-9.234737
0	127	96	-9.242997
0	127	226	-9.363202
0	127	238	-9.421425
0	127	225	-9.532099
0	127	197	-9.614682
0	127	235	-9.760510
0	127	234	-9.871989
0	127	122	-9.935576
0	127	245	-9.989931
0	127	16	-10.011957
0	127	208	-10.034508
0	127	18	-10.038024
0	127	217	-10.040922
0	127	246	-10.048566
0	127	11	-10.092221
0	127	237	-10.229837
0	127	223	-10.414207
0	127	187	-10.588991
0	144	258	1.846647
0	144	201	1.793315
0	144	14	1.714266
0	144	199	1.581551
0	144	3	1.399031
0	144	8	1.274409
0	144	253	1.232219
0	144	18	1.071652
0	144	256	0.815556
0	144	252	0.638443
0	144	251	0.083489
0	144	257	-0.569694
0	144	208	-2.057058
0	144	255	-2.715386
0	144	191	-2.891480
0	144	13	-3.963526
0	144	63	-4.373484
0	144	200	-4.913610
0	144	17	-5.057438
0	144	11	-6.671046
0	144	113	-7.154174
0	144	16	-8.046743
0	144	248	-8.121626
0	144	254	-8.338103
0	144	110	-8.722762
0	144	187	-9.334695
0	144	249	-9.761691
0	144	109	-9.814889
0	144	250	-10.167293
0	145	258	1.550089
0	145	14	1.209475
0	145	248	0.422590
0	145	252	0.247635
0	145	8	-0.287472
0	145	3	-0.399465
0	145	257	-0.938843
0	145	11	-1.533825
0	145	255	-2.838703
0	145	253	-3.988319
0	145	200	-5.690807
0	145	254	-5.879306
0	145	251	-7.037784
0	145	63	-7.282035
0	145	113	-8.704595
0	145	199	-8.783952
0	145	110	-9.108531
0	145	201	-9.187718
0	145	208	-9.258942
0	145	191	-9.601807
0	145	109	-9.650817
0	145	256	-9.767369
0	145	18	-9.822441
0	145	249	-9.880871
0	145	17	-9.903268
0	145	16	-9.917353
0	145	13	-9.986115
0	145	250	-10.008882
0	145	187	-10.025928
0	146	258	1.758661
0	146	8	1.727602
0	146	3	1.645777
0	146	14	1.603445
0	146	200	1.033986
0	146	252	0.370001
0	146	257	-0.144182
0	146	253	-0.569364
0	146	254	-1.001236
0	146	199	-2.193700
0	146	201	-2.859462
0	146	251	-3.667146
0	146	18	-4.401183
0	146	113	-4.738616
0	146	255	-5.666193
0	146	256	-6.137324
0	146	63	-6.405692
0	146	208	-7.208381
0	146	13	-8.079852
0	146	11	-8.246155
0	146	191	-8.931160
0	146	17	-9.117295
0	146	248	-9.126734
0	146	109	-9.395147
0	146	187	-9.543277
0	146	16	-9.744452
0	146	249	-9.967981
0	146	110	-10.027167
0	146	250	-10.340454
0	147	258	1.792698
0	147	257	1.464093
0	147	252	1.379782
0	147	14	1.371642
0	147	253	0.728341
0	147	8	0.682179
0	147	3	0.465293
0	147	248	-0.850885
0	147	254	-2.368034
0	147	255	-3.368813
0	147	200	-3.868645
0	147	11	-4.647670
0	147	63	-4.960418
0	147	199	-6.002444
0	147	251	-6.385863
0	147	113	-6.970733
0	147	208	-7.734584
0	147	201	-8.275191
0	147	191	-8.992004
0	147	256	-9.006373
0	147	110	-9.108464
0	147	18	-9.206576
0	147	109	-9.427015
0	147	13	-9.560662
0	147	17	-9.858225
0	147	249	-9.895796
0	147	187	-9.897364
0	147	16	-9.904015
0	147	250	-10.102137
0	148	258	1.778525
0	148	14	1.469254
0	148	8	1.121985
0	148	200	1.023262
0	148	252	0.828812
0	148	3	0.537103
0	148	257	0.044283
0	148	253	-0.259454
0	148	63	-4.512715
0	148	254	-5.560025
0	148	113	-6.183780
0	148	248	-6.214558
0	148	251	-6.874853
0	148	255	-7.341333
0	148	199	-7.489829
0	148	201	-7.499071
0	148	191	-9.303699
0	148	109	-9.365840
0	148	208	-9.420517
0	148	13	-9.440784
0	148	249	-9.473631
0	148	17	-9.543131
0	148	256	-9.549642
0	148	11	-9.612327
0	148	16	-9.796170
0	148	110	-9.821683
0	148	18	-9.836332
0	148	250	-10.173085
0	148	187	-10.239342
0	150	257	1.881231
0	150	8	1.841711
0	150	258	1.840987
0	150	14	1.608682
0	150	251	1.482176
0	150	253	1.410112
0	150	63	0.978252
0	150	252	0.952319
0	150	3	0.457552
0	150	201	0.402813
0	150	17	-1.542782
0	150	208	-2.850422
0	150	200	-3.922535
0	150	256	-4.015758
0	150	199	-4.461133
0	150	249	-6.231550
0	150	254	-6.710236
0	150	13	-6.821020
0	150	18	-7.266226
0	150	11	-7.460587
0	150	191	-7.615350
0	150	113	-7.753643
0	150	187	-8.114778
0	150	248	-8.179594
0	150	255	-8.313406
0	150	109	-8.801076
0	150	16	-9.471887
0	150	110	-9.486072
0	150	250	-9.719417
0	177	183	1.820899
0	177	264	1.728004
0	177	270	1.640751
0	177	3	1.548195
0	177	116	1.469226
0	177	263	1.221720
0	177	30	0.874290
0	177	14	0.839534
0	177	61	0.806159
0	177	269	-0.118872
0	177	244	-0.198968
0	177	231	-0.954951
0	177	112	-2.225115
0	177	8	-2.952508
0	177	280	-3.244853
0	177	119	-3.597718
0	177	51	-7.464464
0	177	267	-7.671286
0	177	272	-7.831099
0	177	268	-8.228259
0	177	63	-8.292568
0	177	113	-8.430341
0	177	58	-8.692712
0	177	278	-8.773672
0	177	271	-9.197349
0	177	115	-9.273676
0	177	277	-9.326713
0	177	11	-9.329702
0	177	265	-9.538217
0	177	255	-9.560741
0	177	13	-9.847554
0	177	109	-9.898724
0	177	18	-9.904233
0	177	17	-9.930633
0	177	266	-9.990793
0	177	16	-10.002637
0	178	183	1.765476
0	178	270	1.655500
0	178	30	1.426469
0	178	116	1.362818
0	178	14	1.318699
0	178	244	1.282408
0	178	3	1.250408
0	178	264	1.225041
0	178	263	1.112601
0	178	231	0.184201
0	178	61	-0.754657
0	178	8	-1.261733
0	178	112	-3.545337
0	178	280	-4.133537
0	178	269	-4.408326
0	178	119	-5.784450
0	178	255	-6.957118
0	178	272	-7.767162
0	178	267	-7.799400
0	178	278	-8.351033
0	178	51	-8.382831
0	178	58	-8.647913
0	178	63	-8.650216
0	178	113	-8.681300
0	178	17	-9.151206
0	178	268	-9.193638
0	178	265	-9.218860
0	178	271	-9.225474
0	178	115	-9.372573
0	178	109	-9.409394
0	178	277	-9.439708
0	178	13	-9.590521
0	178	11	-9.698479
0	178	18	-9.722001
0	178	16	-9.751142
0	178	266	-9.938224
0	179	183	1.764612
0	179	116	1.714603
0	179	270	1.441508
0	179	14	1.394835
0	179	8	0.483957
0	179	263	0.257886
0	179	264	0.203206
0	179	30	0.098863
0	179	3	-0.607345
0	179	61	-0.718950
0	179	244	-3.735820
0	179	269	-3.967066
0	179	272	-5.334663
0	179	231	-6.051857
0	179	112	-6.838710
0	179	280	-8.245864
0	179	267	-8.425430
0	179	58	-8.434117
0	179	278	-8.589533
0	179	51	-8.775524
0	179	113	-8.845335
0	179	63	-9.208212
0	179	271	-9.589467
0	179	255	-9.700536
0	179	277	-9.815356
0	179	109	-9.835752
0	179	13	-9.895443
0	179	265	-9.928417
0	179	268	-9.976756
0	179	17	-10.124958
0	179	16	-10.398393
0	179	119	-10.438917
0	179	11	-10.448822
0	179	18	-10.487279
0	179	266	-10.526945
0	179	115	-10.577249
0	180	8	1.778090
0	180	270	1.696231
0	180	14	1.227167
0	180	30	1.054911
0	180	116	0.981625
0	180	61	0.924324
0	180	183	0.843728
0	180	11	0.841890
0	180	263	0.444926
0	180	3	0.254778
0	180	269	-0.030786
0	180	231	-0.117981
0	180	112	-0.119131
0	180	264	-1.604328
0	180	63	-1.719103
0	180	255	-2.039207
0	180	244	-2.118998
0	180	268	-4.917026
0	180	272	-5.477981
0	180	267	-7.599048
0	180	115	-7.989764
0	180	280	-8.220988
0	180	266	-8.283203
0	180	51	-8.442986
0	180	278	-8.513288
0	180	119	-8.580006
0	180	277	-8.946343
0	180	58	-8.983830
0	180	113	-9.044360
0	180	109	-9.044612
0	180	265	-9.187860
0	180	271	-9.349219
0	180	18	-9.474322
0	180	13	-9.661295
0	180	17	-9.923063
0	180	16	-10.011564
0	181	270	1.877384
0	181	183	1.800579
0	181	116	1.357595
0	181	263	1.182895
0	181	30	1.138394
0	181	264	1.081358
0	181	14	0.307053
0	181	3	-1.083157
0	181	61	-3.385987
0	181	244	-3.609150
0	181	269	-4.934011
0	181	8	-6.870949
0	181	231	-7.059690
0	181	112	-7.253934
0	181	280	-8.213737
0	181	51	-8.549936
0	181	255	-8.762494
0	181	267	-8.816474
0	181	58	-9.027591
0	181	272	-9.043885
0	181	63	-9.127565
0	181	278	-9.165749
0	181	113	-9.188060
0	181	277	-9.393949
0	181	119	-9.459449
0	181	265	-9.582605
0	181	271	-9.671783
0	181	268	-9.740237
0	181	115	-9.871823
0	181	11	-9.896185
0	181	109	-10.017385
0	181	13	-10.022344
0	181	17	-10.061058
0	181	16	-10.096644
0	181	266	-10.130946
0	181	18	-10.191759
0	182	14	1.822939
0	182	264	1.770264
0	182	30	1.702994
0	182	8	1.466068
0	182	183	1.159719
0	182	61	1.128588
0	182	112	1.126366
0	182	270	0.275919
0	182	3	0.179058
0	182	116	0.152501
0	182	269	-0.340059
0	182	231	-1.109159
0	182	267	-2.529794
0	182	268	-3.334640
0	182	244	-3.345145
0	182	51	-3.479320
0	182	63	-3.995597
0	182	280	-4.767427
0	182	17	-6.198147
0	182	277	-6.397649
0	182	13	-6.504049
0	182	263	-7.104258
0	182	255	-7.346467
0	182	119	-7.529682
0	182	113	-7.764458
0	182	265	-7.823157
0	182	272	-8.190380
0	182	278	-8.277237
0	182	58	-8.702627
0	182	266	-8.765313
0	182	271	-9.208688
0	182	115	-9.742355
0	182	18	-9.767550
0	182	11	-9.987911
0	182	109	-10.010903
0	182	16	-10.360084
0	183	183	2.007030
0	183	276	1.972707
0	183	61	1.873982
0	183	267	1.843958
0	183	289	1.833060
0	183	291	1.813113
0	183	116	1.768622
0	183	30	1.738896
0	183	14	1.730312
0	183	275	1.724627
0	183	290	1.700159
0	183	270	1.692958
0	183	283	1.672200
0	183	273	1.649911
0	183	264	1.636518
0	183	285	1.605269
0	183	292	1.460357
0	183	3	1.442404
0	183	113	1.276368
0	183	282	1.274572
0	183	274	1.141071
0	183	286	1.121894
0	183	279	1.084237
0	183	263	1.082763
0	183	63	0.909895
0	183	294	0.805434
0	183	112	0.755066
0	183	271	0.643656
0	183	288	-0.082027
0	183	51	-1.135914
0	183	231	-1.502922
0	183	281	-1.780511
0	183	295	-1.904500
0	183	18	-1.977743
0	183	287	-4.167399
0	183	284	-5.909414
0	183	293	-5.973923
0	183	244	-6.736791
0	183	272	-6.772053
0	183	280	-7.156958
0	183	278	-7.347844
0	183	58	-7.450071
0	183	268	-8.238185
0	183	119	-9.135824
0	183	115	-9.712255
0	184	8	1.884780
0	184	116	1.778249
0	184	270	1.774179
0	184	61	1.737146
0	184	14	1.728544
0	184	183	1.714240
0	184	244	1.574981
0	184	255	1.477511
0	184	263	1.211950
0	184	30	0.848205
0	184	264	0.200722
0	184	266	-1.055329
0	184	11	-2.438307
0	184	3	-2.942538
0	184	231	-2.993968
0	184	268	-3.395240
0	184	112	-3.550205
0	184	269	-4.922848
0	184	267	-6.391127
0	184	63	-6.708436
0	184	51	-7.572134
0	184	115	-8.186889
0	184	119	-8.226830
0	184	277	-8.692671
0	184	280	-8.843978
0	184	272	-8.884833
0	184	278	-8.919994
0	184	113	-8.996794
0	184	58	-9.049173
0	184	271	-9.321504
0	184	109	-9.601535
0	184	18	-9.653806
0	184	265	-9.671093
0	184	13	-9.714646
0	184	16	-9.757266
0	184	17	-9.892807
0	185	270	2.121239
0	185	30	1.935424
0	185	264	1.925712
0	185	183	1.813459
0	185	263	1.557647
0	185	14	1.317937
0	185	116	1.289836
0	185	61	0.765704
0	185	8	0.613263
0	185	231	-0.085396
0	185	255	-0.804771
0	185	265	-1.302616
0	185	112	-1.486424
0	185	269	-1.696730
0	185	244	-2.130105
0	185	272	-3.095321
0	185	3	-3.446851
0	185	267	-4.830474
0	185	11	-5.011887
0	185	280	-6.979022
0	185	278	-7.517309
0	185	266	-8.299148
0	185	51	-8.479866
0	185	63	-8.819541
0	185	58	-9.127927
0	185	113	-9.313695
0	185	119	-9.401743
0	185	271	-9.727669
0	185	268	-9.776435
0	185	109	-9.843921
0	185	115	-9.867964
0	185	277	-9.951500
0	185	18	-10.077627
0	185	13	-10.143518
0	185	17	-10.262218
0	185	16	-10.369596
0	186	183	1.784937
0	186	244	1.778464
0	186	8	1.600406
0	186	116	1.575106
0	186	61	1.531978
0	186	264	1.459787
0	186	30	1.310455
0	186	270	1.258518
0	186	263	1.197522
0	186	14	0.468310
0	186	3	0.109511
0	186	269	-0.616259
0	186	255	-0.714142
0	186	231	-2.241797
0	186	265	-3.400771
0	186	63	-3.418618
0	186	267	-3.596901
0	186	11	-4.316482
0	186	266	-5.187634
0	186	112	-5.513509
0	186	51	-6.610210
0	186	280	-7.455739
0	186	268	-7.484590
0	186	119	-7.641146
0	186	115	-8.253176
0	186	113	-8.513083
0	186	277	-8.538522
0	186	58	-8.713768
0	186	272	-8.910662
0	186	278	-9.068849
0	186	271	-9.070522
0	186	109	-9.395202
0	186	13	-9.531781
0	186	18	-9.538494
0	186	17	-9.675238
0	186	16	-9.736787
