0	1	1	0.925756
0	1	6	0.868499
0	1	19	0.822494
0	1	8	0.571708
0	1	2	0.560530
0	1	9	0.292440
0	1	10	0.195993
0	1	3	-0.496045
0	1	0	-0.552306
0	1	12	-2.647683
0	1	5	-2.788484
0	1	4	-4.380639
0	1	14	-4.760647
0	1	15	-5.059190
0	1	18	-5.932538
0	1	16	-5.984858
0	1	11	-6.168267
0	1	13	-6.245518
0	1	17	-6.274616
0	1	7	-6.340160
0	2	9	1.043135
0	2	8	0.996437
0	2	14	0.953097
0	2	1	0.926305
0	2	5	0.740494
0	2	2	-0.809151
0	2	3	-1.189843
0	2	0	-1.530701
0	2	4	-1.618877
0	2	10	-2.756466
0	2	15	-3.978419
0	2	11	-4.902246
0	2	19	-5.062404
0	2	6	-5.107557
0	2	12	-5.361915
0	2	16	-5.896612
0	2	17	-5.912499
0	2	18	-6.031894
0	2	13	-6.176323
0	2	7	-6.508403
0	3	9	1.070233
0	3	1	1.032928
0	3	10	0.768058
0	3	8	0.729286
0	3	5	0.484427
0	3	4	0.219859
0	3	6	0.171855
0	3	3	-0.366578
0	3	0	-0.685331
0	3	14	-0.842133
0	3	19	-1.724435
0	3	2	-2.150556
0	3	15	-4.923484
0	3	12	-5.815420
0	3	11	-6.073733
0	3	17	-6.194921
0	3	18	-6.243655
0	3	16	-6.244618
0	3	13	-6.270896
0	3	7	-6.483629
0	14	52	0.615036
0	14	26	0.563294
0	14	27	0.479734
0	14	51	0.476187
0	14	45	0.183687
0	14	3	0.100519
0	14	22	-0.003275
0	14	54	-0.429894
0	14	85	-0.524585
0	14	32	-1.216235
0	14	61	-1.585479
0	14	58	-1.612791
0	14	43	-1.883878
0	14	72	-2.538875
0	14	56	-2.971848
0	14	46	-3.417688
0	14	66	-3.484643
0	14	14	-3.908205
0	14	63	-4.140448
0	14	30	-4.437979
0	14	57	-4.572052
0	14	38	-4.579256
0	14	28	-4.589057
0	14	31	-4.595324
0	14	37	-4.744235
0	14	36	-4.836435
0	14	42	-4.847054
0	14	47	-4.912233
0	14	40	-4.918479
0	14	50	-5.037197
0	14	8	-5.094045
0	14	24	-5.136793
0	14	29	-5.332401
0	14	75	-5.368310
0	14	25	-5.545600
0	14	48	-5.562501
0	14	53	-5.569688
0	14	23	-5.601335
0	14	20	-5.628817
0	14	64	-5.643232
0	14	11	-5.667556
0	14	65	-5.679175
0	14	62	-5.754193
0	14	21	-5.766869
0	14	41	-5.770696
0	14	33	-5.773837
0	14	76	-5.797987
0	14	71	-5.814196
0	14	34	-5.820846
0	14	79	-5.835062
0	14	73	-5.854448
0	14	69	-5.861499
0	14	16	-5.866453
0	14	18	-5.886556
0	14	35	-5.896441
0	14	39	-5.925407
0	14	77	-5.928472
0	14	70	-5.931064
0	14	49	-5.943675
0	14	74	-5.944074
0	14	78	-5.956262
0	14	55	-5.957484
0	14	44	-5.966733
0	15	22	0.597140
0	15	50	0.532214
0	15	54	0.493608
0	15	51	0.414363
0	15	3	0.256615
0	15	26	0.103064
0	15	45	-0.037150
0	15	56	-0.119540
0	15	52	-0.220576
0	15	32	-0.577930
0	15	48	-1.329058
0	15	64	-1.374343
0	15	27	-1.383386
0	15	14	-2.281118
0	15	58	-2.424675
0	15	62	-2.584396
0	15	63	-2.875864
0	15	30	-2.976526
0	15	57	-2.991094
0	15	31	-3.414643
0	15	29	-3.742859
0	15	8	-3.911781
0	15	28	-4.044178
0	15	61	-4.197818
0	15	72	-4.210998
0	15	37	-4.252512
0	15	43	-4.789371
0	15	16	-4.789850
0	15	36	-4.821270
0	15	79	-4.854853
0	15	47	-4.874242
0	15	46	-4.916731
0	15	40	-5.041531
0	15	24	-5.092213
0	15	53	-5.159259
0	15	85	-5.171490
0	15	66	-5.214301
0	15	42	-5.229310
0	15	41	-5.289749
0	15	75	-5.319141
0	15	74	-5.335894
0	15	33	-5.508514
0	15	25	-5.512484
0	15	49	-5.521808
0	15	38	-5.593419
0	15	21	-5.674320
0	15	11	-5.710199
0	15	23	-5.751563
0	15	20	-5.761971
0	15	65	-5.819135
0	15	35	-5.826532
0	15	34	-5.826878
0	15	18	-5.835794
0	15	44	-5.873861
0	15	55	-5.890931
0	15	73	-5.917872
0	15	71	-5.923474
0	15	76	-5.928049
0	15	39	-5.936081
0	15	70	-5.989083
0	15	69	-5.995745
0	15	77	-6.028815
0	15	78	-6.158598
0	16	26	0.940038
0	16	56	0.938102
0	16	52	0.885934
0	16	54	0.877630
0	16	32	0.842797
0	16	58	0.834834
0	16	27	0.814981
0	16	22	0.785335
0	16	51	0.770122
0	16	3	0.719632
0	16	29	-0.482185
0	16	14	-0.604321
0	16	45	-1.546876
0	16	43	-1.889488
0	16	28	-1.909651
0	16	62	-2.357564
0	16	25	-2.359166
0	16	8	-2.359750
0	16	72	-2.576763
0	16	63	-2.585297
0	16	36	-3.604190
0	16	61	-3.658012
0	16	30	-3.768590
0	16	50	-3.793853
0	16	85	-3.801959
0	16	66	-3.887161
0	16	31	-3.936662
0	16	75	-4.038748
0	16	48	-4.109976
0	16	65	-4.349762
0	16	47	-4.351852
0	16	57	-4.464438
0	16	40	-4.560593
0	16	53	-4.561403
0	16	37	-4.586270
0	16	46	-4.742616
0	16	38	-4.896649
0	16	42	-4.920747
0	16	21	-5.196989
0	16	64	-5.327471
0	16	79	-5.456734
0	16	16	-5.458066
0	16	74	-5.511889
0	16	20	-5.518134
0	16	69	-5.529349
0	16	34	-5.573006
0	16	41	-5.758921
0	16	18	-5.806084
0	16	24	-5.831557
0	16	77	-5.843830
0	16	23	-5.885914
0	16	73	-5.887809
0	16	55	-5.895681
0	16	33	-5.902331
0	16	11	-5.947970
0	16	49	-5.965796
0	16	71	-5.982655
0	16	35	-6.010020
0	16	76	-6.010079
0	16	70	-6.126872
0	16	39	-6.139899
0	16	78	-6.164251
0	16	44	-6.194260
0	19	3	-2.361338
0	19	51	-2.718029
0	19	61	-2.905528
0	19	52	-2.956663
0	19	26	-3.164436
0	19	58	-3.225967
0	19	85	-3.479460
0	19	32	-3.577176
0	19	54	-3.741888
0	19	43	-4.201303
0	19	72	-4.426117
0	19	45	-4.426406
0	19	27	-4.514083
0	19	14	-4.533514
0	19	22	-4.592126
0	19	63	-4.634901
0	19	56	-4.663151
0	19	66	-4.666882
0	19	47	-4.694161
0	19	28	-4.867012
0	19	42	-4.890877
0	19	31	-4.922964
0	19	57	-4.923450
0	19	46	-4.938931
0	19	30	-4.964683
0	19	36	-4.968207
0	19	8	-5.045222
0	19	50	-5.111814
0	19	29	-5.447492
0	19	65	-5.455597
0	19	37	-5.528600
0	19	24	-5.579030
0	19	21	-5.670813
0	19	11	-5.692223
0	19	38	-5.698997
0	19	40	-5.703955
0	19	20	-5.710252
0	19	48	-5.756326
0	19	41	-5.768924
0	19	62	-5.797230
0	19	25	-5.816086
0	19	76	-5.834396
0	19	75	-5.834599
0	19	33	-5.851086
0	19	39	-5.883621
0	19	23	-5.896667
0	19	70	-5.899305
0	19	34	-5.912006
0	19	53	-5.912588
0	19	16	-5.917462
0	19	18	-5.925442
0	19	69	-5.930367
0	19	79	-5.933352
0	19	74	-5.959576
0	19	77	-5.968225
0	19	55	-5.987612
0	19	71	-5.992322
0	19	49	-5.994396
0	19	73	-5.999051
0	19	35	-6.000801
0	19	44	-6.002107
0	19	64	-6.013468
0	19	78	-6.082927
0	22	58	0.868788
0	22	61	0.724643
0	22	3	0.489190
0	22	51	0.315351
0	22	26	0.238031
0	22	56	-0.085099
0	22	14	-0.470490
0	22	43	-0.492516
0	22	52	-0.513726
0	22	22	-0.528499
0	22	32	-0.679052
0	22	42	-1.964925
0	22	45	-3.240276
0	22	63	-3.312860
0	22	54	-3.669469
0	22	53	-3.984883
0	22	50	-4.129567
0	22	36	-4.166626
0	22	30	-4.248756
0	22	62	-4.439775
0	22	46	-4.498869
0	22	66	-4.693871
0	22	38	-4.811722
0	22	27	-4.834216
0	22	25	-4.863739
0	22	28	-4.873137
0	22	8	-4.938115
0	22	47	-4.969630
0	22	85	-5.061372
0	22	72	-5.082563
0	22	31	-5.104118
0	22	40	-5.124273
0	22	57	-5.192119
0	22	34	-5.324831
0	22	20	-5.418836
0	22	49	-5.431819
0	22	37	-5.438693
0	22	23	-5.508279
0	22	24	-5.520658
0	22	48	-5.560691
0	22	29	-5.603891
0	22	11	-5.625173
0	22	33	-5.674535
0	22	73	-5.695468
0	22	18	-5.741474
0	22	21	-5.754275
0	22	16	-5.783512
0	22	74	-5.788732
0	22	44	-5.819308
0	22	64	-5.832089
0	22	35	-5.870501
0	22	76	-5.870781
0	22	75	-5.877429
0	22	78	-5.920796
0	22	41	-5.926789
0	22	79	-5.931955
0	22	55	-5.939384
0	22	69	-5.955622
0	22	65	-5.961321
0	22	39	-5.980104
0	22	71	-6.030378
0	22	77	-6.036225
0	22	70	-6.068781
0	43	99	1.008098
0	43	89	1.000526
0	43	61	0.878036
0	43	3	0.859098
0	43	95	0.839492
0	43	14	0.768381
0	43	8	0.726541
0	43	63	-3.227957
0	43	86	-3.261446
0	43	58	-3.270705
0	43	105	-4.496460
0	43	85	-4.630652
0	43	26	-4.870849
0	43	15	-4.985419
0	43	90	-5.116408
0	43	17	-5.123480
0	43	52	-5.248361
0	43	103	-5.273211
0	43	97	-5.403869
0	43	107	-5.487010
0	43	96	-5.526021
0	43	94	-5.875724
0	43	98	-5.903418
0	43	91	-5.908991
0	43	93	-5.961272
0	43	92	-6.039748
0	43	18	-6.041202
0	43	87	-6.077544
0	43	88	-6.134601
0	43	11	-6.135001
0	43	106	-6.209808
0	43	109	-6.233947
0	43	69	-6.260118
0	43	13	-6.260463
0	43	100	-6.345010
0	43	108	-6.365522
0	43	110	-6.408144
0	44	14	0.705640
0	44	63	0.643176
0	44	89	0.020246
0	44	93	0.017791
0	44	95	-0.614832
0	44	3	-1.505890
0	44	99	-1.871154
0	44	52	-2.390942
0	44	90	-2.774572
0	44	58	-3.539883
0	44	96	-3.544902
0	44	97	-3.836643
0	44	15	-3.976650
0	44	26	-4.085316
0	44	8	-4.187085
0	44	61	-4.318481
0	44	107	-4.440135
0	44	86	-4.779311
0	44	85	-4.962696
0	44	94	-5.030657
0	44	11	-5.051001
0	44	18	-5.126957
0	44	91	-5.264705
0	44	106	-5.326570
0	44	109	-5.337926
0	44	98	-5.353418
0	44	88	-5.426146
0	44	105	-5.456142
0	44	87	-5.491422
0	44	103	-5.545022
0	44	92	-5.552653
0	44	17	-5.639431
0	44	13	-5.665808
0	44	69	-5.708469
0	44	108	-5.890326
0	44	110	-5.987615
0	44	100	-6.099870
0	54	8	1.073577
0	54	14	0.976372
0	54	3	-1.564806
0	54	11	-5.104867
0	54	18	-6.118604
0	54	16	-6.126393
0	54	13	-6.196745
0	54	17	-6.209686
0	54	111	-6.411992
0	54	7	-6.566050
0	57	8	1.053503
0	57	3	0.829005
0	57	14	-1.518965
0	57	18	-1.910853
0	57	7	-6.314575
0	57	11	-6.325665
0	57	13	-6.354433
0	57	16	-6.368877
0	57	17	-6.378336
0	57	111	-6.381980
0	58	8	0.714031
0	58	14	-1.281520
0	58	3	-2.424464
0	58	16	-6.156345
0	58	13	-6.172863
0	58	17	-6.184077
0	58	18	-6.364628
0	58	11	-6.391907
0	58	111	-6.432484
0	58	7	-6.464481
0	73	132	1.199206
0	73	150	1.184148
0	73	154	1.177456
0	73	161	1.110503
0	73	159	1.067161
0	73	151	1.051649
0	73	158	1.015251
0	73	157	1.013743
0	73	137	1.010630
0	73	163	0.989629
0	73	168	0.980047
0	73	8	0.974953
0	73	152	0.963239
0	73	11	0.948021
0	73	148	0.830781
0	73	155	0.755258
0	73	170	0.613721
0	73	153	0.589777
0	73	162	0.007567
0	73	160	-0.053396
0	73	169	-0.325559
0	73	14	-2.082353
0	73	3	-3.466486
0	73	156	-4.326042
0	73	149	-4.799024
0	73	145	-4.917426
0	73	13	-5.685712
0	73	146	-5.731686
0	73	18	-5.788085
0	73	16	-6.044700
0	73	17	-6.050678
0	73	147	-6.311899
0	74	150	1.039701
0	74	154	0.984198
0	74	132	0.962941
0	74	157	0.818273
0	74	152	0.804758
0	74	137	0.777966
0	74	151	0.723921
0	74	161	0.653602
0	74	168	0.494566
0	74	158	0.484484
0	74	8	0.473738
0	74	159	0.233661
0	74	148	0.055175
0	74	170	-0.125018
0	74	163	-0.418403
0	74	160	-1.374162
0	74	14	-1.746393
0	74	162	-2.554477
0	74	11	-2.666359
0	74	153	-3.844114
0	74	3	-3.964041
0	74	155	-4.879423
0	74	145	-5.288416
0	74	169	-5.826554
0	74	146	-5.987182
0	74	156	-6.031190
0	74	149	-6.072588
0	74	13	-6.100394
0	74	18	-6.110236
0	74	17	-6.114288
0	74	16	-6.137773
0	74	147	-6.201685
0	75	132	1.086295
0	75	3	1.078029
0	75	137	1.071171
0	75	14	1.041190
0	75	8	1.038524
0	75	167	0.999057
0	75	171	0.707929
0	75	165	0.574780
0	75	16	0.060412
0	75	17	-0.764257
0	75	164	-1.297487
0	75	11	-2.260038
0	75	160	-3.526566
0	75	18	-4.261845
0	75	128	-4.597285
0	75	145	-4.869283
0	75	146	-4.960069
0	75	13	-5.823147
0	75	166	-5.846271
0	75	147	-6.026221
0	77	132	1.110128
0	77	14	1.015181
0	77	8	0.975207
0	77	137	0.955484
0	77	171	0.738411
0	77	3	0.471661
0	77	145	0.276492
0	77	160	-0.617065
0	77	13	-1.328710
0	77	164	-1.862427
0	77	165	-2.218391
0	77	11	-2.656628
0	77	18	-3.078195
0	77	167	-3.710475
0	77	166	-4.315286
0	77	147	-5.489939
0	77	146	-5.864196
0	77	128	-5.883789
0	77	17	-5.980921
0	77	16	-6.300605
0	94	113	1.071074
0	94	14	1.069899
0	94	99	1.047539
0	94	3	1.029320
0	94	116	1.015993
0	94	192	1.010317
0	94	188	1.004926
0	94	193	0.996652
0	94	190	0.981758
0	94	51	0.901290
0	94	200	0.824548
0	94	194	0.819603
0	94	202	0.737629
0	94	8	0.391016
0	94	207	0.195355
0	94	206	-0.343917
0	94	15	-0.488521
0	94	196	-0.884341
0	94	204	-1.484902
0	94	210	-1.645371
0	94	203	-1.856949
0	94	18	-2.704087
0	94	63	-3.778688
0	94	195	-3.990235
0	94	205	-4.372974
0	94	189	-4.406962
0	94	201	-4.476124
0	94	198	-4.615050
0	94	199	-4.811466
0	94	217	-4.926108
0	94	212	-4.966852
0	94	17	-4.992049
0	94	197	-5.176926
0	94	109	-5.219685
0	94	187	-5.511566
0	94	126	-5.589345
0	94	16	-5.592755
0	94	13	-5.644328
0	94	208	-5.714041
0	94	122	-5.795274
0	94	209	-6.133915
0	94	191	-6.140507
0	95	113	1.083475
0	95	3	1.050899
0	95	99	1.023397
0	95	192	1.005639
0	95	201	0.999194
0	95	198	0.977188
0	95	116	0.971642
0	95	17	0.967403
0	95	14	0.938239
0	95	207	0.920468
0	95	196	0.909967
0	95	217	0.849877
0	95	190	0.791410
0	95	8	0.753260
0	95	206	0.710368
0	95	63	0.706288
0	95	208	0.651850
0	95	194	0.553026
0	95	51	0.501639
0	95	187	0.234421
0	95	193	0.192789
0	95	202	0.106616
0	95	204	-0.281484
0	95	109	-0.288977
0	95	199	-0.332574
0	95	203	-0.600159
0	95	188	-0.632852
0	95	200	-0.867787
0	95	15	-1.538408
0	95	18	-1.678037
0	95	210	-2.890373
0	95	122	-3.063500
0	95	212	-5.150258
0	95	205	-5.803740
0	95	191	-5.848041
0	95	197	-5.886202
0	95	13	-5.952816
0	95	16	-6.037362
0	95	126	-6.168314
0	95	209	-6.180809
0	95	189	-6.189466
0	95	195	-6.267916
0	96	192	1.024962
0	96	190	1.020926
0	96	3	1.014643
0	96	193	0.992039
0	96	116	0.967666
0	96	99	0.944413
0	96	113	0.915975
0	96	51	0.792575
0	96	194	0.477501
0	96	202	0.342617
0	96	196	0.216436
0	96	188	0.111581
0	96	8	0.080450
0	96	14	-0.314838
0	96	206	-0.395928
0	96	210	-0.428837
0	96	204	-0.648063
0	96	15	-0.680054
0	96	122	-0.870840
0	96	200	-1.208605
0	96	203	-1.648226
0	96	207	-2.464489
0	96	18	-2.975598
0	96	63	-3.270428
0	96	195	-3.697223
0	96	205	-4.251091
0	96	201	-4.502522
0	96	199	-4.889639
0	96	212	-4.935034
0	96	198	-5.132903
0	96	17	-5.825138
0	96	197	-5.886471
0	96	217	-5.898378
0	96	16	-6.011047
0	96	126	-6.033108
0	96	109	-6.051369
0	96	208	-6.060829
0	96	187	-6.096820
0	96	13	-6.097409
0	96	189	-6.164928
0	96	209	-6.231962
0	96	191	-6.284595
0	99	99	1.053980
0	99	113	1.022501
0	99	211	1.007272
0	99	206	0.958033
0	99	51	0.871690
0	99	116	0.867709
0	99	190	0.860408
0	99	192	0.846717
0	99	3	0.801937
0	99	193	0.793851
0	99	14	0.767922
0	99	200	0.700978
0	99	196	0.639581
0	99	202	0.483680
0	99	15	-0.077377
0	99	194	-0.166075
0	99	18	-1.095056
0	99	201	-1.156870
0	99	203	-1.673001
0	99	204	-1.724815
0	99	63	-1.940902
0	99	212	-2.627849
0	99	8	-3.260149
0	99	207	-4.091496
0	99	199	-5.034956
0	99	198	-5.179877
0	99	210	-5.309340
0	99	16	-5.343525
0	99	109	-5.450645
0	99	197	-5.560993
0	99	217	-5.581060
0	99	188	-5.604896
0	99	126	-5.810648
0	99	13	-5.832898
0	99	205	-5.838912
0	99	122	-6.189279
0	99	209	-6.262787
0	99	195	-6.269150
0	99	191	-6.334702
0	99	189	-6.422644
0	100	99	1.006596
0	100	113	1.000004
0	100	211	0.997615
0	100	206	0.948038
0	100	192	0.701958
0	100	51	0.699795
0	100	196	0.522644
0	100	116	0.496187
0	100	3	0.411556
0	100	14	0.366424
0	100	190	0.337604
0	100	194	0.224798
0	100	193	0.206177
0	100	15	-0.091917
0	100	200	-0.725014
0	100	201	-0.994736
0	100	202	-1.109792
0	100	8	-1.985162
0	100	18	-2.181213
0	100	63	-3.155746
0	100	203	-3.237971
0	100	212	-3.643562
0	100	207	-4.710616
0	100	199	-4.741919
0	100	204	-4.810621
0	100	188	-5.135236
0	100	198	-5.206260
0	100	210	-5.439047
0	100	205	-5.661895
0	100	197	-5.665189
0	100	126	-5.675581
0	100	217	-5.765051
0	100	16	-5.769600
0	100	109	-5.885590
0	100	13	-5.913330
0	100	209	-6.074719
0	100	195	-6.090662
0	100	191	-6.097806
0	100	122	-6.144506
0	100	189	-6.215294
0	123	243	1.049769
0	123	201	1.018123
0	123	99	0.941608
0	123	245	0.887493
0	123	8	0.884239
0	123	239	0.844607
0	123	14	0.776527
0	123	3	0.692814
0	123	51	0.646681
0	123	221	0.568423
0	123	227	0.480219
0	123	237	0.442219
0	123	196	0.101782
0	123	241	-0.098769
0	123	222	-0.549161
0	123	246	-0.669824
0	123	229	-0.919675
0	123	232	-1.504925
0	123	96	-1.730060
0	123	235	-1.749388
0	123	190	-1.762291
0	123	228	-1.777757
0	123	226	-2.341214
0	123	234	-2.392481
0	123	244	-2.683151
0	123	116	-3.409281
0	123	207	-3.534005
0	123	224	-3.535184
0	123	223	-3.666536
0	123	240	-4.281847
0	123	236	-4.360013
0	123	199	-4.448352
0	123	233	-4.714878
0	123	231	-5.005548
0	123	242	-5.078202
0	123	198	-5.100401
0	123	122	-5.319238
0	123	230	-5.446651
0	123	16	-5.612049
0	123	247	-5.698910
0	123	238	-5.785168
0	123	210	-5.787399
0	123	188	-5.804783
0	123	18	-5.826693
0	123	225	-5.847556
0	123	11	-5.878787
0	123	197	-5.881042
0	123	217	-5.884774
0	123	191	-5.930531
0	123	208	-5.949211
0	123	187	-6.050507
0	124	224	1.052492
0	124	99	1.044393
0	124	245	1.036884
0	124	8	1.010397
0	124	51	1.005414
0	124	201	0.974134
0	124	14	0.961856
0	124	235	0.956733
0	124	227	0.954569
0	124	3	0.929233
0	124	232	0.905602
0	124	207	0.881374
0	124	243	0.775111
0	124	199	0.773146
0	124	239	0.626713
0	124	229	0.577305
0	124	221	0.397624
0	124	236	0.278416
0	124	228	0.048969
0	124	208	-0.232811
0	124	244	-0.719840
0	124	191	-0.882812
0	124	237	-1.403866
0	124	222	-1.991773
0	124	246	-2.581291
0	124	210	-2.951013
0	124	187	-3.070890
0	124	233	-3.071758
0	124	190	-3.090949
0	124	225	-3.272370
0	124	198	-3.554932
0	124	116	-3.797927
0	124	238	-3.839417
0	124	96	-4.205986
0	124	234	-4.208442
0	124	217	-4.447762
0	124	226	-4.460629
0	124	231	-4.623600
0	124	196	-4.645947
0	124	240	-4.663037
0	124	241	-4.862123
0	124	11	-4.913332
0	124	18	-5.098139
0	124	242	-5.109722
0	124	188	-5.209610
0	124	223	-5.433142
0	124	197	-5.604546
0	124	230	-5.620293
0	124	247	-5.699150
0	124	16	-5.965410
0	124	122	-6.087917
0	125	224	1.056579
0	125	3	0.976330
0	125	8	0.946033
0	125	207	0.883433
0	125	229	0.879217
0	125	227	0.844068
0	125	243	0.824667
0	125	233	0.615932
0	125	210	0.605212
0	125	14	0.482885
0	125	237	0.475556
0	125	232	0.439727
0	125	245	0.295394
0	125	222	0.263640
0	125	201	0.229935
0	125	239	0.217678
0	125	99	0.128594
0	125	228	0.118136
0	125	246	-0.409175
0	125	51	-0.564703
0	125	235	-0.684163
0	125	221	-1.334067
0	125	196	-2.183241
0	125	244	-2.543112
0	125	96	-2.776231
0	125	190	-3.325516
0	125	226	-3.765958
0	125	236	-3.812963
0	125	116	-4.459310
0	125	199	-4.720127
0	125	242	-4.725960
0	125	241	-4.767092
0	125	231	-4.912988
0	125	198	-4.979864
0	125	240	-5.045269
0	125	11	-5.071933
0	125	225	-5.334765
0	125	18	-5.358711
0	125	234	-5.364211
0	125	223	-5.538008
0	125	188	-5.612936
0	125	197	-5.727360
0	125	238	-5.780296
0	125	230	-5.947059
0	125	122	-5.947763
0	125	16	-5.966894
0	125	208	-6.038171
0	125	217	-6.071922
0	125	187	-6.082802
0	125	191	-6.087023
0	125	247	-6.107886
0	126	229	1.032352
0	126	245	1.027757
0	126	14	0.982656
0	126	3	0.981212
0	126	222	0.974132
0	126	188	0.973695
0	126	243	0.969451
0	126	226	0.966638
0	126	99	0.957942
0	126	240	0.947404
0	126	236	0.942345
0	126	244	0.931587
0	126	237	0.927817
0	126	224	0.926069
0	126	221	0.918594
0	126	190	0.917373
0	126	207	0.907706
0	126	239	0.892780
0	126	116	0.881606
0	126	201	0.809731
0	126	51	0.779481
0	126	225	0.736864
0	126	241	0.688475
0	126	238	0.621794
0	126	232	0.621443
0	126	242	0.606507
0	126	196	0.221828
0	126	227	-0.195848
0	126	246	-0.962404
0	126	198	-1.078433
0	126	16	-2.337989
0	126	233	-2.464931
0	126	96	-3.106868
0	126	199	-3.293684
0	126	231	-3.567869
0	126	228	-3.763570
0	126	247	-3.925807
0	126	234	-4.231751
0	126	235	-4.421057
0	126	210	-4.426253
0	126	217	-4.495082
0	126	18	-4.585688
0	126	8	-4.663493
0	126	230	-4.698185
0	126	223	-4.743720
0	126	208	-4.861545
0	126	197	-4.868451
0	126	11	-5.009549
0	126	191	-5.036668
0	126	122	-5.052511
0	126	187	-5.091371
0	127	14	1.075552
0	127	3	1.007329
0	127	8	1.002060
0	127	51	0.910136
0	127	99	0.866122
0	127	229	0.854490
0	127	237	0.803298
0	127	16	0.643577
0	127	245	0.344502
0	127	207	0.271974
0	127	190	0.043230
0	127	239	-0.372633
0	127	247	-0.963490
0	127	241	-1.385364
0	127	243	-1.791613
0	127	227	-1.814565
0	127	116	-2.040439
0	127	242	-2.089000
0	127	224	-2.479918
0	127	222	-2.739879
0	127	196	-2.808868
0	127	232	-2.857074
0	127	230	-3.017718
0	127	188	-3.133857
0	127	244	-3.192502
0	127	221	-3.998856
0	127	199	-4.464977
0	127	210	-4.521356
0	127	225	-4.581209
0	127	201	-4.623141
0	127	238	-4.682701
0	127	231	-4.689842
0	127	208	-4.733444
0	127	240	-4.741036
0	127	226	-4.770446
0	127	236	-4.798936
0	127	228	-4.872171
0	127	234	-5.001159
0	127	96	-5.030497
0	127	198	-5.063494
0	127	233	-5.536530
0	127	197	-5.560271
0	127	217	-5.635904
0	127	246	-5.678486
0	127	18	-5.748804
0	127	191	-5.975952
0	127	11	-6.046277
0	127	122	-6.064047
0	127	223	-6.095945
0	127	187	-6.148548
0	127	235	-6.161812
0	144	258	0.577524
0	144	257	-0.134242
0	144	3	-0.454088
0	144	18	-0.457954
0	144	14	-0.945477
0	144	251	-2.581409
0	144	201	-3.387884
0	144	200	-4.318609
0	144	199	-4.379948
0	144	63	-4.719831
0	144	8	-4.730644
0	144	113	-5.055520
0	144	252	-5.392793
0	144	253	-5.616925
0	144	16	-5.657791
0	144	256	-5.662746
0	144	17	-5.681669
0	144	255	-5.768121
0	144	254	-5.814109
0	144	11	-5.846699
0	144	109	-5.850466
0	144	13	-5.920701
0	144	191	-5.949085
0	144	187	-5.975598
0	144	208	-5.984672
0	144	248	-6.015708
0	144	249	-6.064633
0	144	110	-6.134667
0	144	250	-6.136937
0	145	258	0.994374
0	145	113	0.976923
0	145	14	0.759333
0	145	201	0.632922
0	145	18	0.577113
0	145	3	0.545530
0	145	257	-0.462920
0	145	63	-1.505238
0	145	251	-1.843228
0	145	253	-1.955855
0	145	199	-3.616822
0	145	254	-3.781110
0	145	8	-4.610297
0	145	252	-4.766922
0	145	187	-5.150393
0	145	200	-5.190352
0	145	255	-5.567929
0	145	11	-5.870275
0	145	208	-5.946395
0	145	256	-5.989746
0	145	248	-6.023560
0	145	13	-6.043847
0	145	109	-6.101119
0	145	17	-6.169090
0	145	16	-6.203708
0	145	191	-6.231210
0	145	249	-6.314858
0	145	110	-6.358530
0	145	250	-6.513450
0	146	201	1.078546
0	146	258	1.065598
0	146	14	1.035083
0	146	113	0.962779
0	146	3	0.943594
0	146	8	0.935173
0	146	63	0.761398
0	146	257	0.481320
0	146	251	0.241132
0	146	18	-0.231029
0	146	199	-0.775375
0	146	187	-1.044364
0	146	253	-1.270325
0	146	200	-3.029274
0	146	17	-3.538889
0	146	252	-4.214748
0	146	254	-4.392714
0	146	208	-5.070595
0	146	109	-5.371081
0	146	256	-5.561997
0	146	255	-5.968427
0	146	16	-6.008479
0	146	248	-6.015204
0	146	13	-6.144670
0	146	11	-6.177052
0	146	110	-6.235050
0	146	249	-6.240709
0	146	191	-6.318210
0	146	250	-6.501094
0	147	258	0.954422
0	147	257	0.807410
0	147	3	0.777826
0	147	14	0.560988
0	147	199	0.392994
0	147	113	0.245238
0	147	254	0.236932
0	147	201	0.125686
0	147	253	-0.028525
0	147	18	-0.064452
0	147	8	-0.105976
0	147	251	-0.588841
0	147	256	-0.725120
0	147	252	-0.884070
0	147	255	-0.966716
0	147	63	-0.994603
0	147	11	-1.560536
0	147	200	-1.905030
0	147	248	-2.797267
0	147	17	-3.861952
0	147	110	-5.679908
0	147	16	-5.813129
0	147	109	-5.815687
0	147	13	-5.962239
0	147	208	-6.030782
0	147	187	-6.104166
0	147	191	-6.129574
0	147	249	-6.436157
0	147	250	-6.499181
0	148	258	1.030135
0	148	200	0.963324
0	148	113	0.914392
0	148	201	0.872252
0	148	257	0.798659
0	148	14	0.742027
0	148	3	0.705109
0	148	199	0.458396
0	148	254	0.218945
0	148	63	0.104656
0	148	252	-0.199282
0	148	8	-0.741029
0	148	253	-0.926825
0	148	18	-1.092232
0	148	251	-1.573887
0	148	17	-1.700173
0	148	256	-5.394948
0	148	16	-5.590194
0	148	208	-5.648838
0	148	13	-5.797757
0	148	255	-5.850305
0	148	11	-5.884026
0	148	191	-6.015759
0	148	187	-6.025259
0	148	248	-6.219431
0	148	109	-6.244837
0	148	249	-6.284102
0	148	110	-6.341780
0	148	250	-6.499599
0	150	258	1.050969
0	150	14	1.050922
0	150	201	1.017051
0	150	113	0.953419
0	150	251	0.637865
0	150	3	0.595584
0	150	18	0.594430
0	150	63	0.259200
0	150	257	0.136101
0	150	253	-0.225948
0	150	187	-1.592631
0	150	199	-1.823115
0	150	8	-3.494877
0	150	252	-4.523809
0	150	200	-4.856219
0	150	208	-5.037028
0	150	17	-5.136433
0	150	256	-5.625018
0	150	109	-5.846859
0	150	254	-5.914693
0	150	16	-6.009347
0	150	11	-6.062665
0	150	255	-6.082915
0	150	13	-6.245898
0	150	248	-6.252219
0	150	191	-6.350356
0	150	249	-6.374834
0	150	110	-6.460359
0	150	250	-6.601256
0	177	264	1.137896
0	177	183	0.880006
0	177	244	0.757246
0	177	116	0.743419
0	177	3	0.626447
0	177	112	0.476071
0	177	8	0.283079
0	177	269	0.171789
0	177	61	0.110625
0	177	263	0.011828
0	177	119	-0.957278
0	177	63	-1.000512
0	177	51	-1.008352
0	177	17	-1.231862
0	177	113	-1.405508
0	177	14	-1.514543
0	177	30	-1.627017
0	177	267	-2.787285
0	177	58	-3.457433
0	177	271	-3.791942
0	177	231	-3.990548
0	177	280	-3.994808
0	177	265	-5.279283
0	177	272	-5.317745
0	177	278	-5.581893
0	177	18	-5.629894
0	177	268	-5.727117
0	177	277	-5.768957
0	177	11	-5.985506
0	177	255	-6.064678
0	177	109	-6.111281
0	177	115	-6.201578
0	177	16	-6.219016
0	177	270	-6.249663
0	177	13	-6.259166
0	177	266	-6.426873
0	178	264	0.921221
0	178	116	0.724706
0	178	61	0.705694
0	178	8	0.621823
0	178	119	0.511902
0	178	30	0.477643
0	178	3	0.305349
0	178	263	0.132460
0	178	183	-0.114893
0	178	244	-0.397062
0	178	14	-0.543632
0	178	112	-1.809007
0	178	280	-2.947299
0	178	63	-3.861274
0	178	51	-4.255667
0	178	265	-4.554723
0	178	231	-4.695939
0	178	17	-4.767726
0	178	269	-4.805418
0	178	113	-5.065563
0	178	58	-5.086064
0	178	267	-5.169249
0	178	272	-5.296049
0	178	278	-5.437318
0	178	268	-5.803671
0	178	271	-5.863396
0	178	18	-6.195008
0	178	270	-6.195321
0	178	115	-6.280886
0	178	255	-6.347093
0	178	11	-6.348210
0	178	16	-6.445829
0	178	277	-6.456611
0	178	109	-6.491923
0	178	13	-6.510230
0	178	266	-6.660903
0	179	116	1.007950
0	179	8	0.967989
0	179	264	0.849833
0	179	3	0.838082
0	179	112	0.547801
0	179	14	-0.665785
0	179	119	-0.768185
0	179	269	-1.891159
0	179	63	-2.381729
0	179	244	-2.461330
0	179	61	-2.621384
0	179	51	-3.287581
0	179	263	-3.341169
0	179	255	-3.457827
0	179	30	-4.454892
0	179	183	-4.711770
0	179	11	-5.001083
0	179	267	-5.077315
0	179	231	-5.141082
0	179	58	-5.145627
0	179	272	-5.212143
0	179	113	-5.234561
0	179	278	-5.335016
0	179	271	-5.577658
0	179	268	-5.614470
0	179	265	-5.618536
0	179	270	-5.642907
0	179	280	-5.672574
0	179	16	-5.725025
0	179	277	-5.776556
0	179	13	-5.791348
0	179	266	-5.813836
0	179	109	-5.816972
0	179	17	-5.849954
0	179	18	-5.876043
0	179	115	-5.924585
0	180	264	1.040182
0	180	263	1.034097
0	180	8	0.975375
0	180	244	0.926732
0	180	63	0.877615
0	180	3	0.700268
0	180	269	0.691426
0	180	271	0.626841
0	180	14	0.585235
0	180	116	0.550093
0	180	183	0.509877
0	180	30	0.466021
0	180	115	0.396174
0	180	11	0.332082
0	180	255	0.246332
0	180	119	-0.034696
0	180	268	-0.066928
0	180	112	-1.881075
0	180	267	-1.930077
0	180	51	-3.049932
0	180	61	-3.747863
0	180	231	-4.191671
0	180	272	-4.822252
0	180	113	-4.829256
0	180	277	-4.892552
0	180	58	-4.965617
0	180	270	-5.184141
0	180	278	-5.192450
0	180	280	-5.245346
0	180	109	-5.555780
0	180	13	-5.700601
0	180	17	-5.756828
0	180	266	-5.788753
0	180	265	-5.942040
0	180	16	-6.044705
0	180	18	-6.140785
0	181	116	0.931707
0	181	8	0.874950
0	181	183	0.870250
0	181	264	0.671611
0	181	263	0.551772
0	181	3	0.525668
0	181	244	0.461527
0	181	112	0.108015
0	181	269	-0.026362
0	181	119	-0.134763
0	181	61	-0.328034
0	181	30	-0.433333
0	181	14	-1.164685
0	181	63	-2.235824
0	181	51	-2.759696
0	181	280	-3.500612
0	181	270	-3.513978
0	181	267	-3.642958
0	181	265	-3.909837
0	181	113	-4.691290
0	181	58	-4.721711
0	181	271	-4.992798
0	181	231	-4.994306
0	181	255	-5.184680
0	181	272	-5.204270
0	181	278	-5.420087
0	181	115	-5.454693
0	181	268	-5.681727
0	181	18	-5.908031
0	181	11	-5.929686
0	181	277	-5.936306
0	181	16	-6.104513
0	181	266	-6.113321
0	181	109	-6.136244
0	181	13	-6.187914
0	181	17	-6.223354
0	182	264	1.021660
0	182	14	0.819741
0	182	8	0.410532
0	182	3	0.379084
0	182	244	0.317994
0	182	61	0.197973
0	182	63	0.142144
0	182	267	-0.080444
0	182	113	-0.188846
0	182	112	-0.432372
0	182	17	-0.791870
0	182	119	-1.336691
0	182	30	-1.453094
0	182	51	-3.033451
0	182	265	-3.066222
0	182	280	-3.486273
0	182	271	-3.546499
0	182	116	-3.684322
0	182	58	-4.234169
0	182	270	-4.487290
0	182	277	-4.612035
0	182	183	-4.793466
0	182	109	-4.855585
0	182	231	-4.891220
0	182	272	-5.065593
0	182	263	-5.121424
0	182	278	-5.435632
0	182	268	-5.503449
0	182	18	-5.594913
0	182	269	-5.899000
0	182	255	-5.998410
0	182	11	-6.027970
0	182	115	-6.032196
0	182	13	-6.054157
0	182	16	-6.066998
0	182	266	-6.369298
0	183	276	1.152005
0	183	285	1.150163
0	183	295	1.148267
0	183	264	1.128047
0	183	273	1.126482
0	183	14	1.112099
0	183	113	1.098450
0	183	292	1.087563
0	183	286	1.086497
0	183	289	1.073830
0	183	267	1.071827
0	183	294	1.067322
0	183	183	1.061437
0	183	3	1.054356
0	183	61	1.052222
0	183	116	1.041826
0	183	291	1.033670
0	183	275	1.015176
0	183	244	1.009750
0	183	18	1.002043
0	183	278	0.978833
0	183	112	0.973347
0	183	51	0.970135
0	183	279	0.947545
0	183	263	0.894092
0	183	290	0.734899
0	183	231	0.719944
0	183	287	0.707084
0	183	283	0.591624
0	183	288	0.533077
0	183	30	0.517446
0	183	63	0.459244
0	183	274	0.377357
0	183	271	0.204692
0	183	268	0.033037
0	183	282	-0.077446
0	183	281	-0.472953
0	183	119	-1.683236
0	183	293	-3.128974
0	183	58	-3.203025
0	183	272	-4.938560
0	183	280	-5.326762
0	183	270	-5.405639
0	183	115	-6.000527
0	183	284	-6.024268
0	184	119	0.942915
0	184	255	0.542757
0	184	116	0.011602
0	184	268	-0.258910
0	184	263	-0.270653
0	184	11	-0.415040
0	184	115	-0.860548
0	184	244	-1.087899
0	184	8	-1.211381
0	184	266	-1.858283
0	184	112	-2.859417
0	184	61	-3.342015
0	184	269	-3.535853
0	184	63	-3.545527
0	184	3	-3.887339
0	184	264	-3.918271
0	184	183	-3.998976
0	184	14	-4.206626
0	184	51	-4.221621
0	184	271	-4.288699
0	184	267	-4.441742
0	184	231	-4.605894
0	184	58	-4.914706
0	184	113	-4.929908
0	184	30	-4.949222
0	184	277	-4.988141
0	184	278	-5.008427
0	184	272	-5.192843
0	184	280	-5.614123
0	184	109	-5.724675
0	184	16	-5.736048
0	184	265	-5.783779
0	184	17	-5.812755
0	184	18	-5.877461
0	184	13	-5.899070
0	184	270	-5.905622
0	185	264	1.125955
0	185	30	1.051680
0	185	8	1.009550
0	185	14	0.981199
0	185	183	0.926848
0	185	244	0.893039
0	185	116	0.846856
0	185	269	0.748419
0	185	263	0.698021
0	185	63	0.689936
0	185	3	0.308369
0	185	112	-0.923017
0	185	51	-2.126825
0	185	265	-2.396801
0	185	267	-2.455076
0	185	61	-2.837739
0	185	119	-2.907158
0	185	11	-3.098617
0	185	270	-3.811007
0	185	272	-4.716859
0	185	113	-4.767963
0	185	58	-5.007955
0	185	231	-5.068530
0	185	268	-5.069316
0	185	271	-5.092504
0	185	280	-5.320394
0	185	277	-5.327295
0	185	278	-5.334620
0	185	109	-5.403115
0	185	255	-5.693555
0	185	115	-5.889424
0	185	18	-6.044764
0	185	266	-6.157242
0	185	13	-6.279760
0	185	16	-6.301682
0	185	17	-6.339830
0	186	263	1.174901
0	186	269	1.124847
0	186	244	1.042055
0	186	183	1.003806
0	186	8	0.999957
0	186	30	0.983792
0	186	61	0.971283
0	186	265	0.965724
0	186	116	0.913576
0	186	112	0.845714
0	186	271	0.815426
0	186	63	0.778454
0	186	264	0.775172
0	186	3	0.526845
0	186	267	-0.362434
0	186	14	-0.709208
0	186	119	-1.099935
0	186	51	-2.440618
0	186	113	-4.513506
0	186	268	-4.675994
0	186	58	-4.766946
0	186	231	-4.776183
0	186	280	-4.825047
0	186	255	-5.086455
0	186	272	-5.100753
0	186	278	-5.209667
0	186	270	-5.560146
0	186	277	-5.720492
0	186	11	-5.819260
0	186	266	-5.879230
0	186	18	-5.928888
0	186	109	-5.934588
0	186	16	-5.973467
0	186	13	-5.983818
0	186	17	-6.016563
0	186	115	-6.096661
