0	1	18	2.518259
0	1	1	2.003747
0	1	6	1.797281
0	1	8	0.459213
0	1	9	0.235322
0	1	5	-0.156451
0	1	15	-0.256993
0	1	14	-0.865522
0	1	2	-1.057988
0	1	3	-1.521482
0	1	19	-1.595893
0	1	0	-1.810969
0	1	10	-1.865951
0	1	12	-2.288617
0	1	11	-3.123922
0	1	4	-3.346586
0	1	7	-3.821396
0	1	13	-4.349943
0	1	16	-4.450497
0	1	17	-4.725122
0	2	5	2.988608
0	2	1	2.703193
0	2	9	2.499850
0	2	18	2.038589
0	2	15	1.956875
0	2	3	1.952943
0	2	6	1.254645
0	2	8	1.217742
0	2	2	0.584593
0	2	14	0.518993
0	2	10	0.099207
0	2	0	-0.494909
0	2	4	-0.793148
0	2	19	-0.887228
0	2	11	-1.038132
0	2	12	-1.102519
0	2	7	-3.317019
0	2	17	-3.499103
0	2	13	-3.811344
0	2	16	-4.149202
0	3	1	2.480208
0	3	9	2.390519
0	3	18	2.102011
0	3	6	2.032514
0	3	15	0.575891
0	3	5	0.229910
0	3	3	-1.345372
0	3	8	-1.428500
0	3	14	-1.629608
0	3	11	-1.671609
0	3	2	-1.828815
0	3	0	-1.829868
0	3	19	-1.948196
0	3	10	-2.318815
0	3	12	-2.737148
0	3	4	-2.749169
0	3	7	-3.417979
0	3	16	-3.803670
0	3	13	-3.979271
0	3	17	-4.537813
0	14	27	2.042436
0	14	26	2.022647
0	14	22	1.874280
0	14	32	1.841123
0	14	51	1.750833
0	14	31	1.586210
0	14	43	1.393418
0	14	52	0.989082
0	14	45	0.914417
0	14	48	0.831677
0	14	21	0.561311
0	14	39	0.527649
0	14	57	0.379931
0	14	72	-0.005813
0	14	28	-0.125685
0	14	85	-0.477764
0	14	25	-0.662789
0	14	47	-0.672414
0	14	54	-0.757430
0	14	23	-1.064518
0	14	3	-1.112277
0	14	61	-1.496446
0	14	71	-1.547937
0	14	20	-1.555050
0	14	62	-1.580816
0	14	42	-1.650859
0	14	53	-1.726761
0	14	70	-1.769331
0	14	63	-1.790763
0	14	50	-1.799075
0	14	56	-1.834583
0	14	29	-1.897271
0	14	8	-1.941928
0	14	30	-1.959807
0	14	46	-1.979734
0	14	74	-2.050419
0	14	33	-2.327037
0	14	65	-2.356059
0	14	18	-2.628551
0	14	14	-2.739987
0	14	34	-2.847105
0	14	11	-3.013210
0	14	24	-3.095345
0	14	44	-3.106534
0	14	58	-3.165071
0	14	41	-3.256491
0	14	36	-3.307824
0	14	40	-3.325644
0	14	66	-3.395194
0	14	55	-3.404268
0	14	73	-3.485050
0	14	76	-3.518384
0	14	35	-3.553001
0	14	79	-3.783041
0	14	69	-3.906000
0	14	49	-3.920505
0	14	78	-3.974130
0	14	77	-3.990333
0	14	38	-3.991545
0	14	64	-4.013462
0	14	75	-4.040800
0	14	16	-4.266455
0	14	37	-4.564904
0	15	26	1.568358
0	15	27	1.478640
0	15	32	1.363856
0	15	22	1.075044
0	15	48	0.928466
0	15	51	0.856010
0	15	21	0.812277
0	15	43	0.720531
0	15	52	-0.032052
0	15	39	-0.277365
0	15	31	-0.287281
0	15	45	-0.686529
0	15	25	-0.763244
0	15	28	-0.764362
0	15	23	-0.973709
0	15	70	-1.466271
0	15	57	-1.539919
0	15	56	-1.629308
0	15	53	-1.757780
0	15	50	-1.782960
0	15	61	-1.980241
0	15	29	-2.066891
0	15	47	-2.282579
0	15	46	-2.288063
0	15	3	-2.333244
0	15	65	-2.411883
0	15	42	-2.432756
0	15	63	-2.463038
0	15	20	-2.563961
0	15	71	-2.792943
0	15	14	-2.917012
0	15	62	-2.992246
0	15	74	-3.078000
0	15	8	-3.165263
0	15	54	-3.177408
0	15	30	-3.247050
0	15	58	-3.297581
0	15	33	-3.439350
0	15	18	-3.466125
0	15	85	-3.517350
0	15	72	-3.536411
0	15	36	-3.540247
0	15	76	-3.625585
0	15	64	-3.776596
0	15	66	-3.805912
0	15	79	-3.900716
0	15	77	-3.951171
0	15	44	-3.956909
0	15	34	-3.981432
0	15	16	-3.984799
0	15	24	-4.138291
0	15	35	-4.159228
0	15	11	-4.251103
0	15	41	-4.283334
0	15	73	-4.318083
0	15	75	-4.322651
0	15	49	-4.342716
0	15	78	-4.347840
0	15	38	-4.363695
0	15	40	-4.386669
0	15	55	-4.488434
0	15	69	-4.493409
0	15	37	-4.588463
0	16	27	2.266960
0	16	22	2.204606
0	16	45	1.943893
0	16	51	1.886684
0	16	31	1.882263
0	16	56	1.751683
0	16	21	1.728158
0	16	26	1.538403
0	16	50	1.490121
0	16	32	1.472743
0	16	52	1.405375
0	16	48	1.144772
0	16	43	0.938920
0	16	47	0.916643
0	16	39	0.892271
0	16	61	0.885622
0	16	57	0.727796
0	16	29	0.675119
0	16	62	0.656049
0	16	63	0.605389
0	16	23	0.501921
0	16	28	0.474603
0	16	70	0.362993
0	16	54	0.349806
0	16	53	0.326775
0	16	30	0.292024
0	16	85	0.287918
0	16	65	0.171568
0	16	25	-0.039609
0	16	42	-0.120337
0	16	20	-0.484800
0	16	3	-0.588885
0	16	58	-0.717640
0	16	72	-1.814153
0	16	46	-1.949516
0	16	14	-2.000415
0	16	71	-2.047207
0	16	74	-2.116907
0	16	8	-2.164887
0	16	41	-2.380284
0	16	18	-2.433101
0	16	40	-2.452924
0	16	35	-2.806685
0	16	34	-2.960575
0	16	33	-3.140802
0	16	16	-3.199877
0	16	37	-3.203551
0	16	64	-3.246863
0	16	36	-3.313024
0	16	38	-3.354211
0	16	78	-3.369196
0	16	79	-3.432134
0	16	44	-3.495692
0	16	49	-3.589976
0	16	66	-3.623402
0	16	76	-3.631823
0	16	24	-3.639832
0	16	69	-3.682176
0	16	11	-3.744458
0	16	77	-4.132606
0	16	75	-4.192162
0	16	55	-4.341064
0	16	73	-4.456504
0	19	31	1.819422
0	19	32	1.793792
0	19	27	1.650803
0	19	56	1.587624
0	19	65	1.530360
0	19	22	1.480555
0	19	51	1.440322
0	19	26	1.438000
0	19	45	1.395183
0	19	48	1.279426
0	19	43	1.151124
0	19	21	1.082914
0	19	57	0.857617
0	19	52	0.787193
0	19	39	0.710203
0	19	28	0.578668
0	19	58	0.181960
0	19	54	0.180232
0	19	23	0.082019
0	19	47	-0.044916
0	19	70	-0.207185
0	19	63	-0.561580
0	19	25	-0.728587
0	19	53	-1.013749
0	19	72	-1.080364
0	19	20	-1.129344
0	19	61	-1.159811
0	19	46	-1.422627
0	19	50	-1.459060
0	19	3	-1.507198
0	19	62	-1.694590
0	19	30	-1.941055
0	19	74	-2.061015
0	19	8	-2.153988
0	19	71	-2.368387
0	19	42	-2.385822
0	19	29	-2.429985
0	19	35	-2.875947
0	19	76	-2.926151
0	19	33	-3.003363
0	19	85	-3.031157
0	19	44	-3.051737
0	19	18	-3.054695
0	19	24	-3.209065
0	19	40	-3.279499
0	19	73	-3.314491
0	19	14	-3.358502
0	19	11	-3.363654
0	19	79	-3.473990
0	19	66	-3.486490
0	19	41	-3.529113
0	19	36	-3.574928
0	19	64	-3.587291
0	19	77	-3.590958
0	19	78	-3.599824
0	19	16	-3.717433
0	19	34	-3.753239
0	19	38	-3.817993
0	19	37	-3.902070
0	19	55	-4.032151
0	19	69	-4.077048
0	19	75	-4.249833
0	19	49	-4.308383
0	22	26	2.513335
0	22	32	2.337775
0	22	22	2.220938
0	22	52	2.100843
0	22	51	1.746332
0	22	27	1.615234
0	22	45	1.520552
0	22	21	1.459512
0	22	50	0.922586
0	22	48	0.882983
0	22	43	0.675306
0	22	42	0.601568
0	22	23	0.423689
0	22	39	0.256274
0	22	58	0.044134
0	22	53	-0.453712
0	22	61	-0.498849
0	22	25	-0.605104
0	22	29	-0.751029
0	22	70	-0.818522
0	22	28	-0.961138
0	22	65	-1.003968
0	22	56	-1.132881
0	22	30	-1.203562
0	22	47	-1.320576
0	22	46	-1.482046
0	22	31	-1.514966
0	22	3	-1.706573
0	22	54	-1.751002
0	22	57	-1.916669
0	22	63	-2.171361
0	22	8	-2.173603
0	22	62	-2.292588
0	22	20	-2.306295
0	22	41	-2.499955
0	22	74	-2.622913
0	22	36	-2.666880
0	22	76	-2.683437
0	22	72	-2.701531
0	22	34	-2.760286
0	22	71	-2.838657
0	22	38	-2.854289
0	22	35	-2.903792
0	22	14	-2.907542
0	22	44	-2.931087
0	22	66	-2.974145
0	22	78	-2.983496
0	22	40	-3.099316
0	22	18	-3.100669
0	22	24	-3.136816
0	22	85	-3.196241
0	22	73	-3.242600
0	22	49	-3.246026
0	22	33	-3.270062
0	22	64	-3.288159
0	22	11	-3.476019
0	22	16	-3.536110
0	22	37	-3.633980
0	22	77	-3.715154
0	22	75	-3.802047
0	22	79	-3.910022
0	22	55	-3.919724
0	22	69	-3.964976
0	43	3	2.716634
0	43	99	2.709230
0	43	18	2.373062
0	43	89	2.356826
0	43	86	2.085996
0	43	61	1.996690
0	43	15	1.897285
0	43	95	1.844973
0	43	26	1.769602
0	43	58	1.692194
0	43	14	1.493524
0	43	8	1.401606
0	43	94	1.343303
0	43	90	0.802553
0	43	63	0.386279
0	43	97	0.235751
0	43	107	0.207621
0	43	85	0.153489
0	43	52	0.083229
0	43	106	-0.056550
0	43	108	-0.769549
0	43	100	-0.835920
0	43	92	-0.954427
0	43	105	-1.322127
0	43	91	-1.423057
0	43	88	-1.791347
0	43	69	-1.887005
0	43	110	-1.995232
0	43	93	-2.087469
0	43	11	-2.291471
0	43	87	-2.406955
0	43	96	-2.476591
0	43	109	-3.364399
0	43	98	-3.595708
0	43	103	-3.728142
0	43	13	-3.760753
0	43	17	-4.079298
0	44	15	1.773740
0	44	89	1.416734
0	44	90	1.289998
0	44	18	1.086174
0	44	99	1.083157
0	44	3	0.990353
0	44	94	0.897040
0	44	97	0.802390
0	44	107	0.659842
0	44	52	0.657660
0	44	26	0.611058
0	44	63	0.607984
0	44	58	0.514083
0	44	95	0.377972
0	44	8	0.077645
0	44	85	0.056581
0	44	106	0.028843
0	44	86	-0.205520
0	44	61	-0.304272
0	44	93	-0.341899
0	44	14	-0.351334
0	44	91	-0.708913
0	44	100	-0.739477
0	44	108	-0.744534
0	44	110	-0.866807
0	44	87	-1.592286
0	44	105	-1.744137
0	44	92	-1.926022
0	44	11	-1.963160
0	44	96	-2.009835
0	44	88	-2.329048
0	44	103	-2.472614
0	44	69	-2.579709
0	44	98	-3.031450
0	44	109	-3.205024
0	44	13	-3.411910
0	44	17	-3.627120
0	54	3	2.236499
0	54	18	1.911739
0	54	8	1.211825
0	54	14	0.442113
0	54	11	-2.411608
0	54	7	-3.658522
0	54	111	-3.699554
0	54	13	-4.113880
0	54	16	-4.143021
0	54	17	-4.238163
0	57	18	2.564570
0	57	3	1.676044
0	57	8	0.025666
0	57	14	-1.135717
0	57	11	-2.822904
0	57	7	-2.823155
0	57	13	-3.293097
0	57	16	-3.945291
0	57	111	-3.951704
0	57	17	-4.228573
0	58	18	2.452939
0	58	3	1.251164
0	58	8	0.527619
0	58	14	0.016591
0	58	11	-1.320401
0	58	111	-1.962753
0	58	7	-2.683310
0	58	13	-2.696134
0	58	16	-3.395182
0	58	17	-3.685639
0	73	150	2.856107
0	73	157	2.790544
0	73	132	2.755551
0	73	154	2.740542
0	73	158	2.644785
0	73	153	2.569259
0	73	159	2.548815
0	73	151	2.527248
0	73	168	2.486927
0	73	152	2.409757
0	73	161	2.271739
0	73	163	2.238608
0	73	148	2.205176
0	73	160	2.092195
0	73	137	2.029200
0	73	170	1.682945
0	73	18	1.649039
0	73	149	1.472655
0	73	155	1.381076
0	73	3	1.321869
0	73	8	1.117968
0	73	169	0.993863
0	73	162	0.819053
0	73	14	0.737973
0	73	11	0.325218
0	73	146	-0.157261
0	73	13	-0.488748
0	73	156	-0.519641
0	73	145	-1.624255
0	73	17	-2.966000
0	73	147	-3.076358
0	73	16	-3.458641
0	74	132	3.190804
0	74	158	2.840729
0	74	150	2.699353
0	74	157	2.604904
0	74	153	2.467588
0	74	137	2.453605
0	74	154	2.445336
0	74	160	2.401997
0	74	3	2.090079
0	74	151	2.072176
0	74	159	1.916416
0	74	18	1.799417
0	74	161	1.523625
0	74	152	1.199007
0	74	170	0.970882
0	74	8	0.894770
0	74	168	0.880767
0	74	163	0.855167
0	74	14	0.463961
0	74	148	0.446723
0	74	155	-0.348132
0	74	169	-0.627240
0	74	149	-0.842859
0	74	11	-1.160679
0	74	162	-1.216524
0	74	145	-2.034629
0	74	156	-2.079401
0	74	146	-2.442551
0	74	147	-2.462960
0	74	13	-2.980645
0	74	16	-3.337217
0	74	17	-3.456139
0	75	18	2.371927
0	75	3	2.280461
0	75	165	1.657836
0	75	132	1.616875
0	75	137	1.585231
0	75	160	1.065255
0	75	164	0.523131
0	75	166	-0.570186
0	75	167	-0.987980
0	75	171	-1.133394
0	75	14	-1.165188
0	75	8	-1.219524
0	75	128	-1.559489
0	75	146	-1.841334
0	75	11	-2.219573
0	75	145	-2.708331
0	75	13	-2.975240
0	75	147	-3.033360
0	75	16	-3.379369
0	75	17	-4.211596
0	77	18	2.378591
0	77	132	2.307295
0	77	137	2.290164
0	77	165	2.039879
0	77	160	1.303468
0	77	3	1.282319
0	77	164	0.504675
0	77	8	0.177163
0	77	166	0.123913
0	77	171	-0.873287
0	77	128	-0.987507
0	77	14	-1.045233
0	77	145	-1.733654
0	77	146	-1.996645
0	77	13	-2.351280
0	77	11	-2.664230
0	77	167	-2.870768
0	77	147	-3.294684
0	77	16	-4.405454
0	77	17	-4.475600
0	94	99	2.283149
0	94	116	2.132369
0	94	190	2.066348
0	94	188	1.937649
0	94	18	1.845965
0	94	51	1.775000
0	94	192	1.671432
0	94	194	1.651950
0	94	193	1.464422
0	94	196	1.258690
0	94	206	1.240419
0	94	200	0.656509
0	94	212	0.123684
0	94	3	-1.168913
0	94	189	-1.489366
0	94	113	-1.571410
0	94	201	-1.661784
0	94	15	-1.848881
0	94	14	-1.943891
0	94	126	-2.037985
0	94	199	-2.152720
0	94	210	-2.524011
0	94	198	-2.740279
0	94	63	-2.741749
0	94	8	-2.816984
0	94	204	-2.826555
0	94	122	-2.854028
0	94	205	-2.866899
0	94	16	-3.102662
0	94	207	-3.179501
0	94	217	-3.329650
0	94	209	-3.352975
0	94	191	-3.393812
0	94	197	-3.468659
0	94	202	-3.553656
0	94	195	-3.849017
0	94	208	-3.883342
0	94	203	-3.908685
0	94	17	-4.126826
0	94	109	-4.199363
0	94	13	-4.439981
0	94	187	-4.464452
0	95	190	1.893205
0	95	51	1.067047
0	95	192	0.993795
0	95	116	0.819941
0	95	193	-0.017139
0	95	99	-0.283352
0	95	188	-1.513772
0	95	194	-1.875366
0	95	189	-2.005152
0	95	206	-2.102995
0	95	18	-2.120748
0	95	212	-2.219479
0	95	198	-2.418517
0	95	3	-2.445199
0	95	15	-2.523199
0	95	201	-2.572864
0	95	217	-2.628045
0	95	196	-2.693715
0	95	199	-2.720135
0	95	113	-2.907447
0	95	126	-2.936611
0	95	122	-3.082621
0	95	207	-3.092524
0	95	8	-3.230373
0	95	204	-3.279652
0	95	200	-3.325085
0	95	63	-3.416463
0	95	14	-3.426468
0	95	191	-3.471813
0	95	210	-3.514270
0	95	17	-3.564863
0	95	209	-3.640983
0	95	197	-3.653255
0	95	13	-3.809179
0	95	195	-3.939674
0	95	203	-3.967980
0	95	202	-3.972332
0	95	187	-4.130221
0	95	109	-4.197587
0	95	208	-4.241339
0	95	16	-4.501743
0	95	205	-4.526206
0	96	188	2.579992
0	96	99	2.374959
0	96	116	2.078692
0	96	18	1.824180
0	96	190	1.720240
0	96	196	1.574183
0	96	192	1.552191
0	96	193	1.474358
0	96	3	1.473515
0	96	51	1.456526
0	96	206	1.454457
0	96	201	1.293357
0	96	194	1.156116
0	96	15	0.810829
0	96	200	0.596992
0	96	212	-0.012924
0	96	189	-0.206162
0	96	122	-1.593370
0	96	126	-1.732727
0	96	8	-2.123753
0	96	204	-2.164135
0	96	207	-2.183367
0	96	210	-2.261282
0	96	63	-2.434623
0	96	209	-2.449588
0	96	199	-2.600692
0	96	113	-2.640430
0	96	14	-2.682464
0	96	198	-3.052783
0	96	191	-3.099514
0	96	217	-3.137585
0	96	205	-3.194090
0	96	203	-3.283226
0	96	195	-3.306184
0	96	16	-3.401645
0	96	197	-3.567461
0	96	208	-3.761503
0	96	202	-3.767696
0	96	17	-3.875159
0	96	187	-3.939790
0	96	109	-4.063493
0	96	13	-4.542268
0	99	51	2.173023
0	99	99	1.967493
0	99	206	1.868705
0	99	196	1.844192
0	99	190	1.759752
0	99	188	1.556543
0	99	193	1.302411
0	99	116	0.981888
0	99	18	0.930479
0	99	212	0.750965
0	99	211	0.188328
0	99	192	-0.234283
0	99	15	-0.740447
0	99	189	-1.099984
0	99	8	-1.313402
0	99	201	-1.328459
0	99	200	-1.645701
0	99	63	-1.710766
0	99	194	-1.857327
0	99	3	-1.897904
0	99	113	-2.081596
0	99	122	-2.396826
0	99	207	-2.431368
0	99	210	-2.517670
0	99	126	-2.636829
0	99	204	-2.685958
0	99	14	-2.807905
0	99	198	-3.022848
0	99	199	-3.040272
0	99	205	-3.100435
0	99	209	-3.414120
0	99	217	-3.430882
0	99	202	-3.451420
0	99	109	-3.540005
0	99	203	-3.621079
0	99	195	-3.668676
0	99	13	-3.767781
0	99	16	-3.774914
0	99	191	-4.130733
0	99	197	-4.256292
0	100	99	2.095119
0	100	188	2.023553
0	100	206	1.873775
0	100	190	1.707134
0	100	196	1.620684
0	100	51	1.499660
0	100	192	1.136175
0	100	18	1.037593
0	100	193	0.889613
0	100	194	0.781634
0	100	211	0.614117
0	100	116	0.478399
0	100	15	-0.293617
0	100	212	-0.325377
0	100	3	-1.087351
0	100	201	-1.271525
0	100	63	-1.671425
0	100	200	-1.713626
0	100	189	-1.857149
0	100	126	-2.356187
0	100	113	-2.577886
0	100	207	-2.592637
0	100	8	-2.956268
0	100	209	-3.056108
0	100	122	-3.191897
0	100	195	-3.397081
0	100	210	-3.483439
0	100	14	-3.504694
0	100	198	-3.543941
0	100	205	-3.585284
0	100	199	-3.613169
0	100	109	-3.687342
0	100	204	-3.690612
0	100	16	-3.782503
0	100	202	-3.900038
0	100	13	-3.970095
0	100	191	-4.036597
0	100	203	-4.088406
0	100	197	-4.100539
0	100	217	-4.111839
0	123	201	2.192444
0	123	228	2.121461
0	123	196	2.027823
0	123	243	1.998942
0	123	18	1.957303
0	123	190	1.913603
0	123	245	1.847220
0	123	188	1.803837
0	123	229	1.761083
0	123	51	1.593886
0	123	227	1.581843
0	123	224	1.347947
0	123	230	1.256137
0	123	99	1.252424
0	123	222	1.201192
0	123	221	1.032555
0	123	3	0.856011
0	123	238	0.394217
0	123	242	0.311772
0	123	246	-0.070800
0	123	226	-0.086193
0	123	236	-0.215705
0	123	239	-0.816326
0	123	235	-0.899797
0	123	8	-0.909450
0	123	240	-0.927325
0	123	241	-1.177663
0	123	14	-1.438634
0	123	244	-1.440651
0	123	207	-1.445857
0	123	237	-1.538317
0	123	96	-1.618594
0	123	223	-1.640392
0	123	233	-1.883913
0	123	116	-1.934770
0	123	232	-2.023195
0	123	225	-2.133223
0	123	217	-2.216254
0	123	231	-2.321776
0	123	199	-2.514639
0	123	210	-2.593708
0	123	11	-2.624281
0	123	16	-2.680057
0	123	234	-2.697533
0	123	198	-2.700098
0	123	197	-2.922321
0	123	122	-2.950793
0	123	187	-3.110510
0	123	191	-3.130709
0	123	208	-3.212641
0	123	247	-3.793983
0	124	243	1.873444
0	124	190	1.793005
0	124	221	1.750456
0	124	201	1.634418
0	124	188	1.632063
0	124	99	1.578347
0	124	229	1.506380
0	124	245	1.481648
0	124	196	1.474041
0	124	51	1.457746
0	124	18	1.360487
0	124	228	1.186022
0	124	227	0.539022
0	124	238	0.217415
0	124	236	0.212850
0	124	222	0.150092
0	124	224	0.132148
0	124	246	-0.123906
0	124	240	-0.522522
0	124	3	-0.947542
0	124	8	-1.440248
0	124	241	-1.463938
0	124	239	-1.476506
0	124	230	-1.477702
0	124	244	-1.530463
0	124	233	-1.565520
0	124	242	-1.731334
0	124	237	-1.930962
0	124	207	-1.941835
0	124	232	-2.008377
0	124	116	-2.026738
0	124	235	-2.069836
0	124	14	-2.190198
0	124	231	-2.220525
0	124	199	-2.351177
0	124	226	-2.431231
0	124	11	-2.484078
0	124	122	-2.508402
0	124	225	-2.599512
0	124	210	-2.794779
0	124	223	-2.847864
0	124	191	-2.983404
0	124	96	-3.340725
0	124	198	-3.363070
0	124	234	-3.377071
0	124	16	-3.382108
0	124	187	-3.514042
0	124	247	-3.607801
0	124	208	-3.683004
0	124	217	-3.762813
0	124	197	-4.069042
0	125	224	2.034734
0	125	18	2.017134
0	125	201	1.902027
0	125	228	1.855822
0	125	229	1.853798
0	125	3	1.852500
0	125	243	1.691541
0	125	227	1.587837
0	125	244	1.538456
0	125	190	1.512591
0	125	245	1.410302
0	125	188	1.350400
0	125	99	1.056451
0	125	196	1.016342
0	125	221	0.965769
0	125	246	0.583996
0	125	51	0.537387
0	125	236	0.302854
0	125	231	0.287400
0	125	238	0.166927
0	125	222	0.162593
0	125	230	0.109995
0	125	237	0.019640
0	125	232	-0.400962
0	125	240	-0.553581
0	125	199	-0.638099
0	125	235	-0.912933
0	125	233	-0.922404
0	125	241	-1.050146
0	125	226	-1.297571
0	125	242	-1.370444
0	125	239	-1.486885
0	125	116	-1.535767
0	125	223	-1.535964
0	125	207	-1.557654
0	125	14	-1.635599
0	125	225	-1.644894
0	125	8	-1.738232
0	125	210	-1.780862
0	125	96	-1.822564
0	125	11	-2.003129
0	125	198	-2.088680
0	125	187	-2.401920
0	125	217	-2.560937
0	125	234	-2.665426
0	125	122	-2.744639
0	125	208	-3.254262
0	125	16	-3.337640
0	125	247	-3.510579
0	125	191	-3.600107
0	125	197	-3.715620
0	126	229	2.947211
0	126	190	2.451054
0	126	243	2.185956
0	126	188	1.941720
0	126	238	1.872945
0	126	99	1.814278
0	126	196	1.748763
0	126	245	1.720018
0	126	221	1.164810
0	126	51	1.151911
0	126	228	1.146731
0	126	227	1.012627
0	126	226	0.733696
0	126	246	0.489919
0	126	18	0.056400
0	126	224	0.015716
0	126	236	-0.076514
0	126	222	-1.154269
0	126	3	-1.529259
0	126	8	-1.572490
0	126	207	-1.634583
0	126	239	-1.647965
0	126	240	-1.902177
0	126	235	-1.942601
0	126	201	-2.021599
0	126	233	-2.161194
0	126	244	-2.352300
0	126	198	-2.380567
0	126	237	-2.388608
0	126	232	-2.483652
0	126	14	-2.508737
0	126	116	-2.554074
0	126	223	-2.556804
0	126	242	-2.621183
0	126	217	-2.646827
0	126	230	-2.702615
0	126	96	-2.741307
0	126	199	-2.853657
0	126	225	-2.865466
0	126	122	-2.874724
0	126	210	-2.981951
0	126	11	-3.005933
0	126	187	-3.046059
0	126	231	-3.100301
0	126	234	-3.267995
0	126	191	-3.732195
0	126	241	-3.819100
0	126	197	-3.870189
0	126	16	-4.252944
0	126	208	-4.253716
0	126	247	-4.344505
0	127	51	1.513522
0	127	229	1.368179
0	127	228	1.283448
0	127	196	1.182832
0	127	221	1.137077
0	127	190	0.955671
0	127	243	0.934845
0	127	188	0.875663
0	127	227	0.484598
0	127	99	0.439779
0	127	116	0.332666
0	127	232	0.148753
0	127	222	0.116795
0	127	240	-0.450106
0	127	3	-0.459682
0	127	224	-0.541236
0	127	201	-0.833792
0	127	246	-0.859455
0	127	207	-1.087320
0	127	236	-1.123396
0	127	244	-1.211231
0	127	238	-1.274723
0	127	245	-1.304968
0	127	237	-1.365148
0	127	14	-1.531637
0	127	122	-1.643172
0	127	230	-1.678558
0	127	8	-1.679265
0	127	226	-1.705933
0	127	18	-1.817500
0	127	231	-1.842252
0	127	233	-1.981341
0	127	242	-1.999792
0	127	241	-2.009766
0	127	239	-2.015065
0	127	210	-2.139386
0	127	96	-2.180033
0	127	199	-2.392211
0	127	217	-2.418748
0	127	225	-2.496644
0	127	11	-2.547924
0	127	223	-2.750698
0	127	235	-2.820720
0	127	208	-2.961277
0	127	198	-3.004575
0	127	16	-3.012169
0	127	234	-3.014937
0	127	197	-3.087334
0	127	191	-3.103609
0	127	247	-3.484937
0	127	187	-3.509644
0	144	18	1.664862
0	144	252	1.286404
0	144	257	0.968354
0	144	201	0.597527
0	144	248	0.538266
0	144	200	0.149719
0	144	110	-1.000208
0	144	249	-1.007628
0	144	3	-1.131622
0	144	254	-1.353849
0	144	250	-1.764895
0	144	8	-1.845345
0	144	251	-1.858478
0	144	253	-1.865360
0	144	258	-2.147889
0	144	199	-2.407108
0	144	11	-2.547618
0	144	187	-2.562986
0	144	14	-2.818552
0	144	63	-2.840539
0	144	208	-2.870826
0	144	113	-3.006440
0	144	255	-3.009654
0	144	16	-3.388887
0	144	13	-3.480463
0	144	17	-3.484050
0	144	191	-3.510942
0	144	256	-3.571428
0	144	109	-3.674200
0	145	252	2.193387
0	145	18	1.978636
0	145	257	1.081785
0	145	201	0.922416
0	145	248	0.591931
0	145	200	-0.336807
0	145	8	-0.822558
0	145	258	-1.083475
0	145	253	-1.098397
0	145	3	-1.121753
0	145	110	-1.173596
0	145	251	-1.527321
0	145	199	-2.044781
0	145	254	-2.225213
0	145	63	-2.228163
0	145	14	-2.405619
0	145	187	-2.427834
0	145	249	-2.429144
0	145	11	-2.537221
0	145	250	-2.778372
0	145	191	-2.806278
0	145	113	-2.848915
0	145	255	-3.077625
0	145	109	-3.265942
0	145	208	-3.364947
0	145	16	-3.574850
0	145	256	-3.596174
0	145	13	-3.692318
0	145	17	-3.718845
0	146	257	2.709644
0	146	18	2.091985
0	146	201	1.952916
0	146	253	1.873046
0	146	252	1.682272
0	146	248	1.404534
0	146	3	1.320377
0	146	251	1.141302
0	146	258	1.132102
0	146	8	1.072291
0	146	200	0.704974
0	146	110	0.234108
0	146	63	0.227130
0	146	14	-0.102426
0	146	199	-0.286243
0	146	254	-1.004157
0	146	11	-1.105574
0	146	187	-1.113057
0	146	208	-1.786134
0	146	249	-1.786683
0	146	255	-1.812894
0	146	250	-2.261271
0	146	191	-2.591211
0	146	109	-2.715626
0	146	113	-2.741836
0	146	13	-2.945304
0	146	16	-3.413179
0	146	256	-3.438023
0	146	17	-3.594051
0	147	257	2.439690
0	147	201	1.561042
0	147	252	1.345623
0	147	18	1.327114
0	147	248	1.136218
0	147	3	0.777269
0	147	258	0.725013
0	147	200	0.227031
0	147	253	-0.197343
0	147	199	-0.330124
0	147	249	-0.466398
0	147	110	-0.470172
0	147	254	-0.562934
0	147	251	-0.631973
0	147	8	-1.316690
0	147	63	-1.383081
0	147	14	-1.545628
0	147	250	-1.649483
0	147	191	-2.217253
0	147	11	-2.324434
0	147	255	-2.381877
0	147	187	-2.497051
0	147	256	-2.555178
0	147	208	-2.670454
0	147	113	-2.700252
0	147	16	-2.858442
0	147	109	-3.364067
0	147	17	-3.467300
0	147	13	-3.649117
0	148	257	2.921959
0	148	252	2.346250
0	148	201	2.212253
0	148	18	2.052706
0	148	258	0.875718
0	148	248	0.752427
0	148	3	0.589657
0	148	199	-0.105114
0	148	253	-0.409043
0	148	63	-0.948403
0	148	8	-1.089062
0	148	200	-1.231303
0	148	251	-1.764547
0	148	254	-2.577771
0	148	113	-2.724216
0	148	249	-2.827838
0	148	14	-2.915295
0	148	110	-2.937132
0	148	250	-3.211090
0	148	256	-3.364646
0	148	255	-3.490870
0	148	191	-3.495416
0	148	208	-3.595145
0	148	16	-3.644328
0	148	11	-3.937757
0	148	109	-3.996479
0	148	13	-4.222743
0	148	187	-4.244515
0	148	17	-4.470182
0	150	257	2.534865
0	150	18	2.107197
0	150	252	1.772403
0	150	201	1.396709
0	150	3	1.284725
0	150	258	0.856189
0	150	199	0.591390
0	150	200	0.217674
0	150	8	0.180554
0	150	248	0.120993
0	150	63	0.118226
0	150	253	-0.607199
0	150	14	-1.157578
0	150	251	-1.162836
0	150	249	-1.381266
0	150	110	-1.742120
0	150	254	-2.019806
0	150	11	-2.110266
0	150	250	-2.247994
0	150	16	-3.005581
0	150	208	-3.199862
0	150	13	-3.516109
0	150	255	-3.533962
0	150	187	-3.544117
0	150	113	-3.590507
0	150	191	-3.860842
0	150	256	-3.941392
0	150	109	-4.265460
0	150	17	-4.370315
0	177	183	2.831194
0	177	116	2.687301
0	177	244	2.581135
0	177	264	2.532599
0	177	265	2.377381
0	177	267	2.345698
0	177	30	2.256817
0	177	18	2.154526
0	177	61	2.149464
0	177	231	2.101380
0	177	3	1.986761
0	177	51	1.705249
0	177	263	1.592391
0	177	115	0.701378
0	177	63	0.330965
0	177	278	0.322037
0	177	270	0.311681
0	177	112	0.201823
0	177	271	0.097793
0	177	58	-0.174126
0	177	269	-0.195226
0	177	268	-0.503161
0	177	8	-0.590632
0	177	266	-0.680883
0	177	14	-0.714043
0	177	272	-1.293233
0	177	113	-1.483402
0	177	119	-2.500688
0	177	11	-2.613555
0	177	280	-2.882586
0	177	255	-3.142496
0	177	277	-3.172899
0	177	109	-3.297973
0	177	13	-3.359557
0	177	16	-3.529742
0	177	17	-3.827254
0	178	183	2.755358
0	178	116	2.066092
0	178	265	2.000341
0	178	18	1.701955
0	178	61	1.055909
0	178	30	1.021065
0	178	244	0.703625
0	178	51	0.290273
0	178	270	0.194451
0	178	264	-0.078191
0	178	231	-0.231053
0	178	267	-0.316550
0	178	266	-0.709852
0	178	3	-0.925254
0	178	278	-1.304951
0	178	115	-1.720491
0	178	112	-1.895222
0	178	8	-1.915825
0	178	263	-1.989399
0	178	14	-2.316635
0	178	119	-2.833844
0	178	272	-2.947202
0	178	17	-2.963723
0	178	63	-2.966934
0	178	113	-2.970969
0	178	269	-3.277499
0	178	16	-3.294197
0	178	271	-3.369133
0	178	58	-3.413179
0	178	280	-3.487794
0	178	11	-3.564508
0	178	13	-3.603821
0	178	268	-4.077690
0	178	277	-4.237998
0	178	109	-4.271830
0	178	255	-4.347844
0	179	3	1.745174
0	179	116	1.662708
0	179	264	1.326563
0	179	265	1.261223
0	179	244	1.235986
0	179	183	1.169145
0	179	18	0.846858
0	179	30	0.821857
0	179	267	0.806446
0	179	61	0.601003
0	179	51	0.164902
0	179	231	-0.123110
0	179	263	-0.639778
0	179	112	-0.833714
0	179	8	-0.835554
0	179	270	-0.880724
0	179	115	-1.024181
0	179	268	-1.219192
0	179	266	-1.412498
0	179	63	-1.479429
0	179	271	-1.740150
0	179	11	-1.759831
0	179	58	-2.064620
0	179	113	-2.399373
0	179	119	-2.491112
0	179	14	-2.656500
0	179	269	-2.758151
0	179	272	-2.806008
0	179	278	-2.873725
0	179	255	-3.186576
0	179	16	-3.229013
0	179	280	-3.385068
0	179	13	-3.819665
0	179	109	-3.827369
0	179	277	-3.871537
0	179	17	-4.247218
0	180	244	2.130787
0	180	264	2.040157
0	180	183	1.817405
0	180	30	1.728250
0	180	116	1.646602
0	180	3	1.631382
0	180	115	1.619364
0	180	263	1.372141
0	180	18	1.165372
0	180	267	0.982110
0	180	112	0.945804
0	180	265	0.753209
0	180	270	0.455998
0	180	51	0.446167
0	180	61	0.438338
0	180	63	0.333104
0	180	231	0.309657
0	180	8	-0.157966
0	180	268	-0.233107
0	180	266	-0.663663
0	180	278	-1.674165
0	180	11	-1.912956
0	180	14	-1.955958
0	180	58	-2.140821
0	180	272	-2.277822
0	180	119	-2.868423
0	180	271	-3.033125
0	180	255	-3.118348
0	180	113	-3.140436
0	180	13	-3.144342
0	180	269	-3.304683
0	180	277	-3.391766
0	180	16	-3.473946
0	180	109	-3.690208
0	180	280	-3.846494
0	180	17	-4.077365
0	181	183	2.597407
0	181	116	2.268198
0	181	3	1.904047
0	181	30	1.809765
0	181	61	1.723561
0	181	265	1.648560
0	181	244	1.411673
0	181	18	1.355185
0	181	267	1.012943
0	181	264	0.912856
0	181	51	0.505144
0	181	58	0.391581
0	181	263	0.310303
0	181	270	-0.093710
0	181	115	-0.189508
0	181	112	-0.288099
0	181	268	-0.683903
0	181	63	-0.729327
0	181	271	-0.850558
0	181	266	-1.474267
0	181	231	-1.634676
0	181	269	-1.768592
0	181	278	-1.874049
0	181	8	-1.942626
0	181	14	-2.247864
0	181	119	-2.320452
0	181	113	-2.685387
0	181	11	-2.865303
0	181	16	-3.092142
0	181	280	-3.139406
0	181	255	-3.713263
0	181	272	-3.779948
0	181	277	-3.848674
0	181	17	-3.986952
0	181	109	-4.047165
0	181	13	-4.476461
0	182	267	1.817051
0	182	61	1.607587
0	182	51	1.200971
0	182	18	0.722170
0	182	58	0.600372
0	182	270	0.589459
0	182	265	0.517470
0	182	183	0.352459
0	182	264	0.180500
0	182	266	-0.726109
0	182	244	-1.113701
0	182	63	-1.204743
0	182	115	-1.230165
0	182	112	-1.508865
0	182	231	-1.591942
0	182	3	-1.623874
0	182	263	-2.001565
0	182	14	-2.046536
0	182	30	-2.066208
0	182	278	-2.352676
0	182	8	-2.392933
0	182	116	-2.463323
0	182	272	-2.586374
0	182	11	-2.793766
0	182	113	-3.011671
0	182	268	-3.295242
0	182	109	-3.356648
0	182	271	-3.480368
0	182	280	-3.491370
0	182	277	-3.873330
0	182	119	-3.993138
0	182	269	-4.071157
0	182	16	-4.071918
0	182	13	-4.126566
0	182	255	-4.237492
0	182	17	-4.484270
0	183	294	2.451103
0	183	275	2.431298
0	183	291	2.410395
0	183	183	2.373848
0	183	276	2.312338
0	183	290	2.249682
0	183	267	2.186893
0	183	282	2.182959
0	183	264	2.114653
0	183	286	2.062857
0	183	116	2.027635
0	183	244	2.002193
0	183	283	1.961819
0	183	295	1.954516
0	183	18	1.918661
0	183	273	1.918203
0	183	292	1.912819
0	183	61	1.601591
0	183	279	1.561584
0	183	3	1.540588
0	183	289	1.327462
0	183	278	0.986737
0	183	274	0.856602
0	183	58	0.620818
0	183	51	0.557950
0	183	271	-0.058677
0	183	115	-0.219478
0	183	281	-0.279281
0	183	270	-0.305597
0	183	268	-0.544898
0	183	263	-0.700870
0	183	287	-0.800331
0	183	293	-0.914155
0	183	231	-1.186822
0	183	112	-1.276716
0	183	284	-1.456075
0	183	63	-1.500383
0	183	113	-1.860714
0	183	288	-1.983839
0	183	285	-2.407210
0	183	30	-2.522652
0	183	14	-2.974245
0	183	119	-3.134817
0	183	272	-3.618635
0	183	280	-3.779019
0	184	244	2.824458
0	184	183	2.347728
0	184	116	2.032038
0	184	267	1.914746
0	184	265	1.866464
0	184	18	1.836900
0	184	3	1.828153
0	184	30	1.739738
0	184	231	1.692080
0	184	264	1.649712
0	184	61	1.405586
0	184	115	1.121065
0	184	112	1.070361
0	184	51	0.949991
0	184	263	0.916236
0	184	63	0.756401
0	184	270	0.746178
0	184	268	0.615534
0	184	58	0.454709
0	184	266	0.295603
0	184	8	-0.497076
0	184	11	-1.413053
0	184	255	-2.042521
0	184	278	-2.171846
0	184	14	-2.183051
0	184	119	-2.273199
0	184	271	-2.466802
0	184	277	-2.930500
0	184	272	-3.002082
0	184	113	-3.067757
0	184	13	-3.444723
0	184	269	-3.571204
0	184	109	-3.727255
0	184	17	-4.140998
0	184	280	-4.199513
0	184	16	-4.237569
0	185	30	2.773384
0	185	244	2.646711
0	185	183	2.617793
0	185	264	2.478770
0	185	265	2.437733
0	185	3	2.418895
0	185	116	2.028577
0	185	18	1.986483
0	185	267	1.613212
0	185	270	1.463442
0	185	263	1.173448
0	185	51	1.064898
0	185	231	0.912845
0	185	61	0.827265
0	185	115	0.206487
0	185	266	-0.415417
0	185	8	-0.501782
0	185	63	-0.842288
0	185	14	-0.879402
0	185	112	-1.052423
0	185	278	-1.090341
0	185	268	-1.392538
0	185	58	-2.141673
0	185	119	-2.261476
0	185	11	-2.352100
0	185	113	-2.528426
0	185	272	-2.735215
0	185	16	-2.755783
0	185	269	-2.823417
0	185	271	-2.910378
0	185	255	-3.087526
0	185	280	-3.351849
0	185	277	-3.378538
0	185	13	-3.810371
0	185	109	-3.908767
0	185	17	-4.151721
0	186	183	3.226364
0	186	265	2.806774
0	186	30	2.428796
0	186	244	2.312426
0	186	116	2.281819
0	186	61	2.043862
0	186	18	1.892871
0	186	3	1.397544
0	186	271	1.052725
0	186	51	0.703749
0	186	264	0.626903
0	186	115	0.614658
0	186	270	0.511562
0	186	263	0.508430
0	186	268	0.409927
0	186	112	0.153454
0	186	8	-0.302111
0	186	269	-0.376687
0	186	267	-0.469759
0	186	63	-0.979674
0	186	266	-1.033557
0	186	11	-1.070961
0	186	231	-1.342098
0	186	278	-1.485019
0	186	14	-1.641370
0	186	58	-1.701846
0	186	113	-1.806293
0	186	119	-2.211600
0	186	280	-2.281185
0	186	272	-2.426260
0	186	277	-2.709213
0	186	255	-2.954873
0	186	109	-3.101076
0	186	13	-3.256940
0	186	16	-3.306231
0	186	17	-3.570040
