0	1	15	100.911156
0	1	10	100.197617
0	1	14	96.639412
0	1	8	93.791679
0	1	12	92.774040
0	1	16	92.738022
0	1	11	91.560852
0	1	0	91.396286
0	1	5	89.651115
0	1	9	89.315041
0	1	6	89.229271
0	1	7	88.942863
0	1	2	88.448524
0	1	3	86.181206
0	1	19	85.865082
0	1	13	85.084534
0	1	18	84.783012
0	1	17	83.411148
0	1	4	80.930885
0	1	1	80.444176
0	2	12	88.563095
0	2	11	88.495819
0	2	16	83.981598
0	2	8	81.214325
0	2	0	80.821457
0	2	18	78.797516
0	2	15	78.720039
0	2	1	78.595299
0	2	13	77.975471
0	2	19	77.147095
0	2	3	77.125313
0	2	14	74.068855
0	2	2	73.909920
0	2	10	72.630142
0	2	7	72.438904
0	2	5	71.971031
0	2	17	70.644165
0	2	9	69.490662
0	2	4	66.670204
0	2	6	60.514530
0	3	10	99.630074
0	3	14	96.796371
0	3	12	92.713257
0	3	8	92.122238
0	3	16	91.140678
0	3	18	89.341743
0	3	6	88.649025
0	3	2	88.179382
0	3	0	87.826851
0	3	15	87.325340
0	3	7	86.033577
0	3	3	85.932732
0	3	11	83.519516
0	3	13	83.283493
0	3	5	83.266708
0	3	17	83.228371
0	3	19	82.214241
0	3	1	79.703529
0	3	4	77.885620
0	3	9	77.071724
0	14	40	109.857422
0	14	52	109.855392
0	14	66	105.461563
0	14	56	105.350906
0	14	63	105.251663
0	14	51	104.864166
0	14	8	104.354729
0	14	79	103.965134
0	14	30	103.305771
0	14	49	102.609764
0	14	69	102.431084
0	14	58	102.099930
0	14	74	102.081802
0	14	21	101.374565
0	14	75	101.242645
0	14	46	100.451469
0	14	22	99.609276
0	14	50	98.817520
0	14	3	98.628204
0	14	26	98.426491
0	14	14	98.111244
0	14	29	97.708710
0	14	72	97.596939
0	14	85	96.594330
0	14	54	95.804085
0	14	28	95.750404
0	14	32	95.633537
0	14	43	95.617691
0	14	57	94.128517
0	14	37	93.988609
0	14	31	92.460052
0	14	35	91.698761
0	14	48	91.534439
0	14	27	90.860352
0	14	61	90.538109
0	14	45	90.072510
0	14	36	89.762360
0	14	62	88.611801
0	14	71	87.943703
0	14	47	87.301727
0	14	23	77.794594
0	14	11	77.641212
0	14	16	74.979782
0	14	53	67.568344
0	14	38	64.174644
0	14	25	63.403309
0	14	34	63.093216
0	14	24	52.147774
0	14	39	49.546970
0	14	18	46.049770
0	14	33	43.735729
0	14	64	38.521706
0	14	55	32.613518
0	14	41	31.676758
0	14	73	26.859192
0	14	44	24.837549
0	14	42	24.614700
0	14	78	10.185655
0	14	65	5.236589
0	14	77	2.399214
0	14	76	0.924338
0	14	70	-0.218099
0	14	20	-0.691831
0	15	23	96.193481
0	15	52	94.597862
0	15	8	94.411842
0	15	49	94.311295
0	15	54	93.439156
0	15	56	91.029739
0	15	37	90.755119
0	15	63	90.234543
0	15	58	88.989243
0	15	69	86.954361
0	15	79	86.786827
0	15	16	86.631958
0	15	3	85.386703
0	15	14	84.479568
0	15	40	84.340279
0	15	51	83.969528
0	15	75	83.939415
0	15	62	83.914055
0	15	74	83.225945
0	15	35	82.562019
0	15	53	81.166992
0	15	32	80.618240
0	15	72	79.635933
0	15	29	79.126724
0	15	28	78.068634
0	15	43	77.878304
0	15	85	77.126579
0	15	31	77.018578
0	15	45	76.680695
0	15	21	76.052437
0	15	57	76.033737
0	15	66	75.262138
0	15	64	74.506607
0	15	61	74.479225
0	15	50	74.466682
0	15	48	73.497124
0	15	30	73.048630
0	15	36	72.583107
0	15	22	72.557442
0	15	25	72.267883
0	15	34	70.185158
0	15	26	69.517967
0	15	46	68.325363
0	15	42	68.309914
0	15	27	67.758911
0	15	71	67.614098
0	15	18	59.730747
0	15	39	52.031563
0	15	47	51.578789
0	15	11	51.079742
0	15	55	48.539219
0	15	78	43.003475
0	15	44	33.459583
0	15	24	17.695047
0	15	38	14.622252
0	15	33	12.431569
0	15	70	11.271954
0	15	76	3.667788
0	15	20	2.695262
0	15	65	1.726838
0	15	73	0.871812
0	15	41	-0.420807
0	15	77	-0.561621
0	16	49	86.463028
0	16	63	85.454208
0	16	14	85.028458
0	16	3	83.907639
0	16	58	82.081055
0	16	28	81.100365
0	16	43	80.487785
0	16	79	78.520584
0	16	29	78.472534
0	16	74	77.676689
0	16	52	77.573502
0	16	75	76.281258
0	16	22	76.147026
0	16	51	74.492363
0	16	54	73.158829
0	16	62	73.128113
0	16	47	73.035873
0	16	16	72.683281
0	16	21	72.394638
0	16	32	72.149223
0	16	50	72.090820
0	16	26	68.945511
0	16	72	68.849922
0	16	53	68.670616
0	16	48	66.298920
0	16	25	65.969269
0	16	36	64.810699
0	16	27	62.315216
0	16	45	61.946484
0	16	34	61.502182
0	16	30	60.925781
0	16	31	60.504620
0	16	56	58.371197
0	16	35	56.229923
0	16	69	52.495213
0	16	46	49.745926
0	16	61	46.958122
0	16	66	38.657207
0	16	57	34.793743
0	16	85	29.613007
0	16	40	29.405203
0	16	23	27.872478
0	16	64	22.662975
0	16	20	18.930887
0	16	37	16.070095
0	16	8	14.140902
0	16	11	8.616179
0	16	71	7.826915
0	16	42	3.093360
0	16	18	2.859858
0	16	76	0.544358
0	16	38	0.523900
0	16	33	0.454658
0	16	77	0.435516
0	16	41	0.319266
0	16	65	0.208218
0	16	24	0.083540
0	16	78	-0.002227
0	16	44	-0.270942
0	16	70	-0.305182
0	16	55	-0.363732
0	16	73	-0.394835
0	16	39	-3.238784
0	19	63	95.879280
0	19	58	91.293907
0	19	43	89.787521
0	19	32	88.742363
0	19	74	85.614662
0	19	75	83.486458
0	19	61	81.010864
0	19	28	80.689713
0	19	52	80.541138
0	19	8	79.628914
0	19	79	79.269699
0	19	27	78.743652
0	19	30	77.829025
0	19	31	77.820923
0	19	85	77.178055
0	19	40	76.402641
0	19	45	75.557671
0	19	46	75.529419
0	19	48	74.440834
0	19	35	73.275154
0	19	62	72.992577
0	19	22	71.721046
0	19	42	71.341286
0	19	57	71.015244
0	19	3	70.631622
0	19	66	70.145432
0	19	21	70.140411
0	19	56	69.779549
0	19	36	69.476105
0	19	14	69.380409
0	19	54	68.688599
0	19	51	66.821938
0	19	26	66.802925
0	19	25	65.758179
0	19	69	61.806534
0	19	72	61.707512
0	19	53	60.548656
0	19	29	59.150200
0	19	47	57.851307
0	19	71	55.932991
0	19	38	53.493057
0	19	23	53.167091
0	19	37	51.183552
0	19	50	50.416607
0	19	34	47.917503
0	19	49	45.233601
0	19	65	37.150455
0	19	11	31.016884
0	19	16	30.415745
0	19	18	22.849892
0	19	70	18.105667
0	19	33	17.546139
0	19	39	11.562181
0	19	78	11.213339
0	19	24	10.777908
0	19	55	7.170493
0	19	73	4.241549
0	19	76	2.386864
0	19	64	2.331499
0	19	41	1.414742
0	19	44	1.138825
0	19	77	0.255491
0	19	20	0.209541
0	22	49	93.207649
0	22	75	89.725349
0	22	8	89.633347
0	22	43	89.429573
0	22	51	88.709259
0	22	47	88.467140
0	22	52	84.809479
0	22	69	84.671989
0	22	28	84.005470
0	22	14	83.757866
0	22	50	83.207970
0	22	30	82.637985
0	22	58	82.553909
0	22	40	82.285660
0	22	16	81.808945
0	22	23	81.257797
0	22	18	81.195831
0	22	85	81.030838
0	22	78	80.577660
0	22	66	79.429199
0	22	26	79.400482
0	22	22	79.284676
0	22	32	79.017517
0	22	3	77.986137
0	22	74	77.952522
0	22	54	77.870232
0	22	72	77.496658
0	22	55	75.169838
0	22	79	73.889397
0	22	56	73.710129
0	22	42	73.209732
0	22	76	72.436684
0	22	25	72.015572
0	22	35	71.468918
0	22	29	71.395897
0	22	62	71.143730
0	22	37	70.924309
0	22	61	70.865929
0	22	20	68.701134
0	22	36	68.473251
0	22	27	67.888573
0	22	44	67.357735
0	22	46	66.978622
0	22	34	66.726448
0	22	70	66.145828
0	22	45	65.620476
0	22	48	65.354126
0	22	64	62.967060
0	22	33	62.072475
0	22	53	61.320786
0	22	63	59.580830
0	22	21	58.941414
0	22	11	57.134811
0	22	31	55.469830
0	22	38	51.914879
0	22	71	51.301144
0	22	24	49.349174
0	22	77	45.607883
0	22	39	44.667408
0	22	65	44.651257
0	22	73	22.590408
0	22	57	19.037247
0	22	41	-0.029200
0	43	11	95.168648
0	43	8	90.603401
0	43	69	90.190582
0	43	98	87.211311
0	43	106	87.199249
0	43	109	84.967628
0	43	96	84.831749
0	43	15	84.234673
0	43	14	81.819199
0	43	94	80.271866
0	43	89	79.862267
0	43	99	78.689613
0	43	105	78.484909
0	43	52	78.115311
0	43	103	77.773018
0	43	86	77.510506
0	43	100	77.009140
0	43	108	76.667793
0	43	17	76.063278
0	43	58	75.488945
0	43	95	74.740608
0	43	13	73.195747
0	43	61	71.884117
0	43	92	71.460503
0	43	88	71.451607
0	43	91	70.692047
0	43	18	70.284714
0	43	110	69.900764
0	43	85	69.175468
0	43	87	64.230850
0	43	3	63.657661
0	43	63	61.857002
0	43	90	59.092804
0	43	26	55.335049
0	43	107	48.996521
0	43	97	27.315838
0	43	93	15.462450
0	44	3	68.087296
0	44	8	66.116081
0	44	98	65.081139
0	44	96	63.945950
0	44	89	62.240299
0	44	14	61.890194
0	44	17	60.862968
0	44	15	60.133350
0	44	11	58.069599
0	44	95	57.729473
0	44	63	57.418388
0	44	52	56.444160
0	44	86	53.332520
0	44	58	52.051163
0	44	90	48.527885
0	44	99	47.386620
0	44	93	46.965019
0	44	13	44.201782
0	44	97	43.019608
0	44	92	40.330322
0	44	18	37.176384
0	44	109	34.230286
0	44	103	24.756317
0	44	88	22.411690
0	44	87	16.913095
0	44	69	16.130590
0	44	108	15.873138
0	44	26	12.887802
0	44	106	12.498771
0	44	105	11.674954
0	44	100	4.846551
0	44	107	4.386354
0	44	110	1.124667
0	44	91	-1.471396
0	44	94	-2.016004
0	44	85	-2.295671
0	44	61	-6.896934
0	54	16	84.607063
0	54	8	81.127373
0	54	3	79.509796
0	54	11	79.059212
0	54	14	78.807335
0	54	18	38.803963
0	54	7	13.170877
0	54	13	9.472179
0	54	111	-0.439965
0	54	17	-0.524965
0	57	16	88.869377
0	57	7	86.943367
0	57	8	86.436028
0	57	14	84.488159
0	57	18	83.749718
0	57	11	83.522530
0	57	13	79.190407
0	57	17	72.670799
0	57	3	70.427383
0	57	111	64.276001
0	58	3	78.610977
0	58	8	72.801933
0	58	16	56.249088
0	58	11	18.818848
0	58	14	7.559004
0	58	13	6.119867
0	58	111	5.696062
0	58	18	0.045848
0	58	7	0.022807
0	58	17	-0.340921
0	73	162	86.416039
0	73	168	84.433472
0	73	16	83.106972
0	73	160	82.976318
0	73	13	79.182259
0	73	8	77.402802
0	73	145	76.825180
0	73	14	74.772659
0	73	11	74.300285
0	73	18	73.770943
0	73	153	73.041344
0	73	163	72.819954
0	73	157	71.226257
0	73	148	70.852951
0	73	149	70.621292
0	73	156	70.536964
0	73	147	70.412025
0	73	151	70.205154
0	73	3	69.341431
0	73	159	69.084999
0	73	169	68.333344
0	73	150	67.025612
0	73	152	63.376270
0	73	161	62.874962
0	73	170	60.449631
0	73	155	58.568405
0	73	154	57.553406
0	73	146	57.000717
0	73	158	56.987831
0	73	137	51.753956
0	73	132	50.672215
0	73	17	47.803833
0	74	160	86.897575
0	74	11	82.243591
0	74	149	81.604858
0	74	16	80.176224
0	74	169	78.949974
0	74	8	75.518700
0	74	155	74.705070
0	74	162	74.098038
0	74	168	73.983276
0	74	145	73.345932
0	74	148	73.332550
0	74	14	72.397400
0	74	150	71.826294
0	74	152	71.529747
0	74	151	71.182976
0	74	159	68.266335
0	74	153	67.910400
0	74	161	67.302780
0	74	154	67.017609
0	74	163	64.651863
0	74	157	63.909504
0	74	3	63.679531
0	74	132	59.161770
0	74	158	57.888134
0	74	170	57.105904
0	74	147	55.033302
0	74	146	49.510586
0	74	13	36.985935
0	74	17	30.074286
0	74	18	9.768502
0	74	156	0.891743
0	74	137	-3.426667
0	75	160	95.617645
0	75	14	90.160187
0	75	11	84.617203
0	75	8	84.392159
0	75	167	83.742867
0	75	137	83.088890
0	75	16	82.064735
0	75	13	80.064163
0	75	18	80.000847
0	75	128	78.199799
0	75	145	77.582298
0	75	3	76.791061
0	75	171	75.053505
0	75	166	74.287659
0	75	165	73.596153
0	75	147	69.033356
0	75	146	61.729130
0	75	164	60.817039
0	75	132	55.890610
0	75	17	22.863613
0	77	160	88.652931
0	77	16	78.608940
0	77	8	77.633842
0	77	11	77.464737
0	77	165	74.267761
0	77	14	73.839653
0	77	137	73.108093
0	77	166	70.615379
0	77	171	68.426338
0	77	146	67.300278
0	77	3	66.376259
0	77	128	64.679298
0	77	13	63.528431
0	77	18	62.279480
0	77	145	61.342003
0	77	17	59.915035
0	77	132	59.864792
0	77	147	58.746799
0	77	164	57.899448
0	77	167	50.918709
0	94	8	86.238167
0	94	51	82.814270
0	94	192	79.956635
0	94	14	78.513054
0	94	202	78.027756
0	94	15	76.456215
0	94	109	73.475784
0	94	204	70.691460
0	94	197	70.348862
0	94	3	69.304573
0	94	16	67.868149
0	94	203	67.255714
0	94	205	64.498291
0	94	116	63.539532
0	94	189	62.997097
0	94	99	62.697563
0	94	200	62.563572
0	94	198	61.863304
0	94	126	59.502316
0	94	193	57.863636
0	94	210	57.777081
0	94	188	56.500240
0	94	194	55.221519
0	94	190	50.865932
0	94	206	50.541988
0	94	17	49.701366
0	94	196	46.378773
0	94	113	45.413555
0	94	201	36.153427
0	94	208	33.487171
0	94	207	33.468430
0	94	217	32.987541
0	94	18	28.514124
0	94	122	27.638897
0	94	13	18.757833
0	94	212	12.929026
0	94	191	12.905776
0	94	209	8.840385
0	94	195	6.931329
0	94	63	0.019679
0	94	187	-1.646860
0	94	199	-6.469492
0	95	8	95.703300
0	95	203	93.327927
0	95	206	92.534241
0	95	14	92.441216
0	95	205	92.130959
0	95	192	91.961578
0	95	217	91.583488
0	95	63	91.199875
0	95	196	90.527016
0	95	15	90.116234
0	95	16	89.843788
0	95	194	89.061615
0	95	99	88.948151
0	95	204	88.359322
0	95	189	87.567909
0	95	210	87.253532
0	95	197	87.177162
0	95	18	87.072273
0	95	201	86.510880
0	95	109	85.266350
0	95	188	83.614632
0	95	116	83.309280
0	95	193	83.278702
0	95	200	82.934692
0	95	195	82.439247
0	95	209	81.581718
0	95	3	80.490822
0	95	13	80.396225
0	95	122	79.382240
0	95	208	78.542984
0	95	199	77.868271
0	95	198	77.591492
0	95	191	77.258904
0	95	187	76.677391
0	95	51	73.347900
0	95	113	72.601555
0	95	202	72.290833
0	95	190	71.137123
0	95	17	69.351524
0	95	126	66.315163
0	95	207	63.869240
0	95	212	-0.299243
0	96	197	92.430573
0	96	15	88.080101
0	96	204	85.155258
0	96	201	84.987541
0	96	198	84.397560
0	96	16	83.945740
0	96	205	83.332748
0	96	17	82.837044
0	96	8	81.978394
0	96	99	81.275223
0	96	14	79.943062
0	96	51	79.305351
0	96	3	78.610626
0	96	122	78.059280
0	96	192	74.226082
0	96	109	73.065331
0	96	202	72.965469
0	96	116	70.633888
0	96	188	70.373245
0	96	199	69.603180
0	96	210	69.459816
0	96	200	65.947540
0	96	208	62.717594
0	96	194	61.329163
0	96	18	59.863831
0	96	193	59.536564
0	96	113	58.995052
0	96	63	58.799397
0	96	217	55.219727
0	96	190	53.991234
0	96	196	52.379948
0	96	203	50.157524
0	96	207	49.403259
0	96	206	45.896076
0	96	189	37.154602
0	96	13	30.385496
0	96	195	22.189148
0	96	191	21.269951
0	96	209	19.523745
0	96	187	2.131986
0	96	126	0.061052
0	96	212	-3.157292
0	99	203	66.517494
0	99	109	62.192238
0	99	202	60.802032
0	99	192	59.980854
0	99	14	59.708080
0	99	15	59.212170
0	99	16	53.908783
0	99	201	53.846180
0	99	205	53.376358
0	99	99	52.116295
0	99	197	51.699978
0	99	196	50.904991
0	99	122	48.877037
0	99	3	48.068443
0	99	206	47.118553
0	99	18	47.076088
0	99	211	46.571407
0	99	190	44.417213
0	99	51	43.891960
0	99	116	40.627453
0	99	193	34.833965
0	99	188	32.543400
0	99	200	31.562792
0	99	210	28.940054
0	99	113	28.477694
0	99	204	24.674513
0	99	198	22.501534
0	99	189	20.095642
0	99	13	15.526767
0	99	217	12.309610
0	99	207	11.227816
0	99	212	4.911321
0	99	8	3.004336
0	99	195	0.755468
0	99	199	-0.401021
0	99	194	-0.724918
0	99	209	-1.899699
0	99	63	-2.154473
0	99	191	-6.455335
0	99	126	-8.777695
0	100	51	64.891205
0	100	15	62.604656
0	100	109	58.718815
0	100	16	57.738525
0	100	3	53.248199
0	100	188	52.144222
0	100	190	50.561481
0	100	197	47.243576
0	100	99	47.203411
0	100	14	40.249371
0	100	203	35.867294
0	100	202	30.094242
0	100	116	29.560297
0	100	113	28.296654
0	100	205	15.744546
0	100	18	15.375361
0	100	211	8.597159
0	100	189	7.138212
0	100	201	5.759786
0	100	122	2.975255
0	100	212	1.060981
0	100	126	0.999055
0	100	199	0.990693
0	100	194	0.875201
0	100	195	0.855591
0	100	209	0.685305
0	100	191	0.624226
0	100	217	0.332448
0	100	210	0.268635
0	100	207	0.231644
0	100	193	-0.103006
0	100	196	-0.765483
0	100	206	-1.418582
0	100	192	-1.437451
0	100	200	-1.528758
0	100	204	-2.093338
0	100	198	-2.557594
0	100	63	-2.659553
0	100	13	-2.931639
0	100	8	-3.397950
0	123	235	66.051140
0	123	232	65.398079
0	123	14	65.205269
0	123	3	64.642029
0	123	221	61.660179
0	123	16	61.518993
0	123	233	58.558521
0	123	201	56.384453
0	123	96	56.070805
0	123	188	55.552746
0	123	225	55.511337
0	123	226	54.476280
0	123	239	54.167854
0	123	190	54.112213
0	123	197	53.959854
0	123	230	52.307587
0	123	234	51.874355
0	123	51	51.675861
0	123	240	51.644764
0	123	245	50.237724
0	123	116	49.844067
0	123	198	49.666855
0	123	224	44.499031
0	123	228	43.495647
0	123	196	43.314915
0	123	241	38.813320
0	123	99	37.261623
0	123	8	35.965233
0	123	243	35.500496
0	123	227	30.520771
0	123	247	28.661589
0	123	222	25.160337
0	123	207	25.137318
0	123	242	22.865767
0	123	237	19.478783
0	123	199	15.839180
0	123	244	11.696256
0	123	208	8.898420
0	123	122	3.508256
0	123	191	1.801670
0	123	210	1.246223
0	123	229	0.585919
0	123	187	0.369745
0	123	231	-0.612471
0	123	11	-1.319143
0	123	236	-1.432625
0	123	223	-1.436687
0	123	238	-3.675593
0	123	18	-4.047899
0	123	246	-7.216137
0	123	217	-9.781643
0	124	235	80.232101
0	124	8	78.984245
0	124	11	76.192780
0	124	225	75.128876
0	124	233	69.632896
0	124	18	69.337479
0	124	3	69.081169
0	124	201	68.835579
0	124	224	68.794807
0	124	232	68.582191
0	124	236	66.558792
0	124	14	65.656700
0	124	238	64.282852
0	124	210	60.679081
0	124	240	60.497211
0	124	208	60.250507
0	124	207	56.074123
0	124	247	54.487274
0	124	227	53.988796
0	124	228	53.801174
0	124	199	53.737446
0	124	197	51.055836
0	124	191	50.638252
0	124	244	50.123058
0	124	187	47.834171
0	124	190	38.930946
0	124	51	37.818119
0	124	122	36.819454
0	124	241	35.830334
0	124	96	18.841557
0	124	231	10.006001
0	124	221	6.915572
0	124	188	5.701484
0	124	223	4.621175
0	124	222	4.042339
0	124	230	3.456470
0	124	217	3.327989
0	124	246	0.707358
0	124	16	0.673790
0	124	242	0.315833
0	124	243	0.293052
0	124	229	0.186833
0	124	196	0.160560
0	124	239	-0.053760
0	124	234	-0.063939
0	124	237	-0.094894
0	124	245	-0.113965
0	124	226	-0.270464
0	124	99	-1.008449
0	124	116	-1.738330
0	124	198	-3.178597
0	125	8	88.561859
0	125	11	88.398499
0	125	14	86.798935
0	125	230	86.430351
0	125	18	85.008446
0	125	197	84.086815
0	125	51	80.717033
0	125	96	80.508301
0	125	198	78.381142
0	125	240	77.537064
0	125	233	77.220627
0	125	225	77.045280
0	125	3	74.894669
0	125	222	72.445312
0	125	226	71.571831
0	125	201	71.432480
0	125	236	67.753365
0	125	99	67.019928
0	125	234	64.495262
0	125	232	64.118576
0	125	228	62.670578
0	125	16	61.521370
0	125	221	60.291470
0	125	207	58.064758
0	125	196	57.908829
0	125	224	57.411602
0	125	210	56.732140
0	125	239	54.819542
0	125	190	54.138191
0	125	247	45.460403
0	125	227	44.119057
0	125	217	43.264046
0	125	188	40.365067
0	125	208	39.038078
0	125	229	38.864536
0	125	244	34.775894
0	125	237	28.491796
0	125	122	25.476593
0	125	187	23.636217
0	125	241	21.451763
0	125	245	18.681635
0	125	199	18.148964
0	125	235	15.574197
0	125	116	10.303656
0	125	246	6.958610
0	125	238	4.428964
0	125	223	3.183559
0	125	231	-2.998033
0	125	242	-3.823287
0	125	243	-5.432470
0	125	191	-5.571441
0	126	235	86.716484
0	126	14	86.130096
0	126	197	85.264618
0	126	247	81.905373
0	126	96	81.040230
0	126	233	79.362267
0	126	16	79.121849
0	126	221	77.636879
0	126	99	77.038391
0	126	225	77.010880
0	126	201	76.947792
0	126	230	76.705238
0	126	8	76.469017
0	126	232	76.338730
0	126	217	76.213928
0	126	51	76.170341
0	126	116	75.608383
0	126	11	73.859901
0	126	122	73.767609
0	126	198	73.243042
0	126	222	72.342545
0	126	224	72.049316
0	126	241	71.998207
0	126	238	71.284370
0	126	188	71.148964
0	126	244	70.308762
0	126	234	70.185631
0	126	228	69.542320
0	126	240	69.247002
0	126	3	68.994057
0	126	236	67.584343
0	126	196	67.018089
0	126	239	66.539352
0	126	242	65.756439
0	126	18	64.445038
0	126	190	62.769382
0	126	227	59.842991
0	126	226	59.081299
0	126	229	52.434315
0	126	207	51.725098
0	126	246	50.906883
0	126	245	48.579380
0	126	223	46.126335
0	126	210	42.521187
0	126	187	29.824135
0	126	208	23.042818
0	126	199	12.410093
0	126	191	9.789192
0	126	237	8.882849
0	126	231	6.402771
0	126	243	-5.545117
0	127	247	72.440086
0	127	230	70.076202
0	127	14	69.875984
0	127	225	69.209564
0	127	16	66.087074
0	127	238	63.084156
0	127	51	62.811016
0	127	122	62.535591
0	127	116	62.276535
0	127	3	61.880276
0	127	197	61.621117
0	127	240	61.520020
0	127	232	60.134090
0	127	188	59.348129
0	127	208	58.793022
0	127	224	55.550110
0	127	18	54.331020
0	127	210	51.735634
0	127	99	50.569817
0	127	228	48.294979
0	127	242	48.193420
0	127	222	44.616291
0	127	233	44.062538
0	127	96	41.952995
0	127	190	39.929710
0	127	207	38.390339
0	127	201	34.373821
0	127	245	24.038580
0	127	8	22.421762
0	127	243	21.986101
0	127	221	21.518488
0	127	234	20.751429
0	127	239	18.223574
0	127	226	17.469654
0	127	241	11.933470
0	127	237	4.565678
0	127	229	2.541038
0	127	11	1.429502
0	127	246	0.506719
0	127	236	0.364428
0	127	187	0.208936
0	127	235	0.049822
0	127	223	-0.071826
0	127	227	-0.153108
0	127	191	-0.623958
0	127	199	-0.973504
0	127	196	-0.977285
0	127	231	-2.196155
0	127	244	-2.427356
0	127	217	-2.965911
0	127	198	-4.588316
0	144	17	82.368759
0	144	14	75.476570
0	144	3	73.367432
0	144	8	73.246513
0	144	201	72.712257
0	144	109	69.434624
0	144	113	67.217377
0	144	258	66.873108
0	144	253	66.241783
0	144	16	63.915260
0	144	200	63.663155
0	144	208	63.033066
0	144	199	62.563938
0	144	11	59.755260
0	144	18	59.644711
0	144	254	47.203304
0	144	251	39.136116
0	144	256	30.812891
0	144	13	27.811625
0	144	110	26.746767
0	144	191	20.627062
0	144	257	7.581670
0	144	255	4.398193
0	144	63	-2.221011
0	144	249	-3.270444
0	144	250	-3.637534
0	144	187	-4.579820
0	144	248	-5.135039
0	144	252	-8.088484
0	145	16	74.936852
0	145	14	72.621086
0	145	8	71.175056
0	145	3	67.539497
0	145	11	64.482620
0	145	113	61.546993
0	145	258	60.458241
0	145	109	60.107140
0	145	254	56.715454
0	145	201	54.383530
0	145	253	52.765709
0	145	257	50.854145
0	145	18	50.658287
0	145	251	49.691929
0	145	110	45.355247
0	145	256	38.414169
0	145	199	37.172333
0	145	187	31.603558
0	145	13	27.300123
0	145	252	23.310202
0	145	255	17.267193
0	145	208	13.379814
0	145	200	9.651111
0	145	17	3.474178
0	145	249	2.687627
0	145	191	2.351809
0	145	63	1.275069
0	145	250	-0.281517
0	145	248	-0.479389
0	146	14	87.994888
0	146	16	83.719864
0	146	8	80.506653
0	146	3	79.283890
0	146	11	78.678032
0	146	109	77.574638
0	146	201	71.817032
0	146	258	71.786133
0	146	113	71.006638
0	146	253	70.544540
0	146	256	70.416763
0	146	199	68.637527
0	146	254	64.291512
0	146	200	62.559715
0	146	257	62.170574
0	146	63	60.681332
0	146	208	49.385735
0	146	17	44.622341
0	146	13	44.297703
0	146	251	37.576862
0	146	249	27.086905
0	146	18	25.390188
0	146	187	24.136133
0	146	110	5.592460
0	146	191	4.594229
0	146	255	2.872363
0	146	248	0.578157
0	146	252	-0.477119
0	146	250	-2.148299
0	147	14	80.518478
0	147	11	79.386650
0	147	3	78.936768
0	147	16	77.569267
0	147	8	76.360283
0	147	109	74.982506
0	147	253	73.034477
0	147	63	72.185829
0	147	110	71.539467
0	147	255	70.950661
0	147	254	68.860306
0	147	252	64.396179
0	147	191	64.121330
0	147	248	64.091904
0	147	258	64.077789
0	147	200	63.981365
0	147	257	61.420372
0	147	113	59.908325
0	147	208	55.860920
0	147	199	54.189148
0	147	251	53.283436
0	147	256	44.324272
0	147	17	31.921907
0	147	201	27.858536
0	147	18	18.608257
0	147	13	9.585619
0	147	249	-0.434836
0	147	187	-1.887645
0	147	250	-3.687530
0	148	253	82.823151
0	148	3	80.560310
0	148	16	80.345528
0	148	257	78.901543
0	148	14	78.260437
0	148	109	77.810333
0	148	17	76.368317
0	148	63	76.096222
0	148	254	71.924316
0	148	208	71.329613
0	148	8	70.733299
0	148	258	70.687325
0	148	199	58.696194
0	148	200	55.865479
0	148	113	54.437389
0	148	249	47.967964
0	148	201	43.516815
0	148	11	38.331337
0	148	252	34.798084
0	148	256	34.555637
0	148	251	31.440643
0	148	18	15.893369
0	148	13	14.887317
0	148	191	10.031010
0	148	255	2.871819
0	148	250	0.404481
0	148	110	0.235853
0	148	248	0.211849
0	148	187	0.054355
0	150	8	87.304184
0	150	14	85.734421
0	150	253	81.461365
0	150	258	79.847794
0	150	251	75.977661
0	150	201	74.584534
0	150	200	74.233330
0	150	16	73.943100
0	150	3	73.320427
0	150	113	69.514740
0	150	17	63.905998
0	150	199	62.752995
0	150	256	59.310356
0	150	11	58.382172
0	150	257	55.876015
0	150	254	54.230743
0	150	208	54.003399
0	150	252	35.602459
0	150	18	34.594437
0	150	191	32.246521
0	150	13	30.609489
0	150	109	20.955660
0	150	63	10.254835
0	150	110	3.951958
0	150	187	2.476254
0	150	248	-0.229864
0	150	255	-0.565906
0	150	250	-2.081815
0	150	249	-4.844177
0	177	8	81.532578
0	177	14	80.075890
0	177	267	79.808182
0	177	11	79.801239
0	177	16	77.427605
0	177	265	77.153160
0	177	269	76.933701
0	177	112	75.133438
0	177	183	74.591972
0	177	3	74.014137
0	177	255	73.788689
0	177	109	73.204765
0	177	30	72.535393
0	177	264	71.053688
0	177	119	70.487999
0	177	263	70.094360
0	177	116	69.709885
0	177	17	69.472115
0	177	113	69.133476
0	177	63	65.734474
0	177	268	65.527626
0	177	231	65.512192
0	177	244	65.315018
0	177	271	65.060448
0	177	278	63.812500
0	177	277	63.685394
0	177	272	62.850300
0	177	270	62.116035
0	177	51	61.214569
0	177	61	60.803539
0	177	266	60.473797
0	177	280	58.821945
0	177	115	58.554283
0	177	13	53.802803
0	177	18	47.456711
0	177	58	42.965534
0	178	267	89.190109
0	178	63	88.292839
0	178	14	88.137604
0	178	183	88.066780
0	178	264	87.542122
0	178	268	86.926613
0	178	18	86.744942
0	178	11	86.654243
0	178	112	85.377029
0	178	16	85.351425
0	178	119	85.219337
0	178	30	84.083420
0	178	263	83.153008
0	178	277	82.625122
0	178	255	82.371284
0	178	13	81.753281
0	178	265	79.137711
0	178	109	79.076347
0	178	3	78.297874
0	178	271	77.836220
0	178	51	77.763229
0	178	8	77.617630
0	178	61	76.855392
0	178	244	76.367844
0	178	280	75.955223
0	178	278	75.508232
0	178	231	73.281723
0	178	269	72.073051
0	178	266	71.945885
0	178	115	71.931519
0	178	116	71.838173
0	178	272	68.245003
0	178	17	67.312096
0	178	113	61.109570
0	178	270	51.170666
0	178	58	44.584095
0	179	112	81.689369
0	179	16	81.614632
0	179	3	74.990891
0	179	8	72.433792
0	179	51	70.293381
0	179	63	69.698898
0	179	264	69.431572
0	179	116	67.941124
0	179	109	67.490158
0	179	183	65.871613
0	179	113	64.244705
0	179	269	63.772629
0	179	263	63.129101
0	179	30	62.407108
0	179	61	60.765377
0	179	11	59.666546
0	179	277	54.074913
0	179	255	53.864983
0	179	268	52.078465
0	179	244	50.685707
0	179	17	50.587971
0	179	280	42.135239
0	179	14	41.427799
0	179	58	38.426819
0	179	267	34.349777
0	179	271	33.806416
0	179	119	30.119925
0	179	265	17.963196
0	179	13	6.152717
0	179	18	5.392929
0	179	266	1.853821
0	179	278	0.926114
0	179	272	-0.275752
0	179	115	-1.052472
0	179	270	-1.320968
0	179	231	-4.516676
0	180	112	82.822411
0	180	14	79.416679
0	180	16	79.297165
0	180	30	79.054031
0	180	109	78.993767
0	180	8	78.733131
0	180	11	78.204552
0	180	3	77.412903
0	180	183	76.422752
0	180	264	76.203659
0	180	244	75.604355
0	180	116	75.120789
0	180	119	72.881805
0	180	255	72.866531
0	180	271	71.546417
0	180	270	67.553078
0	180	277	67.434479
0	180	231	67.233421
0	180	268	66.601448
0	180	280	64.955284
0	180	272	64.586388
0	180	263	62.929543
0	180	269	61.628841
0	180	267	59.517143
0	180	278	59.270363
0	180	115	57.474674
0	180	13	54.974213
0	180	17	53.313034
0	180	266	51.077190
0	180	113	45.183903
0	180	18	19.130167
0	180	51	14.355822
0	180	61	5.786027
0	180	265	3.648756
0	180	63	3.499852
0	180	58	-1.174911
0	181	112	86.505005
0	181	183	83.167542
0	181	116	74.257256
0	181	264	73.609825
0	181	3	72.759651
0	181	16	68.523895
0	181	113	66.765320
0	181	244	65.009689
0	181	17	64.312820
0	181	61	63.726082
0	181	109	59.495007
0	181	280	58.550488
0	181	119	54.321285
0	181	30	53.921417
0	181	263	51.921864
0	181	268	41.871143
0	181	277	39.118008
0	181	51	37.177456
0	181	14	32.300823
0	181	8	27.270897
0	181	269	19.917107
0	181	255	17.123070
0	181	58	12.149652
0	181	11	11.970082
0	181	271	8.468716
0	181	278	8.105870
0	181	63	7.984105
0	181	18	7.576749
0	181	265	6.667744
0	181	13	2.476279
0	181	270	1.782658
0	181	266	1.010562
0	181	267	0.877719
0	181	231	0.089297
0	181	272	-0.804406
0	181	115	-1.361904
0	182	8	80.524658
0	182	268	75.229622
0	182	14	73.726440
0	182	269	71.643341
0	182	112	70.100456
0	182	51	69.979279
0	182	30	69.194351
0	182	280	68.960365
0	182	16	68.831833
0	182	17	68.580444
0	182	119	67.995926
0	182	183	67.460037
0	182	13	67.321968
0	182	272	66.557411
0	182	264	65.746101
0	182	109	65.519875
0	182	3	62.284863
0	182	113	58.072796
0	182	115	54.867390
0	182	277	53.920441
0	182	278	52.231388
0	182	18	51.233429
0	182	270	48.885181
0	182	11	44.226826
0	182	267	43.115208
0	182	116	40.092129
0	182	271	39.469898
0	182	265	39.166264
0	182	244	38.979076
0	182	61	31.080658
0	182	63	23.776066
0	182	266	19.316975
0	182	58	18.843351
0	182	255	9.131831
0	182	263	8.949178
0	182	231	2.802222
0	183	18	81.814896
0	183	112	81.534760
0	183	14	77.093643
0	183	278	76.147476
0	183	268	75.250862
0	183	279	74.966415
0	183	231	74.478409
0	183	287	73.935165
0	183	291	73.648155
0	183	3	72.396782
0	183	58	71.139008
0	183	30	70.992996
0	183	183	70.977669
0	183	263	70.603188
0	183	294	69.531601
0	183	61	69.251701
0	183	274	68.710655
0	183	116	68.027618
0	183	275	67.516701
0	183	119	67.136719
0	183	271	66.651512
0	183	295	66.617104
0	183	286	66.170914
0	183	264	66.131767
0	183	283	65.793358
0	183	292	65.217461
0	183	244	64.411598
0	183	288	64.143242
0	183	267	63.624268
0	183	285	62.346943
0	183	289	61.801250
0	183	282	60.705471
0	183	276	59.908390
0	183	290	58.975174
0	183	273	58.340931
0	183	113	56.066032
0	183	51	55.800083
0	183	280	51.954075
0	183	63	42.368759
0	183	293	41.940079
0	183	270	40.343094
0	183	272	17.194160
0	183	284	16.422390
0	183	281	5.990522
0	183	115	2.338881
0	184	183	90.970825
0	184	8	83.909920
0	184	16	83.689087
0	184	112	82.508484
0	184	14	82.503700
0	184	264	79.587563
0	184	11	75.405235
0	184	13	74.495567
0	184	267	73.531860
0	184	119	72.799843
0	184	3	71.776764
0	184	116	71.372932
0	184	244	71.126488
0	184	263	70.764404
0	184	61	70.236511
0	184	271	70.113701
0	184	30	69.766190
0	184	272	69.494965
0	184	277	68.304016
0	184	109	67.756035
0	184	255	65.836540
0	184	63	64.217957
0	184	268	63.737621
0	184	18	61.361923
0	184	17	60.572441
0	184	115	60.526772
0	184	51	59.486225
0	184	266	58.988384
0	184	231	50.157345
0	184	270	48.138733
0	184	280	46.092754
0	184	269	45.445465
0	184	113	30.153917
0	184	265	21.278824
0	184	278	19.125591
0	184	58	5.800808
0	185	14	81.877983
0	185	8	79.726273
0	185	112	78.596405
0	185	11	77.260857
0	185	277	77.108124
0	185	116	76.406410
0	185	3	75.659058
0	185	270	75.516434
0	185	119	75.200249
0	185	263	73.884972
0	185	268	73.796379
0	185	278	73.631424
0	185	183	73.258835
0	185	109	72.597404
0	185	265	71.534203
0	185	244	71.049400
0	185	264	71.025528
0	185	231	70.798630
0	185	271	70.458298
0	185	280	68.766190
0	185	269	67.347679
0	185	30	67.015961
0	185	272	65.890762
0	185	17	58.880859
0	185	16	58.729881
0	185	113	56.312740
0	185	266	48.239567
0	185	51	40.267586
0	185	267	37.636677
0	185	115	36.751354
0	185	255	36.477196
0	185	61	31.865152
0	185	13	29.927383
0	185	63	26.478601
0	185	18	21.388090
0	185	58	-2.050525
0	186	112	79.749573
0	186	8	79.553993
0	186	11	77.868149
0	186	14	73.699699
0	186	16	71.782806
0	186	277	71.611717
0	186	119	71.567734
0	186	267	71.253540
0	186	264	71.157791
0	186	116	71.067268
0	186	109	69.524117
0	186	183	68.328354
0	186	268	68.163490
0	186	3	66.246239
0	186	255	64.998840
0	186	244	64.645889
0	186	30	64.602119
0	186	113	63.721725
0	186	61	63.113529
0	186	271	61.533939
0	186	265	59.579601
0	186	280	55.973267
0	186	263	54.919823
0	186	269	54.397465
0	186	18	52.836842
0	186	270	51.076096
0	186	51	47.172489
0	186	115	44.502422
0	186	272	24.499802
0	186	266	18.799341
0	186	63	18.550142
0	186	13	1.311006
0	186	17	0.902894
0	186	58	-0.170712
0	186	231	-1.878871
0	186	278	-4.610035
