0	1	14	4.569338
0	1	15	3.708475
0	1	8	3.535253
0	1	1	3.292640
0	1	9	2.616134
0	1	2	2.431620
0	1	18	2.326614
0	1	5	2.199397
0	1	4	0.607361
0	1	6	0.192522
0	1	11	0.097559
0	1	3	-1.003212
0	1	19	-2.178099
0	1	10	-2.237947
0	1	0	-2.891911
0	1	12	-3.057363
0	1	13	-3.790252
0	1	7	-4.125303
0	1	16	-4.667996
0	1	17	-4.787218
0	2	8	4.795667
0	2	5	4.782136
0	2	14	4.648637
0	2	15	4.617774
0	2	2	4.372108
0	2	1	4.349724
0	2	9	4.315933
0	2	18	2.769916
0	2	4	2.620255
0	2	3	1.944569
0	2	11	0.885109
0	2	10	-0.855568
0	2	6	-1.476174
0	2	0	-1.527091
0	2	12	-2.339059
0	2	19	-3.415958
0	2	7	-4.211077
0	2	16	-4.635985
0	2	13	-4.748476
0	2	17	-5.095502
0	3	15	5.180296
0	3	14	5.008041
0	3	8	4.696449
0	3	9	4.682188
0	3	1	4.326970
0	3	5	4.229474
0	3	18	3.638010
0	3	2	3.628315
0	3	10	2.273988
0	3	4	1.899468
0	3	6	1.076329
0	3	11	0.862033
0	3	3	-0.066917
0	3	19	-1.611788
0	3	12	-3.013179
0	3	0	-3.544738
0	3	7	-3.887667
0	3	13	-4.290362
0	3	16	-4.812103
0	3	17	-5.146640
0	14	21	5.025791
0	14	43	4.597868
0	14	69	4.529894
0	14	26	4.089389
0	14	30	4.079962
0	14	27	4.004405
0	14	57	3.924540
0	14	65	3.876072
0	14	8	3.682192
0	14	14	3.572874
0	14	22	3.514930
0	14	42	3.383695
0	14	56	3.287797
0	14	31	3.192032
0	14	32	3.148196
0	14	38	2.960414
0	14	51	2.958268
0	14	28	2.889657
0	14	63	2.760444
0	14	46	2.747212
0	14	45	2.720900
0	14	37	2.655838
0	14	29	2.226975
0	14	3	2.180923
0	14	53	2.130337
0	14	61	2.052600
0	14	20	1.978508
0	14	23	1.911730
0	14	18	1.718751
0	14	25	1.711827
0	14	40	1.422561
0	14	52	1.338771
0	14	71	1.324234
0	14	47	1.228638
0	14	73	0.728818
0	14	54	0.103779
0	14	58	0.016352
0	14	62	-0.646418
0	14	39	-0.680651
0	14	64	-0.727075
0	14	75	-0.842927
0	14	50	-0.843188
0	14	72	-0.846334
0	14	36	-0.932132
0	14	77	-1.657964
0	14	24	-1.806191
0	14	76	-1.817616
0	14	33	-1.946462
0	14	41	-2.017771
0	14	74	-2.169822
0	14	49	-2.236628
0	14	11	-2.294173
0	14	70	-2.532095
0	14	48	-2.681478
0	14	35	-2.882232
0	14	85	-3.085698
0	14	78	-3.242503
0	14	44	-3.473990
0	14	34	-3.496366
0	14	66	-3.514436
0	14	79	-3.557216
0	14	16	-4.705218
0	14	55	-4.866185
0	15	21	5.323460
0	15	43	4.652348
0	15	26	4.389956
0	15	69	4.366677
0	15	32	4.268482
0	15	14	4.155403
0	15	65	3.978834
0	15	22	3.912925
0	15	27	3.684378
0	15	57	3.664948
0	15	30	3.662710
0	15	31	3.622736
0	15	63	3.546924
0	15	38	3.389955
0	15	51	3.387251
0	15	54	3.349573
0	15	58	3.295548
0	15	61	3.294773
0	15	52	3.291404
0	15	42	3.267748
0	15	8	3.221104
0	15	53	3.182195
0	15	56	3.145471
0	15	37	3.115777
0	15	45	3.035166
0	15	28	3.012185
0	15	20	2.710897
0	15	25	2.678130
0	15	23	2.647929
0	15	47	2.156891
0	15	71	2.087854
0	15	50	1.915315
0	15	3	1.893244
0	15	40	1.852658
0	15	62	1.803053
0	15	29	1.607017
0	15	46	1.470257
0	15	76	1.255460
0	15	18	0.867529
0	15	64	-0.079126
0	15	36	-0.304625
0	15	73	-0.315546
0	15	75	-0.767494
0	15	49	-0.884956
0	15	72	-1.193493
0	15	35	-1.506624
0	15	48	-1.600448
0	15	41	-1.847475
0	15	33	-1.868928
0	15	77	-1.940730
0	15	39	-2.044158
0	15	11	-2.359216
0	15	24	-2.941898
0	15	70	-3.002564
0	15	44	-3.084910
0	15	85	-3.104790
0	15	34	-3.354354
0	15	78	-3.373429
0	15	79	-3.416269
0	15	74	-3.553624
0	15	66	-3.587828
0	15	55	-4.454121
0	15	16	-4.786876
0	16	43	5.225881
0	16	21	5.144714
0	16	26	4.580142
0	16	69	4.254407
0	16	32	4.225380
0	16	63	4.166725
0	16	38	4.154315
0	16	52	4.149278
0	16	56	4.108753
0	16	14	4.008782
0	16	22	3.983923
0	16	54	3.881141
0	16	58	3.717606
0	16	30	3.620216
0	16	61	3.509021
0	16	51	3.499380
0	16	31	3.346885
0	16	45	3.277680
0	16	57	3.265581
0	16	8	3.222671
0	16	65	3.104438
0	16	27	3.089479
0	16	28	3.086562
0	16	42	3.038806
0	16	25	2.782408
0	16	53	2.757634
0	16	40	2.334639
0	16	20	2.288629
0	16	37	2.137624
0	16	23	2.075448
0	16	47	2.053994
0	16	50	1.638559
0	16	18	1.632783
0	16	62	1.398814
0	16	71	1.255001
0	16	29	1.248423
0	16	46	0.800697
0	16	11	-0.123276
0	16	49	-0.269342
0	16	76	-0.421819
0	16	75	-0.514199
0	16	3	-0.662124
0	16	36	-0.704939
0	16	73	-0.706765
0	16	64	-0.722078
0	16	39	-1.201241
0	16	33	-1.389999
0	16	35	-1.653661
0	16	77	-1.965155
0	16	41	-2.062735
0	16	72	-2.068949
0	16	66	-2.206387
0	16	48	-2.357120
0	16	70	-2.375218
0	16	34	-2.408006
0	16	24	-2.462729
0	16	85	-2.467328
0	16	78	-2.509582
0	16	74	-2.658934
0	16	44	-2.838322
0	16	79	-3.223232
0	16	16	-4.175386
0	16	55	-4.336103
0	19	65	5.509183
0	19	21	5.021420
0	19	43	4.623147
0	19	37	4.422860
0	19	57	4.363191
0	19	69	4.281941
0	19	31	4.203651
0	19	27	4.151660
0	19	30	4.073278
0	19	23	3.839185
0	19	26	3.788011
0	19	8	3.682148
0	19	42	3.671474
0	19	14	3.663751
0	19	22	3.662728
0	19	56	3.649029
0	19	63	3.550765
0	19	32	3.533276
0	19	29	3.469201
0	19	28	3.386342
0	19	51	3.179119
0	19	38	3.150876
0	19	46	3.124900
0	19	45	3.120385
0	19	61	2.968055
0	19	53	2.967280
0	19	71	2.837680
0	19	3	2.816686
0	19	73	2.635030
0	19	25	2.515937
0	19	20	2.416372
0	19	52	2.364390
0	19	47	2.352974
0	19	58	2.348433
0	19	18	2.124211
0	19	64	1.511797
0	19	40	1.484104
0	19	75	0.736232
0	19	54	0.685888
0	19	72	0.645438
0	19	62	0.573466
0	19	36	0.435626
0	19	50	0.249964
0	19	39	0.165896
0	19	49	-0.288787
0	19	77	-0.335824
0	19	24	-0.590496
0	19	41	-0.760292
0	19	11	-0.958524
0	19	76	-0.960297
0	19	33	-0.965497
0	19	66	-0.969484
0	19	85	-1.316422
0	19	70	-1.493067
0	19	74	-1.532701
0	19	48	-1.752967
0	19	44	-2.057763
0	19	34	-2.086301
0	19	78	-2.170106
0	19	35	-2.234203
0	19	79	-2.656599
0	19	55	-4.375798
0	19	16	-4.457211
0	22	43	5.095253
0	22	14	5.022825
0	22	21	5.000784
0	22	26	4.588137
0	22	32	4.459133
0	22	63	4.133996
0	22	65	3.991597
0	22	52	3.958496
0	22	38	3.929136
0	22	56	3.903812
0	22	22	3.874191
0	22	51	3.792547
0	22	53	3.787922
0	22	58	3.787908
0	22	57	3.785301
0	22	30	3.739007
0	22	42	3.686470
0	22	54	3.618016
0	22	23	3.510642
0	22	45	3.492821
0	22	27	3.467373
0	22	31	3.453305
0	22	61	3.449344
0	22	25	3.404057
0	22	20	3.368806
0	22	47	3.212182
0	22	8	3.201980
0	22	69	3.143790
0	22	37	2.770550
0	22	28	2.720440
0	22	71	2.681181
0	22	46	2.648722
0	22	40	2.601672
0	22	18	2.582070
0	22	62	2.277101
0	22	50	1.995941
0	22	3	1.403645
0	22	49	1.368911
0	22	64	1.242185
0	22	73	1.178227
0	22	36	0.787301
0	22	48	0.716418
0	22	29	0.468353
0	22	11	-0.089249
0	22	75	-0.300362
0	22	74	-0.519698
0	22	72	-0.564517
0	22	39	-0.629092
0	22	78	-0.880192
0	22	33	-0.907021
0	22	35	-0.931510
0	22	24	-1.191765
0	22	70	-1.556640
0	22	76	-1.725663
0	22	77	-1.766651
0	22	34	-1.871698
0	22	41	-2.025212
0	22	44	-2.327070
0	22	66	-2.678831
0	22	85	-3.203030
0	22	79	-3.279096
0	22	55	-3.816026
0	22	16	-4.001512
0	43	94	5.622859
0	43	15	5.271282
0	43	69	5.266252
0	43	14	5.164933
0	43	91	4.865235
0	43	89	4.826546
0	43	26	4.742534
0	43	8	4.479809
0	43	86	4.360448
0	43	61	4.252817
0	43	99	4.149468
0	43	106	4.097029
0	43	63	4.056558
0	43	90	3.602632
0	43	95	3.453883
0	43	93	3.423797
0	43	52	3.224972
0	43	58	3.007490
0	43	3	2.234809
0	43	96	2.211870
0	43	18	1.949746
0	43	107	1.619134
0	43	97	1.557578
0	43	105	1.369925
0	43	100	0.256800
0	43	11	0.143393
0	43	87	-0.112059
0	43	92	-0.421813
0	43	88	-0.589402
0	43	85	-0.901848
0	43	103	-0.973568
0	43	98	-1.470258
0	43	110	-1.828833
0	43	108	-2.094945
0	43	109	-2.963884
0	43	13	-4.206526
0	43	17	-4.811140
0	44	15	5.135218
0	44	94	4.736498
0	44	106	4.693663
0	44	14	4.607577
0	44	91	4.549618
0	44	89	4.467591
0	44	69	4.414711
0	44	86	4.233284
0	44	26	4.203636
0	44	93	4.188907
0	44	8	4.002180
0	44	99	3.774232
0	44	95	3.769709
0	44	63	3.725379
0	44	61	3.048147
0	44	90	3.024591
0	44	18	3.024074
0	44	58	2.851810
0	44	97	2.782933
0	44	52	2.537684
0	44	11	-0.009056
0	44	107	-0.044255
0	44	105	-0.161731
0	44	3	-0.193606
0	44	87	-0.273913
0	44	96	-0.445844
0	44	100	-0.692819
0	44	103	-1.755181
0	44	85	-1.807515
0	44	110	-2.464526
0	44	88	-2.665584
0	44	98	-2.758654
0	44	108	-2.807271
0	44	92	-3.452188
0	44	109	-3.708454
0	44	13	-4.381316
0	44	17	-5.044432
0	54	14	6.159979
0	54	8	5.131416
0	54	11	4.127826
0	54	18	3.990389
0	54	3	1.391622
0	54	111	-0.521670
0	54	7	-1.930785
0	54	13	-3.229728
0	54	16	-3.931723
0	54	17	-4.386133
0	57	14	5.791897
0	57	8	5.218054
0	57	18	4.275437
0	57	11	3.392823
0	57	3	1.260783
0	57	111	-0.522154
0	57	7	-1.848347
0	57	13	-3.188142
0	57	16	-4.081323
0	57	17	-4.387931
0	58	14	5.792779
0	58	8	5.025271
0	58	18	3.870965
0	58	11	3.518909
0	58	3	1.172777
0	58	111	-0.197056
0	58	7	-1.849438
0	58	13	-3.002276
0	58	16	-3.999994
0	58	17	-4.331491
0	73	132	6.434084
0	73	158	6.217226
0	73	163	5.723449
0	73	137	5.708520
0	73	150	5.377812
0	73	8	5.339993
0	73	14	5.156064
0	73	169	4.590612
0	73	153	4.520730
0	73	154	4.423457
0	73	159	4.185460
0	73	157	4.118643
0	73	161	4.055058
0	73	168	4.016529
0	73	152	3.995308
0	73	170	3.774668
0	73	155	3.713681
0	73	18	3.601575
0	73	148	3.473907
0	73	149	3.473461
0	73	11	3.289829
0	73	151	2.530009
0	73	156	2.210818
0	73	160	2.197036
0	73	146	2.158650
0	73	3	0.221861
0	73	145	-2.078635
0	73	147	-2.296755
0	73	13	-3.268472
0	73	162	-3.435895
0	73	16	-4.669314
0	73	17	-5.169148
0	74	132	6.364931
0	74	158	6.167453
0	74	137	5.557030
0	74	163	5.522790
0	74	150	5.364205
0	74	8	5.030718
0	74	14	5.018473
0	74	154	4.966337
0	74	153	4.622659
0	74	169	4.488115
0	74	157	4.269322
0	74	159	4.162045
0	74	155	4.004923
0	74	161	3.989705
0	74	152	3.917280
0	74	170	3.757862
0	74	168	3.711907
0	74	149	3.683884
0	74	18	3.527319
0	74	148	3.377406
0	74	11	3.269658
0	74	151	2.572820
0	74	160	2.198367
0	74	146	2.157383
0	74	156	1.725653
0	74	3	-0.017583
0	74	145	-2.019194
0	74	147	-2.247478
0	74	13	-3.208250
0	74	162	-3.559619
0	74	16	-4.523760
0	74	17	-4.992668
0	75	165	4.556038
0	75	132	4.440099
0	75	14	3.861330
0	75	167	0.809038
0	75	166	0.306508
0	75	8	-0.513295
0	75	18	-0.887339
0	75	171	-1.973916
0	75	128	-2.616072
0	75	137	-2.680166
0	75	11	-2.711920
0	75	164	-2.793983
0	75	145	-2.806654
0	75	146	-3.096396
0	75	3	-3.232173
0	75	147	-3.300086
0	75	160	-3.893464
0	75	13	-4.245541
0	75	16	-4.971183
0	75	17	-5.160141
0	77	165	4.830000
0	77	14	4.645431
0	77	132	4.337564
0	77	167	2.622343
0	77	166	1.380480
0	77	18	1.378685
0	77	8	0.705791
0	77	171	-0.668522
0	77	137	-1.248046
0	77	3	-1.874710
0	77	11	-1.930500
0	77	128	-2.103320
0	77	146	-2.182799
0	77	164	-2.245164
0	77	145	-2.848418
0	77	147	-3.093053
0	77	160	-3.696785
0	77	13	-4.100835
0	77	16	-4.576068
0	77	17	-4.748837
0	94	193	5.037341
0	94	116	4.818945
0	94	14	4.704899
0	94	201	4.530372
0	94	15	4.471434
0	94	190	4.294767
0	94	188	4.264175
0	94	200	3.927680
0	94	51	3.866531
0	94	8	3.662161
0	94	199	3.623316
0	94	99	3.448461
0	94	207	3.384921
0	94	63	3.370312
0	94	194	3.285854
0	94	210	2.844608
0	94	206	2.386634
0	94	192	2.214050
0	94	3	1.919995
0	94	122	1.876949
0	94	113	1.848995
0	94	198	1.256375
0	94	212	1.217553
0	94	126	1.060715
0	94	189	0.628851
0	94	18	0.047986
0	94	205	-1.435619
0	94	196	-2.014127
0	94	203	-2.314288
0	94	217	-2.422990
0	94	202	-2.430524
0	94	197	-2.469134
0	94	195	-2.932641
0	94	191	-3.037569
0	94	109	-3.052677
0	94	204	-3.386011
0	94	187	-3.440533
0	94	16	-3.757536
0	94	209	-3.994784
0	94	13	-4.318830
0	94	208	-4.363850
0	94	17	-4.842399
0	95	199	5.097117
0	95	193	4.978128
0	95	116	4.843127
0	95	188	4.762185
0	95	14	4.662538
0	95	15	4.171787
0	95	194	3.974487
0	95	201	3.905597
0	95	198	3.444088
0	95	190	3.340286
0	95	207	3.136385
0	95	51	3.035789
0	95	99	2.981037
0	95	200	2.847370
0	95	63	2.424752
0	95	8	1.815274
0	95	192	1.806970
0	95	18	1.622073
0	95	126	0.546162
0	95	206	0.299048
0	95	217	0.216019
0	95	210	-0.254849
0	95	212	-0.514297
0	95	122	-0.578626
0	95	113	-0.828439
0	95	189	-1.476491
0	95	3	-1.758653
0	95	202	-2.439068
0	95	196	-3.023139
0	95	205	-3.029802
0	95	195	-3.118078
0	95	204	-3.406362
0	95	203	-3.579058
0	95	187	-3.646639
0	95	191	-3.658118
0	95	197	-3.820039
0	95	109	-3.869438
0	95	13	-4.056385
0	95	17	-4.061650
0	95	209	-4.198479
0	95	16	-4.374480
0	95	208	-4.390578
0	96	193	5.508757
0	96	116	5.071964
0	96	188	4.933702
0	96	190	4.913696
0	96	15	4.898438
0	96	14	4.826561
0	96	8	4.756906
0	96	199	4.643384
0	96	201	4.636970
0	96	207	4.462386
0	96	200	4.388468
0	96	63	4.187237
0	96	99	4.066413
0	96	210	3.766950
0	96	51	3.683241
0	96	194	3.643840
0	96	122	3.413023
0	96	206	2.475520
0	96	192	2.412136
0	96	18	2.241791
0	96	198	1.380941
0	96	189	0.986782
0	96	3	0.790575
0	96	126	0.627770
0	96	205	-0.391650
0	96	113	-1.088077
0	96	212	-1.115349
0	96	197	-1.462011
0	96	203	-1.513529
0	96	196	-1.866617
0	96	195	-1.926441
0	96	187	-2.330185
0	96	202	-2.475339
0	96	217	-2.683328
0	96	109	-3.060617
0	96	191	-3.503118
0	96	208	-3.712521
0	96	204	-3.783913
0	96	209	-3.945667
0	96	13	-4.032826
0	96	16	-4.516273
0	96	17	-4.930172
0	99	193	5.471750
0	99	188	5.430575
0	99	199	5.228663
0	99	211	5.227462
0	99	14	5.109953
0	99	190	5.106043
0	99	116	4.927082
0	99	194	4.905160
0	99	15	4.847408
0	99	200	4.739415
0	99	198	4.705413
0	99	201	4.606071
0	99	63	4.361459
0	99	99	4.191082
0	99	210	4.153906
0	99	3	4.126142
0	99	18	4.085623
0	99	207	3.973196
0	99	8	3.895521
0	99	206	3.818510
0	99	51	3.648388
0	99	192	3.280332
0	99	212	2.734969
0	99	217	2.708890
0	99	113	2.699475
0	99	126	2.601203
0	99	122	2.418049
0	99	189	1.574200
0	99	203	0.664354
0	99	196	0.186562
0	99	205	0.037415
0	99	197	-0.430698
0	99	202	-0.604778
0	99	204	-0.664966
0	99	195	-1.973890
0	99	16	-2.174831
0	99	191	-2.359096
0	99	109	-2.380579
0	99	13	-2.380597
0	99	209	-3.708421
0	100	15	4.379083
0	100	193	4.328861
0	100	116	4.196471
0	100	188	4.185451
0	100	211	3.989110
0	100	190	3.739721
0	100	99	3.699274
0	100	201	3.692276
0	100	14	3.596894
0	100	199	3.369580
0	100	51	3.347663
0	100	63	3.286042
0	100	207	3.187672
0	100	8	3.130820
0	100	194	3.090533
0	100	200	2.621850
0	100	210	2.363769
0	100	126	2.261765
0	100	206	1.456080
0	100	212	1.002132
0	100	18	0.814295
0	100	192	0.753647
0	100	3	0.206863
0	100	122	0.027225
0	100	113	-0.598273
0	100	189	-0.957958
0	100	198	-1.097254
0	100	197	-2.733335
0	100	205	-2.751543
0	100	195	-2.760121
0	100	203	-3.205464
0	100	196	-3.527106
0	100	217	-3.631287
0	100	109	-3.938981
0	100	204	-4.113647
0	100	209	-4.179874
0	100	16	-4.195163
0	100	202	-4.271448
0	100	191	-4.525570
0	100	13	-4.699134
0	123	228	4.982788
0	123	221	4.813661
0	123	14	4.554844
0	123	201	4.531925
0	123	232	4.482584
0	123	8	4.410021
0	123	190	4.225327
0	123	244	4.141660
0	123	207	4.058030
0	123	116	4.048586
0	123	235	4.015871
0	123	188	4.009919
0	123	199	4.002928
0	123	223	3.999563
0	123	238	3.875420
0	123	224	3.714265
0	123	231	3.698400
0	123	243	3.555543
0	123	51	3.491143
0	123	233	3.222668
0	123	99	3.177365
0	123	3	3.019010
0	123	210	2.948416
0	123	230	2.823305
0	123	234	2.807379
0	123	18	2.783132
0	123	227	2.753739
0	123	225	2.584296
0	123	240	2.379297
0	123	236	2.047690
0	123	229	1.966684
0	123	96	1.360025
0	123	122	1.186568
0	123	239	0.659953
0	123	241	0.271923
0	123	237	0.271402
0	123	246	0.204980
0	123	198	0.019456
0	123	245	-0.305237
0	123	222	-0.387016
0	123	11	-0.463943
0	123	197	-0.568138
0	123	242	-0.772662
0	123	226	-1.115101
0	123	196	-1.576312
0	123	217	-2.415131
0	123	187	-2.932281
0	123	208	-3.070035
0	123	16	-3.209555
0	123	247	-3.359276
0	123	191	-4.346871
0	124	228	4.327341
0	124	188	4.258268
0	124	201	4.250686
0	124	14	4.158475
0	124	8	4.139415
0	124	224	3.786621
0	124	190	3.741697
0	124	232	3.732089
0	124	221	3.595651
0	124	51	3.588603
0	124	207	3.460835
0	124	238	3.457098
0	124	99	3.227968
0	124	199	3.223201
0	124	235	3.200206
0	124	244	3.038692
0	124	233	3.030442
0	124	229	2.846298
0	124	210	2.648824
0	124	18	2.372878
0	124	243	2.264084
0	124	116	2.263632
0	124	240	2.183570
0	124	230	2.071068
0	124	223	1.868060
0	124	227	1.859828
0	124	231	1.435343
0	124	236	1.055592
0	124	3	0.876153
0	124	225	0.605443
0	124	246	0.390430
0	124	198	0.281082
0	124	122	0.103936
0	124	234	-0.106349
0	124	11	-0.484395
0	124	239	-1.550819
0	124	96	-1.605761
0	124	245	-1.842770
0	124	241	-1.881929
0	124	242	-2.168808
0	124	222	-2.515819
0	124	226	-2.662683
0	124	217	-3.128335
0	124	237	-3.135876
0	124	187	-3.272702
0	124	196	-3.273664
0	124	197	-3.489076
0	124	208	-3.775803
0	124	191	-4.080798
0	124	16	-4.337609
0	124	247	-4.339775
0	125	199	4.316462
0	125	228	4.144316
0	125	14	3.933594
0	125	188	3.685108
0	125	116	3.642525
0	125	238	3.484183
0	125	201	3.476090
0	125	232	3.118581
0	125	221	3.030897
0	125	207	2.886917
0	125	244	2.584468
0	125	198	2.432923
0	125	190	2.273911
0	125	51	2.026722
0	125	8	1.922927
0	125	224	1.788294
0	125	18	0.805745
0	125	229	0.741138
0	125	243	0.413271
0	125	99	-0.276709
0	125	235	-0.307199
0	125	230	-0.456065
0	125	223	-0.491819
0	125	233	-0.644074
0	125	217	-0.704970
0	125	240	-0.720312
0	125	3	-0.727054
0	125	227	-0.758542
0	125	210	-1.126960
0	125	231	-1.477262
0	125	122	-1.478755
0	125	225	-2.135287
0	125	245	-2.136661
0	125	246	-2.253774
0	125	241	-2.318605
0	125	226	-2.475339
0	125	96	-2.704555
0	125	11	-2.836882
0	125	236	-2.900537
0	125	239	-2.971369
0	125	222	-2.997896
0	125	237	-3.012718
0	125	242	-3.112861
0	125	234	-3.156158
0	125	196	-3.372353
0	125	187	-3.797924
0	125	247	-3.990830
0	125	197	-4.118327
0	125	16	-4.392511
0	125	191	-4.399577
0	125	208	-4.626745
0	126	188	4.956442
0	126	14	4.850071
0	126	116	4.472881
0	126	244	4.399902
0	126	199	4.348451
0	126	201	4.308259
0	126	232	4.059698
0	126	228	3.940479
0	126	99	3.935924
0	126	221	3.798245
0	126	238	3.640131
0	126	224	3.410362
0	126	51	3.371232
0	126	229	3.191775
0	126	207	3.156185
0	126	190	2.990212
0	126	233	2.843369
0	126	198	2.065729
0	126	223	1.826758
0	126	8	1.664054
0	126	235	1.163407
0	126	18	1.021498
0	126	243	1.007070
0	126	210	0.809608
0	126	236	0.806710
0	126	230	0.645074
0	126	122	0.358608
0	126	240	0.357085
0	126	227	0.305146
0	126	231	-0.108073
0	126	222	-0.252071
0	126	11	-0.297153
0	126	225	-0.482788
0	126	246	-0.604943
0	126	245	-0.727226
0	126	96	-0.948267
0	126	197	-1.391860
0	126	226	-1.713468
0	126	217	-1.716419
0	126	3	-1.847591
0	126	234	-1.850762
0	126	239	-1.914108
0	126	242	-1.957394
0	126	241	-2.136434
0	126	191	-2.141568
0	126	196	-2.151647
0	126	237	-3.033063
0	126	187	-3.084199
0	126	208	-3.482858
0	126	247	-3.681124
0	126	16	-4.301514
0	127	188	5.403627
0	127	228	5.316162
0	127	201	5.097558
0	127	244	4.720672
0	127	14	4.645545
0	127	199	4.449159
0	127	232	4.380116
0	127	224	4.278694
0	127	238	4.192124
0	127	190	4.187245
0	127	229	4.055367
0	127	233	3.982844
0	127	235	3.886433
0	127	207	3.861784
0	127	116	3.855881
0	127	230	3.797380
0	127	221	3.565769
0	127	51	3.417794
0	127	18	3.394882
0	127	227	3.306475
0	127	99	2.943788
0	127	240	2.867593
0	127	8	2.755842
0	127	210	2.716749
0	127	225	2.343747
0	127	222	2.305287
0	127	231	2.292899
0	127	243	2.066393
0	127	198	1.893990
0	127	242	1.768815
0	127	122	1.763571
0	127	223	1.730301
0	127	197	1.371119
0	127	245	1.297217
0	127	236	1.264326
0	127	234	1.218888
0	127	11	0.883167
0	127	96	0.403247
0	127	226	-0.312958
0	127	217	-0.376135
0	127	241	-0.418356
0	127	3	-0.483684
0	127	246	-0.829260
0	127	239	-1.556095
0	127	208	-1.905203
0	127	196	-2.064411
0	127	187	-2.087052
0	127	237	-2.121385
0	127	191	-2.603788
0	127	16	-3.397131
0	127	247	-3.415196
0	144	251	5.114581
0	144	257	4.595225
0	144	14	4.420792
0	144	201	4.371089
0	144	248	4.295096
0	144	199	4.199367
0	144	258	4.136454
0	144	200	3.819567
0	144	252	3.436056
0	144	8	3.428669
0	144	249	2.949406
0	144	18	2.734839
0	144	253	2.589910
0	144	254	2.133148
0	144	3	2.085104
0	144	63	1.170929
0	144	113	-0.720986
0	144	11	-1.231912
0	144	256	-2.843391
0	144	250	-3.000316
0	144	110	-3.327296
0	144	191	-3.407632
0	144	187	-3.414849
0	144	255	-3.848008
0	144	208	-4.170574
0	144	13	-4.297021
0	144	109	-4.420858
0	144	16	-4.720856
0	144	17	-5.113864
0	145	8	4.620789
0	145	199	4.175994
0	145	201	4.025711
0	145	251	3.934947
0	145	252	3.916391
0	145	14	3.442476
0	145	253	3.197658
0	145	200	3.169654
0	145	257	3.146445
0	145	248	3.102915
0	145	258	3.074708
0	145	63	1.997556
0	145	254	1.331826
0	145	3	0.666394
0	145	249	0.601118
0	145	18	-0.251279
0	145	11	-2.061460
0	145	113	-2.777648
0	145	250	-3.309361
0	145	187	-3.426338
0	145	110	-3.433002
0	145	191	-3.918420
0	145	109	-4.031688
0	145	255	-4.398417
0	145	256	-4.456989
0	145	208	-4.622791
0	145	16	-5.012700
0	145	13	-5.198105
0	145	17	-5.338618
0	146	199	5.560663
0	146	14	5.504336
0	146	201	5.356063
0	146	257	5.266281
0	146	251	5.249195
0	146	8	5.078444
0	146	18	4.944118
0	146	200	4.885735
0	146	258	4.689311
0	146	248	4.491208
0	146	249	4.267811
0	146	63	4.260676
0	146	252	3.639132
0	146	253	3.557257
0	146	3	3.413006
0	146	254	3.282969
0	146	11	2.618621
0	146	113	1.430568
0	146	250	-0.695912
0	146	110	-1.320157
0	146	255	-1.447792
0	146	13	-1.447985
0	146	187	-1.742478
0	146	109	-2.342156
0	146	256	-2.563714
0	146	191	-2.809500
0	146	208	-3.530854
0	146	16	-4.236862
0	146	17	-4.763278
0	147	257	5.914811
0	147	248	5.867710
0	147	14	4.765599
0	147	258	4.459043
0	147	199	4.431962
0	147	8	4.358795
0	147	253	4.286183
0	147	251	4.012341
0	147	201	3.990349
0	147	252	3.978218
0	147	63	3.718075
0	147	249	3.704136
0	147	200	3.306783
0	147	18	2.877777
0	147	254	2.670295
0	147	11	1.843807
0	147	3	-0.204872
0	147	113	-0.428825
0	147	250	-2.281192
0	147	255	-2.563224
0	147	110	-2.664860
0	147	187	-2.869322
0	147	191	-3.595359
0	147	256	-3.617710
0	147	109	-3.622473
0	147	13	-3.911607
0	147	208	-3.970524
0	147	16	-4.686772
0	147	17	-5.054868
0	148	248	5.125802
0	148	257	5.010106
0	148	199	4.941792
0	148	201	4.611150
0	148	14	4.270405
0	148	251	4.162092
0	148	8	4.147664
0	148	200	4.106600
0	148	258	4.022753
0	148	63	3.863524
0	148	253	3.639811
0	148	249	3.489498
0	148	252	3.337061
0	148	254	1.626154
0	148	3	1.034203
0	148	18	0.386909
0	148	11	-0.962209
0	148	113	-1.353516
0	148	250	-2.185307
0	148	110	-2.644262
0	148	255	-3.637225
0	148	187	-3.752789
0	148	109	-4.032361
0	148	13	-4.216289
0	148	191	-4.233769
0	148	256	-4.317789
0	148	16	-4.420308
0	148	208	-4.525517
0	148	17	-5.185683
0	150	257	4.971467
0	150	251	4.886388
0	150	200	4.595152
0	150	201	4.444764
0	150	8	4.356479
0	150	199	3.878974
0	150	14	3.800632
0	150	248	3.462156
0	150	258	3.267101
0	150	252	3.175843
0	150	253	2.721498
0	150	249	2.488980
0	150	63	1.936857
0	150	18	1.403573
0	150	254	1.230770
0	150	3	-0.366442
0	150	250	-2.042108
0	150	11	-2.243487
0	150	113	-3.491245
0	150	110	-3.621443
0	150	187	-3.801926
0	150	255	-4.171848
0	150	191	-4.542001
0	150	109	-4.567502
0	150	208	-4.672189
0	150	256	-4.821342
0	150	16	-4.833331
0	150	13	-4.908972
0	150	17	-5.227101
0	177	263	6.085354
0	177	183	5.970263
0	177	264	5.805725
0	177	267	5.429744
0	177	116	5.396565
0	177	30	5.326850
0	177	244	5.250933
0	177	8	4.901836
0	177	268	4.856470
0	177	14	4.696598
0	177	61	4.688632
0	177	265	4.635389
0	177	266	4.220647
0	177	270	3.635545
0	177	51	3.605565
0	177	63	3.235393
0	177	18	3.014567
0	177	271	2.712981
0	177	231	2.660825
0	177	115	2.635474
0	177	269	2.530654
0	177	112	2.298616
0	177	119	2.235353
0	177	58	2.049052
0	177	11	1.918889
0	177	113	1.212159
0	177	3	0.293806
0	177	280	-0.688929
0	177	255	-2.450270
0	177	278	-2.538896
0	177	272	-3.128658
0	177	109	-3.225348
0	177	13	-3.795160
0	177	277	-4.072695
0	177	16	-4.512211
0	177	17	-4.807524
0	178	183	5.091765
0	178	263	4.698418
0	178	264	4.645548
0	178	267	4.363989
0	178	30	4.315946
0	178	244	4.086939
0	178	265	3.985605
0	178	116	3.946388
0	178	8	3.917373
0	178	14	3.779724
0	178	61	3.665433
0	178	266	3.230359
0	178	268	3.216784
0	178	63	3.167766
0	178	51	2.907551
0	178	18	2.675841
0	178	270	2.341474
0	178	271	0.793243
0	178	231	0.672028
0	178	3	0.491866
0	178	11	0.275946
0	178	58	0.223050
0	178	112	-0.295262
0	178	269	-0.531712
0	178	115	-0.698611
0	178	113	-1.117417
0	178	278	-1.466373
0	178	119	-1.563014
0	178	280	-2.529949
0	178	272	-2.616135
0	178	255	-2.640861
0	178	109	-3.421968
0	178	13	-4.147625
0	178	16	-4.719282
0	178	277	-4.833960
0	178	17	-4.866995
0	179	263	6.056925
0	179	183	4.911637
0	179	265	4.550855
0	179	30	4.488005
0	179	267	4.422634
0	179	264	4.396429
0	179	61	3.909602
0	179	244	3.870526
0	179	63	3.791959
0	179	266	3.777997
0	179	268	3.708451
0	179	8	3.704620
0	179	51	3.558929
0	179	116	3.297417
0	179	14	3.151514
0	179	271	2.803825
0	179	270	2.771653
0	179	11	2.250986
0	179	115	1.975330
0	179	269	1.974209
0	179	58	1.713463
0	179	119	1.668484
0	179	231	1.530061
0	179	18	1.505606
0	179	3	0.556786
0	179	112	0.482704
0	179	113	-0.833836
0	179	272	-1.082945
0	179	280	-1.655145
0	179	255	-2.116217
0	179	109	-2.371538
0	179	278	-3.292775
0	179	13	-3.495407
0	179	16	-4.061207
0	179	277	-4.249475
0	179	17	-4.546736
0	180	263	6.337856
0	180	183	5.755092
0	180	244	5.532393
0	180	264	5.084701
0	180	8	4.555034
0	180	267	4.456002
0	180	116	4.335366
0	180	30	3.996803
0	180	265	3.254493
0	180	51	3.204827
0	180	14	2.949843
0	180	270	2.901149
0	180	266	2.754948
0	180	231	2.737779
0	180	11	2.699124
0	180	268	2.204544
0	180	61	2.143067
0	180	63	1.932467
0	180	18	1.654183
0	180	115	0.121263
0	180	269	0.116975
0	180	112	-0.373741
0	180	3	-0.542123
0	180	271	-0.682760
0	180	119	-1.193995
0	180	58	-1.506543
0	180	272	-2.056940
0	180	113	-2.513267
0	180	280	-2.735390
0	180	255	-3.549482
0	180	109	-3.899318
0	180	278	-4.043761
0	180	277	-4.336149
0	180	13	-4.519336
0	180	17	-5.110476
0	180	16	-5.134314
0	181	183	5.383576
0	181	263	5.193653
0	181	264	5.038923
0	181	30	4.886604
0	181	116	4.839233
0	181	267	4.714613
0	181	244	4.693462
0	181	265	4.458145
0	181	61	3.714962
0	181	8	3.695873
0	181	14	3.675207
0	181	266	3.491961
0	181	51	3.434879
0	181	268	3.401138
0	181	63	2.828782
0	181	270	2.735442
0	181	271	0.999836
0	181	18	0.813820
0	181	3	0.777423
0	181	231	0.691067
0	181	58	0.542881
0	181	269	0.020197
0	181	119	-0.320916
0	181	112	-0.363979
0	181	11	-0.590594
0	181	113	-0.623222
0	181	115	-1.019318
0	181	280	-2.320128
0	181	255	-3.452839
0	181	109	-3.587731
0	181	272	-3.759411
0	181	278	-3.889080
0	181	13	-4.529938
0	181	277	-4.670088
0	181	16	-4.764411
0	181	17	-4.859911
0	182	183	5.513847
0	182	267	4.836681
0	182	263	4.606262
0	182	264	4.221383
0	182	30	4.201666
0	182	63	4.034738
0	182	8	4.025405
0	182	244	3.848972
0	182	116	3.786710
0	182	61	3.720362
0	182	14	3.656439
0	182	51	3.396187
0	182	270	3.300337
0	182	265	3.288503
0	182	268	3.194959
0	182	112	2.397986
0	182	266	1.801735
0	182	58	1.690515
0	182	18	1.307026
0	182	231	0.768078
0	182	3	0.438882
0	182	271	-0.425240
0	182	269	-0.932859
0	182	115	-1.187685
0	182	11	-1.450226
0	182	280	-2.584036
0	182	113	-2.658581
0	182	119	-2.732935
0	182	109	-3.163797
0	182	272	-3.391192
0	182	255	-3.487883
0	182	278	-4.009236
0	182	13	-4.149521
0	182	16	-4.499410
0	182	277	-4.942216
0	182	17	-5.091112
0	183	263	5.977985
0	183	183	5.774358
0	183	267	5.308211
0	183	244	5.278161
0	183	116	5.055169
0	183	264	4.852451
0	183	14	4.837968
0	183	291	4.637688
0	183	275	4.587339
0	183	282	4.507720
0	183	287	4.475891
0	183	274	4.443834
0	183	286	4.412499
0	183	279	4.172711
0	183	288	4.036476
0	183	276	4.013637
0	183	268	3.850669
0	183	283	3.848803
0	183	30	3.842641
0	183	290	3.794633
0	183	273	3.774747
0	183	61	3.659949
0	183	63	3.596204
0	183	51	3.235483
0	183	112	3.218287
0	183	294	3.120621
0	183	18	2.926365
0	183	113	2.826065
0	183	231	2.491805
0	183	58	2.404418
0	183	270	2.275906
0	183	289	2.013621
0	183	293	1.582361
0	183	271	1.516167
0	183	3	1.301982
0	183	285	1.085644
0	183	115	-0.068668
0	183	284	-0.093375
0	183	281	-0.671008
0	183	292	-0.857705
0	183	119	-1.217026
0	183	295	-2.101470
0	183	280	-2.631944
0	183	278	-3.799917
0	183	272	-4.065064
0	184	263	6.402315
0	184	244	5.643095
0	184	183	5.387832
0	184	264	5.296894
0	184	267	4.995225
0	184	116	4.782436
0	184	30	4.662675
0	184	14	4.362005
0	184	265	4.214166
0	184	266	4.213044
0	184	231	4.114956
0	184	8	3.810078
0	184	268	3.757109
0	184	61	3.589688
0	184	63	3.411739
0	184	51	3.387977
0	184	11	3.131401
0	184	112	3.123271
0	184	115	2.852727
0	184	270	2.717743
0	184	271	2.492680
0	184	18	2.135209
0	184	269	1.183281
0	184	3	1.154141
0	184	58	0.250628
0	184	119	-0.007653
0	184	255	-0.702334
0	184	113	-1.563345
0	184	280	-1.617347
0	184	13	-3.161100
0	184	272	-3.362929
0	184	109	-3.537241
0	184	277	-3.740111
0	184	278	-3.741559
0	184	16	-4.584953
0	184	17	-4.653702
0	185	30	5.482037
0	185	183	5.395226
0	185	263	5.383185
0	185	264	5.116788
0	185	244	5.094759
0	185	14	4.633321
0	185	265	4.524961
0	185	8	4.316572
0	185	267	4.293515
0	185	61	3.987061
0	185	266	3.986642
0	185	268	3.906696
0	185	116	3.607073
0	185	270	3.523509
0	185	51	3.380300
0	185	63	3.212656
0	185	231	3.152696
0	185	3	2.921502
0	185	18	2.710603
0	185	58	2.444178
0	185	115	1.915440
0	185	11	1.692170
0	185	271	0.785670
0	185	269	0.744511
0	185	119	0.439008
0	185	112	0.006739
0	185	113	-0.608502
0	185	280	-1.261181
0	185	272	-2.085083
0	185	255	-2.280267
0	185	109	-3.054056
0	185	278	-3.093691
0	185	13	-3.967937
0	185	277	-4.395853
0	185	17	-4.484937
0	185	16	-4.620354
0	186	263	5.747931
0	186	183	5.694119
0	186	264	5.575600
0	186	116	5.362681
0	186	244	5.208363
0	186	30	4.827844
0	186	8	4.628136
0	186	267	4.096834
0	186	14	3.997640
0	186	61	3.750425
0	186	63	3.517216
0	186	51	3.500700
0	186	265	3.138915
0	186	231	3.043266
0	186	270	2.786469
0	186	266	2.737047
0	186	268	2.405203
0	186	18	1.713098
0	186	115	0.905597
0	186	112	0.706249
0	186	11	0.652164
0	186	271	0.539547
0	186	119	0.337575
0	186	269	-0.021422
0	186	58	-0.808186
0	186	3	-1.310465
0	186	113	-1.615210
0	186	280	-2.240972
0	186	255	-2.485418
0	186	109	-3.687632
0	186	272	-3.799996
0	186	13	-3.959910
0	186	278	-4.093343
0	186	277	-4.148599
0	186	16	-4.726615
0	186	17	-4.759269
