0	1	1	18.957594
0	1	9	18.477985
0	1	2	16.246277
0	1	6	12.944458
0	1	19	12.908713
0	1	10	9.585538
0	1	11	8.433453
0	1	0	5.650713
0	1	3	3.626064
0	1	5	3.262304
0	1	14	1.273987
0	1	15	1.247153
0	1	4	0.910767
0	1	18	0.525487
0	1	7	-0.749145
0	1	8	-0.968653
0	1	12	-0.999116
0	1	13	-1.339555
0	1	16	-1.516737
0	1	17	-1.975508
0	2	5	22.804167
0	2	9	21.946774
0	2	2	21.073698
0	2	11	15.063091
0	2	3	12.302223
0	2	1	11.895402
0	2	10	8.929432
0	2	14	5.074376
0	2	4	3.818117
0	2	6	2.887636
0	2	18	1.219431
0	2	19	0.715820
0	2	15	0.548461
0	2	8	-0.646738
0	2	16	-1.153404
0	2	13	-1.568796
0	2	7	-1.804288
0	2	17	-1.848233
0	2	12	-1.892664
0	2	0	-1.985319
0	3	2	16.238777
0	3	9	16.206871
0	3	11	14.782577
0	3	1	14.305991
0	3	10	11.301255
0	3	5	8.769063
0	3	6	5.015922
0	3	4	4.458198
0	3	19	4.348409
0	3	3	3.867810
0	3	14	3.677724
0	3	15	1.188795
0	3	0	0.482092
0	3	17	0.456456
0	3	12	-0.299037
0	3	18	-0.475581
0	3	7	-0.811143
0	3	8	-0.893840
0	3	13	-1.362997
0	3	16	-1.371624
0	14	51	18.649538
0	14	61	14.154490
0	14	21	12.132728
0	14	52	12.087478
0	14	32	10.661345
0	14	22	9.848331
0	14	63	9.459968
0	14	58	8.069189
0	14	26	7.976784
0	14	54	7.729572
0	14	25	6.666394
0	14	56	4.983941
0	14	45	4.888741
0	14	30	4.867150
0	14	3	4.804420
0	14	31	4.149581
0	14	29	2.886797
0	14	27	2.667997
0	14	43	2.533329
0	14	57	2.193682
0	14	36	1.857239
0	14	66	1.397420
0	14	85	1.206009
0	14	40	1.171331
0	14	38	0.825391
0	14	37	0.398761
0	14	50	0.307778
0	14	46	0.191868
0	14	23	0.069181
0	14	28	0.068884
0	14	42	-0.000602
0	14	72	-0.071802
0	14	47	-0.242570
0	14	48	-0.247317
0	14	14	-0.248054
0	14	79	-0.663427
0	14	8	-0.770382
0	14	65	-0.828498
0	14	34	-0.949909
0	14	75	-1.015604
0	14	62	-1.022762
0	14	33	-1.050851
0	14	16	-1.179800
0	14	11	-1.188148
0	14	74	-1.215129
0	14	49	-1.259337
0	14	18	-1.362479
0	14	20	-1.375596
0	14	35	-1.381076
0	14	53	-1.391114
0	14	41	-1.406818
0	14	77	-1.448938
0	14	70	-1.474305
0	14	76	-1.490579
0	14	73	-1.538117
0	14	24	-1.585912
0	14	69	-1.674895
0	14	64	-1.734992
0	14	44	-1.762892
0	14	55	-1.769952
0	14	71	-1.778242
0	14	78	-1.848421
0	14	39	-1.960694
0	15	61	18.449032
0	15	51	11.938789
0	15	52	11.498553
0	15	58	10.001036
0	15	45	9.853320
0	15	32	9.613214
0	15	21	7.881286
0	15	63	7.319070
0	15	54	6.999859
0	15	22	6.957988
0	15	56	6.867597
0	15	25	6.079530
0	15	31	4.794601
0	15	26	4.676146
0	15	50	4.289394
0	15	3	4.016648
0	15	57	3.620498
0	15	30	3.487223
0	15	36	3.335306
0	15	37	2.898139
0	15	27	2.738680
0	15	23	1.492001
0	15	66	1.025223
0	15	29	0.931635
0	15	42	0.704042
0	15	62	0.513757
0	15	43	0.444480
0	15	48	0.332618
0	15	85	0.319789
0	15	40	0.192396
0	15	14	0.104585
0	15	72	0.084045
0	15	53	-0.256462
0	15	16	-0.403090
0	15	28	-0.421830
0	15	46	-0.462564
0	15	38	-0.514355
0	15	34	-0.518159
0	15	74	-0.588087
0	15	49	-0.808493
0	15	75	-0.905136
0	15	8	-0.907357
0	15	47	-0.931185
0	15	79	-1.114811
0	15	11	-1.186633
0	15	35	-1.200196
0	15	33	-1.266017
0	15	41	-1.330542
0	15	20	-1.331499
0	15	18	-1.384547
0	15	77	-1.564562
0	15	65	-1.627522
0	15	73	-1.650466
0	15	69	-1.655957
0	15	76	-1.664506
0	15	70	-1.744813
0	15	24	-1.752566
0	15	64	-1.802331
0	15	71	-1.823417
0	15	44	-1.899449
0	15	78	-1.941433
0	15	55	-2.007409
0	15	39	-2.218097
0	16	61	25.067350
0	16	25	24.159178
0	16	54	18.229139
0	16	22	17.767908
0	16	21	15.554210
0	16	51	15.374691
0	16	30	12.240278
0	16	58	11.255762
0	16	32	10.730735
0	16	26	10.449390
0	16	52	10.444647
0	16	63	10.152606
0	16	56	10.003020
0	16	45	6.463669
0	16	3	3.695802
0	16	31	3.068361
0	16	29	2.847609
0	16	62	1.894086
0	16	57	1.518785
0	16	48	1.298402
0	16	43	1.160254
0	16	27	0.920514
0	16	36	0.907552
0	16	23	0.816986
0	16	53	0.643823
0	16	50	0.489841
0	16	28	-0.057950
0	16	42	-0.103244
0	16	85	-0.430386
0	16	66	-0.490241
0	16	40	-0.496235
0	16	35	-0.569186
0	16	8	-0.783171
0	16	47	-0.799394
0	16	37	-0.921690
0	16	38	-0.984144
0	16	16	-1.112195
0	16	79	-1.115088
0	16	11	-1.159561
0	16	46	-1.201766
0	16	72	-1.202371
0	16	49	-1.203186
0	16	34	-1.261770
0	16	20	-1.283678
0	16	41	-1.328897
0	16	33	-1.370565
0	16	18	-1.419562
0	16	76	-1.451632
0	16	77	-1.458483
0	16	70	-1.506564
0	16	73	-1.518764
0	16	14	-1.533709
0	16	65	-1.567158
0	16	69	-1.611648
0	16	75	-1.644592
0	16	64	-1.645950
0	16	24	-1.680264
0	16	55	-1.714374
0	16	71	-1.717458
0	16	44	-1.725642
0	16	74	-1.740791
0	16	78	-1.763371
0	16	39	-1.947797
0	19	51	17.183138
0	19	61	14.315661
0	19	21	12.281721
0	19	63	11.694279
0	19	52	11.315101
0	19	45	10.354619
0	19	25	9.996751
0	19	32	9.604464
0	19	56	9.200057
0	19	58	9.185380
0	19	54	9.071259
0	19	26	5.600260
0	19	22	5.465432
0	19	3	4.931464
0	19	31	4.713162
0	19	30	4.119251
0	19	29	3.850979
0	19	42	3.371181
0	19	36	2.992067
0	19	27	2.988529
0	19	43	2.033668
0	19	66	1.830211
0	19	40	1.554173
0	19	57	1.206190
0	19	85	0.932566
0	19	46	0.607731
0	19	23	0.310310
0	19	38	0.216808
0	19	50	-0.043426
0	19	72	-0.067223
0	19	47	-0.117450
0	19	62	-0.165908
0	19	37	-0.191547
0	19	14	-0.414191
0	19	48	-0.701193
0	19	20	-0.709911
0	19	8	-0.780190
0	19	33	-0.796629
0	19	65	-0.812635
0	19	28	-0.819464
0	19	18	-0.852857
0	19	34	-1.040605
0	19	11	-1.138682
0	19	79	-1.186931
0	19	75	-1.277428
0	19	16	-1.291738
0	19	53	-1.329226
0	19	41	-1.345975
0	19	77	-1.346533
0	19	76	-1.495781
0	19	69	-1.528073
0	19	73	-1.555918
0	19	35	-1.565692
0	19	24	-1.578342
0	19	64	-1.579592
0	19	70	-1.618286
0	19	49	-1.642649
0	19	74	-1.677838
0	19	44	-1.725961
0	19	71	-1.754885
0	19	55	-1.805622
0	19	78	-1.809579
0	19	39	-2.158872
0	22	61	16.569265
0	22	21	9.531711
0	22	51	9.326365
0	22	25	7.237822
0	22	22	5.897623
0	22	52	5.660357
0	22	32	5.162812
0	22	63	4.863226
0	22	3	4.843680
0	22	56	4.579169
0	22	54	3.806583
0	22	30	3.275555
0	22	42	2.994864
0	22	26	2.850484
0	22	23	2.532271
0	22	58	2.076637
0	22	45	1.815507
0	22	50	1.604932
0	22	34	1.498411
0	22	31	1.419802
0	22	36	1.355949
0	22	29	1.224333
0	22	43	1.077043
0	22	37	0.725069
0	22	66	0.613525
0	22	53	0.495579
0	22	46	0.383158
0	22	20	-0.068106
0	22	27	-0.159961
0	22	62	-0.580750
0	22	57	-0.654418
0	22	8	-0.682300
0	22	28	-0.713580
0	22	16	-0.804114
0	22	79	-0.816641
0	22	47	-0.823593
0	22	40	-0.993759
0	22	38	-1.042258
0	22	11	-1.045847
0	22	41	-1.155252
0	22	48	-1.174582
0	22	85	-1.199302
0	22	49	-1.212379
0	22	72	-1.233781
0	22	18	-1.303705
0	22	14	-1.317034
0	22	65	-1.406606
0	22	77	-1.447733
0	22	33	-1.488370
0	22	73	-1.513495
0	22	55	-1.563188
0	22	74	-1.574111
0	22	76	-1.608192
0	22	75	-1.626416
0	22	35	-1.683730
0	22	70	-1.708929
0	22	39	-1.729002
0	22	24	-1.781310
0	22	64	-1.782915
0	22	44	-1.797284
0	22	69	-1.826496
0	22	71	-1.856688
0	22	78	-1.912918
0	43	61	33.153408
0	43	86	23.532562
0	43	95	20.059418
0	43	89	18.665751
0	43	99	18.624592
0	43	58	17.191189
0	43	94	17.014488
0	43	3	12.644303
0	43	26	7.493605
0	43	52	6.616158
0	43	63	6.308948
0	43	96	3.596320
0	43	90	3.133634
0	43	15	3.112292
0	43	107	2.770274
0	43	14	1.894639
0	43	105	1.012826
0	43	97	0.938579
0	43	91	0.439619
0	43	85	0.362591
0	43	18	0.228329
0	43	17	0.006425
0	43	88	-0.077363
0	43	92	-0.223156
0	43	103	-0.342310
0	43	98	-0.558185
0	43	8	-0.714515
0	43	93	-0.799714
0	43	106	-0.822096
0	43	108	-1.059779
0	43	11	-1.241621
0	43	100	-1.386232
0	43	87	-1.411363
0	43	110	-1.787467
0	43	13	-1.910299
0	43	69	-1.934679
0	43	109	-2.000313
0	44	52	13.682538
0	44	63	11.318243
0	44	61	11.273446
0	44	89	6.950640
0	44	95	4.528129
0	44	58	4.023269
0	44	93	3.583491
0	44	15	3.408540
0	44	90	3.326703
0	44	3	3.176108
0	44	99	3.141958
0	44	96	2.412860
0	44	86	2.372052
0	44	97	2.219741
0	44	94	1.496449
0	44	26	0.906915
0	44	107	0.670000
0	44	105	-0.089284
0	44	85	-0.555313
0	44	14	-0.613559
0	44	98	-0.625807
0	44	106	-0.661722
0	44	88	-0.871865
0	44	91	-0.873452
0	44	8	-0.942935
0	44	11	-1.286370
0	44	100	-1.329863
0	44	18	-1.418460
0	44	103	-1.419584
0	44	13	-1.629872
0	44	92	-1.630188
0	44	110	-1.657454
0	44	17	-1.672752
0	44	109	-1.676921
0	44	69	-1.793093
0	44	87	-1.832550
0	44	108	-1.849477
0	54	3	5.994362
0	54	14	0.844669
0	54	16	-0.173318
0	54	8	-0.699082
0	54	11	-1.165733
0	54	18	-1.295425
0	54	111	-1.375155
0	54	13	-1.767128
0	54	17	-1.844794
0	54	7	-1.885351
0	57	3	11.890170
0	57	18	5.192082
0	57	14	0.632780
0	57	8	-0.729051
0	57	11	-1.093323
0	57	13	-1.155723
0	57	16	-1.281872
0	57	111	-1.599833
0	57	17	-1.823272
0	57	7	-2.032336
0	58	3	3.667708
0	58	18	0.013239
0	58	8	-0.805547
0	58	16	-1.260202
0	58	111	-1.323996
0	58	11	-1.419769
0	58	14	-1.547009
0	58	13	-1.734638
0	58	17	-1.933331
0	58	7	-1.986653
0	73	160	12.550939
0	73	155	12.335204
0	73	158	11.655254
0	73	157	8.958765
0	73	150	8.603883
0	73	154	7.640232
0	73	11	7.414847
0	73	132	6.935574
0	73	159	6.749938
0	73	151	6.594415
0	73	170	6.321769
0	73	152	6.197866
0	73	168	5.519938
0	73	137	5.497365
0	73	163	3.607131
0	73	161	3.575217
0	73	153	3.166157
0	73	148	2.695474
0	73	3	1.844770
0	73	156	1.796745
0	73	162	1.059163
0	73	14	1.017682
0	73	169	0.700550
0	73	149	0.059698
0	73	18	-0.005380
0	73	145	-0.214382
0	73	8	-0.468106
0	73	146	-0.581378
0	73	13	-1.296505
0	73	16	-1.345053
0	73	147	-1.420511
0	73	17	-1.771638
0	74	160	26.624647
0	74	155	23.264776
0	74	158	18.987740
0	74	132	18.314180
0	74	150	16.569561
0	74	154	15.897323
0	74	163	14.994464
0	74	3	14.463638
0	74	170	14.459027
0	74	157	14.292863
0	74	151	14.212784
0	74	137	13.800906
0	74	11	11.828736
0	74	152	10.455642
0	74	168	7.369799
0	74	161	7.322477
0	74	148	7.086160
0	74	159	5.318773
0	74	153	4.670720
0	74	14	4.538526
0	74	169	4.278871
0	74	145	2.384900
0	74	18	0.278742
0	74	146	-0.136898
0	74	156	-0.488925
0	74	8	-0.635464
0	74	149	-0.803902
0	74	162	-0.894921
0	74	16	-1.030469
0	74	147	-1.078770
0	74	13	-1.448039
0	74	17	-1.504794
0	75	3	19.409994
0	75	164	14.434826
0	75	146	4.412971
0	75	160	4.039924
0	75	137	1.849922
0	75	18	1.508872
0	75	14	1.484657
0	75	145	1.378274
0	75	132	1.297754
0	75	167	1.191029
0	75	11	1.012827
0	75	165	0.710395
0	75	171	0.420676
0	75	147	0.285950
0	75	128	0.052121
0	75	166	-0.313313
0	75	8	-0.412345
0	75	16	-0.840171
0	75	13	-1.015843
0	75	17	-1.447140
0	77	160	23.585827
0	77	164	22.691109
0	77	145	15.172357
0	77	132	12.981227
0	77	137	12.613558
0	77	3	11.204185
0	77	11	10.515595
0	77	171	9.427743
0	77	14	8.617904
0	77	147	7.837542
0	77	166	6.621181
0	77	165	5.961279
0	77	167	5.882277
0	77	128	2.713388
0	77	18	2.060673
0	77	146	2.010707
0	77	13	0.127644
0	77	8	-0.537864
0	77	17	-0.949342
0	77	16	-1.259392
0	94	51	29.015688
0	94	207	27.868000
0	94	200	27.130482
0	94	194	26.826574
0	94	3	23.096331
0	94	116	22.127363
0	94	190	22.105207
0	94	99	15.804922
0	94	192	15.078162
0	94	188	13.072664
0	94	113	12.465034
0	94	206	10.371165
0	94	193	9.016522
0	94	196	6.355908
0	94	205	6.317456
0	94	15	4.943067
0	94	63	3.939289
0	94	210	2.346333
0	94	14	1.784335
0	94	198	1.566896
0	94	199	1.466672
0	94	18	1.300818
0	94	126	1.276650
0	94	195	0.642161
0	94	209	0.291933
0	94	217	-0.048951
0	94	212	-0.074274
0	94	203	-0.223325
0	94	189	-0.704703
0	94	8	-0.816275
0	94	202	-1.258749
0	94	16	-1.344746
0	94	201	-1.399696
0	94	197	-1.408714
0	94	191	-1.519265
0	94	13	-1.605968
0	94	208	-1.777417
0	94	17	-1.804985
0	94	204	-1.819753
0	94	122	-1.846581
0	94	109	-1.904238
0	94	187	-1.940777
0	95	207	29.782574
0	95	192	14.857518
0	95	206	14.777452
0	95	190	14.187843
0	95	116	14.042367
0	95	194	13.646547
0	95	51	13.341984
0	95	198	10.539059
0	95	3	9.449853
0	95	200	9.444453
0	95	196	7.391998
0	95	63	6.937524
0	95	99	6.355642
0	95	217	5.252284
0	95	113	4.757215
0	95	203	3.704198
0	95	17	2.752414
0	95	15	2.385382
0	95	14	1.440646
0	95	188	1.399286
0	95	202	1.398087
0	95	109	1.270643
0	95	205	1.023015
0	95	208	0.975026
0	95	204	0.576419
0	95	199	0.446667
0	95	122	0.320571
0	95	187	0.179192
0	95	201	0.089368
0	95	18	0.078820
0	95	13	0.013290
0	95	193	-0.064187
0	95	210	-0.587143
0	95	191	-0.620173
0	95	197	-0.771729
0	95	8	-0.830074
0	95	16	-0.966865
0	95	189	-1.254812
0	95	212	-1.297638
0	95	209	-1.301873
0	95	195	-1.482270
0	95	126	-1.603565
0	96	51	32.457649
0	96	207	28.876017
0	96	116	27.954861
0	96	190	25.354309
0	96	194	23.320116
0	96	3	21.228167
0	96	200	20.984396
0	96	192	20.458445
0	96	188	17.334517
0	96	99	14.401931
0	96	113	13.832777
0	96	210	9.560861
0	96	206	9.393914
0	96	205	8.797473
0	96	193	7.763642
0	96	63	7.515188
0	96	15	6.911163
0	96	196	3.363514
0	96	199	2.523110
0	96	14	0.671327
0	96	198	0.495435
0	96	18	0.412029
0	96	195	0.401206
0	96	209	0.036760
0	96	212	-0.485589
0	96	8	-0.614658
0	96	203	-0.647895
0	96	189	-0.826134
0	96	197	-1.020734
0	96	217	-1.050295
0	96	201	-1.076966
0	96	126	-1.077328
0	96	191	-1.227762
0	96	16	-1.257269
0	96	204	-1.451128
0	96	122	-1.469028
0	96	17	-1.485575
0	96	208	-1.671950
0	96	202	-1.710819
0	96	13	-1.763036
0	96	109	-1.838464
0	96	187	-1.947066
0	99	51	13.948541
0	99	116	11.778582
0	99	211	11.060328
0	99	200	10.440449
0	99	206	8.772721
0	99	99	8.443910
0	99	190	8.404859
0	99	207	7.396730
0	99	194	5.278213
0	99	192	4.977755
0	99	3	4.642862
0	99	63	3.881761
0	99	193	3.843446
0	99	113	3.807965
0	99	196	3.181171
0	99	15	2.112218
0	99	188	1.259757
0	99	212	1.212048
0	99	205	0.302374
0	99	18	0.197761
0	99	8	-0.636521
0	99	198	-0.794972
0	99	16	-0.872429
0	99	189	-0.989543
0	99	195	-1.043846
0	99	126	-1.058339
0	99	209	-1.093994
0	99	199	-1.139486
0	99	210	-1.142209
0	99	14	-1.163301
0	99	191	-1.234431
0	99	197	-1.288188
0	99	201	-1.298335
0	99	203	-1.329371
0	99	202	-1.369577
0	99	217	-1.519620
0	99	13	-1.561149
0	99	109	-1.577765
0	99	122	-1.640362
0	99	204	-1.676753
0	100	51	11.139796
0	100	99	5.169200
0	100	190	4.682880
0	100	116	3.264173
0	100	200	3.033412
0	100	3	2.343279
0	100	188	2.059599
0	100	194	1.974369
0	100	207	1.264770
0	100	63	0.855892
0	100	211	0.608776
0	100	205	0.387767
0	100	206	0.190702
0	100	113	-0.035260
0	100	15	-0.370465
0	100	192	-0.602039
0	100	193	-0.656881
0	100	8	-0.785920
0	100	196	-1.186357
0	100	212	-1.196367
0	100	210	-1.239763
0	100	126	-1.285448
0	100	189	-1.294394
0	100	16	-1.311876
0	100	195	-1.324191
0	100	199	-1.326877
0	100	209	-1.388806
0	100	201	-1.397330
0	100	191	-1.408969
0	100	197	-1.457477
0	100	18	-1.532102
0	100	14	-1.556442
0	100	203	-1.572028
0	100	13	-1.592631
0	100	122	-1.669497
0	100	202	-1.681649
0	100	198	-1.700165
0	100	204	-1.742142
0	100	217	-1.824435
0	100	109	-1.834834
0	123	51	31.846502
0	123	228	18.259178
0	123	207	11.884356
0	123	239	11.219467
0	123	99	10.053119
0	123	234	9.324488
0	123	116	9.210866
0	123	221	8.007822
0	123	3	6.862494
0	123	96	6.809305
0	123	232	6.765581
0	123	224	5.957863
0	123	190	5.814115
0	123	201	4.780521
0	123	196	4.199779
0	123	243	3.598884
0	123	226	3.266337
0	123	229	2.446277
0	123	199	2.001725
0	123	222	1.958719
0	123	244	1.748113
0	123	242	1.530220
0	123	188	1.491730
0	123	245	1.328707
0	123	227	1.275152
0	123	240	1.119461
0	123	246	0.663312
0	123	235	0.308971
0	123	225	0.184094
0	123	14	0.033756
0	123	236	-0.083453
0	123	198	-0.345362
0	123	233	-0.370243
0	123	18	-0.396626
0	123	210	-0.430384
0	123	238	-0.646571
0	123	8	-0.712327
0	123	231	-0.725784
0	123	223	-0.799919
0	123	11	-0.916402
0	123	230	-0.917661
0	123	197	-1.017761
0	123	241	-1.167281
0	123	16	-1.182471
0	123	237	-1.198298
0	123	191	-1.418236
0	123	247	-1.464043
0	123	208	-1.533129
0	123	187	-1.554987
0	123	217	-1.615154
0	123	122	-1.646919
0	124	51	21.248590
0	124	3	12.648048
0	124	228	12.004556
0	124	207	10.581226
0	124	221	10.133124
0	124	232	8.260171
0	124	224	7.371181
0	124	235	6.325510
0	124	190	5.172793
0	124	11	2.885574
0	124	244	2.553162
0	124	99	2.111592
0	124	240	1.867712
0	124	236	1.865805
0	124	238	1.740555
0	124	197	1.653125
0	124	225	1.506696
0	124	188	1.169078
0	124	233	1.084882
0	124	14	1.082403
0	124	227	0.995290
0	124	199	0.973525
0	124	210	0.916341
0	124	245	0.839178
0	124	201	0.516881
0	124	229	0.504127
0	124	116	0.469675
0	124	96	0.265830
0	124	18	0.092536
0	124	226	-0.203134
0	124	239	-0.235832
0	124	246	-0.267956
0	124	208	-0.310022
0	124	222	-0.339072
0	124	234	-0.511302
0	124	191	-0.771024
0	124	231	-0.854678
0	124	8	-0.872766
0	124	196	-0.903898
0	124	243	-1.012238
0	124	223	-1.078772
0	124	242	-1.181594
0	124	198	-1.182359
0	124	241	-1.346883
0	124	237	-1.362577
0	124	122	-1.531252
0	124	16	-1.570710
0	124	187	-1.594336
0	124	230	-1.604979
0	124	247	-1.730267
0	124	217	-1.821885
0	125	51	30.705589
0	125	228	27.306091
0	125	3	24.087891
0	125	232	21.601173
0	125	224	20.324369
0	125	190	18.494503
0	125	207	16.533632
0	125	210	16.025618
0	125	221	12.264095
0	125	245	12.205222
0	125	233	11.421011
0	125	222	11.282443
0	125	239	11.259459
0	125	196	9.876379
0	125	226	9.176681
0	125	229	8.746524
0	125	96	6.634454
0	125	11	6.461531
0	125	99	5.409105
0	125	244	5.367267
0	125	240	5.280830
0	125	116	5.177769
0	125	227	5.008996
0	125	14	3.047998
0	125	236	2.514301
0	125	246	1.853186
0	125	197	1.667388
0	125	199	1.532452
0	125	198	1.243702
0	125	234	1.030795
0	125	201	0.982620
0	125	235	0.925398
0	125	243	0.654462
0	125	225	0.218702
0	125	242	-0.159384
0	125	188	-0.166219
0	125	18	-0.210413
0	125	238	-0.213505
0	125	223	-0.263625
0	125	231	-0.335989
0	125	8	-0.619174
0	125	230	-0.910554
0	125	237	-0.925162
0	125	16	-0.985280
0	125	241	-1.131172
0	125	208	-1.345339
0	125	217	-1.383476
0	125	191	-1.392230
0	125	247	-1.488627
0	125	122	-1.640431
0	125	187	-1.659766
0	126	51	26.774529
0	126	207	19.881035
0	126	228	17.556095
0	126	221	16.567162
0	126	116	12.626990
0	126	190	11.694102
0	126	226	11.285327
0	126	224	10.949099
0	126	3	10.205342
0	126	240	9.968135
0	126	245	9.444618
0	126	236	8.981161
0	126	229	8.940627
0	126	99	8.402728
0	126	196	7.503811
0	126	232	7.285669
0	126	238	7.022332
0	126	244	4.937741
0	126	188	3.815866
0	126	227	2.095359
0	126	222	1.948997
0	126	96	1.256932
0	126	242	1.249727
0	126	225	1.111118
0	126	246	0.924916
0	126	239	0.587506
0	126	233	0.472841
0	126	18	0.397306
0	126	235	0.258408
0	126	11	0.150445
0	126	223	0.134147
0	126	14	0.085081
0	126	198	-0.259703
0	126	241	-0.270722
0	126	243	-0.355477
0	126	231	-0.374863
0	126	234	-0.517243
0	126	210	-0.526807
0	126	199	-0.654242
0	126	8	-0.739895
0	126	230	-0.879403
0	126	237	-1.056172
0	126	201	-1.056528
0	126	197	-1.062297
0	126	16	-1.150630
0	126	191	-1.169836
0	126	208	-1.473454
0	126	122	-1.509685
0	126	217	-1.599001
0	126	247	-1.630797
0	126	187	-1.749184
0	127	228	17.622404
0	127	51	7.161611
0	127	116	6.657230
0	127	207	6.439565
0	127	224	4.378831
0	127	221	4.077631
0	127	3	2.874009
0	127	190	2.835338
0	127	232	2.321612
0	127	99	2.287243
0	127	245	2.111134
0	127	14	1.420300
0	127	229	1.015778
0	127	240	0.628345
0	127	244	0.567438
0	127	242	0.222444
0	127	239	0.168500
0	127	188	0.142758
0	127	230	0.095147
0	127	238	0.058213
0	127	222	-0.066165
0	127	16	-0.182831
0	127	196	-0.201462
0	127	236	-0.291466
0	127	226	-0.351077
0	127	96	-0.393370
0	127	227	-0.418542
0	127	234	-0.429720
0	127	237	-0.517748
0	127	18	-0.562144
0	127	231	-0.600434
0	127	243	-0.601608
0	127	225	-0.720499
0	127	8	-0.746990
0	127	199	-0.790222
0	127	241	-0.955879
0	127	233	-1.025301
0	127	11	-1.105757
0	127	223	-1.150185
0	127	210	-1.170034
0	127	247	-1.241023
0	127	246	-1.258219
0	127	197	-1.260429
0	127	201	-1.264413
0	127	235	-1.264663
0	127	198	-1.292054
0	127	191	-1.445641
0	127	217	-1.515585
0	127	208	-1.547364
0	127	187	-1.619601
0	127	122	-1.624535
0	144	200	5.658087
0	144	3	3.386126
0	144	113	0.718615
0	144	63	0.651058
0	144	254	0.396993
0	144	251	0.247643
0	144	199	0.017158
0	144	258	-0.110474
0	144	201	-0.392016
0	144	14	-0.449102
0	144	252	-0.462353
0	144	17	-0.602168
0	144	8	-0.692504
0	144	16	-1.156692
0	144	257	-1.236431
0	144	11	-1.328748
0	144	18	-1.346519
0	144	255	-1.395555
0	144	248	-1.500768
0	144	13	-1.501873
0	144	253	-1.510150
0	144	191	-1.510613
0	144	110	-1.601566
0	144	250	-1.781577
0	144	256	-1.825307
0	144	208	-1.843571
0	144	187	-1.857310
0	144	249	-1.864467
0	144	109	-1.913103
0	145	113	5.497170
0	145	200	4.886819
0	145	63	3.094667
0	145	254	2.393722
0	145	199	1.911010
0	145	3	1.737056
0	145	251	0.987666
0	145	258	0.794213
0	145	252	0.464486
0	145	253	0.348121
0	145	257	-0.127840
0	145	8	-0.554327
0	145	18	-0.638684
0	145	14	-0.854919
0	145	11	-1.100716
0	145	201	-1.110519
0	145	248	-1.150836
0	145	16	-1.160346
0	145	255	-1.214313
0	145	110	-1.339518
0	145	191	-1.401814
0	145	13	-1.432857
0	145	109	-1.493863
0	145	208	-1.517954
0	145	250	-1.572464
0	145	187	-1.583659
0	145	17	-1.601462
0	145	249	-1.642817
0	145	256	-1.703463
0	146	3	18.603851
0	146	63	17.959148
0	146	199	15.017985
0	146	257	13.101468
0	146	200	12.324659
0	146	251	11.124094
0	146	254	4.058079
0	146	113	3.744684
0	146	258	2.778946
0	146	201	1.744430
0	146	252	0.633077
0	146	253	0.362468
0	146	14	-0.194472
0	146	18	-0.413873
0	146	8	-0.616040
0	146	11	-1.068899
0	146	16	-1.202110
0	146	248	-1.237272
0	146	255	-1.274259
0	146	13	-1.497114
0	146	110	-1.510881
0	146	191	-1.573331
0	146	250	-1.626242
0	146	256	-1.697234
0	146	208	-1.726320
0	146	109	-1.745450
0	146	187	-1.774186
0	146	17	-1.779132
0	146	249	-1.807468
0	147	200	9.176758
0	147	3	9.088850
0	147	63	5.889240
0	147	199	5.196504
0	147	113	4.512051
0	147	257	3.358149
0	147	254	2.859328
0	147	258	2.494132
0	147	253	2.126912
0	147	252	1.956210
0	147	251	1.869578
0	147	8	0.238963
0	147	11	0.126117
0	147	248	0.114733
0	147	201	-0.286263
0	147	14	-0.559213
0	147	256	-0.708224
0	147	255	-0.928832
0	147	18	-1.051737
0	147	16	-1.234277
0	147	191	-1.353750
0	147	13	-1.590505
0	147	110	-1.637936
0	147	250	-1.641605
0	147	208	-1.770211
0	147	187	-1.789264
0	147	17	-1.810653
0	147	249	-1.841159
0	147	109	-1.903817
0	148	3	12.801633
0	148	200	12.403708
0	148	254	7.088797
0	148	252	6.304937
0	148	199	4.093989
0	148	253	3.936874
0	148	63	3.663743
0	148	258	2.078077
0	148	113	1.498368
0	148	201	0.598994
0	148	251	0.441072
0	148	257	-0.668502
0	148	8	-0.746328
0	148	11	-1.190808
0	148	16	-1.279204
0	148	248	-1.310144
0	148	255	-1.342425
0	148	18	-1.352858
0	148	14	-1.451675
0	148	191	-1.482313
0	148	110	-1.494225
0	148	208	-1.563476
0	148	250	-1.647020
0	148	187	-1.677469
0	148	17	-1.707861
0	148	256	-1.772965
0	148	13	-1.783403
0	148	109	-1.861659
0	148	249	-1.861732
0	150	3	8.268545
0	150	253	7.061690
0	150	251	6.043976
0	150	200	4.669521
0	150	199	3.661727
0	150	113	3.345534
0	150	252	2.404851
0	150	63	2.113220
0	150	257	1.842882
0	150	201	1.773129
0	150	258	1.627715
0	150	254	0.182119
0	150	8	0.106775
0	150	18	-0.381577
0	150	14	-0.694105
0	150	16	-1.015009
0	150	11	-1.129127
0	150	255	-1.164482
0	150	248	-1.238033
0	150	191	-1.500903
0	150	110	-1.522766
0	150	13	-1.584756
0	150	250	-1.672963
0	150	187	-1.726656
0	150	249	-1.778729
0	150	17	-1.803698
0	150	208	-1.812694
0	150	109	-1.843838
0	150	256	-1.861516
0	177	61	36.219662
0	177	116	24.465946
0	177	58	20.435871
0	177	63	18.765743
0	177	271	18.446028
0	177	244	17.764513
0	177	30	16.886127
0	177	264	15.508331
0	177	112	13.842715
0	177	51	12.888876
0	177	270	11.977984
0	177	183	11.827181
0	177	3	11.366773
0	177	231	4.245076
0	177	113	3.715123
0	177	268	3.323171
0	177	269	2.962005
0	177	267	2.195824
0	177	14	0.759310
0	177	278	0.536504
0	177	280	-0.103721
0	177	263	-0.216790
0	177	18	-0.616040
0	177	8	-0.819103
0	177	115	-0.910682
0	177	272	-1.101040
0	177	119	-1.163366
0	177	11	-1.315704
0	177	16	-1.422859
0	177	255	-1.471027
0	177	266	-1.699448
0	177	277	-1.729301
0	177	13	-1.764757
0	177	265	-1.896552
0	177	109	-1.949813
0	177	17	-2.052394
0	178	61	19.904251
0	178	116	14.990775
0	178	30	12.282762
0	178	244	10.305303
0	178	270	8.253807
0	178	183	7.989199
0	178	51	7.296065
0	178	58	6.752634
0	178	264	6.437834
0	178	3	5.826903
0	178	63	5.058370
0	178	271	3.359343
0	178	113	2.264675
0	178	112	1.422685
0	178	231	1.295740
0	178	267	0.633069
0	178	119	0.341142
0	178	14	0.335457
0	178	278	0.190386
0	178	17	0.164422
0	178	8	0.016059
0	178	115	-0.014106
0	178	18	-0.183546
0	178	16	-0.183997
0	178	263	-0.320347
0	178	13	-0.496000
0	178	268	-0.531681
0	178	269	-0.637194
0	178	11	-0.863470
0	178	265	-0.916412
0	178	280	-0.918113
0	178	272	-0.952924
0	178	255	-1.430649
0	178	266	-1.504518
0	178	109	-1.804194
0	178	277	-1.877772
0	179	116	20.356703
0	179	244	14.635190
0	179	264	13.640596
0	179	61	10.435949
0	179	3	9.503831
0	179	51	7.787457
0	179	112	6.315246
0	179	63	5.946102
0	179	270	5.901161
0	179	30	4.762509
0	179	58	4.256303
0	179	183	3.701012
0	179	271	3.241887
0	179	231	1.092342
0	179	113	1.074171
0	179	267	0.915278
0	179	268	-0.051627
0	179	8	-0.239381
0	179	18	-0.479946
0	179	16	-0.510059
0	179	11	-0.878352
0	179	263	-0.911598
0	179	14	-1.060386
0	179	115	-1.060815
0	179	280	-1.082857
0	179	272	-1.094390
0	179	119	-1.131163
0	179	278	-1.160408
0	179	269	-1.183992
0	179	255	-1.326471
0	179	265	-1.487444
0	179	277	-1.519691
0	179	266	-1.532469
0	179	13	-1.614260
0	179	17	-1.699787
0	179	109	-1.835142
0	180	61	15.858557
0	180	116	14.327329
0	180	270	13.546171
0	180	244	11.543462
0	180	264	10.001319
0	180	3	9.614188
0	180	51	7.223250
0	180	63	6.546215
0	180	30	6.221241
0	180	58	4.904539
0	180	183	4.512859
0	180	263	4.382582
0	180	115	3.583224
0	180	271	3.124857
0	180	11	2.765561
0	180	231	1.522577
0	180	112	1.426840
0	180	14	1.156547
0	180	119	1.055705
0	180	113	0.614555
0	180	269	0.252278
0	180	268	0.046686
0	180	267	-0.103305
0	180	8	-0.276007
0	180	255	-0.363859
0	180	18	-0.697295
0	180	278	-0.844154
0	180	266	-0.864783
0	180	272	-0.886857
0	180	280	-0.935398
0	180	277	-1.111353
0	180	16	-1.202530
0	180	13	-1.434521
0	180	109	-1.601913
0	180	265	-1.625714
0	180	17	-1.635314
0	181	61	32.685760
0	181	116	24.611053
0	181	51	18.248047
0	181	270	18.100521
0	181	112	14.043979
0	181	264	13.798733
0	181	244	13.307044
0	181	58	13.016048
0	181	183	11.894412
0	181	3	11.247324
0	181	30	8.486876
0	181	63	7.150117
0	181	271	5.927737
0	181	113	2.526352
0	181	280	1.657749
0	181	263	0.935554
0	181	268	0.790012
0	181	269	0.770522
0	181	119	-0.120879
0	181	267	-0.406891
0	181	8	-0.524316
0	181	231	-0.562189
0	181	115	-1.013901
0	181	14	-1.231724
0	181	16	-1.265496
0	181	272	-1.268971
0	181	11	-1.318488
0	181	278	-1.508369
0	181	18	-1.524353
0	181	255	-1.556180
0	181	13	-1.748018
0	181	277	-1.752609
0	181	266	-1.791765
0	181	265	-1.874575
0	181	109	-1.906659
0	181	17	-1.982040
0	182	61	32.049728
0	182	58	24.966980
0	182	271	23.491474
0	182	264	22.510862
0	182	63	19.751019
0	182	51	19.488512
0	182	244	17.826624
0	182	3	17.594822
0	182	268	15.052560
0	182	116	15.047250
0	182	30	13.428897
0	182	112	12.554738
0	182	113	11.460745
0	182	280	11.260440
0	182	270	11.092208
0	182	267	7.410424
0	182	183	6.972728
0	182	14	6.866737
0	182	119	2.252351
0	182	272	0.933017
0	182	278	0.643721
0	182	269	0.294810
0	182	18	0.183184
0	182	109	0.020679
0	182	231	-0.058484
0	182	263	-0.086950
0	182	265	-0.145020
0	182	17	-0.193513
0	182	8	-0.751852
0	182	11	-0.824167
0	182	277	-0.942006
0	182	115	-1.049330
0	182	16	-1.415711
0	182	266	-1.738360
0	182	255	-1.835311
0	182	13	-1.904691
0	183	61	32.583206
0	183	268	26.280523
0	183	271	25.647549
0	183	116	24.525642
0	183	275	20.771643
0	183	3	20.091595
0	183	58	17.491789
0	183	51	16.591822
0	183	113	15.718307
0	183	276	15.002406
0	183	291	14.526328
0	183	183	13.631704
0	183	267	13.008253
0	183	264	12.393216
0	183	285	11.949461
0	183	287	11.616265
0	183	279	11.476122
0	183	290	10.286251
0	183	63	9.932427
0	183	244	9.492944
0	183	274	9.356284
0	183	112	7.508265
0	183	295	6.785464
0	183	294	6.693490
0	183	282	6.317650
0	183	273	5.455755
0	183	278	5.420708
0	183	30	4.063828
0	183	270	3.627001
0	183	288	3.270833
0	183	231	2.433982
0	183	286	2.283304
0	183	283	1.783940
0	183	263	1.170136
0	183	289	1.074156
0	183	18	0.449101
0	183	14	-0.051538
0	183	292	-0.359080
0	183	115	-0.829685
0	183	280	-0.981899
0	183	272	-1.072246
0	183	284	-1.163301
0	183	119	-1.293362
0	183	293	-1.455567
0	183	281	-1.876452
0	184	116	20.795280
0	184	61	15.226346
0	184	270	10.469181
0	184	244	9.055315
0	184	51	6.822742
0	184	11	5.923650
0	184	63	5.660514
0	184	3	4.789293
0	184	58	4.278376
0	184	271	4.064387
0	184	183	3.944057
0	184	112	3.693961
0	184	263	3.584476
0	184	115	3.544654
0	184	30	3.302710
0	184	264	2.794505
0	184	267	2.196014
0	184	266	1.479124
0	184	119	1.182601
0	184	268	0.934812
0	184	277	0.678394
0	184	255	0.377673
0	184	231	0.110832
0	184	269	-0.258430
0	184	8	-0.347632
0	184	14	-0.487406
0	184	18	-0.568338
0	184	113	-0.765072
0	184	272	-1.166517
0	184	16	-1.190534
0	184	278	-1.232909
0	184	13	-1.316652
0	184	280	-1.479286
0	184	109	-1.719779
0	184	265	-1.753870
0	184	17	-1.763021
0	185	116	15.186006
0	185	30	12.898964
0	185	270	11.609264
0	185	61	11.605810
0	185	264	9.280931
0	185	244	7.297364
0	185	51	7.233690
0	185	3	4.742055
0	185	63	3.688770
0	185	183	2.822154
0	185	58	2.686658
0	185	271	2.561273
0	185	113	2.135691
0	185	112	2.128376
0	185	14	0.123058
0	185	278	0.061293
0	185	231	0.035807
0	185	267	-0.132038
0	185	263	-0.524973
0	185	8	-0.618021
0	185	268	-0.661206
0	185	11	-0.768300
0	185	18	-0.798443
0	185	280	-0.856938
0	185	272	-0.889123
0	185	269	-1.125593
0	185	115	-1.201363
0	185	119	-1.385617
0	185	16	-1.391226
0	185	255	-1.509322
0	185	266	-1.645110
0	185	277	-1.679841
0	185	109	-1.722271
0	185	265	-1.810619
0	185	17	-1.864978
0	185	13	-1.892158
0	186	61	38.025726
0	186	116	25.265881
0	186	30	18.370955
0	186	244	17.141951
0	186	183	15.194193
0	186	271	13.016034
0	186	112	11.426500
0	186	51	8.490180
0	186	270	7.531125
0	186	58	7.409708
0	186	3	5.551868
0	186	263	5.318107
0	186	63	5.226412
0	186	269	4.701613
0	186	264	3.599310
0	186	113	1.771136
0	186	267	1.058369
0	186	18	-0.101457
0	186	14	-0.165680
0	186	268	-0.357693
0	186	8	-0.694470
0	186	115	-0.843164
0	186	265	-0.907628
0	186	231	-1.010903
0	186	272	-1.075307
0	186	11	-1.133945
0	186	16	-1.179039
0	186	280	-1.185633
0	186	278	-1.337272
0	186	255	-1.379401
0	186	266	-1.461718
0	186	13	-1.506422
0	186	277	-1.507092
0	186	119	-1.559201
0	186	109	-1.652555
0	186	17	-1.714599
