0	1	5	0.889631
0	1	14	0.888565
0	1	9	0.886281
0	1	2	0.883466
0	1	3	0.879812
0	1	15	0.874989
0	1	1	0.874832
0	1	18	0.873330
0	1	19	0.872599
0	1	8	0.866418
0	1	6	0.863906
0	1	11	0.844285
0	1	10	0.815193
0	1	4	0.784217
0	1	0	0.713230
0	1	12	0.593203
0	1	7	0.233831
0	1	13	0.198752
0	1	16	0.047384
0	1	17	-0.081233
0	2	14	0.913391
0	2	5	0.901656
0	2	3	0.882544
0	2	2	0.879004
0	2	9	0.868762
0	2	19	0.868660
0	2	8	0.862022
0	2	6	0.852618
0	2	18	0.842124
0	2	1	0.834749
0	2	15	0.814538
0	2	11	0.806837
0	2	10	0.791551
0	2	4	0.710453
0	2	0	0.614892
0	2	12	0.566098
0	2	7	0.092228
0	2	13	0.037221
0	2	16	-0.097047
0	2	17	-0.171565
0	3	8	0.902138
0	3	2	0.890976
0	3	14	0.887777
0	3	9	0.884772
0	3	5	0.882868
0	3	19	0.878718
0	3	3	0.874515
0	3	15	0.862737
0	3	6	0.858656
0	3	1	0.838912
0	3	18	0.835444
0	3	11	0.799153
0	3	10	0.785331
0	3	4	0.779388
0	3	0	0.714179
0	3	12	0.623358
0	3	7	0.225908
0	3	13	0.174512
0	3	16	0.040115
0	3	17	-0.056163
0	14	30	0.882691
0	14	58	0.873337
0	14	56	0.873108
0	14	63	0.866839
0	14	31	0.860537
0	14	54	0.860239
0	14	46	0.859020
0	14	22	0.857659
0	14	14	0.854481
0	14	51	0.854196
0	14	42	0.853708
0	14	52	0.853129
0	14	27	0.852767
0	14	3	0.850347
0	14	45	0.843991
0	14	61	0.843497
0	14	43	0.843127
0	14	26	0.842877
0	14	57	0.840015
0	14	23	0.835950
0	14	50	0.834485
0	14	33	0.834025
0	14	32	0.822646
0	14	8	0.812608
0	14	18	0.797111
0	14	21	0.790095
0	14	24	0.788018
0	14	78	0.776091
0	14	36	0.754032
0	14	44	0.752957
0	14	66	0.746087
0	14	11	0.745334
0	14	29	0.726148
0	14	20	0.723723
0	14	41	0.716724
0	14	70	0.709298
0	14	40	0.704983
0	14	73	0.702873
0	14	85	0.693261
0	14	37	0.688438
0	14	34	0.681310
0	14	39	0.658867
0	14	49	0.653441
0	14	55	0.597831
0	14	62	0.592936
0	14	25	0.589002
0	14	48	0.576336
0	14	28	0.566287
0	14	77	0.557041
0	14	71	0.544756
0	14	53	0.541105
0	14	38	0.540926
0	14	65	0.498763
0	14	76	0.496423
0	14	74	0.486785
0	14	47	0.484236
0	14	72	0.468034
0	14	69	0.455302
0	14	64	0.434167
0	14	79	0.368762
0	14	35	0.292212
0	14	75	0.202538
0	14	16	-0.001969
0	15	42	0.877996
0	15	30	0.876220
0	15	58	0.868504
0	15	63	0.860209
0	15	22	0.858256
0	15	43	0.857077
0	15	31	0.851573
0	15	3	0.851403
0	15	14	0.850896
0	15	46	0.850636
0	15	56	0.847646
0	15	54	0.847386
0	15	23	0.846285
0	15	52	0.844868
0	15	51	0.843320
0	15	33	0.831637
0	15	57	0.824384
0	15	61	0.821320
0	15	50	0.819928
0	15	27	0.816730
0	15	26	0.815149
0	15	32	0.810494
0	15	8	0.809229
0	15	45	0.808556
0	15	66	0.784046
0	15	21	0.779205
0	15	24	0.777088
0	15	78	0.771469
0	15	18	0.770366
0	15	36	0.737351
0	15	11	0.734444
0	15	29	0.732770
0	15	44	0.732083
0	15	70	0.726013
0	15	20	0.718328
0	15	34	0.715241
0	15	37	0.708887
0	15	40	0.699271
0	15	39	0.697312
0	15	73	0.695019
0	15	85	0.688565
0	15	41	0.688100
0	15	49	0.642666
0	15	62	0.621734
0	15	25	0.620277
0	15	55	0.605805
0	15	53	0.591301
0	15	28	0.578234
0	15	77	0.575563
0	15	48	0.571725
0	15	71	0.550357
0	15	38	0.530536
0	15	76	0.529881
0	15	65	0.505738
0	15	74	0.497977
0	15	72	0.489694
0	15	47	0.481334
0	15	69	0.481106
0	15	64	0.439161
0	15	79	0.398439
0	15	35	0.349773
0	15	75	0.230828
0	15	16	0.038473
0	16	43	0.873554
0	16	51	0.840688
0	16	63	0.840296
0	16	22	0.830977
0	16	42	0.827263
0	16	26	0.823179
0	16	3	0.818871
0	16	14	0.817261
0	16	30	0.816157
0	16	50	0.813366
0	16	58	0.812065
0	16	54	0.811823
0	16	56	0.809937
0	16	32	0.809625
0	16	46	0.808680
0	16	31	0.808328
0	16	27	0.801632
0	16	52	0.800168
0	16	33	0.789173
0	16	57	0.786899
0	16	61	0.782393
0	16	21	0.781323
0	16	23	0.771882
0	16	45	0.764121
0	16	18	0.753646
0	16	8	0.752726
0	16	70	0.735013
0	16	36	0.726778
0	16	37	0.725819
0	16	24	0.722777
0	16	20	0.721067
0	16	78	0.713262
0	16	29	0.706720
0	16	41	0.703086
0	16	40	0.689528
0	16	11	0.684197
0	16	44	0.676118
0	16	66	0.664160
0	16	85	0.658575
0	16	39	0.654774
0	16	73	0.643450
0	16	34	0.641865
0	16	28	0.610425
0	16	77	0.601009
0	16	62	0.598198
0	16	48	0.596905
0	16	25	0.588649
0	16	38	0.562965
0	16	49	0.556746
0	16	53	0.542325
0	16	76	0.538559
0	16	55	0.536279
0	16	71	0.501021
0	16	65	0.495587
0	16	69	0.482941
0	16	47	0.463612
0	16	74	0.453037
0	16	72	0.443029
0	16	64	0.420673
0	16	79	0.375580
0	16	35	0.365375
0	16	75	0.213457
0	16	16	0.019668
0	19	58	0.876938
0	19	56	0.875198
0	19	63	0.872874
0	19	30	0.865148
0	19	57	0.859188
0	19	46	0.858425
0	19	52	0.851109
0	19	51	0.850027
0	19	3	0.849589
0	19	23	0.848903
0	19	31	0.848853
0	19	54	0.841811
0	19	61	0.839332
0	19	42	0.839002
0	19	43	0.837445
0	19	14	0.835971
0	19	22	0.835663
0	19	27	0.834513
0	19	26	0.826360
0	19	33	0.826111
0	19	45	0.825217
0	19	50	0.817573
0	19	8	0.791553
0	19	32	0.788048
0	19	18	0.780184
0	19	24	0.767455
0	19	37	0.759139
0	19	21	0.757103
0	19	78	0.756734
0	19	66	0.755903
0	19	36	0.748657
0	19	70	0.730265
0	19	11	0.726514
0	19	44	0.724642
0	19	29	0.712852
0	19	20	0.697554
0	19	73	0.686571
0	19	40	0.682106
0	19	85	0.673012
0	19	41	0.672841
0	19	34	0.656436
0	19	39	0.624310
0	19	49	0.595963
0	19	48	0.584085
0	19	25	0.579619
0	19	55	0.562661
0	19	62	0.558962
0	19	28	0.556406
0	19	77	0.547639
0	19	53	0.545114
0	19	65	0.521878
0	19	71	0.500546
0	19	76	0.495133
0	19	38	0.484726
0	19	47	0.474323
0	19	72	0.459249
0	19	74	0.443714
0	19	69	0.432049
0	19	64	0.403657
0	19	79	0.333214
0	19	35	0.278370
0	19	75	0.190188
0	19	16	-0.014726
0	22	58	0.889334
0	22	43	0.877460
0	22	63	0.866073
0	22	52	0.864609
0	22	30	0.859574
0	22	46	0.853898
0	22	22	0.853434
0	22	56	0.848348
0	22	51	0.847114
0	22	42	0.846516
0	22	54	0.845543
0	22	50	0.841134
0	22	14	0.840120
0	22	31	0.839107
0	22	3	0.834502
0	22	27	0.830632
0	22	26	0.829730
0	22	61	0.823334
0	22	57	0.821191
0	22	32	0.819848
0	22	23	0.817962
0	22	33	0.817837
0	22	21	0.804126
0	22	45	0.787766
0	22	36	0.771415
0	22	24	0.771412
0	22	8	0.770815
0	22	70	0.770253
0	22	18	0.764221
0	22	34	0.756801
0	22	20	0.746173
0	22	37	0.746066
0	22	78	0.742116
0	22	66	0.738895
0	22	40	0.736328
0	22	11	0.720790
0	22	29	0.714382
0	22	41	0.710714
0	22	44	0.707276
0	22	39	0.693124
0	22	85	0.686677
0	22	73	0.684629
0	22	77	0.675725
0	22	48	0.646361
0	22	25	0.618573
0	22	53	0.613235
0	22	62	0.604786
0	22	28	0.597340
0	22	49	0.595697
0	22	38	0.583052
0	22	65	0.572649
0	22	55	0.570841
0	22	76	0.569698
0	22	69	0.554907
0	22	71	0.541482
0	22	47	0.526079
0	22	74	0.497697
0	22	64	0.495707
0	22	72	0.481049
0	22	35	0.417200
0	22	79	0.387526
0	22	75	0.225688
0	22	16	0.022630
0	43	3	0.910551
0	43	14	0.899759
0	43	63	0.888483
0	43	58	0.888394
0	43	95	0.886851
0	43	8	0.883894
0	43	15	0.874519
0	43	61	0.854575
0	43	94	0.854083
0	43	86	0.849846
0	43	52	0.848440
0	43	26	0.847021
0	43	90	0.827079
0	43	18	0.821586
0	43	99	0.818587
0	43	89	0.802252
0	43	107	0.795213
0	43	11	0.763959
0	43	105	0.726263
0	43	97	0.710291
0	43	85	0.685686
0	43	96	0.670569
0	43	103	0.642880
0	43	108	0.642287
0	43	91	0.621267
0	43	93	0.580853
0	43	109	0.537336
0	43	110	0.505578
0	43	69	0.502090
0	43	100	0.494849
0	43	92	0.384649
0	43	106	0.374659
0	43	88	0.354277
0	43	98	0.330840
0	43	87	0.287311
0	43	13	0.110430
0	43	17	-0.150827
0	44	63	0.857598
0	44	95	0.854688
0	44	14	0.854327
0	44	58	0.852801
0	44	3	0.846387
0	44	26	0.834755
0	44	52	0.831588
0	44	15	0.830695
0	44	94	0.820808
0	44	86	0.820666
0	44	99	0.808383
0	44	61	0.806394
0	44	18	0.793799
0	44	89	0.786358
0	44	8	0.786351
0	44	107	0.784393
0	44	90	0.769267
0	44	11	0.725505
0	44	105	0.703245
0	44	96	0.655380
0	44	97	0.653666
0	44	91	0.631357
0	44	108	0.620753
0	44	85	0.615158
0	44	103	0.603390
0	44	93	0.581308
0	44	110	0.508857
0	44	100	0.497049
0	44	69	0.476786
0	44	109	0.474085
0	44	92	0.393320
0	44	106	0.377479
0	44	88	0.350175
0	44	98	0.296574
0	44	87	0.290890
0	44	13	0.081909
0	44	17	-0.129511
0	54	14	0.885096
0	54	3	0.852299
0	54	8	0.814331
0	54	18	0.805866
0	54	11	0.737597
0	54	7	0.160182
0	54	111	0.124684
0	54	13	0.100689
0	54	16	-0.014372
0	54	17	-0.115973
0	57	14	0.935278
0	57	3	0.911982
0	57	8	0.905133
0	57	18	0.882747
0	57	11	0.778196
0	57	111	0.115507
0	57	7	0.108801
0	57	13	0.081405
0	57	16	-0.043847
0	57	17	-0.150695
0	58	18	0.819438
0	58	8	0.808113
0	58	14	0.803175
0	58	3	0.801188
0	58	11	0.759189
0	58	7	0.305759
0	58	111	0.289284
0	58	13	0.270083
0	58	16	0.129763
0	58	17	0.020438
0	73	157	0.930411
0	73	158	0.925296
0	73	14	0.916940
0	73	3	0.890426
0	73	132	0.885410
0	73	137	0.882710
0	73	150	0.882193
0	73	8	0.881555
0	73	152	0.869612
0	73	154	0.867815
0	73	18	0.862936
0	73	153	0.857942
0	73	146	0.846082
0	73	11	0.840032
0	73	168	0.837659
0	73	163	0.819466
0	73	159	0.816165
0	73	155	0.799065
0	73	161	0.757410
0	73	169	0.738158
0	73	156	0.711399
0	73	151	0.689276
0	73	170	0.687338
0	73	149	0.664831
0	73	148	0.660653
0	73	160	0.561153
0	73	145	0.377409
0	73	147	0.358723
0	73	162	0.331944
0	73	13	0.078878
0	73	16	-0.040604
0	73	17	-0.147712
0	74	14	0.886513
0	74	157	0.883105
0	74	3	0.881365
0	74	158	0.861213
0	74	150	0.860852
0	74	154	0.856705
0	74	168	0.855727
0	74	8	0.845044
0	74	132	0.842176
0	74	153	0.840212
0	74	137	0.838734
0	74	155	0.838487
0	74	152	0.820300
0	74	146	0.817614
0	74	18	0.815184
0	74	163	0.810832
0	74	161	0.798937
0	74	159	0.794648
0	74	11	0.786027
0	74	151	0.707631
0	74	170	0.677562
0	74	169	0.671633
0	74	156	0.662258
0	74	149	0.654474
0	74	148	0.650643
0	74	160	0.608185
0	74	145	0.430624
0	74	147	0.418105
0	74	162	0.393437
0	74	13	0.148227
0	74	16	0.029814
0	74	17	-0.093772
0	75	137	0.902597
0	75	14	0.874148
0	75	3	0.867418
0	75	132	0.867227
0	75	8	0.857884
0	75	171	0.852641
0	75	167	0.852246
0	75	165	0.845759
0	75	11	0.825219
0	75	146	0.822797
0	75	18	0.816727
0	75	128	0.778913
0	75	166	0.778281
0	75	160	0.576160
0	75	164	0.551120
0	75	147	0.429286
0	75	145	0.409905
0	75	13	0.116670
0	75	16	0.014877
0	75	17	-0.087776
0	77	14	0.927497
0	77	8	0.917157
0	77	3	0.912348
0	77	167	0.899115
0	77	132	0.890611
0	77	18	0.889420
0	77	137	0.886055
0	77	171	0.877937
0	77	146	0.845892
0	77	11	0.826741
0	77	165	0.812683
0	77	166	0.809211
0	77	128	0.733892
0	77	160	0.577491
0	77	164	0.576295
0	77	147	0.421294
0	77	145	0.416834
0	77	13	0.110834
0	77	16	0.001461
0	77	17	-0.122644
0	94	116	0.875131
0	94	188	0.868381
0	94	3	0.851692
0	94	194	0.850373
0	94	14	0.849472
0	94	51	0.846632
0	94	15	0.841288
0	94	99	0.840375
0	94	200	0.839714
0	94	63	0.836255
0	94	18	0.834975
0	94	193	0.829617
0	94	201	0.823245
0	94	212	0.822938
0	94	192	0.819837
0	94	206	0.811601
0	94	210	0.803529
0	94	113	0.802299
0	94	198	0.800959
0	94	199	0.798520
0	94	8	0.794035
0	94	190	0.773105
0	94	209	0.766496
0	94	195	0.764207
0	94	207	0.761458
0	94	205	0.751953
0	94	203	0.731044
0	94	191	0.653752
0	94	197	0.645588
0	94	196	0.639209
0	94	189	0.574434
0	94	126	0.488360
0	94	109	0.478404
0	94	202	0.458367
0	94	122	0.437737
0	94	204	0.391882
0	94	217	0.356804
0	94	187	0.255286
0	94	13	0.231635
0	94	208	0.202628
0	94	16	0.092232
0	94	17	-0.019902
0	95	189	0.755352
0	95	196	0.742190
0	95	122	0.719012
0	95	202	0.695008
0	95	209	0.674913
0	95	217	0.668776
0	95	99	0.668631
0	95	212	0.666002
0	95	204	0.650393
0	95	191	0.648704
0	95	210	0.636950
0	95	208	0.635179
0	95	203	0.633795
0	95	13	0.632343
0	95	187	0.627854
0	95	113	0.600401
0	95	205	0.599613
0	95	200	0.594454
0	95	206	0.588670
0	95	193	0.586163
0	95	14	0.584299
0	95	15	0.580946
0	95	188	0.573091
0	95	18	0.570888
0	95	126	0.566847
0	95	195	0.541495
0	95	63	0.536075
0	95	192	0.535930
0	95	3	0.511434
0	95	116	0.509439
0	95	201	0.508393
0	95	51	0.495343
0	95	16	0.488019
0	95	194	0.484959
0	95	198	0.482472
0	95	199	0.468664
0	95	8	0.463771
0	95	17	0.461497
0	95	207	0.454242
0	95	190	0.441690
0	95	197	0.401642
0	95	109	0.352633
0	96	116	0.917391
0	96	63	0.900721
0	96	51	0.888952
0	96	193	0.882982
0	96	14	0.882721
0	96	3	0.877149
0	96	194	0.876535
0	96	188	0.874656
0	96	210	0.852675
0	96	15	0.847720
0	96	200	0.838989
0	96	212	0.838192
0	96	192	0.836899
0	96	206	0.833636
0	96	18	0.831248
0	96	99	0.829801
0	96	201	0.821203
0	96	199	0.805351
0	96	8	0.802608
0	96	198	0.794501
0	96	190	0.791727
0	96	113	0.788975
0	96	207	0.786359
0	96	205	0.773098
0	96	195	0.758624
0	96	209	0.749149
0	96	203	0.722036
0	96	197	0.675938
0	96	191	0.620265
0	96	196	0.612834
0	96	189	0.521487
0	96	109	0.472190
0	96	126	0.444706
0	96	122	0.368252
0	96	202	0.361535
0	96	204	0.316259
0	96	217	0.239739
0	96	187	0.161896
0	96	13	0.121242
0	96	208	0.097381
0	96	16	-0.016976
0	96	17	-0.099398
0	99	211	0.832351
0	99	188	0.826649
0	99	116	0.826529
0	99	194	0.825627
0	99	193	0.824376
0	99	200	0.823137
0	99	14	0.814830
0	99	63	0.809296
0	99	3	0.805905
0	99	51	0.801177
0	99	192	0.796617
0	99	99	0.795209
0	99	206	0.782692
0	99	210	0.778596
0	99	15	0.778434
0	99	212	0.776585
0	99	190	0.758170
0	99	18	0.751803
0	99	198	0.750937
0	99	201	0.746187
0	99	199	0.744316
0	99	113	0.742488
0	99	8	0.735658
0	99	207	0.734742
0	99	209	0.718428
0	99	195	0.708912
0	99	203	0.707047
0	99	205	0.694542
0	99	191	0.643100
0	99	197	0.627909
0	99	196	0.591615
0	99	189	0.514055
0	99	126	0.458885
0	99	109	0.440757
0	99	202	0.411052
0	99	122	0.366798
0	99	204	0.298272
0	99	217	0.269573
0	99	13	0.160029
0	99	16	0.027707
0	100	51	0.793387
0	100	188	0.792416
0	100	193	0.779617
0	100	194	0.771810
0	100	116	0.770488
0	100	200	0.768663
0	100	63	0.765317
0	100	14	0.760904
0	100	15	0.759628
0	100	99	0.759444
0	100	3	0.755820
0	100	206	0.739238
0	100	192	0.736671
0	100	211	0.735920
0	100	201	0.716882
0	100	18	0.714180
0	100	210	0.713565
0	100	113	0.701080
0	100	212	0.701027
0	100	207	0.698844
0	100	190	0.690155
0	100	199	0.688066
0	100	198	0.686839
0	100	8	0.683541
0	100	203	0.680170
0	100	195	0.679927
0	100	209	0.670797
0	100	205	0.662440
0	100	191	0.619535
0	100	197	0.597913
0	100	196	0.571233
0	100	189	0.506253
0	100	126	0.465333
0	100	122	0.423524
0	100	202	0.416304
0	100	109	0.401119
0	100	204	0.330316
0	100	217	0.321319
0	100	13	0.187334
0	100	16	0.074683
0	123	240	0.894698
0	123	116	0.883344
0	123	221	0.882299
0	123	3	0.875529
0	123	236	0.872527
0	123	14	0.871692
0	123	51	0.868074
0	123	188	0.863926
0	123	243	0.847534
0	123	227	0.845808
0	123	244	0.837650
0	123	201	0.817691
0	123	8	0.813035
0	123	18	0.806871
0	123	190	0.805130
0	123	224	0.803175
0	123	199	0.799953
0	123	198	0.796630
0	123	207	0.795685
0	123	210	0.793427
0	123	222	0.792328
0	123	229	0.791403
0	123	226	0.790884
0	123	99	0.780875
0	123	230	0.774300
0	123	235	0.768802
0	123	238	0.766581
0	123	239	0.753086
0	123	11	0.728379
0	123	228	0.722558
0	123	223	0.717358
0	123	232	0.690163
0	123	197	0.682418
0	123	96	0.656219
0	123	233	0.640678
0	123	231	0.627615
0	123	234	0.619428
0	123	191	0.559077
0	123	196	0.542943
0	123	246	0.521736
0	123	245	0.400998
0	123	241	0.287624
0	123	122	0.281262
0	123	242	0.229092
0	123	225	0.164842
0	123	217	0.144518
0	123	187	0.068314
0	123	208	0.034332
0	123	237	0.007775
0	123	247	-0.040141
0	123	16	-0.075833
0	124	188	0.881557
0	124	14	0.879394
0	124	240	0.873189
0	124	3	0.864475
0	124	221	0.854570
0	124	51	0.853212
0	124	116	0.847193
0	124	236	0.838440
0	124	18	0.828359
0	124	244	0.826609
0	124	201	0.813770
0	124	227	0.812918
0	124	210	0.804902
0	124	229	0.795592
0	124	243	0.794536
0	124	224	0.794141
0	124	8	0.792257
0	124	222	0.791091
0	124	198	0.786459
0	124	190	0.780173
0	124	99	0.776702
0	124	238	0.769042
0	124	226	0.764093
0	124	235	0.763066
0	124	207	0.760698
0	124	228	0.753139
0	124	230	0.747104
0	124	199	0.744708
0	124	11	0.729534
0	124	239	0.715646
0	124	232	0.711814
0	124	223	0.708797
0	124	233	0.701719
0	124	197	0.649797
0	124	96	0.640350
0	124	191	0.637031
0	124	234	0.607617
0	124	231	0.603801
0	124	196	0.551886
0	124	246	0.538276
0	124	245	0.439545
0	124	122	0.342849
0	124	241	0.299094
0	124	242	0.275477
0	124	225	0.222366
0	124	217	0.220022
0	124	187	0.169592
0	124	208	0.082398
0	124	237	0.029991
0	124	247	0.011310
0	124	16	-0.040542
0	125	240	0.877267
0	125	14	0.860279
0	125	221	0.855393
0	125	3	0.852127
0	125	116	0.850628
0	125	188	0.845821
0	125	51	0.840503
0	125	244	0.831103
0	125	236	0.829609
0	125	224	0.823206
0	125	227	0.821319
0	125	198	0.821199
0	125	8	0.809142
0	125	201	0.806499
0	125	190	0.800097
0	125	199	0.790151
0	125	243	0.786154
0	125	207	0.785329
0	125	235	0.773707
0	125	229	0.771292
0	125	18	0.770855
0	125	230	0.768028
0	125	222	0.767461
0	125	210	0.761736
0	125	99	0.761002
0	125	226	0.754830
0	125	238	0.745282
0	125	223	0.724769
0	125	11	0.721563
0	125	228	0.720887
0	125	239	0.699444
0	125	197	0.695247
0	125	232	0.671918
0	125	233	0.616122
0	125	96	0.609250
0	125	231	0.600762
0	125	191	0.575821
0	125	234	0.564235
0	125	196	0.507943
0	125	246	0.491168
0	125	245	0.390483
0	125	241	0.245381
0	125	122	0.226058
0	125	242	0.218491
0	125	225	0.168570
0	125	217	0.123600
0	125	187	0.088127
0	125	208	-0.002847
0	125	237	-0.034974
0	125	247	-0.061014
0	125	16	-0.102316
0	126	221	0.904845
0	126	240	0.903859
0	126	14	0.895000
0	126	188	0.890917
0	126	3	0.884721
0	126	116	0.882767
0	126	51	0.872791
0	126	227	0.860432
0	126	236	0.852630
0	126	244	0.852225
0	126	8	0.840981
0	126	201	0.836553
0	126	243	0.825586
0	126	198	0.815862
0	126	18	0.815010
0	126	210	0.814710
0	126	207	0.812311
0	126	99	0.809129
0	126	224	0.798677
0	126	199	0.797752
0	126	190	0.796304
0	126	229	0.791013
0	126	226	0.789279
0	126	222	0.788943
0	126	235	0.788455
0	126	238	0.787051
0	126	228	0.761506
0	126	230	0.753368
0	126	11	0.745804
0	126	223	0.740621
0	126	239	0.735765
0	126	197	0.693602
0	126	232	0.682076
0	126	233	0.667123
0	126	96	0.662858
0	126	231	0.654297
0	126	234	0.625757
0	126	191	0.562762
0	126	196	0.551145
0	126	246	0.543535
0	126	245	0.432295
0	126	122	0.306646
0	126	242	0.271896
0	126	241	0.219830
0	126	225	0.201830
0	126	217	0.188678
0	126	187	0.157886
0	126	208	0.055561
0	126	237	0.032329
0	126	247	0.000092
0	126	16	-0.046872
0	127	3	0.872726
0	127	188	0.869002
0	127	240	0.853633
0	127	116	0.852764
0	127	221	0.849865
0	127	51	0.848432
0	127	14	0.839901
0	127	227	0.835322
0	127	236	0.830906
0	127	243	0.812453
0	127	244	0.804309
0	127	18	0.798020
0	127	229	0.797701
0	127	99	0.794971
0	127	201	0.794905
0	127	190	0.780812
0	127	210	0.775028
0	127	224	0.772171
0	127	8	0.772088
0	127	226	0.768765
0	127	222	0.768695
0	127	230	0.766790
0	127	207	0.765638
0	127	235	0.765378
0	127	199	0.760317
0	127	238	0.759395
0	127	198	0.759242
0	127	239	0.748435
0	127	11	0.721926
0	127	232	0.713650
0	127	228	0.703522
0	127	233	0.687369
0	127	223	0.686446
0	127	96	0.652439
0	127	197	0.644982
0	127	191	0.640157
0	127	231	0.625397
0	127	234	0.612484
0	127	196	0.558821
0	127	246	0.554482
0	127	245	0.474903
0	127	122	0.363599
0	127	241	0.344044
0	127	242	0.313994
0	127	225	0.244046
0	127	217	0.227529
0	127	187	0.192789
0	127	208	0.101428
0	127	237	0.070878
0	127	247	0.039384
0	127	16	0.008188
0	144	253	0.798159
0	144	63	0.747040
0	144	249	0.746188
0	144	250	0.737870
0	144	200	0.737141
0	144	258	0.734493
0	144	3	0.734059
0	144	257	0.733068
0	144	251	0.727866
0	144	14	0.726971
0	144	248	0.720929
0	144	113	0.710728
0	144	201	0.709381
0	144	18	0.687111
0	144	252	0.681261
0	144	8	0.676727
0	144	191	0.663060
0	144	11	0.661975
0	144	199	0.655132
0	144	110	0.613006
0	144	254	0.585461
0	144	109	0.445566
0	144	256	0.403338
0	144	255	0.347035
0	144	187	0.331170
0	144	13	0.276369
0	144	208	0.275081
0	144	16	0.170624
0	144	17	0.062627
0	145	257	0.890894
0	145	14	0.872889
0	145	3	0.867803
0	145	251	0.865265
0	145	258	0.865033
0	145	253	0.856973
0	145	63	0.856261
0	145	199	0.853040
0	145	18	0.833798
0	145	201	0.831511
0	145	8	0.821433
0	145	200	0.803578
0	145	249	0.799541
0	145	113	0.774332
0	145	11	0.738397
0	145	250	0.664286
0	145	248	0.658466
0	145	191	0.633608
0	145	252	0.556458
0	145	109	0.493427
0	145	110	0.469197
0	145	254	0.464823
0	145	256	0.238162
0	145	187	0.138273
0	145	255	0.102648
0	145	13	0.066370
0	145	208	0.045139
0	145	16	-0.062827
0	145	17	-0.145193
0	146	257	0.897297
0	146	3	0.865527
0	146	14	0.864105
0	146	63	0.857755
0	146	258	0.854008
0	146	253	0.853396
0	146	251	0.849126
0	146	201	0.846050
0	146	8	0.837039
0	146	249	0.814933
0	146	199	0.811821
0	146	18	0.809723
0	146	200	0.795470
0	146	113	0.745960
0	146	11	0.725548
0	146	248	0.679139
0	146	250	0.674114
0	146	191	0.599333
0	146	252	0.540887
0	146	109	0.534260
0	146	254	0.477425
0	146	110	0.457654
0	146	256	0.217167
0	146	187	0.170258
0	146	255	0.119019
0	146	13	0.079010
0	146	208	0.055546
0	146	16	-0.057948
0	146	17	-0.137259
0	147	257	0.926135
0	147	253	0.913985
0	147	14	0.906186
0	147	258	0.904893
0	147	63	0.902731
0	147	251	0.901969
0	147	3	0.888236
0	147	201	0.861904
0	147	199	0.860365
0	147	249	0.856038
0	147	8	0.851732
0	147	18	0.838948
0	147	200	0.838416
0	147	113	0.807558
0	147	11	0.774720
0	147	250	0.702280
0	147	248	0.700292
0	147	191	0.653942
0	147	252	0.598267
0	147	110	0.524565
0	147	109	0.507214
0	147	254	0.485301
0	147	256	0.281187
0	147	187	0.171022
0	147	255	0.134861
0	147	13	0.106386
0	147	208	0.076959
0	147	16	-0.032034
0	147	17	-0.159776
0	148	257	0.903105
0	148	63	0.891991
0	148	258	0.890161
0	148	253	0.888753
0	148	3	0.874010
0	148	14	0.869879
0	148	251	0.866547
0	148	201	0.832900
0	148	18	0.823981
0	148	200	0.817447
0	148	8	0.813504
0	148	249	0.802827
0	148	199	0.794632
0	148	113	0.790102
0	148	11	0.733344
0	148	248	0.701608
0	148	250	0.698095
0	148	191	0.623083
0	148	252	0.583513
0	148	110	0.512163
0	148	254	0.501351
0	148	109	0.498435
0	148	256	0.279864
0	148	187	0.168120
0	148	255	0.153964
0	148	13	0.118518
0	148	208	0.089333
0	148	16	-0.018356
0	148	17	-0.115473
0	150	63	0.859694
0	150	257	0.853333
0	150	253	0.850173
0	150	14	0.842688
0	150	258	0.839335
0	150	251	0.825500
0	150	200	0.818295
0	150	3	0.807503
0	150	250	0.804523
0	150	249	0.797095
0	150	8	0.790579
0	150	201	0.786827
0	150	18	0.781722
0	150	199	0.742745
0	150	113	0.739450
0	150	11	0.726652
0	150	248	0.694500
0	150	252	0.676339
0	150	110	0.644361
0	150	191	0.631957
0	150	254	0.542322
0	150	109	0.484913
0	150	256	0.398049
0	150	187	0.332613
0	150	13	0.278991
0	150	255	0.274893
0	150	208	0.266186
0	150	16	0.098136
0	150	17	0.095040
0	177	14	0.918144
0	177	116	0.917264
0	177	264	0.904815
0	177	3	0.900885
0	177	30	0.895969
0	177	267	0.894311
0	177	244	0.883291
0	177	183	0.883231
0	177	61	0.879447
0	177	63	0.875815
0	177	58	0.873489
0	177	51	0.868923
0	177	18	0.859472
0	177	263	0.857577
0	177	8	0.853538
0	177	112	0.841286
0	177	113	0.814366
0	177	270	0.798972
0	177	11	0.788851
0	177	278	0.787414
0	177	265	0.755783
0	177	272	0.746858
0	177	266	0.746531
0	177	231	0.700661
0	177	119	0.697395
0	177	280	0.568604
0	177	268	0.558213
0	177	109	0.557207
0	177	271	0.474003
0	177	269	0.345605
0	177	277	0.316471
0	177	115	0.221495
0	177	255	0.146321
0	177	13	0.105871
0	177	16	-0.025090
0	177	17	-0.138860
0	178	116	0.899729
0	178	267	0.881587
0	178	3	0.880455
0	178	30	0.879819
0	178	63	0.873551
0	178	183	0.865232
0	178	14	0.863911
0	178	51	0.863554
0	178	61	0.862987
0	178	264	0.862644
0	178	58	0.856276
0	178	270	0.851911
0	178	112	0.841216
0	178	263	0.839713
0	178	244	0.836721
0	178	18	0.824069
0	178	8	0.811993
0	178	113	0.801701
0	178	265	0.779849
0	178	11	0.773040
0	178	266	0.769355
0	178	278	0.732603
0	178	272	0.711340
0	178	231	0.675892
0	178	119	0.673007
0	178	280	0.622301
0	178	268	0.622059
0	178	109	0.527332
0	178	271	0.523898
0	178	269	0.416924
0	178	277	0.373674
0	178	115	0.315914
0	178	255	0.216305
0	178	13	0.165597
0	178	16	0.040040
0	178	17	-0.077363
0	179	116	0.913233
0	179	267	0.908289
0	179	14	0.898946
0	179	63	0.896001
0	179	3	0.895552
0	179	30	0.891395
0	179	51	0.888124
0	179	264	0.882926
0	179	58	0.882871
0	179	183	0.881628
0	179	244	0.869651
0	179	61	0.865071
0	179	112	0.848133
0	179	8	0.840609
0	179	263	0.837700
0	179	18	0.832614
0	179	113	0.805732
0	179	270	0.787608
0	179	265	0.764967
0	179	11	0.757695
0	179	278	0.747461
0	179	266	0.731866
0	179	272	0.720635
0	179	231	0.682712
0	179	119	0.675694
0	179	268	0.576236
0	179	280	0.570808
0	179	109	0.533932
0	179	271	0.471314
0	179	269	0.369142
0	179	277	0.346612
0	179	115	0.231583
0	179	255	0.165539
0	179	13	0.123386
0	179	16	-0.015018
0	179	17	-0.111872
0	180	266	0.826559
0	180	30	0.821251
0	180	18	0.818689
0	180	183	0.817080
0	180	264	0.816823
0	180	263	0.815994
0	180	14	0.808720
0	180	116	0.807869
0	180	119	0.803300
0	180	3	0.803109
0	180	61	0.800176
0	180	267	0.799528
0	180	11	0.798406
0	180	51	0.783377
0	180	270	0.782065
0	180	244	0.779885
0	180	112	0.776348
0	180	58	0.769992
0	180	63	0.769768
0	180	113	0.747644
0	180	8	0.746979
0	180	265	0.742433
0	180	278	0.734975
0	180	272	0.696058
0	180	231	0.676308
0	180	280	0.640548
0	180	268	0.607026
0	180	109	0.535940
0	180	271	0.533881
0	180	277	0.435894
0	180	269	0.430963
0	180	115	0.368633
0	180	255	0.272647
0	180	13	0.229165
0	180	16	0.101029
0	180	17	-0.007586
0	181	116	0.908277
0	181	3	0.901333
0	181	14	0.901210
0	181	264	0.899443
0	181	267	0.896377
0	181	244	0.880269
0	181	30	0.878420
0	181	63	0.870460
0	181	183	0.870449
0	181	58	0.870271
0	181	51	0.870196
0	181	8	0.854710
0	181	61	0.853143
0	181	18	0.841934
0	181	263	0.836701
0	181	112	0.824419
0	181	270	0.813292
0	181	113	0.791337
0	181	11	0.756475
0	181	265	0.747038
0	181	278	0.743451
0	181	266	0.715907
0	181	272	0.715824
0	181	231	0.712074
0	181	119	0.675188
0	181	268	0.540559
0	181	280	0.524167
0	181	109	0.521810
0	181	271	0.455675
0	181	269	0.333101
0	181	277	0.293549
0	181	115	0.243426
0	181	255	0.126055
0	181	13	0.088396
0	181	16	-0.024773
0	181	17	-0.143234
0	182	14	0.866036
0	182	3	0.860228
0	182	116	0.851067
0	182	30	0.840480
0	182	267	0.834912
0	182	183	0.827229
0	182	63	0.822805
0	182	51	0.821967
0	182	264	0.803358
0	182	61	0.801787
0	182	58	0.785502
0	182	244	0.780966
0	182	18	0.779315
0	182	263	0.778322
0	182	112	0.772578
0	182	265	0.761441
0	182	113	0.755988
0	182	8	0.741263
0	182	270	0.739570
0	182	11	0.710913
0	182	266	0.710402
0	182	119	0.673831
0	182	278	0.657176
0	182	272	0.651434
0	182	268	0.631362
0	182	231	0.586827
0	182	280	0.567231
0	182	271	0.523532
0	182	109	0.473109
0	182	269	0.447065
0	182	277	0.393811
0	182	115	0.277192
0	182	255	0.211770
0	182	13	0.198210
0	182	16	0.043928
0	182	17	-0.017886
0	183	116	0.906652
0	183	63	0.897363
0	183	267	0.891167
0	183	30	0.885871
0	183	183	0.884901
0	183	264	0.878470
0	183	51	0.878100
0	183	58	0.878061
0	183	14	0.876143
0	183	3	0.865832
0	183	244	0.855259
0	183	282	0.849898
0	183	275	0.843191
0	183	112	0.838624
0	183	263	0.837627
0	183	61	0.832505
0	183	270	0.825409
0	183	113	0.815102
0	183	18	0.814147
0	183	274	0.813366
0	183	288	0.808642
0	183	276	0.779897
0	183	285	0.770249
0	183	287	0.764521
0	183	294	0.724896
0	183	278	0.707159
0	183	291	0.693577
0	183	273	0.677894
0	183	272	0.669765
0	183	119	0.648982
0	183	231	0.641574
0	183	283	0.625176
0	183	292	0.621148
0	183	286	0.593700
0	183	268	0.574589
0	183	280	0.544030
0	183	279	0.509753
0	183	271	0.493313
0	183	284	0.493163
0	183	281	0.478223
0	183	290	0.446698
0	183	295	0.361124
0	183	293	0.317283
0	183	289	0.270488
0	183	115	0.207110
0	184	14	0.908136
0	184	244	0.894035
0	184	116	0.892295
0	184	264	0.891986
0	184	3	0.891741
0	184	267	0.886325
0	184	30	0.885906
0	184	51	0.866733
0	184	263	0.866322
0	184	61	0.864394
0	184	58	0.864388
0	184	63	0.864017
0	184	183	0.861161
0	184	11	0.856357
0	184	18	0.852242
0	184	8	0.851530
0	184	112	0.841286
0	184	266	0.823367
0	184	270	0.814157
0	184	278	0.789816
0	184	113	0.782253
0	184	265	0.776276
0	184	272	0.756631
0	184	231	0.736662
0	184	119	0.622838
0	184	268	0.568639
0	184	280	0.559859
0	184	109	0.539765
0	184	271	0.462628
0	184	269	0.347952
0	184	277	0.343371
0	184	115	0.231778
0	184	255	0.139119
0	184	13	0.092610
0	184	16	-0.045160
0	184	17	-0.127725
0	185	14	0.927974
0	185	267	0.918000
0	185	264	0.913337
0	185	30	0.911788
0	185	3	0.906690
0	185	116	0.900056
0	185	244	0.893222
0	185	183	0.886049
0	185	51	0.880305
0	185	58	0.877661
0	185	63	0.875096
0	185	8	0.856420
0	185	61	0.844868
0	185	18	0.835160
0	185	112	0.820270
0	185	263	0.815733
0	185	113	0.794379
0	185	278	0.778733
0	185	265	0.768068
0	185	11	0.760246
0	185	270	0.752752
0	185	272	0.721832
0	185	231	0.720517
0	185	266	0.700463
0	185	119	0.642162
0	185	268	0.549808
0	185	280	0.523356
0	185	109	0.515321
0	185	271	0.455708
0	185	269	0.325066
0	185	277	0.300505
0	185	115	0.178278
0	185	255	0.112466
0	185	13	0.077748
0	185	16	-0.066022
0	185	17	-0.157142
0	186	116	0.919419
0	186	14	0.915770
0	186	30	0.905920
0	186	3	0.905675
0	186	267	0.904217
0	186	244	0.901768
0	186	264	0.900658
0	186	183	0.898107
0	186	51	0.885171
0	186	63	0.873974
0	186	61	0.869442
0	186	58	0.867471
0	186	8	0.857899
0	186	18	0.847748
0	186	112	0.833554
0	186	263	0.828951
0	186	113	0.807747
0	186	270	0.772193
0	186	11	0.758922
0	186	265	0.748426
0	186	278	0.707533
0	186	231	0.706940
0	186	266	0.705272
0	186	272	0.694147
0	186	119	0.607203
0	186	268	0.545429
0	186	280	0.510344
0	186	109	0.508809
0	186	271	0.479018
0	186	269	0.327803
0	186	277	0.294163
0	186	115	0.183797
0	186	255	0.103100
0	186	13	0.073460
0	186	16	-0.069209
0	186	17	-0.155684
