0	1	8	23.003918
0	1	9	17.266220
0	1	1	16.795618
0	1	18	15.121807
0	1	3	8.573490
0	1	5	8.337887
0	1	6	6.806778
0	1	19	6.582105
0	1	11	6.439133
0	1	2	6.313155
0	1	7	5.646736
0	1	14	5.566360
0	1	15	5.062874
0	1	4	3.593587
0	1	0	2.634966
0	1	10	1.282027
0	1	17	-0.161529
0	1	16	-1.590280
0	1	13	-2.848603
0	1	12	-3.036366
0	2	9	27.945251
0	2	8	22.211887
0	2	1	20.030787
0	2	3	11.350182
0	2	5	11.255670
0	2	6	9.282555
0	2	18	7.502076
0	2	15	4.465015
0	2	2	3.513538
0	2	14	2.907325
0	2	0	2.891232
0	2	10	1.906427
0	2	4	1.575168
0	2	19	0.300709
0	2	17	-0.468040
0	2	12	-0.749299
0	2	11	-0.760265
0	2	16	-1.734072
0	2	7	-2.617257
0	2	13	-3.448059
0	3	9	20.593378
0	3	1	13.128576
0	3	5	8.048666
0	3	3	7.018951
0	3	4	6.869160
0	3	8	6.695010
0	3	18	6.503194
0	3	6	5.195334
0	3	19	4.242850
0	3	15	3.604798
0	3	2	3.568822
0	3	0	3.257406
0	3	10	2.716002
0	3	14	2.092954
0	3	17	1.417990
0	3	7	0.663539
0	3	11	-0.055339
0	3	12	-0.407388
0	3	16	-3.033808
0	3	13	-3.713335
0	14	27	7.356694
0	14	43	6.975858
0	14	31	6.580138
0	14	28	6.091935
0	14	63	5.907485
0	14	45	5.712777
0	14	8	5.102791
0	14	58	4.573155
0	14	26	3.990015
0	14	3	3.740898
0	14	51	3.396663
0	14	32	3.304546
0	14	22	3.207045
0	14	85	3.015148
0	14	52	2.550872
0	14	47	2.480441
0	14	48	2.065134
0	14	21	2.058505
0	14	69	1.908892
0	14	37	1.592746
0	14	54	1.502910
0	14	36	1.398113
0	14	57	1.105932
0	14	50	0.991585
0	14	66	0.969696
0	14	18	0.864477
0	14	14	0.842618
0	14	56	0.773465
0	14	61	0.759302
0	14	30	0.651114
0	14	46	0.607160
0	14	38	0.473872
0	14	79	0.373553
0	14	72	0.305028
0	14	40	0.109872
0	14	20	-0.143919
0	14	33	-0.183787
0	14	74	-0.195585
0	14	29	-0.276851
0	14	24	-0.699110
0	14	75	-0.712807
0	14	49	-0.727007
0	14	55	-0.817206
0	14	42	-0.829780
0	14	62	-0.919987
0	14	73	-0.944326
0	14	35	-0.946769
0	14	53	-0.981387
0	14	25	-0.981650
0	14	71	-1.295654
0	14	34	-1.354439
0	14	23	-1.463893
0	14	41	-1.492449
0	14	65	-1.523993
0	14	64	-1.741116
0	14	39	-1.890093
0	14	16	-2.035668
0	14	78	-2.317806
0	14	77	-2.544294
0	14	44	-2.899278
0	14	76	-3.225177
0	14	11	-3.758044
0	14	70	-3.795885
0	15	43	12.325857
0	15	28	10.572396
0	15	51	9.625283
0	15	22	8.521858
0	15	3	6.408279
0	15	26	5.778076
0	15	58	5.625213
0	15	63	5.612689
0	15	50	5.543546
0	15	45	4.839750
0	15	32	4.818285
0	15	31	4.521242
0	15	52	3.525486
0	15	27	3.202535
0	15	8	3.010867
0	15	14	2.724893
0	15	37	2.417887
0	15	36	2.410043
0	15	61	2.238415
0	15	48	1.464194
0	15	46	1.410189
0	15	21	1.383923
0	15	56	1.312122
0	15	72	1.297899
0	15	85	1.202322
0	15	54	1.201875
0	15	69	1.115246
0	15	18	1.026564
0	15	42	0.763226
0	15	47	0.714804
0	15	74	0.405845
0	15	30	0.244531
0	15	57	0.178835
0	15	20	-0.051765
0	15	66	-0.053988
0	15	38	-0.061555
0	15	35	-0.292823
0	15	79	-0.316466
0	15	23	-0.542922
0	15	29	-0.686860
0	15	53	-0.813984
0	15	25	-0.833352
0	15	49	-0.864811
0	15	40	-0.953028
0	15	62	-1.238200
0	15	34	-1.512608
0	15	55	-2.166462
0	15	24	-2.399137
0	15	75	-2.412241
0	15	33	-2.465925
0	15	64	-2.517164
0	15	73	-2.587944
0	15	41	-2.653441
0	15	71	-2.960597
0	15	65	-2.966549
0	15	39	-2.969906
0	15	16	-3.295047
0	15	78	-3.467765
0	15	77	-3.507730
0	15	44	-3.564090
0	15	76	-4.142107
0	15	11	-4.206594
0	15	70	-4.934931
0	16	56	16.710880
0	16	43	16.333849
0	16	26	15.772618
0	16	51	15.076201
0	16	63	13.643202
0	16	32	12.798090
0	16	28	12.228195
0	16	52	11.839380
0	16	58	11.807765
0	16	3	9.873542
0	16	54	9.673671
0	16	22	9.294485
0	16	45	5.340420
0	16	50	5.139440
0	16	61	4.461451
0	16	21	4.311416
0	16	47	4.162063
0	16	31	3.656493
0	16	27	3.427846
0	16	48	2.609955
0	16	30	2.495576
0	16	36	2.116846
0	16	53	1.544906
0	16	25	0.931337
0	16	49	0.011546
0	16	79	-0.037878
0	16	42	-0.045039
0	16	35	-0.191609
0	16	57	-0.238852
0	16	18	-0.544934
0	16	72	-0.767546
0	16	66	-0.997395
0	16	14	-1.038788
0	16	20	-1.209350
0	16	62	-1.427845
0	16	46	-1.893263
0	16	37	-2.283622
0	16	74	-2.310603
0	16	38	-2.823082
0	16	34	-3.099124
0	16	40	-3.099567
0	16	24	-3.241978
0	16	41	-3.503938
0	16	73	-3.643277
0	16	69	-3.680563
0	16	23	-3.846265
0	16	16	-4.074464
0	16	33	-4.147745
0	16	77	-4.178027
0	16	44	-4.242774
0	16	55	-4.277740
0	16	76	-4.286748
0	16	11	-4.360798
0	16	85	-4.369458
0	16	65	-4.484783
0	16	64	-4.551140
0	16	71	-4.726787
0	16	78	-4.761227
0	16	70	-4.869091
0	16	8	-5.020886
0	16	39	-5.042601
0	16	29	-5.126070
0	16	75	-5.234492
0	19	8	14.239355
0	19	3	13.769427
0	19	69	12.208595
0	19	37	10.912550
0	19	31	10.741030
0	19	22	9.612721
0	19	29	9.308477
0	19	85	9.009336
0	19	27	8.560943
0	19	26	8.270041
0	19	63	8.241770
0	19	46	7.656469
0	19	28	7.444593
0	19	58	6.973029
0	19	45	6.259827
0	19	38	6.114635
0	19	40	5.645718
0	19	43	5.606958
0	19	18	4.946370
0	19	51	4.929148
0	19	57	4.831852
0	19	36	4.422831
0	19	48	4.129661
0	19	61	4.086360
0	19	52	3.954314
0	19	25	3.638209
0	19	33	3.501189
0	19	75	3.475841
0	19	47	3.370032
0	19	72	3.153659
0	19	42	3.107420
0	19	21	2.840250
0	19	56	2.777183
0	19	20	2.769028
0	19	66	2.713479
0	19	32	2.416271
0	19	14	2.408214
0	19	50	2.092828
0	19	24	1.874206
0	19	30	1.866192
0	19	79	1.735386
0	19	54	1.436685
0	19	23	0.881528
0	19	62	0.302502
0	19	73	-0.149211
0	19	34	-0.225814
0	19	55	-0.235984
0	19	65	-0.544077
0	19	49	-0.924921
0	19	74	-0.943656
0	19	76	-0.960778
0	19	41	-1.005647
0	19	39	-1.014800
0	19	71	-1.025682
0	19	78	-1.294273
0	19	77	-1.315003
0	19	44	-1.438021
0	19	70	-1.495625
0	19	35	-1.545794
0	19	53	-1.699430
0	19	16	-1.962445
0	19	11	-2.435078
0	19	64	-3.145860
0	22	58	13.213590
0	22	26	10.944553
0	22	51	9.515302
0	22	63	9.282565
0	22	32	9.258904
0	22	43	8.461020
0	22	50	6.945329
0	22	22	6.733648
0	22	52	5.621243
0	22	3	5.351224
0	22	28	5.213600
0	22	54	5.136683
0	22	42	4.961884
0	22	53	4.494267
0	22	56	3.113886
0	22	36	2.508457
0	22	46	2.159292
0	22	37	2.152574
0	22	8	1.599723
0	22	61	1.554652
0	22	66	1.359583
0	22	34	0.907639
0	22	18	0.834062
0	22	31	0.826195
0	22	49	0.660453
0	22	20	0.279311
0	22	14	0.230483
0	22	21	0.199271
0	22	27	-0.116028
0	22	79	-0.123611
0	22	30	-0.312221
0	22	23	-0.419932
0	22	25	-0.705244
0	22	74	-0.769511
0	22	48	-0.832225
0	22	45	-1.229676
0	22	57	-1.242563
0	22	38	-1.324464
0	22	55	-1.458042
0	22	40	-1.584000
0	22	72	-1.629702
0	22	24	-1.703875
0	22	47	-1.792966
0	22	33	-2.108754
0	22	64	-2.419071
0	22	73	-2.660890
0	22	62	-2.782339
0	22	35	-2.813489
0	22	39	-2.880565
0	22	85	-2.944136
0	22	41	-3.211681
0	22	44	-3.553975
0	22	69	-3.661226
0	22	71	-3.708313
0	22	77	-3.810129
0	22	65	-3.967659
0	22	76	-4.008398
0	22	78	-4.106526
0	22	16	-4.350961
0	22	29	-4.833302
0	22	70	-4.837409
0	22	75	-5.056424
0	22	11	-5.094587
0	43	8	25.282433
0	43	89	24.321516
0	43	3	23.732649
0	43	26	22.679087
0	43	90	18.255541
0	43	86	17.486172
0	43	99	16.872547
0	43	61	14.514864
0	43	63	13.405032
0	43	95	13.312661
0	43	52	11.697060
0	43	97	10.160814
0	43	58	9.764340
0	43	107	9.255125
0	43	105	8.202760
0	43	15	7.843668
0	43	85	6.849789
0	43	94	6.670370
0	43	88	6.581761
0	43	14	6.385246
0	43	92	4.929440
0	43	18	4.186282
0	43	98	3.732830
0	43	91	3.688031
0	43	69	2.451334
0	43	96	2.344211
0	43	103	2.174925
0	43	17	1.231796
0	43	100	0.915360
0	43	108	0.150162
0	43	106	-1.012871
0	43	110	-1.419050
0	43	87	-2.121148
0	43	109	-2.444141
0	43	93	-2.722808
0	43	11	-3.594076
0	43	13	-4.826468
0	44	8	26.558592
0	44	97	24.715309
0	44	89	23.830076
0	44	95	23.571354
0	44	52	23.490669
0	44	3	23.448277
0	44	63	23.384220
0	44	99	22.663229
0	44	86	22.270056
0	44	58	22.120045
0	44	90	21.579432
0	44	15	20.649637
0	44	26	18.543741
0	44	93	11.886846
0	44	18	11.803890
0	44	61	11.684170
0	44	107	11.642506
0	44	94	11.367085
0	44	106	9.788270
0	44	100	9.427896
0	44	85	9.246548
0	44	14	8.762927
0	44	96	8.217707
0	44	98	7.948984
0	44	110	7.403098
0	44	91	6.218671
0	44	69	5.250719
0	44	108	3.271947
0	44	17	3.166346
0	44	109	2.982525
0	44	11	2.493394
0	44	103	2.286071
0	44	92	1.058995
0	44	105	0.266013
0	44	88	-0.864592
0	44	87	-2.504800
0	44	13	-2.591466
0	54	8	22.585461
0	54	3	18.105669
0	54	14	10.463326
0	54	17	5.308103
0	54	18	0.961967
0	54	16	-3.642323
0	54	11	-3.647112
0	54	111	-3.928628
0	54	7	-4.511481
0	54	13	-4.662559
0	57	8	27.151890
0	57	3	25.330492
0	57	18	8.423737
0	57	14	3.612541
0	57	17	2.386536
0	57	13	2.301424
0	57	16	-0.516031
0	57	7	-1.561679
0	57	111	-3.783193
0	57	11	-4.246630
0	58	8	20.391991
0	58	18	12.733798
0	58	3	10.072206
0	58	14	-1.595116
0	58	17	-2.344576
0	58	16	-3.000893
0	58	11	-5.293288
0	58	7	-5.360999
0	58	111	-6.083393
0	58	13	-6.291048
0	73	8	28.761415
0	73	158	27.304796
0	73	137	26.732277
0	73	132	25.603128
0	73	157	24.253006
0	73	154	23.550241
0	73	153	22.261999
0	73	150	19.850882
0	73	161	18.784906
0	73	146	18.595184
0	73	152	18.063841
0	73	151	17.746775
0	73	159	17.139259
0	73	148	16.181126
0	73	3	15.886925
0	73	149	14.469900
0	73	160	14.271022
0	73	169	12.825592
0	73	170	11.921185
0	73	168	11.365163
0	73	163	8.367508
0	73	18	6.795198
0	73	156	6.780813
0	73	14	3.075894
0	73	11	1.427229
0	73	162	1.421566
0	73	155	1.335683
0	73	145	0.932801
0	73	17	-0.660003
0	73	147	-1.071576
0	73	13	-3.681670
0	73	16	-4.175635
0	74	8	28.726990
0	74	158	26.694475
0	74	157	26.037024
0	74	132	25.614407
0	74	137	25.029249
0	74	3	24.362177
0	74	154	24.117987
0	74	153	22.680910
0	74	151	21.294090
0	74	150	21.120651
0	74	161	19.958447
0	74	152	19.177467
0	74	159	18.246033
0	74	169	10.910678
0	74	14	10.517588
0	74	148	8.781766
0	74	160	8.712933
0	74	170	8.352233
0	74	168	8.285276
0	74	155	7.793081
0	74	145	4.018013
0	74	18	3.748050
0	74	146	3.614578
0	74	149	3.593314
0	74	147	2.068628
0	74	163	1.569513
0	74	17	1.332883
0	74	156	-1.936067
0	74	11	-2.041024
0	74	16	-2.330085
0	74	162	-2.965897
0	74	13	-4.537311
0	75	8	27.635376
0	75	137	26.406822
0	75	132	25.962317
0	75	3	20.099695
0	75	165	15.263145
0	75	171	14.674778
0	75	14	13.807010
0	75	128	12.593566
0	75	18	11.884751
0	75	147	11.296874
0	75	160	9.655310
0	75	167	9.097120
0	75	145	6.306283
0	75	166	5.437755
0	75	146	4.670533
0	75	164	2.981206
0	75	17	1.539295
0	75	11	-1.036026
0	75	13	-1.565343
0	75	16	-2.533723
0	77	8	27.700491
0	77	137	26.949186
0	77	18	23.903639
0	77	3	22.777866
0	77	128	19.130804
0	77	14	18.070345
0	77	132	17.939285
0	77	145	12.404714
0	77	147	11.075551
0	77	166	10.803102
0	77	165	9.991497
0	77	160	7.218907
0	77	171	6.868664
0	77	146	4.892632
0	77	164	3.472230
0	77	167	3.427648
0	77	13	2.144973
0	77	17	2.141838
0	77	11	1.735693
0	77	16	-1.246959
0	94	116	24.119783
0	94	113	23.115494
0	94	190	18.577250
0	94	99	17.392157
0	94	8	14.281835
0	94	3	13.966945
0	94	200	12.965604
0	94	188	12.882440
0	94	51	12.607972
0	94	126	11.767161
0	94	201	11.141285
0	94	193	11.104115
0	94	205	10.346430
0	94	18	9.775169
0	94	192	7.569104
0	94	212	7.494132
0	94	14	7.447309
0	94	63	7.030087
0	94	207	6.415994
0	94	194	5.605975
0	94	206	4.855832
0	94	210	4.790483
0	94	197	3.897190
0	94	15	3.746939
0	94	198	2.981649
0	94	203	1.652917
0	94	199	0.714571
0	94	202	0.519850
0	94	189	0.306521
0	94	195	-0.547099
0	94	209	-0.587739
0	94	17	-0.802491
0	94	109	-0.863574
0	94	217	-1.233483
0	94	204	-1.997792
0	94	16	-2.521468
0	94	196	-2.587700
0	94	191	-2.992204
0	94	187	-3.107030
0	94	122	-3.962611
0	94	208	-4.619353
0	94	13	-5.379365
0	95	8	19.994078
0	95	190	19.400644
0	95	18	19.366159
0	95	201	17.983355
0	95	198	15.909682
0	95	116	15.799872
0	95	113	13.425095
0	95	3	13.282493
0	95	199	9.800759
0	95	193	9.045503
0	95	197	8.034121
0	95	189	7.987325
0	95	204	7.970550
0	95	99	7.567884
0	95	200	7.402168
0	95	217	7.232259
0	95	207	6.438592
0	95	15	6.427724
0	95	194	5.259644
0	95	206	4.908906
0	95	17	4.378245
0	95	203	3.810770
0	95	63	3.791560
0	95	51	3.346890
0	95	192	3.091082
0	95	187	2.999283
0	95	209	2.212930
0	95	191	2.203230
0	95	188	2.200408
0	95	196	2.062969
0	95	14	2.038261
0	95	210	1.973998
0	95	109	1.960289
0	95	13	1.952105
0	95	122	1.593358
0	95	202	1.591305
0	95	208	1.373628
0	95	126	0.273635
0	95	212	0.248056
0	95	195	-0.103903
0	95	205	-0.180694
0	95	16	-0.684511
0	96	116	24.251640
0	96	8	22.666632
0	96	190	20.043253
0	96	3	19.753649
0	96	201	18.479959
0	96	99	16.978203
0	96	51	13.203655
0	96	199	12.202125
0	96	200	11.680749
0	96	188	10.916592
0	96	193	10.534195
0	96	63	8.961274
0	96	18	8.350255
0	96	207	8.332303
0	96	192	7.490040
0	96	113	7.229731
0	96	205	6.879666
0	96	210	6.705188
0	96	15	6.257270
0	96	206	6.058231
0	96	194	4.663054
0	96	212	4.602248
0	96	197	4.214257
0	96	14	2.980203
0	96	198	2.802193
0	96	17	0.508792
0	96	203	0.269879
0	96	126	0.146116
0	96	202	-0.341758
0	96	217	-0.810834
0	96	204	-0.891996
0	96	109	-1.037300
0	96	16	-1.288549
0	96	122	-1.452780
0	96	195	-1.933657
0	96	209	-2.240337
0	96	196	-2.303595
0	96	189	-3.190975
0	96	191	-3.234118
0	96	187	-3.962248
0	96	208	-4.057624
0	96	13	-4.540668
0	99	190	24.948992
0	99	113	23.947821
0	99	99	21.546915
0	99	3	21.060982
0	99	211	20.455122
0	99	51	18.016050
0	99	193	16.982660
0	99	63	16.312870
0	99	212	15.248469
0	99	15	13.997332
0	99	192	13.913908
0	99	201	13.561129
0	99	18	12.891631
0	99	206	12.339822
0	99	8	11.095105
0	99	207	10.557085
0	99	200	10.263749
0	99	116	10.246909
0	99	194	6.546216
0	99	203	4.060905
0	99	198	3.432041
0	99	14	2.713369
0	99	199	1.937114
0	99	205	1.218848
0	99	202	0.716740
0	99	126	0.506033
0	99	188	0.430186
0	99	109	0.330342
0	99	197	-0.627103
0	99	217	-0.637950
0	99	210	-0.887006
0	99	122	-1.048273
0	99	189	-1.181578
0	99	196	-1.304243
0	99	195	-1.399425
0	99	204	-1.430563
0	99	209	-1.502787
0	99	16	-3.521211
0	99	191	-3.955793
0	99	13	-4.126575
0	100	99	17.725452
0	100	3	14.459105
0	100	51	14.119740
0	100	190	13.853697
0	100	113	12.081602
0	100	63	8.409679
0	100	18	3.892450
0	100	188	1.909900
0	100	207	1.750974
0	100	201	1.525141
0	100	15	1.394011
0	100	200	1.321515
0	100	194	1.252793
0	100	116	0.928665
0	100	206	0.093805
0	100	211	-0.504085
0	100	212	-0.895872
0	100	109	-0.967627
0	100	192	-1.859794
0	100	193	-2.727725
0	100	197	-2.898303
0	100	205	-3.007462
0	100	199	-3.074577
0	100	8	-3.180568
0	100	14	-3.258126
0	100	203	-3.366528
0	100	198	-3.561912
0	100	210	-3.877103
0	100	122	-3.986565
0	100	196	-4.379619
0	100	195	-4.409636
0	100	209	-4.427635
0	100	126	-4.721698
0	100	189	-4.839205
0	100	202	-5.003458
0	100	191	-5.204639
0	100	204	-5.350345
0	100	217	-5.529945
0	100	16	-5.613626
0	100	13	-6.036759
0	123	201	25.207848
0	123	224	24.130186
0	123	190	22.361004
0	123	8	20.335546
0	123	243	20.113182
0	123	3	19.205187
0	123	207	17.528084
0	123	96	17.438147
0	123	51	16.664448
0	123	221	16.547480
0	123	239	15.201794
0	123	228	14.355513
0	123	226	13.632699
0	123	232	12.895226
0	123	227	11.219176
0	123	199	11.126393
0	123	240	10.176956
0	123	18	9.842074
0	123	235	8.561858
0	123	236	8.542802
0	123	116	8.225863
0	123	241	8.196333
0	123	246	7.963928
0	123	99	7.398516
0	123	225	6.621472
0	123	245	6.550921
0	123	242	6.173045
0	123	233	5.882750
0	123	234	5.808475
0	123	231	5.488914
0	123	188	5.144035
0	123	222	4.574219
0	123	197	3.829197
0	123	229	3.762422
0	123	198	3.020312
0	123	238	2.998002
0	123	244	2.900543
0	123	223	2.679823
0	123	14	2.363907
0	123	16	2.030972
0	123	247	1.576806
0	123	210	1.499738
0	123	196	1.441004
0	123	217	1.389409
0	123	230	0.966843
0	123	122	0.879476
0	123	11	0.703070
0	123	237	-1.553570
0	123	191	-2.385991
0	123	187	-2.717936
0	123	208	-2.969851
0	124	224	15.898556
0	124	232	15.679615
0	124	8	11.098701
0	124	207	10.345584
0	124	51	6.599570
0	124	201	6.220191
0	124	3	5.546259
0	124	18	5.219756
0	124	221	5.042396
0	124	240	2.560235
0	124	236	2.487939
0	124	190	2.306894
0	124	14	1.989422
0	124	227	1.782677
0	124	99	1.439894
0	124	197	1.284491
0	124	228	0.838812
0	124	233	0.660896
0	124	198	0.463892
0	124	188	0.431300
0	124	210	0.346081
0	124	225	-0.152290
0	124	222	-0.465013
0	124	235	-0.548885
0	124	116	-0.589091
0	124	238	-0.739592
0	124	244	-0.762718
0	124	231	-0.957004
0	124	199	-1.027436
0	124	245	-1.168500
0	124	191	-1.187202
0	124	226	-1.372583
0	124	239	-1.458133
0	124	96	-2.046732
0	124	246	-2.409438
0	124	229	-2.777236
0	124	234	-3.491937
0	124	247	-3.661524
0	124	230	-3.708057
0	124	243	-3.819228
0	124	241	-4.066115
0	124	208	-4.197380
0	124	223	-4.220963
0	124	196	-4.358100
0	124	217	-4.359500
0	124	187	-4.493792
0	124	122	-4.574557
0	124	11	-4.628080
0	124	242	-4.862628
0	124	16	-5.034738
0	124	237	-5.223817
0	125	8	25.791414
0	125	207	25.189457
0	125	232	24.489519
0	125	221	24.207357
0	125	3	24.159122
0	125	224	23.746513
0	125	190	22.890039
0	125	228	22.882420
0	125	201	20.765549
0	125	226	17.462769
0	125	96	17.018194
0	125	243	16.384092
0	125	233	16.149826
0	125	236	16.142363
0	125	240	15.152967
0	125	210	14.649634
0	125	245	14.061507
0	125	18	12.683784
0	125	227	11.971667
0	125	51	11.468135
0	125	99	10.884470
0	125	222	9.803628
0	125	244	9.503170
0	125	231	9.093469
0	125	197	8.573072
0	125	14	8.240643
0	125	239	8.196480
0	125	229	7.063766
0	125	246	6.610217
0	125	198	5.795865
0	125	241	5.608258
0	125	235	5.420367
0	125	199	4.761358
0	125	116	4.321863
0	125	238	3.168210
0	125	188	2.895745
0	125	234	0.890159
0	125	230	0.796200
0	125	242	0.189071
0	125	225	-0.920428
0	125	196	-1.189302
0	125	223	-1.203128
0	125	16	-2.122156
0	125	247	-2.136095
0	125	11	-2.507227
0	125	208	-2.847389
0	125	217	-3.183079
0	125	237	-4.136285
0	125	122	-4.284523
0	125	187	-4.645334
0	125	191	-5.142106
0	126	224	22.737646
0	126	226	22.346367
0	126	190	21.504982
0	126	240	18.009481
0	126	222	17.929146
0	126	232	16.921236
0	126	221	16.744684
0	126	51	16.560106
0	126	236	15.912710
0	126	3	15.744942
0	126	8	15.387263
0	126	207	15.120852
0	126	201	14.943104
0	126	245	13.572495
0	126	227	12.919327
0	126	116	12.070395
0	126	18	12.059621
0	126	188	11.372355
0	126	239	11.069818
0	126	229	11.000414
0	126	244	10.851507
0	126	99	9.970600
0	126	198	9.057926
0	126	14	8.723676
0	126	238	6.790558
0	126	243	6.630513
0	126	246	6.472883
0	126	228	6.021472
0	126	96	5.524601
0	126	235	5.021229
0	126	233	3.658413
0	126	225	3.610640
0	126	231	3.292989
0	126	210	3.182554
0	126	242	2.980968
0	126	223	2.360772
0	126	197	2.148165
0	126	217	1.492489
0	126	196	0.677524
0	126	187	0.145965
0	126	234	-0.450051
0	126	199	-0.480979
0	126	241	-0.492730
0	126	230	-1.069638
0	126	11	-1.703976
0	126	16	-2.613842
0	126	122	-2.713207
0	126	247	-2.852797
0	126	191	-3.134581
0	126	237	-4.482947
0	126	208	-4.790350
0	127	232	25.598888
0	127	3	25.396931
0	127	224	25.279055
0	127	190	25.068686
0	127	207	23.571383
0	127	221	20.889557
0	127	99	18.819958
0	127	51	17.014692
0	127	188	16.887732
0	127	230	15.842289
0	127	116	12.634104
0	127	242	11.835958
0	127	231	11.158694
0	127	229	10.981214
0	127	201	10.484261
0	127	238	10.248851
0	127	243	9.935287
0	127	240	9.321799
0	127	197	8.935120
0	127	222	7.296062
0	127	245	7.137284
0	127	14	7.053394
0	127	18	6.568046
0	127	226	5.932439
0	127	228	5.781823
0	127	16	4.354458
0	127	210	3.970115
0	127	244	3.510990
0	127	236	2.719764
0	127	239	1.713819
0	127	227	0.817034
0	127	198	0.612880
0	127	199	0.234894
0	127	8	0.160231
0	127	233	-0.135851
0	127	234	-0.189134
0	127	241	-0.327859
0	127	96	-0.528300
0	127	225	-0.600868
0	127	235	-2.420404
0	127	247	-2.527534
0	127	246	-2.737959
0	127	196	-2.866629
0	127	217	-3.049021
0	127	223	-3.075172
0	127	122	-3.392460
0	127	208	-3.561943
0	127	11	-4.397048
0	127	237	-4.552165
0	127	191	-4.728903
0	127	187	-4.767491
0	144	8	11.687579
0	144	3	10.538044
0	144	200	7.702072
0	144	201	6.779405
0	144	252	4.596408
0	144	251	3.857469
0	144	18	2.607722
0	144	258	2.586853
0	144	14	2.383932
0	144	254	2.341124
0	144	253	2.162917
0	144	63	2.086892
0	144	248	1.939709
0	144	110	1.592124
0	144	113	1.377782
0	144	199	0.834728
0	144	17	-0.447199
0	144	257	-0.450269
0	144	11	-0.587372
0	144	109	-1.249467
0	144	250	-1.767908
0	144	249	-2.256488
0	144	256	-2.357243
0	144	187	-2.434447
0	144	255	-2.742051
0	144	191	-3.681869
0	144	13	-4.012233
0	144	16	-4.429691
0	144	208	-5.248857
0	145	8	26.343489
0	145	3	21.972136
0	145	252	21.818741
0	145	253	20.146870
0	145	251	19.930235
0	145	110	16.358505
0	145	201	13.138377
0	145	18	12.550456
0	145	258	11.812634
0	145	187	10.738537
0	145	11	8.466114
0	145	199	8.435425
0	145	109	7.829130
0	145	249	7.745152
0	145	63	7.025789
0	145	200	5.717711
0	145	14	5.690040
0	145	248	5.035070
0	145	254	3.415210
0	145	113	3.263116
0	145	17	3.004453
0	145	250	1.882699
0	145	257	1.416015
0	145	191	-0.121555
0	145	256	-0.614398
0	145	255	-0.664074
0	145	16	-3.142022
0	145	13	-3.848272
0	145	208	-5.177894
0	146	201	22.023430
0	146	8	20.163269
0	146	3	15.953002
0	146	18	12.403128
0	146	199	11.610894
0	146	63	9.226279
0	146	253	9.192254
0	146	200	9.121925
0	146	257	9.064630
0	146	258	8.033792
0	146	251	7.898959
0	146	113	7.545181
0	146	252	4.631285
0	146	14	4.034531
0	146	110	3.552743
0	146	256	3.186895
0	146	249	2.876933
0	146	109	2.793672
0	146	250	2.679481
0	146	248	2.532752
0	146	187	1.910330
0	146	17	1.652843
0	146	11	1.534269
0	146	254	1.315339
0	146	16	-0.858156
0	146	13	-1.649219
0	146	191	-1.822032
0	146	255	-2.162330
0	146	208	-4.041180
0	147	8	22.287155
0	147	257	18.860476
0	147	3	14.129206
0	147	253	12.959250
0	147	252	12.958707
0	147	63	11.768821
0	147	200	11.288796
0	147	199	11.177318
0	147	201	10.962699
0	147	248	8.459855
0	147	110	8.452474
0	147	251	6.985865
0	147	258	6.322954
0	147	11	6.136415
0	147	18	5.500265
0	147	113	4.817479
0	147	255	4.310176
0	147	256	4.144700
0	147	191	4.061980
0	147	14	3.354693
0	147	254	3.024553
0	147	250	2.640143
0	147	109	0.918244
0	147	17	0.744368
0	147	249	0.015600
0	147	187	-1.016186
0	147	16	-3.139058
0	147	208	-4.370893
0	147	13	-5.963816
0	148	3	11.367436
0	148	113	9.692697
0	148	200	9.437974
0	148	201	9.139455
0	148	258	7.994833
0	148	63	7.923438
0	148	253	4.918109
0	148	252	4.665168
0	148	199	4.110486
0	148	8	4.007280
0	148	254	3.645364
0	148	257	2.381745
0	148	18	1.180239
0	148	248	0.798905
0	148	249	0.060581
0	148	14	0.052437
0	148	251	-0.035675
0	148	17	-0.349250
0	148	256	-1.389003
0	148	109	-1.555978
0	148	11	-2.030046
0	148	250	-2.051701
0	148	16	-2.659151
0	148	110	-2.883723
0	148	187	-3.856762
0	148	191	-4.015793
0	148	208	-4.293456
0	148	255	-4.637859
0	148	13	-5.675504
0	150	8	27.904488
0	150	201	24.540815
0	150	253	19.656050
0	150	251	19.507177
0	150	257	16.506020
0	150	252	14.477904
0	150	258	13.637357
0	150	3	12.460575
0	150	63	11.645340
0	150	200	10.965961
0	150	18	9.729678
0	150	14	9.257483
0	150	199	6.114999
0	150	113	3.248631
0	150	17	2.751090
0	150	249	1.331311
0	150	254	0.510594
0	150	248	-0.637962
0	150	250	-1.015222
0	150	110	-1.037802
0	150	109	-1.421287
0	150	256	-1.575711
0	150	11	-1.919097
0	150	187	-2.378701
0	150	16	-2.867563
0	150	13	-3.870571
0	150	255	-4.540349
0	150	191	-4.861150
0	150	208	-5.182081
0	177	116	27.760372
0	177	8	26.885759
0	177	267	26.754797
0	177	183	26.511662
0	177	264	26.487112
0	177	263	26.436642
0	177	270	25.598774
0	177	3	24.409014
0	177	244	23.329380
0	177	30	21.251116
0	177	115	20.496723
0	177	271	18.672422
0	177	265	18.329227
0	177	231	17.844402
0	177	61	17.211969
0	177	280	13.749939
0	177	269	11.931027
0	177	113	11.058845
0	177	112	10.202679
0	177	119	9.507669
0	177	278	9.352920
0	177	18	8.593948
0	177	63	8.521270
0	177	17	6.845279
0	177	266	6.272435
0	177	51	5.781538
0	177	268	4.983962
0	177	272	4.628661
0	177	58	4.287821
0	177	14	3.191818
0	177	277	2.007357
0	177	16	0.356732
0	177	109	-0.408323
0	177	11	-0.455370
0	177	255	-2.882676
0	177	13	-3.406141
0	178	183	23.817829
0	178	270	23.612377
0	178	8	22.670918
0	178	264	21.102032
0	178	3	19.927771
0	178	116	17.857908
0	178	17	13.434150
0	178	231	11.822751
0	178	265	10.578238
0	178	30	10.392470
0	178	115	10.002311
0	178	278	9.909623
0	178	244	7.729746
0	178	263	7.357470
0	178	271	5.930476
0	178	63	5.367936
0	178	113	5.326585
0	178	269	5.215839
0	178	119	4.805228
0	178	18	4.774643
0	178	16	4.695098
0	178	61	4.631421
0	178	267	4.451967
0	178	280	4.074027
0	178	266	3.988773
0	178	112	3.282702
0	178	51	2.449408
0	178	272	1.345149
0	178	58	0.772974
0	178	14	0.708005
0	178	268	-0.512533
0	178	11	-0.660338
0	178	109	-0.712776
0	178	277	-0.963585
0	178	13	-1.100801
0	178	255	-1.867543
0	179	183	24.708487
0	179	8	23.333984
0	179	3	18.973007
0	179	116	18.387539
0	179	61	16.955322
0	179	264	15.240301
0	179	51	14.823609
0	179	63	10.278192
0	179	265	9.319147
0	179	267	8.940009
0	179	112	8.524240
0	179	244	8.233804
0	179	263	8.230148
0	179	270	7.362176
0	179	113	5.800031
0	179	30	5.549087
0	179	231	4.185722
0	179	271	4.164103
0	179	58	3.815078
0	179	18	2.406651
0	179	269	1.972715
0	179	280	1.306170
0	179	17	0.388843
0	179	278	0.350451
0	179	14	-0.214746
0	179	115	-0.333222
0	179	268	-0.432009
0	179	277	-0.934970
0	179	119	-0.963294
0	179	109	-1.268151
0	179	16	-1.383603
0	179	11	-1.722040
0	179	272	-2.103658
0	179	255	-2.728043
0	179	266	-3.182687
0	179	13	-4.419539
0	180	183	22.968719
0	180	8	21.881990
0	180	270	20.472528
0	180	263	19.242109
0	180	30	17.024635
0	180	264	15.359765
0	180	116	15.289690
0	180	115	13.862761
0	180	3	13.583549
0	180	269	11.068696
0	180	244	10.070821
0	180	119	7.041976
0	180	11	6.911460
0	180	231	6.435990
0	180	267	5.833168
0	180	268	5.655440
0	180	271	4.923861
0	180	61	4.903615
0	180	63	4.713129
0	180	266	4.432245
0	180	265	4.404815
0	180	17	4.019898
0	180	51	3.414375
0	180	18	3.294406
0	180	280	3.108268
0	180	113	2.563049
0	180	109	2.296486
0	180	58	2.286371
0	180	112	2.052749
0	180	272	1.901682
0	180	277	1.535189
0	180	255	1.513261
0	180	278	1.411439
0	180	14	1.247579
0	180	13	-1.993066
0	180	16	-2.126999
0	181	116	26.446896
0	181	183	25.888691
0	181	264	24.767090
0	181	3	23.961445
0	181	265	18.823097
0	181	263	18.759663
0	181	8	18.564079
0	181	244	15.719726
0	181	270	13.770860
0	181	61	13.727510
0	181	63	13.432728
0	181	30	11.635168
0	181	267	11.413174
0	181	280	10.451605
0	181	231	8.640266
0	181	119	8.325782
0	181	51	7.991419
0	181	112	7.563299
0	181	18	6.073906
0	181	113	5.965179
0	181	271	5.666058
0	181	115	4.950254
0	181	269	3.832361
0	181	17	3.814624
0	181	14	3.414870
0	181	268	2.420414
0	181	58	1.996127
0	181	277	1.918129
0	181	278	1.625578
0	181	109	-0.862321
0	181	272	-1.090664
0	181	266	-1.614418
0	181	16	-2.260395
0	181	11	-3.043155
0	181	255	-4.069052
0	181	13	-5.019550
0	182	183	24.631111
0	182	3	22.781845
0	182	113	16.327864
0	182	61	16.265518
0	182	264	15.500285
0	182	112	14.392520
0	182	51	14.165316
0	182	8	13.815626
0	182	63	13.586923
0	182	18	12.919578
0	182	280	12.096576
0	182	116	10.617231
0	182	58	8.261158
0	182	14	7.524159
0	182	267	7.105091
0	182	265	6.576097
0	182	244	6.042129
0	182	30	4.718057
0	182	119	4.208324
0	182	271	4.109252
0	182	17	3.857183
0	182	231	3.162406
0	182	263	2.951902
0	182	115	2.695659
0	182	109	2.428442
0	182	268	2.284088
0	182	270	2.050534
0	182	277	1.599708
0	182	269	1.253360
0	182	278	1.072837
0	182	272	-1.063623
0	182	16	-2.342792
0	182	266	-2.414652
0	182	11	-4.531339
0	182	13	-4.938937
0	182	255	-5.044036
0	183	183	19.166746
0	183	267	18.871189
0	183	113	18.152153
0	183	116	11.446100
0	183	264	10.589138
0	183	276	9.560722
0	183	273	9.242019
0	183	294	8.965794
0	183	291	8.719591
0	183	51	8.402181
0	183	285	8.264329
0	183	61	7.700559
0	183	63	7.344267
0	183	279	6.331661
0	183	263	6.319290
0	183	3	6.180580
0	183	18	4.660245
0	183	275	4.430872
0	183	58	3.685152
0	183	282	3.670027
0	183	112	2.596906
0	183	231	2.506909
0	183	274	2.207176
0	183	289	2.204484
0	183	283	2.051215
0	183	290	2.021296
0	183	30	1.929417
0	183	244	1.556121
0	183	14	1.488047
0	183	295	1.178906
0	183	271	0.859273
0	183	278	0.443086
0	183	270	-0.318189
0	183	288	-0.449682
0	183	287	-0.923114
0	183	268	-1.382492
0	183	281	-2.276380
0	183	280	-2.415733
0	183	115	-2.423926
0	183	284	-2.758696
0	183	286	-3.175220
0	183	292	-3.478016
0	183	119	-3.486310
0	183	272	-3.928226
0	183	293	-4.564982
0	184	183	25.786404
0	184	116	18.794664
0	184	8	15.987483
0	184	244	13.879803
0	184	3	13.764491
0	184	115	13.075893
0	184	263	11.873566
0	184	270	11.425581
0	184	119	10.337595
0	184	61	9.380301
0	184	266	8.110455
0	184	112	6.956355
0	184	267	6.817420
0	184	268	6.812835
0	184	264	6.439091
0	184	51	5.892567
0	184	63	5.150301
0	184	255	4.081952
0	184	269	3.828159
0	184	30	3.601569
0	184	18	3.106621
0	184	277	3.093682
0	184	265	2.836722
0	184	271	2.707657
0	184	231	1.475301
0	184	58	1.135002
0	184	113	0.274080
0	184	280	-0.064817
0	184	17	-0.231942
0	184	14	-0.615053
0	184	278	-0.888831
0	184	109	-1.500859
0	184	272	-1.795389
0	184	11	-1.936527
0	184	16	-3.725681
0	184	13	-4.282501
0	185	8	26.685740
0	185	183	26.272305
0	185	270	25.630442
0	185	30	25.618937
0	185	265	25.374937
0	185	3	24.424652
0	185	264	24.196508
0	185	244	23.496191
0	185	263	23.068569
0	185	116	19.537863
0	185	231	18.972717
0	185	280	18.206367
0	185	269	18.072664
0	185	272	17.299192
0	185	271	16.982494
0	185	115	14.151272
0	185	61	12.449980
0	185	267	11.507236
0	185	14	10.200346
0	185	11	10.036879
0	185	119	10.007538
0	185	51	8.737041
0	185	278	8.607375
0	185	18	7.851905
0	185	63	7.629998
0	185	17	6.833329
0	185	112	6.041574
0	185	266	5.873269
0	185	113	5.628769
0	185	109	5.547356
0	185	268	4.053820
0	185	58	2.282902
0	185	277	0.844499
0	185	16	0.626571
0	185	255	-0.485300
0	185	13	-3.531918
0	186	8	27.849417
0	186	61	27.656853
0	186	244	27.552170
0	186	116	27.539238
0	186	263	27.177591
0	186	265	27.143541
0	186	3	27.055351
0	186	264	27.039375
0	186	271	26.766014
0	186	183	26.727676
0	186	30	26.345877
0	186	270	25.521891
0	186	113	25.355955
0	186	112	25.000483
0	186	51	22.906908
0	186	269	21.853704
0	186	280	21.495903
0	186	119	21.215693
0	186	63	21.028229
0	186	267	20.102362
0	186	115	19.346138
0	186	18	17.365145
0	186	268	15.189574
0	186	231	14.398128
0	186	14	11.639262
0	186	278	8.832137
0	186	17	7.988838
0	186	266	7.896736
0	186	109	5.935473
0	186	277	5.493550
0	186	11	3.651924
0	186	58	3.125768
0	186	272	1.418129
0	186	16	0.085689
0	186	255	-1.740752
0	186	13	-5.083245
