0	1	5	8.273060
0	1	11	8.157450
0	1	8	7.605897
0	1	18	7.584566
0	1	15	7.565648
0	1	14	7.355040
0	1	3	6.057572
0	1	0	5.824859
0	1	13	5.105841
0	1	10	2.148559
0	1	1	1.334656
0	1	2	1.107168
0	1	6	-0.643202
0	1	7	-0.670091
0	1	4	-1.012180
0	1	9	-1.564465
0	1	16	-4.173282
0	1	12	-5.358957
0	1	19	-8.033263
0	1	17	-11.518051
0	2	8	4.116579
0	2	11	2.355935
0	2	13	0.708814
0	2	5	-0.575155
0	2	18	-1.054186
0	2	15	-1.295250
0	2	3	-2.119858
0	2	0	-2.235654
0	2	1	-3.884863
0	2	9	-6.162813
0	2	14	-6.418397
0	2	2	-6.553150
0	2	6	-6.785197
0	2	16	-7.598606
0	2	10	-8.896835
0	2	7	-9.749650
0	2	4	-10.066646
0	2	12	-11.013579
0	2	19	-11.235102
0	2	17	-12.997902
0	3	1	6.255426
0	3	8	4.300887
0	3	11	4.219431
0	3	14	3.816393
0	3	5	2.290290
0	3	3	1.259501
0	3	15	0.582889
0	3	13	0.376523
0	3	18	-0.987344
0	3	6	-2.163368
0	3	2	-3.608295
0	3	0	-3.972061
0	3	4	-5.799932
0	3	10	-6.462871
0	3	7	-6.823716
0	3	16	-8.632972
0	3	9	-8.738005
0	3	19	-10.717481
0	3	12	-11.107458
0	3	17	-12.915668
0	14	26	9.540778
0	14	21	9.277064
0	14	31	8.767763
0	14	32	8.145166
0	14	24	8.045779
0	14	51	7.595712
0	14	57	7.595029
0	14	27	7.049236
0	14	63	6.172050
0	14	53	5.912454
0	14	43	5.642672
0	14	46	4.646227
0	14	65	4.606441
0	14	30	4.475682
0	14	11	4.225439
0	14	61	4.199238
0	14	23	3.834738
0	14	71	3.588727
0	14	8	3.407431
0	14	22	3.063496
0	14	56	2.789521
0	14	20	2.776518
0	14	39	1.468682
0	14	33	0.455802
0	14	48	0.385015
0	14	37	-0.245062
0	14	54	-0.437447
0	14	3	-0.667412
0	14	52	-1.105490
0	14	72	-1.276778
0	14	14	-1.526172
0	14	69	-1.830019
0	14	42	-2.006564
0	14	36	-2.016898
0	14	29	-2.129749
0	14	49	-2.485698
0	14	55	-3.018259
0	14	73	-3.255582
0	14	18	-3.471487
0	14	62	-3.658358
0	14	34	-3.726002
0	14	50	-3.939771
0	14	47	-4.241273
0	14	66	-5.044644
0	14	38	-5.308621
0	14	78	-5.352072
0	14	74	-5.636245
0	14	64	-5.847610
0	14	58	-6.216714
0	14	77	-6.245545
0	14	28	-6.469929
0	14	45	-6.854534
0	14	25	-7.247832
0	14	41	-7.517057
0	14	85	-7.569073
0	14	75	-7.643340
0	14	70	-8.245107
0	14	35	-8.392454
0	14	40	-8.533613
0	14	16	-8.645744
0	14	76	-8.880007
0	14	44	-10.997499
0	14	79	-11.392771
0	15	21	10.144877
0	15	51	9.552115
0	15	32	9.518833
0	15	26	9.492738
0	15	24	9.296181
0	15	31	9.192302
0	15	63	8.780132
0	15	61	8.627719
0	15	54	8.533438
0	15	27	8.159084
0	15	20	8.094527
0	15	43	7.849882
0	15	57	7.346973
0	15	8	6.793782
0	15	65	4.404771
0	15	53	4.330889
0	15	46	4.262757
0	15	56	4.206971
0	15	22	3.765645
0	15	11	3.346279
0	15	47	1.342165
0	15	30	1.246829
0	15	52	1.231108
0	15	39	0.467156
0	15	72	-1.289947
0	15	37	-1.558998
0	15	48	-1.579847
0	15	36	-2.130793
0	15	14	-2.214188
0	15	23	-2.389599
0	15	69	-3.371990
0	15	33	-3.500373
0	15	18	-3.889487
0	15	55	-4.033567
0	15	49	-4.196628
0	15	42	-4.351464
0	15	29	-4.553457
0	15	58	-4.629202
0	15	50	-4.836052
0	15	62	-4.851730
0	15	85	-5.027619
0	15	74	-5.115076
0	15	78	-5.724254
0	15	73	-5.821784
0	15	3	-5.944982
0	15	28	-5.969447
0	15	34	-5.976975
0	15	70	-6.522952
0	15	66	-6.577391
0	15	25	-7.207573
0	15	77	-7.453937
0	15	64	-7.523933
0	15	45	-7.543736
0	15	38	-7.791253
0	15	41	-7.874757
0	15	40	-7.950573
0	15	71	-8.324749
0	15	16	-8.725061
0	15	76	-9.550222
0	15	35	-10.101149
0	15	75	-10.107356
0	15	44	-10.329341
0	15	79	-12.503187
0	16	61	5.414638
0	16	46	4.725798
0	16	27	4.396216
0	16	21	4.200525
0	16	26	4.128834
0	16	8	4.084782
0	16	31	3.943024
0	16	29	3.485358
0	16	51	3.330413
0	16	20	1.625326
0	16	65	1.577205
0	16	11	1.379004
0	16	24	1.216036
0	16	43	1.208980
0	16	39	0.613795
0	16	56	0.503256
0	16	37	0.455887
0	16	57	0.136151
0	16	69	0.128451
0	16	53	-0.452222
0	16	3	-0.459938
0	16	63	-0.658454
0	16	18	-1.484003
0	16	54	-1.949253
0	16	32	-1.967510
0	16	22	-2.598112
0	16	23	-2.614724
0	16	30	-2.741600
0	16	71	-3.131378
0	16	74	-3.154875
0	16	62	-3.185463
0	16	36	-3.433627
0	16	49	-3.511464
0	16	33	-3.633102
0	16	48	-3.704755
0	16	73	-3.805918
0	16	47	-4.214555
0	16	72	-4.249018
0	16	52	-4.365281
0	16	45	-4.571268
0	16	28	-4.692934
0	16	55	-5.049135
0	16	75	-5.104175
0	16	14	-5.482157
0	16	34	-6.221010
0	16	38	-6.258750
0	16	40	-6.258959
0	16	42	-6.288861
0	16	25	-6.503316
0	16	16	-6.541042
0	16	41	-6.726732
0	16	58	-7.438951
0	16	64	-7.634261
0	16	50	-8.108990
0	16	78	-8.191458
0	16	77	-8.261100
0	16	35	-8.471702
0	16	66	-8.918945
0	16	85	-9.273438
0	16	70	-10.485253
0	16	44	-10.961495
0	16	76	-11.036708
0	16	79	-11.115697
0	19	32	8.641838
0	19	21	8.191298
0	19	43	6.614645
0	19	53	5.779003
0	19	23	5.166181
0	19	61	2.665234
0	19	69	2.497635
0	19	46	2.319706
0	19	24	1.869863
0	19	22	1.444447
0	19	18	0.108975
0	19	51	-0.150225
0	19	37	-0.387974
0	19	30	-0.645563
0	19	26	-0.689956
0	19	39	-0.699051
0	19	57	-1.762014
0	19	8	-1.969305
0	19	65	-2.961878
0	19	63	-3.222796
0	19	3	-3.294713
0	19	52	-3.554601
0	19	29	-3.571255
0	19	27	-3.743368
0	19	42	-3.926989
0	19	54	-3.992393
0	19	62	-4.356758
0	19	20	-4.422934
0	19	28	-4.534698
0	19	14	-5.074341
0	19	31	-6.175476
0	19	45	-6.954094
0	19	50	-7.187736
0	19	38	-7.416754
0	19	55	-8.081041
0	19	56	-8.101558
0	19	73	-8.258482
0	19	47	-8.284581
0	19	74	-8.645712
0	19	11	-8.857657
0	19	41	-9.050966
0	19	36	-9.187825
0	19	72	-9.243359
0	19	16	-9.487957
0	19	33	-9.648559
0	19	48	-9.658473
0	19	25	-9.715479
0	19	58	-9.934775
0	19	71	-10.216449
0	19	75	-10.360229
0	19	34	-10.805373
0	19	66	-11.016965
0	19	35	-11.056915
0	19	40	-11.227759
0	19	78	-11.523386
0	19	77	-11.688244
0	19	79	-11.749422
0	19	49	-11.777441
0	19	64	-12.057659
0	19	44	-12.529223
0	19	85	-12.566290
0	19	70	-12.692591
0	19	76	-13.247789
0	22	32	8.792276
0	22	21	7.968949
0	22	61	7.033006
0	22	51	6.355371
0	22	43	5.856603
0	22	20	5.468952
0	22	24	4.667646
0	22	46	3.931578
0	22	53	3.724732
0	22	22	2.814062
0	22	52	2.562654
0	22	23	2.557257
0	22	8	2.117504
0	22	69	1.758389
0	22	18	1.639006
0	22	3	1.451102
0	22	26	1.349447
0	22	28	0.673039
0	22	42	0.585803
0	22	39	0.464063
0	22	30	0.274409
0	22	14	-0.184482
0	22	37	-0.787048
0	22	62	-1.051293
0	22	45	-2.054238
0	22	63	-2.443922
0	22	54	-2.661960
0	22	57	-3.290704
0	22	29	-3.441852
0	22	38	-4.520181
0	22	27	-4.650477
0	22	50	-6.139527
0	22	73	-6.691379
0	22	11	-6.804850
0	22	31	-7.015091
0	22	48	-7.362552
0	22	25	-8.051915
0	22	55	-8.351967
0	22	56	-8.510003
0	22	74	-8.561411
0	22	16	-8.589709
0	22	41	-8.652012
0	22	47	-9.362791
0	22	33	-9.454638
0	22	58	-9.636069
0	22	75	-9.793093
0	22	36	-10.110382
0	22	72	-10.442358
0	22	71	-10.470014
0	22	34	-10.867008
0	22	66	-10.977490
0	22	77	-11.294496
0	22	49	-11.339587
0	22	40	-11.417572
0	22	65	-11.422424
0	22	35	-11.430082
0	22	64	-11.916783
0	22	78	-11.922276
0	22	79	-11.929705
0	22	44	-11.986958
0	22	76	-12.483335
0	22	70	-12.512000
0	22	85	-12.570177
0	43	91	7.307125
0	43	94	5.475096
0	43	61	3.535882
0	43	69	1.362365
0	43	95	1.226894
0	43	52	-0.445134
0	43	15	-0.966502
0	43	3	-1.439320
0	43	8	-1.446806
0	43	93	-1.964745
0	43	90	-2.208153
0	43	26	-2.212832
0	43	86	-2.299489
0	43	18	-2.360001
0	43	99	-3.210661
0	43	63	-3.369549
0	43	14	-5.194379
0	43	103	-5.588119
0	43	13	-6.129618
0	43	89	-6.832242
0	43	92	-7.569188
0	43	106	-7.703205
0	43	11	-7.945110
0	43	110	-8.337275
0	43	98	-8.533721
0	43	87	-8.620194
0	43	105	-8.739005
0	43	108	-8.878428
0	43	100	-9.619588
0	43	58	-9.670302
0	43	88	-10.034414
0	43	96	-10.284770
0	43	97	-10.767386
0	43	107	-11.630717
0	43	109	-12.192926
0	43	85	-12.527892
0	43	17	-13.079521
0	44	94	9.352803
0	44	91	7.361349
0	44	93	6.694298
0	44	14	5.215267
0	44	95	4.731090
0	44	69	4.520463
0	44	61	3.997959
0	44	86	3.846321
0	44	103	2.223042
0	44	106	1.663276
0	44	13	1.386116
0	44	99	1.326493
0	44	18	0.948040
0	44	3	-0.632404
0	44	11	-0.777987
0	44	8	-1.399150
0	44	15	-1.726680
0	44	90	-2.454433
0	44	63	-3.520653
0	44	89	-4.016823
0	44	26	-4.205084
0	44	107	-4.559350
0	44	108	-4.809140
0	44	52	-5.856093
0	44	96	-6.165812
0	44	98	-6.367924
0	44	92	-6.524762
0	44	87	-6.746227
0	44	110	-6.748669
0	44	100	-8.052019
0	44	105	-8.437008
0	44	58	-9.315531
0	44	88	-10.167458
0	44	109	-10.306232
0	44	97	-10.689837
0	44	85	-11.705908
0	44	17	-12.300099
0	54	14	3.209974
0	54	8	3.070829
0	54	18	-0.902370
0	54	11	-0.941419
0	54	3	-2.111811
0	54	13	-2.151611
0	54	7	-5.256629
0	54	111	-8.801245
0	54	16	-9.165976
0	54	17	-13.062008
0	57	14	8.905757
0	57	8	4.673439
0	57	18	1.014926
0	57	13	-1.065406
0	57	3	-4.904036
0	57	11	-5.263775
0	57	16	-7.103597
0	57	7	-9.980228
0	57	111	-10.994632
0	57	17	-13.165603
0	58	14	5.050267
0	58	8	4.812629
0	58	18	1.199716
0	58	3	-0.233568
0	58	11	-1.925903
0	58	13	-2.498516
0	58	16	-6.591825
0	58	7	-9.184492
0	58	111	-10.546145
0	58	17	-12.498506
0	73	154	7.022707
0	73	137	6.153548
0	73	152	1.869912
0	73	8	1.847834
0	73	150	0.310256
0	73	153	-0.514572
0	73	149	-0.849648
0	73	151	-1.292017
0	73	14	-1.916306
0	73	161	-2.288098
0	73	163	-2.331277
0	73	170	-2.819773
0	73	159	-3.307314
0	73	13	-3.669206
0	73	158	-3.841046
0	73	155	-4.393075
0	73	18	-4.668533
0	73	169	-6.096050
0	73	162	-6.786584
0	73	156	-7.106092
0	73	160	-7.231289
0	73	11	-7.760205
0	73	157	-7.843503
0	73	132	-8.320669
0	73	148	-8.600271
0	73	145	-8.928992
0	73	168	-9.092052
0	73	147	-9.589717
0	73	3	-9.863034
0	73	16	-9.960497
0	73	146	-10.053025
0	73	17	-12.327947
0	74	154	3.712626
0	74	137	1.662530
0	74	150	0.410380
0	74	152	-0.677509
0	74	8	-1.308534
0	74	153	-2.245988
0	74	151	-2.295763
0	74	11	-3.095729
0	74	163	-3.319164
0	74	159	-3.903155
0	74	161	-3.921067
0	74	157	-4.419482
0	74	170	-4.694429
0	74	149	-4.930837
0	74	13	-5.021763
0	74	168	-5.254166
0	74	18	-5.428963
0	74	155	-5.960773
0	74	132	-6.104518
0	74	169	-6.392268
0	74	148	-7.522221
0	74	162	-7.792222
0	74	156	-8.177464
0	74	158	-8.701415
0	74	160	-8.706270
0	74	14	-8.895880
0	74	3	-8.976252
0	74	145	-9.238750
0	74	146	-9.283490
0	74	147	-9.305611
0	74	16	-10.201468
0	74	17	-13.395841
0	75	137	6.522101
0	75	165	5.392612
0	75	128	4.238563
0	75	167	2.648821
0	75	8	2.262007
0	75	14	1.539746
0	75	166	0.805138
0	75	164	-1.152768
0	75	171	-1.567695
0	75	11	-1.988998
0	75	18	-2.388199
0	75	13	-2.964877
0	75	146	-5.138656
0	75	3	-5.589295
0	75	132	-6.367118
0	75	145	-6.708096
0	75	160	-6.804907
0	75	147	-7.764596
0	75	16	-9.482263
0	75	17	-13.606390
0	77	165	5.571625
0	77	128	4.193084
0	77	167	3.536286
0	77	137	3.428563
0	77	8	2.771684
0	77	166	2.360813
0	77	171	0.165928
0	77	164	-0.046387
0	77	11	-0.768647
0	77	18	-0.864835
0	77	14	-0.946038
0	77	3	-0.987671
0	77	13	-1.805276
0	77	132	-4.110105
0	77	146	-5.538072
0	77	160	-6.482121
0	77	147	-6.679814
0	77	16	-6.908221
0	77	145	-8.529758
0	77	17	-13.618310
0	94	190	9.101068
0	94	194	8.721674
0	94	63	8.157458
0	94	51	8.121683
0	94	193	7.208055
0	94	188	7.126568
0	94	99	6.367287
0	94	201	6.157853
0	94	8	4.339110
0	94	113	4.193040
0	94	206	3.593000
0	94	202	3.327958
0	94	199	3.098011
0	94	116	2.725114
0	94	198	2.487984
0	94	204	1.282938
0	94	203	0.465364
0	94	196	0.159113
0	94	192	-0.126595
0	94	126	-0.230145
0	94	122	-0.976863
0	94	200	-1.078955
0	94	3	-1.404650
0	94	15	-1.582921
0	94	109	-1.812317
0	94	18	-2.069983
0	94	13	-2.907497
0	94	189	-3.086099
0	94	195	-3.532515
0	94	205	-3.898018
0	94	217	-4.149359
0	94	209	-4.686629
0	94	14	-4.772486
0	94	210	-7.187735
0	94	16	-7.567866
0	94	207	-7.772974
0	94	197	-8.153856
0	94	187	-9.667938
0	94	208	-10.048448
0	94	212	-11.637763
0	94	191	-12.720405
0	94	17	-13.248139
0	95	63	9.987586
0	95	51	9.538575
0	95	190	9.169138
0	95	99	9.075674
0	95	188	8.943791
0	95	15	8.023260
0	95	194	7.526047
0	95	116	6.133312
0	95	201	5.655559
0	95	113	5.354377
0	95	192	5.291036
0	95	18	5.253193
0	95	14	5.224252
0	95	8	5.207889
0	95	206	5.088759
0	95	193	4.950560
0	95	202	4.710199
0	95	122	4.487845
0	95	199	4.231644
0	95	3	3.560901
0	95	13	3.089133
0	95	126	2.706975
0	95	200	0.799046
0	95	204	-0.087935
0	95	196	-0.121191
0	95	203	-0.656888
0	95	198	-0.719052
0	95	195	-2.169198
0	95	217	-2.221975
0	95	209	-2.288608
0	95	16	-2.622117
0	95	189	-3.254634
0	95	205	-5.175923
0	95	109	-5.453147
0	95	210	-7.085508
0	95	207	-7.403338
0	95	187	-8.982821
0	95	208	-9.742436
0	95	212	-10.321582
0	95	197	-11.164148
0	95	17	-12.423289
0	95	191	-12.642543
0	96	188	10.487963
0	96	63	10.076035
0	96	194	9.732566
0	96	190	9.155115
0	96	99	8.531567
0	96	14	8.414687
0	96	113	6.668162
0	96	116	6.427052
0	96	15	6.183399
0	96	192	5.874536
0	96	8	5.391960
0	96	51	5.378066
0	96	193	4.772123
0	96	201	4.660659
0	96	199	4.057965
0	96	206	2.713793
0	96	198	2.160876
0	96	18	1.718760
0	96	3	0.924469
0	96	122	0.414852
0	96	203	-0.040381
0	96	13	-0.523367
0	96	202	-0.856188
0	96	200	-1.065602
0	96	126	-3.348542
0	96	189	-3.666567
0	96	196	-5.888617
0	96	109	-5.904018
0	96	209	-6.626294
0	96	205	-6.734835
0	96	217	-6.782489
0	96	195	-6.821215
0	96	16	-6.990267
0	96	204	-7.519308
0	96	210	-7.917698
0	96	207	-8.343939
0	96	187	-9.690427
0	96	197	-9.848705
0	96	208	-9.889049
0	96	212	-10.904495
0	96	17	-13.530609
0	96	191	-13.553816
0	99	211	8.834823
0	99	201	8.529146
0	99	194	7.629991
0	99	51	7.354891
0	99	190	7.065985
0	99	188	6.997467
0	99	206	5.358676
0	99	193	5.208511
0	99	63	5.114178
0	99	116	3.873888
0	99	3	3.367760
0	99	202	3.208652
0	99	8	3.149621
0	99	99	2.577445
0	99	113	2.516687
0	99	13	2.279792
0	99	192	1.981822
0	99	126	1.802896
0	99	18	-0.027426
0	99	203	-0.146575
0	99	199	-0.158848
0	99	15	-1.158874
0	99	204	-1.376064
0	99	14	-1.502647
0	99	200	-1.765958
0	99	122	-1.980640
0	99	196	-2.454177
0	99	189	-3.213217
0	99	198	-3.385923
0	99	217	-5.115949
0	99	209	-5.860551
0	99	195	-6.090608
0	99	205	-6.181513
0	99	16	-6.773693
0	99	109	-7.096076
0	99	210	-7.595341
0	99	197	-8.854520
0	99	212	-9.443480
0	99	207	-11.808053
0	99	191	-12.400173
0	100	201	9.760391
0	100	211	9.497965
0	100	193	9.096777
0	100	190	8.280997
0	100	51	7.755810
0	100	194	7.055456
0	100	99	6.364381
0	100	188	5.487979
0	100	8	4.831630
0	100	206	4.830701
0	100	116	4.605639
0	100	63	3.993187
0	100	192	3.023404
0	100	113	2.932018
0	100	3	2.488502
0	100	14	1.392148
0	100	15	1.233026
0	100	203	1.141375
0	100	18	0.816053
0	100	122	0.249305
0	100	199	-0.066407
0	100	202	-0.754368
0	100	198	-1.500057
0	100	204	-1.709800
0	100	200	-1.766963
0	100	196	-3.426116
0	100	13	-4.692502
0	100	126	-5.174564
0	100	209	-5.823146
0	100	195	-5.957709
0	100	217	-6.148181
0	100	189	-6.397930
0	100	210	-6.826293
0	100	16	-6.887782
0	100	205	-8.643295
0	100	197	-8.693377
0	100	109	-9.372824
0	100	207	-10.892959
0	100	212	-10.952590
0	100	191	-13.877402
0	123	190	8.793038
0	123	51	8.075684
0	123	201	7.131610
0	123	232	6.908170
0	123	243	6.304305
0	123	221	6.166956
0	123	188	6.136754
0	123	8	5.480312
0	123	229	4.892566
0	123	228	3.967480
0	123	116	3.295546
0	123	241	2.068088
0	123	224	1.868502
0	123	99	1.500850
0	123	233	1.370660
0	123	199	0.531059
0	123	235	0.376585
0	123	3	-0.016010
0	123	223	-0.381131
0	123	14	-0.759160
0	123	198	-1.285058
0	123	240	-1.443264
0	123	122	-1.680439
0	123	96	-1.723888
0	123	18	-2.583338
0	123	245	-3.727403
0	123	237	-4.181639
0	123	217	-4.252807
0	123	11	-4.370368
0	123	225	-4.445364
0	123	236	-4.814093
0	123	247	-5.057219
0	123	196	-6.044656
0	123	222	-6.691032
0	123	238	-6.872446
0	123	239	-7.583261
0	123	16	-7.770592
0	123	244	-7.776485
0	123	187	-8.173602
0	123	231	-8.467176
0	123	210	-9.005808
0	123	242	-9.049809
0	123	226	-9.283648
0	123	208	-10.231359
0	123	246	-10.264404
0	123	230	-10.785033
0	123	227	-11.078434
0	123	207	-11.296043
0	123	197	-11.318189
0	123	234	-12.492638
0	123	191	-13.411313
0	124	229	8.036922
0	124	51	7.590464
0	124	201	6.684528
0	124	190	6.618448
0	124	232	5.892043
0	124	243	4.916037
0	124	228	4.251679
0	124	188	3.924887
0	124	8	3.909249
0	124	221	2.831280
0	124	116	0.621552
0	124	99	0.207535
0	124	238	-0.608525
0	124	241	-0.721579
0	124	233	-0.905948
0	124	11	-1.111304
0	124	235	-1.595349
0	124	14	-2.136426
0	124	199	-2.573059
0	124	237	-2.636070
0	124	224	-2.919344
0	124	122	-3.537055
0	124	96	-3.581072
0	124	198	-3.809639
0	124	18	-3.815441
0	124	223	-4.741950
0	124	3	-4.827269
0	124	247	-4.970854
0	124	245	-6.509282
0	124	217	-6.551567
0	124	239	-6.633725
0	124	240	-6.925979
0	124	225	-7.147592
0	124	210	-7.327854
0	124	16	-7.661804
0	124	244	-7.986514
0	124	236	-8.395638
0	124	231	-8.469382
0	124	196	-8.608281
0	124	187	-8.740672
0	124	197	-8.849360
0	124	208	-9.477551
0	124	222	-9.780017
0	124	227	-10.022728
0	124	242	-10.531618
0	124	230	-10.753601
0	124	246	-10.814099
0	124	234	-11.550674
0	124	207	-11.632578
0	124	226	-12.146387
0	124	191	-13.292424
0	125	51	10.595837
0	125	201	10.164618
0	125	229	9.969274
0	125	228	8.605439
0	125	243	8.547115
0	125	99	7.945606
0	125	14	7.486498
0	125	18	7.214124
0	125	232	6.691438
0	125	238	6.398727
0	125	188	6.325922
0	125	190	6.314302
0	125	8	6.033387
0	125	116	4.743824
0	125	199	1.504112
0	125	122	1.106217
0	125	224	0.853032
0	125	198	-0.235761
0	125	221	-0.658782
0	125	3	-0.708849
0	125	241	-0.752791
0	125	196	-2.652700
0	125	237	-2.960084
0	125	235	-3.479849
0	125	247	-4.474805
0	125	233	-4.654807
0	125	244	-4.875825
0	125	223	-5.335068
0	125	217	-5.384570
0	125	231	-5.619845
0	125	16	-6.255254
0	125	240	-6.387928
0	125	239	-6.786390
0	125	11	-7.055049
0	125	236	-7.713408
0	125	222	-7.970077
0	125	245	-8.385761
0	125	210	-8.471349
0	125	96	-8.490855
0	125	227	-8.937780
0	125	187	-9.023329
0	125	208	-9.418556
0	125	230	-9.681147
0	125	242	-9.977060
0	125	225	-10.659669
0	125	246	-10.688498
0	125	234	-11.211385
0	125	226	-11.259955
0	125	197	-11.509986
0	125	207	-12.475700
0	125	191	-14.017952
0	126	51	8.954465
0	126	201	8.157676
0	126	99	7.293919
0	126	232	6.946319
0	126	228	6.800799
0	126	243	6.565598
0	126	190	5.891036
0	126	8	5.705307
0	126	229	4.451169
0	126	14	4.370232
0	126	188	3.912845
0	126	238	2.773830
0	126	18	2.671214
0	126	241	2.542868
0	126	116	2.027375
0	126	198	1.844567
0	126	199	1.638870
0	126	221	1.434674
0	126	224	1.037775
0	126	3	1.030877
0	126	237	0.633325
0	126	122	0.482006
0	126	233	-0.704435
0	126	96	-1.000824
0	126	217	-2.410587
0	126	239	-3.262787
0	126	240	-3.868888
0	126	247	-4.254533
0	126	196	-5.288089
0	126	236	-5.570067
0	126	16	-6.110995
0	126	242	-6.151041
0	126	235	-6.387106
0	126	11	-6.984855
0	126	223	-6.988876
0	126	245	-7.020849
0	126	244	-7.408188
0	126	225	-7.918782
0	126	187	-8.690791
0	126	210	-8.870776
0	126	231	-8.873753
0	126	222	-8.915547
0	126	208	-8.935596
0	126	230	-9.668742
0	126	197	-10.028364
0	126	227	-10.229639
0	126	246	-10.562957
0	126	234	-11.296084
0	126	226	-11.917049
0	126	207	-11.936345
0	126	191	-13.858118
0	127	201	10.112302
0	127	51	9.796595
0	127	190	8.940491
0	127	229	8.217425
0	127	228	7.792605
0	127	99	6.942853
0	127	188	6.911346
0	127	8	6.403265
0	127	235	4.863560
0	127	116	2.532506
0	127	199	2.272397
0	127	198	2.201687
0	127	232	2.079877
0	127	14	1.240040
0	127	221	1.168921
0	127	11	0.726488
0	127	243	0.152779
0	127	238	-1.455753
0	127	122	-1.720782
0	127	233	-3.153019
0	127	224	-3.547117
0	127	18	-3.859003
0	127	96	-5.333910
0	127	223	-5.718978
0	127	237	-6.060034
0	127	240	-6.725253
0	127	3	-6.973315
0	127	241	-7.207703
0	127	247	-7.553721
0	127	230	-7.684136
0	127	236	-7.795545
0	127	244	-7.880872
0	127	245	-7.887721
0	127	217	-8.033126
0	127	210	-8.113161
0	127	239	-8.134359
0	127	242	-8.218852
0	127	231	-8.788222
0	127	16	-9.774292
0	127	187	-9.939005
0	127	196	-10.000839
0	127	225	-10.199271
0	127	208	-10.249625
0	127	207	-10.648582
0	127	222	-10.653513
0	127	227	-10.995054
0	127	246	-11.103892
0	127	197	-11.444242
0	127	234	-12.450520
0	127	226	-12.875731
0	127	191	-13.561848
0	144	248	7.573163
0	144	257	7.140925
0	144	251	7.087636
0	144	63	6.010118
0	144	258	4.707043
0	144	8	3.656694
0	144	201	2.912097
0	144	14	1.366946
0	144	252	1.243621
0	144	11	-0.345238
0	144	199	-0.352478
0	144	113	-0.555462
0	144	18	-1.921823
0	144	13	-2.699691
0	144	249	-2.792337
0	144	3	-4.573861
0	144	253	-4.938893
0	144	200	-5.139850
0	144	256	-7.227610
0	144	255	-7.722065
0	144	254	-8.675181
0	144	250	-9.303228
0	144	16	-9.758428
0	144	110	-10.193060
0	144	109	-10.465635
0	144	208	-10.494739
0	144	187	-10.816076
0	144	17	-13.612123
0	144	191	-13.628758
0	145	251	6.687351
0	145	63	5.629132
0	145	248	4.999670
0	145	8	4.568291
0	145	258	3.017659
0	145	257	2.977144
0	145	199	2.289152
0	145	201	1.566400
0	145	252	0.675993
0	145	113	0.142726
0	145	14	-0.821097
0	145	18	-2.047234
0	145	253	-3.257418
0	145	13	-3.560168
0	145	3	-3.574559
0	145	200	-3.649912
0	145	11	-4.008457
0	145	255	-4.488488
0	145	249	-5.059348
0	145	256	-5.737974
0	145	250	-6.533996
0	145	110	-7.388833
0	145	254	-8.348066
0	145	16	-9.162739
0	145	109	-9.556920
0	145	208	-9.935289
0	145	187	-10.008009
0	145	17	-12.920271
0	145	191	-13.026672
0	146	201	8.318382
0	146	251	7.013964
0	146	248	5.957821
0	146	63	5.215281
0	146	258	4.791751
0	146	252	3.624499
0	146	8	3.576830
0	146	257	1.462645
0	146	199	0.161742
0	146	18	-1.660256
0	146	11	-1.747084
0	146	249	-2.248054
0	146	13	-2.322487
0	146	3	-2.759924
0	146	256	-3.584248
0	146	200	-4.834092
0	146	14	-5.147143
0	146	113	-6.381934
0	146	255	-6.879613
0	146	253	-6.931365
0	146	254	-8.766109
0	146	110	-9.032393
0	146	16	-9.600559
0	146	250	-9.706020
0	146	187	-10.064523
0	146	208	-11.003510
0	146	109	-11.832771
0	146	191	-13.846283
0	146	17	-14.152899
0	147	63	9.628292
0	147	248	7.063356
0	147	251	7.011289
0	147	201	5.734396
0	147	257	5.661780
0	147	14	5.396693
0	147	8	4.649870
0	147	258	4.399422
0	147	252	4.321241
0	147	113	-0.103307
0	147	249	-0.950507
0	147	253	-2.240134
0	147	13	-2.325114
0	147	18	-2.465333
0	147	199	-2.926824
0	147	3	-3.271558
0	147	200	-4.051894
0	147	11	-4.555508
0	147	255	-6.908881
0	147	254	-6.912265
0	147	256	-7.052511
0	147	250	-8.007373
0	147	16	-8.128708
0	147	110	-8.908878
0	147	208	-9.622060
0	147	187	-9.692407
0	147	109	-10.130809
0	147	17	-12.478293
0	147	191	-12.828104
0	148	201	9.836848
0	148	248	8.841214
0	148	14	8.556672
0	148	251	6.552700
0	148	63	6.350977
0	148	257	4.309749
0	148	252	4.018095
0	148	8	3.835221
0	148	113	2.151218
0	148	258	1.982673
0	148	11	0.566139
0	148	199	0.492113
0	148	18	-0.068272
0	148	249	-0.361983
0	148	3	-0.459713
0	148	13	-1.941186
0	148	256	-2.625349
0	148	200	-4.526412
0	148	253	-4.710480
0	148	255	-5.229084
0	148	254	-6.894654
0	148	250	-7.881448
0	148	16	-8.185396
0	148	110	-8.770894
0	148	187	-9.209218
0	148	208	-9.744159
0	148	109	-10.647439
0	148	17	-12.752328
0	148	191	-13.461115
0	150	201	10.670143
0	150	248	9.013550
0	150	63	8.728716
0	150	14	7.263518
0	150	252	6.158471
0	150	258	5.887269
0	150	251	5.259833
0	150	8	5.018600
0	150	257	3.383891
0	150	199	2.994884
0	150	18	1.412660
0	150	113	1.049489
0	150	13	-0.437049
0	150	200	-1.044202
0	150	256	-1.055483
0	150	249	-1.611813
0	150	253	-2.297070
0	150	3	-2.717276
0	150	11	-2.971617
0	150	255	-5.071781
0	150	254	-6.442200
0	150	16	-7.185039
0	150	250	-8.463576
0	150	187	-9.467692
0	150	208	-10.268009
0	150	110	-10.411160
0	150	109	-10.552247
0	150	17	-12.649424
0	150	191	-13.757282
0	177	183	10.219864
0	177	267	9.599888
0	177	61	7.278883
0	177	264	6.809042
0	177	14	5.761417
0	177	51	5.541690
0	177	63	4.866232
0	177	116	4.253807
0	177	266	4.219313
0	177	8	3.634488
0	177	113	2.640653
0	177	112	2.562671
0	177	265	2.442725
0	177	269	1.123056
0	177	18	0.954433
0	177	263	0.884223
0	177	244	0.860445
0	177	270	0.283907
0	177	119	-1.746180
0	177	30	-2.049177
0	177	3	-2.143679
0	177	11	-3.445057
0	177	13	-3.705808
0	177	255	-5.263111
0	177	58	-7.162508
0	177	16	-7.371779
0	177	231	-7.953117
0	177	272	-8.193600
0	177	115	-8.400137
0	177	271	-8.594877
0	177	268	-9.528414
0	177	109	-9.653767
0	177	278	-11.261019
0	177	277	-12.171343
0	177	280	-12.553510
0	177	17	-12.992238
0	178	183	8.455010
0	178	267	4.861408
0	178	61	4.109249
0	178	8	3.404337
0	178	116	2.979317
0	178	266	2.853988
0	178	63	2.436366
0	178	30	2.079737
0	178	18	1.808627
0	178	264	1.748145
0	178	51	1.535020
0	178	263	0.551462
0	178	270	0.347965
0	178	113	-0.070713
0	178	244	-0.738899
0	178	14	-0.886836
0	178	269	-1.044998
0	178	112	-1.633385
0	178	3	-1.921302
0	178	265	-3.676927
0	178	119	-4.105939
0	178	13	-4.364321
0	178	268	-4.603979
0	178	231	-6.006212
0	178	271	-6.904403
0	178	255	-8.152034
0	178	11	-8.319585
0	178	272	-9.814664
0	178	16	-9.841110
0	178	58	-9.895782
0	178	115	-10.589972
0	178	109	-10.618810
0	178	278	-10.910597
0	178	280	-12.839549
0	178	17	-13.019337
0	178	277	-13.056803
0	179	183	9.366399
0	179	267	4.190900
0	179	264	4.049682
0	179	61	4.007142
0	179	116	3.198451
0	179	18	2.764766
0	179	266	2.551145
0	179	63	2.429640
0	179	30	2.358475
0	179	112	2.002226
0	179	51	1.339325
0	179	270	-0.223234
0	179	14	-1.261675
0	179	8	-1.287653
0	179	3	-1.729208
0	179	265	-1.747960
0	179	113	-2.000698
0	179	13	-2.682055
0	179	269	-3.090795
0	179	263	-3.952576
0	179	119	-4.123717
0	179	11	-5.333208
0	179	244	-5.344798
0	179	255	-6.479838
0	179	58	-8.389026
0	179	16	-8.638831
0	179	271	-8.832396
0	179	231	-9.214781
0	179	115	-10.042399
0	179	268	-10.099170
0	179	272	-10.943501
0	179	109	-11.271404
0	179	278	-12.628262
0	179	277	-12.935662
0	179	280	-13.231102
0	179	17	-13.840849
0	180	183	10.683327
0	180	267	10.229751
0	180	263	8.426793
0	180	63	7.705154
0	180	14	7.484623
0	180	264	7.215185
0	180	61	7.187311
0	180	51	6.989981
0	180	116	6.944993
0	180	269	6.019411
0	180	266	5.706110
0	180	113	4.969150
0	180	265	4.913873
0	180	112	4.474037
0	180	8	3.981021
0	180	18	3.341235
0	180	270	1.809320
0	180	244	1.551895
0	180	30	0.674514
0	180	271	-1.400140
0	180	13	-1.487196
0	180	3	-1.920836
0	180	119	-2.481053
0	180	11	-3.009347
0	180	255	-6.227189
0	180	58	-6.384634
0	180	268	-6.876496
0	180	16	-7.223244
0	180	231	-7.546837
0	180	109	-8.644854
0	180	115	-8.867080
0	180	272	-10.031134
0	180	278	-11.312812
0	180	280	-12.526240
0	180	277	-12.604122
0	180	17	-12.963724
0	181	183	8.593334
0	181	63	7.567765
0	181	61	7.076205
0	181	264	6.413162
0	181	266	5.718183
0	181	269	5.541135
0	181	267	5.485227
0	181	263	5.008440
0	181	30	1.595788
0	181	8	1.463113
0	181	112	1.047748
0	181	14	1.020335
0	181	51	-1.404140
0	181	116	-1.438487
0	181	270	-1.484144
0	181	18	-1.835818
0	181	231	-2.034660
0	181	3	-2.979537
0	181	119	-3.690878
0	181	113	-3.701947
0	181	13	-4.620315
0	181	271	-4.678493
0	181	244	-5.185653
0	181	265	-5.498362
0	181	11	-6.733614
0	181	268	-6.984124
0	181	255	-7.824781
0	181	278	-8.729209
0	181	16	-8.830450
0	181	115	-9.975356
0	181	272	-10.788356
0	181	58	-11.139090
0	181	109	-11.340740
0	181	277	-12.240755
0	181	280	-13.282440
0	181	17	-13.313429
0	182	61	8.298981
0	182	183	8.049809
0	182	266	6.065174
0	182	63	5.849130
0	182	264	5.701023
0	182	51	3.902654
0	182	269	2.785022
0	182	112	2.133717
0	182	267	1.668462
0	182	116	1.391106
0	182	18	1.297461
0	182	119	1.265361
0	182	265	-0.527610
0	182	270	-0.593190
0	182	8	-0.646398
0	182	30	-1.126776
0	182	14	-1.728049
0	182	263	-2.081506
0	182	13	-2.652397
0	182	113	-2.839274
0	182	3	-4.642837
0	182	255	-6.993536
0	182	244	-7.191322
0	182	268	-7.759278
0	182	271	-8.277928
0	182	16	-9.000816
0	182	231	-9.215897
0	182	11	-9.454347
0	182	115	-9.644945
0	182	272	-10.312503
0	182	58	-10.609588
0	182	109	-10.904061
0	182	277	-12.840768
0	182	280	-12.925706
0	182	278	-12.993410
0	182	17	-13.250157
0	183	267	11.214705
0	183	183	11.118254
0	183	63	9.919442
0	183	112	8.706572
0	183	276	8.481106
0	183	51	8.092026
0	183	61	7.974637
0	183	14	7.519742
0	183	116	7.425598
0	183	263	7.197788
0	183	273	6.918431
0	183	274	6.743249
0	183	30	5.861387
0	183	287	5.348851
0	183	285	4.646548
0	183	275	3.624951
0	183	113	3.345350
0	183	283	3.240364
0	183	288	2.771032
0	183	282	2.604160
0	183	264	2.523554
0	183	18	2.066994
0	183	291	0.673254
0	183	119	-1.058802
0	183	279	-2.464736
0	183	244	-2.518634
0	183	270	-2.585925
0	183	294	-3.055236
0	183	284	-4.196297
0	183	281	-5.267712
0	183	293	-5.637904
0	183	271	-5.896604
0	183	292	-6.182062
0	183	3	-6.316061
0	183	286	-6.472820
0	183	272	-8.311220
0	183	231	-8.419571
0	183	58	-8.692319
0	183	268	-9.072028
0	183	115	-9.164869
0	183	289	-9.496984
0	183	290	-9.791483
0	183	295	-10.399755
0	183	278	-11.295318
0	183	280	-12.195135
0	184	183	10.069344
0	184	264	7.392279
0	184	266	7.180106
0	184	61	6.632522
0	184	30	5.783893
0	184	113	4.557116
0	184	116	4.276147
0	184	267	4.230985
0	184	269	4.124670
0	184	51	3.532722
0	184	63	3.363390
0	184	265	3.345076
0	184	14	2.709657
0	184	263	0.798446
0	184	8	0.325059
0	184	270	-0.615023
0	184	18	-0.896018
0	184	271	-1.658513
0	184	268	-1.926185
0	184	112	-2.268626
0	184	11	-3.299188
0	184	119	-3.520335
0	184	13	-4.734092
0	184	244	-4.917630
0	184	3	-5.896797
0	184	255	-6.085721
0	184	109	-7.335448
0	184	231	-8.683557
0	184	58	-8.980498
0	184	16	-9.370724
0	184	115	-9.501183
0	184	272	-10.386653
0	184	277	-12.073874
0	184	280	-12.267702
0	184	278	-12.324727
0	184	17	-13.366879
0	185	267	9.943437
0	185	183	9.810670
0	185	63	8.764106
0	185	61	8.583447
0	185	30	7.033383
0	185	264	6.695196
0	185	51	6.677104
0	185	14	6.626034
0	185	266	6.467506
0	185	116	5.881403
0	185	112	5.855451
0	185	265	5.011642
0	185	8	3.637562
0	185	270	2.735257
0	185	263	2.608189
0	185	18	0.486745
0	185	119	0.332303
0	185	269	-0.089205
0	185	113	-0.866137
0	185	58	-1.343321
0	185	13	-1.915710
0	185	244	-3.811227
0	185	271	-4.306916
0	185	268	-5.333107
0	185	255	-5.397452
0	185	11	-5.580486
0	185	3	-6.429989
0	185	16	-8.392172
0	185	231	-8.942298
0	185	272	-9.272952
0	185	115	-9.412000
0	185	109	-10.096786
0	185	277	-12.165480
0	185	278	-12.478056
0	185	280	-12.516493
0	185	17	-12.673416
0	186	183	10.286954
0	186	267	9.287796
0	186	264	6.730077
0	186	266	5.465971
0	186	61	4.907890
0	186	116	3.190552
0	186	14	2.423354
0	186	269	2.038945
0	186	113	1.622086
0	186	8	1.051684
0	186	263	0.547194
0	186	244	0.366212
0	186	63	-1.060294
0	186	270	-1.955436
0	186	18	-2.095277
0	186	265	-2.459139
0	186	30	-2.689586
0	186	51	-3.455223
0	186	3	-3.493827
0	186	112	-4.090015
0	186	13	-4.232657
0	186	271	-4.877587
0	186	255	-5.627835
0	186	119	-7.001833
0	186	11	-7.112988
0	186	231	-7.591192
0	186	16	-7.820127
0	186	268	-7.971187
0	186	58	-8.674568
0	186	115	-9.189542
0	186	272	-9.559421
0	186	109	-9.965713
0	186	278	-11.390618
0	186	280	-12.169318
0	186	277	-12.182619
0	186	17	-13.338301
