0	1	3	4.013001
0	1	1	3.836816
0	1	8	3.758673
0	1	14	3.433311
0	1	6	3.375559
0	1	9	3.211759
0	1	2	2.518410
0	1	15	2.478642
0	1	5	2.197558
0	1	10	1.565382
0	1	19	0.350152
0	1	4	-1.229407
0	1	18	-1.558404
0	1	11	-1.687346
0	1	0	-4.407510
0	1	12	-4.612005
0	1	7	-4.785152
0	1	17	-6.141569
0	1	13	-7.266146
0	1	16	-7.701191
0	2	14	4.812445
0	2	8	4.739865
0	2	1	4.538340
0	2	9	4.353598
0	2	15	4.255699
0	2	5	4.033640
0	2	6	4.015627
0	2	3	3.821384
0	2	10	3.553014
0	2	2	2.402491
0	2	18	-0.804765
0	2	19	-1.040966
0	2	11	-1.531634
0	2	4	-2.349372
0	2	16	-2.573509
0	2	7	-4.829329
0	2	17	-6.072374
0	2	12	-6.309962
0	2	0	-6.612531
0	2	13	-7.278844
0	3	1	3.871264
0	3	8	3.722100
0	3	14	3.663931
0	3	9	3.533681
0	3	15	3.092264
0	3	10	2.538370
0	3	3	2.468092
0	3	6	2.431882
0	3	2	2.262985
0	3	5	1.742310
0	3	18	-1.370355
0	3	11	-1.891498
0	3	4	-2.089180
0	3	19	-2.801992
0	3	7	-4.643097
0	3	12	-5.599975
0	3	0	-6.144297
0	3	17	-6.537241
0	3	13	-6.776443
0	3	16	-7.618274
0	14	57	4.241181
0	14	51	4.068798
0	14	63	3.678717
0	14	31	3.343033
0	14	43	3.328474
0	14	3	3.221529
0	14	30	3.081054
0	14	26	3.078352
0	14	32	3.071163
0	14	8	3.049882
0	14	42	2.950039
0	14	23	2.932953
0	14	27	2.890437
0	14	46	2.724232
0	14	22	2.644874
0	14	61	2.640632
0	14	45	2.344740
0	14	14	2.210419
0	14	52	2.034752
0	14	54	1.762656
0	14	21	1.696069
0	14	38	1.227496
0	14	58	1.075738
0	14	50	1.050342
0	14	56	0.770580
0	14	72	0.718490
0	14	33	0.357504
0	14	66	0.115403
0	14	62	-0.055986
0	14	37	-0.101563
0	14	85	-0.212815
0	14	36	-0.400804
0	14	47	-0.422249
0	14	64	-0.545427
0	14	65	-0.692844
0	14	53	-1.054860
0	14	40	-1.067253
0	14	73	-1.114457
0	14	29	-1.235088
0	14	24	-1.495826
0	14	18	-1.516786
0	14	20	-1.574130
0	14	11	-1.985723
0	14	71	-2.024194
0	14	48	-2.149951
0	14	39	-2.322346
0	14	34	-2.323823
0	14	25	-2.431924
0	14	69	-2.593573
0	14	76	-2.743102
0	14	77	-2.787547
0	14	74	-2.847725
0	14	70	-3.718306
0	14	78	-3.964612
0	14	44	-3.977184
0	14	28	-4.032467
0	14	35	-4.248122
0	14	49	-4.495814
0	14	41	-4.572952
0	14	55	-4.824400
0	14	75	-5.136364
0	14	79	-6.435237
0	14	16	-7.401787
0	15	57	3.605569
0	15	51	3.582405
0	15	32	3.321586
0	15	63	3.265564
0	15	26	3.240971
0	15	30	3.154264
0	15	31	3.139807
0	15	61	3.069232
0	15	3	3.047098
0	15	46	3.029714
0	15	43	3.024529
0	15	42	3.012220
0	15	21	2.988335
0	15	23	2.932808
0	15	27	2.661417
0	15	14	2.658235
0	15	52	2.645045
0	15	8	2.625091
0	15	54	2.557415
0	15	22	2.220442
0	15	58	2.214637
0	15	45	2.139205
0	15	18	2.055763
0	15	50	1.568947
0	15	38	1.471815
0	15	56	1.441311
0	15	20	1.316778
0	15	47	1.084950
0	15	33	0.676926
0	15	73	0.601485
0	15	64	0.311262
0	15	53	0.063261
0	15	62	0.016254
0	15	48	-0.095940
0	15	37	-0.140489
0	15	29	-0.153099
0	15	85	-0.301499
0	15	72	-0.830004
0	15	66	-0.943438
0	15	65	-0.986399
0	15	69	-1.151374
0	15	36	-1.205913
0	15	11	-1.299340
0	15	76	-1.474372
0	15	78	-1.535535
0	15	70	-1.682727
0	15	34	-1.736308
0	15	25	-1.823621
0	15	71	-1.852022
0	15	40	-2.655726
0	15	77	-2.806660
0	15	39	-2.841704
0	15	49	-3.041394
0	15	44	-3.046275
0	15	24	-3.065481
0	15	41	-4.375062
0	15	74	-4.382555
0	15	28	-4.398589
0	15	55	-4.470778
0	15	35	-5.785328
0	15	75	-6.030638
0	15	79	-6.846613
0	15	16	-7.113803
0	16	51	5.050884
0	16	8	4.794915
0	16	57	4.665386
0	16	22	4.652003
0	16	30	4.471212
0	16	63	4.442232
0	16	14	4.424167
0	16	26	4.367664
0	16	23	4.176466
0	16	32	4.075052
0	16	61	4.010135
0	16	3	3.936803
0	16	52	3.904751
0	16	43	3.825130
0	16	54	3.820038
0	16	56	3.727380
0	16	42	3.678312
0	16	27	3.659156
0	16	31	3.657543
0	16	46	3.632180
0	16	38	3.479641
0	16	21	3.386179
0	16	58	3.041939
0	16	45	2.809535
0	16	62	2.762852
0	16	50	2.518165
0	16	36	2.111862
0	16	20	1.668609
0	16	69	1.456756
0	16	72	1.225537
0	16	64	0.783009
0	16	65	0.710734
0	16	37	0.558892
0	16	40	0.544633
0	16	18	-0.286752
0	16	73	-0.379417
0	16	53	-0.396772
0	16	85	-0.654272
0	16	47	-1.028490
0	16	39	-1.130095
0	16	34	-1.440875
0	16	11	-1.499470
0	16	48	-1.561039
0	16	33	-1.675838
0	16	29	-1.686078
0	16	71	-1.773217
0	16	66	-1.900435
0	16	35	-1.976755
0	16	25	-2.392064
0	16	77	-3.311779
0	16	74	-3.399779
0	16	24	-3.445920
0	16	76	-4.027708
0	16	41	-4.602143
0	16	55	-4.769784
0	16	28	-4.895503
0	16	79	-5.023117
0	16	70	-5.049567
0	16	49	-5.085369
0	16	44	-5.362440
0	16	78	-5.848264
0	16	75	-6.256678
0	16	16	-7.809357
0	19	57	3.833607
0	19	8	3.820579
0	19	51	3.721640
0	19	14	3.598318
0	19	63	3.580400
0	19	56	3.536359
0	19	46	3.519409
0	19	30	3.413934
0	19	38	3.383788
0	19	22	3.358381
0	19	3	3.312462
0	19	52	3.245656
0	19	42	3.183212
0	19	54	3.157888
0	19	32	3.136170
0	19	31	3.135542
0	19	26	3.118053
0	19	43	2.993985
0	19	61	2.925024
0	19	23	2.851479
0	19	27	2.837342
0	19	21	2.594337
0	19	58	2.533194
0	19	45	2.427671
0	19	62	2.343841
0	19	72	2.002484
0	19	85	1.539631
0	19	50	1.416516
0	19	47	0.797553
0	19	66	0.593267
0	19	37	0.411933
0	19	65	0.140001
0	19	36	0.084988
0	19	20	-0.355869
0	19	33	-0.848525
0	19	48	-1.478513
0	19	71	-1.574031
0	19	69	-1.627927
0	19	53	-1.799215
0	19	25	-1.895545
0	19	29	-2.010237
0	19	40	-2.099188
0	19	11	-2.222324
0	19	64	-2.477341
0	19	39	-2.662172
0	19	73	-2.747901
0	19	70	-2.829975
0	19	18	-3.160906
0	19	24	-3.303231
0	19	28	-3.330187
0	19	77	-3.410555
0	19	76	-3.650837
0	19	34	-3.868516
0	19	35	-4.358845
0	19	79	-4.727684
0	19	78	-4.920712
0	19	55	-5.005223
0	19	74	-5.639665
0	19	44	-5.830529
0	19	41	-5.894204
0	19	75	-6.148848
0	19	49	-6.291169
0	19	16	-7.491727
0	22	51	4.336927
0	22	14	4.290408
0	22	57	4.032984
0	22	45	4.010089
0	22	8	3.935491
0	22	30	3.916342
0	22	22	3.874304
0	22	63	3.807493
0	22	26	3.762589
0	22	23	3.701727
0	22	52	3.663967
0	22	21	3.593932
0	22	54	3.579213
0	22	32	3.492647
0	22	47	3.454213
0	22	62	3.443316
0	22	61	3.419427
0	22	56	3.405859
0	22	42	3.199438
0	22	31	3.110281
0	22	58	2.983667
0	22	46	2.930122
0	22	3	2.762302
0	22	38	2.751306
0	22	66	2.240747
0	22	43	1.521077
0	22	50	1.430233
0	22	27	1.076169
0	22	48	1.051616
0	22	40	0.652199
0	22	36	0.417221
0	22	37	0.391351
0	22	65	0.323010
0	22	53	0.269165
0	22	20	0.076822
0	22	71	-0.483618
0	22	29	-0.953969
0	22	25	-1.354892
0	22	72	-1.516276
0	22	85	-1.679255
0	22	69	-1.796525
0	22	33	-1.825981
0	22	39	-1.947819
0	22	18	-1.977462
0	22	73	-2.153204
0	22	64	-2.530439
0	22	11	-2.687232
0	22	28	-2.709514
0	22	24	-2.917102
0	22	34	-3.303620
0	22	76	-3.629029
0	22	77	-3.936173
0	22	70	-4.116104
0	22	35	-4.384580
0	22	78	-4.765868
0	22	74	-5.368752
0	22	55	-5.374873
0	22	75	-5.400908
0	22	49	-5.666681
0	22	79	-5.694570
0	22	44	-5.755980
0	22	41	-5.774173
0	22	16	-7.581330
0	43	14	3.904507
0	43	8	3.820622
0	43	26	3.743289
0	43	99	3.671649
0	43	52	3.657496
0	43	86	3.530419
0	43	3	3.508547
0	43	63	3.314194
0	43	95	3.264658
0	43	15	3.181019
0	43	61	3.146526
0	43	107	2.951892
0	43	89	2.927996
0	43	58	2.824878
0	43	94	2.215609
0	43	106	2.199830
0	43	93	2.093582
0	43	91	1.364783
0	43	97	1.118643
0	43	90	0.017093
0	43	108	-0.365021
0	43	96	-0.960063
0	43	98	-1.643946
0	43	18	-1.724489
0	43	11	-2.147922
0	43	85	-2.188870
0	43	103	-2.776356
0	43	69	-3.828833
0	43	100	-4.734989
0	43	105	-4.941457
0	43	88	-5.044935
0	43	87	-5.280474
0	43	110	-5.675227
0	43	92	-6.679599
0	43	17	-6.704341
0	43	13	-6.917959
0	43	109	-6.947829
0	44	14	3.721523
0	44	8	3.711417
0	44	52	3.545923
0	44	15	3.495891
0	44	63	3.491492
0	44	99	3.378860
0	44	86	3.366498
0	44	95	3.129217
0	44	97	2.921910
0	44	3	2.896508
0	44	89	2.893088
0	44	58	2.735552
0	44	26	2.566339
0	44	107	2.119069
0	44	94	1.501122
0	44	61	1.461520
0	44	106	0.656855
0	44	90	0.318263
0	44	91	0.173390
0	44	93	-0.121237
0	44	96	-0.143899
0	44	108	-1.084062
0	44	85	-1.215514
0	44	98	-1.600323
0	44	18	-1.724625
0	44	11	-2.620509
0	44	103	-2.736587
0	44	100	-4.484153
0	44	88	-4.515208
0	44	69	-4.641775
0	44	87	-5.147381
0	44	110	-5.568318
0	44	92	-5.946952
0	44	105	-5.981212
0	44	109	-6.444630
0	44	17	-6.481142
0	44	13	-6.960158
0	54	14	4.575029
0	54	8	4.182369
0	54	3	3.337699
0	54	11	-1.931038
0	54	18	-2.097855
0	54	7	-6.226722
0	54	111	-6.649067
0	54	17	-7.100177
0	54	13	-7.391172
0	54	16	-7.659705
0	57	14	4.643153
0	57	8	4.262012
0	57	3	4.019178
0	57	11	-1.524135
0	57	18	-2.065281
0	57	111	-5.544406
0	57	7	-5.620684
0	57	17	-6.608107
0	57	16	-7.006494
0	57	13	-7.456100
0	58	8	3.569853
0	58	14	3.130392
0	58	3	1.242024
0	58	11	-2.184061
0	58	18	-2.739608
0	58	111	-6.357776
0	58	7	-6.452177
0	58	17	-6.519624
0	58	16	-7.408329
0	58	13	-7.476121
0	73	14	1.634577
0	73	137	1.130566
0	73	158	0.917697
0	73	168	0.863173
0	73	3	0.741895
0	73	157	0.723074
0	73	152	0.042604
0	73	8	-0.330503
0	73	132	-0.338538
0	73	163	-0.465271
0	73	154	-0.914624
0	73	150	-0.968566
0	73	18	-1.084692
0	73	153	-1.250384
0	73	145	-1.311425
0	73	155	-1.691969
0	73	161	-1.816064
0	73	160	-1.894821
0	73	159	-2.022089
0	73	11	-2.294105
0	73	151	-2.544144
0	73	148	-2.736893
0	73	146	-3.030702
0	73	169	-3.188904
0	73	170	-3.313449
0	73	156	-3.530782
0	73	149	-3.990499
0	73	147	-4.110733
0	73	162	-5.153611
0	73	17	-5.658555
0	73	16	-6.342555
0	73	13	-6.976421
0	74	137	3.015766
0	74	14	2.416168
0	74	3	2.365183
0	74	8	1.965403
0	74	157	1.730605
0	74	168	1.590604
0	74	158	1.387136
0	74	154	1.186689
0	74	132	1.110824
0	74	145	0.980868
0	74	152	0.586128
0	74	163	0.475308
0	74	150	-0.343484
0	74	159	-0.948812
0	74	153	-1.237924
0	74	155	-1.717352
0	74	160	-1.844751
0	74	151	-1.863715
0	74	18	-2.016057
0	74	148	-2.343399
0	74	161	-2.589929
0	74	149	-2.616211
0	74	11	-2.816723
0	74	146	-2.838312
0	74	156	-2.948075
0	74	170	-3.294455
0	74	169	-3.398274
0	74	147	-4.322067
0	74	162	-5.644047
0	74	17	-5.744510
0	74	16	-6.739253
0	74	13	-7.219638
0	75	137	2.432442
0	75	3	1.411983
0	75	145	1.212318
0	75	8	1.061461
0	75	166	0.603101
0	75	14	0.551252
0	75	132	0.074637
0	75	167	-0.034549
0	75	160	-1.210256
0	75	18	-1.329981
0	75	165	-1.565429
0	75	164	-1.956342
0	75	171	-2.025264
0	75	146	-2.318619
0	75	11	-2.341650
0	75	128	-3.360223
0	75	147	-4.315651
0	75	17	-6.303084
0	75	16	-7.195099
0	75	13	-7.305675
0	77	137	4.309115
0	77	14	4.180952
0	77	3	3.742477
0	77	8	3.382455
0	77	160	2.907794
0	77	132	2.498669
0	77	166	2.442934
0	77	167	1.948266
0	77	18	1.818932
0	77	165	-0.238486
0	77	145	-0.648443
0	77	164	-1.455480
0	77	16	-1.896435
0	77	146	-2.097041
0	77	11	-2.441895
0	77	171	-2.685984
0	77	128	-4.424623
0	77	147	-4.513119
0	77	13	-6.224214
0	77	17	-6.975123
0	94	116	3.929823
0	94	99	3.898859
0	94	51	3.866382
0	94	63	3.835806
0	94	201	3.697894
0	94	8	3.663994
0	94	190	3.124493
0	94	14	3.048876
0	94	194	3.039401
0	94	200	2.976082
0	94	199	2.925663
0	94	15	2.876938
0	94	193	2.816398
0	94	3	2.772911
0	94	207	2.742085
0	94	113	2.433680
0	94	188	2.291734
0	94	192	1.807805
0	94	206	1.658661
0	94	212	-0.232533
0	94	210	-0.560923
0	94	198	-0.565728
0	94	196	-1.463689
0	94	122	-1.744574
0	94	195	-1.919800
0	94	209	-2.067800
0	94	189	-2.633846
0	94	205	-2.724030
0	94	18	-3.368719
0	94	203	-3.479581
0	94	187	-3.730669
0	94	204	-4.209089
0	94	202	-4.768045
0	94	197	-5.165394
0	94	208	-5.600258
0	94	126	-5.919357
0	94	217	-5.937501
0	94	191	-6.154432
0	94	17	-6.231802
0	94	109	-6.472520
0	94	13	-6.698998
0	94	16	-7.525578
0	95	14	4.688817
0	95	8	4.571056
0	95	201	4.543473
0	95	113	4.432950
0	95	194	4.413498
0	95	116	4.369493
0	95	51	4.357546
0	95	188	4.140211
0	95	63	4.118591
0	95	15	4.067998
0	95	99	3.941856
0	95	193	3.852055
0	95	199	3.637964
0	95	3	3.502031
0	95	207	3.353533
0	95	198	3.101165
0	95	190	2.974627
0	95	212	2.615592
0	95	192	2.478510
0	95	206	2.191955
0	95	200	1.698094
0	95	18	-0.198577
0	95	210	-0.347844
0	95	195	-0.828217
0	95	122	-0.977492
0	95	205	-1.044306
0	95	209	-1.152552
0	95	196	-1.643280
0	95	203	-1.688580
0	95	16	-1.839510
0	95	197	-2.668457
0	95	189	-2.753122
0	95	187	-2.918400
0	95	126	-4.442635
0	95	202	-4.546924
0	95	204	-4.834013
0	95	191	-5.260472
0	95	208	-5.980862
0	95	13	-6.497687
0	95	217	-6.507407
0	95	109	-6.725459
0	95	17	-7.124301
0	96	201	3.821856
0	96	14	3.445550
0	96	63	2.925886
0	96	116	2.850226
0	96	8	2.724012
0	96	113	2.595987
0	96	194	2.351884
0	96	99	2.285366
0	96	188	2.281459
0	96	51	2.182774
0	96	15	2.047457
0	96	3	1.830432
0	96	190	1.711553
0	96	192	1.502958
0	96	207	1.026300
0	96	193	0.986244
0	96	199	0.275050
0	96	200	0.237440
0	96	206	-0.130202
0	96	212	-0.892789
0	96	210	-0.929811
0	96	205	-1.550420
0	96	122	-1.579062
0	96	196	-1.883226
0	96	203	-1.892619
0	96	18	-2.035341
0	96	195	-2.128359
0	96	198	-2.293841
0	96	209	-2.489177
0	96	189	-2.909381
0	96	187	-3.174324
0	96	126	-4.112866
0	96	204	-5.030325
0	96	191	-5.041181
0	96	197	-5.218624
0	96	202	-5.254024
0	96	208	-5.687018
0	96	17	-5.979436
0	96	217	-6.468305
0	96	109	-6.620865
0	96	13	-7.090087
0	96	16	-7.597892
0	99	113	4.791174
0	99	15	4.707501
0	99	116	4.675662
0	99	51	4.502018
0	99	8	4.488006
0	99	201	4.426135
0	99	63	4.395731
0	99	99	4.378601
0	99	194	4.331364
0	99	14	3.936631
0	99	211	3.910930
0	99	188	3.901695
0	99	193	3.845107
0	99	199	3.683971
0	99	3	3.605681
0	99	200	3.215961
0	99	190	2.957338
0	99	207	2.009320
0	99	206	1.884059
0	99	192	1.468013
0	99	122	-0.801628
0	99	195	-0.842695
0	99	210	-0.861978
0	99	212	-1.208435
0	99	205	-1.342889
0	99	209	-1.407826
0	99	203	-1.739548
0	99	18	-1.757083
0	99	196	-1.805666
0	99	189	-3.149602
0	99	204	-3.723773
0	99	198	-4.519622
0	99	126	-4.592226
0	99	202	-4.631548
0	99	197	-4.885266
0	99	191	-5.387111
0	99	217	-5.558236
0	99	109	-6.757565
0	99	13	-6.991223
0	99	16	-7.113065
0	100	51	4.456187
0	100	8	4.150623
0	100	201	4.101993
0	100	14	4.100367
0	100	116	4.087724
0	100	63	3.925824
0	100	99	3.615326
0	100	113	3.430743
0	100	15	3.130521
0	100	194	3.085022
0	100	3	2.992625
0	100	199	2.773165
0	100	211	2.421948
0	100	192	2.074886
0	100	193	2.074430
0	100	190	1.968631
0	100	206	1.282131
0	100	200	1.129312
0	100	188	0.902537
0	100	207	-0.091636
0	100	195	-0.661556
0	100	212	-0.950175
0	100	122	-1.286032
0	100	210	-1.430905
0	100	209	-1.444748
0	100	18	-1.469121
0	100	196	-2.118189
0	100	205	-2.219576
0	100	189	-2.336843
0	100	198	-3.037946
0	100	203	-3.522554
0	100	126	-3.893685
0	100	197	-4.216735
0	100	204	-4.567322
0	100	191	-5.441166
0	100	202	-5.606471
0	100	217	-5.921181
0	100	109	-6.471601
0	100	13	-7.408232
0	100	16	-7.862277
0	123	51	3.623231
0	123	14	3.447154
0	123	201	3.265769
0	123	116	3.255833
0	123	244	3.141307
0	123	8	3.066921
0	123	99	2.960079
0	123	229	2.888193
0	123	227	2.692630
0	123	222	2.250139
0	123	221	2.212416
0	123	232	1.928690
0	123	243	1.900659
0	123	238	1.661225
0	123	188	1.521511
0	123	190	1.450930
0	123	235	1.058324
0	123	240	1.030023
0	123	3	0.994389
0	123	228	0.829311
0	123	199	0.812746
0	123	236	0.617536
0	123	239	0.325339
0	123	207	0.295895
0	123	231	0.052132
0	123	226	-0.333838
0	123	210	-0.462753
0	123	233	-0.844183
0	123	223	-0.911577
0	123	122	-1.224055
0	123	96	-1.456243
0	123	18	-1.550747
0	123	230	-1.602718
0	123	225	-1.807582
0	123	224	-1.901855
0	123	246	-1.956450
0	123	11	-2.093155
0	123	241	-2.307076
0	123	198	-2.353194
0	123	196	-2.441551
0	123	234	-2.589386
0	123	237	-2.663678
0	123	187	-3.225602
0	123	245	-3.320497
0	123	197	-4.836160
0	123	242	-5.620105
0	123	208	-5.648248
0	123	217	-6.285933
0	123	191	-6.376728
0	123	247	-6.612877
0	123	16	-7.652864
0	124	51	4.171758
0	124	201	3.725906
0	124	227	3.617174
0	124	116	3.404999
0	124	244	3.235549
0	124	14	3.137732
0	124	8	3.101481
0	124	221	3.045416
0	124	99	3.030587
0	124	243	2.610573
0	124	188	2.568675
0	124	238	2.532629
0	124	235	2.338502
0	124	190	2.265679
0	124	229	2.142614
0	124	232	1.817696
0	124	222	1.573725
0	124	236	1.280649
0	124	228	1.168406
0	124	3	1.150091
0	124	198	1.147572
0	124	241	0.879312
0	124	223	0.811961
0	124	237	0.778850
0	124	231	0.712049
0	124	239	0.437843
0	124	199	0.361545
0	124	240	0.189679
0	124	207	0.137125
0	124	230	0.068607
0	124	234	-0.269433
0	124	210	-0.332016
0	124	233	-0.767793
0	124	122	-1.047972
0	124	224	-1.053018
0	124	225	-1.148961
0	124	246	-1.248602
0	124	96	-1.422179
0	124	226	-1.475378
0	124	11	-1.686548
0	124	196	-1.866522
0	124	18	-1.881350
0	124	197	-3.209582
0	124	187	-3.336217
0	124	16	-3.370010
0	124	245	-3.927211
0	124	247	-4.459277
0	124	242	-5.532094
0	124	191	-5.689845
0	124	208	-5.899006
0	124	217	-6.210798
0	125	51	3.699930
0	125	221	3.523453
0	125	227	3.333749
0	125	8	3.040331
0	125	116	2.889410
0	125	201	2.822043
0	125	14	2.772476
0	125	99	2.541211
0	125	232	2.188652
0	125	235	1.983261
0	125	229	1.592704
0	125	243	1.537088
0	125	244	1.438039
0	125	3	0.845192
0	125	188	0.734992
0	125	190	0.572373
0	125	238	0.531799
0	125	228	0.394488
0	125	239	0.094003
0	125	199	-0.013122
0	125	210	-0.086972
0	125	223	-0.377552
0	125	96	-0.415174
0	125	222	-0.485036
0	125	234	-0.543600
0	125	236	-0.714672
0	125	240	-0.725122
0	125	233	-0.782759
0	125	230	-0.860956
0	125	207	-0.876313
0	125	224	-1.009134
0	125	122	-1.272703
0	125	231	-1.509606
0	125	18	-1.939009
0	125	198	-1.950803
0	125	241	-2.002265
0	125	225	-2.128301
0	125	246	-2.140371
0	125	237	-2.198820
0	125	11	-2.209601
0	125	196	-2.249341
0	125	226	-2.559676
0	125	245	-2.942798
0	125	187	-3.226467
0	125	197	-3.886552
0	125	217	-5.805597
0	125	242	-5.893622
0	125	208	-5.984742
0	125	191	-6.249190
0	125	247	-7.143886
0	125	16	-7.764402
0	126	51	4.770353
0	126	201	4.415347
0	126	116	4.413350
0	126	14	4.280596
0	126	8	4.087861
0	126	229	3.956768
0	126	221	3.818117
0	126	99	3.712232
0	126	244	3.578637
0	126	235	3.564781
0	126	188	3.298954
0	126	190	2.501966
0	126	232	2.457324
0	126	199	2.340647
0	126	3	2.304055
0	126	228	2.249093
0	126	240	2.218421
0	126	222	1.982270
0	126	227	1.904454
0	126	243	1.697814
0	126	238	1.320139
0	126	226	1.180027
0	126	223	1.017149
0	126	207	0.808648
0	126	231	0.399719
0	126	239	0.378657
0	126	236	0.213358
0	126	210	-0.128564
0	126	230	-0.146816
0	126	18	-0.708739
0	126	233	-0.881600
0	126	122	-1.057917
0	126	198	-1.226280
0	126	11	-1.266110
0	126	96	-1.656958
0	126	225	-1.793654
0	126	196	-1.928921
0	126	245	-1.994157
0	126	224	-2.062315
0	126	246	-2.063240
0	126	241	-2.132946
0	126	237	-2.603351
0	126	234	-2.859609
0	126	187	-3.246083
0	126	242	-5.274816
0	126	197	-5.799845
0	126	208	-6.022101
0	126	191	-6.336657
0	126	217	-6.515704
0	126	247	-6.925229
0	126	16	-7.774755
0	127	51	4.581730
0	127	116	4.403977
0	127	201	4.385952
0	127	229	4.304726
0	127	14	4.162056
0	127	8	4.018230
0	127	99	3.955513
0	127	190	3.470952
0	127	244	3.264199
0	127	227	3.243725
0	127	232	2.971292
0	127	3	2.961353
0	127	222	2.774540
0	127	239	2.742750
0	127	188	2.572283
0	127	243	2.387886
0	127	235	2.382492
0	127	238	2.186625
0	127	221	2.040225
0	127	228	1.798234
0	127	236	1.391117
0	127	207	0.847300
0	127	240	0.762563
0	127	230	0.539490
0	127	245	0.338672
0	127	223	0.170837
0	127	226	0.131225
0	127	237	0.031758
0	127	231	-0.271046
0	127	241	-0.323481
0	127	18	-0.375303
0	127	234	-0.409877
0	127	210	-0.507393
0	127	96	-0.619078
0	127	233	-0.843238
0	127	198	-0.844507
0	127	224	-0.999172
0	127	199	-1.021807
0	127	122	-1.025223
0	127	11	-1.408110
0	127	246	-1.912804
0	127	196	-2.355823
0	127	187	-2.587767
0	127	225	-2.955752
0	127	197	-3.315518
0	127	191	-4.904541
0	127	242	-4.940816
0	127	208	-6.102656
0	127	217	-6.151412
0	127	247	-7.087831
0	127	16	-7.659711
0	144	8	4.649895
0	144	113	4.631725
0	144	258	4.447606
0	144	63	4.351226
0	144	14	4.198563
0	144	251	3.896659
0	144	201	3.835653
0	144	3	3.677744
0	144	199	3.355722
0	144	257	2.761842
0	144	200	1.658201
0	144	253	1.509554
0	144	252	0.484581
0	144	248	0.405235
0	144	256	-0.218717
0	144	18	-1.689601
0	144	11	-1.816690
0	144	249	-2.090651
0	144	254	-2.667001
0	144	187	-3.398184
0	144	250	-3.952753
0	144	191	-4.302610
0	144	208	-5.231276
0	144	110	-5.642631
0	144	16	-6.172170
0	144	109	-6.654241
0	144	255	-6.810524
0	144	17	-6.868616
0	144	13	-7.243751
0	145	8	4.406742
0	145	113	4.031164
0	145	63	3.922749
0	145	14	3.878103
0	145	258	3.871945
0	145	3	3.343838
0	145	251	3.331463
0	145	201	3.002324
0	145	257	1.696709
0	145	200	1.467535
0	145	253	1.195736
0	145	199	1.180671
0	145	248	0.446405
0	145	18	0.254870
0	145	252	0.047064
0	145	11	-2.041069
0	145	249	-2.330639
0	145	254	-2.815973
0	145	187	-3.222939
0	145	250	-4.969703
0	145	191	-5.023522
0	145	256	-5.024130
0	145	208	-5.306231
0	145	110	-5.798629
0	145	109	-6.554367
0	145	17	-7.155160
0	145	13	-7.209548
0	145	255	-7.212919
0	145	16	-7.390588
0	146	14	4.171902
0	146	113	4.062896
0	146	8	3.975916
0	146	201	3.961501
0	146	258	3.949126
0	146	257	3.839565
0	146	63	3.730390
0	146	3	3.692992
0	146	200	3.471210
0	146	251	3.164797
0	146	199	1.708958
0	146	18	0.752275
0	146	252	0.100706
0	146	253	-0.032532
0	146	248	-0.049563
0	146	249	-1.911935
0	146	11	-2.056616
0	146	191	-2.092335
0	146	187	-2.240639
0	146	254	-2.428031
0	146	250	-3.817989
0	146	256	-4.254812
0	146	110	-4.758697
0	146	255	-5.015542
0	146	208	-5.356902
0	146	109	-5.870252
0	146	16	-6.456672
0	146	17	-6.493763
0	146	13	-7.172432
0	147	14	4.138260
0	147	113	4.119267
0	147	8	3.923923
0	147	258	3.791168
0	147	201	3.731981
0	147	257	3.598229
0	147	63	3.543519
0	147	3	3.511703
0	147	253	3.362134
0	147	251	3.359507
0	147	199	2.448727
0	147	200	2.285615
0	147	248	0.161807
0	147	252	0.142869
0	147	249	-1.027363
0	147	18	-1.374571
0	147	254	-1.490023
0	147	11	-2.063175
0	147	187	-2.279660
0	147	250	-3.814660
0	147	256	-3.974184
0	147	255	-4.774329
0	147	110	-4.954007
0	147	208	-5.742200
0	147	191	-6.007836
0	147	109	-6.829512
0	147	17	-7.090305
0	147	13	-7.333652
0	147	16	-7.486868
0	148	14	4.294805
0	148	113	4.135136
0	148	201	3.949431
0	148	258	3.845678
0	148	8	3.700115
0	148	63	3.110064
0	148	3	2.973537
0	148	200	2.796741
0	148	251	2.254139
0	148	199	1.752648
0	148	257	1.350220
0	148	253	-0.177231
0	148	252	-0.390437
0	148	248	-0.832485
0	148	18	-1.415668
0	148	11	-1.973150
0	148	249	-2.453853
0	148	187	-2.580955
0	148	254	-2.968842
0	148	250	-5.272031
0	148	110	-5.354865
0	148	256	-5.501696
0	148	191	-5.557230
0	148	208	-5.948199
0	148	17	-6.624733
0	148	255	-6.761721
0	148	109	-6.869096
0	148	13	-7.151466
0	148	16	-7.541855
0	150	8	4.613111
0	150	14	4.498453
0	150	113	4.470469
0	150	201	4.385982
0	150	258	4.237144
0	150	257	4.158463
0	150	63	4.052798
0	150	251	3.578313
0	150	3	3.397859
0	150	200	3.337411
0	150	248	0.614560
0	150	252	-0.039198
0	150	253	-0.355412
0	150	199	-0.400854
0	150	18	-1.036452
0	150	11	-2.095021
0	150	187	-2.199647
0	150	249	-2.240647
0	150	254	-3.485827
0	150	250	-5.014073
0	150	208	-5.574485
0	150	110	-5.720501
0	150	256	-5.927706
0	150	191	-6.198369
0	150	109	-6.860667
0	150	16	-6.930613
0	150	17	-7.056722
0	150	255	-7.067858
0	150	13	-7.417532
0	177	51	2.824387
0	177	30	2.634110
0	177	14	2.516819
0	177	183	2.206834
0	177	265	2.198612
0	177	63	1.971022
0	177	116	1.921237
0	177	113	1.691210
0	177	58	1.605385
0	177	112	1.550874
0	177	8	1.530517
0	177	61	1.493645
0	177	267	1.380072
0	177	3	1.060882
0	177	270	1.000516
0	177	244	0.977630
0	177	264	0.746019
0	177	263	0.520504
0	177	18	-0.619374
0	177	119	-1.509869
0	177	231	-1.608822
0	177	266	-1.901282
0	177	280	-1.940969
0	177	11	-2.359722
0	177	271	-3.376242
0	177	268	-3.806996
0	177	278	-4.437252
0	177	272	-5.285046
0	177	269	-5.354817
0	177	115	-5.426497
0	177	277	-6.005193
0	177	255	-6.563276
0	177	109	-7.001824
0	177	17	-7.226888
0	177	13	-7.248491
0	177	16	-7.405312
0	178	51	3.443765
0	178	63	3.011046
0	178	112	2.960661
0	178	116	2.895081
0	178	14	2.782871
0	178	8	2.656221
0	178	113	2.625962
0	178	58	2.467356
0	178	30	2.441125
0	178	265	2.393771
0	178	244	2.104186
0	178	267	1.884143
0	178	183	1.858154
0	178	3	1.821627
0	178	61	1.747270
0	178	264	1.608791
0	178	231	1.373205
0	178	263	1.143624
0	178	270	0.380077
0	178	18	-1.332174
0	178	119	-1.364067
0	178	266	-1.506959
0	178	269	-1.740850
0	178	11	-1.809809
0	178	280	-2.013237
0	178	271	-2.438676
0	178	268	-3.041876
0	178	278	-4.023671
0	178	277	-4.400886
0	178	272	-4.674216
0	178	115	-4.743151
0	178	16	-5.856456
0	178	255	-6.201541
0	178	13	-6.856688
0	178	109	-6.876437
0	178	17	-6.971830
0	179	14	3.880006
0	179	113	3.734348
0	179	51	3.664656
0	179	30	3.509687
0	179	116	3.158273
0	179	8	3.124163
0	179	63	3.059739
0	179	112	3.035439
0	179	265	2.866188
0	179	61	2.703953
0	179	244	2.630247
0	179	3	2.522813
0	179	58	2.351976
0	179	267	2.120540
0	179	183	1.932697
0	179	264	1.856408
0	179	270	1.711954
0	179	263	1.616730
0	179	231	-1.139866
0	179	119	-1.207891
0	179	266	-1.599049
0	179	277	-1.681972
0	179	280	-1.688717
0	179	18	-1.843984
0	179	11	-2.066634
0	179	268	-2.310772
0	179	271	-2.626253
0	179	269	-3.193991
0	179	278	-4.596204
0	179	115	-5.135961
0	179	272	-5.427102
0	179	109	-6.953210
0	179	255	-7.222503
0	179	13	-7.284863
0	179	17	-7.402588
0	179	16	-7.587880
0	180	51	3.545878
0	180	30	3.517850
0	180	14	3.133275
0	180	63	2.926437
0	180	116	2.416084
0	180	58	2.196112
0	180	113	2.089355
0	180	265	1.921792
0	180	112	1.903748
0	180	183	1.881422
0	180	264	1.787368
0	180	8	1.628872
0	180	267	0.987544
0	180	270	0.861324
0	180	244	0.575049
0	180	3	0.362593
0	180	263	0.306369
0	180	231	-0.373646
0	180	61	-0.522583
0	180	18	-1.134681
0	180	119	-1.510289
0	180	11	-1.934330
0	180	280	-2.136581
0	180	266	-2.447796
0	180	271	-3.351067
0	180	277	-3.758120
0	180	268	-4.217898
0	180	269	-4.498610
0	180	278	-4.522904
0	180	272	-5.586392
0	180	115	-5.841886
0	180	16	-6.943211
0	180	13	-7.031748
0	180	17	-7.058833
0	180	109	-7.110845
0	180	255	-7.337941
0	181	8	4.138148
0	181	51	4.021722
0	181	14	3.996371
0	181	30	3.957413
0	181	113	3.816245
0	181	116	3.520974
0	181	63	3.499064
0	181	265	3.326561
0	181	183	3.202899
0	181	244	3.115780
0	181	112	3.066247
0	181	3	2.917261
0	181	58	2.875239
0	181	267	2.621782
0	181	263	2.396270
0	181	231	2.324315
0	181	61	2.237932
0	181	264	2.102482
0	181	270	1.809765
0	181	18	-0.079833
0	181	119	-0.854437
0	181	266	-1.396612
0	181	280	-1.766828
0	181	11	-2.069239
0	181	271	-3.159332
0	181	268	-3.275602
0	181	278	-4.466988
0	181	272	-4.949409
0	181	269	-5.051404
0	181	277	-5.435284
0	181	115	-5.472041
0	181	255	-6.624074
0	181	17	-6.964595
0	181	109	-6.978602
0	181	13	-7.098777
0	181	16	-7.757235
0	182	51	3.756469
0	182	116	3.583851
0	182	14	3.561826
0	182	30	3.538808
0	182	63	3.350902
0	182	61	3.200243
0	182	113	3.124934
0	182	8	3.051067
0	182	265	3.047075
0	182	263	2.982186
0	182	112	2.774585
0	182	183	2.659368
0	182	244	2.178345
0	182	267	1.872008
0	182	270	1.704954
0	182	3	1.669710
0	182	264	0.793386
0	182	58	0.740714
0	182	231	0.307264
0	182	119	-0.951294
0	182	18	-2.052400
0	182	280	-2.140030
0	182	11	-2.322123
0	182	266	-2.387805
0	182	268	-2.603837
0	182	271	-3.360360
0	182	278	-4.548097
0	182	269	-5.120021
0	182	272	-5.274338
0	182	277	-5.527973
0	182	115	-5.921259
0	182	109	-6.773138
0	182	17	-6.895668
0	182	13	-6.956718
0	182	255	-7.221563
0	182	16	-7.695291
0	183	63	3.388641
0	183	51	3.237024
0	183	30	2.845239
0	183	291	2.812439
0	183	14	2.787546
0	183	116	2.556574
0	183	113	2.499899
0	183	183	1.702673
0	183	267	1.658271
0	183	112	1.451525
0	183	264	1.398602
0	183	270	1.261158
0	183	244	0.933413
0	183	275	0.870784
0	183	263	0.486428
0	183	3	0.395160
0	183	61	0.361964
0	183	287	0.262339
0	183	274	0.102782
0	183	58	-0.288155
0	183	273	-0.441801
0	183	279	-0.450077
0	183	231	-0.461909
0	183	290	-0.662144
0	183	288	-0.807449
0	183	283	-0.941465
0	183	119	-1.048312
0	183	282	-1.246176
0	183	294	-1.403966
0	183	292	-1.450222
0	183	293	-1.549478
0	183	276	-1.735074
0	183	280	-2.134554
0	183	286	-2.367727
0	183	18	-2.522319
0	183	289	-3.012542
0	183	271	-3.060208
0	183	281	-3.439435
0	183	284	-3.588846
0	183	278	-4.168174
0	183	295	-4.258201
0	183	268	-4.417348
0	183	272	-4.742909
0	183	115	-5.769336
0	183	285	-5.868761
0	184	51	4.442012
0	184	30	4.348195
0	184	14	4.264859
0	184	183	4.042853
0	184	8	4.011837
0	184	113	3.924788
0	184	270	3.893030
0	184	3	3.871969
0	184	263	3.859059
0	184	116	3.843656
0	184	264	3.738269
0	184	112	3.492689
0	184	265	3.480709
0	184	63	3.301977
0	184	244	3.224915
0	184	61	3.108432
0	184	58	2.871886
0	184	267	2.810080
0	184	231	2.295464
0	184	269	0.280644
0	184	18	-1.254377
0	184	119	-1.393399
0	184	11	-1.838485
0	184	280	-2.034307
0	184	266	-2.056111
0	184	271	-2.983002
0	184	272	-3.346109
0	184	278	-3.526343
0	184	277	-3.999177
0	184	268	-4.117835
0	184	115	-4.433238
0	184	255	-6.555611
0	184	109	-6.653849
0	184	17	-6.718270
0	184	13	-7.064041
0	184	16	-7.711419
0	185	51	4.149080
0	185	63	3.627995
0	185	14	3.399914
0	185	8	3.261334
0	185	183	3.051061
0	185	113	2.944559
0	185	30	2.572591
0	185	116	2.537995
0	185	58	2.505993
0	185	265	2.447718
0	185	270	2.092456
0	185	112	2.013446
0	185	231	2.006335
0	185	267	1.555755
0	185	264	1.526015
0	185	3	1.402920
0	185	263	1.195256
0	185	244	1.020441
0	185	61	0.913090
0	185	18	0.291024
0	185	272	-0.260048
0	185	119	-0.690818
0	185	280	-1.699891
0	185	266	-2.050630
0	185	11	-2.303106
0	185	271	-2.659784
0	185	278	-3.836253
0	185	16	-4.059641
0	185	268	-4.151107
0	185	269	-4.365821
0	185	277	-5.383106
0	185	115	-5.802502
0	185	109	-6.556080
0	185	255	-6.562686
0	185	17	-7.412599
0	185	13	-7.591823
0	186	51	3.302818
0	186	63	2.586870
0	186	30	2.534789
0	186	14	1.914373
0	186	265	1.889494
0	186	267	1.818281
0	186	183	1.721207
0	186	116	1.612139
0	186	112	1.606687
0	186	8	1.593811
0	186	113	1.550009
0	186	58	1.222300
0	186	3	1.160952
0	186	244	1.143462
0	186	270	0.902063
0	186	263	0.752378
0	186	61	0.426311
0	186	264	0.117631
0	186	18	-0.420934
0	186	119	-0.916809
0	186	231	-1.033675
0	186	266	-1.559481
0	186	11	-1.948360
0	186	280	-2.075443
0	186	271	-3.473113
0	186	278	-3.682491
0	186	269	-3.795270
0	186	268	-4.118253
0	186	277	-4.742442
0	186	272	-4.784499
0	186	255	-5.106588
0	186	115	-5.354595
0	186	17	-6.976950
0	186	109	-7.093914
0	186	13	-7.292079
0	186	16	-7.409424
