0	1	5	14.716503
0	1	11	14.639038
0	1	14	13.132220
0	1	15	11.344023
0	1	0	10.271992
0	1	8	10.235315
0	1	18	9.189557
0	1	1	3.604724
0	1	2	1.540288
0	1	10	1.349174
0	1	3	-0.211990
0	1	9	-0.986312
0	1	19	-2.946885
0	1	7	-3.709399
0	1	16	-5.669045
0	1	4	-6.463474
0	1	13	-6.516958
0	1	12	-6.551066
0	1	6	-7.056129
0	1	17	-12.310623
0	2	5	14.916214
0	2	11	14.734304
0	2	1	12.804002
0	2	14	12.741201
0	2	10	10.552833
0	2	18	9.498219
0	2	16	8.423002
0	2	15	0.861055
0	2	7	-2.634756
0	2	9	-3.041876
0	2	0	-3.097641
0	2	8	-3.230522
0	2	2	-4.036242
0	2	3	-4.189397
0	2	19	-4.597910
0	2	13	-6.402298
0	2	12	-9.341998
0	2	4	-9.701447
0	2	6	-10.327724
0	2	17	-12.086630
0	3	5	14.584970
0	3	11	13.842373
0	3	1	13.602689
0	3	18	13.127903
0	3	3	11.751993
0	3	14	11.706882
0	3	16	11.379263
0	3	15	11.044852
0	3	7	10.066905
0	3	8	8.727449
0	3	0	2.265118
0	3	19	1.211054
0	3	10	-4.092900
0	3	13	-5.048025
0	3	2	-5.792680
0	3	12	-6.042333
0	3	9	-9.096608
0	3	6	-10.224173
0	3	4	-10.705826
0	3	17	-12.608682
0	14	48	15.529058
0	14	53	15.491337
0	14	43	15.315550
0	14	20	15.269579
0	14	27	14.949313
0	14	32	14.913616
0	14	57	14.820831
0	14	65	14.735569
0	14	54	14.725908
0	14	26	14.658072
0	14	25	14.621654
0	14	63	14.621369
0	14	31	14.602312
0	14	24	14.591061
0	14	11	14.523022
0	14	21	14.437152
0	14	22	14.408365
0	14	14	14.330274
0	14	71	14.198795
0	14	23	14.123102
0	14	42	13.512253
0	14	51	13.353719
0	14	46	12.679169
0	14	85	11.734499
0	14	28	11.674233
0	14	33	11.573811
0	14	45	10.935480
0	14	52	10.512905
0	14	3	10.271027
0	14	18	9.930196
0	14	64	9.823387
0	14	8	9.416354
0	14	49	8.731151
0	14	61	8.635964
0	14	40	7.679440
0	14	39	7.172829
0	14	36	5.986369
0	14	69	2.817151
0	14	55	2.794837
0	14	73	0.893906
0	14	29	0.568889
0	14	30	0.044945
0	14	56	-0.128966
0	14	72	-0.795022
0	14	41	-1.400538
0	14	47	-1.876673
0	14	37	-2.734502
0	14	75	-3.283967
0	14	77	-3.426569
0	14	50	-4.124961
0	14	62	-4.651667
0	14	78	-4.993760
0	14	38	-5.694495
0	14	16	-6.006885
0	14	66	-6.603084
0	14	58	-6.705901
0	14	70	-7.571464
0	14	34	-7.576692
0	14	76	-8.172599
0	14	79	-8.371049
0	14	74	-8.439956
0	14	35	-9.476614
0	14	44	-9.982468
0	15	48	15.266129
0	15	53	15.254872
0	15	43	15.055690
0	15	20	14.645444
0	15	65	14.582945
0	15	24	14.476733
0	15	32	14.471521
0	15	26	14.444195
0	15	54	14.398353
0	15	25	14.291628
0	15	31	14.264677
0	15	27	14.238913
0	15	21	14.164169
0	15	22	13.992025
0	15	14	13.958761
0	15	42	13.522134
0	15	23	13.439164
0	15	33	13.305515
0	15	51	13.072062
0	15	63	13.069027
0	15	52	12.853061
0	15	69	12.783511
0	15	61	12.779506
0	15	45	12.496902
0	15	57	11.801205
0	15	8	11.712238
0	15	28	11.234149
0	15	11	10.704627
0	15	47	10.595381
0	15	46	10.399425
0	15	36	8.490995
0	15	71	8.115001
0	15	40	8.047450
0	15	77	7.715962
0	15	41	7.226592
0	15	55	5.202635
0	15	39	4.853356
0	15	64	2.513623
0	15	49	2.381116
0	15	18	0.685587
0	15	37	0.212407
0	15	3	-0.044597
0	15	50	-0.446329
0	15	30	-1.540372
0	15	29	-2.425402
0	15	72	-2.691841
0	15	73	-2.839132
0	15	75	-3.045098
0	15	78	-3.139990
0	15	66	-3.513152
0	15	38	-4.571150
0	15	62	-4.823953
0	15	85	-5.552400
0	15	16	-5.837822
0	15	58	-6.137567
0	15	56	-6.206348
0	15	74	-6.619078
0	15	34	-7.632736
0	15	76	-8.646957
0	15	35	-9.091034
0	15	70	-9.252079
0	15	44	-9.776458
0	15	79	-10.126618
0	16	11	14.946000
0	16	48	14.926970
0	16	43	14.436024
0	16	26	14.394931
0	16	20	14.345346
0	16	53	14.305160
0	16	27	14.187978
0	16	21	14.093703
0	16	24	13.846975
0	16	65	13.635161
0	16	31	13.461409
0	16	57	13.334291
0	16	51	13.058268
0	16	49	12.909599
0	16	69	12.623425
0	16	23	12.555325
0	16	63	12.359908
0	16	25	12.122893
0	16	28	11.952872
0	16	71	11.870253
0	16	45	11.867285
0	16	61	11.789880
0	16	33	11.648685
0	16	29	11.389133
0	16	75	11.168911
0	16	36	10.749206
0	16	72	10.700293
0	16	22	10.649836
0	16	85	9.971074
0	16	40	9.804683
0	16	41	8.773436
0	16	32	8.106627
0	16	78	7.235637
0	16	74	6.677049
0	16	37	5.904641
0	16	64	4.664970
0	16	8	2.201492
0	16	18	2.184167
0	16	54	1.617308
0	16	52	1.597240
0	16	73	1.051565
0	16	47	0.777177
0	16	39	0.484244
0	16	3	-0.028407
0	16	62	-0.840452
0	16	66	-1.008681
0	16	14	-1.610774
0	16	34	-1.730643
0	16	30	-1.787250
0	16	38	-1.885358
0	16	56	-2.009729
0	16	58	-3.383333
0	16	42	-3.830820
0	16	77	-3.916310
0	16	46	-5.710131
0	16	50	-7.248369
0	16	55	-7.812881
0	16	76	-8.474947
0	16	35	-9.192815
0	16	79	-9.314009
0	16	70	-9.540501
0	16	16	-10.056661
0	16	44	-11.337916
0	19	43	15.629784
0	19	53	15.427033
0	19	28	15.350672
0	19	48	15.104369
0	19	21	15.038417
0	19	27	13.917636
0	19	65	13.756288
0	19	32	13.636457
0	19	31	13.522389
0	19	22	12.999663
0	19	20	12.283581
0	19	23	12.024537
0	19	42	10.817551
0	19	51	9.472558
0	19	52	8.223777
0	19	61	7.969678
0	19	57	6.364467
0	19	54	6.345967
0	19	24	6.166085
0	19	30	4.742883
0	19	41	4.603451
0	19	14	4.465974
0	19	38	2.137722
0	19	45	2.128078
0	19	26	1.838016
0	19	58	1.188054
0	19	69	0.247031
0	19	25	0.116126
0	19	46	-0.698332
0	19	63	-1.063505
0	19	3	-1.106465
0	19	18	-1.177016
0	19	40	-1.241684
0	19	16	-1.546567
0	19	39	-3.200563
0	19	11	-3.599022
0	19	8	-3.672434
0	19	29	-4.931459
0	19	62	-5.017167
0	19	50	-6.155349
0	19	71	-6.329192
0	19	33	-6.511406
0	19	73	-6.560786
0	19	64	-6.786940
0	19	37	-7.043149
0	19	56	-8.705179
0	19	78	-8.834713
0	19	36	-9.177134
0	19	77	-9.333674
0	19	55	-9.760111
0	19	47	-10.153440
0	19	70	-10.353691
0	19	44	-10.409971
0	19	85	-10.499724
0	19	49	-10.655435
0	19	72	-10.992024
0	19	35	-10.998133
0	19	76	-11.158548
0	19	74	-11.346983
0	19	75	-12.101247
0	19	66	-12.358039
0	19	79	-12.488845
0	19	34	-12.937583
0	22	43	15.738175
0	22	21	15.677937
0	22	53	15.481535
0	22	28	15.250553
0	22	32	14.852913
0	22	22	14.796047
0	22	48	14.751228
0	22	65	14.367415
0	22	25	14.306320
0	22	52	14.120861
0	22	20	14.091479
0	22	27	13.974135
0	22	31	13.640903
0	22	23	13.443468
0	22	69	13.109829
0	22	42	13.073465
0	22	51	13.043550
0	22	3	12.380941
0	22	14	12.368221
0	22	18	11.778472
0	22	63	11.233898
0	22	24	11.168280
0	22	57	11.071595
0	22	61	10.563426
0	22	30	10.409191
0	22	39	9.285940
0	22	26	8.893366
0	22	64	8.624584
0	22	45	6.979673
0	22	54	6.291153
0	22	62	6.280088
0	22	33	6.049974
0	22	58	5.592216
0	22	38	4.808085
0	22	11	3.299523
0	22	16	2.386743
0	22	46	1.728235
0	22	40	1.566920
0	22	8	-1.672184
0	22	29	-1.803004
0	22	49	-2.785733
0	22	41	-3.492997
0	22	71	-4.149924
0	22	37	-4.428133
0	22	77	-4.870538
0	22	50	-5.610902
0	22	47	-6.244225
0	22	78	-6.635331
0	22	73	-7.004998
0	22	74	-7.007971
0	22	72	-7.420761
0	22	56	-7.684622
0	22	85	-7.891511
0	22	75	-8.123473
0	22	36	-8.907023
0	22	55	-9.774870
0	22	70	-9.984930
0	22	66	-10.417765
0	22	76	-10.617204
0	22	44	-10.622857
0	22	35	-10.796177
0	22	79	-11.399372
0	22	34	-12.388357
0	43	93	13.237748
0	43	98	13.209797
0	43	91	12.815585
0	43	69	11.629953
0	43	52	9.670286
0	43	94	8.089128
0	43	90	7.217146
0	43	61	6.708437
0	43	15	6.218200
0	43	89	6.157031
0	43	18	4.620529
0	43	26	1.449249
0	43	92	0.778088
0	43	108	-0.639154
0	43	14	-1.116062
0	43	58	-1.341586
0	43	86	-2.333330
0	43	3	-3.187601
0	43	105	-3.541373
0	43	106	-3.750633
0	43	88	-4.054176
0	43	99	-4.192505
0	43	11	-4.723182
0	43	8	-6.603230
0	43	103	-6.636821
0	43	87	-6.794860
0	43	95	-6.868645
0	43	63	-6.907560
0	43	96	-7.191074
0	43	13	-7.332421
0	43	107	-8.571006
0	43	97	-9.787059
0	43	110	-10.076254
0	43	100	-11.018342
0	43	85	-11.339849
0	43	17	-11.826842
0	43	109	-12.711215
0	44	91	14.764253
0	44	94	14.671624
0	44	14	14.339848
0	44	98	14.042015
0	44	106	13.504393
0	44	90	13.306351
0	44	93	13.251968
0	44	69	12.827480
0	44	18	12.031673
0	44	15	11.944481
0	44	99	11.248011
0	44	63	10.620152
0	44	26	8.975962
0	44	52	8.881341
0	44	86	7.939544
0	44	92	7.335265
0	44	108	6.825263
0	44	103	6.548118
0	44	89	5.462833
0	44	61	3.489696
0	44	8	2.328686
0	44	87	1.731457
0	44	3	1.546997
0	44	110	1.113419
0	44	107	0.914605
0	44	95	-0.314826
0	44	11	-0.587228
0	44	105	-1.843911
0	44	97	-6.289513
0	44	88	-6.366744
0	44	96	-6.514765
0	44	13	-6.675619
0	44	85	-6.934867
0	44	100	-7.584980
0	44	58	-10.358128
0	44	109	-11.427046
0	44	17	-12.066908
0	54	14	14.464013
0	54	8	11.675356
0	54	11	7.672554
0	54	18	7.154623
0	54	16	1.876939
0	54	3	1.205240
0	54	13	-0.546048
0	54	7	-1.921293
0	54	111	-4.304844
0	54	17	-12.914772
0	57	14	13.610928
0	57	11	11.359726
0	57	8	11.002692
0	57	18	8.035758
0	57	111	7.671091
0	57	13	0.781502
0	57	16	-0.494881
0	57	7	-5.260220
0	57	3	-7.392044
0	57	17	-11.964770
0	58	14	12.382820
0	58	18	5.646400
0	58	16	5.486046
0	58	8	4.584345
0	58	13	4.577422
0	58	3	0.628463
0	58	11	-0.152963
0	58	111	-9.782373
0	58	7	-11.166661
0	58	17	-11.877782
0	73	137	14.335576
0	73	168	13.980306
0	73	163	13.864003
0	73	156	13.656923
0	73	14	13.440323
0	73	150	13.275073
0	73	154	13.190258
0	73	153	13.162196
0	73	152	13.159216
0	73	155	13.146089
0	73	151	13.049018
0	73	157	13.008629
0	73	149	12.798471
0	73	18	12.757794
0	73	132	12.677687
0	73	158	12.606173
0	73	161	12.387899
0	73	8	12.301723
0	73	170	10.461687
0	73	159	10.227040
0	73	13	9.951371
0	73	162	9.679359
0	73	11	9.383576
0	73	160	8.834680
0	73	169	8.267077
0	73	3	3.544892
0	73	148	1.476217
0	73	146	-0.117310
0	73	145	-0.691170
0	73	147	-6.016860
0	73	16	-7.399205
0	73	17	-11.377590
0	74	137	13.928476
0	74	163	13.646065
0	74	153	13.387117
0	74	11	13.009083
0	74	152	13.006930
0	74	157	12.972987
0	74	150	12.938852
0	74	151	12.806913
0	74	158	12.745430
0	74	155	12.736465
0	74	154	12.575284
0	74	132	12.216684
0	74	161	11.579036
0	74	149	11.578748
0	74	156	11.275740
0	74	168	10.547131
0	74	159	10.426859
0	74	160	8.348499
0	74	14	7.029766
0	74	8	5.932137
0	74	18	5.863194
0	74	170	5.361423
0	74	146	4.730203
0	74	169	3.525707
0	74	13	2.289522
0	74	162	0.888136
0	74	145	0.195188
0	74	3	-2.228112
0	74	148	-6.416601
0	74	147	-7.447005
0	74	16	-11.268012
0	74	17	-11.643601
0	75	137	14.419733
0	75	164	13.621350
0	75	167	13.391056
0	75	165	13.012473
0	75	11	12.644716
0	75	18	12.356955
0	75	132	12.195648
0	75	128	11.549698
0	75	146	11.108630
0	75	14	10.274786
0	75	166	10.236431
0	75	8	8.134283
0	75	13	6.053788
0	75	3	5.776536
0	75	171	5.173629
0	75	160	4.924807
0	75	147	2.244741
0	75	145	0.391139
0	75	16	-6.537784
0	75	17	-10.325806
0	77	137	14.712820
0	77	167	14.140682
0	77	164	13.225779
0	77	132	12.874910
0	77	166	12.324762
0	77	11	12.082146
0	77	165	11.974593
0	77	14	8.925453
0	77	160	8.372548
0	77	3	6.769878
0	77	18	5.363839
0	77	8	3.451053
0	77	128	-2.409243
0	77	171	-2.908129
0	77	147	-4.639307
0	77	146	-6.321033
0	77	13	-8.130183
0	77	16	-8.495084
0	77	145	-11.666132
0	77	17	-13.951625
0	94	116	14.250927
0	94	204	13.178044
0	94	15	13.137947
0	94	122	13.073834
0	94	194	13.054778
0	94	196	13.000175
0	94	188	12.898678
0	94	18	12.810245
0	94	192	12.468572
0	94	203	12.459274
0	94	51	12.247515
0	94	63	12.025403
0	94	208	11.578604
0	94	200	11.559180
0	94	201	11.401058
0	94	187	11.387870
0	94	206	10.877540
0	94	3	10.870290
0	94	202	10.662827
0	94	198	10.406038
0	94	14	10.300960
0	94	99	10.124498
0	94	190	9.904767
0	94	16	9.513919
0	94	199	9.083817
0	94	205	8.716163
0	94	13	8.348276
0	94	8	7.860600
0	94	113	7.155130
0	94	193	6.296567
0	94	109	5.505348
0	94	189	5.432058
0	94	210	-1.750232
0	94	217	-2.352151
0	94	207	-5.636053
0	94	195	-6.927702
0	94	197	-8.453026
0	94	209	-8.635831
0	94	191	-10.127820
0	94	17	-10.994204
0	94	126	-12.235298
0	94	212	-12.263195
0	95	116	14.880380
0	95	194	14.562862
0	95	14	14.283368
0	95	196	14.139217
0	95	15	14.069634
0	95	190	13.689096
0	95	192	13.156380
0	95	99	13.133955
0	95	51	12.936561
0	95	206	12.622313
0	95	188	12.471975
0	95	189	12.416549
0	95	63	12.291679
0	95	200	12.122267
0	95	202	11.792645
0	95	201	11.148920
0	95	16	10.901308
0	95	207	10.561574
0	95	204	10.042062
0	95	193	9.662713
0	95	18	9.387862
0	95	113	8.737606
0	95	210	8.625014
0	95	199	7.647726
0	95	203	4.955315
0	95	217	3.889789
0	95	122	3.360063
0	95	205	2.956897
0	95	3	2.014788
0	95	8	-0.460680
0	95	187	-0.981092
0	95	198	-1.528610
0	95	208	-4.747311
0	95	126	-7.303947
0	95	13	-8.202196
0	95	195	-8.330272
0	95	191	-8.446195
0	95	109	-8.476336
0	95	197	-9.769936
0	95	209	-11.064975
0	95	212	-11.697478
0	95	17	-12.041364
0	96	116	14.676992
0	96	190	14.410671
0	96	14	14.175735
0	96	192	14.118262
0	96	194	13.967972
0	96	207	13.273814
0	96	51	12.971279
0	96	201	12.944988
0	96	63	12.648127
0	96	99	12.621602
0	96	200	12.424133
0	96	189	11.838160
0	96	15	11.459978
0	96	188	10.687724
0	96	193	9.526745
0	96	113	7.924169
0	96	206	6.854457
0	96	199	4.428168
0	96	18	3.797274
0	96	8	2.660533
0	96	196	2.170641
0	96	210	-2.076318
0	96	3	-2.500268
0	96	122	-3.280840
0	96	217	-3.464153
0	96	205	-3.546123
0	96	202	-4.088848
0	96	204	-4.299232
0	96	198	-5.736631
0	96	208	-6.735995
0	96	16	-7.359644
0	96	187	-7.957806
0	96	13	-8.432511
0	96	203	-9.399882
0	96	109	-9.472834
0	96	197	-11.041412
0	96	126	-11.321852
0	96	195	-11.594544
0	96	212	-12.337577
0	96	191	-12.426634
0	96	17	-12.957670
0	96	209	-13.046890
0	99	116	14.769793
0	99	196	13.962998
0	99	204	13.772621
0	99	211	13.633694
0	99	194	13.403839
0	99	51	13.221210
0	99	206	13.052226
0	99	188	12.800735
0	99	201	12.727090
0	99	190	12.612934
0	99	203	12.503352
0	99	192	12.287047
0	99	200	11.986145
0	99	63	11.888217
0	99	8	11.763686
0	99	205	11.701804
0	99	18	11.646663
0	99	189	11.505142
0	99	198	10.363895
0	99	210	10.177212
0	99	122	9.798920
0	99	99	9.756583
0	99	3	9.614208
0	99	202	9.601805
0	99	193	9.568754
0	99	113	8.310637
0	99	195	8.185950
0	99	13	7.790653
0	99	199	5.902297
0	99	209	4.624401
0	99	109	2.438037
0	99	16	2.356760
0	99	14	1.738238
0	99	207	0.491938
0	99	15	-0.423324
0	99	217	-2.475434
0	99	197	-6.317033
0	99	126	-9.746501
0	99	212	-9.752969
0	99	191	-11.566019
0	100	116	14.614123
0	100	211	14.173040
0	100	204	13.981301
0	100	194	13.524957
0	100	16	13.361239
0	100	192	13.140564
0	100	203	12.806637
0	100	99	12.455077
0	100	200	12.436229
0	100	51	12.317933
0	100	188	12.263239
0	100	63	12.125196
0	100	201	12.076262
0	100	196	12.047568
0	100	206	11.681252
0	100	122	11.615753
0	100	18	10.877801
0	100	193	10.201150
0	100	198	10.071829
0	100	190	9.371651
0	100	14	8.364626
0	100	199	6.944958
0	100	210	6.759480
0	100	113	6.281352
0	100	202	5.736141
0	100	15	4.056328
0	100	8	0.835981
0	100	207	0.628419
0	100	109	-3.443480
0	100	189	-3.851697
0	100	3	-5.441769
0	100	205	-7.147986
0	100	217	-7.994985
0	100	13	-8.954222
0	100	197	-9.803631
0	100	126	-11.702390
0	100	191	-12.041667
0	100	195	-12.640809
0	100	212	-13.132538
0	100	209	-13.430672
0	123	116	14.503329
0	123	241	14.317462
0	123	243	14.209922
0	123	122	14.024870
0	123	223	13.945639
0	123	237	13.900554
0	123	232	13.775738
0	123	188	13.741929
0	123	11	13.396553
0	123	231	13.354857
0	123	18	13.265091
0	123	228	13.249757
0	123	99	13.063455
0	123	224	13.054172
0	123	51	12.959638
0	123	208	12.885757
0	123	187	12.687692
0	123	198	12.563312
0	123	201	12.544421
0	123	16	12.524957
0	123	96	12.372375
0	123	235	12.250652
0	123	196	11.498763
0	123	225	11.337149
0	123	14	11.089400
0	123	247	10.753175
0	123	190	10.707159
0	123	199	10.626361
0	123	245	10.197362
0	123	229	8.988904
0	123	230	7.070580
0	123	210	6.329926
0	123	3	6.167291
0	123	221	5.985448
0	123	242	3.323542
0	123	238	2.469506
0	123	240	-0.949649
0	123	233	-1.807992
0	123	217	-4.826284
0	123	207	-5.463890
0	123	227	-5.768787
0	123	222	-6.643555
0	123	8	-7.514773
0	123	239	-8.408504
0	123	197	-8.479691
0	123	244	-8.683495
0	123	236	-9.009232
0	123	234	-9.721400
0	123	246	-9.887074
0	123	226	-11.933525
0	123	191	-12.341225
0	124	116	14.813956
0	124	241	14.419859
0	124	122	14.084079
0	124	237	13.942113
0	124	232	13.797756
0	124	11	13.703144
0	124	188	13.537543
0	124	231	13.411047
0	124	223	13.365113
0	124	238	13.087747
0	124	224	12.998746
0	124	51	12.908945
0	124	235	12.879958
0	124	228	12.712984
0	124	187	12.415077
0	124	243	12.116507
0	124	208	12.052073
0	124	225	12.050504
0	124	16	12.032132
0	124	18	11.966839
0	124	99	11.955120
0	124	229	11.948214
0	124	247	11.904609
0	124	198	11.736495
0	124	14	11.522873
0	124	96	11.353239
0	124	201	11.015808
0	124	199	10.325386
0	124	190	8.907575
0	124	245	5.980310
0	124	210	3.736236
0	124	196	2.644148
0	124	3	-2.101105
0	124	242	-2.536617
0	124	230	-2.564177
0	124	221	-4.228894
0	124	244	-4.838756
0	124	233	-5.448475
0	124	240	-5.799626
0	124	217	-6.886539
0	124	234	-6.965392
0	124	227	-7.302860
0	124	246	-7.686600
0	124	222	-8.015950
0	124	239	-8.110735
0	124	207	-8.526084
0	124	8	-8.910799
0	124	197	-9.063122
0	124	236	-9.894972
0	124	191	-11.673582
0	124	226	-11.845447
0	125	116	14.247775
0	125	241	14.145298
0	125	122	13.911308
0	125	237	13.524172
0	125	231	13.508031
0	125	229	13.497423
0	125	232	13.316114
0	125	18	13.243718
0	125	188	13.198508
0	125	238	12.908644
0	125	99	12.705320
0	125	51	12.438587
0	125	187	12.410026
0	125	228	12.274908
0	125	208	12.204710
0	125	198	11.879347
0	125	225	11.874819
0	125	96	11.808742
0	125	11	11.561458
0	125	16	11.518514
0	125	247	11.404331
0	125	243	11.154621
0	125	201	11.020909
0	125	235	10.932907
0	125	14	10.065985
0	125	224	8.875334
0	125	199	7.405487
0	125	245	6.670284
0	125	239	6.499155
0	125	223	6.293832
0	125	210	1.958615
0	125	196	1.747662
0	125	234	-0.885496
0	125	221	-1.828908
0	125	190	-1.908150
0	125	3	-1.990129
0	125	222	-3.052795
0	125	244	-5.898629
0	125	240	-6.698292
0	125	242	-6.785931
0	125	233	-7.431963
0	125	236	-7.457862
0	125	230	-7.521569
0	125	8	-8.245376
0	125	246	-8.877452
0	125	227	-9.342053
0	125	207	-9.917769
0	125	197	-10.038134
0	125	217	-10.174134
0	125	226	-10.309247
0	125	191	-11.235907
0	126	116	14.574933
0	126	232	14.240169
0	126	229	13.905982
0	126	231	13.819847
0	126	224	13.727212
0	126	11	13.721814
0	126	241	13.702037
0	126	122	13.430824
0	126	238	13.326009
0	126	243	13.185592
0	126	51	13.086741
0	126	237	12.894256
0	126	228	12.876571
0	126	188	12.820297
0	126	99	12.681010
0	126	235	12.644209
0	126	201	11.770700
0	126	187	10.926366
0	126	96	10.693387
0	126	198	10.613129
0	126	199	10.271389
0	126	196	9.972721
0	126	18	9.843245
0	126	208	9.797112
0	126	14	9.429767
0	126	190	6.645628
0	126	223	6.351234
0	126	210	4.210639
0	126	239	4.125212
0	126	221	0.389648
0	126	16	0.150301
0	126	245	-0.387910
0	126	3	-0.519956
0	126	225	-1.884827
0	126	227	-2.822159
0	126	207	-3.147409
0	126	230	-3.423032
0	126	233	-4.838060
0	126	242	-5.475604
0	126	240	-5.754884
0	126	8	-6.184959
0	126	247	-6.425219
0	126	234	-7.060130
0	126	236	-7.813589
0	126	217	-8.612671
0	126	244	-8.809235
0	126	222	-9.132415
0	126	246	-9.588706
0	126	197	-9.821523
0	126	226	-11.569107
0	126	191	-11.974413
0	127	116	14.356889
0	127	11	13.812958
0	127	232	13.744674
0	127	241	13.714861
0	127	231	13.621565
0	127	224	13.546356
0	127	122	13.472499
0	127	237	13.393205
0	127	188	13.158302
0	127	235	13.126325
0	127	243	12.965402
0	127	51	12.908885
0	127	228	12.876632
0	127	99	12.816629
0	127	199	12.226092
0	127	238	12.153209
0	127	208	12.081522
0	127	229	12.055490
0	127	198	11.976478
0	127	187	11.934930
0	127	225	11.573635
0	127	18	11.550989
0	127	201	11.415039
0	127	96	11.312051
0	127	190	10.528832
0	127	16	8.967190
0	127	14	8.636053
0	127	247	6.937792
0	127	210	6.684239
0	127	3	6.015307
0	127	227	4.048614
0	127	230	3.659740
0	127	245	0.188267
0	127	242	-2.729045
0	127	223	-3.326048
0	127	221	-3.948613
0	127	196	-5.127807
0	127	244	-5.167707
0	127	8	-6.304645
0	127	207	-6.401194
0	127	233	-6.804769
0	127	240	-6.986353
0	127	222	-8.647467
0	127	217	-8.942410
0	127	236	-9.637859
0	127	234	-10.127403
0	127	197	-10.216609
0	127	239	-10.322766
0	127	191	-10.865365
0	127	226	-11.896280
0	127	246	-12.042618
0	144	253	15.121253
0	144	257	14.709584
0	144	251	14.276978
0	144	258	13.448376
0	144	14	13.253799
0	144	63	12.282921
0	144	249	11.151273
0	144	13	9.793980
0	144	250	9.108003
0	144	201	8.108813
0	144	8	7.218950
0	144	199	6.005324
0	144	252	3.544836
0	144	248	2.450738
0	144	16	0.927671
0	144	200	-0.741852
0	144	18	-0.744917
0	144	110	-2.952090
0	144	3	-3.529693
0	144	256	-4.633206
0	144	11	-4.765820
0	144	254	-5.348195
0	144	255	-7.937435
0	144	187	-8.032921
0	144	208	-8.491964
0	144	109	-10.322250
0	144	113	-10.654230
0	144	17	-11.164152
0	144	191	-11.190127
0	145	253	15.137952
0	145	257	14.715481
0	145	258	13.303041
0	145	63	12.814024
0	145	249	12.651910
0	145	14	12.490332
0	145	201	12.125423
0	145	250	12.049644
0	145	251	10.602670
0	145	248	9.061189
0	145	252	7.004837
0	145	8	6.960677
0	145	200	6.464547
0	145	18	5.827040
0	145	13	5.304256
0	145	199	4.907388
0	145	110	2.013270
0	145	16	0.748347
0	145	254	-1.179726
0	145	3	-1.319198
0	145	187	-2.787571
0	145	255	-3.808030
0	145	256	-3.838152
0	145	208	-3.904911
0	145	113	-4.824540
0	145	11	-5.226821
0	145	109	-7.996110
0	145	191	-9.836873
0	145	17	-9.899972
0	146	257	15.725855
0	146	253	15.700893
0	146	14	15.417276
0	146	258	14.199117
0	146	249	13.960792
0	146	251	12.550140
0	146	252	12.300714
0	146	63	12.145745
0	146	110	12.115045
0	146	201	11.706882
0	146	250	11.669873
0	146	13	9.693851
0	146	248	9.373863
0	146	254	8.637541
0	146	200	8.097662
0	146	199	6.722797
0	146	8	4.113324
0	146	18	1.581483
0	146	11	0.928583
0	146	255	-1.331636
0	146	3	-1.648610
0	146	208	-1.757047
0	146	109	-2.978478
0	146	256	-2.987414
0	146	187	-4.807225
0	146	16	-6.263824
0	146	113	-7.719026
0	146	191	-8.457376
0	146	17	-8.941282
0	147	253	14.934490
0	147	14	14.389694
0	147	257	14.306599
0	147	258	13.311419
0	147	63	12.371940
0	147	251	9.955403
0	147	18	7.943262
0	147	201	6.240932
0	147	252	5.600303
0	147	248	4.172589
0	147	8	1.698224
0	147	250	1.514204
0	147	200	0.182434
0	147	16	-2.239606
0	147	249	-2.879855
0	147	199	-3.174641
0	147	3	-3.338246
0	147	110	-5.148488
0	147	256	-6.683188
0	147	11	-7.208111
0	147	255	-8.116243
0	147	254	-8.301830
0	147	13	-8.306942
0	147	113	-8.483395
0	147	208	-8.655908
0	147	187	-9.900598
0	147	191	-10.928000
0	147	17	-11.144758
0	147	109	-11.168781
0	148	14	15.442969
0	148	253	15.242766
0	148	257	14.564300
0	148	258	13.543221
0	148	63	12.631682
0	148	8	12.575302
0	148	201	12.563357
0	148	249	11.280144
0	148	248	11.257269
0	148	250	10.324059
0	148	199	9.757363
0	148	13	9.254436
0	148	110	8.806547
0	148	252	8.583262
0	148	18	7.212578
0	148	3	5.726916
0	148	256	5.180444
0	148	16	4.518847
0	148	208	3.222959
0	148	251	2.926627
0	148	11	2.184189
0	148	187	0.767342
0	148	254	-0.428807
0	148	200	-4.566951
0	148	109	-5.086747
0	148	255	-7.080507
0	148	17	-8.138716
0	148	113	-9.786790
0	148	191	-11.249732
0	150	253	15.157877
0	150	14	14.325419
0	150	257	14.253260
0	150	258	12.965794
0	150	63	12.569137
0	150	250	11.969446
0	150	201	11.877597
0	150	248	10.413018
0	150	18	8.860469
0	150	249	8.622969
0	150	256	8.496872
0	150	199	7.735993
0	150	200	7.675128
0	150	252	7.247490
0	150	8	6.847312
0	150	13	6.607840
0	150	16	5.877120
0	150	110	0.125703
0	150	187	-0.070017
0	150	11	-1.088577
0	150	208	-2.051021
0	150	3	-2.672594
0	150	255	-3.853928
0	150	251	-6.490315
0	150	254	-7.317693
0	150	109	-8.703119
0	150	113	-9.032824
0	150	17	-9.840683
0	150	191	-9.849793
0	177	183	13.640062
0	177	116	13.136377
0	177	267	12.954600
0	177	263	12.729164
0	177	270	12.274315
0	177	112	12.252310
0	177	14	12.135164
0	177	269	12.060580
0	177	265	11.754033
0	177	63	11.476410
0	177	51	11.424212
0	177	119	11.298496
0	177	18	11.275359
0	177	231	10.976927
0	177	61	10.595288
0	177	264	10.271832
0	177	8	9.579580
0	177	266	9.384314
0	177	13	6.817379
0	177	271	6.208420
0	177	115	3.992125
0	177	11	2.911501
0	177	113	2.591216
0	177	244	2.250696
0	177	30	-0.673046
0	177	268	-3.728610
0	177	16	-3.789660
0	177	272	-3.914892
0	177	3	-4.194505
0	177	255	-4.389890
0	177	109	-6.259706
0	177	58	-6.640706
0	177	17	-7.067408
0	177	278	-7.419287
0	177	280	-7.514894
0	177	277	-8.222340
0	178	116	14.506605
0	178	183	14.367236
0	178	267	13.644280
0	178	270	13.132135
0	178	269	12.308306
0	178	265	7.777335
0	178	263	7.618377
0	178	264	7.062686
0	178	14	6.666492
0	178	3	5.880898
0	178	266	5.855627
0	178	51	5.322588
0	178	61	3.845363
0	178	231	2.616514
0	178	112	2.556299
0	178	268	1.737830
0	178	8	1.452375
0	178	119	1.142623
0	178	30	0.939870
0	178	63	0.467647
0	178	271	0.297142
0	178	18	-0.098010
0	178	13	-2.178538
0	178	11	-5.274974
0	178	16	-5.897814
0	178	115	-6.453738
0	178	58	-6.792720
0	178	244	-6.861907
0	178	272	-9.302436
0	178	255	-9.595432
0	178	278	-9.804743
0	178	113	-10.141430
0	178	280	-10.327793
0	178	17	-10.365703
0	178	277	-10.952961
0	178	109	-11.992529
0	179	267	14.252197
0	179	183	13.925607
0	179	116	13.583526
0	179	119	12.913090
0	179	14	12.755836
0	179	264	12.716263
0	179	263	12.707926
0	179	269	12.633599
0	179	270	11.897988
0	179	18	11.369453
0	179	271	10.655304
0	179	266	10.498340
0	179	231	10.382194
0	179	265	10.110442
0	179	61	9.300897
0	179	115	9.229029
0	179	51	7.694548
0	179	268	7.426496
0	179	13	6.139040
0	179	3	5.643226
0	179	112	5.446942
0	179	16	4.931628
0	179	8	3.128454
0	179	278	1.922296
0	179	63	0.765319
0	179	11	-0.034155
0	179	30	-0.079687
0	179	255	-1.160634
0	179	272	-6.831753
0	179	109	-6.941008
0	179	17	-7.487387
0	179	244	-7.791606
0	179	58	-8.051162
0	179	280	-8.825159
0	179	277	-9.078132
0	179	113	-9.132918
0	180	116	14.064765
0	180	183	13.919202
0	180	267	13.473668
0	180	263	13.228395
0	180	231	12.418886
0	180	119	12.330643
0	180	18	12.318643
0	180	270	12.286305
0	180	265	12.228372
0	180	51	12.149656
0	180	30	12.078735
0	180	112	12.009653
0	180	269	11.997892
0	180	63	11.313302
0	180	14	11.211205
0	180	61	11.119820
0	180	266	10.408066
0	180	271	10.356248
0	180	264	10.301680
0	180	8	8.862703
0	180	244	6.986454
0	180	115	6.471274
0	180	11	5.280421
0	180	113	5.074749
0	180	13	4.834146
0	180	3	3.683553
0	180	16	1.945942
0	180	109	1.447177
0	180	255	0.390731
0	180	268	-2.977886
0	180	278	-4.743166
0	180	58	-5.349736
0	180	272	-5.561998
0	180	280	-8.039555
0	180	17	-9.623141
0	180	277	-10.487272
0	181	116	16.075125
0	181	183	14.938724
0	181	267	14.684063
0	181	14	14.224676
0	181	51	13.876504
0	181	231	13.823815
0	181	270	13.495860
0	181	112	13.287248
0	181	265	13.202280
0	181	119	12.734435
0	181	63	12.576412
0	181	264	12.521285
0	181	269	11.973981
0	181	61	11.932669
0	181	18	11.791205
0	181	266	11.100698
0	181	263	8.506245
0	181	115	8.433094
0	181	13	7.431595
0	181	271	7.310579
0	181	8	5.317257
0	181	268	4.069706
0	181	3	0.637581
0	181	30	0.299656
0	181	58	0.096777
0	181	11	-0.941993
0	181	109	-1.969863
0	181	16	-2.044852
0	181	280	-2.853210
0	181	255	-4.227558
0	181	244	-5.517991
0	181	277	-6.345767
0	181	17	-7.348803
0	181	113	-7.533108
0	181	272	-9.154081
0	181	278	-11.049467
0	182	116	15.047428
0	182	267	14.525307
0	182	265	13.969355
0	182	183	13.589690
0	182	14	13.380468
0	182	270	12.830283
0	182	112	12.185342
0	182	119	12.138540
0	182	51	12.018348
0	182	266	11.279421
0	182	61	11.154256
0	182	18	10.796870
0	182	63	10.795184
0	182	264	9.658273
0	182	269	9.142857
0	182	263	8.078561
0	182	231	4.572163
0	182	271	4.475481
0	182	115	2.264024
0	182	30	1.487879
0	182	8	0.162914
0	182	13	-0.317075
0	182	268	-3.359803
0	182	11	-3.609691
0	182	3	-3.847074
0	182	255	-6.010458
0	182	16	-6.162253
0	182	58	-6.395986
0	182	277	-6.579253
0	182	244	-6.850113
0	182	109	-7.214948
0	182	272	-7.375285
0	182	280	-7.931117
0	182	278	-8.779937
0	182	113	-9.034704
0	182	17	-10.879746
0	183	291	14.842459
0	183	273	14.541119
0	183	275	14.456092
0	183	116	14.345650
0	183	183	14.175654
0	183	263	14.154842
0	183	276	14.141502
0	183	112	14.075068
0	183	283	14.025703
0	183	14	13.925464
0	183	267	13.821738
0	183	290	13.537800
0	183	279	13.355542
0	183	287	13.292071
0	183	286	13.133405
0	183	285	12.903706
0	183	274	12.842598
0	183	63	12.520282
0	183	270	12.496989
0	183	293	12.049783
0	183	264	11.716670
0	183	18	11.388893
0	183	282	11.207341
0	183	292	11.102259
0	183	61	10.794121
0	183	51	10.513633
0	183	231	9.981337
0	183	281	6.743321
0	183	271	6.533981
0	183	119	4.636239
0	183	294	0.253952
0	183	288	-0.174968
0	183	115	-0.207278
0	183	113	-2.762167
0	183	289	-3.703912
0	183	268	-5.294042
0	183	244	-5.873154
0	183	3	-6.118285
0	183	278	-6.492732
0	183	30	-6.728685
0	183	284	-7.042076
0	183	295	-7.645608
0	183	272	-8.404177
0	183	280	-9.158831
0	183	58	-11.231861
0	184	116	14.786483
0	184	263	14.645574
0	184	267	14.339318
0	184	183	14.096962
0	184	270	13.543012
0	184	269	13.481659
0	184	265	12.756439
0	184	63	12.036764
0	184	264	11.823819
0	184	112	11.766849
0	184	11	11.535262
0	184	61	11.507234
0	184	271	11.422248
0	184	14	10.790441
0	184	231	10.114141
0	184	119	9.637046
0	184	18	9.563446
0	184	266	9.323659
0	184	268	8.333827
0	184	51	5.873812
0	184	30	1.562241
0	184	113	0.978525
0	184	3	-4.174703
0	184	8	-4.385574
0	184	244	-6.390965
0	184	115	-7.268864
0	184	278	-7.973516
0	184	58	-9.452111
0	184	16	-9.888892
0	184	277	-10.361298
0	184	109	-10.620153
0	184	272	-10.686107
0	184	255	-12.830834
0	184	280	-12.836801
0	184	13	-13.007112
0	184	17	-14.070995
0	185	183	14.773003
0	185	116	14.457605
0	185	267	14.228248
0	185	112	14.143347
0	185	265	13.515224
0	185	263	12.920753
0	185	270	12.868567
0	185	231	12.855204
0	185	14	12.775594
0	185	51	12.547256
0	185	63	12.023332
0	185	61	12.005568
0	185	16	11.811671
0	185	271	11.499864
0	185	266	11.177748
0	185	269	10.882207
0	185	264	10.625461
0	185	119	9.032469
0	185	13	8.314962
0	185	18	6.821608
0	185	268	4.560927
0	185	58	-0.472670
0	185	8	-1.276007
0	185	11	-2.238794
0	185	278	-2.508593
0	185	280	-3.772418
0	185	255	-4.410624
0	185	3	-4.875648
0	185	244	-4.904319
0	185	113	-5.468606
0	185	115	-5.605008
0	185	30	-6.539601
0	185	277	-7.970480
0	185	17	-9.719437
0	185	109	-10.374495
0	185	272	-10.560846
0	186	116	14.782198
0	186	183	14.401320
0	186	263	14.310071
0	186	267	14.117220
0	186	14	13.745563
0	186	18	12.397561
0	186	270	12.297265
0	186	61	11.551302
0	186	265	11.453612
0	186	231	11.211222
0	186	264	10.862549
0	186	266	10.818472
0	186	271	9.881845
0	186	269	9.190677
0	186	51	8.691019
0	186	115	7.833768
0	186	63	7.663946
0	186	3	7.578017
0	186	112	7.360964
0	186	268	6.623966
0	186	113	6.487725
0	186	16	3.555390
0	186	8	3.543868
0	186	244	2.146539
0	186	30	-1.538679
0	186	119	-1.632915
0	186	11	-2.533187
0	186	280	-5.923513
0	186	13	-5.976657
0	186	58	-6.893099
0	186	255	-7.111903
0	186	272	-9.125061
0	186	109	-9.247187
0	186	278	-10.269255
0	186	17	-10.560114
0	186	277	-10.686430
