0	1	11	2.188237
0	1	2	2.067526
0	1	5	1.851259
0	1	18	1.804288
0	1	9	1.682741
0	1	19	1.582851
0	1	15	1.511774
0	1	14	1.328599
0	1	3	1.255532
0	1	7	0.990166
0	1	6	0.640502
0	1	0	0.562486
0	1	4	0.537498
0	1	1	0.257800
0	1	10	0.043198
0	1	12	0.041277
0	1	8	-0.552838
0	1	13	-2.859501
0	1	17	-3.112619
0	1	16	-3.161841
0	2	9	2.955132
0	2	2	2.514534
0	2	5	2.075900
0	2	15	2.048910
0	2	3	1.963654
0	2	1	1.939674
0	2	14	1.837732
0	2	11	1.691575
0	2	18	1.088383
0	2	4	0.807653
0	2	6	0.574394
0	2	10	0.199706
0	2	8	-0.631482
0	2	19	-0.837033
0	2	0	-0.874713
0	2	12	-1.333936
0	2	7	-1.850119
0	2	17	-3.446437
0	2	16	-3.536580
0	2	13	-3.935078
0	3	9	2.465896
0	3	11	1.774890
0	3	3	1.715644
0	3	1	1.695821
0	3	15	1.669578
0	3	5	1.514742
0	3	2	1.344360
0	3	10	1.178117
0	3	14	1.067666
0	3	4	1.023970
0	3	6	0.963514
0	3	18	0.648986
0	3	19	0.590075
0	3	0	0.190474
0	3	7	-0.018461
0	3	12	-0.473021
0	3	8	-1.275670
0	3	17	-2.963822
0	3	16	-3.138804
0	3	13	-3.569133
0	14	27	1.635744
0	14	22	1.104437
0	14	31	1.085025
0	14	3	1.030166
0	14	56	1.001462
0	14	30	0.915497
0	14	45	0.781862
0	14	65	0.717955
0	14	26	0.702591
0	14	43	0.644974
0	14	32	0.587263
0	14	57	0.571161
0	14	38	0.547508
0	14	51	0.498979
0	14	52	0.432401
0	14	36	0.425889
0	14	58	0.387821
0	14	61	0.354125
0	14	54	0.352141
0	14	40	0.304105
0	14	46	0.283041
0	14	14	0.278523
0	14	29	0.141733
0	14	63	0.118301
0	14	41	0.074657
0	14	28	0.006429
0	14	47	-0.025873
0	14	8	-0.091661
0	14	50	-0.125290
0	14	66	-0.129955
0	14	21	-0.212304
0	14	37	-0.219162
0	14	25	-0.305278
0	14	44	-0.330284
0	14	71	-0.359094
0	14	20	-0.397916
0	14	24	-0.471957
0	14	62	-0.518585
0	14	33	-0.594767
0	14	18	-0.649658
0	14	64	-0.660862
0	14	85	-0.679592
0	14	48	-0.732362
0	14	74	-0.733401
0	14	11	-0.775592
0	14	23	-0.853041
0	14	39	-1.060366
0	14	75	-1.135543
0	14	42	-1.183762
0	14	49	-1.264710
0	14	35	-1.268346
0	14	34	-1.281474
0	14	73	-1.313347
0	14	69	-1.546238
0	14	55	-1.675008
0	14	79	-1.723259
0	14	53	-1.738104
0	14	77	-1.846416
0	14	70	-2.123258
0	14	78	-2.131604
0	14	72	-2.328890
0	14	76	-2.898768
0	14	16	-3.270774
0	15	26	1.982090
0	15	50	1.934662
0	15	31	1.747805
0	15	27	1.601235
0	15	56	1.568400
0	15	58	1.517549
0	15	52	1.488501
0	15	43	1.468406
0	15	51	1.450364
0	15	32	1.286479
0	15	36	1.273733
0	15	14	1.230610
0	15	54	1.136234
0	15	57	1.104780
0	15	30	1.073222
0	15	3	1.053518
0	15	21	0.921852
0	15	63	0.909233
0	15	38	0.859031
0	15	45	0.839526
0	15	28	0.820195
0	15	61	0.695642
0	15	22	0.597845
0	15	23	0.565434
0	15	29	0.506112
0	15	46	0.475079
0	15	71	0.400170
0	15	65	0.394439
0	15	40	0.223061
0	15	11	0.169371
0	15	64	0.086209
0	15	41	0.038046
0	15	37	-0.029237
0	15	25	-0.060470
0	15	24	-0.138210
0	15	66	-0.154511
0	15	62	-0.437929
0	15	48	-0.447859
0	15	20	-0.510087
0	15	47	-0.532476
0	15	42	-0.546704
0	15	33	-0.579324
0	15	53	-0.637799
0	15	85	-0.751246
0	15	18	-0.884146
0	15	8	-0.887315
0	15	34	-0.899570
0	15	39	-0.941057
0	15	35	-0.978632
0	15	75	-1.172310
0	15	69	-1.394664
0	15	74	-1.471357
0	15	49	-1.507369
0	15	77	-1.568007
0	15	44	-1.681110
0	15	72	-1.734964
0	15	79	-1.806933
0	15	55	-1.837800
0	15	73	-2.124855
0	15	70	-2.320402
0	15	78	-2.442550
0	15	76	-2.876546
0	15	16	-2.941952
0	16	58	2.601851
0	16	26	2.585940
0	16	56	2.358094
0	16	54	2.344335
0	16	51	2.211152
0	16	43	2.202423
0	16	32	2.105739
0	16	52	2.089669
0	16	3	1.928359
0	16	22	1.852841
0	16	14	1.751434
0	16	50	1.713509
0	16	31	1.707083
0	16	27	1.659142
0	16	21	1.477988
0	16	30	1.471220
0	16	53	1.418916
0	16	28	1.413724
0	16	45	1.398747
0	16	63	1.356006
0	16	61	1.237619
0	16	20	1.197363
0	16	47	1.154376
0	16	46	1.144542
0	16	25	1.110225
0	16	72	1.031482
0	16	29	1.024647
0	16	57	0.969746
0	16	38	0.898642
0	16	36	0.825736
0	16	71	0.743702
0	16	37	0.693540
0	16	64	0.641540
0	16	35	0.578961
0	16	62	0.516370
0	16	23	0.493598
0	16	42	0.352829
0	16	48	0.338366
0	16	40	0.175175
0	16	85	0.033781
0	16	41	-0.160901
0	16	75	-0.243947
0	16	66	-0.361030
0	16	18	-0.459591
0	16	69	-0.523056
0	16	49	-0.523112
0	16	65	-0.595778
0	16	34	-0.860923
0	16	11	-0.958915
0	16	39	-1.025251
0	16	70	-1.067304
0	16	8	-1.188907
0	16	24	-1.228483
0	16	74	-1.345349
0	16	79	-1.359648
0	16	33	-1.361710
0	16	76	-2.023201
0	16	73	-2.084133
0	16	44	-2.129114
0	16	77	-2.194801
0	16	78	-2.253313
0	16	55	-2.507697
0	16	16	-2.663221
0	19	27	1.682773
0	19	3	1.527647
0	19	31	1.344595
0	19	46	1.307773
0	19	26	1.138422
0	19	38	1.133088
0	19	65	1.036654
0	19	43	0.984451
0	19	56	0.951685
0	19	32	0.922923
0	19	29	0.914870
0	19	51	0.852215
0	19	57	0.770268
0	19	50	0.735621
0	19	52	0.705433
0	19	58	0.652992
0	19	41	0.577703
0	19	54	0.515827
0	19	30	0.497577
0	19	45	0.495945
0	19	61	0.485284
0	19	40	0.433831
0	19	28	0.385554
0	19	22	0.302788
0	19	62	0.294425
0	19	36	0.287707
0	19	14	0.286492
0	19	63	0.263733
0	19	25	0.254500
0	19	21	0.253564
0	19	20	0.237870
0	19	33	0.020449
0	19	37	-0.086074
0	19	42	-0.135871
0	19	85	-0.149261
0	19	23	-0.221595
0	19	71	-0.308624
0	19	47	-0.572613
0	19	44	-0.573756
0	19	8	-0.583660
0	19	18	-0.695102
0	19	11	-0.816016
0	19	66	-0.897548
0	19	48	-0.901793
0	19	24	-0.984184
0	19	75	-1.013461
0	19	64	-1.099799
0	19	72	-1.417800
0	19	53	-1.474865
0	19	34	-1.501850
0	19	73	-1.651789
0	19	49	-1.782708
0	19	69	-1.794254
0	19	70	-1.855049
0	19	55	-1.984769
0	19	77	-1.988478
0	19	39	-2.217055
0	19	35	-2.281062
0	19	79	-2.325641
0	19	74	-2.592264
0	19	78	-2.773920
0	19	16	-3.348603
0	19	76	-3.360934
0	22	58	2.841121
0	22	26	2.405143
0	22	52	2.201935
0	22	43	2.154082
0	22	36	2.143823
0	22	56	2.029181
0	22	50	1.954138
0	22	32	1.930948
0	22	46	1.837217
0	22	54	1.811505
0	22	51	1.720558
0	22	28	1.642316
0	22	53	1.598765
0	22	21	1.520147
0	22	38	1.491599
0	22	63	1.489937
0	22	31	1.433588
0	22	30	1.373503
0	22	22	1.340320
0	22	14	1.332254
0	22	42	1.331334
0	22	40	1.111841
0	22	29	1.055769
0	22	61	0.954314
0	22	27	0.953193
0	22	23	0.948156
0	22	57	0.875952
0	22	3	0.772840
0	22	24	0.718486
0	22	37	0.645728
0	22	64	0.561180
0	22	20	0.559608
0	22	47	0.519505
0	22	66	0.451185
0	22	45	0.423397
0	22	49	0.329538
0	22	41	0.273297
0	22	72	0.258860
0	22	33	0.180819
0	22	71	0.102673
0	22	25	0.034968
0	22	85	0.004972
0	22	8	-0.090282
0	22	62	-0.288453
0	22	65	-0.444743
0	22	75	-0.541554
0	22	34	-0.602607
0	22	18	-0.636230
0	22	48	-0.683547
0	22	77	-0.871079
0	22	35	-0.877145
0	22	11	-0.946129
0	22	70	-1.210636
0	22	78	-1.786909
0	22	39	-1.795673
0	22	73	-1.828820
0	22	74	-1.900169
0	22	44	-1.929132
0	22	69	-1.930502
0	22	55	-2.254566
0	22	76	-2.293710
0	22	79	-2.491889
0	22	16	-2.948828
0	43	89	2.541059
0	43	99	2.029457
0	43	3	1.916803
0	43	105	1.744745
0	43	95	1.702551
0	43	15	1.619643
0	43	86	1.547150
0	43	58	1.546821
0	43	107	1.434301
0	43	61	1.367219
0	43	90	1.360842
0	43	52	1.260902
0	43	26	1.161260
0	43	94	1.054407
0	43	14	1.004580
0	43	96	0.800561
0	43	98	0.511877
0	43	91	0.388704
0	43	63	0.375537
0	43	8	0.157147
0	43	87	0.141384
0	43	88	0.007140
0	43	103	-0.065016
0	43	11	-0.143089
0	43	92	-0.158780
0	43	106	-0.506960
0	43	100	-0.700417
0	43	18	-0.744497
0	43	97	-0.863480
0	43	85	-1.304469
0	43	110	-1.342807
0	43	93	-1.430708
0	43	69	-1.808012
0	43	109	-1.945815
0	43	108	-2.702357
0	43	17	-3.424540
0	43	13	-3.657240
0	44	89	2.807687
0	44	95	2.480515
0	44	94	2.290728
0	44	26	2.263885
0	44	15	2.155605
0	44	3	2.153087
0	44	86	1.995229
0	44	11	1.955452
0	44	90	1.804099
0	44	58	1.768535
0	44	99	1.759119
0	44	52	1.678695
0	44	14	1.622720
0	44	63	1.128842
0	44	96	1.109717
0	44	98	0.962085
0	44	18	0.881252
0	44	93	0.629496
0	44	107	0.629049
0	44	103	0.574845
0	44	61	0.540229
0	44	97	0.411030
0	44	100	0.113322
0	44	8	-0.091913
0	44	105	-0.159654
0	44	87	-0.247540
0	44	85	-0.401139
0	44	110	-0.466958
0	44	92	-0.638789
0	44	91	-0.811053
0	44	88	-1.119301
0	44	106	-1.189127
0	44	69	-1.222761
0	44	109	-1.645389
0	44	108	-2.261406
0	44	17	-3.640078
0	44	13	-3.942387
0	54	3	1.437538
0	54	14	0.896890
0	54	11	0.225333
0	54	8	0.071995
0	54	18	-0.823686
0	54	7	-2.394956
0	54	111	-2.614609
0	54	16	-2.659398
0	54	17	-3.548511
0	54	13	-3.741032
0	57	18	1.891428
0	57	3	1.215485
0	57	14	0.300512
0	57	11	0.138529
0	57	8	0.137013
0	57	7	-0.078526
0	57	111	-1.942103
0	57	13	-3.444704
0	57	16	-3.600604
0	57	17	-3.610527
0	58	8	0.434137
0	58	18	0.380535
0	58	3	0.309345
0	58	11	0.263985
0	58	14	-0.826146
0	58	111	-1.447221
0	58	7	-1.628325
0	58	13	-3.072664
0	58	16	-3.205066
0	58	17	-3.262124
0	73	158	2.867230
0	73	163	2.619758
0	73	154	2.580014
0	73	153	2.492218
0	73	161	2.444084
0	73	132	2.409279
0	73	152	2.396768
0	73	150	2.361343
0	73	170	2.297488
0	73	157	2.267466
0	73	148	2.264178
0	73	11	2.233457
0	73	151	2.229123
0	73	137	2.187803
0	73	156	2.160720
0	73	159	1.977474
0	73	149	1.796636
0	73	168	1.667265
0	73	160	1.393934
0	73	3	1.356364
0	73	169	1.339893
0	73	18	1.244325
0	73	162	1.084719
0	73	14	0.616769
0	73	146	0.605464
0	73	8	0.164014
0	73	147	-0.370875
0	73	155	-0.616628
0	73	145	-2.374135
0	73	17	-3.572646
0	73	13	-3.616858
0	73	16	-3.783792
0	74	157	2.761569
0	74	158	2.533735
0	74	152	2.343776
0	74	161	2.326416
0	74	150	2.232965
0	74	154	2.135889
0	74	151	2.051731
0	74	163	2.019270
0	74	170	1.958403
0	74	132	1.907943
0	74	148	1.868238
0	74	11	1.540026
0	74	153	1.502998
0	74	14	1.492031
0	74	137	1.462527
0	74	155	1.441741
0	74	159	1.415516
0	74	3	1.335702
0	74	160	1.164394
0	74	162	1.046568
0	74	169	1.018370
0	74	149	1.015459
0	74	156	0.672734
0	74	168	0.298480
0	74	18	-0.275068
0	74	146	-0.608563
0	74	147	-0.731047
0	74	8	-0.850708
0	74	145	-1.002844
0	74	16	-3.240271
0	74	17	-3.405785
0	74	13	-3.679931
0	75	137	2.566272
0	75	171	2.443805
0	75	14	2.394053
0	75	128	2.247475
0	75	11	2.107324
0	75	165	2.104266
0	75	167	1.963693
0	75	18	1.943787
0	75	132	1.881070
0	75	3	1.653465
0	75	166	0.857080
0	75	160	0.765100
0	75	147	0.731014
0	75	164	0.541773
0	75	146	-0.291272
0	75	8	-0.366612
0	75	145	-0.372454
0	75	17	-3.401514
0	75	16	-3.568110
0	75	13	-3.627673
0	77	137	2.639833
0	77	14	2.484336
0	77	18	2.424858
0	77	11	2.281169
0	77	128	2.262886
0	77	165	2.210991
0	77	171	2.188275
0	77	3	2.178445
0	77	132	2.006191
0	77	145	1.618094
0	77	160	1.519493
0	77	8	1.353690
0	77	167	1.183992
0	77	166	0.832284
0	77	164	0.787657
0	77	146	0.400358
0	77	147	0.295020
0	77	13	-1.945704
0	77	16	-2.797843
0	77	17	-3.009299
0	94	116	3.150253
0	94	200	2.610823
0	94	210	2.531756
0	94	188	2.530971
0	94	14	2.500529
0	94	99	2.350025
0	94	205	2.342867
0	94	51	2.341189
0	94	192	2.203353
0	94	15	2.110627
0	94	113	2.102793
0	94	207	2.030436
0	94	194	1.973671
0	94	212	1.953552
0	94	206	1.922874
0	94	196	1.818066
0	94	3	1.812968
0	94	193	1.749399
0	94	190	1.727818
0	94	209	1.547259
0	94	126	1.409684
0	94	197	1.377785
0	94	195	1.234127
0	94	202	1.099151
0	94	189	0.986522
0	94	203	0.783630
0	94	18	0.675840
0	94	191	0.577581
0	94	8	0.573900
0	94	63	0.302303
0	94	201	0.076585
0	94	122	-0.024995
0	94	204	-0.758598
0	94	187	-0.907601
0	94	208	-0.957078
0	94	199	-1.131576
0	94	217	-1.915146
0	94	198	-2.072490
0	94	16	-2.346362
0	94	109	-2.434334
0	94	17	-2.938400
0	94	13	-3.547966
0	95	116	2.317981
0	95	18	1.991958
0	95	99	1.673746
0	95	14	1.387460
0	95	3	1.200887
0	95	191	1.159404
0	95	113	1.151442
0	95	193	1.059442
0	95	15	0.826523
0	95	200	0.810164
0	95	203	0.779689
0	95	206	0.681842
0	95	122	0.681710
0	95	190	0.673255
0	95	202	0.668402
0	95	192	0.554791
0	95	195	0.552301
0	95	187	0.529427
0	95	194	0.519858
0	95	197	0.453372
0	95	199	0.375227
0	95	209	0.370355
0	95	207	0.354227
0	95	196	0.313910
0	95	51	0.229204
0	95	212	0.217998
0	95	201	-0.007314
0	95	210	-0.029755
0	95	188	-0.061166
0	95	217	-0.147607
0	95	63	-0.349718
0	95	189	-0.379666
0	95	204	-0.719418
0	95	205	-0.771815
0	95	8	-0.844400
0	95	208	-0.976740
0	95	198	-1.024651
0	95	126	-1.029611
0	95	17	-1.890436
0	95	16	-2.458123
0	95	109	-2.604958
0	95	13	-2.701730
0	96	116	2.696558
0	96	15	1.843858
0	96	99	1.820658
0	96	200	1.817076
0	96	192	1.777875
0	96	3	1.761719
0	96	210	1.745624
0	96	113	1.730479
0	96	188	1.724789
0	96	205	1.625865
0	96	190	1.602568
0	96	193	1.502157
0	96	14	1.491496
0	96	194	1.391944
0	96	206	1.295581
0	96	51	1.293053
0	96	18	1.062160
0	96	122	0.881876
0	96	196	0.871080
0	96	202	0.869509
0	96	207	0.780346
0	96	203	0.779640
0	96	212	0.746984
0	96	195	0.698237
0	96	63	0.647578
0	96	201	0.447704
0	96	191	0.432972
0	96	209	0.418425
0	96	197	0.246639
0	96	8	-0.092167
0	96	199	-0.165743
0	96	189	-0.253731
0	96	204	-0.555371
0	96	126	-0.971218
0	96	187	-1.420122
0	96	208	-1.599290
0	96	109	-2.453379
0	96	217	-2.532109
0	96	198	-2.658841
0	96	16	-2.800242
0	96	17	-3.308416
0	96	13	-4.041324
0	99	99	2.277604
0	99	188	2.116110
0	99	15	2.094264
0	99	211	2.029301
0	99	3	1.832449
0	99	116	1.832038
0	99	206	1.652476
0	99	113	1.643361
0	99	205	1.498998
0	99	193	1.410648
0	99	51	1.399150
0	99	192	1.311484
0	99	200	1.277375
0	99	207	1.272415
0	99	212	1.242896
0	99	196	1.236928
0	99	190	1.230556
0	99	202	1.085617
0	99	210	0.999156
0	99	14	0.856055
0	99	209	0.849702
0	99	203	0.471692
0	99	18	0.468329
0	99	63	0.423060
0	99	194	0.382658
0	99	195	0.372407
0	99	122	0.324094
0	99	201	0.024780
0	99	189	-0.168660
0	99	197	-0.561096
0	99	191	-0.764374
0	99	126	-0.776956
0	99	199	-0.835583
0	99	8	-1.018754
0	99	204	-1.567301
0	99	217	-2.201396
0	99	198	-2.527380
0	99	16	-2.635139
0	99	109	-3.065112
0	99	13	-3.497240
0	100	188	2.518070
0	100	205	2.371125
0	100	99	2.131146
0	100	51	1.946685
0	100	3	1.876103
0	100	211	1.826304
0	100	15	1.821507
0	100	190	1.724821
0	100	116	1.595545
0	100	206	1.468849
0	100	14	1.307812
0	100	113	1.287900
0	100	202	1.013775
0	100	192	0.883363
0	100	193	0.880974
0	100	200	0.830028
0	100	196	0.807376
0	100	203	0.785047
0	100	18	0.667606
0	100	194	0.456671
0	100	201	0.438123
0	100	197	0.429066
0	100	207	0.358254
0	100	63	0.171926
0	100	189	0.065672
0	100	210	-0.094301
0	100	212	-0.202883
0	100	209	-0.273036
0	100	195	-0.297710
0	100	122	-0.789611
0	100	126	-1.133336
0	100	8	-1.215562
0	100	199	-1.442921
0	100	191	-1.498650
0	100	204	-1.605111
0	100	109	-2.580725
0	100	198	-2.717950
0	100	217	-2.762457
0	100	16	-2.937532
0	100	13	-3.785478
0	123	201	2.336386
0	123	230	2.261154
0	123	226	2.235819
0	123	3	2.053317
0	123	239	2.006872
0	123	190	1.998252
0	123	188	1.955215
0	123	224	1.927997
0	123	240	1.912011
0	123	196	1.800562
0	123	51	1.731341
0	123	207	1.705817
0	123	245	1.650649
0	123	241	1.523655
0	123	96	1.509473
0	123	227	1.459540
0	123	116	1.398913
0	123	222	1.386753
0	123	243	1.378607
0	123	236	1.346094
0	123	242	1.283500
0	123	221	1.279392
0	123	197	1.258598
0	123	235	1.254040
0	123	246	1.205135
0	123	223	1.169284
0	123	233	1.103688
0	123	99	1.088315
0	123	14	1.067148
0	123	225	0.894446
0	123	234	0.892338
0	123	237	0.882889
0	123	244	0.834815
0	123	11	0.692959
0	123	229	0.664481
0	123	18	0.556921
0	123	232	0.513213
0	123	199	0.471750
0	123	228	0.451114
0	123	231	0.392381
0	123	210	0.337416
0	123	238	0.090300
0	123	122	-0.079355
0	123	8	-0.580185
0	123	208	-1.377607
0	123	198	-1.615744
0	123	191	-1.871931
0	123	187	-1.959224
0	123	217	-2.857283
0	123	16	-3.025924
0	123	247	-3.394155
0	124	207	1.397466
0	124	224	1.371020
0	124	240	1.241951
0	124	11	1.141762
0	124	233	1.057210
0	124	235	1.000337
0	124	51	0.990914
0	124	236	0.954250
0	124	210	0.925227
0	124	188	0.831189
0	124	3	0.691459
0	124	14	0.558049
0	124	232	0.555371
0	124	222	0.282302
0	124	244	0.254472
0	124	225	0.201788
0	124	201	0.135344
0	124	190	0.106338
0	124	18	0.090712
0	124	191	0.087163
0	124	223	0.074059
0	124	230	0.062935
0	124	227	-0.077527
0	124	99	-0.161231
0	124	116	-0.286542
0	124	187	-0.318946
0	124	221	-0.332151
0	124	238	-0.410367
0	124	245	-0.417193
0	124	226	-0.518169
0	124	96	-0.577095
0	124	239	-0.631304
0	124	229	-0.676065
0	124	197	-0.791313
0	124	122	-0.821582
0	124	8	-0.920138
0	124	246	-0.987945
0	124	234	-1.054817
0	124	208	-1.073672
0	124	196	-1.076364
0	124	231	-1.086300
0	124	228	-1.151202
0	124	243	-1.164053
0	124	241	-1.255324
0	124	237	-1.397350
0	124	242	-1.407503
0	124	199	-1.416636
0	124	198	-2.996885
0	124	217	-3.140968
0	124	16	-3.334727
0	124	247	-3.528092
0	125	224	2.448776
0	125	226	1.823802
0	125	207	1.775673
0	125	3	1.756002
0	125	188	1.694257
0	125	210	1.674813
0	125	246	1.651540
0	125	190	1.649433
0	125	230	1.627624
0	125	240	1.550780
0	125	236	1.544972
0	125	244	1.543918
0	125	11	1.482689
0	125	233	1.469754
0	125	222	1.354051
0	125	196	1.216045
0	125	223	1.110765
0	125	235	1.058934
0	125	227	1.026875
0	125	14	0.990279
0	125	234	0.941699
0	125	96	0.933210
0	125	239	0.840589
0	125	116	0.786182
0	125	221	0.680708
0	125	99	0.671138
0	125	245	0.656475
0	125	197	0.647360
0	125	51	0.640227
0	125	229	0.620673
0	125	232	0.555600
0	125	243	0.342946
0	125	201	0.335237
0	125	18	0.066833
0	125	228	-0.084533
0	125	242	-0.112851
0	125	225	-0.114316
0	125	231	-0.233634
0	125	122	-0.302443
0	125	237	-0.325732
0	125	241	-0.508777
0	125	238	-0.520020
0	125	187	-0.551725
0	125	199	-0.845155
0	125	8	-0.853487
0	125	208	-1.540005
0	125	191	-1.719814
0	125	198	-2.216937
0	125	217	-2.817876
0	125	16	-3.318394
0	125	247	-3.739720
0	126	226	2.429720
0	126	222	2.251172
0	126	240	2.080599
0	126	236	1.976314
0	126	116	1.784095
0	126	221	1.719787
0	126	239	1.676829
0	126	245	1.667370
0	126	246	1.585020
0	126	196	1.584411
0	126	188	1.581930
0	126	11	1.547221
0	126	3	1.409135
0	126	233	1.387281
0	126	244	1.380876
0	126	229	1.369231
0	126	14	1.357724
0	126	230	1.231815
0	126	243	1.203521
0	126	238	1.166945
0	126	227	1.125685
0	126	51	1.121782
0	126	96	1.103959
0	126	99	1.096170
0	126	190	1.092317
0	126	224	1.041048
0	126	210	1.003105
0	126	223	0.918647
0	126	18	0.890837
0	126	235	0.808299
0	126	207	0.782261
0	126	232	0.738680
0	126	242	0.727925
0	126	237	0.575702
0	126	201	0.537599
0	126	231	0.269507
0	126	241	0.195089
0	126	225	0.191546
0	126	122	-0.163244
0	126	234	-0.179922
0	126	187	-0.631906
0	126	199	-0.641046
0	126	228	-0.724313
0	126	191	-0.827179
0	126	197	-0.865713
0	126	8	-0.896317
0	126	198	-1.908394
0	126	208	-2.109444
0	126	217	-2.368026
0	126	16	-3.189583
0	126	247	-3.772113
0	127	230	2.146871
0	127	3	2.072845
0	127	188	1.893388
0	127	240	1.641182
0	127	232	1.308310
0	127	207	1.305584
0	127	99	1.240600
0	127	51	1.226547
0	127	197	1.202227
0	127	116	1.106251
0	127	229	1.104230
0	127	238	1.042393
0	127	222	0.999026
0	127	14	0.988938
0	127	226	0.948478
0	127	190	0.933648
0	127	224	0.817606
0	127	210	0.762555
0	127	221	0.743060
0	127	122	0.699660
0	127	233	0.687438
0	127	245	0.660728
0	127	225	0.552667
0	127	241	0.506234
0	127	231	0.478936
0	127	236	0.466039
0	127	244	0.288642
0	127	242	0.250883
0	127	234	0.244600
0	127	239	0.050702
0	127	237	-0.134869
0	127	196	-0.367978
0	127	227	-0.371586
0	127	243	-0.372541
0	127	228	-0.377961
0	127	18	-0.662264
0	127	96	-0.824835
0	127	208	-0.830995
0	127	223	-0.956405
0	127	11	-0.964476
0	127	246	-1.017156
0	127	8	-1.213630
0	127	201	-1.248339
0	127	191	-1.737236
0	127	199	-1.767100
0	127	235	-1.861219
0	127	187	-1.937974
0	127	16	-2.276761
0	127	217	-2.889813
0	127	198	-3.200300
0	127	247	-3.276642
0	144	200	2.519087
0	144	3	2.330818
0	144	257	1.597886
0	144	251	1.583654
0	144	252	1.579498
0	144	14	1.518114
0	144	254	1.376897
0	144	113	1.363592
0	144	248	1.266235
0	144	253	1.136487
0	144	258	0.780252
0	144	201	0.124227
0	144	8	0.111387
0	144	110	-0.030776
0	144	191	-0.169235
0	144	249	-0.282509
0	144	199	-0.350836
0	144	18	-0.460748
0	144	63	-0.760452
0	144	11	-0.968016
0	144	208	-1.006729
0	144	187	-1.196419
0	144	256	-1.873298
0	144	250	-1.934217
0	144	109	-2.079780
0	144	16	-3.160466
0	144	255	-3.579116
0	144	17	-3.584984
0	144	13	-3.855372
0	145	257	2.626217
0	145	11	2.339701
0	145	251	2.306025
0	145	3	1.897352
0	145	253	1.752504
0	145	18	1.708506
0	145	200	1.687790
0	145	252	1.666460
0	145	258	1.592378
0	145	14	1.477116
0	145	113	1.122938
0	145	254	1.035653
0	145	199	0.631904
0	145	187	0.570680
0	145	249	0.409922
0	145	201	0.293230
0	145	8	0.228698
0	145	191	0.189520
0	145	110	0.153834
0	145	256	-0.313580
0	145	63	-0.560348
0	145	109	-1.236227
0	145	208	-1.740007
0	145	248	-1.879422
0	145	250	-2.057746
0	145	255	-2.478678
0	145	16	-3.122306
0	145	17	-3.274224
0	145	13	-3.749058
0	146	257	2.306828
0	146	3	1.591447
0	146	251	1.386871
0	146	201	1.299024
0	146	249	0.995791
0	146	253	0.642329
0	146	14	0.571185
0	146	258	0.567317
0	146	11	0.554520
0	146	254	0.480858
0	146	8	0.360817
0	146	199	0.329939
0	146	200	0.199671
0	146	252	0.190217
0	146	113	0.176691
0	146	248	0.148663
0	146	63	0.127275
0	146	18	0.032777
0	146	256	-0.466702
0	146	187	-0.690533
0	146	191	-0.777703
0	146	110	-1.007005
0	146	250	-1.188474
0	146	208	-1.800354
0	146	109	-2.641158
0	146	255	-2.901889
0	146	16	-3.387189
0	146	17	-3.578199
0	146	13	-3.922527
0	147	257	2.975882
0	147	3	2.058210
0	147	200	1.914266
0	147	14	1.719270
0	147	251	1.681461
0	147	252	1.570079
0	147	11	1.559765
0	147	258	1.432564
0	147	63	1.264581
0	147	8	1.229051
0	147	201	1.093179
0	147	113	1.087401
0	147	253	0.986642
0	147	254	0.854144
0	147	199	0.780202
0	147	18	0.756307
0	147	248	0.504873
0	147	191	0.237030
0	147	249	0.191043
0	147	256	-0.193714
0	147	110	-1.342148
0	147	187	-1.679393
0	147	208	-1.681839
0	147	250	-1.868520
0	147	109	-2.630295
0	147	255	-3.147176
0	147	16	-3.371959
0	147	17	-3.450528
0	147	13	-4.007923
0	148	257	1.999495
0	148	113	1.297004
0	148	3	1.277878
0	148	200	0.924265
0	148	258	0.439587
0	148	252	0.394807
0	148	254	0.380113
0	148	251	0.222890
0	148	63	-0.015435
0	148	253	-0.134466
0	148	201	-0.198551
0	148	14	-0.331727
0	148	199	-0.353007
0	148	248	-0.451076
0	148	18	-0.696754
0	148	191	-0.784506
0	148	249	-0.995026
0	148	8	-1.060967
0	148	208	-1.566806
0	148	11	-1.588196
0	148	256	-1.857980
0	148	110	-2.005677
0	148	187	-2.090552
0	148	250	-2.252884
0	148	109	-2.832366
0	148	16	-3.352586
0	148	255	-3.605696
0	148	17	-3.616655
0	148	13	-3.807728
0	150	257	2.877286
0	150	251	2.154358
0	150	200	1.864680
0	150	14	1.828386
0	150	8	1.606876
0	150	18	1.573958
0	150	252	1.457185
0	150	253	1.376906
0	150	258	1.274781
0	150	201	1.247493
0	150	3	1.053047
0	150	11	0.928209
0	150	249	0.895061
0	150	199	0.727923
0	150	254	0.365071
0	150	113	-0.112835
0	150	63	-0.265528
0	150	256	-0.365467
0	150	248	-0.577108
0	150	208	-0.871369
0	150	250	-1.016538
0	150	110	-1.043661
0	150	187	-1.514651
0	150	191	-1.562713
0	150	16	-2.735553
0	150	109	-2.793036
0	150	255	-3.264548
0	150	17	-3.300344
0	150	13	-3.645982
0	177	116	2.450215
0	177	183	2.426001
0	177	3	2.038951
0	177	244	2.011613
0	177	267	1.815126
0	177	30	1.760456
0	177	264	1.759717
0	177	112	1.595638
0	177	58	1.577050
0	177	61	1.327206
0	177	270	1.318549
0	177	14	1.314126
0	177	113	1.191166
0	177	119	1.082000
0	177	51	0.953202
0	177	231	0.929500
0	177	280	0.822307
0	177	8	0.784644
0	177	269	0.577440
0	177	63	0.573928
0	177	268	0.447595
0	177	271	0.277252
0	177	11	0.255059
0	177	272	0.142984
0	177	278	0.116943
0	177	115	-0.197689
0	177	263	-0.689219
0	177	18	-0.779072
0	177	277	-1.705016
0	177	266	-1.856993
0	177	265	-2.118190
0	177	109	-2.408152
0	177	255	-2.579844
0	177	17	-3.704562
0	177	16	-3.759454
0	177	13	-3.812160
0	178	116	2.197189
0	178	244	1.604039
0	178	30	1.291135
0	178	264	1.289822
0	178	183	1.238325
0	178	61	1.181503
0	178	270	1.105289
0	178	3	1.102861
0	178	119	1.084219
0	178	58	1.076389
0	178	113	1.037301
0	178	112	0.963663
0	178	231	0.826695
0	178	280	0.723100
0	178	51	0.590970
0	178	14	0.491477
0	178	63	0.486503
0	178	267	0.320317
0	178	11	0.319364
0	178	269	0.064192
0	178	8	0.030791
0	178	268	-0.150350
0	178	271	-0.275008
0	178	18	-0.372521
0	178	278	-0.401464
0	178	263	-0.464364
0	178	115	-0.600849
0	178	272	-0.992679
0	178	266	-1.531553
0	178	265	-1.567784
0	178	109	-2.493345
0	178	277	-2.560408
0	178	255	-2.829705
0	178	17	-3.118680
0	178	16	-3.738126
0	178	13	-3.792083
0	179	116	2.189413
0	179	3	1.486303
0	179	183	1.424625
0	179	112	1.387433
0	179	61	1.235221
0	179	51	1.029683
0	179	63	0.964890
0	179	244	0.875120
0	179	8	0.873948
0	179	30	0.757142
0	179	280	0.585758
0	179	14	0.569121
0	179	263	0.546522
0	179	113	0.527247
0	179	264	0.503281
0	179	267	0.497697
0	179	119	0.476085
0	179	58	0.461232
0	179	270	0.456632
0	179	269	0.397328
0	179	11	0.229865
0	179	271	0.091860
0	179	268	-0.353996
0	179	18	-0.452405
0	179	231	-0.603850
0	179	115	-0.777850
0	179	272	-1.300257
0	179	266	-1.630933
0	179	265	-1.925272
0	179	278	-2.073614
0	179	277	-2.253184
0	179	109	-3.082138
0	179	16	-3.258245
0	179	255	-3.341897
0	179	17	-3.583936
0	179	13	-4.067189
0	180	183	2.365646
0	180	116	2.091818
0	180	264	2.068115
0	180	263	1.596588
0	180	269	1.570425
0	180	270	1.569248
0	180	30	1.567683
0	180	3	1.513521
0	180	244	1.466627
0	180	11	1.413421
0	180	268	1.264815
0	180	112	1.255056
0	180	119	1.143443
0	180	14	1.000386
0	180	280	0.937183
0	180	115	0.914996
0	180	231	0.898444
0	180	277	0.807627
0	180	8	0.748377
0	180	271	0.722430
0	180	267	0.288602
0	180	18	0.266383
0	180	272	0.218090
0	180	61	-0.016444
0	180	51	-0.069471
0	180	58	-0.095569
0	180	113	-0.466789
0	180	63	-0.661002
0	180	109	-0.831210
0	180	266	-0.922405
0	180	278	-0.946277
0	180	265	-1.232917
0	180	255	-1.745920
0	180	17	-3.466951
0	180	16	-3.521682
0	180	13	-3.837094
0	181	116	2.523099
0	181	183	2.331239
0	181	3	1.618613
0	181	264	1.185809
0	181	112	1.010935
0	181	244	0.972312
0	181	61	0.947934
0	181	113	0.883127
0	181	58	0.823651
0	181	51	0.433227
0	181	269	0.251496
0	181	30	0.219420
0	181	119	0.215059
0	181	14	0.169003
0	181	280	0.050749
0	181	63	-0.485176
0	181	270	-0.572336
0	181	267	-0.593861
0	181	271	-0.610644
0	181	18	-0.663900
0	181	263	-0.707080
0	181	8	-0.962708
0	181	268	-1.079531
0	181	231	-1.159076
0	181	11	-1.186922
0	181	115	-1.657509
0	181	272	-1.790795
0	181	278	-2.129989
0	181	265	-2.716499
0	181	109	-2.772248
0	181	266	-2.857181
0	181	277	-3.004978
0	181	255	-3.407111
0	181	17	-3.471284
0	181	16	-3.479160
0	181	13	-3.986882
0	182	116	2.333772
0	182	112	2.283876
0	182	183	2.251375
0	182	3	1.897060
0	182	267	1.591941
0	182	51	1.464792
0	182	58	1.457600
0	182	14	1.430735
0	182	244	1.392945
0	182	113	1.392038
0	182	61	1.274346
0	182	18	1.071457
0	182	269	0.941967
0	182	264	0.932409
0	182	268	0.917360
0	182	280	0.886463
0	182	30	0.809430
0	182	270	0.789189
0	182	119	0.480584
0	182	115	0.465134
0	182	63	0.240439
0	182	231	-0.077378
0	182	11	-0.245627
0	182	271	-0.421251
0	182	263	-0.519304
0	182	265	-0.785501
0	182	272	-0.860160
0	182	278	-1.067032
0	182	8	-1.128869
0	182	109	-1.425188
0	182	277	-1.466903
0	182	266	-1.975088
0	182	16	-2.596058
0	182	17	-2.824577
0	182	13	-3.366485
0	182	255	-3.473431
0	183	113	2.805784
0	183	276	2.716768
0	183	116	2.626151
0	183	291	2.526338
0	183	267	2.441048
0	183	183	2.359473
0	183	282	2.281987
0	183	275	2.177440
0	183	58	2.066857
0	183	264	2.051035
0	183	3	1.954845
0	183	273	1.919734
0	183	283	1.667658
0	183	244	1.664331
0	183	14	1.608648
0	183	112	1.559431
0	183	287	1.548757
0	183	289	1.442459
0	183	30	1.427535
0	183	231	1.256836
0	183	280	1.255439
0	183	288	1.233741
0	183	285	1.184346
0	183	279	1.093628
0	183	292	0.946339
0	183	271	0.881950
0	183	51	0.851048
0	183	119	0.791735
0	183	270	0.767633
0	183	61	0.740328
0	183	18	0.541384
0	183	294	0.487155
0	183	268	0.204682
0	183	281	0.126058
0	183	286	0.115907
0	183	290	0.032789
0	183	295	0.030460
0	183	63	-0.019803
0	183	274	-0.091338
0	183	293	-0.100694
0	183	278	-0.197662
0	183	263	-1.004585
0	183	115	-1.086801
0	183	284	-1.130197
0	183	272	-1.297001
0	184	116	2.525274
0	184	244	2.358242
0	184	183	2.309853
0	184	112	1.958785
0	184	11	1.885516
0	184	30	1.845084
0	184	119	1.753114
0	184	264	1.711426
0	184	3	1.682912
0	184	61	1.344818
0	184	270	1.330068
0	184	268	1.304415
0	184	115	1.098735
0	184	277	0.826080
0	184	14	0.817803
0	184	51	0.729142
0	184	280	0.627999
0	184	231	0.572833
0	184	63	0.399536
0	184	58	0.355380
0	184	271	0.338311
0	184	18	0.317400
0	184	263	-0.002651
0	184	267	-0.214721
0	184	113	-0.328294
0	184	269	-0.374171
0	184	272	-0.502993
0	184	278	-0.592550
0	184	266	-0.771966
0	184	255	-0.820592
0	184	8	-0.963022
0	184	265	-1.134800
0	184	109	-2.171894
0	184	17	-3.454275
0	184	16	-3.641423
0	184	13	-3.657919
0	185	183	2.662098
0	185	116	2.437856
0	185	30	2.339354
0	185	270	2.161779
0	185	244	2.073242
0	185	3	1.831632
0	185	264	1.774560
0	185	269	1.742842
0	185	280	1.662568
0	185	11	1.653975
0	185	18	1.550412
0	185	112	1.325290
0	185	61	1.314031
0	185	14	1.134783
0	185	231	1.040479
0	185	113	0.887070
0	185	51	0.775713
0	185	58	0.596061
0	185	119	0.497935
0	185	8	0.482404
0	185	272	0.474750
0	185	271	0.432717
0	185	267	0.121296
0	185	63	-0.071639
0	185	115	-0.149130
0	185	268	-0.242826
0	185	263	-0.592149
0	185	278	-0.722357
0	185	109	-1.384027
0	185	265	-1.690195
0	185	277	-2.162554
0	185	266	-2.382512
0	185	255	-2.915677
0	185	16	-3.402083
0	185	17	-3.595912
0	185	13	-3.863197
0	186	183	3.082888
0	186	116	2.998291
0	186	244	2.572967
0	186	269	2.501794
0	186	3	2.467057
0	186	112	2.307567
0	186	30	2.143268
0	186	61	1.981550
0	186	264	1.935108
0	186	113	1.779440
0	186	267	1.750379
0	186	18	1.582440
0	186	51	1.428234
0	186	263	1.290003
0	186	271	1.278095
0	186	270	1.196520
0	186	14	1.158161
0	186	280	0.695639
0	186	268	0.535415
0	186	119	0.520227
0	186	11	0.181410
0	186	58	-0.037441
0	186	8	-0.278534
0	186	63	-0.443690
0	186	231	-0.547531
0	186	115	-0.761503
0	186	272	-1.956041
0	186	278	-2.067563
0	186	265	-2.300841
0	186	277	-2.498042
0	186	266	-2.706941
0	186	255	-2.973724
0	186	16	-3.133237
0	186	109	-3.204122
0	186	17	-3.464825
0	186	13	-3.813605
